[2023-03-10 22:08:01.015] [info] Old version storage/motion file encountered
[2023-03-10 22:08:01.016] [info] Storage: read data file = ..\..\ik\Run_5.mot (nr=539 nc=161)
[2023-03-10 22:08:01.016] [info] .. assuming rotations in Degrees..
[2023-03-10 22:08:01.088] [info] Old version storage/motion file encountered
[2023-03-10 22:08:01.088] [info] Storage: read data file = ..\..\ik\Run_5.mot (nr=539 nc=161)
[2023-03-10 22:08:01.088] [info] .. assuming rotations in Degrees..
[2023-03-10 22:08:01.204] [info] Loaded model subject04_scaled from file ..\..\model\subject04_adjusted_scaled.osim
[2023-03-10 22:08:01.435] [info] Loaded model subject04_scaled from file ..\..\model\subject04_adjusted_scaled.osim
[2023-03-10 22:08:01.502] [warning] ExternalLoads 'externalloads' has subcomponents with duplicate name 'externalforce'. The duplicate is being renamed to 'externalforce_0'.
[2023-03-10 22:08:01.640] [info] ExternalForce::externalforce Data source being set to Run_500 04_newCOP3_v24.mot
[2023-03-10 22:08:01.640] [info] ExternalForce::externalforce_0 Data source being set to Run_500 04_newCOP3_v24.mot
[2023-03-10 22:08:01.842] [info] ExternalForce::externalforce Data source being set to Run_500 04_newCOP3_v24.mot
[2023-03-10 22:08:01.842] [info] ExternalForce::externalforce_0 Data source being set to Run_500 04_newCOP3_v24.mot
[2023-03-10 22:08:01.947] [info] ExternalForce::externalforce Data source being set to Run_500 04_newCOP3_v24.mot
[2023-03-10 22:08:01.947] [info] ExternalForce::externalforce_0 Data source being set to Run_500 04_newCOP3_v24.mot
[2023-03-10 22:08:02.146] [info] ExternalForce::externalforce Data source being set to Run_500 04_newCOP3_v24.mot
[2023-03-10 22:08:02.146] [info] ExternalForce::externalforce_0 Data source being set to Run_500 04_newCOP3_v24.mot
[2023-12-06 00:01:57.973] [info] Old version storage/motion file encountered
[2023-12-06 00:01:57.974] [info] Storage: read data file = ..\..\ik\Run_5.mot (nr=539 nc=161)
[2023-12-06 00:01:57.974] [info] .. assuming rotations in Degrees..
[2023-12-06 00:01:58.040] [info] Old version storage/motion file encountered
[2023-12-06 00:01:58.040] [info] Storage: read data file = ..\..\ik\Run_5.mot (nr=539 nc=161)
[2023-12-06 00:01:58.040] [info] .. assuming rotations in Degrees..
[2023-12-06 00:01:58.240] [info] Loaded model subject04_scaled from file ..\..\model\subject04_adjusted_scaled.osim
[2023-12-06 00:01:59.524] [info] Loaded model subject04_scaled from file ..\..\model\subject04_adjusted_scaled.osim
[2023-12-06 00:01:59.575] [warning] ExternalLoads 'externalloads' has subcomponents with duplicate name 'externalforce'. The duplicate is being renamed to 'externalforce_0'.
[2023-12-06 00:01:59.665] [info] ExternalForce::externalforce Data source being set to Run_500 04_newCOP3_v24.mot
[2023-12-06 00:01:59.665] [info] ExternalForce::externalforce_0 Data source being set to Run_500 04_newCOP3_v24.mot
[2023-12-06 00:01:59.781] [info] ExternalForce::externalforce Data source being set to Run_500 04_newCOP3_v24.mot
[2023-12-06 00:01:59.781] [info] ExternalForce::externalforce_0 Data source being set to Run_500 04_newCOP3_v24.mot
[2023-12-06 00:01:59.880] [info] ExternalForce::externalforce Data source being set to Run_500 04_newCOP3_v24.mot
[2023-12-06 00:01:59.880] [info] ExternalForce::externalforce_0 Data source being set to Run_500 04_newCOP3_v24.mot
[2023-12-06 00:02:00.000] [info] ExternalForce::externalforce Data source being set to Run_500 04_newCOP3_v24.mot
[2023-12-06 00:02:00.000] [info] ExternalForce::externalforce_0 Data source being set to Run_500 04_newCOP3_v24.mot
