[2023-03-10 22:45:53.165] [info] ExternalForce::externalforce Data source being set to Run_500 04_newCOP3_v24.mot
[2023-03-10 22:45:53.165] [info] ExternalForce::externalforce_0 Data source being set to Run_500 04_newCOP3_v24.mot
[2023-03-10 22:45:53.595] [info] ExternalForce::externalforce Data source being set to Run_500 04_newCOP3_v24.mot
[2023-03-10 22:45:53.595] [info] ExternalForce::externalforce_0 Data source being set to Run_500 04_newCOP3_v24.mot
[2023-03-10 22:45:54.021] [info] ExternalForce::externalforce Data source being set to Run_500 04_newCOP3_v24.mot
[2023-03-10 22:45:54.021] [info] ExternalForce::externalforce_0 Data source being set to Run_500 04_newCOP3_v24.mot
[2023-03-10 22:45:54.318] [info] ExternalForce::externalforce Data source being set to Run_500 04_newCOP3_v24.mot
[2023-03-10 22:45:54.318] [info] ExternalForce::externalforce_0 Data source being set to Run_500 04_newCOP3_v24.mot
[2023-03-10 22:45:54.579] [info] ExternalForce::externalforce Data source being set to Run_500 04_newCOP3_v24.mot
[2023-03-10 22:45:54.579] [info] ExternalForce::externalforce_0 Data source being set to Run_500 04_newCOP3_v24.mot
[2023-03-10 22:45:54.832] [info] ExternalForce::externalforce Data source being set to Run_500 04_newCOP3_v24.mot
[2023-03-10 22:45:54.832] [info] ExternalForce::externalforce_0 Data source being set to Run_500 04_newCOP3_v24.mot
[2023-03-10 22:45:55.085] [info] ExternalForce::externalforce Data source being set to Run_500 04_newCOP3_v24.mot
[2023-03-10 22:45:55.085] [info] ExternalForce::externalforce_0 Data source being set to Run_500 04_newCOP3_v24.mot
[2023-03-10 22:45:55.333] [info] ExternalForce::externalforce Data source being set to Run_500 04_newCOP3_v24.mot
[2023-03-10 22:45:55.333] [info] ExternalForce::externalforce_0 Data source being set to Run_500 04_newCOP3_v24.mot
[2023-03-10 22:45:55.605] [info] ExternalForce::externalforce Data source being set to Run_500 04_newCOP3_v24.mot
[2023-03-10 22:45:55.605] [info] ExternalForce::externalforce_0 Data source being set to Run_500 04_newCOP3_v24.mot
[2023-03-10 22:45:55.827] [info] ExternalForce::externalforce Data source being set to Run_500 04_newCOP3_v24.mot
[2023-03-10 22:45:55.827] [info] ExternalForce::externalforce_0 Data source being set to Run_500 04_newCOP3_v24.mot
[2023-03-10 22:45:56.084] [info] ExternalForce::externalforce Data source being set to Run_500 04_newCOP3_v24.mot
[2023-03-10 22:45:56.084] [info] ExternalForce::externalforce_0 Data source being set to Run_500 04_newCOP3_v24.mot
[2023-03-10 22:45:56.320] [info] ExternalForce::externalforce Data source being set to Run_500 04_newCOP3_v24.mot
[2023-03-10 22:45:56.320] [info] ExternalForce::externalforce_0 Data source being set to Run_500 04_newCOP3_v24.mot
[2023-03-10 22:45:56.562] [info] ExternalForce::externalforce Data source being set to Run_500 04_newCOP3_v24.mot
[2023-03-10 22:45:56.562] [info] ExternalForce::externalforce_0 Data source being set to Run_500 04_newCOP3_v24.mot
[2023-03-10 22:45:56.774] [info] ExternalForce::externalforce Data source being set to Run_500 04_newCOP3_v24.mot
[2023-03-10 22:45:56.774] [info] ExternalForce::externalforce_0 Data source being set to Run_500 04_newCOP3_v24.mot
[2023-03-10 22:45:56.958] [info] ExternalForce::externalforce Data source being set to Run_500 04_newCOP3_v24.mot
[2023-03-10 22:45:56.958] [info] ExternalForce::externalforce_0 Data source being set to Run_500 04_newCOP3_v24.mot
[2023-03-10 22:45:57.146] [info] ExternalForce::externalforce Data source being set to Run_500 04_newCOP3_v24.mot
[2023-03-10 22:45:57.146] [info] ExternalForce::externalforce_0 Data source being set to Run_500 04_newCOP3_v24.mot
[2023-03-10 22:45:57.368] [info] ExternalForce::externalforce Data source being set to Run_500 04_newCOP3_v24.mot
[2023-03-10 22:45:57.369] [info] ExternalForce::externalforce_0 Data source being set to Run_500 04_newCOP3_v24.mot
[2023-03-10 22:45:57.607] [info] ExternalForce::externalforce Data source being set to Run_500 04_newCOP3_v24.mot
[2023-03-10 22:45:57.607] [info] ExternalForce::externalforce_0 Data source being set to Run_500 04_newCOP3_v24.mot
[2023-03-10 22:45:57.823] [info] ExternalForce::externalforce Data source being set to Run_500 04_newCOP3_v24.mot
[2023-03-10 22:45:57.823] [info] ExternalForce::externalforce_0 Data source being set to Run_500 04_newCOP3_v24.mot
[2023-03-10 22:45:58.054] [info] ExternalForce::externalforce Data source being set to Run_500 04_newCOP3_v24.mot
[2023-03-10 22:45:58.054] [info] ExternalForce::externalforce_0 Data source being set to Run_500 04_newCOP3_v24.mot
[2023-03-10 22:45:58.236] [info] ExternalForce::externalforce Data source being set to Run_500 04_newCOP3_v24.mot
[2023-03-10 22:45:58.236] [info] ExternalForce::externalforce_0 Data source being set to Run_500 04_newCOP3_v24.mot
[2023-03-10 22:45:58.451] [info] ExternalForce::externalforce Data source being set to Run_500 04_newCOP3_v24.mot
[2023-03-10 22:45:58.451] [info] ExternalForce::externalforce_0 Data source being set to Run_500 04_newCOP3_v24.mot
[2023-03-10 22:45:59.129] [info] ExternalForce::externalforce Data source being set to Run_500 04_newCOP3_v24.mot
[2023-03-10 22:45:59.129] [info] ExternalForce::externalforce_0 Data source being set to Run_500 04_newCOP3_v24.mot
[2023-03-10 22:45:59.329] [info] ExternalForce::externalforce Data source being set to Run_500 04_newCOP3_v24.mot
[2023-03-10 22:45:59.329] [info] ExternalForce::externalforce_0 Data source being set to Run_500 04_newCOP3_v24.mot
[2023-03-10 22:45:59.511] [info] ExternalForce::externalforce Data source being set to Run_500 04_newCOP3_v24.mot
[2023-03-10 22:45:59.511] [info] ExternalForce::externalforce_0 Data source being set to Run_500 04_newCOP3_v24.mot
[2023-03-10 22:45:59.716] [info] ExternalForce::externalforce Data source being set to Run_500 04_newCOP3_v24.mot
[2023-03-10 22:45:59.716] [info] ExternalForce::externalforce_0 Data source being set to Run_500 04_newCOP3_v24.mot
[2023-03-10 22:45:59.962] [info] ExternalForce::externalforce Data source being set to Run_500 04_newCOP3_v24.mot
[2023-03-10 22:45:59.962] [info] ExternalForce::externalforce_0 Data source being set to Run_500 04_newCOP3_v24.mot
[2023-03-10 22:46:00.177] [info] ExternalForce::externalforce Data source being set to Run_500 04_newCOP3_v24.mot
[2023-03-10 22:46:00.177] [info] ExternalForce::externalforce_0 Data source being set to Run_500 04_newCOP3_v24.mot
[2023-03-10 22:46:00.377] [info] ExternalForce::externalforce Data source being set to Run_500 04_newCOP3_v24.mot
[2023-03-10 22:46:00.377] [info] ExternalForce::externalforce_0 Data source being set to Run_500 04_newCOP3_v24.mot
[2023-03-10 22:46:00.549] [info] ExternalForce::externalforce Data source being set to Run_500 04_newCOP3_v24.mot
[2023-03-10 22:46:00.549] [info] ExternalForce::externalforce_0 Data source being set to Run_500 04_newCOP3_v24.mot
[2023-03-10 22:46:00.587] [info] ========================================================================
[2023-03-10 22:46:00.587] [info] MocoCasADiSolver starting.
[2023-03-10 22:46:00.587] [info] Fri Mar 10 22:46:00 2023
[2023-03-10 22:46:00.587] [info] ------------------------------------------------------------------------
[2023-03-10 22:46:00.587] [cout] [info] Costs: (total: 2)
[2023-03-10 22:46:00.587] [cout] [info]   state_tracking. MocoStateTrackingGoal, enabled: true, mode: cost, weight: 1.0
[2023-03-10 22:46:00.587] [cout] [info]         state: /jointset/ground_pelvis/pelvis_tilt/value, weight: 750.0
[2023-03-10 22:46:00.587] [cout] [info]         state: /jointset/ground_pelvis/pelvis_list/value, weight: 250.0
[2023-03-10 22:46:00.587] [cout] [info]         state: /jointset/ground_pelvis/pelvis_rotation/value, weight: 50.0
[2023-03-10 22:46:00.587] [cout] [info]         state: /jointset/ground_pelvis/pelvis_tx/value, weight: 25.0
[2023-03-10 22:46:00.587] [cout] [info]         state: /jointset/ground_pelvis/pelvis_ty/value, weight: 100.0
[2023-03-10 22:46:00.587] [cout] [info]         state: /jointset/ground_pelvis/pelvis_tz/value, weight: 25.0
[2023-03-10 22:46:00.587] [cout] [info]         state: /jointset/hip_r/hip_flexion_r/value, weight: 75.0
[2023-03-10 22:46:00.588] [cout] [info]         state: /jointset/hip_r/hip_adduction_r/value, weight: 50.0
[2023-03-10 22:46:00.588] [cout] [info]         state: /jointset/hip_r/hip_rotation_r/value, weight: 10.0
[2023-03-10 22:46:00.588] [cout] [info]         state: /jointset/knee_r/knee_angle_r/value, weight: 10.0
[2023-03-10 22:46:00.588] [cout] [info]         state: /jointset/ankle_r/ankle_angle_r/value, weight: 10.0
[2023-03-10 22:46:00.588] [cout] [info]         state: /jointset/hip_l/hip_flexion_l/value, weight: 75.0
[2023-03-10 22:46:00.588] [cout] [info]         state: /jointset/hip_l/hip_adduction_l/value, weight: 50.0
[2023-03-10 22:46:00.588] [cout] [info]         state: /jointset/hip_l/hip_rotation_l/value, weight: 10.0
[2023-03-10 22:46:00.588] [cout] [info]         state: /jointset/knee_l/knee_angle_l/value, weight: 10.0
[2023-03-10 22:46:00.588] [cout] [info]         state: /jointset/ankle_l/ankle_angle_l/value, weight: 10.0
[2023-03-10 22:46:00.588] [cout] [info]         state: /jointset/back/lumbar_extension/value, weight: 75.0
[2023-03-10 22:46:00.588] [cout] [info]         state: /jointset/back/lumbar_bending/value, weight: 50.0
[2023-03-10 22:46:00.588] [cout] [info]         state: /jointset/back/lumbar_rotation/value, weight: 25.0
[2023-03-10 22:46:00.588] [cout] [info]         state: /jointset/acromial_r/arm_flex_r/value, weight: 1.0
[2023-03-10 22:46:00.588] [cout] [info]         state: /jointset/acromial_r/arm_add_r/value, weight: 1.0
[2023-03-10 22:46:00.588] [cout] [info]         state: /jointset/acromial_r/arm_rot_r/value, weight: 1.0
[2023-03-10 22:46:00.588] [cout] [info]         state: /jointset/elbow_r/elbow_flex_r/value, weight: 1.0
[2023-03-10 22:46:00.588] [cout] [info]         state: /jointset/radioulnar_r/pro_sup_r/value, weight: 1.0
[2023-03-10 22:46:00.588] [cout] [info]         state: /jointset/acromial_l/arm_flex_l/value, weight: 1.0
[2023-03-10 22:46:00.588] [cout] [info]         state: /jointset/acromial_l/arm_add_l/value, weight: 1.0
[2023-03-10 22:46:00.588] [cout] [info]         state: /jointset/acromial_l/arm_rot_l/value, weight: 1.0
[2023-03-10 22:46:00.588] [cout] [info]         state: /jointset/elbow_l/elbow_flex_l/value, weight: 1.0
[2023-03-10 22:46:00.588] [cout] [info]         state: /jointset/radioulnar_l/pro_sup_l/value, weight: 1.0
[2023-03-10 22:46:00.588] [cout] [info]         state: /jointset/subtalar_r/subtalar_angle_r/value, weight: 0.0
[2023-03-10 22:46:00.588] [cout] [info]         state: /jointset/mtp_r/mtp_angle_r/value, weight: 0.0
[2023-03-10 22:46:00.588] [cout] [info]         state: /jointset/subtalar_l/subtalar_angle_l/value, weight: 0.0
[2023-03-10 22:46:00.588] [cout] [info]         state: /jointset/mtp_l/mtp_angle_l/value, weight: 0.0
[2023-03-10 22:46:00.588] [cout] [info]         state: /jointset/radius_hand_r/wrist_flex_r/value, weight: 0.0
[2023-03-10 22:46:00.588] [cout] [info]         state: /jointset/radius_hand_r/wrist_dev_r/value, weight: 0.0
[2023-03-10 22:46:00.588] [cout] [info]         state: /jointset/radius_hand_l/wrist_flex_l/value, weight: 0.0
[2023-03-10 22:46:00.588] [cout] [info]         state: /jointset/radius_hand_l/wrist_dev_l/value, weight: 0.0
[2023-03-10 22:46:00.588] [cout] [info]   control_effort. MocoControlGoal, enabled: true, mode: cost, weight: 0.00100000
[2023-03-10 22:46:00.588] [cout] [info]         control: /forceset/pelvis_tx_actuator, weight: 1.0
[2023-03-10 22:46:00.588] [cout] [info]         control: /forceset/pelvis_ty_actuator, weight: 1.0
[2023-03-10 22:46:00.588] [cout] [info]         control: /forceset/pelvis_tz_actuator, weight: 1.0
[2023-03-10 22:46:00.588] [cout] [info]         control: /forceset/pelvis_tilt_actuator, weight: 1.0
[2023-03-10 22:46:00.589] [cout] [info]         control: /forceset/pelvis_list_actuator, weight: 1.0
[2023-03-10 22:46:00.589] [cout] [info]         control: /forceset/pelvis_rotation_actuator, weight: 1.0
[2023-03-10 22:46:00.589] [cout] [info]         control: /forceset/hip_flexion_r_actuator, weight: 1.0
[2023-03-10 22:46:00.589] [cout] [info]         control: /forceset/hip_adduction_r_actuator, weight: 1.0
[2023-03-10 22:46:00.589] [cout] [info]         control: /forceset/hip_rotation_r_actuator, weight: 1.0
[2023-03-10 22:46:00.589] [cout] [info]         control: /forceset/knee_angle_r_actuator, weight: 1.0
[2023-03-10 22:46:00.589] [cout] [info]         control: /forceset/ankle_angle_r_actuator, weight: 1.0
[2023-03-10 22:46:00.589] [cout] [info]         control: /forceset/hip_flexion_l_actuator, weight: 1.0
[2023-03-10 22:46:00.589] [cout] [info]         control: /forceset/hip_adduction_l_actuator, weight: 1.0
[2023-03-10 22:46:00.589] [cout] [info]         control: /forceset/hip_rotation_l_actuator, weight: 1.0
[2023-03-10 22:46:00.589] [cout] [info]         control: /forceset/knee_angle_l_actuator, weight: 1.0
[2023-03-10 22:46:00.589] [cout] [info]         control: /forceset/ankle_angle_l_actuator, weight: 1.0
[2023-03-10 22:46:00.589] [cout] [info]         control: /forceset/lumbar_extension_actuator, weight: 1.0
[2023-03-10 22:46:00.589] [cout] [info]         control: /forceset/lumbar_bending_actuator, weight: 1.0
[2023-03-10 22:46:00.589] [cout] [info]         control: /forceset/lumbar_rotation_actuator, weight: 1.0
[2023-03-10 22:46:00.589] [cout] [info]         control: /forceset/arm_flex_r_actuator, weight: 1.0
[2023-03-10 22:46:00.589] [cout] [info]         control: /forceset/arm_add_r_actuator, weight: 1.0
[2023-03-10 22:46:00.589] [cout] [info]         control: /forceset/arm_rot_r_actuator, weight: 1.0
[2023-03-10 22:46:00.589] [cout] [info]         control: /forceset/elbow_flex_r_actuator, weight: 1.0
[2023-03-10 22:46:00.589] [cout] [info]         control: /forceset/pro_sup_r_actuator, weight: 1.0
[2023-03-10 22:46:00.589] [cout] [info]         control: /forceset/arm_flex_l_actuator, weight: 1.0
[2023-03-10 22:46:00.589] [cout] [info]         control: /forceset/arm_add_l_actuator, weight: 1.0
[2023-03-10 22:46:00.589] [cout] [info]         control: /forceset/arm_rot_l_actuator, weight: 1.0
[2023-03-10 22:46:00.589] [cout] [info]         control: /forceset/elbow_flex_l_actuator, weight: 1.0
[2023-03-10 22:46:00.589] [cout] [info]         control: /forceset/pro_sup_l_actuator, weight: 1.0
[2023-03-10 22:46:00.589] [cout] [info] Endpoint constraints: none
[2023-03-10 22:46:00.589] [cout] [info] Kinematic constraints: (total: 8)
[2023-03-10 22:46:00.589] [cout] [info]   kinematic_constraint_cid27. MocoConstraintInfo. number of scalar equations: 3. bounds: 0, 0, 0
[2023-03-10 22:46:00.589] [cout] [info]   kinematic_constraint_cid28. MocoConstraintInfo. number of scalar equations: 3. bounds: 0, 0, 0
[2023-03-10 22:46:00.589] [cout] [info]   kinematic_constraint_cid31. MocoConstraintInfo. number of scalar equations: 3. bounds: 0, 0, 0
[2023-03-10 22:46:00.589] [cout] [info]   kinematic_constraint_cid32. MocoConstraintInfo. number of scalar equations: 3. bounds: 0, 0, 0
[2023-03-10 22:46:00.589] [cout] [info]   kinematic_constraint_cid33. MocoConstraintInfo. number of scalar equations: 3. bounds: 0, 0, 0
[2023-03-10 22:46:00.589] [cout] [info]   kinematic_constraint_cid34. MocoConstraintInfo. number of scalar equations: 3. bounds: 0, 0, 0
[2023-03-10 22:46:00.589] [cout] [info]   kinematic_constraint_cid35. MocoConstraintInfo. number of scalar equations: 3. bounds: 0, 0, 0
[2023-03-10 22:46:00.590] [cout] [info]   kinematic_constraint_cid36. MocoConstraintInfo. number of scalar equations: 3. bounds: 0, 0, 0
[2023-03-10 22:46:00.590] [cout] [info] Path constraints: none
[2023-03-10 22:46:00.590] [cout] [info] States: (total: 74)
[2023-03-10 22:46:00.590] [cout] [info]   /jointset/ground_pelvis/pelvis_tilt/value. bounds: [-0.416282, 0.186644]
[2023-03-10 22:46:00.590] [cout] [info]   /jointset/ground_pelvis/pelvis_list/value. bounds: [-0.368943, 0.315709]
[2023-03-10 22:46:00.590] [cout] [info]   /jointset/radioulnar_r/pro_sup_r/value. bounds: [1.4108, 1.85761]
[2023-03-10 22:46:00.590] [cout] [info]   /jointset/ground_pelvis/pelvis_rotation/value. bounds: [-0.320658, 0.210013]
[2023-03-10 22:46:00.590] [cout] [info]   /jointset/ground_pelvis/pelvis_tx/value. bounds: [0.881607, 1.39768]
[2023-03-10 22:46:00.590] [cout] [info]   /jointset/elbow_r/elbow_flex_r/value. bounds: [1.36221, 2.79253]
[2023-03-10 22:46:00.590] [cout] [info]   /jointset/ground_pelvis/pelvis_ty/value. bounds: [0.820694, 1.0971]
[2023-03-10 22:46:00.590] [cout] [info]   /jointset/radius_hand_l/wrist_flex_l/speed. bounds: [-50, 50]
[2023-03-10 22:46:00.590] [cout] [info]   /jointset/ground_pelvis/pelvis_tz/value. bounds: [-0.648056, -0.201095]
[2023-03-10 22:46:00.590] [cout] [info]   /jointset/hip_r/hip_adduction_r/speed. bounds: [-50, 50]
[2023-03-10 22:46:00.590] [cout] [info]   /jointset/ankle_r/ankle_angle_r/value. bounds: [-0.727354, 0.682097]
[2023-03-10 22:46:00.590] [cout] [info]   /jointset/hip_r/hip_flexion_r/value. bounds: [-0.656584, 1.21665]
[2023-03-10 22:46:00.590] [cout] [info]   /jointset/hip_r/hip_adduction_r/value. bounds: [-0.190042, 0.413633]
[2023-03-10 22:46:00.590] [cout] [info]   /jointset/back/lumbar_rotation/speed. bounds: [-50, 50]
[2023-03-10 22:46:00.590] [cout] [info]   /jointset/hip_r/hip_rotation_r/value. bounds: [-0.232903, 0.363426]
[2023-03-10 22:46:00.590] [cout] [info]   /jointset/mtp_l/mtp_angle_l/speed. bounds: [-50, 50]
[2023-03-10 22:46:00.590] [cout] [info]   /jointset/knee_r/knee_angle_r/value. bounds: [-2.49807, 0.222118]
[2023-03-10 22:46:00.590] [cout] [info]   /jointset/subtalar_r/subtalar_angle_r/value. bounds: [-1.5708, 1.5708]
[2023-03-10 22:46:00.590] [cout] [info]   /jointset/hip_l/hip_flexion_l/value. bounds: [-0.654154, 1.04363]
[2023-03-10 22:46:00.590] [cout] [info]   /jointset/hip_l/hip_adduction_l/value. bounds: [-0.210134, 0.371171]
[2023-03-10 22:46:00.590] [cout] [info]   /jointset/hip_l/hip_rotation_l/value. bounds: [-0.261228, 0.452448]
[2023-03-10 22:46:00.590] [cout] [info]   /jointset/knee_l/knee_angle_l/value. bounds: [-2.37148, 0.264994]
[2023-03-10 22:46:00.590] [cout] [info]   /jointset/knee_r/knee_angle_r/speed. bounds: [-50, 50]
[2023-03-10 22:46:00.590] [cout] [info]   /jointset/ankle_l/ankle_angle_l/value. bounds: [-0.552348, 0.66507]
[2023-03-10 22:46:00.590] [cout] [info]   /jointset/back/lumbar_extension/value. bounds: [-0.564053, 0.15528]
[2023-03-10 22:46:00.590] [cout] [info]   /jointset/back/lumbar_bending/value. bounds: [-0.264627, 0.376048]
[2023-03-10 22:46:00.590] [cout] [info]   /jointset/back/lumbar_rotation/value. bounds: [-0.364722, 0.489145]
[2023-03-10 22:46:00.590] [cout] [info]   /jointset/acromial_r/arm_flex_r/value. bounds: [-1.35476, -0.0511101]
[2023-03-10 22:46:00.591] [cout] [info]   /jointset/acromial_r/arm_add_r/value. bounds: [-0.668113, -0.0583365]
[2023-03-10 22:46:00.591] [cout] [info]   /jointset/acromial_r/arm_rot_r/value. bounds: [-0.554685, 0.182056]
[2023-03-10 22:46:00.591] [cout] [info]   /jointset/acromial_l/arm_flex_l/value. bounds: [-1.41238, 0.0586855]
[2023-03-10 22:46:00.591] [cout] [info]   /jointset/acromial_l/arm_add_l/value. bounds: [-0.545058, -0.0678364]
[2023-03-10 22:46:00.591] [cout] [info]   /jointset/acromial_l/arm_rot_l/value. bounds: [-0.60252, 0.266614]
[2023-03-10 22:46:00.591] [cout] [info]   /jointset/elbow_l/elbow_flex_l/value. bounds: [1.44296, 2.72146]
[2023-03-10 22:46:00.591] [cout] [info]   /jointset/radioulnar_l/pro_sup_l/value. bounds: [1.42847, 1.86324]
[2023-03-10 22:46:00.591] [cout] [info]   /jointset/ground_pelvis/pelvis_tilt/speed. bounds: [-50, 50]
[2023-03-10 22:46:00.591] [cout] [info]   /jointset/ground_pelvis/pelvis_list/speed. bounds: [-50, 50]
[2023-03-10 22:46:00.591] [cout] [info]   /jointset/radioulnar_r/pro_sup_r/speed. bounds: [-50, 50]
[2023-03-10 22:46:00.591] [cout] [info]   /jointset/ground_pelvis/pelvis_rotation/speed. bounds: [-50, 50]
[2023-03-10 22:46:00.591] [cout] [info]   /jointset/ground_pelvis/pelvis_tx/speed. bounds: [-50, 50]
[2023-03-10 22:46:00.591] [cout] [info]   /jointset/elbow_r/elbow_flex_r/speed. bounds: [-50, 50]
[2023-03-10 22:46:00.591] [cout] [info]   /jointset/ground_pelvis/pelvis_ty/speed. bounds: [-50, 50]
[2023-03-10 22:46:00.591] [cout] [info]   /jointset/ground_pelvis/pelvis_tz/speed. bounds: [-50, 50]
[2023-03-10 22:46:00.591] [cout] [info]   /jointset/ankle_r/ankle_angle_r/speed. bounds: [-50, 50]
[2023-03-10 22:46:00.591] [cout] [info]   /jointset/hip_r/hip_flexion_r/speed. bounds: [-50, 50]
[2023-03-10 22:46:00.591] [cout] [info]   /jointset/hip_r/hip_rotation_r/speed. bounds: [-50, 50]
[2023-03-10 22:46:00.591] [cout] [info]   /jointset/hip_l/hip_flexion_l/speed. bounds: [-50, 50]
[2023-03-10 22:46:00.591] [cout] [info]   /jointset/subtalar_r/subtalar_angle_r/speed. bounds: [-50, 50]
[2023-03-10 22:46:00.591] [cout] [info]   /jointset/mtp_r/mtp_angle_r/value. bounds: [-1.5708, 1.5708]
[2023-03-10 22:46:00.591] [cout] [info]   /jointset/mtp_r/mtp_angle_r/speed. bounds: [-50, 50]
[2023-03-10 22:46:00.591] [cout] [info]   /jointset/hip_l/hip_adduction_l/speed. bounds: [-50, 50]
[2023-03-10 22:46:00.591] [cout] [info]   /jointset/hip_l/hip_rotation_l/speed. bounds: [-50, 50]
[2023-03-10 22:46:00.591] [cout] [info]   /jointset/knee_l/knee_angle_l/speed. bounds: [-50, 50]
[2023-03-10 22:46:00.591] [cout] [info]   /jointset/ankle_l/ankle_angle_l/speed. bounds: [-50, 50]
[2023-03-10 22:46:00.591] [cout] [info]   /jointset/subtalar_l/subtalar_angle_l/value. bounds: [-1.5708, 1.5708]
[2023-03-10 22:46:00.591] [cout] [info]   /jointset/subtalar_l/subtalar_angle_l/speed. bounds: [-50, 50]
[2023-03-10 22:46:00.591] [cout] [info]   /jointset/mtp_l/mtp_angle_l/value. bounds: [-1.0472, 1.0472]
[2023-03-10 22:46:00.591] [cout] [info]   /jointset/back/lumbar_extension/speed. bounds: [-50, 50]
[2023-03-10 22:46:00.591] [cout] [info]   /jointset/back/lumbar_bending/speed. bounds: [-50, 50]
[2023-03-10 22:46:00.591] [cout] [info]   /jointset/acromial_r/arm_flex_r/speed. bounds: [-50, 50]
[2023-03-10 22:46:00.592] [cout] [info]   /jointset/acromial_r/arm_add_r/speed. bounds: [-50, 50]
[2023-03-10 22:46:00.592] [cout] [info]   /jointset/acromial_r/arm_rot_r/speed. bounds: [-50, 50]
[2023-03-10 22:46:00.592] [cout] [info]   /jointset/radius_hand_r/wrist_flex_r/value. bounds: [-1.22173, 1.22173]
[2023-03-10 22:46:00.592] [cout] [info]   /jointset/radius_hand_r/wrist_flex_r/speed. bounds: [-50, 50]
[2023-03-10 22:46:00.592] [cout] [info]   /jointset/radius_hand_r/wrist_dev_r/value. bounds: [-0.436332, 0.610865]
[2023-03-10 22:46:00.592] [cout] [info]   /jointset/radius_hand_r/wrist_dev_r/speed. bounds: [-50, 50]
[2023-03-10 22:46:00.592] [cout] [info]   /jointset/acromial_l/arm_flex_l/speed. bounds: [-50, 50]
[2023-03-10 22:46:00.592] [cout] [info]   /jointset/acromial_l/arm_add_l/speed. bounds: [-50, 50]
[2023-03-10 22:46:00.592] [cout] [info]   /jointset/acromial_l/arm_rot_l/speed. bounds: [-50, 50]
[2023-03-10 22:46:00.592] [cout] [info]   /jointset/elbow_l/elbow_flex_l/speed. bounds: [-50, 50]
[2023-03-10 22:46:00.592] [cout] [info]   /jointset/radioulnar_l/pro_sup_l/speed. bounds: [-50, 50]
[2023-03-10 22:46:00.592] [cout] [info]   /jointset/radius_hand_l/wrist_flex_l/value. bounds: [-1.22173, 1.22173]
[2023-03-10 22:46:00.592] [cout] [info]   /jointset/radius_hand_l/wrist_dev_l/value. bounds: [-0.436332, 0.610865]
[2023-03-10 22:46:00.592] [cout] [info]   /jointset/radius_hand_l/wrist_dev_l/speed. bounds: [-50, 50]
[2023-03-10 22:46:00.592] [cout] [info] Controls: (total: 29)
[2023-03-10 22:46:00.592] [cout] [info]   /forceset/pelvis_tx_actuator. bounds: [-10000, 10000]
[2023-03-10 22:46:00.592] [cout] [info]   /forceset/pelvis_ty_actuator. bounds: [-10000, 10000]
[2023-03-10 22:46:00.592] [cout] [info]   /forceset/pelvis_tz_actuator. bounds: [-10000, 10000]
[2023-03-10 22:46:00.592] [cout] [info]   /forceset/arm_flex_r_actuator. bounds: [-1, 1]
[2023-03-10 22:46:00.592] [cout] [info]   /forceset/hip_rotation_r_actuator. bounds: [-1, 1]
[2023-03-10 22:46:00.592] [cout] [info]   /forceset/pelvis_tilt_actuator. bounds: [-10000, 10000]
[2023-03-10 22:46:00.592] [cout] [info]   /forceset/pelvis_list_actuator. bounds: [-10000, 10000]
[2023-03-10 22:46:00.592] [cout] [info]   /forceset/pelvis_rotation_actuator. bounds: [-10000, 10000]
[2023-03-10 22:46:00.592] [cout] [info]   /forceset/elbow_flex_l_actuator. bounds: [-1, 1]
[2023-03-10 22:46:00.592] [cout] [info]   /forceset/hip_adduction_l_actuator. bounds: [-1, 1]
[2023-03-10 22:46:00.592] [cout] [info]   /forceset/hip_flexion_r_actuator. bounds: [-1, 1]
[2023-03-10 22:46:00.592] [cout] [info]   /forceset/elbow_flex_r_actuator. bounds: [-1, 1]
[2023-03-10 22:46:00.592] [cout] [info]   /forceset/hip_flexion_l_actuator. bounds: [-1, 1]
[2023-03-10 22:46:00.592] [cout] [info]   /forceset/hip_adduction_r_actuator. bounds: [-1, 1]
[2023-03-10 22:46:00.592] [cout] [info]   /forceset/knee_angle_r_actuator. bounds: [-1, 1]
[2023-03-10 22:46:00.592] [cout] [info]   /forceset/lumbar_rotation_actuator. bounds: [-1, 1]
[2023-03-10 22:46:00.593] [cout] [info]   /forceset/ankle_angle_r_actuator. bounds: [-1, 1]
[2023-03-10 22:46:00.593] [cout] [info]   /forceset/arm_flex_l_actuator. bounds: [-1, 1]
[2023-03-10 22:46:00.593] [cout] [info]   /forceset/hip_rotation_l_actuator. bounds: [-1, 1]
[2023-03-10 22:46:00.593] [cout] [info]   /forceset/knee_angle_l_actuator. bounds: [-1, 1]
[2023-03-10 22:46:00.593] [cout] [info]   /forceset/ankle_angle_l_actuator. bounds: [-1, 1]
[2023-03-10 22:46:00.593] [cout] [info]   /forceset/lumbar_extension_actuator. bounds: [-1, 1]
[2023-03-10 22:46:00.593] [cout] [info]   /forceset/lumbar_bending_actuator. bounds: [-1, 1]
[2023-03-10 22:46:00.593] [cout] [info]   /forceset/arm_add_r_actuator. bounds: [-1, 1]
[2023-03-10 22:46:00.593] [cout] [info]   /forceset/arm_rot_r_actuator. bounds: [-1, 1]
[2023-03-10 22:46:00.593] [cout] [info]   /forceset/pro_sup_r_actuator. bounds: [-1, 1]
[2023-03-10 22:46:00.593] [cout] [info]   /forceset/arm_add_l_actuator. bounds: [-1, 1]
[2023-03-10 22:46:00.593] [cout] [info]   /forceset/arm_rot_l_actuator. bounds: [-1, 1]
[2023-03-10 22:46:00.593] [cout] [info]   /forceset/pro_sup_l_actuator. bounds: [-1, 1]
[2023-03-10 22:46:00.593] [cout] [info] Parameters: none
[2023-03-10 22:46:00.744] [info] ExternalForce::externalforce Data source being set to Run_500 04_newCOP3_v24.mot
[2023-03-10 22:46:00.744] [info] ExternalForce::externalforce_0 Data source being set to Run_500 04_newCOP3_v24.mot
[2023-03-10 22:46:00.936] [info] ExternalForce::externalforce Data source being set to Run_500 04_newCOP3_v24.mot
[2023-03-10 22:46:00.936] [info] ExternalForce::externalforce_0 Data source being set to Run_500 04_newCOP3_v24.mot
[2023-03-10 22:46:01.138] [info] ExternalForce::externalforce Data source being set to Run_500 04_newCOP3_v24.mot
[2023-03-10 22:46:01.138] [info] ExternalForce::externalforce_0 Data source being set to Run_500 04_newCOP3_v24.mot
[2023-03-10 22:46:01.314] [info] ExternalForce::externalforce Data source being set to Run_500 04_newCOP3_v24.mot
[2023-03-10 22:46:01.314] [info] ExternalForce::externalforce_0 Data source being set to Run_500 04_newCOP3_v24.mot
[2023-03-10 22:46:01.525] [info] ExternalForce::externalforce Data source being set to Run_500 04_newCOP3_v24.mot
[2023-03-10 22:46:01.525] [info] ExternalForce::externalforce_0 Data source being set to Run_500 04_newCOP3_v24.mot
[2023-03-10 22:46:01.736] [info] ExternalForce::externalforce Data source being set to Run_500 04_newCOP3_v24.mot
[2023-03-10 22:46:01.736] [info] ExternalForce::externalforce_0 Data source being set to Run_500 04_newCOP3_v24.mot
[2023-03-10 22:46:01.984] [info] ExternalForce::externalforce Data source being set to Run_500 04_newCOP3_v24.mot
[2023-03-10 22:46:01.984] [info] ExternalForce::externalforce_0 Data source being set to Run_500 04_newCOP3_v24.mot
[2023-03-10 22:46:02.209] [info] ExternalForce::externalforce Data source being set to Run_500 04_newCOP3_v24.mot
[2023-03-10 22:46:02.210] [info] ExternalForce::externalforce_0 Data source being set to Run_500 04_newCOP3_v24.mot
[2023-03-10 22:46:02.452] [info] ExternalForce::externalforce Data source being set to Run_500 04_newCOP3_v24.mot
[2023-03-10 22:46:02.452] [info] ExternalForce::externalforce_0 Data source being set to Run_500 04_newCOP3_v24.mot
[2023-03-10 22:46:02.666] [info] ExternalForce::externalforce Data source being set to Run_500 04_newCOP3_v24.mot
[2023-03-10 22:46:02.666] [info] ExternalForce::externalforce_0 Data source being set to Run_500 04_newCOP3_v24.mot
[2023-03-10 22:46:02.867] [info] ExternalForce::externalforce Data source being set to Run_500 04_newCOP3_v24.mot
[2023-03-10 22:46:02.867] [info] ExternalForce::externalforce_0 Data source being set to Run_500 04_newCOP3_v24.mot
[2023-03-10 22:46:03.082] [info] ExternalForce::externalforce Data source being set to Run_500 04_newCOP3_v24.mot
[2023-03-10 22:46:03.082] [info] ExternalForce::externalforce_0 Data source being set to Run_500 04_newCOP3_v24.mot
[2023-03-10 22:46:03.326] [info] ExternalForce::externalforce Data source being set to Run_500 04_newCOP3_v24.mot
[2023-03-10 22:46:03.326] [info] ExternalForce::externalforce_0 Data source being set to Run_500 04_newCOP3_v24.mot
[2023-03-10 22:46:03.539] [info] ExternalForce::externalforce Data source being set to Run_500 04_newCOP3_v24.mot
[2023-03-10 22:46:03.539] [info] ExternalForce::externalforce_0 Data source being set to Run_500 04_newCOP3_v24.mot
[2023-03-10 22:46:03.725] [info] ExternalForce::externalforce Data source being set to Run_500 04_newCOP3_v24.mot
[2023-03-10 22:46:03.725] [info] ExternalForce::externalforce_0 Data source being set to Run_500 04_newCOP3_v24.mot
[2023-03-10 22:46:03.926] [info] ExternalForce::externalforce Data source being set to Run_500 04_newCOP3_v24.mot
[2023-03-10 22:46:03.926] [info] ExternalForce::externalforce_0 Data source being set to Run_500 04_newCOP3_v24.mot
[2023-03-10 22:46:03.974] [info] Number of threads: 8
[2023-03-10 23:16:33.179] [info] Set log level to Info.
[2023-03-10 23:16:33.209] [info] ------------------------------------------------------------------------
[2023-03-10 23:16:33.209] [info] Elapsed real time: 1833 second(s) (30 minute(s), 33 second(s)).
[2023-03-10 23:16:33.209] [info] Fri Mar 10 23:16:33 2023
[2023-03-10 23:16:33.209] [info] MocoCasADiSolver succeeded!
[2023-03-10 23:16:33.209] [info] ========================================================================
[2023-03-10 23:16:33.684] [info] Loaded model subject04_scaled from file ..\..\model\subject04_adjusted_scaled.osim
[2023-03-10 23:16:34.935] [cout] [info] 
               MODEL: subject04_scaled
         coordinates: 37
              forces: 92
           actuators: 92
             muscles: 92
            analyses: 0
              probes: 0
              bodies: 20
              joints: 20
         constraints: 0
             markers: 56
         controllers: 0
  contact geometries: 0
misc modelcomponents: 0
[2023-03-10 23:16:34.935] [info] Running tool subject10_scaled...
[2023-03-10 23:16:35.010] [warning] ExternalLoads 'externalloads' has subcomponents with duplicate name 'externalforce'. The duplicate is being renamed to 'externalforce_0'.
[2023-03-10 23:16:35.290] [info] ExternalForce::externalforce Data source being set to Run_500 04_newCOP3_v24.mot
[2023-03-10 23:16:35.290] [info] ExternalForce::externalforce_0 Data source being set to Run_500 04_newCOP3_v24.mot
[2023-03-10 23:16:37.100] [info] InverseDynamicsTool: 127 time frames in 2 second(s).
[2023-12-06 00:51:17.383] [info] ExternalForce::externalforce Data source being set to Run_500 04_newCOP3_v24.mot
[2023-12-06 00:51:17.385] [info] ExternalForce::externalforce_0 Data source being set to Run_500 04_newCOP3_v24.mot
[2023-12-06 00:51:17.855] [info] ExternalForce::externalforce Data source being set to Run_500 04_newCOP3_v24.mot
[2023-12-06 00:51:17.855] [info] ExternalForce::externalforce_0 Data source being set to Run_500 04_newCOP3_v24.mot
[2023-12-06 00:51:18.037] [info] ExternalForce::externalforce Data source being set to Run_500 04_newCOP3_v24.mot
[2023-12-06 00:51:18.037] [info] ExternalForce::externalforce_0 Data source being set to Run_500 04_newCOP3_v24.mot
[2023-12-06 00:51:18.163] [info] ExternalForce::externalforce Data source being set to Run_500 04_newCOP3_v24.mot
[2023-12-06 00:51:18.163] [info] ExternalForce::externalforce_0 Data source being set to Run_500 04_newCOP3_v24.mot
[2023-12-06 00:51:18.308] [info] ExternalForce::externalforce Data source being set to Run_500 04_newCOP3_v24.mot
[2023-12-06 00:51:18.308] [info] ExternalForce::externalforce_0 Data source being set to Run_500 04_newCOP3_v24.mot
[2023-12-06 00:51:18.431] [info] ExternalForce::externalforce Data source being set to Run_500 04_newCOP3_v24.mot
[2023-12-06 00:51:18.431] [info] ExternalForce::externalforce_0 Data source being set to Run_500 04_newCOP3_v24.mot
[2023-12-06 00:51:18.578] [info] ExternalForce::externalforce Data source being set to Run_500 04_newCOP3_v24.mot
[2023-12-06 00:51:18.578] [info] ExternalForce::externalforce_0 Data source being set to Run_500 04_newCOP3_v24.mot
[2023-12-06 00:51:18.728] [info] ExternalForce::externalforce Data source being set to Run_500 04_newCOP3_v24.mot
[2023-12-06 00:51:18.728] [info] ExternalForce::externalforce_0 Data source being set to Run_500 04_newCOP3_v24.mot
[2023-12-06 00:51:18.887] [info] ExternalForce::externalforce Data source being set to Run_500 04_newCOP3_v24.mot
[2023-12-06 00:51:18.887] [info] ExternalForce::externalforce_0 Data source being set to Run_500 04_newCOP3_v24.mot
[2023-12-06 00:51:19.036] [info] ExternalForce::externalforce Data source being set to Run_500 04_newCOP3_v24.mot
[2023-12-06 00:51:19.036] [info] ExternalForce::externalforce_0 Data source being set to Run_500 04_newCOP3_v24.mot
[2023-12-06 00:51:19.197] [info] ExternalForce::externalforce Data source being set to Run_500 04_newCOP3_v24.mot
[2023-12-06 00:51:19.197] [info] ExternalForce::externalforce_0 Data source being set to Run_500 04_newCOP3_v24.mot
[2023-12-06 00:51:19.343] [info] ExternalForce::externalforce Data source being set to Run_500 04_newCOP3_v24.mot
[2023-12-06 00:51:19.343] [info] ExternalForce::externalforce_0 Data source being set to Run_500 04_newCOP3_v24.mot
[2023-12-06 00:51:19.492] [info] ExternalForce::externalforce Data source being set to Run_500 04_newCOP3_v24.mot
[2023-12-06 00:51:19.492] [info] ExternalForce::externalforce_0 Data source being set to Run_500 04_newCOP3_v24.mot
[2023-12-06 00:51:19.622] [info] ExternalForce::externalforce Data source being set to Run_500 04_newCOP3_v24.mot
[2023-12-06 00:51:19.622] [info] ExternalForce::externalforce_0 Data source being set to Run_500 04_newCOP3_v24.mot
[2023-12-06 00:51:19.755] [info] ExternalForce::externalforce Data source being set to Run_500 04_newCOP3_v24.mot
[2023-12-06 00:51:19.755] [info] ExternalForce::externalforce_0 Data source being set to Run_500 04_newCOP3_v24.mot
[2023-12-06 00:51:19.874] [info] ExternalForce::externalforce Data source being set to Run_500 04_newCOP3_v24.mot
[2023-12-06 00:51:19.874] [info] ExternalForce::externalforce_0 Data source being set to Run_500 04_newCOP3_v24.mot
[2023-12-06 00:51:20.006] [info] ExternalForce::externalforce Data source being set to Run_500 04_newCOP3_v24.mot
[2023-12-06 00:51:20.006] [info] ExternalForce::externalforce_0 Data source being set to Run_500 04_newCOP3_v24.mot
[2023-12-06 00:51:20.125] [info] ExternalForce::externalforce Data source being set to Run_500 04_newCOP3_v24.mot
[2023-12-06 00:51:20.125] [info] ExternalForce::externalforce_0 Data source being set to Run_500 04_newCOP3_v24.mot
[2023-12-06 00:51:20.257] [info] ExternalForce::externalforce Data source being set to Run_500 04_newCOP3_v24.mot
[2023-12-06 00:51:20.257] [info] ExternalForce::externalforce_0 Data source being set to Run_500 04_newCOP3_v24.mot
[2023-12-06 00:51:20.375] [info] ExternalForce::externalforce Data source being set to Run_500 04_newCOP3_v24.mot
[2023-12-06 00:51:20.375] [info] ExternalForce::externalforce_0 Data source being set to Run_500 04_newCOP3_v24.mot
[2023-12-06 00:51:20.506] [info] ExternalForce::externalforce Data source being set to Run_500 04_newCOP3_v24.mot
[2023-12-06 00:51:20.506] [info] ExternalForce::externalforce_0 Data source being set to Run_500 04_newCOP3_v24.mot
[2023-12-06 00:51:20.620] [info] ExternalForce::externalforce Data source being set to Run_500 04_newCOP3_v24.mot
[2023-12-06 00:51:20.620] [info] ExternalForce::externalforce_0 Data source being set to Run_500 04_newCOP3_v24.mot
[2023-12-06 00:51:21.062] [info] ExternalForce::externalforce Data source being set to Run_500 04_newCOP3_v24.mot
[2023-12-06 00:51:21.062] [info] ExternalForce::externalforce_0 Data source being set to Run_500 04_newCOP3_v24.mot
[2023-12-06 00:51:21.163] [info] ExternalForce::externalforce Data source being set to Run_500 04_newCOP3_v24.mot
[2023-12-06 00:51:21.163] [info] ExternalForce::externalforce_0 Data source being set to Run_500 04_newCOP3_v24.mot
[2023-12-06 00:51:21.272] [info] ExternalForce::externalforce Data source being set to Run_500 04_newCOP3_v24.mot
[2023-12-06 00:51:21.272] [info] ExternalForce::externalforce_0 Data source being set to Run_500 04_newCOP3_v24.mot
[2023-12-06 00:51:21.374] [info] ExternalForce::externalforce Data source being set to Run_500 04_newCOP3_v24.mot
[2023-12-06 00:51:21.374] [info] ExternalForce::externalforce_0 Data source being set to Run_500 04_newCOP3_v24.mot
[2023-12-06 00:51:21.519] [info] ExternalForce::externalforce Data source being set to Run_500 04_newCOP3_v24.mot
[2023-12-06 00:51:21.519] [info] ExternalForce::externalforce_0 Data source being set to Run_500 04_newCOP3_v24.mot
[2023-12-06 00:51:21.620] [info] ExternalForce::externalforce Data source being set to Run_500 04_newCOP3_v24.mot
[2023-12-06 00:51:21.620] [info] ExternalForce::externalforce_0 Data source being set to Run_500 04_newCOP3_v24.mot
[2023-12-06 00:51:21.731] [info] ExternalForce::externalforce Data source being set to Run_500 04_newCOP3_v24.mot
[2023-12-06 00:51:21.731] [info] ExternalForce::externalforce_0 Data source being set to Run_500 04_newCOP3_v24.mot
[2023-12-06 00:51:21.827] [info] ExternalForce::externalforce Data source being set to Run_500 04_newCOP3_v24.mot
[2023-12-06 00:51:21.827] [info] ExternalForce::externalforce_0 Data source being set to Run_500 04_newCOP3_v24.mot
[2023-12-06 00:51:21.849] [info] ========================================================================
[2023-12-06 00:51:21.849] [info] MocoCasADiSolver starting.
[2023-12-06 00:51:21.849] [info] Wed Dec  6 00:51:21 2023
[2023-12-06 00:51:21.849] [info] ------------------------------------------------------------------------
[2023-12-06 00:51:21.849] [cout] [info] Costs: (total: 2)
[2023-12-06 00:51:21.849] [cout] [info]   state_tracking. MocoStateTrackingGoal, enabled: true, mode: cost, weight: 1.0
[2023-12-06 00:51:21.849] [cout] [info]         state: /jointset/ground_pelvis/pelvis_tilt/value, weight: 750.0
[2023-12-06 00:51:21.849] [cout] [info]         state: /jointset/ground_pelvis/pelvis_list/value, weight: 250.0
[2023-12-06 00:51:21.849] [cout] [info]         state: /jointset/ground_pelvis/pelvis_rotation/value, weight: 50.0
[2023-12-06 00:51:21.849] [cout] [info]         state: /jointset/ground_pelvis/pelvis_tx/value, weight: 25.0
[2023-12-06 00:51:21.849] [cout] [info]         state: /jointset/ground_pelvis/pelvis_ty/value, weight: 100.0
[2023-12-06 00:51:21.849] [cout] [info]         state: /jointset/ground_pelvis/pelvis_tz/value, weight: 25.0
[2023-12-06 00:51:21.849] [cout] [info]         state: /jointset/hip_r/hip_flexion_r/value, weight: 75.0
[2023-12-06 00:51:21.849] [cout] [info]         state: /jointset/hip_r/hip_adduction_r/value, weight: 50.0
[2023-12-06 00:51:21.849] [cout] [info]         state: /jointset/hip_r/hip_rotation_r/value, weight: 10.0
[2023-12-06 00:51:21.849] [cout] [info]         state: /jointset/knee_r/knee_angle_r/value, weight: 10.0
[2023-12-06 00:51:21.849] [cout] [info]         state: /jointset/ankle_r/ankle_angle_r/value, weight: 10.0
[2023-12-06 00:51:21.849] [cout] [info]         state: /jointset/hip_l/hip_flexion_l/value, weight: 75.0
[2023-12-06 00:51:21.849] [cout] [info]         state: /jointset/hip_l/hip_adduction_l/value, weight: 50.0
[2023-12-06 00:51:21.849] [cout] [info]         state: /jointset/hip_l/hip_rotation_l/value, weight: 10.0
[2023-12-06 00:51:21.849] [cout] [info]         state: /jointset/knee_l/knee_angle_l/value, weight: 10.0
[2023-12-06 00:51:21.849] [cout] [info]         state: /jointset/ankle_l/ankle_angle_l/value, weight: 10.0
[2023-12-06 00:51:21.849] [cout] [info]         state: /jointset/back/lumbar_extension/value, weight: 75.0
[2023-12-06 00:51:21.849] [cout] [info]         state: /jointset/back/lumbar_bending/value, weight: 50.0
[2023-12-06 00:51:21.849] [cout] [info]         state: /jointset/back/lumbar_rotation/value, weight: 25.0
[2023-12-06 00:51:21.849] [cout] [info]         state: /jointset/acromial_r/arm_flex_r/value, weight: 1.0
[2023-12-06 00:51:21.849] [cout] [info]         state: /jointset/acromial_r/arm_add_r/value, weight: 1.0
[2023-12-06 00:51:21.849] [cout] [info]         state: /jointset/acromial_r/arm_rot_r/value, weight: 1.0
[2023-12-06 00:51:21.849] [cout] [info]         state: /jointset/elbow_r/elbow_flex_r/value, weight: 1.0
[2023-12-06 00:51:21.849] [cout] [info]         state: /jointset/radioulnar_r/pro_sup_r/value, weight: 1.0
[2023-12-06 00:51:21.849] [cout] [info]         state: /jointset/acromial_l/arm_flex_l/value, weight: 1.0
[2023-12-06 00:51:21.849] [cout] [info]         state: /jointset/acromial_l/arm_add_l/value, weight: 1.0
[2023-12-06 00:51:21.849] [cout] [info]         state: /jointset/acromial_l/arm_rot_l/value, weight: 1.0
[2023-12-06 00:51:21.849] [cout] [info]         state: /jointset/elbow_l/elbow_flex_l/value, weight: 1.0
[2023-12-06 00:51:21.849] [cout] [info]         state: /jointset/radioulnar_l/pro_sup_l/value, weight: 1.0
[2023-12-06 00:51:21.849] [cout] [info]         state: /jointset/subtalar_r/subtalar_angle_r/value, weight: 0.0
[2023-12-06 00:51:21.849] [cout] [info]         state: /jointset/mtp_r/mtp_angle_r/value, weight: 0.0
[2023-12-06 00:51:21.849] [cout] [info]         state: /jointset/subtalar_l/subtalar_angle_l/value, weight: 0.0
[2023-12-06 00:51:21.849] [cout] [info]         state: /jointset/mtp_l/mtp_angle_l/value, weight: 0.0
[2023-12-06 00:51:21.849] [cout] [info]         state: /jointset/radius_hand_r/wrist_flex_r/value, weight: 0.0
[2023-12-06 00:51:21.849] [cout] [info]         state: /jointset/radius_hand_r/wrist_dev_r/value, weight: 0.0
[2023-12-06 00:51:21.849] [cout] [info]         state: /jointset/radius_hand_l/wrist_flex_l/value, weight: 0.0
[2023-12-06 00:51:21.849] [cout] [info]         state: /jointset/radius_hand_l/wrist_dev_l/value, weight: 0.0
[2023-12-06 00:51:21.849] [cout] [info]         state: /jointset/ground_pelvis/pelvis_tilt/speed, weight: 7.5
[2023-12-06 00:51:21.849] [cout] [info]         state: /jointset/ground_pelvis/pelvis_list/speed, weight: 2.5
[2023-12-06 00:51:21.850] [cout] [info]         state: /jointset/ground_pelvis/pelvis_rotation/speed, weight: 0.5
[2023-12-06 00:51:21.850] [cout] [info]         state: /jointset/ground_pelvis/pelvis_tx/speed, weight: 0.25
[2023-12-06 00:51:21.850] [cout] [info]         state: /jointset/ground_pelvis/pelvis_ty/speed, weight: 1.0
[2023-12-06 00:51:21.850] [cout] [info]         state: /jointset/ground_pelvis/pelvis_tz/speed, weight: 0.25
[2023-12-06 00:51:21.850] [cout] [info]         state: /jointset/hip_r/hip_flexion_r/speed, weight: 0.75
[2023-12-06 00:51:21.850] [cout] [info]         state: /jointset/hip_r/hip_adduction_r/speed, weight: 0.5
[2023-12-06 00:51:21.850] [cout] [info]         state: /jointset/hip_r/hip_rotation_r/speed, weight: 0.1
[2023-12-06 00:51:21.850] [cout] [info]         state: /jointset/knee_r/knee_angle_r/speed, weight: 0.1
[2023-12-06 00:51:21.850] [cout] [info]         state: /jointset/ankle_r/ankle_angle_r/speed, weight: 0.1
[2023-12-06 00:51:21.850] [cout] [info]         state: /jointset/subtalar_r/subtalar_angle_r/speed, weight: 0.0
[2023-12-06 00:51:21.850] [cout] [info]         state: /jointset/mtp_r/mtp_angle_r/speed, weight: 0.0
[2023-12-06 00:51:21.850] [cout] [info]         state: /jointset/hip_l/hip_flexion_l/speed, weight: 0.75
[2023-12-06 00:51:21.850] [cout] [info]         state: /jointset/hip_l/hip_adduction_l/speed, weight: 0.5
[2023-12-06 00:51:21.850] [cout] [info]         state: /jointset/hip_l/hip_rotation_l/speed, weight: 0.1
[2023-12-06 00:51:21.850] [cout] [info]         state: /jointset/knee_l/knee_angle_l/speed, weight: 0.1
[2023-12-06 00:51:21.850] [cout] [info]         state: /jointset/ankle_l/ankle_angle_l/speed, weight: 0.1
[2023-12-06 00:51:21.850] [cout] [info]         state: /jointset/subtalar_l/subtalar_angle_l/speed, weight: 0.0
[2023-12-06 00:51:21.850] [cout] [info]         state: /jointset/mtp_l/mtp_angle_l/speed, weight: 0.0
[2023-12-06 00:51:21.850] [cout] [info]         state: /jointset/back/lumbar_extension/speed, weight: 0.75
[2023-12-06 00:51:21.850] [cout] [info]         state: /jointset/back/lumbar_bending/speed, weight: 0.5
[2023-12-06 00:51:21.850] [cout] [info]         state: /jointset/back/lumbar_rotation/speed, weight: 0.25
[2023-12-06 00:51:21.850] [cout] [info]         state: /jointset/acromial_r/arm_flex_r/speed, weight: 0.01
[2023-12-06 00:51:21.850] [cout] [info]         state: /jointset/acromial_r/arm_add_r/speed, weight: 0.01
[2023-12-06 00:51:21.850] [cout] [info]         state: /jointset/acromial_r/arm_rot_r/speed, weight: 0.01
[2023-12-06 00:51:21.850] [cout] [info]         state: /jointset/elbow_r/elbow_flex_r/speed, weight: 0.01
[2023-12-06 00:51:21.850] [cout] [info]         state: /jointset/radioulnar_r/pro_sup_r/speed, weight: 0.01
[2023-12-06 00:51:21.850] [cout] [info]         state: /jointset/radius_hand_r/wrist_flex_r/speed, weight: 0.0
[2023-12-06 00:51:21.850] [cout] [info]         state: /jointset/radius_hand_r/wrist_dev_r/speed, weight: 0.0
[2023-12-06 00:51:21.850] [cout] [info]         state: /jointset/acromial_l/arm_flex_l/speed, weight: 0.01
[2023-12-06 00:51:21.850] [cout] [info]         state: /jointset/acromial_l/arm_add_l/speed, weight: 0.01
[2023-12-06 00:51:21.850] [cout] [info]         state: /jointset/acromial_l/arm_rot_l/speed, weight: 0.01
[2023-12-06 00:51:21.850] [cout] [info]         state: /jointset/elbow_l/elbow_flex_l/speed, weight: 0.01
[2023-12-06 00:51:21.850] [cout] [info]         state: /jointset/radioulnar_l/pro_sup_l/speed, weight: 0.01
[2023-12-06 00:51:21.850] [cout] [info]         state: /jointset/radius_hand_l/wrist_flex_l/speed, weight: 0.0
[2023-12-06 00:51:21.850] [cout] [info]         state: /jointset/radius_hand_l/wrist_dev_l/speed, weight: 0.0
[2023-12-06 00:51:21.850] [cout] [info]   control_effort. MocoControlGoal, enabled: true, mode: cost, weight: 0.00100000
[2023-12-06 00:51:21.850] [cout] [info]         control: /forceset/pelvis_tx_actuator, weight: 1.0
[2023-12-06 00:51:21.850] [cout] [info]         control: /forceset/pelvis_ty_actuator, weight: 1.0
[2023-12-06 00:51:21.850] [cout] [info]         control: /forceset/pelvis_tz_actuator, weight: 1.0
[2023-12-06 00:51:21.850] [cout] [info]         control: /forceset/pelvis_tilt_actuator, weight: 1.0
[2023-12-06 00:51:21.850] [cout] [info]         control: /forceset/pelvis_list_actuator, weight: 1.0
[2023-12-06 00:51:21.850] [cout] [info]         control: /forceset/pelvis_rotation_actuator, weight: 1.0
[2023-12-06 00:51:21.850] [cout] [info]         control: /forceset/hip_flexion_r_actuator, weight: 1.0
[2023-12-06 00:51:21.850] [cout] [info]         control: /forceset/hip_adduction_r_actuator, weight: 1.0
[2023-12-06 00:51:21.850] [cout] [info]         control: /forceset/hip_rotation_r_actuator, weight: 1.0
[2023-12-06 00:51:21.850] [cout] [info]         control: /forceset/knee_angle_r_actuator, weight: 1.0
[2023-12-06 00:51:21.850] [cout] [info]         control: /forceset/ankle_angle_r_actuator, weight: 1.0
[2023-12-06 00:51:21.850] [cout] [info]         control: /forceset/hip_flexion_l_actuator, weight: 1.0
[2023-12-06 00:51:21.850] [cout] [info]         control: /forceset/hip_adduction_l_actuator, weight: 1.0
[2023-12-06 00:51:21.850] [cout] [info]         control: /forceset/hip_rotation_l_actuator, weight: 1.0
[2023-12-06 00:51:21.850] [cout] [info]         control: /forceset/knee_angle_l_actuator, weight: 1.0
[2023-12-06 00:51:21.850] [cout] [info]         control: /forceset/ankle_angle_l_actuator, weight: 1.0
[2023-12-06 00:51:21.850] [cout] [info]         control: /forceset/lumbar_extension_actuator, weight: 1.0
[2023-12-06 00:51:21.850] [cout] [info]         control: /forceset/lumbar_bending_actuator, weight: 1.0
[2023-12-06 00:51:21.850] [cout] [info]         control: /forceset/lumbar_rotation_actuator, weight: 1.0
[2023-12-06 00:51:21.850] [cout] [info]         control: /forceset/arm_flex_r_actuator, weight: 1.0
[2023-12-06 00:51:21.850] [cout] [info]         control: /forceset/arm_add_r_actuator, weight: 1.0
[2023-12-06 00:51:21.850] [cout] [info]         control: /forceset/arm_rot_r_actuator, weight: 1.0
[2023-12-06 00:51:21.850] [cout] [info]         control: /forceset/elbow_flex_r_actuator, weight: 1.0
[2023-12-06 00:51:21.850] [cout] [info]         control: /forceset/pro_sup_r_actuator, weight: 1.0
[2023-12-06 00:51:21.850] [cout] [info]         control: /forceset/arm_flex_l_actuator, weight: 1.0
[2023-12-06 00:51:21.850] [cout] [info]         control: /forceset/arm_add_l_actuator, weight: 1.0
[2023-12-06 00:51:21.850] [cout] [info]         control: /forceset/arm_rot_l_actuator, weight: 1.0
[2023-12-06 00:51:21.850] [cout] [info]         control: /forceset/elbow_flex_l_actuator, weight: 1.0
[2023-12-06 00:51:21.850] [cout] [info]         control: /forceset/pro_sup_l_actuator, weight: 1.0
[2023-12-06 00:51:21.850] [cout] [info] Endpoint constraints: none
[2023-12-06 00:51:21.850] [cout] [info] Kinematic constraints: (total: 8)
[2023-12-06 00:51:21.850] [cout] [info]   kinematic_constraint_cid27. MocoConstraintInfo. number of scalar equations: 3. bounds: 0, 0, 0
[2023-12-06 00:51:21.850] [cout] [info]   kinematic_constraint_cid28. MocoConstraintInfo. number of scalar equations: 3. bounds: 0, 0, 0
[2023-12-06 00:51:21.850] [cout] [info]   kinematic_constraint_cid31. MocoConstraintInfo. number of scalar equations: 3. bounds: 0, 0, 0
[2023-12-06 00:51:21.850] [cout] [info]   kinematic_constraint_cid32. MocoConstraintInfo. number of scalar equations: 3. bounds: 0, 0, 0
[2023-12-06 00:51:21.850] [cout] [info]   kinematic_constraint_cid33. MocoConstraintInfo. number of scalar equations: 3. bounds: 0, 0, 0
[2023-12-06 00:51:21.850] [cout] [info]   kinematic_constraint_cid34. MocoConstraintInfo. number of scalar equations: 3. bounds: 0, 0, 0
[2023-12-06 00:51:21.850] [cout] [info]   kinematic_constraint_cid35. MocoConstraintInfo. number of scalar equations: 3. bounds: 0, 0, 0
[2023-12-06 00:51:21.850] [cout] [info]   kinematic_constraint_cid36. MocoConstraintInfo. number of scalar equations: 3. bounds: 0, 0, 0
[2023-12-06 00:51:21.850] [cout] [info] Path constraints: none
[2023-12-06 00:51:21.850] [cout] [info] States: (total: 74)
[2023-12-06 00:51:21.850] [cout] [info]   /jointset/ground_pelvis/pelvis_tilt/value. bounds: [-0.416282, 0.186644]
[2023-12-06 00:51:21.850] [cout] [info]   /jointset/ground_pelvis/pelvis_list/value. bounds: [-0.368943, 0.315709]
[2023-12-06 00:51:21.850] [cout] [info]   /jointset/radioulnar_r/pro_sup_r/value. bounds: [1.4108, 1.85761]
[2023-12-06 00:51:21.850] [cout] [info]   /jointset/ground_pelvis/pelvis_rotation/value. bounds: [-0.320658, 0.210013]
[2023-12-06 00:51:21.850] [cout] [info]   /jointset/ground_pelvis/pelvis_tx/value. bounds: [0.881607, 1.39768]
[2023-12-06 00:51:21.850] [cout] [info]   /jointset/elbow_r/elbow_flex_r/value. bounds: [1.36221, 2.79253]
[2023-12-06 00:51:21.850] [cout] [info]   /jointset/ground_pelvis/pelvis_ty/value. bounds: [0.820694, 1.0971]
[2023-12-06 00:51:21.850] [cout] [info]   /jointset/radius_hand_l/wrist_flex_l/speed. bounds: [-50, 50]
[2023-12-06 00:51:21.850] [cout] [info]   /jointset/ground_pelvis/pelvis_tz/value. bounds: [-0.648056, -0.201095]
[2023-12-06 00:51:21.850] [cout] [info]   /jointset/hip_r/hip_adduction_r/speed. bounds: [-50, 50]
[2023-12-06 00:51:21.850] [cout] [info]   /jointset/ankle_r/ankle_angle_r/value. bounds: [-0.727354, 0.682097]
[2023-12-06 00:51:21.850] [cout] [info]   /jointset/hip_r/hip_flexion_r/value. bounds: [-0.656584, 1.21665]
[2023-12-06 00:51:21.850] [cout] [info]   /jointset/hip_r/hip_adduction_r/value. bounds: [-0.190042, 0.413633]
[2023-12-06 00:51:21.850] [cout] [info]   /jointset/back/lumbar_rotation/speed. bounds: [-50, 50]
[2023-12-06 00:51:21.850] [cout] [info]   /jointset/hip_r/hip_rotation_r/value. bounds: [-0.232903, 0.363426]
[2023-12-06 00:51:21.850] [cout] [info]   /jointset/mtp_l/mtp_angle_l/speed. bounds: [-50, 50]
[2023-12-06 00:51:21.851] [cout] [info]   /jointset/knee_r/knee_angle_r/value. bounds: [-2.49807, 0.222118]
[2023-12-06 00:51:21.851] [cout] [info]   /jointset/subtalar_r/subtalar_angle_r/value. bounds: [-1.5708, 1.5708]
[2023-12-06 00:51:21.851] [cout] [info]   /jointset/hip_l/hip_flexion_l/value. bounds: [-0.654154, 1.04363]
[2023-12-06 00:51:21.851] [cout] [info]   /jointset/hip_l/hip_adduction_l/value. bounds: [-0.210134, 0.371171]
[2023-12-06 00:51:21.851] [cout] [info]   /jointset/hip_l/hip_rotation_l/value. bounds: [-0.261228, 0.452448]
[2023-12-06 00:51:21.851] [cout] [info]   /jointset/knee_l/knee_angle_l/value. bounds: [-2.37148, 0.264994]
[2023-12-06 00:51:21.851] [cout] [info]   /jointset/knee_r/knee_angle_r/speed. bounds: [-50, 50]
[2023-12-06 00:51:21.851] [cout] [info]   /jointset/ankle_l/ankle_angle_l/value. bounds: [-0.552348, 0.66507]
[2023-12-06 00:51:21.851] [cout] [info]   /jointset/back/lumbar_extension/value. bounds: [-0.564053, 0.15528]
[2023-12-06 00:51:21.851] [cout] [info]   /jointset/back/lumbar_bending/value. bounds: [-0.264627, 0.376048]
[2023-12-06 00:51:21.851] [cout] [info]   /jointset/back/lumbar_rotation/value. bounds: [-0.364722, 0.489145]
[2023-12-06 00:51:21.851] [cout] [info]   /jointset/acromial_r/arm_flex_r/value. bounds: [-1.35476, -0.0511101]
[2023-12-06 00:51:21.851] [cout] [info]   /jointset/acromial_r/arm_add_r/value. bounds: [-0.668113, -0.0583365]
[2023-12-06 00:51:21.851] [cout] [info]   /jointset/acromial_r/arm_rot_r/value. bounds: [-0.554685, 0.182056]
[2023-12-06 00:51:21.851] [cout] [info]   /jointset/acromial_l/arm_flex_l/value. bounds: [-1.41238, 0.0586855]
[2023-12-06 00:51:21.851] [cout] [info]   /jointset/acromial_l/arm_add_l/value. bounds: [-0.545058, -0.0678364]
[2023-12-06 00:51:21.851] [cout] [info]   /jointset/acromial_l/arm_rot_l/value. bounds: [-0.60252, 0.266614]
[2023-12-06 00:51:21.851] [cout] [info]   /jointset/elbow_l/elbow_flex_l/value. bounds: [1.44296, 2.72146]
[2023-12-06 00:51:21.851] [cout] [info]   /jointset/radioulnar_l/pro_sup_l/value. bounds: [1.42847, 1.86324]
[2023-12-06 00:51:21.851] [cout] [info]   /jointset/ground_pelvis/pelvis_tilt/speed. bounds: [-50, 50]
[2023-12-06 00:51:21.851] [cout] [info]   /jointset/ground_pelvis/pelvis_list/speed. bounds: [-50, 50]
[2023-12-06 00:51:21.851] [cout] [info]   /jointset/radioulnar_r/pro_sup_r/speed. bounds: [-50, 50]
[2023-12-06 00:51:21.851] [cout] [info]   /jointset/ground_pelvis/pelvis_rotation/speed. bounds: [-50, 50]
[2023-12-06 00:51:21.851] [cout] [info]   /jointset/ground_pelvis/pelvis_tx/speed. bounds: [-50, 50]
[2023-12-06 00:51:21.851] [cout] [info]   /jointset/elbow_r/elbow_flex_r/speed. bounds: [-50, 50]
[2023-12-06 00:51:21.851] [cout] [info]   /jointset/ground_pelvis/pelvis_ty/speed. bounds: [-50, 50]
[2023-12-06 00:51:21.851] [cout] [info]   /jointset/ground_pelvis/pelvis_tz/speed. bounds: [-50, 50]
[2023-12-06 00:51:21.851] [cout] [info]   /jointset/ankle_r/ankle_angle_r/speed. bounds: [-50, 50]
[2023-12-06 00:51:21.851] [cout] [info]   /jointset/hip_r/hip_flexion_r/speed. bounds: [-50, 50]
[2023-12-06 00:51:21.851] [cout] [info]   /jointset/hip_r/hip_rotation_r/speed. bounds: [-50, 50]
[2023-12-06 00:51:21.851] [cout] [info]   /jointset/hip_l/hip_flexion_l/speed. bounds: [-50, 50]
[2023-12-06 00:51:21.851] [cout] [info]   /jointset/subtalar_r/subtalar_angle_r/speed. bounds: [-50, 50]
[2023-12-06 00:51:21.851] [cout] [info]   /jointset/mtp_r/mtp_angle_r/value. bounds: [-1.5708, 1.5708]
[2023-12-06 00:51:21.851] [cout] [info]   /jointset/mtp_r/mtp_angle_r/speed. bounds: [-50, 50]
[2023-12-06 00:51:21.851] [cout] [info]   /jointset/hip_l/hip_adduction_l/speed. bounds: [-50, 50]
[2023-12-06 00:51:21.851] [cout] [info]   /jointset/hip_l/hip_rotation_l/speed. bounds: [-50, 50]
[2023-12-06 00:51:21.851] [cout] [info]   /jointset/knee_l/knee_angle_l/speed. bounds: [-50, 50]
[2023-12-06 00:51:21.851] [cout] [info]   /jointset/ankle_l/ankle_angle_l/speed. bounds: [-50, 50]
[2023-12-06 00:51:21.851] [cout] [info]   /jointset/subtalar_l/subtalar_angle_l/value. bounds: [-1.5708, 1.5708]
[2023-12-06 00:51:21.851] [cout] [info]   /jointset/subtalar_l/subtalar_angle_l/speed. bounds: [-50, 50]
[2023-12-06 00:51:21.851] [cout] [info]   /jointset/mtp_l/mtp_angle_l/value. bounds: [-1.0472, 1.0472]
[2023-12-06 00:51:21.851] [cout] [info]   /jointset/back/lumbar_extension/speed. bounds: [-50, 50]
[2023-12-06 00:51:21.851] [cout] [info]   /jointset/back/lumbar_bending/speed. bounds: [-50, 50]
[2023-12-06 00:51:21.851] [cout] [info]   /jointset/acromial_r/arm_flex_r/speed. bounds: [-50, 50]
[2023-12-06 00:51:21.851] [cout] [info]   /jointset/acromial_r/arm_add_r/speed. bounds: [-50, 50]
[2023-12-06 00:51:21.851] [cout] [info]   /jointset/acromial_r/arm_rot_r/speed. bounds: [-50, 50]
[2023-12-06 00:51:21.851] [cout] [info]   /jointset/radius_hand_r/wrist_flex_r/value. bounds: [-1.22173, 1.22173]
[2023-12-06 00:51:21.851] [cout] [info]   /jointset/radius_hand_r/wrist_flex_r/speed. bounds: [-50, 50]
[2023-12-06 00:51:21.851] [cout] [info]   /jointset/radius_hand_r/wrist_dev_r/value. bounds: [-0.436332, 0.610865]
[2023-12-06 00:51:21.851] [cout] [info]   /jointset/radius_hand_r/wrist_dev_r/speed. bounds: [-50, 50]
[2023-12-06 00:51:21.851] [cout] [info]   /jointset/acromial_l/arm_flex_l/speed. bounds: [-50, 50]
[2023-12-06 00:51:21.851] [cout] [info]   /jointset/acromial_l/arm_add_l/speed. bounds: [-50, 50]
[2023-12-06 00:51:21.851] [cout] [info]   /jointset/acromial_l/arm_rot_l/speed. bounds: [-50, 50]
[2023-12-06 00:51:21.851] [cout] [info]   /jointset/elbow_l/elbow_flex_l/speed. bounds: [-50, 50]
[2023-12-06 00:51:21.851] [cout] [info]   /jointset/radioulnar_l/pro_sup_l/speed. bounds: [-50, 50]
[2023-12-06 00:51:21.851] [cout] [info]   /jointset/radius_hand_l/wrist_flex_l/value. bounds: [-1.22173, 1.22173]
[2023-12-06 00:51:21.851] [cout] [info]   /jointset/radius_hand_l/wrist_dev_l/value. bounds: [-0.436332, 0.610865]
[2023-12-06 00:51:21.851] [cout] [info]   /jointset/radius_hand_l/wrist_dev_l/speed. bounds: [-50, 50]
[2023-12-06 00:51:21.851] [cout] [info] Controls: (total: 29)
[2023-12-06 00:51:21.851] [cout] [info]   /forceset/pelvis_tx_actuator. bounds: [-10000, 10000]
[2023-12-06 00:51:21.851] [cout] [info]   /forceset/pelvis_ty_actuator. bounds: [-10000, 10000]
[2023-12-06 00:51:21.851] [cout] [info]   /forceset/pelvis_tz_actuator. bounds: [-10000, 10000]
[2023-12-06 00:51:21.851] [cout] [info]   /forceset/arm_flex_r_actuator. bounds: [-1, 1]
[2023-12-06 00:51:21.851] [cout] [info]   /forceset/hip_rotation_r_actuator. bounds: [-1, 1]
[2023-12-06 00:51:21.851] [cout] [info]   /forceset/pelvis_tilt_actuator. bounds: [-10000, 10000]
[2023-12-06 00:51:21.851] [cout] [info]   /forceset/pelvis_list_actuator. bounds: [-10000, 10000]
[2023-12-06 00:51:21.851] [cout] [info]   /forceset/pelvis_rotation_actuator. bounds: [-10000, 10000]
[2023-12-06 00:51:21.851] [cout] [info]   /forceset/elbow_flex_l_actuator. bounds: [-1, 1]
[2023-12-06 00:51:21.851] [cout] [info]   /forceset/hip_adduction_l_actuator. bounds: [-1, 1]
[2023-12-06 00:51:21.851] [cout] [info]   /forceset/hip_flexion_r_actuator. bounds: [-1, 1]
[2023-12-06 00:51:21.851] [cout] [info]   /forceset/elbow_flex_r_actuator. bounds: [-1, 1]
[2023-12-06 00:51:21.851] [cout] [info]   /forceset/hip_flexion_l_actuator. bounds: [-1, 1]
[2023-12-06 00:51:21.851] [cout] [info]   /forceset/hip_adduction_r_actuator. bounds: [-1, 1]
[2023-12-06 00:51:21.851] [cout] [info]   /forceset/knee_angle_r_actuator. bounds: [-1, 1]
[2023-12-06 00:51:21.851] [cout] [info]   /forceset/lumbar_rotation_actuator. bounds: [-1, 1]
[2023-12-06 00:51:21.851] [cout] [info]   /forceset/ankle_angle_r_actuator. bounds: [-1, 1]
[2023-12-06 00:51:21.851] [cout] [info]   /forceset/arm_flex_l_actuator. bounds: [-1, 1]
[2023-12-06 00:51:21.851] [cout] [info]   /forceset/hip_rotation_l_actuator. bounds: [-1, 1]
[2023-12-06 00:51:21.851] [cout] [info]   /forceset/knee_angle_l_actuator. bounds: [-1, 1]
[2023-12-06 00:51:21.851] [cout] [info]   /forceset/ankle_angle_l_actuator. bounds: [-1, 1]
[2023-12-06 00:51:21.851] [cout] [info]   /forceset/lumbar_extension_actuator. bounds: [-1, 1]
[2023-12-06 00:51:21.852] [cout] [info]   /forceset/lumbar_bending_actuator. bounds: [-1, 1]
[2023-12-06 00:51:21.852] [cout] [info]   /forceset/arm_add_r_actuator. bounds: [-1, 1]
[2023-12-06 00:51:21.852] [cout] [info]   /forceset/arm_rot_r_actuator. bounds: [-1, 1]
[2023-12-06 00:51:21.852] [cout] [info]   /forceset/pro_sup_r_actuator. bounds: [-1, 1]
[2023-12-06 00:51:21.852] [cout] [info]   /forceset/arm_add_l_actuator. bounds: [-1, 1]
[2023-12-06 00:51:21.852] [cout] [info]   /forceset/arm_rot_l_actuator. bounds: [-1, 1]
[2023-12-06 00:51:21.852] [cout] [info]   /forceset/pro_sup_l_actuator. bounds: [-1, 1]
[2023-12-06 00:51:21.852] [cout] [info] Parameters: none
[2023-12-06 00:51:21.940] [info] ExternalForce::externalforce Data source being set to Run_500 04_newCOP3_v24.mot
[2023-12-06 00:51:21.940] [info] ExternalForce::externalforce_0 Data source being set to Run_500 04_newCOP3_v24.mot
[2023-12-06 00:51:22.035] [info] ExternalForce::externalforce Data source being set to Run_500 04_newCOP3_v24.mot
[2023-12-06 00:51:22.035] [info] ExternalForce::externalforce_0 Data source being set to Run_500 04_newCOP3_v24.mot
[2023-12-06 00:51:22.143] [info] ExternalForce::externalforce Data source being set to Run_500 04_newCOP3_v24.mot
[2023-12-06 00:51:22.143] [info] ExternalForce::externalforce_0 Data source being set to Run_500 04_newCOP3_v24.mot
[2023-12-06 00:51:22.242] [info] ExternalForce::externalforce Data source being set to Run_500 04_newCOP3_v24.mot
[2023-12-06 00:51:22.242] [info] ExternalForce::externalforce_0 Data source being set to Run_500 04_newCOP3_v24.mot
[2023-12-06 00:51:22.353] [info] ExternalForce::externalforce Data source being set to Run_500 04_newCOP3_v24.mot
[2023-12-06 00:51:22.353] [info] ExternalForce::externalforce_0 Data source being set to Run_500 04_newCOP3_v24.mot
[2023-12-06 00:51:22.453] [info] ExternalForce::externalforce Data source being set to Run_500 04_newCOP3_v24.mot
[2023-12-06 00:51:22.453] [info] ExternalForce::externalforce_0 Data source being set to Run_500 04_newCOP3_v24.mot
[2023-12-06 00:51:22.571] [info] ExternalForce::externalforce Data source being set to Run_500 04_newCOP3_v24.mot
[2023-12-06 00:51:22.571] [info] ExternalForce::externalforce_0 Data source being set to Run_500 04_newCOP3_v24.mot
[2023-12-06 00:51:22.672] [info] ExternalForce::externalforce Data source being set to Run_500 04_newCOP3_v24.mot
[2023-12-06 00:51:22.672] [info] ExternalForce::externalforce_0 Data source being set to Run_500 04_newCOP3_v24.mot
[2023-12-06 00:51:22.788] [info] ExternalForce::externalforce Data source being set to Run_500 04_newCOP3_v24.mot
[2023-12-06 00:51:22.788] [info] ExternalForce::externalforce_0 Data source being set to Run_500 04_newCOP3_v24.mot
[2023-12-06 00:51:22.888] [info] ExternalForce::externalforce Data source being set to Run_500 04_newCOP3_v24.mot
[2023-12-06 00:51:22.888] [info] ExternalForce::externalforce_0 Data source being set to Run_500 04_newCOP3_v24.mot
[2023-12-06 00:51:23.000] [info] ExternalForce::externalforce Data source being set to Run_500 04_newCOP3_v24.mot
[2023-12-06 00:51:23.000] [info] ExternalForce::externalforce_0 Data source being set to Run_500 04_newCOP3_v24.mot
[2023-12-06 00:51:23.100] [info] ExternalForce::externalforce Data source being set to Run_500 04_newCOP3_v24.mot
[2023-12-06 00:51:23.100] [info] ExternalForce::externalforce_0 Data source being set to Run_500 04_newCOP3_v24.mot
[2023-12-06 00:51:23.213] [info] ExternalForce::externalforce Data source being set to Run_500 04_newCOP3_v24.mot
[2023-12-06 00:51:23.213] [info] ExternalForce::externalforce_0 Data source being set to Run_500 04_newCOP3_v24.mot
[2023-12-06 00:51:23.314] [info] ExternalForce::externalforce Data source being set to Run_500 04_newCOP3_v24.mot
[2023-12-06 00:51:23.314] [info] ExternalForce::externalforce_0 Data source being set to Run_500 04_newCOP3_v24.mot
[2023-12-06 00:51:23.432] [info] ExternalForce::externalforce Data source being set to Run_500 04_newCOP3_v24.mot
[2023-12-06 00:51:23.432] [info] ExternalForce::externalforce_0 Data source being set to Run_500 04_newCOP3_v24.mot
[2023-12-06 00:51:23.539] [info] ExternalForce::externalforce Data source being set to Run_500 04_newCOP3_v24.mot
[2023-12-06 00:51:23.539] [info] ExternalForce::externalforce_0 Data source being set to Run_500 04_newCOP3_v24.mot
[2023-12-06 00:51:23.564] [info] Number of threads: 8
[2023-12-06 01:08:13.862] [info] Set log level to Info.
[2023-12-06 01:08:13.890] [info] ------------------------------------------------------------------------
[2023-12-06 01:08:13.890] [info] Elapsed real time: 1012 second(s) (16 minute(s), 52 second(s)).
[2023-12-06 01:08:13.890] [info] Wed Dec  6 01:08:13 2023
[2023-12-06 01:08:13.890] [info] MocoCasADiSolver succeeded!
[2023-12-06 01:08:13.890] [info] ========================================================================
