[2023-03-11 00:03:38.733] [info] ExternalForce::externalforce Data source being set to Run_500 02_newCOP3_v24.mot
[2023-03-11 00:03:38.733] [info] ExternalForce::externalforce_0 Data source being set to Run_500 02_newCOP3_v24.mot
[2023-03-11 00:03:39.026] [info] ExternalForce::externalforce Data source being set to Run_500 02_newCOP3_v24.mot
[2023-03-11 00:03:39.026] [info] ExternalForce::externalforce_0 Data source being set to Run_500 02_newCOP3_v24.mot
[2023-03-11 00:03:39.210] [info] ExternalForce::externalforce Data source being set to Run_500 02_newCOP3_v24.mot
[2023-03-11 00:03:39.211] [info] ExternalForce::externalforce_0 Data source being set to Run_500 02_newCOP3_v24.mot
[2023-03-11 00:03:39.360] [info] ExternalForce::externalforce Data source being set to Run_500 02_newCOP3_v24.mot
[2023-03-11 00:03:39.360] [info] ExternalForce::externalforce_0 Data source being set to Run_500 02_newCOP3_v24.mot
[2023-03-11 00:03:39.530] [info] ExternalForce::externalforce Data source being set to Run_500 02_newCOP3_v24.mot
[2023-03-11 00:03:39.530] [info] ExternalForce::externalforce_0 Data source being set to Run_500 02_newCOP3_v24.mot
[2023-03-11 00:03:39.671] [info] ExternalForce::externalforce Data source being set to Run_500 02_newCOP3_v24.mot
[2023-03-11 00:03:39.671] [info] ExternalForce::externalforce_0 Data source being set to Run_500 02_newCOP3_v24.mot
[2023-03-11 00:03:39.804] [info] ExternalForce::externalforce Data source being set to Run_500 02_newCOP3_v24.mot
[2023-03-11 00:03:39.804] [info] ExternalForce::externalforce_0 Data source being set to Run_500 02_newCOP3_v24.mot
[2023-03-11 00:03:39.979] [info] ExternalForce::externalforce Data source being set to Run_500 02_newCOP3_v24.mot
[2023-03-11 00:03:39.979] [info] ExternalForce::externalforce_0 Data source being set to Run_500 02_newCOP3_v24.mot
[2023-03-11 00:03:40.137] [info] ExternalForce::externalforce Data source being set to Run_500 02_newCOP3_v24.mot
[2023-03-11 00:03:40.137] [info] ExternalForce::externalforce_0 Data source being set to Run_500 02_newCOP3_v24.mot
[2023-03-11 00:03:40.273] [info] ExternalForce::externalforce Data source being set to Run_500 02_newCOP3_v24.mot
[2023-03-11 00:03:40.273] [info] ExternalForce::externalforce_0 Data source being set to Run_500 02_newCOP3_v24.mot
[2023-03-11 00:03:40.445] [info] ExternalForce::externalforce Data source being set to Run_500 02_newCOP3_v24.mot
[2023-03-11 00:03:40.445] [info] ExternalForce::externalforce_0 Data source being set to Run_500 02_newCOP3_v24.mot
[2023-03-11 00:03:40.599] [info] ExternalForce::externalforce Data source being set to Run_500 02_newCOP3_v24.mot
[2023-03-11 00:03:40.599] [info] ExternalForce::externalforce_0 Data source being set to Run_500 02_newCOP3_v24.mot
[2023-03-11 00:03:40.728] [info] ExternalForce::externalforce Data source being set to Run_500 02_newCOP3_v24.mot
[2023-03-11 00:03:40.728] [info] ExternalForce::externalforce_0 Data source being set to Run_500 02_newCOP3_v24.mot
[2023-03-11 00:03:40.882] [info] ExternalForce::externalforce Data source being set to Run_500 02_newCOP3_v24.mot
[2023-03-11 00:03:40.882] [info] ExternalForce::externalforce_0 Data source being set to Run_500 02_newCOP3_v24.mot
[2023-03-11 00:03:41.022] [info] ExternalForce::externalforce Data source being set to Run_500 02_newCOP3_v24.mot
[2023-03-11 00:03:41.023] [info] ExternalForce::externalforce_0 Data source being set to Run_500 02_newCOP3_v24.mot
[2023-03-11 00:03:41.226] [info] ExternalForce::externalforce Data source being set to Run_500 02_newCOP3_v24.mot
[2023-03-11 00:03:41.226] [info] ExternalForce::externalforce_0 Data source being set to Run_500 02_newCOP3_v24.mot
[2023-03-11 00:03:41.369] [info] ExternalForce::externalforce Data source being set to Run_500 02_newCOP3_v24.mot
[2023-03-11 00:03:41.369] [info] ExternalForce::externalforce_0 Data source being set to Run_500 02_newCOP3_v24.mot
[2023-03-11 00:03:41.521] [info] ExternalForce::externalforce Data source being set to Run_500 02_newCOP3_v24.mot
[2023-03-11 00:03:41.521] [info] ExternalForce::externalforce_0 Data source being set to Run_500 02_newCOP3_v24.mot
[2023-03-11 00:03:41.689] [info] ExternalForce::externalforce Data source being set to Run_500 02_newCOP3_v24.mot
[2023-03-11 00:03:41.689] [info] ExternalForce::externalforce_0 Data source being set to Run_500 02_newCOP3_v24.mot
[2023-03-11 00:03:41.868] [info] ExternalForce::externalforce Data source being set to Run_500 02_newCOP3_v24.mot
[2023-03-11 00:03:41.868] [info] ExternalForce::externalforce_0 Data source being set to Run_500 02_newCOP3_v24.mot
[2023-03-11 00:03:42.021] [info] ExternalForce::externalforce Data source being set to Run_500 02_newCOP3_v24.mot
[2023-03-11 00:03:42.021] [info] ExternalForce::externalforce_0 Data source being set to Run_500 02_newCOP3_v24.mot
[2023-03-11 00:03:42.192] [info] ExternalForce::externalforce Data source being set to Run_500 02_newCOP3_v24.mot
[2023-03-11 00:03:42.192] [info] ExternalForce::externalforce_0 Data source being set to Run_500 02_newCOP3_v24.mot
[2023-03-11 00:03:42.842] [info] ExternalForce::externalforce Data source being set to Run_500 02_newCOP3_v24.mot
[2023-03-11 00:03:42.842] [info] ExternalForce::externalforce_0 Data source being set to Run_500 02_newCOP3_v24.mot
[2023-03-11 00:03:42.984] [info] ExternalForce::externalforce Data source being set to Run_500 02_newCOP3_v24.mot
[2023-03-11 00:03:42.984] [info] ExternalForce::externalforce_0 Data source being set to Run_500 02_newCOP3_v24.mot
[2023-03-11 00:03:43.131] [info] ExternalForce::externalforce Data source being set to Run_500 02_newCOP3_v24.mot
[2023-03-11 00:03:43.131] [info] ExternalForce::externalforce_0 Data source being set to Run_500 02_newCOP3_v24.mot
[2023-03-11 00:03:43.280] [info] ExternalForce::externalforce Data source being set to Run_500 02_newCOP3_v24.mot
[2023-03-11 00:03:43.280] [info] ExternalForce::externalforce_0 Data source being set to Run_500 02_newCOP3_v24.mot
[2023-03-11 00:03:43.484] [info] ExternalForce::externalforce Data source being set to Run_500 02_newCOP3_v24.mot
[2023-03-11 00:03:43.484] [info] ExternalForce::externalforce_0 Data source being set to Run_500 02_newCOP3_v24.mot
[2023-03-11 00:03:43.660] [info] ExternalForce::externalforce Data source being set to Run_500 02_newCOP3_v24.mot
[2023-03-11 00:03:43.660] [info] ExternalForce::externalforce_0 Data source being set to Run_500 02_newCOP3_v24.mot
[2023-03-11 00:03:43.816] [info] ExternalForce::externalforce Data source being set to Run_500 02_newCOP3_v24.mot
[2023-03-11 00:03:43.816] [info] ExternalForce::externalforce_0 Data source being set to Run_500 02_newCOP3_v24.mot
[2023-03-11 00:03:43.980] [info] ExternalForce::externalforce Data source being set to Run_500 02_newCOP3_v24.mot
[2023-03-11 00:03:43.980] [info] ExternalForce::externalforce_0 Data source being set to Run_500 02_newCOP3_v24.mot
[2023-03-11 00:03:44.017] [info] ========================================================================
[2023-03-11 00:03:44.017] [info] MocoCasADiSolver starting.
[2023-03-11 00:03:44.017] [info] Sat Mar 11 00:03:44 2023
[2023-03-11 00:03:44.017] [info] ------------------------------------------------------------------------
[2023-03-11 00:03:44.017] [cout] [info] Costs: (total: 2)
[2023-03-11 00:03:44.017] [cout] [info]   state_tracking. MocoStateTrackingGoal, enabled: true, mode: cost, weight: 1.0
[2023-03-11 00:03:44.017] [cout] [info]         state: /jointset/ground_pelvis/pelvis_tilt/value, weight: 750.0
[2023-03-11 00:03:44.017] [cout] [info]         state: /jointset/ground_pelvis/pelvis_list/value, weight: 250.0
[2023-03-11 00:03:44.017] [cout] [info]         state: /jointset/ground_pelvis/pelvis_rotation/value, weight: 50.0
[2023-03-11 00:03:44.017] [cout] [info]         state: /jointset/ground_pelvis/pelvis_tx/value, weight: 25.0
[2023-03-11 00:03:44.017] [cout] [info]         state: /jointset/ground_pelvis/pelvis_ty/value, weight: 100.0
[2023-03-11 00:03:44.017] [cout] [info]         state: /jointset/ground_pelvis/pelvis_tz/value, weight: 25.0
[2023-03-11 00:03:44.017] [cout] [info]         state: /jointset/hip_r/hip_flexion_r/value, weight: 75.0
[2023-03-11 00:03:44.017] [cout] [info]         state: /jointset/hip_r/hip_adduction_r/value, weight: 50.0
[2023-03-11 00:03:44.017] [cout] [info]         state: /jointset/hip_r/hip_rotation_r/value, weight: 10.0
[2023-03-11 00:03:44.017] [cout] [info]         state: /jointset/knee_r/knee_angle_r/value, weight: 10.0
[2023-03-11 00:03:44.018] [cout] [info]         state: /jointset/ankle_r/ankle_angle_r/value, weight: 10.0
[2023-03-11 00:03:44.018] [cout] [info]         state: /jointset/hip_l/hip_flexion_l/value, weight: 75.0
[2023-03-11 00:03:44.018] [cout] [info]         state: /jointset/hip_l/hip_adduction_l/value, weight: 50.0
[2023-03-11 00:03:44.018] [cout] [info]         state: /jointset/hip_l/hip_rotation_l/value, weight: 10.0
[2023-03-11 00:03:44.018] [cout] [info]         state: /jointset/knee_l/knee_angle_l/value, weight: 10.0
[2023-03-11 00:03:44.018] [cout] [info]         state: /jointset/ankle_l/ankle_angle_l/value, weight: 10.0
[2023-03-11 00:03:44.018] [cout] [info]         state: /jointset/back/lumbar_extension/value, weight: 75.0
[2023-03-11 00:03:44.018] [cout] [info]         state: /jointset/back/lumbar_bending/value, weight: 50.0
[2023-03-11 00:03:44.018] [cout] [info]         state: /jointset/back/lumbar_rotation/value, weight: 25.0
[2023-03-11 00:03:44.018] [cout] [info]         state: /jointset/acromial_r/arm_flex_r/value, weight: 1.0
[2023-03-11 00:03:44.018] [cout] [info]         state: /jointset/acromial_r/arm_add_r/value, weight: 1.0
[2023-03-11 00:03:44.018] [cout] [info]         state: /jointset/acromial_r/arm_rot_r/value, weight: 1.0
[2023-03-11 00:03:44.018] [cout] [info]         state: /jointset/elbow_r/elbow_flex_r/value, weight: 1.0
[2023-03-11 00:03:44.018] [cout] [info]         state: /jointset/radioulnar_r/pro_sup_r/value, weight: 1.0
[2023-03-11 00:03:44.018] [cout] [info]         state: /jointset/acromial_l/arm_flex_l/value, weight: 1.0
[2023-03-11 00:03:44.018] [cout] [info]         state: /jointset/acromial_l/arm_add_l/value, weight: 1.0
[2023-03-11 00:03:44.018] [cout] [info]         state: /jointset/acromial_l/arm_rot_l/value, weight: 1.0
[2023-03-11 00:03:44.018] [cout] [info]         state: /jointset/elbow_l/elbow_flex_l/value, weight: 1.0
[2023-03-11 00:03:44.018] [cout] [info]         state: /jointset/radioulnar_l/pro_sup_l/value, weight: 1.0
[2023-03-11 00:03:44.018] [cout] [info]         state: /jointset/subtalar_r/subtalar_angle_r/value, weight: 0.0
[2023-03-11 00:03:44.018] [cout] [info]         state: /jointset/mtp_r/mtp_angle_r/value, weight: 0.0
[2023-03-11 00:03:44.018] [cout] [info]         state: /jointset/subtalar_l/subtalar_angle_l/value, weight: 0.0
[2023-03-11 00:03:44.018] [cout] [info]         state: /jointset/mtp_l/mtp_angle_l/value, weight: 0.0
[2023-03-11 00:03:44.018] [cout] [info]         state: /jointset/radius_hand_r/wrist_flex_r/value, weight: 0.0
[2023-03-11 00:03:44.018] [cout] [info]         state: /jointset/radius_hand_r/wrist_dev_r/value, weight: 0.0
[2023-03-11 00:03:44.018] [cout] [info]         state: /jointset/radius_hand_l/wrist_flex_l/value, weight: 0.0
[2023-03-11 00:03:44.018] [cout] [info]         state: /jointset/radius_hand_l/wrist_dev_l/value, weight: 0.0
[2023-03-11 00:03:44.018] [cout] [info]   control_effort. MocoControlGoal, enabled: true, mode: cost, weight: 0.00100000
[2023-03-11 00:03:44.018] [cout] [info]         control: /forceset/pelvis_tx_actuator, weight: 1.0
[2023-03-11 00:03:44.018] [cout] [info]         control: /forceset/pelvis_ty_actuator, weight: 1.0
[2023-03-11 00:03:44.018] [cout] [info]         control: /forceset/pelvis_tz_actuator, weight: 1.0
[2023-03-11 00:03:44.018] [cout] [info]         control: /forceset/pelvis_tilt_actuator, weight: 1.0
[2023-03-11 00:03:44.018] [cout] [info]         control: /forceset/pelvis_list_actuator, weight: 1.0
[2023-03-11 00:03:44.018] [cout] [info]         control: /forceset/pelvis_rotation_actuator, weight: 1.0
[2023-03-11 00:03:44.018] [cout] [info]         control: /forceset/hip_flexion_r_actuator, weight: 1.0
[2023-03-11 00:03:44.018] [cout] [info]         control: /forceset/hip_adduction_r_actuator, weight: 1.0
[2023-03-11 00:03:44.018] [cout] [info]         control: /forceset/hip_rotation_r_actuator, weight: 1.0
[2023-03-11 00:03:44.018] [cout] [info]         control: /forceset/knee_angle_r_actuator, weight: 1.0
[2023-03-11 00:03:44.018] [cout] [info]         control: /forceset/ankle_angle_r_actuator, weight: 1.0
[2023-03-11 00:03:44.019] [cout] [info]         control: /forceset/hip_flexion_l_actuator, weight: 1.0
[2023-03-11 00:03:44.019] [cout] [info]         control: /forceset/hip_adduction_l_actuator, weight: 1.0
[2023-03-11 00:03:44.019] [cout] [info]         control: /forceset/hip_rotation_l_actuator, weight: 1.0
[2023-03-11 00:03:44.019] [cout] [info]         control: /forceset/knee_angle_l_actuator, weight: 1.0
[2023-03-11 00:03:44.019] [cout] [info]         control: /forceset/ankle_angle_l_actuator, weight: 1.0
[2023-03-11 00:03:44.019] [cout] [info]         control: /forceset/lumbar_extension_actuator, weight: 1.0
[2023-03-11 00:03:44.019] [cout] [info]         control: /forceset/lumbar_bending_actuator, weight: 1.0
[2023-03-11 00:03:44.019] [cout] [info]         control: /forceset/lumbar_rotation_actuator, weight: 1.0
[2023-03-11 00:03:44.019] [cout] [info]         control: /forceset/arm_flex_r_actuator, weight: 1.0
[2023-03-11 00:03:44.019] [cout] [info]         control: /forceset/arm_add_r_actuator, weight: 1.0
[2023-03-11 00:03:44.019] [cout] [info]         control: /forceset/arm_rot_r_actuator, weight: 1.0
[2023-03-11 00:03:44.019] [cout] [info]         control: /forceset/elbow_flex_r_actuator, weight: 1.0
[2023-03-11 00:03:44.019] [cout] [info]         control: /forceset/pro_sup_r_actuator, weight: 1.0
[2023-03-11 00:03:44.019] [cout] [info]         control: /forceset/arm_flex_l_actuator, weight: 1.0
[2023-03-11 00:03:44.019] [cout] [info]         control: /forceset/arm_add_l_actuator, weight: 1.0
[2023-03-11 00:03:44.019] [cout] [info]         control: /forceset/arm_rot_l_actuator, weight: 1.0
[2023-03-11 00:03:44.019] [cout] [info]         control: /forceset/elbow_flex_l_actuator, weight: 1.0
[2023-03-11 00:03:44.019] [cout] [info]         control: /forceset/pro_sup_l_actuator, weight: 1.0
[2023-03-11 00:03:44.019] [cout] [info] Endpoint constraints: none
[2023-03-11 00:03:44.019] [cout] [info] Kinematic constraints: (total: 8)
[2023-03-11 00:03:44.019] [cout] [info]   kinematic_constraint_cid27. MocoConstraintInfo. number of scalar equations: 3. bounds: 0, 0, 0
[2023-03-11 00:03:44.019] [cout] [info]   kinematic_constraint_cid28. MocoConstraintInfo. number of scalar equations: 3. bounds: 0, 0, 0
[2023-03-11 00:03:44.019] [cout] [info]   kinematic_constraint_cid31. MocoConstraintInfo. number of scalar equations: 3. bounds: 0, 0, 0
[2023-03-11 00:03:44.019] [cout] [info]   kinematic_constraint_cid32. MocoConstraintInfo. number of scalar equations: 3. bounds: 0, 0, 0
[2023-03-11 00:03:44.019] [cout] [info]   kinematic_constraint_cid33. MocoConstraintInfo. number of scalar equations: 3. bounds: 0, 0, 0
[2023-03-11 00:03:44.019] [cout] [info]   kinematic_constraint_cid34. MocoConstraintInfo. number of scalar equations: 3. bounds: 0, 0, 0
[2023-03-11 00:03:44.019] [cout] [info]   kinematic_constraint_cid35. MocoConstraintInfo. number of scalar equations: 3. bounds: 0, 0, 0
[2023-03-11 00:03:44.019] [cout] [info]   kinematic_constraint_cid36. MocoConstraintInfo. number of scalar equations: 3. bounds: 0, 0, 0
[2023-03-11 00:03:44.019] [cout] [info] Path constraints: none
[2023-03-11 00:03:44.019] [cout] [info] States: (total: 74)
[2023-03-11 00:03:44.019] [cout] [info]   /jointset/ground_pelvis/pelvis_tilt/value. bounds: [-0.44236, 0.127334]
[2023-03-11 00:03:44.019] [cout] [info]   /jointset/ground_pelvis/pelvis_list/value. bounds: [-0.326716, 0.321071]
[2023-03-11 00:03:44.019] [cout] [info]   /jointset/radioulnar_r/pro_sup_r/value. bounds: [1.27311, 1.81776]
[2023-03-11 00:03:44.019] [cout] [info]   /jointset/ground_pelvis/pelvis_rotation/value. bounds: [-0.311291, 0.382838]
[2023-03-11 00:03:44.020] [cout] [info]   /jointset/ground_pelvis/pelvis_tx/value. bounds: [0.56, 1.11069]
[2023-03-11 00:03:44.020] [cout] [info]   /jointset/elbow_r/elbow_flex_r/value. bounds: [1.13868, 2.47183]
[2023-03-11 00:03:44.020] [cout] [info]   /jointset/ground_pelvis/pelvis_ty/value. bounds: [0.786628, 1.10519]
[2023-03-11 00:03:44.020] [cout] [info]   /jointset/radius_hand_l/wrist_flex_l/speed. bounds: [-50, 50]
[2023-03-11 00:03:44.020] [cout] [info]   /jointset/ground_pelvis/pelvis_tz/value. bounds: [-0.532828, -0.0898684]
[2023-03-11 00:03:44.020] [cout] [info]   /jointset/hip_r/hip_adduction_r/speed. bounds: [-50, 50]
[2023-03-11 00:03:44.020] [cout] [info]   /jointset/ankle_r/ankle_angle_r/value. bounds: [-0.767001, 0.734838]
[2023-03-11 00:03:44.020] [cout] [info]   /jointset/hip_r/hip_flexion_r/value. bounds: [-0.528376, 1.38839]
[2023-03-11 00:03:44.020] [cout] [info]   /jointset/hip_r/hip_adduction_r/value. bounds: [-0.286723, 0.343347]
[2023-03-11 00:03:44.020] [cout] [info]   /jointset/back/lumbar_rotation/speed. bounds: [-50, 50]
[2023-03-11 00:03:44.020] [cout] [info]   /jointset/hip_r/hip_rotation_r/value. bounds: [-0.47426, 0.115906]
[2023-03-11 00:03:44.020] [cout] [info]   /jointset/mtp_l/mtp_angle_l/speed. bounds: [-50, 50]
[2023-03-11 00:03:44.020] [cout] [info]   /jointset/knee_r/knee_angle_r/value. bounds: [-2.82732, 0.0429796]
[2023-03-11 00:03:44.020] [cout] [info]   /jointset/subtalar_r/subtalar_angle_r/value. bounds: [-1.5708, 1.5708]
[2023-03-11 00:03:44.020] [cout] [info]   /jointset/hip_l/hip_flexion_l/value. bounds: [-0.499836, 1.34368]
[2023-03-11 00:03:44.020] [cout] [info]   /jointset/hip_l/hip_adduction_l/value. bounds: [-0.263343, 0.394596]
[2023-03-11 00:03:44.020] [cout] [info]   /jointset/hip_l/hip_rotation_l/value. bounds: [-0.277337, 0.243212]
[2023-03-11 00:03:44.020] [cout] [info]   /jointset/knee_l/knee_angle_l/value. bounds: [-2.5508, 0.109661]
[2023-03-11 00:03:44.020] [cout] [info]   /jointset/knee_r/knee_angle_r/speed. bounds: [-50, 50]
[2023-03-11 00:03:44.020] [cout] [info]   /jointset/ankle_l/ankle_angle_l/value. bounds: [-0.808306, 0.702104]
[2023-03-11 00:03:44.020] [cout] [info]   /jointset/back/lumbar_extension/value. bounds: [-0.394508, 0.172806]
[2023-03-11 00:03:44.020] [cout] [info]   /jointset/back/lumbar_bending/value. bounds: [-0.275442, 0.270934]
[2023-03-11 00:03:44.020] [cout] [info]   /jointset/back/lumbar_rotation/value. bounds: [-0.443349, 0.473621]
[2023-03-11 00:03:44.020] [cout] [info]   /jointset/acromial_r/arm_flex_r/value. bounds: [-1.21799, 0.244577]
[2023-03-11 00:03:44.020] [cout] [info]   /jointset/acromial_r/arm_add_r/value. bounds: [-0.857418, -0.146678]
[2023-03-11 00:03:44.020] [cout] [info]   /jointset/acromial_r/arm_rot_r/value. bounds: [-0.425189, 0.225103]
[2023-03-11 00:03:44.020] [cout] [info]   /jointset/acromial_l/arm_flex_l/value. bounds: [-0.990226, 0.397558]
[2023-03-11 00:03:44.020] [cout] [info]   /jointset/acromial_l/arm_add_l/value. bounds: [-0.802774, -0.224138]
[2023-03-11 00:03:44.020] [cout] [info]   /jointset/acromial_l/arm_rot_l/value. bounds: [-0.45948, 0.272872]
[2023-03-11 00:03:44.020] [cout] [info]   /jointset/elbow_l/elbow_flex_l/value. bounds: [1.46157, 2.5319]
[2023-03-11 00:03:44.020] [cout] [info]   /jointset/radioulnar_l/pro_sup_l/value. bounds: [1.70382, 2.44247]
[2023-03-11 00:03:44.020] [cout] [info]   /jointset/ground_pelvis/pelvis_tilt/speed. bounds: [-50, 50]
[2023-03-11 00:03:44.020] [cout] [info]   /jointset/ground_pelvis/pelvis_list/speed. bounds: [-50, 50]
[2023-03-11 00:03:44.020] [cout] [info]   /jointset/radioulnar_r/pro_sup_r/speed. bounds: [-50, 50]
[2023-03-11 00:03:44.021] [cout] [info]   /jointset/ground_pelvis/pelvis_rotation/speed. bounds: [-50, 50]
[2023-03-11 00:03:44.021] [cout] [info]   /jointset/ground_pelvis/pelvis_tx/speed. bounds: [-50, 50]
[2023-03-11 00:03:44.021] [cout] [info]   /jointset/elbow_r/elbow_flex_r/speed. bounds: [-50, 50]
[2023-03-11 00:03:44.021] [cout] [info]   /jointset/ground_pelvis/pelvis_ty/speed. bounds: [-50, 50]
[2023-03-11 00:03:44.021] [cout] [info]   /jointset/ground_pelvis/pelvis_tz/speed. bounds: [-50, 50]
[2023-03-11 00:03:44.021] [cout] [info]   /jointset/ankle_r/ankle_angle_r/speed. bounds: [-50, 50]
[2023-03-11 00:03:44.021] [cout] [info]   /jointset/hip_r/hip_flexion_r/speed. bounds: [-50, 50]
[2023-03-11 00:03:44.021] [cout] [info]   /jointset/hip_r/hip_rotation_r/speed. bounds: [-50, 50]
[2023-03-11 00:03:44.021] [cout] [info]   /jointset/hip_l/hip_flexion_l/speed. bounds: [-50, 50]
[2023-03-11 00:03:44.021] [cout] [info]   /jointset/subtalar_r/subtalar_angle_r/speed. bounds: [-50, 50]
[2023-03-11 00:03:44.021] [cout] [info]   /jointset/mtp_r/mtp_angle_r/value. bounds: [-1.5708, 1.5708]
[2023-03-11 00:03:44.021] [cout] [info]   /jointset/mtp_r/mtp_angle_r/speed. bounds: [-50, 50]
[2023-03-11 00:03:44.021] [cout] [info]   /jointset/hip_l/hip_adduction_l/speed. bounds: [-50, 50]
[2023-03-11 00:03:44.021] [cout] [info]   /jointset/hip_l/hip_rotation_l/speed. bounds: [-50, 50]
[2023-03-11 00:03:44.021] [cout] [info]   /jointset/knee_l/knee_angle_l/speed. bounds: [-50, 50]
[2023-03-11 00:03:44.021] [cout] [info]   /jointset/ankle_l/ankle_angle_l/speed. bounds: [-50, 50]
[2023-03-11 00:03:44.021] [cout] [info]   /jointset/subtalar_l/subtalar_angle_l/value. bounds: [-1.5708, 1.5708]
[2023-03-11 00:03:44.021] [cout] [info]   /jointset/subtalar_l/subtalar_angle_l/speed. bounds: [-50, 50]
[2023-03-11 00:03:44.021] [cout] [info]   /jointset/mtp_l/mtp_angle_l/value. bounds: [-1.0472, 1.0472]
[2023-03-11 00:03:44.021] [cout] [info]   /jointset/back/lumbar_extension/speed. bounds: [-50, 50]
[2023-03-11 00:03:44.021] [cout] [info]   /jointset/back/lumbar_bending/speed. bounds: [-50, 50]
[2023-03-11 00:03:44.021] [cout] [info]   /jointset/acromial_r/arm_flex_r/speed. bounds: [-50, 50]
[2023-03-11 00:03:44.021] [cout] [info]   /jointset/acromial_r/arm_add_r/speed. bounds: [-50, 50]
[2023-03-11 00:03:44.021] [cout] [info]   /jointset/acromial_r/arm_rot_r/speed. bounds: [-50, 50]
[2023-03-11 00:03:44.021] [cout] [info]   /jointset/radius_hand_r/wrist_flex_r/value. bounds: [-1.22173, 1.22173]
[2023-03-11 00:03:44.021] [cout] [info]   /jointset/radius_hand_r/wrist_flex_r/speed. bounds: [-50, 50]
[2023-03-11 00:03:44.021] [cout] [info]   /jointset/radius_hand_r/wrist_dev_r/value. bounds: [-0.436332, 0.610865]
[2023-03-11 00:03:44.021] [cout] [info]   /jointset/radius_hand_r/wrist_dev_r/speed. bounds: [-50, 50]
[2023-03-11 00:03:44.021] [cout] [info]   /jointset/acromial_l/arm_flex_l/speed. bounds: [-50, 50]
[2023-03-11 00:03:44.021] [cout] [info]   /jointset/acromial_l/arm_add_l/speed. bounds: [-50, 50]
[2023-03-11 00:03:44.021] [cout] [info]   /jointset/acromial_l/arm_rot_l/speed. bounds: [-50, 50]
[2023-03-11 00:03:44.021] [cout] [info]   /jointset/elbow_l/elbow_flex_l/speed. bounds: [-50, 50]
[2023-03-11 00:03:44.021] [cout] [info]   /jointset/radioulnar_l/pro_sup_l/speed. bounds: [-50, 50]
[2023-03-11 00:03:44.021] [cout] [info]   /jointset/radius_hand_l/wrist_flex_l/value. bounds: [-1.22173, 1.22173]
[2023-03-11 00:03:44.021] [cout] [info]   /jointset/radius_hand_l/wrist_dev_l/value. bounds: [-0.436332, 0.610865]
[2023-03-11 00:03:44.022] [cout] [info]   /jointset/radius_hand_l/wrist_dev_l/speed. bounds: [-50, 50]
[2023-03-11 00:03:44.022] [cout] [info] Controls: (total: 29)
[2023-03-11 00:03:44.022] [cout] [info]   /forceset/pelvis_tx_actuator. bounds: [-10000, 10000]
[2023-03-11 00:03:44.022] [cout] [info]   /forceset/pelvis_ty_actuator. bounds: [-10000, 10000]
[2023-03-11 00:03:44.022] [cout] [info]   /forceset/pelvis_tz_actuator. bounds: [-10000, 10000]
[2023-03-11 00:03:44.022] [cout] [info]   /forceset/arm_flex_r_actuator. bounds: [-1, 1]
[2023-03-11 00:03:44.022] [cout] [info]   /forceset/hip_rotation_r_actuator. bounds: [-1, 1]
[2023-03-11 00:03:44.022] [cout] [info]   /forceset/pelvis_tilt_actuator. bounds: [-10000, 10000]
[2023-03-11 00:03:44.022] [cout] [info]   /forceset/pelvis_list_actuator. bounds: [-10000, 10000]
[2023-03-11 00:03:44.022] [cout] [info]   /forceset/pelvis_rotation_actuator. bounds: [-10000, 10000]
[2023-03-11 00:03:44.022] [cout] [info]   /forceset/elbow_flex_l_actuator. bounds: [-1, 1]
[2023-03-11 00:03:44.022] [cout] [info]   /forceset/hip_adduction_l_actuator. bounds: [-1, 1]
[2023-03-11 00:03:44.022] [cout] [info]   /forceset/hip_flexion_r_actuator. bounds: [-1, 1]
[2023-03-11 00:03:44.022] [cout] [info]   /forceset/elbow_flex_r_actuator. bounds: [-1, 1]
[2023-03-11 00:03:44.022] [cout] [info]   /forceset/hip_flexion_l_actuator. bounds: [-1, 1]
[2023-03-11 00:03:44.022] [cout] [info]   /forceset/hip_adduction_r_actuator. bounds: [-1, 1]
[2023-03-11 00:03:44.022] [cout] [info]   /forceset/knee_angle_r_actuator. bounds: [-1, 1]
[2023-03-11 00:03:44.022] [cout] [info]   /forceset/lumbar_rotation_actuator. bounds: [-1, 1]
[2023-03-11 00:03:44.022] [cout] [info]   /forceset/ankle_angle_r_actuator. bounds: [-1, 1]
[2023-03-11 00:03:44.022] [cout] [info]   /forceset/arm_flex_l_actuator. bounds: [-1, 1]
[2023-03-11 00:03:44.022] [cout] [info]   /forceset/hip_rotation_l_actuator. bounds: [-1, 1]
[2023-03-11 00:03:44.022] [cout] [info]   /forceset/knee_angle_l_actuator. bounds: [-1, 1]
[2023-03-11 00:03:44.022] [cout] [info]   /forceset/ankle_angle_l_actuator. bounds: [-1, 1]
[2023-03-11 00:03:44.022] [cout] [info]   /forceset/lumbar_extension_actuator. bounds: [-1, 1]
[2023-03-11 00:03:44.022] [cout] [info]   /forceset/lumbar_bending_actuator. bounds: [-1, 1]
[2023-03-11 00:03:44.022] [cout] [info]   /forceset/arm_add_r_actuator. bounds: [-1, 1]
[2023-03-11 00:03:44.022] [cout] [info]   /forceset/arm_rot_r_actuator. bounds: [-1, 1]
[2023-03-11 00:03:44.022] [cout] [info]   /forceset/pro_sup_r_actuator. bounds: [-1, 1]
[2023-03-11 00:03:44.022] [cout] [info]   /forceset/arm_add_l_actuator. bounds: [-1, 1]
[2023-03-11 00:03:44.022] [cout] [info]   /forceset/arm_rot_l_actuator. bounds: [-1, 1]
[2023-03-11 00:03:44.022] [cout] [info]   /forceset/pro_sup_l_actuator. bounds: [-1, 1]
[2023-03-11 00:03:44.022] [cout] [info] Parameters: none
[2023-03-11 00:03:44.162] [info] ExternalForce::externalforce Data source being set to Run_500 02_newCOP3_v24.mot
[2023-03-11 00:03:44.162] [info] ExternalForce::externalforce_0 Data source being set to Run_500 02_newCOP3_v24.mot
[2023-03-11 00:03:44.299] [info] ExternalForce::externalforce Data source being set to Run_500 02_newCOP3_v24.mot
[2023-03-11 00:03:44.299] [info] ExternalForce::externalforce_0 Data source being set to Run_500 02_newCOP3_v24.mot
[2023-03-11 00:03:44.438] [info] ExternalForce::externalforce Data source being set to Run_500 02_newCOP3_v24.mot
[2023-03-11 00:03:44.438] [info] ExternalForce::externalforce_0 Data source being set to Run_500 02_newCOP3_v24.mot
[2023-03-11 00:03:44.568] [info] ExternalForce::externalforce Data source being set to Run_500 02_newCOP3_v24.mot
[2023-03-11 00:03:44.568] [info] ExternalForce::externalforce_0 Data source being set to Run_500 02_newCOP3_v24.mot
[2023-03-11 00:03:44.711] [info] ExternalForce::externalforce Data source being set to Run_500 02_newCOP3_v24.mot
[2023-03-11 00:03:44.711] [info] ExternalForce::externalforce_0 Data source being set to Run_500 02_newCOP3_v24.mot
[2023-03-11 00:03:44.864] [info] ExternalForce::externalforce Data source being set to Run_500 02_newCOP3_v24.mot
[2023-03-11 00:03:44.864] [info] ExternalForce::externalforce_0 Data source being set to Run_500 02_newCOP3_v24.mot
[2023-03-11 00:03:44.972] [info] ExternalForce::externalforce Data source being set to Run_500 02_newCOP3_v24.mot
[2023-03-11 00:03:44.972] [info] ExternalForce::externalforce_0 Data source being set to Run_500 02_newCOP3_v24.mot
[2023-03-11 00:03:45.131] [info] ExternalForce::externalforce Data source being set to Run_500 02_newCOP3_v24.mot
[2023-03-11 00:03:45.131] [info] ExternalForce::externalforce_0 Data source being set to Run_500 02_newCOP3_v24.mot
[2023-03-11 00:03:45.279] [info] ExternalForce::externalforce Data source being set to Run_500 02_newCOP3_v24.mot
[2023-03-11 00:03:45.279] [info] ExternalForce::externalforce_0 Data source being set to Run_500 02_newCOP3_v24.mot
[2023-03-11 00:03:45.462] [info] ExternalForce::externalforce Data source being set to Run_500 02_newCOP3_v24.mot
[2023-03-11 00:03:45.462] [info] ExternalForce::externalforce_0 Data source being set to Run_500 02_newCOP3_v24.mot
[2023-03-11 00:03:45.620] [info] ExternalForce::externalforce Data source being set to Run_500 02_newCOP3_v24.mot
[2023-03-11 00:03:45.620] [info] ExternalForce::externalforce_0 Data source being set to Run_500 02_newCOP3_v24.mot
[2023-03-11 00:03:45.754] [info] ExternalForce::externalforce Data source being set to Run_500 02_newCOP3_v24.mot
[2023-03-11 00:03:45.754] [info] ExternalForce::externalforce_0 Data source being set to Run_500 02_newCOP3_v24.mot
[2023-03-11 00:03:45.871] [info] ExternalForce::externalforce Data source being set to Run_500 02_newCOP3_v24.mot
[2023-03-11 00:03:45.871] [info] ExternalForce::externalforce_0 Data source being set to Run_500 02_newCOP3_v24.mot
[2023-03-11 00:03:46.017] [info] ExternalForce::externalforce Data source being set to Run_500 02_newCOP3_v24.mot
[2023-03-11 00:03:46.017] [info] ExternalForce::externalforce_0 Data source being set to Run_500 02_newCOP3_v24.mot
[2023-03-11 00:03:46.148] [info] ExternalForce::externalforce Data source being set to Run_500 02_newCOP3_v24.mot
[2023-03-11 00:03:46.148] [info] ExternalForce::externalforce_0 Data source being set to Run_500 02_newCOP3_v24.mot
[2023-03-11 00:03:46.311] [info] ExternalForce::externalforce Data source being set to Run_500 02_newCOP3_v24.mot
[2023-03-11 00:03:46.311] [info] ExternalForce::externalforce_0 Data source being set to Run_500 02_newCOP3_v24.mot
[2023-03-11 00:03:46.342] [info] Number of threads: 8
[2023-03-11 00:21:31.033] [info] Set log level to Info.
[2023-03-11 00:21:31.060] [info] ------------------------------------------------------------------------
[2023-03-11 00:21:31.060] [info] Elapsed real time: 1067 second(s) (17 minute(s), 47 second(s)).
[2023-03-11 00:21:31.060] [info] Sat Mar 11 00:21:31 2023
[2023-03-11 00:21:31.061] [info] MocoCasADiSolver succeeded!
[2023-03-11 00:21:31.061] [info] ========================================================================
[2023-03-11 00:21:31.607] [info] Loaded model subject10_scaled from file ..\..\model\subject10_adjusted_scaled.osim
[2023-03-11 00:21:32.815] [cout] [info] 
               MODEL: subject10_scaled
         coordinates: 37
              forces: 92
           actuators: 92
             muscles: 92
            analyses: 0
              probes: 0
              bodies: 20
              joints: 20
         constraints: 0
             markers: 56
         controllers: 0
  contact geometries: 0
misc modelcomponents: 0
[2023-03-11 00:21:32.816] [info] Running tool subject10_scaled...
[2023-03-11 00:21:32.869] [warning] ExternalLoads 'externalloads' has subcomponents with duplicate name 'externalforce'. The duplicate is being renamed to 'externalforce_0'.
[2023-03-11 00:21:33.076] [info] ExternalForce::externalforce Data source being set to Run_500 02_newCOP3_v24.mot
[2023-03-11 00:21:33.076] [info] ExternalForce::externalforce_0 Data source being set to Run_500 02_newCOP3_v24.mot
[2023-03-11 00:21:33.897] [info] InverseDynamicsTool: 121 time frames in 728 millisecond(s).
[2023-12-06 02:10:40.699] [info] ExternalForce::externalforce Data source being set to Run_500 02_newCOP3_v24.mot
[2023-12-06 02:10:40.701] [info] ExternalForce::externalforce_0 Data source being set to Run_500 02_newCOP3_v24.mot
[2023-12-06 02:10:41.012] [info] ExternalForce::externalforce Data source being set to Run_500 02_newCOP3_v24.mot
[2023-12-06 02:10:41.012] [info] ExternalForce::externalforce_0 Data source being set to Run_500 02_newCOP3_v24.mot
[2023-12-06 02:10:41.116] [info] ExternalForce::externalforce Data source being set to Run_500 02_newCOP3_v24.mot
[2023-12-06 02:10:41.116] [info] ExternalForce::externalforce_0 Data source being set to Run_500 02_newCOP3_v24.mot
[2023-12-06 02:10:41.184] [info] ExternalForce::externalforce Data source being set to Run_500 02_newCOP3_v24.mot
[2023-12-06 02:10:41.184] [info] ExternalForce::externalforce_0 Data source being set to Run_500 02_newCOP3_v24.mot
[2023-12-06 02:10:41.264] [info] ExternalForce::externalforce Data source being set to Run_500 02_newCOP3_v24.mot
[2023-12-06 02:10:41.264] [info] ExternalForce::externalforce_0 Data source being set to Run_500 02_newCOP3_v24.mot
[2023-12-06 02:10:41.332] [info] ExternalForce::externalforce Data source being set to Run_500 02_newCOP3_v24.mot
[2023-12-06 02:10:41.332] [info] ExternalForce::externalforce_0 Data source being set to Run_500 02_newCOP3_v24.mot
[2023-12-06 02:10:41.416] [info] ExternalForce::externalforce Data source being set to Run_500 02_newCOP3_v24.mot
[2023-12-06 02:10:41.416] [info] ExternalForce::externalforce_0 Data source being set to Run_500 02_newCOP3_v24.mot
[2023-12-06 02:10:41.480] [info] ExternalForce::externalforce Data source being set to Run_500 02_newCOP3_v24.mot
[2023-12-06 02:10:41.480] [info] ExternalForce::externalforce_0 Data source being set to Run_500 02_newCOP3_v24.mot
[2023-12-06 02:10:41.559] [info] ExternalForce::externalforce Data source being set to Run_500 02_newCOP3_v24.mot
[2023-12-06 02:10:41.559] [info] ExternalForce::externalforce_0 Data source being set to Run_500 02_newCOP3_v24.mot
[2023-12-06 02:10:41.629] [info] ExternalForce::externalforce Data source being set to Run_500 02_newCOP3_v24.mot
[2023-12-06 02:10:41.629] [info] ExternalForce::externalforce_0 Data source being set to Run_500 02_newCOP3_v24.mot
[2023-12-06 02:10:41.708] [info] ExternalForce::externalforce Data source being set to Run_500 02_newCOP3_v24.mot
[2023-12-06 02:10:41.708] [info] ExternalForce::externalforce_0 Data source being set to Run_500 02_newCOP3_v24.mot
[2023-12-06 02:10:41.773] [info] ExternalForce::externalforce Data source being set to Run_500 02_newCOP3_v24.mot
[2023-12-06 02:10:41.773] [info] ExternalForce::externalforce_0 Data source being set to Run_500 02_newCOP3_v24.mot
[2023-12-06 02:10:41.851] [info] ExternalForce::externalforce Data source being set to Run_500 02_newCOP3_v24.mot
[2023-12-06 02:10:41.851] [info] ExternalForce::externalforce_0 Data source being set to Run_500 02_newCOP3_v24.mot
[2023-12-06 02:10:41.917] [info] ExternalForce::externalforce Data source being set to Run_500 02_newCOP3_v24.mot
[2023-12-06 02:10:41.918] [info] ExternalForce::externalforce_0 Data source being set to Run_500 02_newCOP3_v24.mot
[2023-12-06 02:10:41.999] [info] ExternalForce::externalforce Data source being set to Run_500 02_newCOP3_v24.mot
[2023-12-06 02:10:41.999] [info] ExternalForce::externalforce_0 Data source being set to Run_500 02_newCOP3_v24.mot
[2023-12-06 02:10:42.061] [info] ExternalForce::externalforce Data source being set to Run_500 02_newCOP3_v24.mot
[2023-12-06 02:10:42.062] [info] ExternalForce::externalforce_0 Data source being set to Run_500 02_newCOP3_v24.mot
[2023-12-06 02:10:42.137] [info] ExternalForce::externalforce Data source being set to Run_500 02_newCOP3_v24.mot
[2023-12-06 02:10:42.137] [info] ExternalForce::externalforce_0 Data source being set to Run_500 02_newCOP3_v24.mot
[2023-12-06 02:10:42.202] [info] ExternalForce::externalforce Data source being set to Run_500 02_newCOP3_v24.mot
[2023-12-06 02:10:42.202] [info] ExternalForce::externalforce_0 Data source being set to Run_500 02_newCOP3_v24.mot
[2023-12-06 02:10:42.281] [info] ExternalForce::externalforce Data source being set to Run_500 02_newCOP3_v24.mot
[2023-12-06 02:10:42.281] [info] ExternalForce::externalforce_0 Data source being set to Run_500 02_newCOP3_v24.mot
[2023-12-06 02:10:42.348] [info] ExternalForce::externalforce Data source being set to Run_500 02_newCOP3_v24.mot
[2023-12-06 02:10:42.348] [info] ExternalForce::externalforce_0 Data source being set to Run_500 02_newCOP3_v24.mot
[2023-12-06 02:10:42.424] [info] ExternalForce::externalforce Data source being set to Run_500 02_newCOP3_v24.mot
[2023-12-06 02:10:42.424] [info] ExternalForce::externalforce_0 Data source being set to Run_500 02_newCOP3_v24.mot
[2023-12-06 02:10:42.491] [info] ExternalForce::externalforce Data source being set to Run_500 02_newCOP3_v24.mot
[2023-12-06 02:10:42.491] [info] ExternalForce::externalforce_0 Data source being set to Run_500 02_newCOP3_v24.mot
[2023-12-06 02:10:42.868] [info] ExternalForce::externalforce Data source being set to Run_500 02_newCOP3_v24.mot
[2023-12-06 02:10:42.868] [info] ExternalForce::externalforce_0 Data source being set to Run_500 02_newCOP3_v24.mot
[2023-12-06 02:10:42.924] [info] ExternalForce::externalforce Data source being set to Run_500 02_newCOP3_v24.mot
[2023-12-06 02:10:42.924] [info] ExternalForce::externalforce_0 Data source being set to Run_500 02_newCOP3_v24.mot
[2023-12-06 02:10:42.992] [info] ExternalForce::externalforce Data source being set to Run_500 02_newCOP3_v24.mot
[2023-12-06 02:10:42.992] [info] ExternalForce::externalforce_0 Data source being set to Run_500 02_newCOP3_v24.mot
[2023-12-06 02:10:43.050] [info] ExternalForce::externalforce Data source being set to Run_500 02_newCOP3_v24.mot
[2023-12-06 02:10:43.050] [info] ExternalForce::externalforce_0 Data source being set to Run_500 02_newCOP3_v24.mot
[2023-12-06 02:10:43.152] [info] ExternalForce::externalforce Data source being set to Run_500 02_newCOP3_v24.mot
[2023-12-06 02:10:43.152] [info] ExternalForce::externalforce_0 Data source being set to Run_500 02_newCOP3_v24.mot
[2023-12-06 02:10:43.206] [info] ExternalForce::externalforce Data source being set to Run_500 02_newCOP3_v24.mot
[2023-12-06 02:10:43.206] [info] ExternalForce::externalforce_0 Data source being set to Run_500 02_newCOP3_v24.mot
[2023-12-06 02:10:43.274] [info] ExternalForce::externalforce Data source being set to Run_500 02_newCOP3_v24.mot
[2023-12-06 02:10:43.274] [info] ExternalForce::externalforce_0 Data source being set to Run_500 02_newCOP3_v24.mot
[2023-12-06 02:10:43.331] [info] ExternalForce::externalforce Data source being set to Run_500 02_newCOP3_v24.mot
[2023-12-06 02:10:43.331] [info] ExternalForce::externalforce_0 Data source being set to Run_500 02_newCOP3_v24.mot
[2023-12-06 02:10:43.349] [info] ========================================================================
[2023-12-06 02:10:43.349] [info] MocoCasADiSolver starting.
[2023-12-06 02:10:43.349] [info] Wed Dec  6 02:10:43 2023
[2023-12-06 02:10:43.349] [info] ------------------------------------------------------------------------
[2023-12-06 02:10:43.349] [cout] [info] Costs: (total: 2)
[2023-12-06 02:10:43.349] [cout] [info]   state_tracking. MocoStateTrackingGoal, enabled: true, mode: cost, weight: 1.0
[2023-12-06 02:10:43.349] [cout] [info]         state: /jointset/ground_pelvis/pelvis_tilt/value, weight: 750.0
[2023-12-06 02:10:43.349] [cout] [info]         state: /jointset/ground_pelvis/pelvis_list/value, weight: 250.0
[2023-12-06 02:10:43.349] [cout] [info]         state: /jointset/ground_pelvis/pelvis_rotation/value, weight: 50.0
[2023-12-06 02:10:43.349] [cout] [info]         state: /jointset/ground_pelvis/pelvis_tx/value, weight: 25.0
[2023-12-06 02:10:43.349] [cout] [info]         state: /jointset/ground_pelvis/pelvis_ty/value, weight: 100.0
[2023-12-06 02:10:43.349] [cout] [info]         state: /jointset/ground_pelvis/pelvis_tz/value, weight: 25.0
[2023-12-06 02:10:43.349] [cout] [info]         state: /jointset/hip_r/hip_flexion_r/value, weight: 75.0
[2023-12-06 02:10:43.349] [cout] [info]         state: /jointset/hip_r/hip_adduction_r/value, weight: 50.0
[2023-12-06 02:10:43.349] [cout] [info]         state: /jointset/hip_r/hip_rotation_r/value, weight: 10.0
[2023-12-06 02:10:43.349] [cout] [info]         state: /jointset/knee_r/knee_angle_r/value, weight: 10.0
[2023-12-06 02:10:43.349] [cout] [info]         state: /jointset/ankle_r/ankle_angle_r/value, weight: 10.0
[2023-12-06 02:10:43.349] [cout] [info]         state: /jointset/hip_l/hip_flexion_l/value, weight: 75.0
[2023-12-06 02:10:43.349] [cout] [info]         state: /jointset/hip_l/hip_adduction_l/value, weight: 50.0
[2023-12-06 02:10:43.349] [cout] [info]         state: /jointset/hip_l/hip_rotation_l/value, weight: 10.0
[2023-12-06 02:10:43.349] [cout] [info]         state: /jointset/knee_l/knee_angle_l/value, weight: 10.0
[2023-12-06 02:10:43.349] [cout] [info]         state: /jointset/ankle_l/ankle_angle_l/value, weight: 10.0
[2023-12-06 02:10:43.349] [cout] [info]         state: /jointset/back/lumbar_extension/value, weight: 75.0
[2023-12-06 02:10:43.349] [cout] [info]         state: /jointset/back/lumbar_bending/value, weight: 50.0
[2023-12-06 02:10:43.349] [cout] [info]         state: /jointset/back/lumbar_rotation/value, weight: 25.0
[2023-12-06 02:10:43.349] [cout] [info]         state: /jointset/acromial_r/arm_flex_r/value, weight: 1.0
[2023-12-06 02:10:43.349] [cout] [info]         state: /jointset/acromial_r/arm_add_r/value, weight: 1.0
[2023-12-06 02:10:43.349] [cout] [info]         state: /jointset/acromial_r/arm_rot_r/value, weight: 1.0
[2023-12-06 02:10:43.349] [cout] [info]         state: /jointset/elbow_r/elbow_flex_r/value, weight: 1.0
[2023-12-06 02:10:43.349] [cout] [info]         state: /jointset/radioulnar_r/pro_sup_r/value, weight: 1.0
[2023-12-06 02:10:43.349] [cout] [info]         state: /jointset/acromial_l/arm_flex_l/value, weight: 1.0
[2023-12-06 02:10:43.349] [cout] [info]         state: /jointset/acromial_l/arm_add_l/value, weight: 1.0
[2023-12-06 02:10:43.349] [cout] [info]         state: /jointset/acromial_l/arm_rot_l/value, weight: 1.0
[2023-12-06 02:10:43.350] [cout] [info]         state: /jointset/elbow_l/elbow_flex_l/value, weight: 1.0
[2023-12-06 02:10:43.350] [cout] [info]         state: /jointset/radioulnar_l/pro_sup_l/value, weight: 1.0
[2023-12-06 02:10:43.350] [cout] [info]         state: /jointset/subtalar_r/subtalar_angle_r/value, weight: 0.0
[2023-12-06 02:10:43.350] [cout] [info]         state: /jointset/mtp_r/mtp_angle_r/value, weight: 0.0
[2023-12-06 02:10:43.350] [cout] [info]         state: /jointset/subtalar_l/subtalar_angle_l/value, weight: 0.0
[2023-12-06 02:10:43.350] [cout] [info]         state: /jointset/mtp_l/mtp_angle_l/value, weight: 0.0
[2023-12-06 02:10:43.350] [cout] [info]         state: /jointset/radius_hand_r/wrist_flex_r/value, weight: 0.0
[2023-12-06 02:10:43.350] [cout] [info]         state: /jointset/radius_hand_r/wrist_dev_r/value, weight: 0.0
[2023-12-06 02:10:43.350] [cout] [info]         state: /jointset/radius_hand_l/wrist_flex_l/value, weight: 0.0
[2023-12-06 02:10:43.350] [cout] [info]         state: /jointset/radius_hand_l/wrist_dev_l/value, weight: 0.0
[2023-12-06 02:10:43.350] [cout] [info]         state: /jointset/ground_pelvis/pelvis_tilt/speed, weight: 7.5
[2023-12-06 02:10:43.350] [cout] [info]         state: /jointset/ground_pelvis/pelvis_list/speed, weight: 2.5
[2023-12-06 02:10:43.350] [cout] [info]         state: /jointset/ground_pelvis/pelvis_rotation/speed, weight: 0.5
[2023-12-06 02:10:43.350] [cout] [info]         state: /jointset/ground_pelvis/pelvis_tx/speed, weight: 0.25
[2023-12-06 02:10:43.350] [cout] [info]         state: /jointset/ground_pelvis/pelvis_ty/speed, weight: 1.0
[2023-12-06 02:10:43.350] [cout] [info]         state: /jointset/ground_pelvis/pelvis_tz/speed, weight: 0.25
[2023-12-06 02:10:43.350] [cout] [info]         state: /jointset/hip_r/hip_flexion_r/speed, weight: 0.75
[2023-12-06 02:10:43.350] [cout] [info]         state: /jointset/hip_r/hip_adduction_r/speed, weight: 0.5
[2023-12-06 02:10:43.350] [cout] [info]         state: /jointset/hip_r/hip_rotation_r/speed, weight: 0.1
[2023-12-06 02:10:43.350] [cout] [info]         state: /jointset/knee_r/knee_angle_r/speed, weight: 0.1
[2023-12-06 02:10:43.350] [cout] [info]         state: /jointset/ankle_r/ankle_angle_r/speed, weight: 0.1
[2023-12-06 02:10:43.350] [cout] [info]         state: /jointset/subtalar_r/subtalar_angle_r/speed, weight: 0.0
[2023-12-06 02:10:43.350] [cout] [info]         state: /jointset/mtp_r/mtp_angle_r/speed, weight: 0.0
[2023-12-06 02:10:43.350] [cout] [info]         state: /jointset/hip_l/hip_flexion_l/speed, weight: 0.75
[2023-12-06 02:10:43.350] [cout] [info]         state: /jointset/hip_l/hip_adduction_l/speed, weight: 0.5
[2023-12-06 02:10:43.350] [cout] [info]         state: /jointset/hip_l/hip_rotation_l/speed, weight: 0.1
[2023-12-06 02:10:43.350] [cout] [info]         state: /jointset/knee_l/knee_angle_l/speed, weight: 0.1
[2023-12-06 02:10:43.350] [cout] [info]         state: /jointset/ankle_l/ankle_angle_l/speed, weight: 0.1
[2023-12-06 02:10:43.350] [cout] [info]         state: /jointset/subtalar_l/subtalar_angle_l/speed, weight: 0.0
[2023-12-06 02:10:43.350] [cout] [info]         state: /jointset/mtp_l/mtp_angle_l/speed, weight: 0.0
[2023-12-06 02:10:43.350] [cout] [info]         state: /jointset/back/lumbar_extension/speed, weight: 0.75
[2023-12-06 02:10:43.350] [cout] [info]         state: /jointset/back/lumbar_bending/speed, weight: 0.5
[2023-12-06 02:10:43.350] [cout] [info]         state: /jointset/back/lumbar_rotation/speed, weight: 0.25
[2023-12-06 02:10:43.350] [cout] [info]         state: /jointset/acromial_r/arm_flex_r/speed, weight: 0.01
[2023-12-06 02:10:43.350] [cout] [info]         state: /jointset/acromial_r/arm_add_r/speed, weight: 0.01
[2023-12-06 02:10:43.350] [cout] [info]         state: /jointset/acromial_r/arm_rot_r/speed, weight: 0.01
[2023-12-06 02:10:43.350] [cout] [info]         state: /jointset/elbow_r/elbow_flex_r/speed, weight: 0.01
[2023-12-06 02:10:43.350] [cout] [info]         state: /jointset/radioulnar_r/pro_sup_r/speed, weight: 0.01
[2023-12-06 02:10:43.350] [cout] [info]         state: /jointset/radius_hand_r/wrist_flex_r/speed, weight: 0.0
[2023-12-06 02:10:43.350] [cout] [info]         state: /jointset/radius_hand_r/wrist_dev_r/speed, weight: 0.0
[2023-12-06 02:10:43.350] [cout] [info]         state: /jointset/acromial_l/arm_flex_l/speed, weight: 0.01
[2023-12-06 02:10:43.350] [cout] [info]         state: /jointset/acromial_l/arm_add_l/speed, weight: 0.01
[2023-12-06 02:10:43.350] [cout] [info]         state: /jointset/acromial_l/arm_rot_l/speed, weight: 0.01
[2023-12-06 02:10:43.350] [cout] [info]         state: /jointset/elbow_l/elbow_flex_l/speed, weight: 0.01
[2023-12-06 02:10:43.350] [cout] [info]         state: /jointset/radioulnar_l/pro_sup_l/speed, weight: 0.01
[2023-12-06 02:10:43.350] [cout] [info]         state: /jointset/radius_hand_l/wrist_flex_l/speed, weight: 0.0
[2023-12-06 02:10:43.350] [cout] [info]         state: /jointset/radius_hand_l/wrist_dev_l/speed, weight: 0.0
[2023-12-06 02:10:43.350] [cout] [info]   control_effort. MocoControlGoal, enabled: true, mode: cost, weight: 0.00100000
[2023-12-06 02:10:43.350] [cout] [info]         control: /forceset/pelvis_tx_actuator, weight: 1.0
[2023-12-06 02:10:43.350] [cout] [info]         control: /forceset/pelvis_ty_actuator, weight: 1.0
[2023-12-06 02:10:43.350] [cout] [info]         control: /forceset/pelvis_tz_actuator, weight: 1.0
[2023-12-06 02:10:43.350] [cout] [info]         control: /forceset/pelvis_tilt_actuator, weight: 1.0
[2023-12-06 02:10:43.350] [cout] [info]         control: /forceset/pelvis_list_actuator, weight: 1.0
[2023-12-06 02:10:43.350] [cout] [info]         control: /forceset/pelvis_rotation_actuator, weight: 1.0
[2023-12-06 02:10:43.350] [cout] [info]         control: /forceset/hip_flexion_r_actuator, weight: 1.0
[2023-12-06 02:10:43.350] [cout] [info]         control: /forceset/hip_adduction_r_actuator, weight: 1.0
[2023-12-06 02:10:43.350] [cout] [info]         control: /forceset/hip_rotation_r_actuator, weight: 1.0
[2023-12-06 02:10:43.350] [cout] [info]         control: /forceset/knee_angle_r_actuator, weight: 1.0
[2023-12-06 02:10:43.350] [cout] [info]         control: /forceset/ankle_angle_r_actuator, weight: 1.0
[2023-12-06 02:10:43.350] [cout] [info]         control: /forceset/hip_flexion_l_actuator, weight: 1.0
[2023-12-06 02:10:43.350] [cout] [info]         control: /forceset/hip_adduction_l_actuator, weight: 1.0
[2023-12-06 02:10:43.350] [cout] [info]         control: /forceset/hip_rotation_l_actuator, weight: 1.0
[2023-12-06 02:10:43.350] [cout] [info]         control: /forceset/knee_angle_l_actuator, weight: 1.0
[2023-12-06 02:10:43.350] [cout] [info]         control: /forceset/ankle_angle_l_actuator, weight: 1.0
[2023-12-06 02:10:43.350] [cout] [info]         control: /forceset/lumbar_extension_actuator, weight: 1.0
[2023-12-06 02:10:43.350] [cout] [info]         control: /forceset/lumbar_bending_actuator, weight: 1.0
[2023-12-06 02:10:43.350] [cout] [info]         control: /forceset/lumbar_rotation_actuator, weight: 1.0
[2023-12-06 02:10:43.350] [cout] [info]         control: /forceset/arm_flex_r_actuator, weight: 1.0
[2023-12-06 02:10:43.350] [cout] [info]         control: /forceset/arm_add_r_actuator, weight: 1.0
[2023-12-06 02:10:43.350] [cout] [info]         control: /forceset/arm_rot_r_actuator, weight: 1.0
[2023-12-06 02:10:43.350] [cout] [info]         control: /forceset/elbow_flex_r_actuator, weight: 1.0
[2023-12-06 02:10:43.350] [cout] [info]         control: /forceset/pro_sup_r_actuator, weight: 1.0
[2023-12-06 02:10:43.350] [cout] [info]         control: /forceset/arm_flex_l_actuator, weight: 1.0
[2023-12-06 02:10:43.350] [cout] [info]         control: /forceset/arm_add_l_actuator, weight: 1.0
[2023-12-06 02:10:43.350] [cout] [info]         control: /forceset/arm_rot_l_actuator, weight: 1.0
[2023-12-06 02:10:43.350] [cout] [info]         control: /forceset/elbow_flex_l_actuator, weight: 1.0
[2023-12-06 02:10:43.350] [cout] [info]         control: /forceset/pro_sup_l_actuator, weight: 1.0
[2023-12-06 02:10:43.350] [cout] [info] Endpoint constraints: none
[2023-12-06 02:10:43.350] [cout] [info] Kinematic constraints: (total: 8)
[2023-12-06 02:10:43.350] [cout] [info]   kinematic_constraint_cid27. MocoConstraintInfo. number of scalar equations: 3. bounds: 0, 0, 0
[2023-12-06 02:10:43.350] [cout] [info]   kinematic_constraint_cid28. MocoConstraintInfo. number of scalar equations: 3. bounds: 0, 0, 0
[2023-12-06 02:10:43.350] [cout] [info]   kinematic_constraint_cid31. MocoConstraintInfo. number of scalar equations: 3. bounds: 0, 0, 0
[2023-12-06 02:10:43.350] [cout] [info]   kinematic_constraint_cid32. MocoConstraintInfo. number of scalar equations: 3. bounds: 0, 0, 0
[2023-12-06 02:10:43.350] [cout] [info]   kinematic_constraint_cid33. MocoConstraintInfo. number of scalar equations: 3. bounds: 0, 0, 0
[2023-12-06 02:10:43.350] [cout] [info]   kinematic_constraint_cid34. MocoConstraintInfo. number of scalar equations: 3. bounds: 0, 0, 0
[2023-12-06 02:10:43.350] [cout] [info]   kinematic_constraint_cid35. MocoConstraintInfo. number of scalar equations: 3. bounds: 0, 0, 0
[2023-12-06 02:10:43.350] [cout] [info]   kinematic_constraint_cid36. MocoConstraintInfo. number of scalar equations: 3. bounds: 0, 0, 0
[2023-12-06 02:10:43.350] [cout] [info] Path constraints: none
[2023-12-06 02:10:43.350] [cout] [info] States: (total: 74)
[2023-12-06 02:10:43.350] [cout] [info]   /jointset/ground_pelvis/pelvis_tilt/value. bounds: [-0.44236, 0.127334]
[2023-12-06 02:10:43.350] [cout] [info]   /jointset/ground_pelvis/pelvis_list/value. bounds: [-0.326716, 0.321071]
[2023-12-06 02:10:43.350] [cout] [info]   /jointset/radioulnar_r/pro_sup_r/value. bounds: [1.27311, 1.81776]
[2023-12-06 02:10:43.350] [cout] [info]   /jointset/ground_pelvis/pelvis_rotation/value. bounds: [-0.311291, 0.382838]
[2023-12-06 02:10:43.350] [cout] [info]   /jointset/ground_pelvis/pelvis_tx/value. bounds: [0.56, 1.11069]
[2023-12-06 02:10:43.350] [cout] [info]   /jointset/elbow_r/elbow_flex_r/value. bounds: [1.13868, 2.47183]
[2023-12-06 02:10:43.350] [cout] [info]   /jointset/ground_pelvis/pelvis_ty/value. bounds: [0.786628, 1.10519]
[2023-12-06 02:10:43.350] [cout] [info]   /jointset/radius_hand_l/wrist_flex_l/speed. bounds: [-50, 50]
[2023-12-06 02:10:43.350] [cout] [info]   /jointset/ground_pelvis/pelvis_tz/value. bounds: [-0.532828, -0.0898684]
[2023-12-06 02:10:43.350] [cout] [info]   /jointset/hip_r/hip_adduction_r/speed. bounds: [-50, 50]
[2023-12-06 02:10:43.350] [cout] [info]   /jointset/ankle_r/ankle_angle_r/value. bounds: [-0.767001, 0.734838]
[2023-12-06 02:10:43.350] [cout] [info]   /jointset/hip_r/hip_flexion_r/value. bounds: [-0.528376, 1.38839]
[2023-12-06 02:10:43.350] [cout] [info]   /jointset/hip_r/hip_adduction_r/value. bounds: [-0.286723, 0.343347]
[2023-12-06 02:10:43.350] [cout] [info]   /jointset/back/lumbar_rotation/speed. bounds: [-50, 50]
[2023-12-06 02:10:43.350] [cout] [info]   /jointset/hip_r/hip_rotation_r/value. bounds: [-0.47426, 0.115906]
[2023-12-06 02:10:43.350] [cout] [info]   /jointset/mtp_l/mtp_angle_l/speed. bounds: [-50, 50]
[2023-12-06 02:10:43.351] [cout] [info]   /jointset/knee_r/knee_angle_r/value. bounds: [-2.82732, 0.0429796]
[2023-12-06 02:10:43.351] [cout] [info]   /jointset/subtalar_r/subtalar_angle_r/value. bounds: [-1.5708, 1.5708]
[2023-12-06 02:10:43.351] [cout] [info]   /jointset/hip_l/hip_flexion_l/value. bounds: [-0.499836, 1.34368]
[2023-12-06 02:10:43.351] [cout] [info]   /jointset/hip_l/hip_adduction_l/value. bounds: [-0.263343, 0.394596]
[2023-12-06 02:10:43.351] [cout] [info]   /jointset/hip_l/hip_rotation_l/value. bounds: [-0.277337, 0.243212]
[2023-12-06 02:10:43.351] [cout] [info]   /jointset/knee_l/knee_angle_l/value. bounds: [-2.5508, 0.109661]
[2023-12-06 02:10:43.351] [cout] [info]   /jointset/knee_r/knee_angle_r/speed. bounds: [-50, 50]
[2023-12-06 02:10:43.351] [cout] [info]   /jointset/ankle_l/ankle_angle_l/value. bounds: [-0.808306, 0.702104]
[2023-12-06 02:10:43.351] [cout] [info]   /jointset/back/lumbar_extension/value. bounds: [-0.394508, 0.172806]
[2023-12-06 02:10:43.351] [cout] [info]   /jointset/back/lumbar_bending/value. bounds: [-0.275442, 0.270934]
[2023-12-06 02:10:43.351] [cout] [info]   /jointset/back/lumbar_rotation/value. bounds: [-0.443349, 0.473621]
[2023-12-06 02:10:43.351] [cout] [info]   /jointset/acromial_r/arm_flex_r/value. bounds: [-1.21799, 0.244577]
[2023-12-06 02:10:43.351] [cout] [info]   /jointset/acromial_r/arm_add_r/value. bounds: [-0.857418, -0.146678]
[2023-12-06 02:10:43.351] [cout] [info]   /jointset/acromial_r/arm_rot_r/value. bounds: [-0.425189, 0.225103]
[2023-12-06 02:10:43.351] [cout] [info]   /jointset/acromial_l/arm_flex_l/value. bounds: [-0.990226, 0.397558]
[2023-12-06 02:10:43.351] [cout] [info]   /jointset/acromial_l/arm_add_l/value. bounds: [-0.802774, -0.224138]
[2023-12-06 02:10:43.351] [cout] [info]   /jointset/acromial_l/arm_rot_l/value. bounds: [-0.45948, 0.272872]
[2023-12-06 02:10:43.351] [cout] [info]   /jointset/elbow_l/elbow_flex_l/value. bounds: [1.46157, 2.5319]
[2023-12-06 02:10:43.351] [cout] [info]   /jointset/radioulnar_l/pro_sup_l/value. bounds: [1.70382, 2.44247]
[2023-12-06 02:10:43.351] [cout] [info]   /jointset/ground_pelvis/pelvis_tilt/speed. bounds: [-50, 50]
[2023-12-06 02:10:43.351] [cout] [info]   /jointset/ground_pelvis/pelvis_list/speed. bounds: [-50, 50]
[2023-12-06 02:10:43.351] [cout] [info]   /jointset/radioulnar_r/pro_sup_r/speed. bounds: [-50, 50]
[2023-12-06 02:10:43.351] [cout] [info]   /jointset/ground_pelvis/pelvis_rotation/speed. bounds: [-50, 50]
[2023-12-06 02:10:43.351] [cout] [info]   /jointset/ground_pelvis/pelvis_tx/speed. bounds: [-50, 50]
[2023-12-06 02:10:43.351] [cout] [info]   /jointset/elbow_r/elbow_flex_r/speed. bounds: [-50, 50]
[2023-12-06 02:10:43.351] [cout] [info]   /jointset/ground_pelvis/pelvis_ty/speed. bounds: [-50, 50]
[2023-12-06 02:10:43.351] [cout] [info]   /jointset/ground_pelvis/pelvis_tz/speed. bounds: [-50, 50]
[2023-12-06 02:10:43.351] [cout] [info]   /jointset/ankle_r/ankle_angle_r/speed. bounds: [-50, 50]
[2023-12-06 02:10:43.351] [cout] [info]   /jointset/hip_r/hip_flexion_r/speed. bounds: [-50, 50]
[2023-12-06 02:10:43.351] [cout] [info]   /jointset/hip_r/hip_rotation_r/speed. bounds: [-50, 50]
[2023-12-06 02:10:43.351] [cout] [info]   /jointset/hip_l/hip_flexion_l/speed. bounds: [-50, 50]
[2023-12-06 02:10:43.351] [cout] [info]   /jointset/subtalar_r/subtalar_angle_r/speed. bounds: [-50, 50]
[2023-12-06 02:10:43.351] [cout] [info]   /jointset/mtp_r/mtp_angle_r/value. bounds: [-1.5708, 1.5708]
[2023-12-06 02:10:43.351] [cout] [info]   /jointset/mtp_r/mtp_angle_r/speed. bounds: [-50, 50]
[2023-12-06 02:10:43.351] [cout] [info]   /jointset/hip_l/hip_adduction_l/speed. bounds: [-50, 50]
[2023-12-06 02:10:43.351] [cout] [info]   /jointset/hip_l/hip_rotation_l/speed. bounds: [-50, 50]
[2023-12-06 02:10:43.351] [cout] [info]   /jointset/knee_l/knee_angle_l/speed. bounds: [-50, 50]
[2023-12-06 02:10:43.351] [cout] [info]   /jointset/ankle_l/ankle_angle_l/speed. bounds: [-50, 50]
[2023-12-06 02:10:43.351] [cout] [info]   /jointset/subtalar_l/subtalar_angle_l/value. bounds: [-1.5708, 1.5708]
[2023-12-06 02:10:43.351] [cout] [info]   /jointset/subtalar_l/subtalar_angle_l/speed. bounds: [-50, 50]
[2023-12-06 02:10:43.351] [cout] [info]   /jointset/mtp_l/mtp_angle_l/value. bounds: [-1.0472, 1.0472]
[2023-12-06 02:10:43.351] [cout] [info]   /jointset/back/lumbar_extension/speed. bounds: [-50, 50]
[2023-12-06 02:10:43.351] [cout] [info]   /jointset/back/lumbar_bending/speed. bounds: [-50, 50]
[2023-12-06 02:10:43.351] [cout] [info]   /jointset/acromial_r/arm_flex_r/speed. bounds: [-50, 50]
[2023-12-06 02:10:43.351] [cout] [info]   /jointset/acromial_r/arm_add_r/speed. bounds: [-50, 50]
[2023-12-06 02:10:43.351] [cout] [info]   /jointset/acromial_r/arm_rot_r/speed. bounds: [-50, 50]
[2023-12-06 02:10:43.351] [cout] [info]   /jointset/radius_hand_r/wrist_flex_r/value. bounds: [-1.22173, 1.22173]
[2023-12-06 02:10:43.351] [cout] [info]   /jointset/radius_hand_r/wrist_flex_r/speed. bounds: [-50, 50]
[2023-12-06 02:10:43.351] [cout] [info]   /jointset/radius_hand_r/wrist_dev_r/value. bounds: [-0.436332, 0.610865]
[2023-12-06 02:10:43.351] [cout] [info]   /jointset/radius_hand_r/wrist_dev_r/speed. bounds: [-50, 50]
[2023-12-06 02:10:43.351] [cout] [info]   /jointset/acromial_l/arm_flex_l/speed. bounds: [-50, 50]
[2023-12-06 02:10:43.351] [cout] [info]   /jointset/acromial_l/arm_add_l/speed. bounds: [-50, 50]
[2023-12-06 02:10:43.351] [cout] [info]   /jointset/acromial_l/arm_rot_l/speed. bounds: [-50, 50]
[2023-12-06 02:10:43.351] [cout] [info]   /jointset/elbow_l/elbow_flex_l/speed. bounds: [-50, 50]
[2023-12-06 02:10:43.351] [cout] [info]   /jointset/radioulnar_l/pro_sup_l/speed. bounds: [-50, 50]
[2023-12-06 02:10:43.351] [cout] [info]   /jointset/radius_hand_l/wrist_flex_l/value. bounds: [-1.22173, 1.22173]
[2023-12-06 02:10:43.351] [cout] [info]   /jointset/radius_hand_l/wrist_dev_l/value. bounds: [-0.436332, 0.610865]
[2023-12-06 02:10:43.351] [cout] [info]   /jointset/radius_hand_l/wrist_dev_l/speed. bounds: [-50, 50]
[2023-12-06 02:10:43.351] [cout] [info] Controls: (total: 29)
[2023-12-06 02:10:43.351] [cout] [info]   /forceset/pelvis_tx_actuator. bounds: [-10000, 10000]
[2023-12-06 02:10:43.351] [cout] [info]   /forceset/pelvis_ty_actuator. bounds: [-10000, 10000]
[2023-12-06 02:10:43.351] [cout] [info]   /forceset/pelvis_tz_actuator. bounds: [-10000, 10000]
[2023-12-06 02:10:43.351] [cout] [info]   /forceset/arm_flex_r_actuator. bounds: [-1, 1]
[2023-12-06 02:10:43.351] [cout] [info]   /forceset/hip_rotation_r_actuator. bounds: [-1, 1]
[2023-12-06 02:10:43.351] [cout] [info]   /forceset/pelvis_tilt_actuator. bounds: [-10000, 10000]
[2023-12-06 02:10:43.351] [cout] [info]   /forceset/pelvis_list_actuator. bounds: [-10000, 10000]
[2023-12-06 02:10:43.351] [cout] [info]   /forceset/pelvis_rotation_actuator. bounds: [-10000, 10000]
[2023-12-06 02:10:43.351] [cout] [info]   /forceset/elbow_flex_l_actuator. bounds: [-1, 1]
[2023-12-06 02:10:43.351] [cout] [info]   /forceset/hip_adduction_l_actuator. bounds: [-1, 1]
[2023-12-06 02:10:43.351] [cout] [info]   /forceset/hip_flexion_r_actuator. bounds: [-1, 1]
[2023-12-06 02:10:43.351] [cout] [info]   /forceset/elbow_flex_r_actuator. bounds: [-1, 1]
[2023-12-06 02:10:43.351] [cout] [info]   /forceset/hip_flexion_l_actuator. bounds: [-1, 1]
[2023-12-06 02:10:43.351] [cout] [info]   /forceset/hip_adduction_r_actuator. bounds: [-1, 1]
[2023-12-06 02:10:43.351] [cout] [info]   /forceset/knee_angle_r_actuator. bounds: [-1, 1]
[2023-12-06 02:10:43.351] [cout] [info]   /forceset/lumbar_rotation_actuator. bounds: [-1, 1]
[2023-12-06 02:10:43.351] [cout] [info]   /forceset/ankle_angle_r_actuator. bounds: [-1, 1]
[2023-12-06 02:10:43.351] [cout] [info]   /forceset/arm_flex_l_actuator. bounds: [-1, 1]
[2023-12-06 02:10:43.351] [cout] [info]   /forceset/hip_rotation_l_actuator. bounds: [-1, 1]
[2023-12-06 02:10:43.351] [cout] [info]   /forceset/knee_angle_l_actuator. bounds: [-1, 1]
[2023-12-06 02:10:43.351] [cout] [info]   /forceset/ankle_angle_l_actuator. bounds: [-1, 1]
[2023-12-06 02:10:43.351] [cout] [info]   /forceset/lumbar_extension_actuator. bounds: [-1, 1]
[2023-12-06 02:10:43.351] [cout] [info]   /forceset/lumbar_bending_actuator. bounds: [-1, 1]
[2023-12-06 02:10:43.351] [cout] [info]   /forceset/arm_add_r_actuator. bounds: [-1, 1]
[2023-12-06 02:10:43.351] [cout] [info]   /forceset/arm_rot_r_actuator. bounds: [-1, 1]
[2023-12-06 02:10:43.351] [cout] [info]   /forceset/pro_sup_r_actuator. bounds: [-1, 1]
[2023-12-06 02:10:43.351] [cout] [info]   /forceset/arm_add_l_actuator. bounds: [-1, 1]
[2023-12-06 02:10:43.351] [cout] [info]   /forceset/arm_rot_l_actuator. bounds: [-1, 1]
[2023-12-06 02:10:43.351] [cout] [info]   /forceset/pro_sup_l_actuator. bounds: [-1, 1]
[2023-12-06 02:10:43.351] [cout] [info] Parameters: none
[2023-12-06 02:10:43.404] [info] ExternalForce::externalforce Data source being set to Run_500 02_newCOP3_v24.mot
[2023-12-06 02:10:43.404] [info] ExternalForce::externalforce_0 Data source being set to Run_500 02_newCOP3_v24.mot
[2023-12-06 02:10:43.465] [info] ExternalForce::externalforce Data source being set to Run_500 02_newCOP3_v24.mot
[2023-12-06 02:10:43.465] [info] ExternalForce::externalforce_0 Data source being set to Run_500 02_newCOP3_v24.mot
[2023-12-06 02:10:43.535] [info] ExternalForce::externalforce Data source being set to Run_500 02_newCOP3_v24.mot
[2023-12-06 02:10:43.535] [info] ExternalForce::externalforce_0 Data source being set to Run_500 02_newCOP3_v24.mot
[2023-12-06 02:10:43.597] [info] ExternalForce::externalforce Data source being set to Run_500 02_newCOP3_v24.mot
[2023-12-06 02:10:43.597] [info] ExternalForce::externalforce_0 Data source being set to Run_500 02_newCOP3_v24.mot
[2023-12-06 02:10:43.668] [info] ExternalForce::externalforce Data source being set to Run_500 02_newCOP3_v24.mot
[2023-12-06 02:10:43.668] [info] ExternalForce::externalforce_0 Data source being set to Run_500 02_newCOP3_v24.mot
[2023-12-06 02:10:43.729] [info] ExternalForce::externalforce Data source being set to Run_500 02_newCOP3_v24.mot
[2023-12-06 02:10:43.729] [info] ExternalForce::externalforce_0 Data source being set to Run_500 02_newCOP3_v24.mot
[2023-12-06 02:10:43.800] [info] ExternalForce::externalforce Data source being set to Run_500 02_newCOP3_v24.mot
[2023-12-06 02:10:43.800] [info] ExternalForce::externalforce_0 Data source being set to Run_500 02_newCOP3_v24.mot
[2023-12-06 02:10:43.862] [info] ExternalForce::externalforce Data source being set to Run_500 02_newCOP3_v24.mot
[2023-12-06 02:10:43.862] [info] ExternalForce::externalforce_0 Data source being set to Run_500 02_newCOP3_v24.mot
[2023-12-06 02:10:43.934] [info] ExternalForce::externalforce Data source being set to Run_500 02_newCOP3_v24.mot
[2023-12-06 02:10:43.935] [info] ExternalForce::externalforce_0 Data source being set to Run_500 02_newCOP3_v24.mot
[2023-12-06 02:10:43.994] [info] ExternalForce::externalforce Data source being set to Run_500 02_newCOP3_v24.mot
[2023-12-06 02:10:43.994] [info] ExternalForce::externalforce_0 Data source being set to Run_500 02_newCOP3_v24.mot
[2023-12-06 02:10:44.063] [info] ExternalForce::externalforce Data source being set to Run_500 02_newCOP3_v24.mot
[2023-12-06 02:10:44.063] [info] ExternalForce::externalforce_0 Data source being set to Run_500 02_newCOP3_v24.mot
[2023-12-06 02:10:44.128] [info] ExternalForce::externalforce Data source being set to Run_500 02_newCOP3_v24.mot
[2023-12-06 02:10:44.128] [info] ExternalForce::externalforce_0 Data source being set to Run_500 02_newCOP3_v24.mot
[2023-12-06 02:10:44.210] [info] ExternalForce::externalforce Data source being set to Run_500 02_newCOP3_v24.mot
[2023-12-06 02:10:44.210] [info] ExternalForce::externalforce_0 Data source being set to Run_500 02_newCOP3_v24.mot
[2023-12-06 02:10:44.272] [info] ExternalForce::externalforce Data source being set to Run_500 02_newCOP3_v24.mot
[2023-12-06 02:10:44.272] [info] ExternalForce::externalforce_0 Data source being set to Run_500 02_newCOP3_v24.mot
[2023-12-06 02:10:44.350] [info] ExternalForce::externalforce Data source being set to Run_500 02_newCOP3_v24.mot
[2023-12-06 02:10:44.350] [info] ExternalForce::externalforce_0 Data source being set to Run_500 02_newCOP3_v24.mot
[2023-12-06 02:10:44.414] [info] ExternalForce::externalforce Data source being set to Run_500 02_newCOP3_v24.mot
[2023-12-06 02:10:44.414] [info] ExternalForce::externalforce_0 Data source being set to Run_500 02_newCOP3_v24.mot
[2023-12-06 02:10:44.435] [info] Number of threads: 8
[2023-12-06 02:32:48.302] [info] Set log level to Info.
[2023-12-06 02:32:48.318] [info] ------------------------------------------------------------------------
[2023-12-06 02:32:48.318] [info] Elapsed real time: 1325 second(s) (22 minute(s), 5 second(s)).
[2023-12-06 02:32:48.318] [info] Wed Dec  6 02:32:48 2023
[2023-12-06 02:32:48.318] [info] MocoCasADiSolver succeeded!
[2023-12-06 02:32:48.318] [info] ========================================================================
