[2023-08-15 22:14:29.108] [info] AbstractTool subject08_run5_cycle2 loading model ..\..\model\subject08_adjusted_scaled.osim
[2023-08-15 22:14:29.164] [info] Loaded model subject08_scaled from file ..\..\model\subject08_adjusted_scaled.osim
[2023-08-15 22:14:29.193] [info] Adding force object set from subject08_run5_RRA_Actuators.xml
[2023-08-15 22:14:29.197] [info] Running tool subject08_run5_cycle2.
[2023-08-15 22:14:29.209] [warning] ExternalLoads 'externalloads' has subcomponents with duplicate name 'externalforce'. The duplicate is being renamed to 'externalforce_0'.
[2023-08-15 22:14:29.219] [info] 	taskSet size = 29.
[2023-08-15 22:14:29.313] [info] ExternalForce::externalforce Data source being set to Run_500 03_newCOP3_v24.mot
[2023-08-15 22:14:29.313] [info] ExternalForce::externalforce_0 Data source being set to Run_500 03_newCOP3_v24.mot
[2023-08-15 22:14:29.321] [warning] A desired points file was not specified.
[2023-08-15 22:14:29.322] [info] Loading desired kinematics from file '..\..\ik\Run_5.mot'...
[2023-08-15 22:14:29.322] [info] Old version storage/motion file encountered
[2023-08-15 22:14:29.322] [info] Storage: read data file = ..\..\ik\Run_5.mot (nr=516 nc=164)
[2023-08-15 22:14:29.322] [info] .. assuming rotations in Degrees..
[2023-08-15 22:14:29.375] [info] Low-pass filtering desired kinematics with a cutoff frequency of 15.0...
[2023-08-15 22:14:29.528] [cout] [info] MODEL: subject08_scaled

numStates = 74
numCoordinates = 37
numSpeeds = 37
numActuators = 29
numBodies = 20
numConstraints = 0
numProbes = 0

ANALYSES (total: 0)

BODIES (total: 20)
body[0] = pelvis. mass: 12.9063
              moments of inertia:  ~[0.145167,0.145167,0.0726748]
              products of inertia: ~[0,0,0]
body[1] = femur_r. mass: 10.1933
              moments of inertia:  ~[0.167005,0.0437779,0.17611]
              products of inertia: ~[0,0,0]
body[2] = tibia_r. mass: 4.06302
              moments of inertia:  ~[0.0686582,0.0058898,0.0686582]
              products of inertia: ~[0,0,0]
body[3] = talus_r. mass: 0.109589
              moments of inertia:  ~[0.00126763,0.00126763,0.00126763]
              products of inertia: ~[0,0,0]
body[4] = calcn_r. mass: 1.36987
              moments of inertia:  ~[0.00177469,0.00494377,0.0051973]
              products of inertia: ~[0,0,0]
body[5] = toes_r. mass: 0.23737
              moments of inertia:  ~[0.000126763,0.000253527,0.00126763]
              products of inertia: ~[0,0,0]
body[6] = femur_l. mass: 10.1933
              moments of inertia:  ~[0.167005,0.0437779,0.17611]
              products of inertia: ~[0,0,0]
body[7] = tibia_l. mass: 4.06302
              moments of inertia:  ~[0.0686582,0.0058898,0.0686582]
              products of inertia: ~[0,0,0]
body[8] = talus_l. mass: 0.109589
              moments of inertia:  ~[0.00126763,0.00126763,0.00126763]
              products of inertia: ~[0,0,0]
body[9] = calcn_l. mass: 1.36987
              moments of inertia:  ~[0.00177469,0.00494377,0.0051973]
              products of inertia: ~[0,0,0]
body[10] = toes_l. mass: 0.23737
              moments of inertia:  ~[0.000126763,0.000253527,0.00126763]
              products of inertia: ~[0,0,0]
body[11] = torso. mass: 29.3991
              moments of inertia:  ~[1.74167,0.892391,1.69076]
              products of inertia: ~[0,0,0]
body[12] = humerus_r. mass: 2.2274
              moments of inertia:  ~[0.0142055,0.00490046,0.0159452]
              products of inertia: ~[0,0,0]
body[13] = ulna_r. mass: 0.665755
              moments of inertia:  ~[0.00362196,0.000755697,0.00392889]
              products of inertia: ~[0,0,0]
body[14] = radius_r. mass: 0.665755
              moments of inertia:  ~[0.00362196,0.000755697,0.00392889]
              products of inertia: ~[0,0,0]
body[15] = hand_r. mass: 0.501371
              moments of inertia:  ~[0.00109075,0.000668877,0.00163857]
              products of inertia: ~[0,0,0]
body[16] = humerus_l. mass: 2.2274
              moments of inertia:  ~[0.0142055,0.00490046,0.0159452]
              products of inertia: ~[0,0,0]
body[17] = ulna_l. mass: 0.665755
              moments of inertia:  ~[0.00362196,0.000755697,0.00392889]
              products of inertia: ~[0,0,0]
body[18] = radius_l. mass: 0.665755
              moments of inertia:  ~[0.00362196,0.000755697,0.00392889]
              products of inertia: ~[0,0,0]
body[19] = hand_l. mass: 0.501371
              moments of inertia:  ~[0.00109075,0.000668877,0.00163857]
              products of inertia: ~[0,0,0]

JOINTS (total: 20)
joint[0] = ground_pelvis. parent: ground_offset, child: pelvis_offset
joint[1] = hip_r. parent: pelvis_offset, child: femur_r_offset
joint[2] = knee_r. parent: femur_r_offset, child: tibia_r_offset
joint[3] = ankle_r. parent: tibia_r_offset, child: talus_r_offset
joint[4] = subtalar_r. parent: talus_r_offset, child: calcn_r_offset
joint[5] = mtp_r. parent: calcn_r_offset, child: toes_r_offset
joint[6] = hip_l. parent: pelvis_offset, child: femur_l_offset
joint[7] = knee_l. parent: femur_l_offset, child: tibia_l_offset
joint[8] = ankle_l. parent: tibia_l_offset, child: talus_l_offset
joint[9] = subtalar_l. parent: talus_l_offset, child: calcn_l_offset
joint[10] = mtp_l. parent: calcn_l_offset, child: toes_l_offset
joint[11] = back. parent: pelvis_offset, child: torso_offset
joint[12] = acromial_r. parent: torso_offset, child: humerus_r_offset
joint[13] = elbow_r. parent: humerus_r_offset, child: ulna_r_offset
joint[14] = radioulnar_r. parent: ulna_r_offset, child: radius_r_offset
joint[15] = radius_hand_r. parent: radius_r_offset, child: hand_r_offset
joint[16] = acromial_l. parent: torso_offset, child: humerus_l_offset
joint[17] = elbow_l. parent: humerus_l_offset, child: ulna_l_offset
joint[18] = radioulnar_l. parent: ulna_l_offset, child: radius_l_offset
joint[19] = radius_hand_l. parent: radius_l_offset, child: hand_l_offset

ACTUATORS (total: 29)
actuator[0] = FX
actuator[1] = FY
actuator[2] = FZ
actuator[3] = MZ
actuator[4] = MX
actuator[5] = MY
actuator[6] = hip_flexion_r
actuator[7] = hip_adduction_r
actuator[8] = hip_rotation_r
actuator[9] = knee_angle_r
actuator[10] = ankle_angle_r
actuator[11] = hip_flexion_l
actuator[12] = hip_adduction_l
actuator[13] = hip_rotation_l
actuator[14] = knee_angle_l
actuator[15] = ankle_angle_l
actuator[16] = lumbar_extension
actuator[17] = lumbar_bending
actuator[18] = lumbar_rotation
actuator[19] = arm_flex_r
actuator[20] = arm_add_r
actuator[21] = arm_rot_r
actuator[22] = elbow_flex_r
actuator[23] = pro_sup_r
actuator[24] = arm_flex_l
actuator[25] = arm_add_l
actuator[26] = arm_rot_l
actuator[27] = elbow_flex_l
actuator[28] = pro_sup_l

STATES (total: 74)
y[0] = /jointset/ground_pelvis/pelvis_tilt/value
y[1] = /jointset/ground_pelvis/pelvis_tilt/speed
y[2] = /jointset/ground_pelvis/pelvis_list/value
y[3] = /jointset/ground_pelvis/pelvis_list/speed
y[4] = /jointset/ground_pelvis/pelvis_rotation/value
y[5] = /jointset/ground_pelvis/pelvis_rotation/speed
y[6] = /jointset/ground_pelvis/pelvis_tx/value
y[7] = /jointset/ground_pelvis/pelvis_tx/speed
y[8] = /jointset/ground_pelvis/pelvis_ty/value
y[9] = /jointset/ground_pelvis/pelvis_ty/speed
y[10] = /jointset/ground_pelvis/pelvis_tz/value
y[11] = /jointset/ground_pelvis/pelvis_tz/speed
y[12] = /jointset/hip_r/hip_flexion_r/value
y[13] = /jointset/hip_r/hip_flexion_r/speed
y[14] = /jointset/hip_r/hip_adduction_r/value
y[15] = /jointset/hip_r/hip_adduction_r/speed
y[16] = /jointset/hip_r/hip_rotation_r/value
y[17] = /jointset/hip_r/hip_rotation_r/speed
y[18] = /jointset/knee_r/knee_angle_r/value
y[19] = /jointset/knee_r/knee_angle_r/speed
y[20] = /jointset/ankle_r/ankle_angle_r/value
y[21] = /jointset/ankle_r/ankle_angle_r/speed
y[22] = /jointset/subtalar_r/subtalar_angle_r/value
y[23] = /jointset/subtalar_r/subtalar_angle_r/speed
y[24] = /jointset/mtp_r/mtp_angle_r/value
y[25] = /jointset/mtp_r/mtp_angle_r/speed
y[26] = /jointset/hip_l/hip_flexion_l/value
y[27] = /jointset/hip_l/hip_flexion_l/speed
y[28] = /jointset/hip_l/hip_adduction_l/value
y[29] = /jointset/hip_l/hip_adduction_l/speed
y[30] = /jointset/hip_l/hip_rotation_l/value
y[31] = /jointset/hip_l/hip_rotation_l/speed
y[32] = /jointset/knee_l/knee_angle_l/value
y[33] = /jointset/knee_l/knee_angle_l/speed
y[34] = /jointset/ankle_l/ankle_angle_l/value
y[35] = /jointset/ankle_l/ankle_angle_l/speed
y[36] = /jointset/subtalar_l/subtalar_angle_l/value
y[37] = /jointset/subtalar_l/subtalar_angle_l/speed
y[38] = /jointset/mtp_l/mtp_angle_l/value
y[39] = /jointset/mtp_l/mtp_angle_l/speed
y[40] = /jointset/back/lumbar_extension/value
y[41] = /jointset/back/lumbar_extension/speed
y[42] = /jointset/back/lumbar_bending/value
y[43] = /jointset/back/lumbar_bending/speed
y[44] = /jointset/back/lumbar_rotation/value
y[45] = /jointset/back/lumbar_rotation/speed
y[46] = /jointset/acromial_r/arm_flex_r/value
y[47] = /jointset/acromial_r/arm_flex_r/speed
y[48] = /jointset/acromial_r/arm_add_r/value
y[49] = /jointset/acromial_r/arm_add_r/speed
y[50] = /jointset/acromial_r/arm_rot_r/value
y[51] = /jointset/acromial_r/arm_rot_r/speed
y[52] = /jointset/elbow_r/elbow_flex_r/value
y[53] = /jointset/elbow_r/elbow_flex_r/speed
y[54] = /jointset/radioulnar_r/pro_sup_r/value
y[55] = /jointset/radioulnar_r/pro_sup_r/speed
y[56] = /jointset/radius_hand_r/wrist_flex_r/value
y[57] = /jointset/radius_hand_r/wrist_flex_r/speed
y[58] = /jointset/radius_hand_r/wrist_dev_r/value
y[59] = /jointset/radius_hand_r/wrist_dev_r/speed
y[60] = /jointset/acromial_l/arm_flex_l/value
y[61] = /jointset/acromial_l/arm_flex_l/speed
y[62] = /jointset/acromial_l/arm_add_l/value
y[63] = /jointset/acromial_l/arm_add_l/speed
y[64] = /jointset/acromial_l/arm_rot_l/value
y[65] = /jointset/acromial_l/arm_rot_l/speed
y[66] = /jointset/elbow_l/elbow_flex_l/value
y[67] = /jointset/elbow_l/elbow_flex_l/speed
y[68] = /jointset/radioulnar_l/pro_sup_l/value
y[69] = /jointset/radioulnar_l/pro_sup_l/speed
y[70] = /jointset/radius_hand_l/wrist_flex_l/value
y[71] = /jointset/radius_hand_l/wrist_flex_l/speed
y[72] = /jointset/radius_hand_l/wrist_dev_l/value
y[73] = /jointset/radius_hand_l/wrist_dev_l/speed

[2023-08-15 22:14:29.875] [info] Requested COM adjustment time range 0.992 to 1.60400, clamped to nearest available data times: 0.99 to 1.6.
[2023-08-15 22:14:29.875] [info] Computing average residuals between 0.99 and 1.6...
[2023-08-15 22:14:29.935] [info] ExternalForce::externalforce Data source being set to Run_500 03_newCOP3_v24.mot
[2023-08-15 22:14:29.936] [info] ExternalForce::externalforce_0 Data source being set to Run_500 03_newCOP3_v24.mot
[2023-08-15 22:14:30.006] [info] ExternalForce::externalforce Data source being set to Run_500 03_newCOP3_v24.mot
[2023-08-15 22:14:30.006] [info] ExternalForce::externalforce_0 Data source being set to Run_500 03_newCOP3_v24.mot
[2023-08-15 22:14:31.270] [info] ExternalForce::externalforce Data source being set to Run_500 03_newCOP3_v24.mot
[2023-08-15 22:14:31.270] [info] ExternalForce::externalforce_0 Data source being set to Run_500 03_newCOP3_v24.mot
[2023-08-15 22:14:31.274] [info] Computing average residuals between 0.99 and 1.6...
[2023-08-15 22:14:31.350] [info] ExternalForce::externalforce Data source being set to Run_500 03_newCOP3_v24.mot
[2023-08-15 22:14:31.350] [info] ExternalForce::externalforce_0 Data source being set to Run_500 03_newCOP3_v24.mot
[2023-08-15 22:14:31.429] [info] ExternalForce::externalforce Data source being set to Run_500 03_newCOP3_v24.mot
[2023-08-15 22:14:31.429] [info] ExternalForce::externalforce_0 Data source being set to Run_500 03_newCOP3_v24.mot
[2023-08-15 22:14:32.627] [info] Constructing function set for tracking desired kinematics...
[2023-08-15 22:14:33.265] [warning] No Actuation analysis found in analysis set, adding one...
[2023-08-15 22:14:33.265] [warning] No Kinematics analysis found in analysis set, adding one...
[2023-08-15 22:14:33.267] [info] Using the generalized coordinates specified in '..\..\ik\Run_5.mot' to set the initial configuration.
[2023-08-15 22:14:33.395] [info] Using IPOPT optimizer algorithm.
[2023-08-15 22:14:33.395] [info] Setting optimizer print level to 0.
[2023-08-15 22:14:33.395] [info] Setting optimizer convergence tolerance to 1.0e-05.
[2023-08-15 22:14:33.395] [info] Setting optimizer maximum iterations to 2000.
[2023-08-15 22:14:33.395] [info] Setting cmc controller to not use verbose printing.

[2023-08-15 22:14:33.396] [info] CMC::computeControls, t = 0.992
[2023-08-15 22:14:34.221] [info] --------------------------------------------
[2023-08-15 22:14:34.221] [info] Using CMC to track the specified kinematics:
[2023-08-15 22:14:34.221] [info] --------------------------------------------
[2023-08-15 22:14:34.221] [info]  -- Integrating from 0.992 to 1.60400
[2023-08-15 22:14:34.221] [info]  -- Start time = Tue Aug 15 22:14:34 2023
[2023-08-15 22:14:34.221] [info] --------------------------------------------
[2023-08-15 22:14:34.221] [info] 
[2023-08-15 22:14:34.225] [info] CMC::computeControls, t = 0.992
[2023-08-15 22:14:34.251] [info] CMC::computeControls, t = 0.993
[2023-08-15 22:14:34.251] [warning] Coordinate.setValue:  coordinate subtalar_angle_r is locked. Unable to change its value.
[2023-08-15 22:14:34.251] [warning] Coordinate.setValue:  coordinate mtp_angle_r is locked. Unable to change its value.
[2023-08-15 22:14:34.251] [warning] Coordinate.setValue:  coordinate subtalar_angle_l is locked. Unable to change its value.
[2023-08-15 22:14:34.251] [warning] Coordinate.setValue:  coordinate mtp_angle_l is locked. Unable to change its value.
[2023-08-15 22:14:34.251] [warning] Coordinate.setValue:  coordinate wrist_flex_r is locked. Unable to change its value.
[2023-08-15 22:14:34.251] [warning] Coordinate.setValue:  coordinate wrist_dev_r is locked. Unable to change its value.
[2023-08-15 22:14:34.252] [warning] Coordinate.setValue:  coordinate wrist_flex_l is locked. Unable to change its value.
[2023-08-15 22:14:34.252] [warning] Coordinate.setValue:  coordinate wrist_dev_l is locked. Unable to change its value.
[2023-08-15 22:14:34.285] [info] CMC::computeControls, t = 0.994
[2023-08-15 22:14:34.302] [info] CMC::computeControls, t = 0.995
[2023-08-15 22:14:34.328] [info] CMC::computeControls, t = 0.996
[2023-08-15 22:14:34.354] [info] CMC::computeControls, t = 0.997
[2023-08-15 22:14:34.376] [info] CMC::computeControls, t = 0.998
[2023-08-15 22:14:34.402] [info] CMC::computeControls, t = 0.999
[2023-08-15 22:14:34.436] [info] CMC::computeControls, t = 1.0
[2023-08-15 22:14:34.455] [info] CMC::computeControls, t = 1.00100
[2023-08-15 22:14:34.480] [info] CMC::computeControls, t = 1.00200
[2023-08-15 22:14:34.509] [info] CMC::computeControls, t = 1.00300
[2023-08-15 22:14:34.545] [info] CMC::computeControls, t = 1.00400
[2023-08-15 22:14:34.579] [info] CMC::computeControls, t = 1.00500
[2023-08-15 22:14:34.603] [info] CMC::computeControls, t = 1.00600
[2023-08-15 22:14:34.632] [info] CMC::computeControls, t = 1.00700
[2023-08-15 22:14:34.664] [info] CMC::computeControls, t = 1.00800
[2023-08-15 22:14:34.700] [info] CMC::computeControls, t = 1.00900
[2023-08-15 22:14:34.716] [info] CMC::computeControls, t = 1.01
[2023-08-15 22:14:34.731] [info] CMC::computeControls, t = 1.011
[2023-08-15 22:14:34.746] [info] CMC::computeControls, t = 1.012
[2023-08-15 22:14:34.764] [info] CMC::computeControls, t = 1.013
[2023-08-15 22:14:34.804] [info] CMC::computeControls, t = 1.014
[2023-08-15 22:14:34.827] [info] CMC::computeControls, t = 1.015
[2023-08-15 22:14:34.857] [info] CMC::computeControls, t = 1.016
[2023-08-15 22:14:34.876] [info] CMC::computeControls, t = 1.017
[2023-08-15 22:14:34.891] [info] CMC::computeControls, t = 1.018
[2023-08-15 22:14:34.909] [info] CMC::computeControls, t = 1.019
[2023-08-15 22:14:34.930] [info] CMC::computeControls, t = 1.02
[2023-08-15 22:14:34.963] [info] CMC::computeControls, t = 1.021
[2023-08-15 22:14:34.985] [info] CMC::computeControls, t = 1.022
[2023-08-15 22:14:35.012] [info] CMC::computeControls, t = 1.023
[2023-08-15 22:14:35.028] [info] CMC::computeControls, t = 1.024
[2023-08-15 22:14:35.043] [info] CMC::computeControls, t = 1.025
[2023-08-15 22:14:35.061] [info] CMC::computeControls, t = 1.026
[2023-08-15 22:14:35.087] [info] CMC::computeControls, t = 1.027
[2023-08-15 22:14:35.108] [info] CMC::computeControls, t = 1.028
[2023-08-15 22:14:35.139] [info] CMC::computeControls, t = 1.029
[2023-08-15 22:14:35.166] [info] CMC::computeControls, t = 1.03
[2023-08-15 22:14:35.195] [info] CMC::computeControls, t = 1.031
[2023-08-15 22:14:35.226] [info] CMC::computeControls, t = 1.032
[2023-08-15 22:14:35.241] [info] CMC::computeControls, t = 1.033
[2023-08-15 22:14:35.267] [info] CMC::computeControls, t = 1.034
[2023-08-15 22:14:35.283] [info] CMC::computeControls, t = 1.035
[2023-08-15 22:14:35.298] [info] CMC::computeControls, t = 1.036
[2023-08-15 22:14:35.313] [info] CMC::computeControls, t = 1.037
[2023-08-15 22:14:35.339] [info] CMC::computeControls, t = 1.038
[2023-08-15 22:14:35.355] [info] CMC::computeControls, t = 1.039
[2023-08-15 22:14:35.382] [info] CMC::computeControls, t = 1.04
[2023-08-15 22:14:35.404] [info] CMC::computeControls, t = 1.041
[2023-08-15 22:14:35.435] [info] CMC::computeControls, t = 1.042
[2023-08-15 22:14:35.454] [info] CMC::computeControls, t = 1.043
[2023-08-15 22:14:35.481] [info] CMC::computeControls, t = 1.044
[2023-08-15 22:14:35.501] [info] CMC::computeControls, t = 1.045
[2023-08-15 22:14:35.535] [info] CMC::computeControls, t = 1.046
[2023-08-15 22:14:35.562] [info] CMC::computeControls, t = 1.047
[2023-08-15 22:14:35.592] [info] CMC::computeControls, t = 1.048
[2023-08-15 22:14:35.619] [info] CMC::computeControls, t = 1.049
[2023-08-15 22:14:35.635] [info] CMC::computeControls, t = 1.05
[2023-08-15 22:14:35.652] [info] CMC::computeControls, t = 1.051
[2023-08-15 22:14:35.674] [info] CMC::computeControls, t = 1.052
[2023-08-15 22:14:35.690] [info] CMC::computeControls, t = 1.053
[2023-08-15 22:14:35.705] [info] CMC::computeControls, t = 1.054
[2023-08-15 22:14:35.726] [info] CMC::computeControls, t = 1.055
[2023-08-15 22:14:35.753] [info] CMC::computeControls, t = 1.056
[2023-08-15 22:14:35.774] [info] CMC::computeControls, t = 1.057
[2023-08-15 22:14:35.803] [info] CMC::computeControls, t = 1.058
[2023-08-15 22:14:35.830] [info] CMC::computeControls, t = 1.059
[2023-08-15 22:14:35.853] [info] CMC::computeControls, t = 1.06
[2023-08-15 22:14:35.882] [info] CMC::computeControls, t = 1.061
[2023-08-15 22:14:35.915] [info] CMC::computeControls, t = 1.062
[2023-08-15 22:14:35.952] [info] CMC::computeControls, t = 1.063
[2023-08-15 22:14:35.992] [info] CMC::computeControls, t = 1.064
[2023-08-15 22:14:36.015] [info] CMC::computeControls, t = 1.065
[2023-08-15 22:14:36.030] [info] CMC::computeControls, t = 1.066
[2023-08-15 22:14:36.050] [info] CMC::computeControls, t = 1.067
[2023-08-15 22:14:36.071] [info] CMC::computeControls, t = 1.068
[2023-08-15 22:14:36.096] [info] CMC::computeControls, t = 1.069
[2023-08-15 22:14:36.113] [info] CMC::computeControls, t = 1.07
[2023-08-15 22:14:36.131] [info] CMC::computeControls, t = 1.071
[2023-08-15 22:14:36.158] [info] CMC::computeControls, t = 1.072
[2023-08-15 22:14:36.187] [info] CMC::computeControls, t = 1.073
[2023-08-15 22:14:36.212] [info] CMC::computeControls, t = 1.074
[2023-08-15 22:14:36.246] [info] CMC::computeControls, t = 1.075
[2023-08-15 22:14:36.277] [info] CMC::computeControls, t = 1.076
[2023-08-15 22:14:36.303] [info] CMC::computeControls, t = 1.077
[2023-08-15 22:14:36.330] [info] CMC::computeControls, t = 1.078
[2023-08-15 22:14:36.346] [info] CMC::computeControls, t = 1.079
[2023-08-15 22:14:36.374] [info] CMC::computeControls, t = 1.08
[2023-08-15 22:14:36.410] [info] CMC::computeControls, t = 1.081
[2023-08-15 22:14:36.437] [info] CMC::computeControls, t = 1.082
[2023-08-15 22:14:36.471] [info] CMC::computeControls, t = 1.083
[2023-08-15 22:14:36.505] [info] CMC::computeControls, t = 1.084
[2023-08-15 22:14:36.524] [info] CMC::computeControls, t = 1.085
[2023-08-15 22:14:36.556] [info] CMC::computeControls, t = 1.086
[2023-08-15 22:14:36.573] [info] CMC::computeControls, t = 1.087
[2023-08-15 22:14:36.607] [info] CMC::computeControls, t = 1.088
[2023-08-15 22:14:36.622] [info] CMC::computeControls, t = 1.089
[2023-08-15 22:14:36.637] [info] CMC::computeControls, t = 1.09
[2023-08-15 22:14:36.652] [info] CMC::computeControls, t = 1.091
[2023-08-15 22:14:36.667] [info] CMC::computeControls, t = 1.092
[2023-08-15 22:14:36.683] [info] CMC::computeControls, t = 1.093
[2023-08-15 22:14:36.705] [info] CMC::computeControls, t = 1.094
[2023-08-15 22:14:36.733] [info] CMC::computeControls, t = 1.095
[2023-08-15 22:14:36.751] [info] CMC::computeControls, t = 1.096
[2023-08-15 22:14:36.779] [info] CMC::computeControls, t = 1.097
[2023-08-15 22:14:36.794] [info] CMC::computeControls, t = 1.098
[2023-08-15 22:14:36.812] [info] CMC::computeControls, t = 1.099
[2023-08-15 22:14:36.827] [info] CMC::computeControls, t = 1.1
[2023-08-15 22:14:36.845] [info] CMC::computeControls, t = 1.10100
[2023-08-15 22:14:36.863] [info] CMC::computeControls, t = 1.10200
[2023-08-15 22:14:36.882] [info] CMC::computeControls, t = 1.10300
[2023-08-15 22:14:36.897] [info] CMC::computeControls, t = 1.10400
[2023-08-15 22:14:36.920] [info] CMC::computeControls, t = 1.10500
[2023-08-15 22:14:36.935] [info] CMC::computeControls, t = 1.10600
[2023-08-15 22:14:36.950] [info] CMC::computeControls, t = 1.10700
[2023-08-15 22:14:36.965] [info] CMC::computeControls, t = 1.10800
[2023-08-15 22:14:36.980] [info] CMC::computeControls, t = 1.10900
[2023-08-15 22:14:36.995] [info] CMC::computeControls, t = 1.11
[2023-08-15 22:14:37.010] [info] CMC::computeControls, t = 1.111
[2023-08-15 22:14:37.032] [info] CMC::computeControls, t = 1.112
[2023-08-15 22:14:37.051] [info] CMC::computeControls, t = 1.113
[2023-08-15 22:14:37.074] [info] CMC::computeControls, t = 1.114
[2023-08-15 22:14:37.100] [info] CMC::computeControls, t = 1.115
[2023-08-15 22:14:37.121] [info] CMC::computeControls, t = 1.116
[2023-08-15 22:14:37.136] [info] CMC::computeControls, t = 1.117
[2023-08-15 22:14:37.160] [info] CMC::computeControls, t = 1.118
[2023-08-15 22:14:37.188] [info] CMC::computeControls, t = 1.119
[2023-08-15 22:14:37.204] [info] CMC::computeControls, t = 1.12
[2023-08-15 22:14:37.222] [info] CMC::computeControls, t = 1.121
[2023-08-15 22:14:37.238] [info] CMC::computeControls, t = 1.122
[2023-08-15 22:14:37.254] [info] CMC::computeControls, t = 1.123
[2023-08-15 22:14:37.273] [info] CMC::computeControls, t = 1.124
[2023-08-15 22:14:37.312] [info] CMC::computeControls, t = 1.125
[2023-08-15 22:14:37.332] [info] CMC::computeControls, t = 1.126
[2023-08-15 22:14:37.353] [info] CMC::computeControls, t = 1.127
[2023-08-15 22:14:37.376] [info] CMC::computeControls, t = 1.128
[2023-08-15 22:14:37.404] [info] CMC::computeControls, t = 1.129
[2023-08-15 22:14:37.436] [info] CMC::computeControls, t = 1.13
[2023-08-15 22:14:37.472] [info] CMC::computeControls, t = 1.131
[2023-08-15 22:14:37.509] [info] CMC::computeControls, t = 1.132
[2023-08-15 22:14:37.544] [info] CMC::computeControls, t = 1.133
[2023-08-15 22:14:37.567] [info] CMC::computeControls, t = 1.134
[2023-08-15 22:14:37.597] [info] CMC::computeControls, t = 1.135
[2023-08-15 22:14:37.614] [info] CMC::computeControls, t = 1.136
[2023-08-15 22:14:37.629] [info] CMC::computeControls, t = 1.137
[2023-08-15 22:14:37.644] [info] CMC::computeControls, t = 1.138
[2023-08-15 22:14:37.666] [info] CMC::computeControls, t = 1.139
[2023-08-15 22:14:37.685] [info] CMC::computeControls, t = 1.14
[2023-08-15 22:14:37.714] [info] CMC::computeControls, t = 1.141
[2023-08-15 22:14:37.743] [info] CMC::computeControls, t = 1.142
[2023-08-15 22:14:37.770] [info] CMC::computeControls, t = 1.143
[2023-08-15 22:14:37.817] [info] CMC::computeControls, t = 1.144
[2023-08-15 22:14:37.840] [info] CMC::computeControls, t = 1.145
[2023-08-15 22:14:37.862] [info] CMC::computeControls, t = 1.146
[2023-08-15 22:14:37.878] [info] CMC::computeControls, t = 1.147
[2023-08-15 22:14:37.902] [info] CMC::computeControls, t = 1.148
[2023-08-15 22:14:37.925] [info] CMC::computeControls, t = 1.149
[2023-08-15 22:14:37.953] [info] CMC::computeControls, t = 1.15
[2023-08-15 22:14:37.981] [info] CMC::computeControls, t = 1.151
[2023-08-15 22:14:38.003] [info] CMC::computeControls, t = 1.152
[2023-08-15 22:14:38.030] [info] CMC::computeControls, t = 1.153
[2023-08-15 22:14:38.049] [info] CMC::computeControls, t = 1.154
[2023-08-15 22:14:38.090] [info] CMC::computeControls, t = 1.155
[2023-08-15 22:14:38.127] [info] CMC::computeControls, t = 1.156
[2023-08-15 22:14:38.150] [info] CMC::computeControls, t = 1.157
[2023-08-15 22:14:38.179] [info] CMC::computeControls, t = 1.158
[2023-08-15 22:14:38.197] [info] CMC::computeControls, t = 1.159
[2023-08-15 22:14:38.222] [info] CMC::computeControls, t = 1.16
[2023-08-15 22:14:38.248] [info] CMC::computeControls, t = 1.161
[2023-08-15 22:14:38.277] [info] CMC::computeControls, t = 1.162
[2023-08-15 22:14:38.309] [info] CMC::computeControls, t = 1.163
[2023-08-15 22:14:38.341] [info] CMC::computeControls, t = 1.164
[2023-08-15 22:14:38.360] [info] CMC::computeControls, t = 1.165
[2023-08-15 22:14:38.375] [info] CMC::computeControls, t = 1.166
[2023-08-15 22:14:38.408] [info] CMC::computeControls, t = 1.167
[2023-08-15 22:14:38.434] [info] CMC::computeControls, t = 1.168
[2023-08-15 22:14:38.449] [info] CMC::computeControls, t = 1.169
[2023-08-15 22:14:38.470] [info] CMC::computeControls, t = 1.17
[2023-08-15 22:14:38.485] [info] CMC::computeControls, t = 1.171
[2023-08-15 22:14:38.512] [info] CMC::computeControls, t = 1.172
[2023-08-15 22:14:38.539] [info] CMC::computeControls, t = 1.173
[2023-08-15 22:14:38.562] [info] CMC::computeControls, t = 1.174
[2023-08-15 22:14:38.580] [info] CMC::computeControls, t = 1.175
[2023-08-15 22:14:38.595] [info] CMC::computeControls, t = 1.176
[2023-08-15 22:14:38.614] [info] CMC::computeControls, t = 1.177
[2023-08-15 22:14:38.630] [info] CMC::computeControls, t = 1.178
[2023-08-15 22:14:38.651] [info] CMC::computeControls, t = 1.179
[2023-08-15 22:14:38.669] [info] CMC::computeControls, t = 1.18
[2023-08-15 22:14:38.686] [info] CMC::computeControls, t = 1.181
[2023-08-15 22:14:38.701] [info] CMC::computeControls, t = 1.182
[2023-08-15 22:14:38.716] [info] CMC::computeControls, t = 1.183
[2023-08-15 22:14:38.731] [info] CMC::computeControls, t = 1.184
[2023-08-15 22:14:38.756] [info] CMC::computeControls, t = 1.185
[2023-08-15 22:14:38.771] [info] CMC::computeControls, t = 1.186
[2023-08-15 22:14:38.789] [info] CMC::computeControls, t = 1.187
[2023-08-15 22:14:38.804] [info] CMC::computeControls, t = 1.188
[2023-08-15 22:14:38.820] [info] CMC::computeControls, t = 1.189
[2023-08-15 22:14:38.838] [info] CMC::computeControls, t = 1.19
[2023-08-15 22:14:38.857] [info] CMC::computeControls, t = 1.191
[2023-08-15 22:14:38.875] [info] CMC::computeControls, t = 1.192
[2023-08-15 22:14:38.902] [info] CMC::computeControls, t = 1.193
[2023-08-15 22:14:38.924] [info] CMC::computeControls, t = 1.194
[2023-08-15 22:14:38.940] [info] CMC::computeControls, t = 1.195
[2023-08-15 22:14:38.958] [info] CMC::computeControls, t = 1.196
[2023-08-15 22:14:38.974] [info] CMC::computeControls, t = 1.197
[2023-08-15 22:14:39.007] [info] CMC::computeControls, t = 1.198
[2023-08-15 22:14:39.031] [info] CMC::computeControls, t = 1.199
[2023-08-15 22:14:39.057] [info] CMC::computeControls, t = 1.2
[2023-08-15 22:14:39.073] [info] CMC::computeControls, t = 1.20100
[2023-08-15 22:14:39.101] [info] CMC::computeControls, t = 1.20200
[2023-08-15 22:14:39.122] [info] CMC::computeControls, t = 1.20300
[2023-08-15 22:14:39.138] [info] CMC::computeControls, t = 1.20400
[2023-08-15 22:14:39.153] [info] CMC::computeControls, t = 1.20500
[2023-08-15 22:14:39.169] [info] CMC::computeControls, t = 1.20600
[2023-08-15 22:14:39.185] [info] CMC::computeControls, t = 1.20700
[2023-08-15 22:14:39.211] [info] CMC::computeControls, t = 1.20800
[2023-08-15 22:14:39.232] [info] CMC::computeControls, t = 1.20900
[2023-08-15 22:14:39.248] [info] CMC::computeControls, t = 1.21
[2023-08-15 22:14:39.278] [info] CMC::computeControls, t = 1.211
[2023-08-15 22:14:39.307] [info] CMC::computeControls, t = 1.212
[2023-08-15 22:14:39.338] [info] CMC::computeControls, t = 1.213
[2023-08-15 22:14:39.365] [info] CMC::computeControls, t = 1.214
[2023-08-15 22:14:39.389] [info] CMC::computeControls, t = 1.215
[2023-08-15 22:14:39.413] [info] CMC::computeControls, t = 1.216
[2023-08-15 22:14:39.433] [info] CMC::computeControls, t = 1.217
[2023-08-15 22:14:39.460] [info] CMC::computeControls, t = 1.218
[2023-08-15 22:14:39.477] [info] CMC::computeControls, t = 1.219
[2023-08-15 22:14:39.497] [info] CMC::computeControls, t = 1.22
[2023-08-15 22:14:39.534] [info] CMC::computeControls, t = 1.221
[2023-08-15 22:14:39.559] [info] CMC::computeControls, t = 1.222
[2023-08-15 22:14:39.590] [info] CMC::computeControls, t = 1.223
[2023-08-15 22:14:39.613] [info] CMC::computeControls, t = 1.224
[2023-08-15 22:14:39.631] [info] CMC::computeControls, t = 1.225
[2023-08-15 22:14:39.651] [info] CMC::computeControls, t = 1.226
[2023-08-15 22:14:39.679] [info] CMC::computeControls, t = 1.227
[2023-08-15 22:14:39.719] [info] CMC::computeControls, t = 1.228
[2023-08-15 22:14:39.743] [info] CMC::computeControls, t = 1.229
[2023-08-15 22:14:39.778] [info] CMC::computeControls, t = 1.23
[2023-08-15 22:14:39.804] [info] CMC::computeControls, t = 1.231
[2023-08-15 22:14:39.825] [info] CMC::computeControls, t = 1.232
[2023-08-15 22:14:39.852] [info] CMC::computeControls, t = 1.233
[2023-08-15 22:14:39.878] [info] CMC::computeControls, t = 1.234
[2023-08-15 22:14:39.907] [info] CMC::computeControls, t = 1.235
[2023-08-15 22:14:39.946] [info] CMC::computeControls, t = 1.236
[2023-08-15 22:14:39.982] [info] CMC::computeControls, t = 1.237
[2023-08-15 22:14:40.014] [info] CMC::computeControls, t = 1.238
[2023-08-15 22:14:40.048] [info] CMC::computeControls, t = 1.239
[2023-08-15 22:14:40.070] [info] CMC::computeControls, t = 1.24
[2023-08-15 22:14:40.097] [info] CMC::computeControls, t = 1.241
[2023-08-15 22:14:40.120] [info] CMC::computeControls, t = 1.242
[2023-08-15 22:14:40.137] [info] CMC::computeControls, t = 1.243
[2023-08-15 22:14:40.168] [info] CMC::computeControls, t = 1.244
[2023-08-15 22:14:40.188] [info] CMC::computeControls, t = 1.245
[2023-08-15 22:14:40.210] [info] CMC::computeControls, t = 1.246
[2023-08-15 22:14:40.231] [info] CMC::computeControls, t = 1.247
[2023-08-15 22:14:40.262] [info] CMC::computeControls, t = 1.248
[2023-08-15 22:14:40.301] [info] CMC::computeControls, t = 1.249
[2023-08-15 22:14:40.317] [info] CMC::computeControls, t = 1.25
[2023-08-15 22:14:40.346] [info] CMC::computeControls, t = 1.251
[2023-08-15 22:14:40.364] [info] CMC::computeControls, t = 1.252
[2023-08-15 22:14:40.392] [info] CMC::computeControls, t = 1.253
[2023-08-15 22:14:40.407] [info] CMC::computeControls, t = 1.254
[2023-08-15 22:14:40.422] [info] CMC::computeControls, t = 1.255
[2023-08-15 22:14:40.438] [info] CMC::computeControls, t = 1.256
[2023-08-15 22:14:40.453] [info] CMC::computeControls, t = 1.257
[2023-08-15 22:14:40.468] [info] CMC::computeControls, t = 1.258
[2023-08-15 22:14:40.486] [info] CMC::computeControls, t = 1.259
[2023-08-15 22:14:40.503] [info] CMC::computeControls, t = 1.26
[2023-08-15 22:14:40.520] [info] CMC::computeControls, t = 1.261
[2023-08-15 22:14:40.550] [info] CMC::computeControls, t = 1.262
[2023-08-15 22:14:40.579] [info] CMC::computeControls, t = 1.263
[2023-08-15 22:14:40.613] [info] CMC::computeControls, t = 1.264
[2023-08-15 22:14:40.630] [info] CMC::computeControls, t = 1.265
[2023-08-15 22:14:40.653] [info] CMC::computeControls, t = 1.266
[2023-08-15 22:14:40.682] [info] CMC::computeControls, t = 1.267
[2023-08-15 22:14:40.700] [info] CMC::computeControls, t = 1.268
[2023-08-15 22:14:40.736] [info] CMC::computeControls, t = 1.269
[2023-08-15 22:14:40.766] [info] CMC::computeControls, t = 1.27
[2023-08-15 22:14:40.789] [info] CMC::computeControls, t = 1.271
[2023-08-15 22:14:40.820] [info] CMC::computeControls, t = 1.272
[2023-08-15 22:14:40.844] [info] CMC::computeControls, t = 1.273
[2023-08-15 22:14:40.883] [info] CMC::computeControls, t = 1.274
[2023-08-15 22:14:40.923] [info] CMC::computeControls, t = 1.275
[2023-08-15 22:14:40.945] [info] CMC::computeControls, t = 1.276
[2023-08-15 22:14:40.966] [info] CMC::computeControls, t = 1.277
[2023-08-15 22:14:40.987] [info] CMC::computeControls, t = 1.278
[2023-08-15 22:14:41.004] [info] CMC::computeControls, t = 1.279
[2023-08-15 22:14:41.026] [info] CMC::computeControls, t = 1.28
[2023-08-15 22:14:41.052] [info] CMC::computeControls, t = 1.281
[2023-08-15 22:14:41.077] [info] CMC::computeControls, t = 1.282
[2023-08-15 22:14:41.101] [info] CMC::computeControls, t = 1.283
[2023-08-15 22:14:41.123] [info] CMC::computeControls, t = 1.284
[2023-08-15 22:14:41.148] [info] CMC::computeControls, t = 1.285
[2023-08-15 22:14:41.180] [info] CMC::computeControls, t = 1.286
[2023-08-15 22:14:41.202] [info] CMC::computeControls, t = 1.287
[2023-08-15 22:14:41.245] [info] CMC::computeControls, t = 1.288
[2023-08-15 22:14:41.278] [info] CMC::computeControls, t = 1.289
[2023-08-15 22:14:41.315] [info] CMC::computeControls, t = 1.29
[2023-08-15 22:14:41.340] [info] CMC::computeControls, t = 1.291
[2023-08-15 22:14:41.371] [info] CMC::computeControls, t = 1.292
[2023-08-15 22:14:41.389] [info] CMC::computeControls, t = 1.293
[2023-08-15 22:14:41.406] [info] CMC::computeControls, t = 1.294
[2023-08-15 22:14:41.424] [info] CMC::computeControls, t = 1.295
[2023-08-15 22:14:41.459] [info] CMC::computeControls, t = 1.296
[2023-08-15 22:14:41.486] [info] CMC::computeControls, t = 1.297
[2023-08-15 22:14:41.517] [info] CMC::computeControls, t = 1.298
[2023-08-15 22:14:41.534] [info] CMC::computeControls, t = 1.299
[2023-08-15 22:14:41.550] [info] CMC::computeControls, t = 1.3
[2023-08-15 22:14:41.567] [info] CMC::computeControls, t = 1.30100
[2023-08-15 22:14:41.584] [info] CMC::computeControls, t = 1.30200
[2023-08-15 22:14:41.609] [info] CMC::computeControls, t = 1.30300
[2023-08-15 22:14:41.639] [info] CMC::computeControls, t = 1.30400
[2023-08-15 22:14:41.682] [info] CMC::computeControls, t = 1.30500
[2023-08-15 22:14:41.706] [info] CMC::computeControls, t = 1.30600
[2023-08-15 22:14:41.722] [info] CMC::computeControls, t = 1.30700
[2023-08-15 22:14:41.737] [info] CMC::computeControls, t = 1.30800
[2023-08-15 22:14:41.752] [info] CMC::computeControls, t = 1.30900
[2023-08-15 22:14:41.780] [info] CMC::computeControls, t = 1.31
[2023-08-15 22:14:41.795] [info] CMC::computeControls, t = 1.311
[2023-08-15 22:14:41.820] [info] CMC::computeControls, t = 1.312
[2023-08-15 22:14:41.836] [info] CMC::computeControls, t = 1.313
[2023-08-15 22:14:41.851] [info] CMC::computeControls, t = 1.314
[2023-08-15 22:14:41.867] [info] CMC::computeControls, t = 1.315
[2023-08-15 22:14:41.885] [info] CMC::computeControls, t = 1.316
[2023-08-15 22:14:41.913] [info] CMC::computeControls, t = 1.317
[2023-08-15 22:14:41.932] [info] CMC::computeControls, t = 1.318
[2023-08-15 22:14:41.948] [info] CMC::computeControls, t = 1.319
[2023-08-15 22:14:41.977] [info] CMC::computeControls, t = 1.32
[2023-08-15 22:14:42.011] [info] CMC::computeControls, t = 1.321
[2023-08-15 22:14:42.037] [info] CMC::computeControls, t = 1.322
[2023-08-15 22:14:42.057] [info] CMC::computeControls, t = 1.323
[2023-08-15 22:14:42.091] [info] CMC::computeControls, t = 1.324
[2023-08-15 22:14:42.117] [info] CMC::computeControls, t = 1.325
[2023-08-15 22:14:42.144] [info] CMC::computeControls, t = 1.326
[2023-08-15 22:14:42.172] [info] CMC::computeControls, t = 1.327
[2023-08-15 22:14:42.195] [info] CMC::computeControls, t = 1.328
[2023-08-15 22:14:42.228] [info] CMC::computeControls, t = 1.329
[2023-08-15 22:14:42.255] [info] CMC::computeControls, t = 1.33
[2023-08-15 22:14:42.283] [info] CMC::computeControls, t = 1.331
[2023-08-15 22:14:42.318] [info] CMC::computeControls, t = 1.332
[2023-08-15 22:14:42.357] [info] CMC::computeControls, t = 1.333
[2023-08-15 22:14:42.394] [info] CMC::computeControls, t = 1.334
[2023-08-15 22:14:42.424] [info] CMC::computeControls, t = 1.335
[2023-08-15 22:14:42.450] [info] CMC::computeControls, t = 1.336
[2023-08-15 22:14:42.466] [info] CMC::computeControls, t = 1.337
[2023-08-15 22:14:42.494] [info] CMC::computeControls, t = 1.338
[2023-08-15 22:14:42.522] [info] CMC::computeControls, t = 1.339
[2023-08-15 22:14:42.563] [info] CMC::computeControls, t = 1.34
[2023-08-15 22:14:42.590] [info] CMC::computeControls, t = 1.341
[2023-08-15 22:14:42.608] [info] CMC::computeControls, t = 1.342
[2023-08-15 22:14:42.628] [info] CMC::computeControls, t = 1.343
[2023-08-15 22:14:42.665] [info] CMC::computeControls, t = 1.344
[2023-08-15 22:14:42.687] [info] CMC::computeControls, t = 1.345
[2023-08-15 22:14:42.713] [info] CMC::computeControls, t = 1.346
[2023-08-15 22:14:42.741] [info] CMC::computeControls, t = 1.347
[2023-08-15 22:14:42.762] [info] CMC::computeControls, t = 1.348
[2023-08-15 22:14:42.794] [info] CMC::computeControls, t = 1.349
[2023-08-15 22:14:42.822] [info] CMC::computeControls, t = 1.35
[2023-08-15 22:14:42.855] [info] CMC::computeControls, t = 1.351
[2023-08-15 22:14:42.871] [info] CMC::computeControls, t = 1.352
[2023-08-15 22:14:42.900] [info] CMC::computeControls, t = 1.353
[2023-08-15 22:14:42.915] [info] CMC::computeControls, t = 1.354
[2023-08-15 22:14:42.944] [info] CMC::computeControls, t = 1.355
[2023-08-15 22:14:42.972] [info] CMC::computeControls, t = 1.356
[2023-08-15 22:14:42.990] [info] CMC::computeControls, t = 1.357
[2023-08-15 22:14:43.015] [info] CMC::computeControls, t = 1.358
[2023-08-15 22:14:43.042] [info] CMC::computeControls, t = 1.359
[2023-08-15 22:14:43.079] [info] CMC::computeControls, t = 1.36
[2023-08-15 22:14:43.105] [info] CMC::computeControls, t = 1.361
[2023-08-15 22:14:43.124] [info] CMC::computeControls, t = 1.362
[2023-08-15 22:14:43.140] [info] CMC::computeControls, t = 1.363
[2023-08-15 22:14:43.166] [info] CMC::computeControls, t = 1.364
[2023-08-15 22:14:43.182] [info] CMC::computeControls, t = 1.365
[2023-08-15 22:14:43.214] [info] CMC::computeControls, t = 1.366
[2023-08-15 22:14:43.230] [info] CMC::computeControls, t = 1.367
[2023-08-15 22:14:43.255] [info] CMC::computeControls, t = 1.368
[2023-08-15 22:14:43.278] [info] CMC::computeControls, t = 1.369
[2023-08-15 22:14:43.297] [info] CMC::computeControls, t = 1.37
[2023-08-15 22:14:43.316] [info] CMC::computeControls, t = 1.371
[2023-08-15 22:14:43.358] [info] CMC::computeControls, t = 1.372
[2023-08-15 22:14:43.384] [info] CMC::computeControls, t = 1.373
[2023-08-15 22:14:43.412] [info] CMC::computeControls, t = 1.374
[2023-08-15 22:14:43.434] [info] CMC::computeControls, t = 1.375
[2023-08-15 22:14:43.473] [info] CMC::computeControls, t = 1.376
[2023-08-15 22:14:43.493] [info] CMC::computeControls, t = 1.377
[2023-08-15 22:14:43.519] [info] CMC::computeControls, t = 1.378
[2023-08-15 22:14:43.544] [info] CMC::computeControls, t = 1.379
[2023-08-15 22:14:43.560] [info] CMC::computeControls, t = 1.38
[2023-08-15 22:14:43.594] [info] CMC::computeControls, t = 1.381
[2023-08-15 22:14:43.613] [info] CMC::computeControls, t = 1.382
[2023-08-15 22:14:43.633] [info] CMC::computeControls, t = 1.383
[2023-08-15 22:14:43.654] [info] CMC::computeControls, t = 1.384
[2023-08-15 22:14:43.671] [info] CMC::computeControls, t = 1.385
[2023-08-15 22:14:43.703] [info] CMC::computeControls, t = 1.386
[2023-08-15 22:14:43.728] [info] CMC::computeControls, t = 1.387
[2023-08-15 22:14:43.749] [info] CMC::computeControls, t = 1.388
[2023-08-15 22:14:43.771] [info] CMC::computeControls, t = 1.389
[2023-08-15 22:14:43.802] [info] CMC::computeControls, t = 1.39
[2023-08-15 22:14:43.825] [info] CMC::computeControls, t = 1.391
[2023-08-15 22:14:43.860] [info] CMC::computeControls, t = 1.392
[2023-08-15 22:14:43.878] [info] CMC::computeControls, t = 1.393
[2023-08-15 22:14:43.916] [info] CMC::computeControls, t = 1.394
[2023-08-15 22:14:43.945] [info] CMC::computeControls, t = 1.395
[2023-08-15 22:14:43.976] [info] CMC::computeControls, t = 1.396
[2023-08-15 22:14:44.013] [info] CMC::computeControls, t = 1.397
[2023-08-15 22:14:44.038] [info] CMC::computeControls, t = 1.398
[2023-08-15 22:14:44.069] [info] CMC::computeControls, t = 1.399
[2023-08-15 22:14:44.103] [info] CMC::computeControls, t = 1.4
[2023-08-15 22:14:44.122] [info] CMC::computeControls, t = 1.40100
[2023-08-15 22:14:44.142] [info] CMC::computeControls, t = 1.40200
[2023-08-15 22:14:44.159] [info] CMC::computeControls, t = 1.40300
[2023-08-15 22:14:44.195] [info] CMC::computeControls, t = 1.40400
[2023-08-15 22:14:44.211] [info] CMC::computeControls, t = 1.40500
[2023-08-15 22:14:44.244] [info] CMC::computeControls, t = 1.40600
[2023-08-15 22:14:44.268] [info] CMC::computeControls, t = 1.40700
[2023-08-15 22:14:44.293] [info] CMC::computeControls, t = 1.40800
[2023-08-15 22:14:44.309] [info] CMC::computeControls, t = 1.40900
[2023-08-15 22:14:44.343] [info] CMC::computeControls, t = 1.41
[2023-08-15 22:14:44.366] [info] CMC::computeControls, t = 1.411
[2023-08-15 22:14:44.407] [info] CMC::computeControls, t = 1.412
[2023-08-15 22:14:44.437] [info] CMC::computeControls, t = 1.413
[2023-08-15 22:14:44.452] [info] CMC::computeControls, t = 1.414
[2023-08-15 22:14:44.476] [info] CMC::computeControls, t = 1.415
[2023-08-15 22:14:44.504] [info] CMC::computeControls, t = 1.416
[2023-08-15 22:14:44.520] [info] CMC::computeControls, t = 1.417
[2023-08-15 22:14:44.550] [info] CMC::computeControls, t = 1.418
[2023-08-15 22:14:44.580] [info] CMC::computeControls, t = 1.419
[2023-08-15 22:14:44.596] [info] CMC::computeControls, t = 1.42
[2023-08-15 22:14:44.623] [info] CMC::computeControls, t = 1.421
[2023-08-15 22:14:44.651] [info] CMC::computeControls, t = 1.422
[2023-08-15 22:14:44.675] [info] CMC::computeControls, t = 1.423
[2023-08-15 22:14:44.694] [info] CMC::computeControls, t = 1.424
[2023-08-15 22:14:44.712] [info] CMC::computeControls, t = 1.425
[2023-08-15 22:14:44.738] [info] CMC::computeControls, t = 1.426
[2023-08-15 22:14:44.766] [info] CMC::computeControls, t = 1.427
[2023-08-15 22:14:44.781] [info] CMC::computeControls, t = 1.428
[2023-08-15 22:14:44.797] [info] CMC::computeControls, t = 1.429
[2023-08-15 22:14:44.823] [info] CMC::computeControls, t = 1.43
[2023-08-15 22:14:44.847] [info] CMC::computeControls, t = 1.431
[2023-08-15 22:14:44.875] [info] CMC::computeControls, t = 1.432
[2023-08-15 22:14:44.901] [info] CMC::computeControls, t = 1.433
[2023-08-15 22:14:44.917] [info] CMC::computeControls, t = 1.434
[2023-08-15 22:14:44.932] [info] CMC::computeControls, t = 1.435
[2023-08-15 22:14:44.957] [info] CMC::computeControls, t = 1.436
[2023-08-15 22:14:44.972] [info] CMC::computeControls, t = 1.437
[2023-08-15 22:14:45.003] [info] CMC::computeControls, t = 1.438
[2023-08-15 22:14:45.026] [info] CMC::computeControls, t = 1.439
[2023-08-15 22:14:45.051] [info] CMC::computeControls, t = 1.44
[2023-08-15 22:14:45.068] [info] CMC::computeControls, t = 1.441
[2023-08-15 22:14:45.105] [info] CMC::computeControls, t = 1.442
[2023-08-15 22:14:45.135] [info] CMC::computeControls, t = 1.443
[2023-08-15 22:14:45.161] [info] CMC::computeControls, t = 1.444
[2023-08-15 22:14:45.177] [info] CMC::computeControls, t = 1.445
[2023-08-15 22:14:45.200] [info] CMC::computeControls, t = 1.446
[2023-08-15 22:14:45.235] [info] CMC::computeControls, t = 1.447
[2023-08-15 22:14:45.265] [info] CMC::computeControls, t = 1.448
[2023-08-15 22:14:45.280] [info] CMC::computeControls, t = 1.449
[2023-08-15 22:14:45.296] [info] CMC::computeControls, t = 1.45
[2023-08-15 22:14:45.321] [info] CMC::computeControls, t = 1.451
[2023-08-15 22:14:45.337] [info] CMC::computeControls, t = 1.452
[2023-08-15 22:14:45.355] [info] CMC::computeControls, t = 1.453
[2023-08-15 22:14:45.371] [info] CMC::computeControls, t = 1.454
[2023-08-15 22:14:45.386] [info] CMC::computeControls, t = 1.455
[2023-08-15 22:14:45.411] [info] CMC::computeControls, t = 1.456
[2023-08-15 22:14:45.427] [info] CMC::computeControls, t = 1.457
[2023-08-15 22:14:45.442] [info] CMC::computeControls, t = 1.458
[2023-08-15 22:14:45.460] [info] CMC::computeControls, t = 1.459
[2023-08-15 22:14:45.478] [info] CMC::computeControls, t = 1.46
[2023-08-15 22:14:45.506] [info] CMC::computeControls, t = 1.461
[2023-08-15 22:14:45.523] [info] CMC::computeControls, t = 1.462
[2023-08-15 22:14:45.547] [info] CMC::computeControls, t = 1.463
[2023-08-15 22:14:45.564] [info] CMC::computeControls, t = 1.464
[2023-08-15 22:14:45.596] [info] CMC::computeControls, t = 1.465
[2023-08-15 22:14:45.630] [info] CMC::computeControls, t = 1.466
[2023-08-15 22:14:45.671] [info] CMC::computeControls, t = 1.467
[2023-08-15 22:14:45.692] [info] CMC::computeControls, t = 1.468
[2023-08-15 22:14:45.718] [info] CMC::computeControls, t = 1.469
[2023-08-15 22:14:45.737] [info] CMC::computeControls, t = 1.47
[2023-08-15 22:14:45.765] [info] CMC::computeControls, t = 1.471
[2023-08-15 22:14:45.798] [info] CMC::computeControls, t = 1.472
[2023-08-15 22:14:45.826] [info] CMC::computeControls, t = 1.473
[2023-08-15 22:14:45.854] [info] CMC::computeControls, t = 1.474
[2023-08-15 22:14:45.872] [info] CMC::computeControls, t = 1.475
[2023-08-15 22:14:45.888] [info] CMC::computeControls, t = 1.476
[2023-08-15 22:14:45.919] [info] CMC::computeControls, t = 1.477
[2023-08-15 22:14:45.935] [info] CMC::computeControls, t = 1.478
[2023-08-15 22:14:45.963] [info] CMC::computeControls, t = 1.479
[2023-08-15 22:14:45.990] [info] CMC::computeControls, t = 1.48
[2023-08-15 22:14:46.006] [info] CMC::computeControls, t = 1.481
[2023-08-15 22:14:46.027] [info] CMC::computeControls, t = 1.482
[2023-08-15 22:14:46.042] [info] CMC::computeControls, t = 1.483
[2023-08-15 22:14:46.062] [info] CMC::computeControls, t = 1.484
[2023-08-15 22:14:46.096] [info] CMC::computeControls, t = 1.485
[2023-08-15 22:14:46.119] [info] CMC::computeControls, t = 1.486
[2023-08-15 22:14:46.134] [info] CMC::computeControls, t = 1.487
[2023-08-15 22:14:46.150] [info] CMC::computeControls, t = 1.488
[2023-08-15 22:14:46.167] [info] CMC::computeControls, t = 1.489
[2023-08-15 22:14:46.186] [info] CMC::computeControls, t = 1.49
[2023-08-15 22:14:46.205] [info] CMC::computeControls, t = 1.491
[2023-08-15 22:14:46.226] [info] CMC::computeControls, t = 1.492
[2023-08-15 22:14:46.254] [info] CMC::computeControls, t = 1.493
[2023-08-15 22:14:46.282] [info] CMC::computeControls, t = 1.494
[2023-08-15 22:14:46.309] [info] CMC::computeControls, t = 1.495
[2023-08-15 22:14:46.333] [info] CMC::computeControls, t = 1.496
[2023-08-15 22:14:46.351] [info] CMC::computeControls, t = 1.497
[2023-08-15 22:14:46.372] [info] CMC::computeControls, t = 1.498
[2023-08-15 22:14:46.391] [info] CMC::computeControls, t = 1.499
[2023-08-15 22:14:46.407] [info] CMC::computeControls, t = 1.5
[2023-08-15 22:14:46.432] [info] CMC::computeControls, t = 1.50100
[2023-08-15 22:14:46.458] [info] CMC::computeControls, t = 1.50200
[2023-08-15 22:14:46.486] [info] CMC::computeControls, t = 1.50300
[2023-08-15 22:14:46.520] [info] CMC::computeControls, t = 1.50400
[2023-08-15 22:14:46.546] [info] CMC::computeControls, t = 1.50500
[2023-08-15 22:14:46.566] [info] CMC::computeControls, t = 1.50600
[2023-08-15 22:14:46.591] [info] CMC::computeControls, t = 1.50700
[2023-08-15 22:14:46.624] [info] CMC::computeControls, t = 1.50800
[2023-08-15 22:14:46.661] [info] CMC::computeControls, t = 1.50900
[2023-08-15 22:14:46.696] [info] CMC::computeControls, t = 1.51
[2023-08-15 22:14:46.734] [info] CMC::computeControls, t = 1.511
[2023-08-15 22:14:46.772] [info] CMC::computeControls, t = 1.512
[2023-08-15 22:14:46.811] [info] CMC::computeControls, t = 1.513
[2023-08-15 22:14:46.830] [info] CMC::computeControls, t = 1.514
[2023-08-15 22:14:46.856] [info] CMC::computeControls, t = 1.515
[2023-08-15 22:14:46.871] [info] CMC::computeControls, t = 1.516
[2023-08-15 22:14:46.899] [info] CMC::computeControls, t = 1.517
[2023-08-15 22:14:46.923] [info] CMC::computeControls, t = 1.518
[2023-08-15 22:14:46.967] [info] CMC::computeControls, t = 1.519
[2023-08-15 22:14:47.008] [info] CMC::computeControls, t = 1.52
[2023-08-15 22:14:47.040] [info] CMC::computeControls, t = 1.521
[2023-08-15 22:14:47.065] [info] CMC::computeControls, t = 1.522
[2023-08-15 22:14:47.091] [info] CMC::computeControls, t = 1.523
[2023-08-15 22:14:47.120] [info] CMC::computeControls, t = 1.524
[2023-08-15 22:14:47.141] [info] CMC::computeControls, t = 1.525
[2023-08-15 22:14:47.160] [info] CMC::computeControls, t = 1.526
[2023-08-15 22:14:47.197] [info] CMC::computeControls, t = 1.527
[2023-08-15 22:14:47.218] [info] CMC::computeControls, t = 1.528
[2023-08-15 22:14:47.242] [info] CMC::computeControls, t = 1.529
[2023-08-15 22:14:47.283] [info] CMC::computeControls, t = 1.53
[2023-08-15 22:14:47.303] [info] CMC::computeControls, t = 1.531
[2023-08-15 22:14:47.322] [info] CMC::computeControls, t = 1.532
[2023-08-15 22:14:47.352] [info] CMC::computeControls, t = 1.533
[2023-08-15 22:14:47.372] [info] CMC::computeControls, t = 1.534
[2023-08-15 22:14:47.396] [info] CMC::computeControls, t = 1.535
[2023-08-15 22:14:47.420] [info] CMC::computeControls, t = 1.536
[2023-08-15 22:14:47.444] [info] CMC::computeControls, t = 1.537
[2023-08-15 22:14:47.469] [info] CMC::computeControls, t = 1.538
[2023-08-15 22:14:47.495] [info] CMC::computeControls, t = 1.539
[2023-08-15 22:14:47.523] [info] CMC::computeControls, t = 1.54
[2023-08-15 22:14:47.546] [info] CMC::computeControls, t = 1.541
[2023-08-15 22:14:47.573] [info] CMC::computeControls, t = 1.542
[2023-08-15 22:14:47.612] [info] CMC::computeControls, t = 1.543
[2023-08-15 22:14:47.638] [info] CMC::computeControls, t = 1.544
[2023-08-15 22:14:47.660] [info] CMC::computeControls, t = 1.545
[2023-08-15 22:14:47.681] [info] CMC::computeControls, t = 1.546
[2023-08-15 22:14:47.707] [info] CMC::computeControls, t = 1.547
[2023-08-15 22:14:47.725] [info] CMC::computeControls, t = 1.548
[2023-08-15 22:14:47.744] [info] CMC::computeControls, t = 1.549
[2023-08-15 22:14:47.760] [info] CMC::computeControls, t = 1.55
[2023-08-15 22:14:47.776] [info] CMC::computeControls, t = 1.551
[2023-08-15 22:14:47.792] [info] CMC::computeControls, t = 1.552
[2023-08-15 22:14:47.819] [info] CMC::computeControls, t = 1.553
[2023-08-15 22:14:47.842] [info] CMC::computeControls, t = 1.554
[2023-08-15 22:14:47.858] [info] CMC::computeControls, t = 1.555
[2023-08-15 22:14:47.873] [info] CMC::computeControls, t = 1.556
[2023-08-15 22:14:47.889] [info] CMC::computeControls, t = 1.557
[2023-08-15 22:14:47.915] [info] CMC::computeControls, t = 1.558
[2023-08-15 22:14:47.946] [info] CMC::computeControls, t = 1.559
[2023-08-15 22:14:47.971] [info] CMC::computeControls, t = 1.56
[2023-08-15 22:14:47.991] [info] CMC::computeControls, t = 1.561
[2023-08-15 22:14:48.024] [info] CMC::computeControls, t = 1.562
[2023-08-15 22:14:48.072] [info] CMC::computeControls, t = 1.563
[2023-08-15 22:14:48.112] [info] CMC::computeControls, t = 1.564
[2023-08-15 22:14:48.137] [info] CMC::computeControls, t = 1.565
[2023-08-15 22:14:48.162] [info] CMC::computeControls, t = 1.566
[2023-08-15 22:14:48.177] [info] CMC::computeControls, t = 1.567
[2023-08-15 22:14:48.202] [info] CMC::computeControls, t = 1.568
[2023-08-15 22:14:48.228] [info] CMC::computeControls, t = 1.569
[2023-08-15 22:14:48.265] [info] CMC::computeControls, t = 1.57
[2023-08-15 22:14:48.305] [info] CMC::computeControls, t = 1.571
[2023-08-15 22:14:48.331] [info] CMC::computeControls, t = 1.572
[2023-08-15 22:14:48.364] [info] CMC::computeControls, t = 1.573
[2023-08-15 22:14:48.403] [info] CMC::computeControls, t = 1.574
[2023-08-15 22:14:48.437] [info] CMC::computeControls, t = 1.575
[2023-08-15 22:14:48.464] [info] CMC::computeControls, t = 1.576
[2023-08-15 22:14:48.480] [info] CMC::computeControls, t = 1.577
[2023-08-15 22:14:48.502] [info] CMC::computeControls, t = 1.578
[2023-08-15 22:14:48.531] [info] CMC::computeControls, t = 1.579
[2023-08-15 22:14:48.560] [info] CMC::computeControls, t = 1.58
[2023-08-15 22:14:48.584] [info] CMC::computeControls, t = 1.581
[2023-08-15 22:14:48.604] [info] CMC::computeControls, t = 1.582
[2023-08-15 22:14:48.628] [info] CMC::computeControls, t = 1.583
[2023-08-15 22:14:48.651] [info] CMC::computeControls, t = 1.584
[2023-08-15 22:14:48.677] [info] CMC::computeControls, t = 1.585
[2023-08-15 22:14:48.720] [info] CMC::computeControls, t = 1.586
[2023-08-15 22:14:48.754] [info] CMC::computeControls, t = 1.587
[2023-08-15 22:14:48.786] [info] CMC::computeControls, t = 1.588
[2023-08-15 22:14:48.808] [info] CMC::computeControls, t = 1.589
[2023-08-15 22:14:48.826] [info] CMC::computeControls, t = 1.59
[2023-08-15 22:14:48.852] [info] CMC::computeControls, t = 1.591
[2023-08-15 22:14:48.875] [info] CMC::computeControls, t = 1.592
[2023-08-15 22:14:48.896] [info] CMC::computeControls, t = 1.593
[2023-08-15 22:14:48.918] [info] CMC::computeControls, t = 1.594
[2023-08-15 22:14:48.947] [info] CMC::computeControls, t = 1.595
[2023-08-15 22:14:48.977] [info] CMC::computeControls, t = 1.596
[2023-08-15 22:14:49.013] [info] CMC::computeControls, t = 1.597
[2023-08-15 22:14:49.032] [info] CMC::computeControls, t = 1.598
[2023-08-15 22:14:49.068] [info] CMC::computeControls, t = 1.599
[2023-08-15 22:14:49.089] [info] CMC::computeControls, t = 1.6
[2023-08-15 22:14:49.123] [info] CMC::computeControls, t = 1.60100
[2023-08-15 22:14:49.143] [info] CMC::computeControls, t = 1.60200
[2023-08-15 22:14:49.167] [info] CMC::computeControls, t = 1.60300
[2023-08-15 22:14:49.195] [info] -------------------------------------------
[2023-08-15 22:14:49.195] [info] Finished tracking the specified kinematics:
[2023-08-15 22:14:49.195] [info] -------------------------------------------
[2023-08-15 22:14:49.195] [info]  -- Start time = Tue Aug 15 22:14:34 2023
[2023-08-15 22:14:49.195] [info]  -- Finish time = Tue Aug 15 22:14:49 2023
[2023-08-15 22:14:49.195] [info]  -- Elapsed time = 15.0 seconds.
[2023-08-15 22:14:49.195] [info] -------------------------------------------
[2023-08-15 22:14:49.195] [info] 
[2023-08-15 22:14:49.195] [info] Printing results of investigation subject08_run5_cycle2 to cycle2/
[2023-08-15 22:14:49.710] [info] 

************************************************************
*      Summary of Mass Adjustments to Reduce Residuals     *
************************************************************
* Body adjusted: torso
* Mass Center (COM) adjustment: dx =-0.0333846, dz =0.00565518
* New COM location: ~[0.00223896,0.33222,-0.00565518]
************************************************************
* Recommended mass adjustments:                             
*  Total mass change: -0.571574
*  pelvis: orig mass = 12.9063, new mass = 12.8168
*  femur_r: orig mass = 10.1933, new mass = 10.1226
*  tibia_r: orig mass = 4.06302, new mass = 4.03483
*  talus_r: orig mass = 0.109589, new mass = 0.108829
*  calcn_r: orig mass = 1.36987, new mass = 1.36036
*  toes_r: orig mass = 0.23737, new mass = 0.235723
*  femur_l: orig mass = 10.1933, new mass = 10.1226
*  tibia_l: orig mass = 4.06302, new mass = 4.03483
*  talus_l: orig mass = 0.109589, new mass = 0.108829
*  calcn_l: orig mass = 1.36987, new mass = 1.36036
*  toes_l: orig mass = 0.23737, new mass = 0.235723
*  torso: orig mass = 29.3991, new mass = 29.1951
*  humerus_r: orig mass = 2.2274, new mass = 2.21195
*  ulna_r: orig mass = 0.665755, new mass = 0.661136
*  radius_r: orig mass = 0.665755, new mass = 0.661136
*  hand_r: orig mass = 0.501371, new mass = 0.497892
*  humerus_l: orig mass = 2.2274, new mass = 2.21195
*  ulna_l: orig mass = 0.665755, new mass = 0.661136
*  radius_l: orig mass = 0.665755, new mass = 0.661136
*  hand_l: orig mass = 0.501371, new mass = 0.497892
************************************************************
* Note: Edit the model to make recommended adjustments to  *
*       mass properties.                                   *
************************************************************

* Average residuals before adjusting torso COM:
*  FX=-1.43166 FY=5.60522 FZ=-4.03866
*  MX=-1.63042 MY=3.59115 MZ=-9.625
************************************************************
* Average residuals after adjusting torso COM:
*  FX=-1.30416 FY=5.61319 FZ=-4.85008
*  MX=-2.25133 MY=4.19529 MZ=-0.545065
************************************************************


[2023-08-15 22:14:49.711] [info] 
************************************************************
*                   Final Average Residuals                *
************************************************************
* After torso COM and Kinematics adjustments:
*  FX=-4.18611 FY=7.86949 FZ=4.6749
*  MX=-7.07951 MY=-1.86928 MZ=-4.20135
************************************************************


