[2023-03-10 23:48:43.462] [info] ExternalForce::externalforce Data source being set to Run_500 03_newCOP3_v24.mot
[2023-03-10 23:48:43.462] [info] ExternalForce::externalforce_0 Data source being set to Run_500 03_newCOP3_v24.mot
[2023-03-10 23:48:44.018] [info] ExternalForce::externalforce Data source being set to Run_500 03_newCOP3_v24.mot
[2023-03-10 23:48:44.018] [info] ExternalForce::externalforce_0 Data source being set to Run_500 03_newCOP3_v24.mot
[2023-03-10 23:48:44.331] [info] ExternalForce::externalforce Data source being set to Run_500 03_newCOP3_v24.mot
[2023-03-10 23:48:44.332] [info] ExternalForce::externalforce_0 Data source being set to Run_500 03_newCOP3_v24.mot
[2023-03-10 23:48:44.570] [info] ExternalForce::externalforce Data source being set to Run_500 03_newCOP3_v24.mot
[2023-03-10 23:48:44.570] [info] ExternalForce::externalforce_0 Data source being set to Run_500 03_newCOP3_v24.mot
[2023-03-10 23:48:44.785] [info] ExternalForce::externalforce Data source being set to Run_500 03_newCOP3_v24.mot
[2023-03-10 23:48:44.785] [info] ExternalForce::externalforce_0 Data source being set to Run_500 03_newCOP3_v24.mot
[2023-03-10 23:48:45.008] [info] ExternalForce::externalforce Data source being set to Run_500 03_newCOP3_v24.mot
[2023-03-10 23:48:45.008] [info] ExternalForce::externalforce_0 Data source being set to Run_500 03_newCOP3_v24.mot
[2023-03-10 23:48:45.215] [info] ExternalForce::externalforce Data source being set to Run_500 03_newCOP3_v24.mot
[2023-03-10 23:48:45.215] [info] ExternalForce::externalforce_0 Data source being set to Run_500 03_newCOP3_v24.mot
[2023-03-10 23:48:45.436] [info] ExternalForce::externalforce Data source being set to Run_500 03_newCOP3_v24.mot
[2023-03-10 23:48:45.436] [info] ExternalForce::externalforce_0 Data source being set to Run_500 03_newCOP3_v24.mot
[2023-03-10 23:48:45.606] [info] ExternalForce::externalforce Data source being set to Run_500 03_newCOP3_v24.mot
[2023-03-10 23:48:45.607] [info] ExternalForce::externalforce_0 Data source being set to Run_500 03_newCOP3_v24.mot
[2023-03-10 23:48:45.777] [info] ExternalForce::externalforce Data source being set to Run_500 03_newCOP3_v24.mot
[2023-03-10 23:48:45.778] [info] ExternalForce::externalforce_0 Data source being set to Run_500 03_newCOP3_v24.mot
[2023-03-10 23:48:45.996] [info] ExternalForce::externalforce Data source being set to Run_500 03_newCOP3_v24.mot
[2023-03-10 23:48:45.996] [info] ExternalForce::externalforce_0 Data source being set to Run_500 03_newCOP3_v24.mot
[2023-03-10 23:48:46.197] [info] ExternalForce::externalforce Data source being set to Run_500 03_newCOP3_v24.mot
[2023-03-10 23:48:46.197] [info] ExternalForce::externalforce_0 Data source being set to Run_500 03_newCOP3_v24.mot
[2023-03-10 23:48:46.386] [info] ExternalForce::externalforce Data source being set to Run_500 03_newCOP3_v24.mot
[2023-03-10 23:48:46.386] [info] ExternalForce::externalforce_0 Data source being set to Run_500 03_newCOP3_v24.mot
[2023-03-10 23:48:46.625] [info] ExternalForce::externalforce Data source being set to Run_500 03_newCOP3_v24.mot
[2023-03-10 23:48:46.625] [info] ExternalForce::externalforce_0 Data source being set to Run_500 03_newCOP3_v24.mot
[2023-03-10 23:48:46.804] [info] ExternalForce::externalforce Data source being set to Run_500 03_newCOP3_v24.mot
[2023-03-10 23:48:46.804] [info] ExternalForce::externalforce_0 Data source being set to Run_500 03_newCOP3_v24.mot
[2023-03-10 23:48:46.971] [info] ExternalForce::externalforce Data source being set to Run_500 03_newCOP3_v24.mot
[2023-03-10 23:48:46.971] [info] ExternalForce::externalforce_0 Data source being set to Run_500 03_newCOP3_v24.mot
[2023-03-10 23:48:47.164] [info] ExternalForce::externalforce Data source being set to Run_500 03_newCOP3_v24.mot
[2023-03-10 23:48:47.164] [info] ExternalForce::externalforce_0 Data source being set to Run_500 03_newCOP3_v24.mot
[2023-03-10 23:48:47.378] [info] ExternalForce::externalforce Data source being set to Run_500 03_newCOP3_v24.mot
[2023-03-10 23:48:47.378] [info] ExternalForce::externalforce_0 Data source being set to Run_500 03_newCOP3_v24.mot
[2023-03-10 23:48:47.541] [info] ExternalForce::externalforce Data source being set to Run_500 03_newCOP3_v24.mot
[2023-03-10 23:48:47.541] [info] ExternalForce::externalforce_0 Data source being set to Run_500 03_newCOP3_v24.mot
[2023-03-10 23:48:47.757] [info] ExternalForce::externalforce Data source being set to Run_500 03_newCOP3_v24.mot
[2023-03-10 23:48:47.757] [info] ExternalForce::externalforce_0 Data source being set to Run_500 03_newCOP3_v24.mot
[2023-03-10 23:48:47.950] [info] ExternalForce::externalforce Data source being set to Run_500 03_newCOP3_v24.mot
[2023-03-10 23:48:47.950] [info] ExternalForce::externalforce_0 Data source being set to Run_500 03_newCOP3_v24.mot
[2023-03-10 23:48:48.121] [info] ExternalForce::externalforce Data source being set to Run_500 03_newCOP3_v24.mot
[2023-03-10 23:48:48.121] [info] ExternalForce::externalforce_0 Data source being set to Run_500 03_newCOP3_v24.mot
[2023-03-10 23:48:48.800] [info] ExternalForce::externalforce Data source being set to Run_500 03_newCOP3_v24.mot
[2023-03-10 23:48:48.800] [info] ExternalForce::externalforce_0 Data source being set to Run_500 03_newCOP3_v24.mot
[2023-03-10 23:48:48.942] [info] ExternalForce::externalforce Data source being set to Run_500 03_newCOP3_v24.mot
[2023-03-10 23:48:48.942] [info] ExternalForce::externalforce_0 Data source being set to Run_500 03_newCOP3_v24.mot
[2023-03-10 23:48:49.092] [info] ExternalForce::externalforce Data source being set to Run_500 03_newCOP3_v24.mot
[2023-03-10 23:48:49.092] [info] ExternalForce::externalforce_0 Data source being set to Run_500 03_newCOP3_v24.mot
[2023-03-10 23:48:49.202] [info] ExternalForce::externalforce Data source being set to Run_500 03_newCOP3_v24.mot
[2023-03-10 23:48:49.202] [info] ExternalForce::externalforce_0 Data source being set to Run_500 03_newCOP3_v24.mot
[2023-03-10 23:48:49.366] [info] ExternalForce::externalforce Data source being set to Run_500 03_newCOP3_v24.mot
[2023-03-10 23:48:49.366] [info] ExternalForce::externalforce_0 Data source being set to Run_500 03_newCOP3_v24.mot
[2023-03-10 23:48:49.511] [info] ExternalForce::externalforce Data source being set to Run_500 03_newCOP3_v24.mot
[2023-03-10 23:48:49.511] [info] ExternalForce::externalforce_0 Data source being set to Run_500 03_newCOP3_v24.mot
[2023-03-10 23:48:49.642] [info] ExternalForce::externalforce Data source being set to Run_500 03_newCOP3_v24.mot
[2023-03-10 23:48:49.642] [info] ExternalForce::externalforce_0 Data source being set to Run_500 03_newCOP3_v24.mot
[2023-03-10 23:48:49.785] [info] ExternalForce::externalforce Data source being set to Run_500 03_newCOP3_v24.mot
[2023-03-10 23:48:49.785] [info] ExternalForce::externalforce_0 Data source being set to Run_500 03_newCOP3_v24.mot
[2023-03-10 23:48:49.817] [info] ========================================================================
[2023-03-10 23:48:49.817] [info] MocoCasADiSolver starting.
[2023-03-10 23:48:49.817] [info] Fri Mar 10 23:48:49 2023
[2023-03-10 23:48:49.817] [info] ------------------------------------------------------------------------
[2023-03-10 23:48:49.817] [cout] [info] Costs: (total: 2)
[2023-03-10 23:48:49.817] [cout] [info]   state_tracking. MocoStateTrackingGoal, enabled: true, mode: cost, weight: 1.0
[2023-03-10 23:48:49.817] [cout] [info]         state: /jointset/ground_pelvis/pelvis_tilt/value, weight: 750.0
[2023-03-10 23:48:49.817] [cout] [info]         state: /jointset/ground_pelvis/pelvis_list/value, weight: 250.0
[2023-03-10 23:48:49.817] [cout] [info]         state: /jointset/ground_pelvis/pelvis_rotation/value, weight: 50.0
[2023-03-10 23:48:49.817] [cout] [info]         state: /jointset/ground_pelvis/pelvis_tx/value, weight: 25.0
[2023-03-10 23:48:49.817] [cout] [info]         state: /jointset/ground_pelvis/pelvis_ty/value, weight: 100.0
[2023-03-10 23:48:49.817] [cout] [info]         state: /jointset/ground_pelvis/pelvis_tz/value, weight: 25.0
[2023-03-10 23:48:49.817] [cout] [info]         state: /jointset/hip_r/hip_flexion_r/value, weight: 75.0
[2023-03-10 23:48:49.817] [cout] [info]         state: /jointset/hip_r/hip_adduction_r/value, weight: 50.0
[2023-03-10 23:48:49.817] [cout] [info]         state: /jointset/hip_r/hip_rotation_r/value, weight: 10.0
[2023-03-10 23:48:49.817] [cout] [info]         state: /jointset/knee_r/knee_angle_r/value, weight: 10.0
[2023-03-10 23:48:49.817] [cout] [info]         state: /jointset/ankle_r/ankle_angle_r/value, weight: 10.0
[2023-03-10 23:48:49.817] [cout] [info]         state: /jointset/hip_l/hip_flexion_l/value, weight: 75.0
[2023-03-10 23:48:49.818] [cout] [info]         state: /jointset/hip_l/hip_adduction_l/value, weight: 50.0
[2023-03-10 23:48:49.818] [cout] [info]         state: /jointset/hip_l/hip_rotation_l/value, weight: 10.0
[2023-03-10 23:48:49.818] [cout] [info]         state: /jointset/knee_l/knee_angle_l/value, weight: 10.0
[2023-03-10 23:48:49.818] [cout] [info]         state: /jointset/ankle_l/ankle_angle_l/value, weight: 10.0
[2023-03-10 23:48:49.818] [cout] [info]         state: /jointset/back/lumbar_extension/value, weight: 75.0
[2023-03-10 23:48:49.818] [cout] [info]         state: /jointset/back/lumbar_bending/value, weight: 50.0
[2023-03-10 23:48:49.818] [cout] [info]         state: /jointset/back/lumbar_rotation/value, weight: 25.0
[2023-03-10 23:48:49.818] [cout] [info]         state: /jointset/acromial_r/arm_flex_r/value, weight: 1.0
[2023-03-10 23:48:49.818] [cout] [info]         state: /jointset/acromial_r/arm_add_r/value, weight: 1.0
[2023-03-10 23:48:49.818] [cout] [info]         state: /jointset/acromial_r/arm_rot_r/value, weight: 1.0
[2023-03-10 23:48:49.818] [cout] [info]         state: /jointset/elbow_r/elbow_flex_r/value, weight: 1.0
[2023-03-10 23:48:49.818] [cout] [info]         state: /jointset/radioulnar_r/pro_sup_r/value, weight: 1.0
[2023-03-10 23:48:49.818] [cout] [info]         state: /jointset/acromial_l/arm_flex_l/value, weight: 1.0
[2023-03-10 23:48:49.818] [cout] [info]         state: /jointset/acromial_l/arm_add_l/value, weight: 1.0
[2023-03-10 23:48:49.818] [cout] [info]         state: /jointset/acromial_l/arm_rot_l/value, weight: 1.0
[2023-03-10 23:48:49.818] [cout] [info]         state: /jointset/elbow_l/elbow_flex_l/value, weight: 1.0
[2023-03-10 23:48:49.818] [cout] [info]         state: /jointset/radioulnar_l/pro_sup_l/value, weight: 1.0
[2023-03-10 23:48:49.818] [cout] [info]         state: /jointset/subtalar_r/subtalar_angle_r/value, weight: 0.0
[2023-03-10 23:48:49.818] [cout] [info]         state: /jointset/mtp_r/mtp_angle_r/value, weight: 0.0
[2023-03-10 23:48:49.818] [cout] [info]         state: /jointset/subtalar_l/subtalar_angle_l/value, weight: 0.0
[2023-03-10 23:48:49.818] [cout] [info]         state: /jointset/mtp_l/mtp_angle_l/value, weight: 0.0
[2023-03-10 23:48:49.818] [cout] [info]         state: /jointset/radius_hand_r/wrist_flex_r/value, weight: 0.0
[2023-03-10 23:48:49.818] [cout] [info]         state: /jointset/radius_hand_r/wrist_dev_r/value, weight: 0.0
[2023-03-10 23:48:49.818] [cout] [info]         state: /jointset/radius_hand_l/wrist_flex_l/value, weight: 0.0
[2023-03-10 23:48:49.818] [cout] [info]         state: /jointset/radius_hand_l/wrist_dev_l/value, weight: 0.0
[2023-03-10 23:48:49.818] [cout] [info]   control_effort. MocoControlGoal, enabled: true, mode: cost, weight: 0.00100000
[2023-03-10 23:48:49.818] [cout] [info]         control: /forceset/pelvis_tx_actuator, weight: 1.0
[2023-03-10 23:48:49.818] [cout] [info]         control: /forceset/pelvis_ty_actuator, weight: 1.0
[2023-03-10 23:48:49.818] [cout] [info]         control: /forceset/pelvis_tz_actuator, weight: 1.0
[2023-03-10 23:48:49.818] [cout] [info]         control: /forceset/pelvis_tilt_actuator, weight: 1.0
[2023-03-10 23:48:49.818] [cout] [info]         control: /forceset/pelvis_list_actuator, weight: 1.0
[2023-03-10 23:48:49.818] [cout] [info]         control: /forceset/pelvis_rotation_actuator, weight: 1.0
[2023-03-10 23:48:49.818] [cout] [info]         control: /forceset/hip_flexion_r_actuator, weight: 1.0
[2023-03-10 23:48:49.818] [cout] [info]         control: /forceset/hip_adduction_r_actuator, weight: 1.0
[2023-03-10 23:48:49.819] [cout] [info]         control: /forceset/hip_rotation_r_actuator, weight: 1.0
[2023-03-10 23:48:49.819] [cout] [info]         control: /forceset/knee_angle_r_actuator, weight: 1.0
[2023-03-10 23:48:49.819] [cout] [info]         control: /forceset/ankle_angle_r_actuator, weight: 1.0
[2023-03-10 23:48:49.819] [cout] [info]         control: /forceset/hip_flexion_l_actuator, weight: 1.0
[2023-03-10 23:48:49.819] [cout] [info]         control: /forceset/hip_adduction_l_actuator, weight: 1.0
[2023-03-10 23:48:49.819] [cout] [info]         control: /forceset/hip_rotation_l_actuator, weight: 1.0
[2023-03-10 23:48:49.819] [cout] [info]         control: /forceset/knee_angle_l_actuator, weight: 1.0
[2023-03-10 23:48:49.819] [cout] [info]         control: /forceset/ankle_angle_l_actuator, weight: 1.0
[2023-03-10 23:48:49.819] [cout] [info]         control: /forceset/lumbar_extension_actuator, weight: 1.0
[2023-03-10 23:48:49.819] [cout] [info]         control: /forceset/lumbar_bending_actuator, weight: 1.0
[2023-03-10 23:48:49.819] [cout] [info]         control: /forceset/lumbar_rotation_actuator, weight: 1.0
[2023-03-10 23:48:49.819] [cout] [info]         control: /forceset/arm_flex_r_actuator, weight: 1.0
[2023-03-10 23:48:49.819] [cout] [info]         control: /forceset/arm_add_r_actuator, weight: 1.0
[2023-03-10 23:48:49.819] [cout] [info]         control: /forceset/arm_rot_r_actuator, weight: 1.0
[2023-03-10 23:48:49.819] [cout] [info]         control: /forceset/elbow_flex_r_actuator, weight: 1.0
[2023-03-10 23:48:49.819] [cout] [info]         control: /forceset/pro_sup_r_actuator, weight: 1.0
[2023-03-10 23:48:49.819] [cout] [info]         control: /forceset/arm_flex_l_actuator, weight: 1.0
[2023-03-10 23:48:49.819] [cout] [info]         control: /forceset/arm_add_l_actuator, weight: 1.0
[2023-03-10 23:48:49.819] [cout] [info]         control: /forceset/arm_rot_l_actuator, weight: 1.0
[2023-03-10 23:48:49.819] [cout] [info]         control: /forceset/elbow_flex_l_actuator, weight: 1.0
[2023-03-10 23:48:49.819] [cout] [info]         control: /forceset/pro_sup_l_actuator, weight: 1.0
[2023-03-10 23:48:49.819] [cout] [info] Endpoint constraints: none
[2023-03-10 23:48:49.820] [cout] [info] Kinematic constraints: (total: 8)
[2023-03-10 23:48:49.820] [cout] [info]   kinematic_constraint_cid27. MocoConstraintInfo. number of scalar equations: 3. bounds: 0, 0, 0
[2023-03-10 23:48:49.820] [cout] [info]   kinematic_constraint_cid28. MocoConstraintInfo. number of scalar equations: 3. bounds: 0, 0, 0
[2023-03-10 23:48:49.820] [cout] [info]   kinematic_constraint_cid31. MocoConstraintInfo. number of scalar equations: 3. bounds: 0, 0, 0
[2023-03-10 23:48:49.820] [cout] [info]   kinematic_constraint_cid32. MocoConstraintInfo. number of scalar equations: 3. bounds: 0, 0, 0
[2023-03-10 23:48:49.820] [cout] [info]   kinematic_constraint_cid33. MocoConstraintInfo. number of scalar equations: 3. bounds: 0, 0, 0
[2023-03-10 23:48:49.820] [cout] [info]   kinematic_constraint_cid34. MocoConstraintInfo. number of scalar equations: 3. bounds: 0, 0, 0
[2023-03-10 23:48:49.820] [cout] [info]   kinematic_constraint_cid35. MocoConstraintInfo. number of scalar equations: 3. bounds: 0, 0, 0
[2023-03-10 23:48:49.820] [cout] [info]   kinematic_constraint_cid36. MocoConstraintInfo. number of scalar equations: 3. bounds: 0, 0, 0
[2023-03-10 23:48:49.820] [cout] [info] Path constraints: none
[2023-03-10 23:48:49.820] [cout] [info] States: (total: 74)
[2023-03-10 23:48:49.821] [cout] [info]   /jointset/ground_pelvis/pelvis_tilt/value. bounds: [-0.416914, 0.133867]
[2023-03-10 23:48:49.821] [cout] [info]   /jointset/ground_pelvis/pelvis_list/value. bounds: [-0.334445, 0.296919]
[2023-03-10 23:48:49.821] [cout] [info]   /jointset/radioulnar_r/pro_sup_r/value. bounds: [1.06116, 1.75232]
[2023-03-10 23:48:49.821] [cout] [info]   /jointset/ground_pelvis/pelvis_rotation/value. bounds: [-0.321815, 0.372531]
[2023-03-10 23:48:49.821] [cout] [info]   /jointset/ground_pelvis/pelvis_tx/value. bounds: [0.494414, 0.986053]
[2023-03-10 23:48:49.821] [cout] [info]   /jointset/elbow_r/elbow_flex_r/value. bounds: [0.548926, 2.00177]
[2023-03-10 23:48:49.821] [cout] [info]   /jointset/ground_pelvis/pelvis_ty/value. bounds: [0.847318, 1.15164]
[2023-03-10 23:48:49.821] [cout] [info]   /jointset/radius_hand_l/wrist_flex_l/speed. bounds: [-50, 50]
[2023-03-10 23:48:49.821] [cout] [info]   /jointset/ground_pelvis/pelvis_tz/value. bounds: [-0.553719, -0.115897]
[2023-03-10 23:48:49.821] [cout] [info]   /jointset/hip_r/hip_adduction_r/speed. bounds: [-50, 50]
[2023-03-10 23:48:49.822] [cout] [info]   /jointset/ankle_r/ankle_angle_r/value. bounds: [-0.688589, 0.536836]
[2023-03-10 23:48:49.822] [cout] [info]   /jointset/hip_r/hip_flexion_r/value. bounds: [-0.492109, 1.13308]
[2023-03-10 23:48:49.822] [cout] [info]   /jointset/hip_r/hip_adduction_r/value. bounds: [-0.291356, 0.313037]
[2023-03-10 23:48:49.822] [cout] [info]   /jointset/back/lumbar_rotation/speed. bounds: [-50, 50]
[2023-03-10 23:48:49.822] [cout] [info]   /jointset/hip_r/hip_rotation_r/value. bounds: [-0.427896, 0.0961271]
[2023-03-10 23:48:49.822] [cout] [info]   /jointset/mtp_l/mtp_angle_l/speed. bounds: [-50, 50]
[2023-03-10 23:48:49.822] [cout] [info]   /jointset/knee_r/knee_angle_r/value. bounds: [-2.62799, 0.132289]
[2023-03-10 23:48:49.822] [cout] [info]   /jointset/subtalar_r/subtalar_angle_r/value. bounds: [-1.5708, 1.5708]
[2023-03-10 23:48:49.822] [cout] [info]   /jointset/hip_l/hip_flexion_l/value. bounds: [-0.549238, 1.27357]
[2023-03-10 23:48:49.822] [cout] [info]   /jointset/hip_l/hip_adduction_l/value. bounds: [-0.295704, 0.274928]
[2023-03-10 23:48:49.822] [cout] [info]   /jointset/hip_l/hip_rotation_l/value. bounds: [-0.376407, 0.089089]
[2023-03-10 23:48:49.822] [cout] [info]   /jointset/knee_l/knee_angle_l/value. bounds: [-2.65958, 0.104535]
[2023-03-10 23:48:49.823] [cout] [info]   /jointset/knee_r/knee_angle_r/speed. bounds: [-50, 50]
[2023-03-10 23:48:49.823] [cout] [info]   /jointset/ankle_l/ankle_angle_l/value. bounds: [-0.720496, 0.556394]
[2023-03-10 23:48:49.823] [cout] [info]   /jointset/back/lumbar_extension/value. bounds: [-0.370685, 0.31739]
[2023-03-10 23:48:49.823] [cout] [info]   /jointset/back/lumbar_bending/value. bounds: [-0.236312, 0.372137]
[2023-03-10 23:48:49.823] [cout] [info]   /jointset/back/lumbar_rotation/value. bounds: [-0.540243, 0.383726]
[2023-03-10 23:48:49.823] [cout] [info]   /jointset/acromial_r/arm_flex_r/value. bounds: [-0.69006, 0.117754]
[2023-03-10 23:48:49.823] [cout] [info]   /jointset/acromial_r/arm_add_r/value. bounds: [-0.655552, -0.207732]
[2023-03-10 23:48:49.823] [cout] [info]   /jointset/acromial_r/arm_rot_r/value. bounds: [-0.329232, 0.384358]
[2023-03-10 23:48:49.823] [cout] [info]   /jointset/acromial_l/arm_flex_l/value. bounds: [-0.95479, 0.248098]
[2023-03-10 23:48:49.823] [cout] [info]   /jointset/acromial_l/arm_add_l/value. bounds: [-0.964082, -0.440679]
[2023-03-10 23:48:49.823] [cout] [info]   /jointset/acromial_l/arm_rot_l/value. bounds: [0.0156415, 0.823437]
[2023-03-10 23:48:49.823] [cout] [info]   /jointset/elbow_l/elbow_flex_l/value. bounds: [0.869467, 2.44194]
[2023-03-10 23:48:49.824] [cout] [info]   /jointset/radioulnar_l/pro_sup_l/value. bounds: [1.08095, 1.74651]
[2023-03-10 23:48:49.824] [cout] [info]   /jointset/ground_pelvis/pelvis_tilt/speed. bounds: [-50, 50]
[2023-03-10 23:48:49.824] [cout] [info]   /jointset/ground_pelvis/pelvis_list/speed. bounds: [-50, 50]
[2023-03-10 23:48:49.824] [cout] [info]   /jointset/radioulnar_r/pro_sup_r/speed. bounds: [-50, 50]
[2023-03-10 23:48:49.824] [cout] [info]   /jointset/ground_pelvis/pelvis_rotation/speed. bounds: [-50, 50]
[2023-03-10 23:48:49.824] [cout] [info]   /jointset/ground_pelvis/pelvis_tx/speed. bounds: [-50, 50]
[2023-03-10 23:48:49.824] [cout] [info]   /jointset/elbow_r/elbow_flex_r/speed. bounds: [-50, 50]
[2023-03-10 23:48:49.824] [cout] [info]   /jointset/ground_pelvis/pelvis_ty/speed. bounds: [-50, 50]
[2023-03-10 23:48:49.824] [cout] [info]   /jointset/ground_pelvis/pelvis_tz/speed. bounds: [-50, 50]
[2023-03-10 23:48:49.824] [cout] [info]   /jointset/ankle_r/ankle_angle_r/speed. bounds: [-50, 50]
[2023-03-10 23:48:49.824] [cout] [info]   /jointset/hip_r/hip_flexion_r/speed. bounds: [-50, 50]
[2023-03-10 23:48:49.825] [cout] [info]   /jointset/hip_r/hip_rotation_r/speed. bounds: [-50, 50]
[2023-03-10 23:48:49.825] [cout] [info]   /jointset/hip_l/hip_flexion_l/speed. bounds: [-50, 50]
[2023-03-10 23:48:49.825] [cout] [info]   /jointset/subtalar_r/subtalar_angle_r/speed. bounds: [-50, 50]
[2023-03-10 23:48:49.825] [cout] [info]   /jointset/mtp_r/mtp_angle_r/value. bounds: [-1.5708, 1.5708]
[2023-03-10 23:48:49.825] [cout] [info]   /jointset/mtp_r/mtp_angle_r/speed. bounds: [-50, 50]
[2023-03-10 23:48:49.825] [cout] [info]   /jointset/hip_l/hip_adduction_l/speed. bounds: [-50, 50]
[2023-03-10 23:48:49.825] [cout] [info]   /jointset/hip_l/hip_rotation_l/speed. bounds: [-50, 50]
[2023-03-10 23:48:49.825] [cout] [info]   /jointset/knee_l/knee_angle_l/speed. bounds: [-50, 50]
[2023-03-10 23:48:49.825] [cout] [info]   /jointset/ankle_l/ankle_angle_l/speed. bounds: [-50, 50]
[2023-03-10 23:48:49.825] [cout] [info]   /jointset/subtalar_l/subtalar_angle_l/value. bounds: [-1.5708, 1.5708]
[2023-03-10 23:48:49.825] [cout] [info]   /jointset/subtalar_l/subtalar_angle_l/speed. bounds: [-50, 50]
[2023-03-10 23:48:49.825] [cout] [info]   /jointset/mtp_l/mtp_angle_l/value. bounds: [-1.0472, 1.0472]
[2023-03-10 23:48:49.826] [cout] [info]   /jointset/back/lumbar_extension/speed. bounds: [-50, 50]
[2023-03-10 23:48:49.826] [cout] [info]   /jointset/back/lumbar_bending/speed. bounds: [-50, 50]
[2023-03-10 23:48:49.826] [cout] [info]   /jointset/acromial_r/arm_flex_r/speed. bounds: [-50, 50]
[2023-03-10 23:48:49.826] [cout] [info]   /jointset/acromial_r/arm_add_r/speed. bounds: [-50, 50]
[2023-03-10 23:48:49.826] [cout] [info]   /jointset/acromial_r/arm_rot_r/speed. bounds: [-50, 50]
[2023-03-10 23:48:49.826] [cout] [info]   /jointset/radius_hand_r/wrist_flex_r/value. bounds: [-1.22173, 1.22173]
[2023-03-10 23:48:49.826] [cout] [info]   /jointset/radius_hand_r/wrist_flex_r/speed. bounds: [-50, 50]
[2023-03-10 23:48:49.826] [cout] [info]   /jointset/radius_hand_r/wrist_dev_r/value. bounds: [-0.436332, 0.610865]
[2023-03-10 23:48:49.826] [cout] [info]   /jointset/radius_hand_r/wrist_dev_r/speed. bounds: [-50, 50]
[2023-03-10 23:48:49.826] [cout] [info]   /jointset/acromial_l/arm_flex_l/speed. bounds: [-50, 50]
[2023-03-10 23:48:49.826] [cout] [info]   /jointset/acromial_l/arm_add_l/speed. bounds: [-50, 50]
[2023-03-10 23:48:49.826] [cout] [info]   /jointset/acromial_l/arm_rot_l/speed. bounds: [-50, 50]
[2023-03-10 23:48:49.827] [cout] [info]   /jointset/elbow_l/elbow_flex_l/speed. bounds: [-50, 50]
[2023-03-10 23:48:49.827] [cout] [info]   /jointset/radioulnar_l/pro_sup_l/speed. bounds: [-50, 50]
[2023-03-10 23:48:49.827] [cout] [info]   /jointset/radius_hand_l/wrist_flex_l/value. bounds: [-1.22173, 1.22173]
[2023-03-10 23:48:49.827] [cout] [info]   /jointset/radius_hand_l/wrist_dev_l/value. bounds: [-0.436332, 0.610865]
[2023-03-10 23:48:49.827] [cout] [info]   /jointset/radius_hand_l/wrist_dev_l/speed. bounds: [-50, 50]
[2023-03-10 23:48:49.827] [cout] [info] Controls: (total: 29)
[2023-03-10 23:48:49.827] [cout] [info]   /forceset/pelvis_tx_actuator. bounds: [-10000, 10000]
[2023-03-10 23:48:49.827] [cout] [info]   /forceset/pelvis_ty_actuator. bounds: [-10000, 10000]
[2023-03-10 23:48:49.827] [cout] [info]   /forceset/pelvis_tz_actuator. bounds: [-10000, 10000]
[2023-03-10 23:48:49.827] [cout] [info]   /forceset/arm_flex_r_actuator. bounds: [-1, 1]
[2023-03-10 23:48:49.827] [cout] [info]   /forceset/hip_rotation_r_actuator. bounds: [-1, 1]
[2023-03-10 23:48:49.827] [cout] [info]   /forceset/pelvis_tilt_actuator. bounds: [-10000, 10000]
[2023-03-10 23:48:49.828] [cout] [info]   /forceset/pelvis_list_actuator. bounds: [-10000, 10000]
[2023-03-10 23:48:49.828] [cout] [info]   /forceset/pelvis_rotation_actuator. bounds: [-10000, 10000]
[2023-03-10 23:48:49.828] [cout] [info]   /forceset/elbow_flex_l_actuator. bounds: [-1, 1]
[2023-03-10 23:48:49.828] [cout] [info]   /forceset/hip_adduction_l_actuator. bounds: [-1, 1]
[2023-03-10 23:48:49.828] [cout] [info]   /forceset/hip_flexion_r_actuator. bounds: [-1, 1]
[2023-03-10 23:48:49.828] [cout] [info]   /forceset/elbow_flex_r_actuator. bounds: [-1, 1]
[2023-03-10 23:48:49.828] [cout] [info]   /forceset/hip_flexion_l_actuator. bounds: [-1, 1]
[2023-03-10 23:48:49.828] [cout] [info]   /forceset/hip_adduction_r_actuator. bounds: [-1, 1]
[2023-03-10 23:48:49.828] [cout] [info]   /forceset/knee_angle_r_actuator. bounds: [-1, 1]
[2023-03-10 23:48:49.828] [cout] [info]   /forceset/lumbar_rotation_actuator. bounds: [-1, 1]
[2023-03-10 23:48:49.828] [cout] [info]   /forceset/ankle_angle_r_actuator. bounds: [-1, 1]
[2023-03-10 23:48:49.828] [cout] [info]   /forceset/arm_flex_l_actuator. bounds: [-1, 1]
[2023-03-10 23:48:49.829] [cout] [info]   /forceset/hip_rotation_l_actuator. bounds: [-1, 1]
[2023-03-10 23:48:49.829] [cout] [info]   /forceset/knee_angle_l_actuator. bounds: [-1, 1]
[2023-03-10 23:48:49.829] [cout] [info]   /forceset/ankle_angle_l_actuator. bounds: [-1, 1]
[2023-03-10 23:48:49.829] [cout] [info]   /forceset/lumbar_extension_actuator. bounds: [-1, 1]
[2023-03-10 23:48:49.829] [cout] [info]   /forceset/lumbar_bending_actuator. bounds: [-1, 1]
[2023-03-10 23:48:49.829] [cout] [info]   /forceset/arm_add_r_actuator. bounds: [-1, 1]
[2023-03-10 23:48:49.829] [cout] [info]   /forceset/arm_rot_r_actuator. bounds: [-1, 1]
[2023-03-10 23:48:49.829] [cout] [info]   /forceset/pro_sup_r_actuator. bounds: [-1, 1]
[2023-03-10 23:48:49.829] [cout] [info]   /forceset/arm_add_l_actuator. bounds: [-1, 1]
[2023-03-10 23:48:49.829] [cout] [info]   /forceset/arm_rot_l_actuator. bounds: [-1, 1]
[2023-03-10 23:48:49.829] [cout] [info]   /forceset/pro_sup_l_actuator. bounds: [-1, 1]
[2023-03-10 23:48:49.829] [cout] [info] Parameters: none
[2023-03-10 23:48:49.960] [info] ExternalForce::externalforce Data source being set to Run_500 03_newCOP3_v24.mot
[2023-03-10 23:48:49.960] [info] ExternalForce::externalforce_0 Data source being set to Run_500 03_newCOP3_v24.mot
[2023-03-10 23:48:50.151] [info] ExternalForce::externalforce Data source being set to Run_500 03_newCOP3_v24.mot
[2023-03-10 23:48:50.151] [info] ExternalForce::externalforce_0 Data source being set to Run_500 03_newCOP3_v24.mot
[2023-03-10 23:48:50.281] [info] ExternalForce::externalforce Data source being set to Run_500 03_newCOP3_v24.mot
[2023-03-10 23:48:50.281] [info] ExternalForce::externalforce_0 Data source being set to Run_500 03_newCOP3_v24.mot
[2023-03-10 23:48:50.400] [info] ExternalForce::externalforce Data source being set to Run_500 03_newCOP3_v24.mot
[2023-03-10 23:48:50.400] [info] ExternalForce::externalforce_0 Data source being set to Run_500 03_newCOP3_v24.mot
[2023-03-10 23:48:50.551] [info] ExternalForce::externalforce Data source being set to Run_500 03_newCOP3_v24.mot
[2023-03-10 23:48:50.551] [info] ExternalForce::externalforce_0 Data source being set to Run_500 03_newCOP3_v24.mot
[2023-03-10 23:48:50.742] [info] ExternalForce::externalforce Data source being set to Run_500 03_newCOP3_v24.mot
[2023-03-10 23:48:50.742] [info] ExternalForce::externalforce_0 Data source being set to Run_500 03_newCOP3_v24.mot
[2023-03-10 23:48:50.900] [info] ExternalForce::externalforce Data source being set to Run_500 03_newCOP3_v24.mot
[2023-03-10 23:48:50.900] [info] ExternalForce::externalforce_0 Data source being set to Run_500 03_newCOP3_v24.mot
[2023-03-10 23:48:51.067] [info] ExternalForce::externalforce Data source being set to Run_500 03_newCOP3_v24.mot
[2023-03-10 23:48:51.067] [info] ExternalForce::externalforce_0 Data source being set to Run_500 03_newCOP3_v24.mot
[2023-03-10 23:48:51.186] [info] ExternalForce::externalforce Data source being set to Run_500 03_newCOP3_v24.mot
[2023-03-10 23:48:51.186] [info] ExternalForce::externalforce_0 Data source being set to Run_500 03_newCOP3_v24.mot
[2023-03-10 23:48:51.352] [info] ExternalForce::externalforce Data source being set to Run_500 03_newCOP3_v24.mot
[2023-03-10 23:48:51.352] [info] ExternalForce::externalforce_0 Data source being set to Run_500 03_newCOP3_v24.mot
[2023-03-10 23:48:51.505] [info] ExternalForce::externalforce Data source being set to Run_500 03_newCOP3_v24.mot
[2023-03-10 23:48:51.505] [info] ExternalForce::externalforce_0 Data source being set to Run_500 03_newCOP3_v24.mot
[2023-03-10 23:48:51.648] [info] ExternalForce::externalforce Data source being set to Run_500 03_newCOP3_v24.mot
[2023-03-10 23:48:51.648] [info] ExternalForce::externalforce_0 Data source being set to Run_500 03_newCOP3_v24.mot
[2023-03-10 23:48:51.773] [info] ExternalForce::externalforce Data source being set to Run_500 03_newCOP3_v24.mot
[2023-03-10 23:48:51.773] [info] ExternalForce::externalforce_0 Data source being set to Run_500 03_newCOP3_v24.mot
[2023-03-10 23:48:51.925] [info] ExternalForce::externalforce Data source being set to Run_500 03_newCOP3_v24.mot
[2023-03-10 23:48:51.925] [info] ExternalForce::externalforce_0 Data source being set to Run_500 03_newCOP3_v24.mot
[2023-03-10 23:48:52.087] [info] ExternalForce::externalforce Data source being set to Run_500 03_newCOP3_v24.mot
[2023-03-10 23:48:52.087] [info] ExternalForce::externalforce_0 Data source being set to Run_500 03_newCOP3_v24.mot
[2023-03-10 23:48:52.256] [info] ExternalForce::externalforce Data source being set to Run_500 03_newCOP3_v24.mot
[2023-03-10 23:48:52.256] [info] ExternalForce::externalforce_0 Data source being set to Run_500 03_newCOP3_v24.mot
[2023-03-10 23:48:52.285] [info] Number of threads: 8
[2023-03-11 00:02:18.052] [info] Set log level to Info.
[2023-03-11 00:02:18.091] [info] ------------------------------------------------------------------------
[2023-03-11 00:02:18.091] [info] Elapsed real time: 808 second(s) (13 minute(s), 28 second(s)).
[2023-03-11 00:02:18.092] [info] Sat Mar 11 00:02:18 2023
[2023-03-11 00:02:18.092] [info] MocoCasADiSolver succeeded!
[2023-03-11 00:02:18.092] [info] ========================================================================
[2023-03-11 00:02:18.681] [info] Loaded model subject08_scaled from file ..\..\model\subject08_adjusted_scaled.osim
[2023-03-11 00:02:20.135] [cout] [info] 
               MODEL: subject08_scaled
         coordinates: 37
              forces: 92
           actuators: 92
             muscles: 92
            analyses: 0
              probes: 0
              bodies: 20
              joints: 20
         constraints: 0
             markers: 55
         controllers: 0
  contact geometries: 0
misc modelcomponents: 0
[2023-03-11 00:02:20.135] [info] Running tool subject10_scaled...
[2023-03-11 00:02:20.207] [warning] ExternalLoads 'externalloads' has subcomponents with duplicate name 'externalforce'. The duplicate is being renamed to 'externalforce_0'.
[2023-03-11 00:02:20.399] [info] ExternalForce::externalforce Data source being set to Run_500 03_newCOP3_v24.mot
[2023-03-11 00:02:20.399] [info] ExternalForce::externalforce_0 Data source being set to Run_500 03_newCOP3_v24.mot
[2023-03-11 00:02:21.523] [info] InverseDynamicsTool: 127 time frames in 979 millisecond(s).
[2023-12-06 01:52:43.728] [info] ExternalForce::externalforce Data source being set to Run_500 03_newCOP3_v24.mot
[2023-12-06 01:52:43.739] [info] ExternalForce::externalforce_0 Data source being set to Run_500 03_newCOP3_v24.mot
[2023-12-06 01:52:44.125] [info] ExternalForce::externalforce Data source being set to Run_500 03_newCOP3_v24.mot
[2023-12-06 01:52:44.125] [info] ExternalForce::externalforce_0 Data source being set to Run_500 03_newCOP3_v24.mot
[2023-12-06 01:52:44.235] [info] ExternalForce::externalforce Data source being set to Run_500 03_newCOP3_v24.mot
[2023-12-06 01:52:44.235] [info] ExternalForce::externalforce_0 Data source being set to Run_500 03_newCOP3_v24.mot
[2023-12-06 01:52:44.303] [info] ExternalForce::externalforce Data source being set to Run_500 03_newCOP3_v24.mot
[2023-12-06 01:52:44.304] [info] ExternalForce::externalforce_0 Data source being set to Run_500 03_newCOP3_v24.mot
[2023-12-06 01:52:44.389] [info] ExternalForce::externalforce Data source being set to Run_500 03_newCOP3_v24.mot
[2023-12-06 01:52:44.389] [info] ExternalForce::externalforce_0 Data source being set to Run_500 03_newCOP3_v24.mot
[2023-12-06 01:52:44.465] [info] ExternalForce::externalforce Data source being set to Run_500 03_newCOP3_v24.mot
[2023-12-06 01:52:44.465] [info] ExternalForce::externalforce_0 Data source being set to Run_500 03_newCOP3_v24.mot
[2023-12-06 01:52:44.554] [info] ExternalForce::externalforce Data source being set to Run_500 03_newCOP3_v24.mot
[2023-12-06 01:52:44.554] [info] ExternalForce::externalforce_0 Data source being set to Run_500 03_newCOP3_v24.mot
[2023-12-06 01:52:44.626] [info] ExternalForce::externalforce Data source being set to Run_500 03_newCOP3_v24.mot
[2023-12-06 01:52:44.626] [info] ExternalForce::externalforce_0 Data source being set to Run_500 03_newCOP3_v24.mot
[2023-12-06 01:52:44.711] [info] ExternalForce::externalforce Data source being set to Run_500 03_newCOP3_v24.mot
[2023-12-06 01:52:44.711] [info] ExternalForce::externalforce_0 Data source being set to Run_500 03_newCOP3_v24.mot
[2023-12-06 01:52:44.782] [info] ExternalForce::externalforce Data source being set to Run_500 03_newCOP3_v24.mot
[2023-12-06 01:52:44.782] [info] ExternalForce::externalforce_0 Data source being set to Run_500 03_newCOP3_v24.mot
[2023-12-06 01:52:44.866] [info] ExternalForce::externalforce Data source being set to Run_500 03_newCOP3_v24.mot
[2023-12-06 01:52:44.866] [info] ExternalForce::externalforce_0 Data source being set to Run_500 03_newCOP3_v24.mot
[2023-12-06 01:52:44.937] [info] ExternalForce::externalforce Data source being set to Run_500 03_newCOP3_v24.mot
[2023-12-06 01:52:44.937] [info] ExternalForce::externalforce_0 Data source being set to Run_500 03_newCOP3_v24.mot
[2023-12-06 01:52:45.017] [info] ExternalForce::externalforce Data source being set to Run_500 03_newCOP3_v24.mot
[2023-12-06 01:52:45.017] [info] ExternalForce::externalforce_0 Data source being set to Run_500 03_newCOP3_v24.mot
[2023-12-06 01:52:45.084] [info] ExternalForce::externalforce Data source being set to Run_500 03_newCOP3_v24.mot
[2023-12-06 01:52:45.084] [info] ExternalForce::externalforce_0 Data source being set to Run_500 03_newCOP3_v24.mot
[2023-12-06 01:52:45.165] [info] ExternalForce::externalforce Data source being set to Run_500 03_newCOP3_v24.mot
[2023-12-06 01:52:45.165] [info] ExternalForce::externalforce_0 Data source being set to Run_500 03_newCOP3_v24.mot
[2023-12-06 01:52:45.238] [info] ExternalForce::externalforce Data source being set to Run_500 03_newCOP3_v24.mot
[2023-12-06 01:52:45.238] [info] ExternalForce::externalforce_0 Data source being set to Run_500 03_newCOP3_v24.mot
[2023-12-06 01:52:45.320] [info] ExternalForce::externalforce Data source being set to Run_500 03_newCOP3_v24.mot
[2023-12-06 01:52:45.320] [info] ExternalForce::externalforce_0 Data source being set to Run_500 03_newCOP3_v24.mot
[2023-12-06 01:52:45.390] [info] ExternalForce::externalforce Data source being set to Run_500 03_newCOP3_v24.mot
[2023-12-06 01:52:45.390] [info] ExternalForce::externalforce_0 Data source being set to Run_500 03_newCOP3_v24.mot
[2023-12-06 01:52:45.479] [info] ExternalForce::externalforce Data source being set to Run_500 03_newCOP3_v24.mot
[2023-12-06 01:52:45.479] [info] ExternalForce::externalforce_0 Data source being set to Run_500 03_newCOP3_v24.mot
[2023-12-06 01:52:45.554] [info] ExternalForce::externalforce Data source being set to Run_500 03_newCOP3_v24.mot
[2023-12-06 01:52:45.554] [info] ExternalForce::externalforce_0 Data source being set to Run_500 03_newCOP3_v24.mot
[2023-12-06 01:52:45.637] [info] ExternalForce::externalforce Data source being set to Run_500 03_newCOP3_v24.mot
[2023-12-06 01:52:45.637] [info] ExternalForce::externalforce_0 Data source being set to Run_500 03_newCOP3_v24.mot
[2023-12-06 01:52:45.712] [info] ExternalForce::externalforce Data source being set to Run_500 03_newCOP3_v24.mot
[2023-12-06 01:52:45.712] [info] ExternalForce::externalforce_0 Data source being set to Run_500 03_newCOP3_v24.mot
[2023-12-06 01:52:46.109] [info] ExternalForce::externalforce Data source being set to Run_500 03_newCOP3_v24.mot
[2023-12-06 01:52:46.109] [info] ExternalForce::externalforce_0 Data source being set to Run_500 03_newCOP3_v24.mot
[2023-12-06 01:52:46.171] [info] ExternalForce::externalforce Data source being set to Run_500 03_newCOP3_v24.mot
[2023-12-06 01:52:46.171] [info] ExternalForce::externalforce_0 Data source being set to Run_500 03_newCOP3_v24.mot
[2023-12-06 01:52:46.245] [info] ExternalForce::externalforce Data source being set to Run_500 03_newCOP3_v24.mot
[2023-12-06 01:52:46.245] [info] ExternalForce::externalforce_0 Data source being set to Run_500 03_newCOP3_v24.mot
[2023-12-06 01:52:46.313] [info] ExternalForce::externalforce Data source being set to Run_500 03_newCOP3_v24.mot
[2023-12-06 01:52:46.313] [info] ExternalForce::externalforce_0 Data source being set to Run_500 03_newCOP3_v24.mot
[2023-12-06 01:52:46.422] [info] ExternalForce::externalforce Data source being set to Run_500 03_newCOP3_v24.mot
[2023-12-06 01:52:46.422] [info] ExternalForce::externalforce_0 Data source being set to Run_500 03_newCOP3_v24.mot
[2023-12-06 01:52:46.482] [info] ExternalForce::externalforce Data source being set to Run_500 03_newCOP3_v24.mot
[2023-12-06 01:52:46.482] [info] ExternalForce::externalforce_0 Data source being set to Run_500 03_newCOP3_v24.mot
[2023-12-06 01:52:46.560] [info] ExternalForce::externalforce Data source being set to Run_500 03_newCOP3_v24.mot
[2023-12-06 01:52:46.560] [info] ExternalForce::externalforce_0 Data source being set to Run_500 03_newCOP3_v24.mot
[2023-12-06 01:52:46.620] [info] ExternalForce::externalforce Data source being set to Run_500 03_newCOP3_v24.mot
[2023-12-06 01:52:46.620] [info] ExternalForce::externalforce_0 Data source being set to Run_500 03_newCOP3_v24.mot
[2023-12-06 01:52:46.639] [info] ========================================================================
[2023-12-06 01:52:46.639] [info] MocoCasADiSolver starting.
[2023-12-06 01:52:46.639] [info] Wed Dec  6 01:52:46 2023
[2023-12-06 01:52:46.639] [info] ------------------------------------------------------------------------
[2023-12-06 01:52:46.639] [cout] [info] Costs: (total: 2)
[2023-12-06 01:52:46.639] [cout] [info]   state_tracking. MocoStateTrackingGoal, enabled: true, mode: cost, weight: 1.0
[2023-12-06 01:52:46.639] [cout] [info]         state: /jointset/ground_pelvis/pelvis_tilt/value, weight: 750.0
[2023-12-06 01:52:46.639] [cout] [info]         state: /jointset/ground_pelvis/pelvis_list/value, weight: 250.0
[2023-12-06 01:52:46.639] [cout] [info]         state: /jointset/ground_pelvis/pelvis_rotation/value, weight: 50.0
[2023-12-06 01:52:46.639] [cout] [info]         state: /jointset/ground_pelvis/pelvis_tx/value, weight: 25.0
[2023-12-06 01:52:46.639] [cout] [info]         state: /jointset/ground_pelvis/pelvis_ty/value, weight: 100.0
[2023-12-06 01:52:46.639] [cout] [info]         state: /jointset/ground_pelvis/pelvis_tz/value, weight: 25.0
[2023-12-06 01:52:46.639] [cout] [info]         state: /jointset/hip_r/hip_flexion_r/value, weight: 75.0
[2023-12-06 01:52:46.639] [cout] [info]         state: /jointset/hip_r/hip_adduction_r/value, weight: 50.0
[2023-12-06 01:52:46.639] [cout] [info]         state: /jointset/hip_r/hip_rotation_r/value, weight: 10.0
[2023-12-06 01:52:46.639] [cout] [info]         state: /jointset/knee_r/knee_angle_r/value, weight: 10.0
[2023-12-06 01:52:46.639] [cout] [info]         state: /jointset/ankle_r/ankle_angle_r/value, weight: 10.0
[2023-12-06 01:52:46.639] [cout] [info]         state: /jointset/hip_l/hip_flexion_l/value, weight: 75.0
[2023-12-06 01:52:46.639] [cout] [info]         state: /jointset/hip_l/hip_adduction_l/value, weight: 50.0
[2023-12-06 01:52:46.639] [cout] [info]         state: /jointset/hip_l/hip_rotation_l/value, weight: 10.0
[2023-12-06 01:52:46.639] [cout] [info]         state: /jointset/knee_l/knee_angle_l/value, weight: 10.0
[2023-12-06 01:52:46.639] [cout] [info]         state: /jointset/ankle_l/ankle_angle_l/value, weight: 10.0
[2023-12-06 01:52:46.639] [cout] [info]         state: /jointset/back/lumbar_extension/value, weight: 75.0
[2023-12-06 01:52:46.639] [cout] [info]         state: /jointset/back/lumbar_bending/value, weight: 50.0
[2023-12-06 01:52:46.639] [cout] [info]         state: /jointset/back/lumbar_rotation/value, weight: 25.0
[2023-12-06 01:52:46.639] [cout] [info]         state: /jointset/acromial_r/arm_flex_r/value, weight: 1.0
[2023-12-06 01:52:46.639] [cout] [info]         state: /jointset/acromial_r/arm_add_r/value, weight: 1.0
[2023-12-06 01:52:46.639] [cout] [info]         state: /jointset/acromial_r/arm_rot_r/value, weight: 1.0
[2023-12-06 01:52:46.640] [cout] [info]         state: /jointset/elbow_r/elbow_flex_r/value, weight: 1.0
[2023-12-06 01:52:46.640] [cout] [info]         state: /jointset/radioulnar_r/pro_sup_r/value, weight: 1.0
[2023-12-06 01:52:46.640] [cout] [info]         state: /jointset/acromial_l/arm_flex_l/value, weight: 1.0
[2023-12-06 01:52:46.640] [cout] [info]         state: /jointset/acromial_l/arm_add_l/value, weight: 1.0
[2023-12-06 01:52:46.640] [cout] [info]         state: /jointset/acromial_l/arm_rot_l/value, weight: 1.0
[2023-12-06 01:52:46.640] [cout] [info]         state: /jointset/elbow_l/elbow_flex_l/value, weight: 1.0
[2023-12-06 01:52:46.640] [cout] [info]         state: /jointset/radioulnar_l/pro_sup_l/value, weight: 1.0
[2023-12-06 01:52:46.640] [cout] [info]         state: /jointset/subtalar_r/subtalar_angle_r/value, weight: 0.0
[2023-12-06 01:52:46.640] [cout] [info]         state: /jointset/mtp_r/mtp_angle_r/value, weight: 0.0
[2023-12-06 01:52:46.640] [cout] [info]         state: /jointset/subtalar_l/subtalar_angle_l/value, weight: 0.0
[2023-12-06 01:52:46.640] [cout] [info]         state: /jointset/mtp_l/mtp_angle_l/value, weight: 0.0
[2023-12-06 01:52:46.640] [cout] [info]         state: /jointset/radius_hand_r/wrist_flex_r/value, weight: 0.0
[2023-12-06 01:52:46.640] [cout] [info]         state: /jointset/radius_hand_r/wrist_dev_r/value, weight: 0.0
[2023-12-06 01:52:46.640] [cout] [info]         state: /jointset/radius_hand_l/wrist_flex_l/value, weight: 0.0
[2023-12-06 01:52:46.640] [cout] [info]         state: /jointset/radius_hand_l/wrist_dev_l/value, weight: 0.0
[2023-12-06 01:52:46.640] [cout] [info]         state: /jointset/ground_pelvis/pelvis_tilt/speed, weight: 7.5
[2023-12-06 01:52:46.640] [cout] [info]         state: /jointset/ground_pelvis/pelvis_list/speed, weight: 2.5
[2023-12-06 01:52:46.640] [cout] [info]         state: /jointset/ground_pelvis/pelvis_rotation/speed, weight: 0.5
[2023-12-06 01:52:46.640] [cout] [info]         state: /jointset/ground_pelvis/pelvis_tx/speed, weight: 0.25
[2023-12-06 01:52:46.640] [cout] [info]         state: /jointset/ground_pelvis/pelvis_ty/speed, weight: 1.0
[2023-12-06 01:52:46.640] [cout] [info]         state: /jointset/ground_pelvis/pelvis_tz/speed, weight: 0.25
[2023-12-06 01:52:46.640] [cout] [info]         state: /jointset/hip_r/hip_flexion_r/speed, weight: 0.75
[2023-12-06 01:52:46.640] [cout] [info]         state: /jointset/hip_r/hip_adduction_r/speed, weight: 0.5
[2023-12-06 01:52:46.640] [cout] [info]         state: /jointset/hip_r/hip_rotation_r/speed, weight: 0.1
[2023-12-06 01:52:46.640] [cout] [info]         state: /jointset/knee_r/knee_angle_r/speed, weight: 0.1
[2023-12-06 01:52:46.640] [cout] [info]         state: /jointset/ankle_r/ankle_angle_r/speed, weight: 0.1
[2023-12-06 01:52:46.640] [cout] [info]         state: /jointset/subtalar_r/subtalar_angle_r/speed, weight: 0.0
[2023-12-06 01:52:46.640] [cout] [info]         state: /jointset/mtp_r/mtp_angle_r/speed, weight: 0.0
[2023-12-06 01:52:46.640] [cout] [info]         state: /jointset/hip_l/hip_flexion_l/speed, weight: 0.75
[2023-12-06 01:52:46.640] [cout] [info]         state: /jointset/hip_l/hip_adduction_l/speed, weight: 0.5
[2023-12-06 01:52:46.640] [cout] [info]         state: /jointset/hip_l/hip_rotation_l/speed, weight: 0.1
[2023-12-06 01:52:46.640] [cout] [info]         state: /jointset/knee_l/knee_angle_l/speed, weight: 0.1
[2023-12-06 01:52:46.640] [cout] [info]         state: /jointset/ankle_l/ankle_angle_l/speed, weight: 0.1
[2023-12-06 01:52:46.640] [cout] [info]         state: /jointset/subtalar_l/subtalar_angle_l/speed, weight: 0.0
[2023-12-06 01:52:46.640] [cout] [info]         state: /jointset/mtp_l/mtp_angle_l/speed, weight: 0.0
[2023-12-06 01:52:46.640] [cout] [info]         state: /jointset/back/lumbar_extension/speed, weight: 0.75
[2023-12-06 01:52:46.640] [cout] [info]         state: /jointset/back/lumbar_bending/speed, weight: 0.5
[2023-12-06 01:52:46.640] [cout] [info]         state: /jointset/back/lumbar_rotation/speed, weight: 0.25
[2023-12-06 01:52:46.640] [cout] [info]         state: /jointset/acromial_r/arm_flex_r/speed, weight: 0.01
[2023-12-06 01:52:46.640] [cout] [info]         state: /jointset/acromial_r/arm_add_r/speed, weight: 0.01
[2023-12-06 01:52:46.640] [cout] [info]         state: /jointset/acromial_r/arm_rot_r/speed, weight: 0.01
[2023-12-06 01:52:46.640] [cout] [info]         state: /jointset/elbow_r/elbow_flex_r/speed, weight: 0.01
[2023-12-06 01:52:46.640] [cout] [info]         state: /jointset/radioulnar_r/pro_sup_r/speed, weight: 0.01
[2023-12-06 01:52:46.640] [cout] [info]         state: /jointset/radius_hand_r/wrist_flex_r/speed, weight: 0.0
[2023-12-06 01:52:46.640] [cout] [info]         state: /jointset/radius_hand_r/wrist_dev_r/speed, weight: 0.0
[2023-12-06 01:52:46.640] [cout] [info]         state: /jointset/acromial_l/arm_flex_l/speed, weight: 0.01
[2023-12-06 01:52:46.640] [cout] [info]         state: /jointset/acromial_l/arm_add_l/speed, weight: 0.01
[2023-12-06 01:52:46.640] [cout] [info]         state: /jointset/acromial_l/arm_rot_l/speed, weight: 0.01
[2023-12-06 01:52:46.640] [cout] [info]         state: /jointset/elbow_l/elbow_flex_l/speed, weight: 0.01
[2023-12-06 01:52:46.640] [cout] [info]         state: /jointset/radioulnar_l/pro_sup_l/speed, weight: 0.01
[2023-12-06 01:52:46.640] [cout] [info]         state: /jointset/radius_hand_l/wrist_flex_l/speed, weight: 0.0
[2023-12-06 01:52:46.640] [cout] [info]         state: /jointset/radius_hand_l/wrist_dev_l/speed, weight: 0.0
[2023-12-06 01:52:46.640] [cout] [info]   control_effort. MocoControlGoal, enabled: true, mode: cost, weight: 0.00100000
[2023-12-06 01:52:46.640] [cout] [info]         control: /forceset/pelvis_tx_actuator, weight: 1.0
[2023-12-06 01:52:46.640] [cout] [info]         control: /forceset/pelvis_ty_actuator, weight: 1.0
[2023-12-06 01:52:46.640] [cout] [info]         control: /forceset/pelvis_tz_actuator, weight: 1.0
[2023-12-06 01:52:46.640] [cout] [info]         control: /forceset/pelvis_tilt_actuator, weight: 1.0
[2023-12-06 01:52:46.640] [cout] [info]         control: /forceset/pelvis_list_actuator, weight: 1.0
[2023-12-06 01:52:46.640] [cout] [info]         control: /forceset/pelvis_rotation_actuator, weight: 1.0
[2023-12-06 01:52:46.640] [cout] [info]         control: /forceset/hip_flexion_r_actuator, weight: 1.0
[2023-12-06 01:52:46.640] [cout] [info]         control: /forceset/hip_adduction_r_actuator, weight: 1.0
[2023-12-06 01:52:46.640] [cout] [info]         control: /forceset/hip_rotation_r_actuator, weight: 1.0
[2023-12-06 01:52:46.640] [cout] [info]         control: /forceset/knee_angle_r_actuator, weight: 1.0
[2023-12-06 01:52:46.640] [cout] [info]         control: /forceset/ankle_angle_r_actuator, weight: 1.0
[2023-12-06 01:52:46.640] [cout] [info]         control: /forceset/hip_flexion_l_actuator, weight: 1.0
[2023-12-06 01:52:46.640] [cout] [info]         control: /forceset/hip_adduction_l_actuator, weight: 1.0
[2023-12-06 01:52:46.640] [cout] [info]         control: /forceset/hip_rotation_l_actuator, weight: 1.0
[2023-12-06 01:52:46.640] [cout] [info]         control: /forceset/knee_angle_l_actuator, weight: 1.0
[2023-12-06 01:52:46.640] [cout] [info]         control: /forceset/ankle_angle_l_actuator, weight: 1.0
[2023-12-06 01:52:46.640] [cout] [info]         control: /forceset/lumbar_extension_actuator, weight: 1.0
[2023-12-06 01:52:46.640] [cout] [info]         control: /forceset/lumbar_bending_actuator, weight: 1.0
[2023-12-06 01:52:46.640] [cout] [info]         control: /forceset/lumbar_rotation_actuator, weight: 1.0
[2023-12-06 01:52:46.640] [cout] [info]         control: /forceset/arm_flex_r_actuator, weight: 1.0
[2023-12-06 01:52:46.640] [cout] [info]         control: /forceset/arm_add_r_actuator, weight: 1.0
[2023-12-06 01:52:46.640] [cout] [info]         control: /forceset/arm_rot_r_actuator, weight: 1.0
[2023-12-06 01:52:46.640] [cout] [info]         control: /forceset/elbow_flex_r_actuator, weight: 1.0
[2023-12-06 01:52:46.640] [cout] [info]         control: /forceset/pro_sup_r_actuator, weight: 1.0
[2023-12-06 01:52:46.640] [cout] [info]         control: /forceset/arm_flex_l_actuator, weight: 1.0
[2023-12-06 01:52:46.640] [cout] [info]         control: /forceset/arm_add_l_actuator, weight: 1.0
[2023-12-06 01:52:46.640] [cout] [info]         control: /forceset/arm_rot_l_actuator, weight: 1.0
[2023-12-06 01:52:46.640] [cout] [info]         control: /forceset/elbow_flex_l_actuator, weight: 1.0
[2023-12-06 01:52:46.640] [cout] [info]         control: /forceset/pro_sup_l_actuator, weight: 1.0
[2023-12-06 01:52:46.640] [cout] [info] Endpoint constraints: none
[2023-12-06 01:52:46.640] [cout] [info] Kinematic constraints: (total: 8)
[2023-12-06 01:52:46.640] [cout] [info]   kinematic_constraint_cid27. MocoConstraintInfo. number of scalar equations: 3. bounds: 0, 0, 0
[2023-12-06 01:52:46.640] [cout] [info]   kinematic_constraint_cid28. MocoConstraintInfo. number of scalar equations: 3. bounds: 0, 0, 0
[2023-12-06 01:52:46.640] [cout] [info]   kinematic_constraint_cid31. MocoConstraintInfo. number of scalar equations: 3. bounds: 0, 0, 0
[2023-12-06 01:52:46.640] [cout] [info]   kinematic_constraint_cid32. MocoConstraintInfo. number of scalar equations: 3. bounds: 0, 0, 0
[2023-12-06 01:52:46.640] [cout] [info]   kinematic_constraint_cid33. MocoConstraintInfo. number of scalar equations: 3. bounds: 0, 0, 0
[2023-12-06 01:52:46.640] [cout] [info]   kinematic_constraint_cid34. MocoConstraintInfo. number of scalar equations: 3. bounds: 0, 0, 0
[2023-12-06 01:52:46.640] [cout] [info]   kinematic_constraint_cid35. MocoConstraintInfo. number of scalar equations: 3. bounds: 0, 0, 0
[2023-12-06 01:52:46.640] [cout] [info]   kinematic_constraint_cid36. MocoConstraintInfo. number of scalar equations: 3. bounds: 0, 0, 0
[2023-12-06 01:52:46.640] [cout] [info] Path constraints: none
[2023-12-06 01:52:46.640] [cout] [info] States: (total: 74)
[2023-12-06 01:52:46.640] [cout] [info]   /jointset/ground_pelvis/pelvis_tilt/value. bounds: [-0.416914, 0.133867]
[2023-12-06 01:52:46.641] [cout] [info]   /jointset/ground_pelvis/pelvis_list/value. bounds: [-0.334445, 0.296919]
[2023-12-06 01:52:46.641] [cout] [info]   /jointset/radioulnar_r/pro_sup_r/value. bounds: [1.06116, 1.75232]
[2023-12-06 01:52:46.641] [cout] [info]   /jointset/ground_pelvis/pelvis_rotation/value. bounds: [-0.321815, 0.372531]
[2023-12-06 01:52:46.641] [cout] [info]   /jointset/ground_pelvis/pelvis_tx/value. bounds: [0.494414, 0.986053]
[2023-12-06 01:52:46.641] [cout] [info]   /jointset/elbow_r/elbow_flex_r/value. bounds: [0.548926, 2.00177]
[2023-12-06 01:52:46.641] [cout] [info]   /jointset/ground_pelvis/pelvis_ty/value. bounds: [0.847318, 1.15164]
[2023-12-06 01:52:46.641] [cout] [info]   /jointset/radius_hand_l/wrist_flex_l/speed. bounds: [-50, 50]
[2023-12-06 01:52:46.641] [cout] [info]   /jointset/ground_pelvis/pelvis_tz/value. bounds: [-0.553719, -0.115897]
[2023-12-06 01:52:46.641] [cout] [info]   /jointset/hip_r/hip_adduction_r/speed. bounds: [-50, 50]
[2023-12-06 01:52:46.641] [cout] [info]   /jointset/ankle_r/ankle_angle_r/value. bounds: [-0.688589, 0.536836]
[2023-12-06 01:52:46.641] [cout] [info]   /jointset/hip_r/hip_flexion_r/value. bounds: [-0.492109, 1.13308]
[2023-12-06 01:52:46.641] [cout] [info]   /jointset/hip_r/hip_adduction_r/value. bounds: [-0.291356, 0.313037]
[2023-12-06 01:52:46.641] [cout] [info]   /jointset/back/lumbar_rotation/speed. bounds: [-50, 50]
[2023-12-06 01:52:46.641] [cout] [info]   /jointset/hip_r/hip_rotation_r/value. bounds: [-0.427896, 0.0961271]
[2023-12-06 01:52:46.641] [cout] [info]   /jointset/mtp_l/mtp_angle_l/speed. bounds: [-50, 50]
[2023-12-06 01:52:46.641] [cout] [info]   /jointset/knee_r/knee_angle_r/value. bounds: [-2.62799, 0.132289]
[2023-12-06 01:52:46.641] [cout] [info]   /jointset/subtalar_r/subtalar_angle_r/value. bounds: [-1.5708, 1.5708]
[2023-12-06 01:52:46.641] [cout] [info]   /jointset/hip_l/hip_flexion_l/value. bounds: [-0.549238, 1.27357]
[2023-12-06 01:52:46.641] [cout] [info]   /jointset/hip_l/hip_adduction_l/value. bounds: [-0.295704, 0.274928]
[2023-12-06 01:52:46.641] [cout] [info]   /jointset/hip_l/hip_rotation_l/value. bounds: [-0.376407, 0.089089]
[2023-12-06 01:52:46.641] [cout] [info]   /jointset/knee_l/knee_angle_l/value. bounds: [-2.65958, 0.104535]
[2023-12-06 01:52:46.641] [cout] [info]   /jointset/knee_r/knee_angle_r/speed. bounds: [-50, 50]
[2023-12-06 01:52:46.641] [cout] [info]   /jointset/ankle_l/ankle_angle_l/value. bounds: [-0.720496, 0.556394]
[2023-12-06 01:52:46.641] [cout] [info]   /jointset/back/lumbar_extension/value. bounds: [-0.370685, 0.31739]
[2023-12-06 01:52:46.641] [cout] [info]   /jointset/back/lumbar_bending/value. bounds: [-0.236312, 0.372137]
[2023-12-06 01:52:46.641] [cout] [info]   /jointset/back/lumbar_rotation/value. bounds: [-0.540243, 0.383726]
[2023-12-06 01:52:46.641] [cout] [info]   /jointset/acromial_r/arm_flex_r/value. bounds: [-0.69006, 0.117754]
[2023-12-06 01:52:46.641] [cout] [info]   /jointset/acromial_r/arm_add_r/value. bounds: [-0.655552, -0.207732]
[2023-12-06 01:52:46.641] [cout] [info]   /jointset/acromial_r/arm_rot_r/value. bounds: [-0.329232, 0.384358]
[2023-12-06 01:52:46.641] [cout] [info]   /jointset/acromial_l/arm_flex_l/value. bounds: [-0.95479, 0.248098]
[2023-12-06 01:52:46.641] [cout] [info]   /jointset/acromial_l/arm_add_l/value. bounds: [-0.964082, -0.440679]
[2023-12-06 01:52:46.641] [cout] [info]   /jointset/acromial_l/arm_rot_l/value. bounds: [0.0156415, 0.823437]
[2023-12-06 01:52:46.641] [cout] [info]   /jointset/elbow_l/elbow_flex_l/value. bounds: [0.869467, 2.44194]
[2023-12-06 01:52:46.641] [cout] [info]   /jointset/radioulnar_l/pro_sup_l/value. bounds: [1.08095, 1.74651]
[2023-12-06 01:52:46.641] [cout] [info]   /jointset/ground_pelvis/pelvis_tilt/speed. bounds: [-50, 50]
[2023-12-06 01:52:46.641] [cout] [info]   /jointset/ground_pelvis/pelvis_list/speed. bounds: [-50, 50]
[2023-12-06 01:52:46.641] [cout] [info]   /jointset/radioulnar_r/pro_sup_r/speed. bounds: [-50, 50]
[2023-12-06 01:52:46.641] [cout] [info]   /jointset/ground_pelvis/pelvis_rotation/speed. bounds: [-50, 50]
[2023-12-06 01:52:46.641] [cout] [info]   /jointset/ground_pelvis/pelvis_tx/speed. bounds: [-50, 50]
[2023-12-06 01:52:46.641] [cout] [info]   /jointset/elbow_r/elbow_flex_r/speed. bounds: [-50, 50]
[2023-12-06 01:52:46.641] [cout] [info]   /jointset/ground_pelvis/pelvis_ty/speed. bounds: [-50, 50]
[2023-12-06 01:52:46.641] [cout] [info]   /jointset/ground_pelvis/pelvis_tz/speed. bounds: [-50, 50]
[2023-12-06 01:52:46.641] [cout] [info]   /jointset/ankle_r/ankle_angle_r/speed. bounds: [-50, 50]
[2023-12-06 01:52:46.641] [cout] [info]   /jointset/hip_r/hip_flexion_r/speed. bounds: [-50, 50]
[2023-12-06 01:52:46.641] [cout] [info]   /jointset/hip_r/hip_rotation_r/speed. bounds: [-50, 50]
[2023-12-06 01:52:46.641] [cout] [info]   /jointset/hip_l/hip_flexion_l/speed. bounds: [-50, 50]
[2023-12-06 01:52:46.641] [cout] [info]   /jointset/subtalar_r/subtalar_angle_r/speed. bounds: [-50, 50]
[2023-12-06 01:52:46.641] [cout] [info]   /jointset/mtp_r/mtp_angle_r/value. bounds: [-1.5708, 1.5708]
[2023-12-06 01:52:46.641] [cout] [info]   /jointset/mtp_r/mtp_angle_r/speed. bounds: [-50, 50]
[2023-12-06 01:52:46.641] [cout] [info]   /jointset/hip_l/hip_adduction_l/speed. bounds: [-50, 50]
[2023-12-06 01:52:46.641] [cout] [info]   /jointset/hip_l/hip_rotation_l/speed. bounds: [-50, 50]
[2023-12-06 01:52:46.641] [cout] [info]   /jointset/knee_l/knee_angle_l/speed. bounds: [-50, 50]
[2023-12-06 01:52:46.641] [cout] [info]   /jointset/ankle_l/ankle_angle_l/speed. bounds: [-50, 50]
[2023-12-06 01:52:46.641] [cout] [info]   /jointset/subtalar_l/subtalar_angle_l/value. bounds: [-1.5708, 1.5708]
[2023-12-06 01:52:46.641] [cout] [info]   /jointset/subtalar_l/subtalar_angle_l/speed. bounds: [-50, 50]
[2023-12-06 01:52:46.641] [cout] [info]   /jointset/mtp_l/mtp_angle_l/value. bounds: [-1.0472, 1.0472]
[2023-12-06 01:52:46.641] [cout] [info]   /jointset/back/lumbar_extension/speed. bounds: [-50, 50]
[2023-12-06 01:52:46.641] [cout] [info]   /jointset/back/lumbar_bending/speed. bounds: [-50, 50]
[2023-12-06 01:52:46.641] [cout] [info]   /jointset/acromial_r/arm_flex_r/speed. bounds: [-50, 50]
[2023-12-06 01:52:46.641] [cout] [info]   /jointset/acromial_r/arm_add_r/speed. bounds: [-50, 50]
[2023-12-06 01:52:46.641] [cout] [info]   /jointset/acromial_r/arm_rot_r/speed. bounds: [-50, 50]
[2023-12-06 01:52:46.641] [cout] [info]   /jointset/radius_hand_r/wrist_flex_r/value. bounds: [-1.22173, 1.22173]
[2023-12-06 01:52:46.641] [cout] [info]   /jointset/radius_hand_r/wrist_flex_r/speed. bounds: [-50, 50]
[2023-12-06 01:52:46.641] [cout] [info]   /jointset/radius_hand_r/wrist_dev_r/value. bounds: [-0.436332, 0.610865]
[2023-12-06 01:52:46.641] [cout] [info]   /jointset/radius_hand_r/wrist_dev_r/speed. bounds: [-50, 50]
[2023-12-06 01:52:46.641] [cout] [info]   /jointset/acromial_l/arm_flex_l/speed. bounds: [-50, 50]
[2023-12-06 01:52:46.641] [cout] [info]   /jointset/acromial_l/arm_add_l/speed. bounds: [-50, 50]
[2023-12-06 01:52:46.641] [cout] [info]   /jointset/acromial_l/arm_rot_l/speed. bounds: [-50, 50]
[2023-12-06 01:52:46.641] [cout] [info]   /jointset/elbow_l/elbow_flex_l/speed. bounds: [-50, 50]
[2023-12-06 01:52:46.641] [cout] [info]   /jointset/radioulnar_l/pro_sup_l/speed. bounds: [-50, 50]
[2023-12-06 01:52:46.641] [cout] [info]   /jointset/radius_hand_l/wrist_flex_l/value. bounds: [-1.22173, 1.22173]
[2023-12-06 01:52:46.641] [cout] [info]   /jointset/radius_hand_l/wrist_dev_l/value. bounds: [-0.436332, 0.610865]
[2023-12-06 01:52:46.641] [cout] [info]   /jointset/radius_hand_l/wrist_dev_l/speed. bounds: [-50, 50]
[2023-12-06 01:52:46.641] [cout] [info] Controls: (total: 29)
[2023-12-06 01:52:46.641] [cout] [info]   /forceset/pelvis_tx_actuator. bounds: [-10000, 10000]
[2023-12-06 01:52:46.641] [cout] [info]   /forceset/pelvis_ty_actuator. bounds: [-10000, 10000]
[2023-12-06 01:52:46.641] [cout] [info]   /forceset/pelvis_tz_actuator. bounds: [-10000, 10000]
[2023-12-06 01:52:46.641] [cout] [info]   /forceset/arm_flex_r_actuator. bounds: [-1, 1]
[2023-12-06 01:52:46.641] [cout] [info]   /forceset/hip_rotation_r_actuator. bounds: [-1, 1]
[2023-12-06 01:52:46.641] [cout] [info]   /forceset/pelvis_tilt_actuator. bounds: [-10000, 10000]
[2023-12-06 01:52:46.642] [cout] [info]   /forceset/pelvis_list_actuator. bounds: [-10000, 10000]
[2023-12-06 01:52:46.642] [cout] [info]   /forceset/pelvis_rotation_actuator. bounds: [-10000, 10000]
[2023-12-06 01:52:46.642] [cout] [info]   /forceset/elbow_flex_l_actuator. bounds: [-1, 1]
[2023-12-06 01:52:46.642] [cout] [info]   /forceset/hip_adduction_l_actuator. bounds: [-1, 1]
[2023-12-06 01:52:46.642] [cout] [info]   /forceset/hip_flexion_r_actuator. bounds: [-1, 1]
[2023-12-06 01:52:46.642] [cout] [info]   /forceset/elbow_flex_r_actuator. bounds: [-1, 1]
[2023-12-06 01:52:46.642] [cout] [info]   /forceset/hip_flexion_l_actuator. bounds: [-1, 1]
[2023-12-06 01:52:46.642] [cout] [info]   /forceset/hip_adduction_r_actuator. bounds: [-1, 1]
[2023-12-06 01:52:46.642] [cout] [info]   /forceset/knee_angle_r_actuator. bounds: [-1, 1]
[2023-12-06 01:52:46.642] [cout] [info]   /forceset/lumbar_rotation_actuator. bounds: [-1, 1]
[2023-12-06 01:52:46.642] [cout] [info]   /forceset/ankle_angle_r_actuator. bounds: [-1, 1]
[2023-12-06 01:52:46.642] [cout] [info]   /forceset/arm_flex_l_actuator. bounds: [-1, 1]
[2023-12-06 01:52:46.642] [cout] [info]   /forceset/hip_rotation_l_actuator. bounds: [-1, 1]
[2023-12-06 01:52:46.642] [cout] [info]   /forceset/knee_angle_l_actuator. bounds: [-1, 1]
[2023-12-06 01:52:46.642] [cout] [info]   /forceset/ankle_angle_l_actuator. bounds: [-1, 1]
[2023-12-06 01:52:46.642] [cout] [info]   /forceset/lumbar_extension_actuator. bounds: [-1, 1]
[2023-12-06 01:52:46.642] [cout] [info]   /forceset/lumbar_bending_actuator. bounds: [-1, 1]
[2023-12-06 01:52:46.642] [cout] [info]   /forceset/arm_add_r_actuator. bounds: [-1, 1]
[2023-12-06 01:52:46.642] [cout] [info]   /forceset/arm_rot_r_actuator. bounds: [-1, 1]
[2023-12-06 01:52:46.642] [cout] [info]   /forceset/pro_sup_r_actuator. bounds: [-1, 1]
[2023-12-06 01:52:46.642] [cout] [info]   /forceset/arm_add_l_actuator. bounds: [-1, 1]
[2023-12-06 01:52:46.642] [cout] [info]   /forceset/arm_rot_l_actuator. bounds: [-1, 1]
[2023-12-06 01:52:46.642] [cout] [info]   /forceset/pro_sup_l_actuator. bounds: [-1, 1]
[2023-12-06 01:52:46.642] [cout] [info] Parameters: none
[2023-12-06 01:52:46.696] [info] ExternalForce::externalforce Data source being set to Run_500 03_newCOP3_v24.mot
[2023-12-06 01:52:46.696] [info] ExternalForce::externalforce_0 Data source being set to Run_500 03_newCOP3_v24.mot
[2023-12-06 01:52:46.757] [info] ExternalForce::externalforce Data source being set to Run_500 03_newCOP3_v24.mot
[2023-12-06 01:52:46.757] [info] ExternalForce::externalforce_0 Data source being set to Run_500 03_newCOP3_v24.mot
[2023-12-06 01:52:46.827] [info] ExternalForce::externalforce Data source being set to Run_500 03_newCOP3_v24.mot
[2023-12-06 01:52:46.827] [info] ExternalForce::externalforce_0 Data source being set to Run_500 03_newCOP3_v24.mot
[2023-12-06 01:52:46.889] [info] ExternalForce::externalforce Data source being set to Run_500 03_newCOP3_v24.mot
[2023-12-06 01:52:46.889] [info] ExternalForce::externalforce_0 Data source being set to Run_500 03_newCOP3_v24.mot
[2023-12-06 01:52:46.963] [info] ExternalForce::externalforce Data source being set to Run_500 03_newCOP3_v24.mot
[2023-12-06 01:52:46.964] [info] ExternalForce::externalforce_0 Data source being set to Run_500 03_newCOP3_v24.mot
[2023-12-06 01:52:47.026] [info] ExternalForce::externalforce Data source being set to Run_500 03_newCOP3_v24.mot
[2023-12-06 01:52:47.026] [info] ExternalForce::externalforce_0 Data source being set to Run_500 03_newCOP3_v24.mot
[2023-12-06 01:52:47.102] [info] ExternalForce::externalforce Data source being set to Run_500 03_newCOP3_v24.mot
[2023-12-06 01:52:47.103] [info] ExternalForce::externalforce_0 Data source being set to Run_500 03_newCOP3_v24.mot
[2023-12-06 01:52:47.164] [info] ExternalForce::externalforce Data source being set to Run_500 03_newCOP3_v24.mot
[2023-12-06 01:52:47.164] [info] ExternalForce::externalforce_0 Data source being set to Run_500 03_newCOP3_v24.mot
[2023-12-06 01:52:47.238] [info] ExternalForce::externalforce Data source being set to Run_500 03_newCOP3_v24.mot
[2023-12-06 01:52:47.238] [info] ExternalForce::externalforce_0 Data source being set to Run_500 03_newCOP3_v24.mot
[2023-12-06 01:52:47.301] [info] ExternalForce::externalforce Data source being set to Run_500 03_newCOP3_v24.mot
[2023-12-06 01:52:47.301] [info] ExternalForce::externalforce_0 Data source being set to Run_500 03_newCOP3_v24.mot
[2023-12-06 01:52:47.375] [info] ExternalForce::externalforce Data source being set to Run_500 03_newCOP3_v24.mot
[2023-12-06 01:52:47.375] [info] ExternalForce::externalforce_0 Data source being set to Run_500 03_newCOP3_v24.mot
[2023-12-06 01:52:47.441] [info] ExternalForce::externalforce Data source being set to Run_500 03_newCOP3_v24.mot
[2023-12-06 01:52:47.441] [info] ExternalForce::externalforce_0 Data source being set to Run_500 03_newCOP3_v24.mot
[2023-12-06 01:52:47.520] [info] ExternalForce::externalforce Data source being set to Run_500 03_newCOP3_v24.mot
[2023-12-06 01:52:47.521] [info] ExternalForce::externalforce_0 Data source being set to Run_500 03_newCOP3_v24.mot
[2023-12-06 01:52:47.584] [info] ExternalForce::externalforce Data source being set to Run_500 03_newCOP3_v24.mot
[2023-12-06 01:52:47.584] [info] ExternalForce::externalforce_0 Data source being set to Run_500 03_newCOP3_v24.mot
[2023-12-06 01:52:47.660] [info] ExternalForce::externalforce Data source being set to Run_500 03_newCOP3_v24.mot
[2023-12-06 01:52:47.660] [info] ExternalForce::externalforce_0 Data source being set to Run_500 03_newCOP3_v24.mot
[2023-12-06 01:52:47.730] [info] ExternalForce::externalforce Data source being set to Run_500 03_newCOP3_v24.mot
[2023-12-06 01:52:47.730] [info] ExternalForce::externalforce_0 Data source being set to Run_500 03_newCOP3_v24.mot
[2023-12-06 01:52:47.752] [info] Number of threads: 8
[2023-12-06 02:10:39.501] [info] Set log level to Info.
[2023-12-06 02:10:39.518] [info] ------------------------------------------------------------------------
[2023-12-06 02:10:39.518] [info] Elapsed real time: 1073 second(s) (17 minute(s), 53 second(s)).
[2023-12-06 02:10:39.518] [info] Wed Dec  6 02:10:39 2023
[2023-12-06 02:10:39.518] [info] MocoCasADiSolver succeeded!
[2023-12-06 02:10:39.518] [info] ========================================================================
