[2023-03-10 17:13:28.909] [info] ExternalForce::externalforce Data source being set to Run_500 02_newCOP3_v24.mot
[2023-03-10 17:13:28.909] [info] ExternalForce::externalforce_0 Data source being set to Run_500 02_newCOP3_v24.mot
[2023-03-10 17:13:29.142] [info] ExternalForce::externalforce Data source being set to Run_500 02_newCOP3_v24.mot
[2023-03-10 17:13:29.142] [info] ExternalForce::externalforce_0 Data source being set to Run_500 02_newCOP3_v24.mot
[2023-03-10 17:13:29.290] [info] ExternalForce::externalforce Data source being set to Run_500 02_newCOP3_v24.mot
[2023-03-10 17:13:29.290] [info] ExternalForce::externalforce_0 Data source being set to Run_500 02_newCOP3_v24.mot
[2023-03-10 17:13:29.450] [info] ExternalForce::externalforce Data source being set to Run_500 02_newCOP3_v24.mot
[2023-03-10 17:13:29.450] [info] ExternalForce::externalforce_0 Data source being set to Run_500 02_newCOP3_v24.mot
[2023-03-10 17:13:29.565] [info] ExternalForce::externalforce Data source being set to Run_500 02_newCOP3_v24.mot
[2023-03-10 17:13:29.565] [info] ExternalForce::externalforce_0 Data source being set to Run_500 02_newCOP3_v24.mot
[2023-03-10 17:13:29.679] [info] ExternalForce::externalforce Data source being set to Run_500 02_newCOP3_v24.mot
[2023-03-10 17:13:29.679] [info] ExternalForce::externalforce_0 Data source being set to Run_500 02_newCOP3_v24.mot
[2023-03-10 17:13:29.791] [info] ExternalForce::externalforce Data source being set to Run_500 02_newCOP3_v24.mot
[2023-03-10 17:13:29.791] [info] ExternalForce::externalforce_0 Data source being set to Run_500 02_newCOP3_v24.mot
[2023-03-10 17:13:29.928] [info] ExternalForce::externalforce Data source being set to Run_500 02_newCOP3_v24.mot
[2023-03-10 17:13:29.928] [info] ExternalForce::externalforce_0 Data source being set to Run_500 02_newCOP3_v24.mot
[2023-03-10 17:13:30.033] [info] ExternalForce::externalforce Data source being set to Run_500 02_newCOP3_v24.mot
[2023-03-10 17:13:30.033] [info] ExternalForce::externalforce_0 Data source being set to Run_500 02_newCOP3_v24.mot
[2023-03-10 17:13:30.187] [info] ExternalForce::externalforce Data source being set to Run_500 02_newCOP3_v24.mot
[2023-03-10 17:13:30.187] [info] ExternalForce::externalforce_0 Data source being set to Run_500 02_newCOP3_v24.mot
[2023-03-10 17:13:30.294] [info] ExternalForce::externalforce Data source being set to Run_500 02_newCOP3_v24.mot
[2023-03-10 17:13:30.294] [info] ExternalForce::externalforce_0 Data source being set to Run_500 02_newCOP3_v24.mot
[2023-03-10 17:13:30.381] [info] ExternalForce::externalforce Data source being set to Run_500 02_newCOP3_v24.mot
[2023-03-10 17:13:30.381] [info] ExternalForce::externalforce_0 Data source being set to Run_500 02_newCOP3_v24.mot
[2023-03-10 17:13:30.513] [info] ExternalForce::externalforce Data source being set to Run_500 02_newCOP3_v24.mot
[2023-03-10 17:13:30.513] [info] ExternalForce::externalforce_0 Data source being set to Run_500 02_newCOP3_v24.mot
[2023-03-10 17:13:30.629] [info] ExternalForce::externalforce Data source being set to Run_500 02_newCOP3_v24.mot
[2023-03-10 17:13:30.629] [info] ExternalForce::externalforce_0 Data source being set to Run_500 02_newCOP3_v24.mot
[2023-03-10 17:13:30.777] [info] ExternalForce::externalforce Data source being set to Run_500 02_newCOP3_v24.mot
[2023-03-10 17:13:30.777] [info] ExternalForce::externalforce_0 Data source being set to Run_500 02_newCOP3_v24.mot
[2023-03-10 17:13:30.898] [info] ExternalForce::externalforce Data source being set to Run_500 02_newCOP3_v24.mot
[2023-03-10 17:13:30.898] [info] ExternalForce::externalforce_0 Data source being set to Run_500 02_newCOP3_v24.mot
[2023-03-10 17:13:31.005] [info] ExternalForce::externalforce Data source being set to Run_500 02_newCOP3_v24.mot
[2023-03-10 17:13:31.005] [info] ExternalForce::externalforce_0 Data source being set to Run_500 02_newCOP3_v24.mot
[2023-03-10 17:13:31.103] [info] ExternalForce::externalforce Data source being set to Run_500 02_newCOP3_v24.mot
[2023-03-10 17:13:31.103] [info] ExternalForce::externalforce_0 Data source being set to Run_500 02_newCOP3_v24.mot
[2023-03-10 17:13:31.211] [info] ExternalForce::externalforce Data source being set to Run_500 02_newCOP3_v24.mot
[2023-03-10 17:13:31.212] [info] ExternalForce::externalforce_0 Data source being set to Run_500 02_newCOP3_v24.mot
[2023-03-10 17:13:31.376] [info] ExternalForce::externalforce Data source being set to Run_500 02_newCOP3_v24.mot
[2023-03-10 17:13:31.376] [info] ExternalForce::externalforce_0 Data source being set to Run_500 02_newCOP3_v24.mot
[2023-03-10 17:13:31.514] [info] ExternalForce::externalforce Data source being set to Run_500 02_newCOP3_v24.mot
[2023-03-10 17:13:31.514] [info] ExternalForce::externalforce_0 Data source being set to Run_500 02_newCOP3_v24.mot
[2023-03-10 17:13:31.647] [info] ExternalForce::externalforce Data source being set to Run_500 02_newCOP3_v24.mot
[2023-03-10 17:13:31.647] [info] ExternalForce::externalforce_0 Data source being set to Run_500 02_newCOP3_v24.mot
[2023-03-10 17:13:32.145] [info] ExternalForce::externalforce Data source being set to Run_500 02_newCOP3_v24.mot
[2023-03-10 17:13:32.145] [info] ExternalForce::externalforce_0 Data source being set to Run_500 02_newCOP3_v24.mot
[2023-03-10 17:13:32.283] [info] ExternalForce::externalforce Data source being set to Run_500 02_newCOP3_v24.mot
[2023-03-10 17:13:32.283] [info] ExternalForce::externalforce_0 Data source being set to Run_500 02_newCOP3_v24.mot
[2023-03-10 17:13:32.379] [info] ExternalForce::externalforce Data source being set to Run_500 02_newCOP3_v24.mot
[2023-03-10 17:13:32.379] [info] ExternalForce::externalforce_0 Data source being set to Run_500 02_newCOP3_v24.mot
[2023-03-10 17:13:32.532] [info] ExternalForce::externalforce Data source being set to Run_500 02_newCOP3_v24.mot
[2023-03-10 17:13:32.532] [info] ExternalForce::externalforce_0 Data source being set to Run_500 02_newCOP3_v24.mot
[2023-03-10 17:13:32.684] [info] ExternalForce::externalforce Data source being set to Run_500 02_newCOP3_v24.mot
[2023-03-10 17:13:32.684] [info] ExternalForce::externalforce_0 Data source being set to Run_500 02_newCOP3_v24.mot
[2023-03-10 17:13:32.778] [info] ExternalForce::externalforce Data source being set to Run_500 02_newCOP3_v24.mot
[2023-03-10 17:13:32.779] [info] ExternalForce::externalforce_0 Data source being set to Run_500 02_newCOP3_v24.mot
[2023-03-10 17:13:32.886] [info] ExternalForce::externalforce Data source being set to Run_500 02_newCOP3_v24.mot
[2023-03-10 17:13:32.886] [info] ExternalForce::externalforce_0 Data source being set to Run_500 02_newCOP3_v24.mot
[2023-03-10 17:13:33.043] [info] ExternalForce::externalforce Data source being set to Run_500 02_newCOP3_v24.mot
[2023-03-10 17:13:33.043] [info] ExternalForce::externalforce_0 Data source being set to Run_500 02_newCOP3_v24.mot
[2023-03-10 17:13:33.073] [info] ========================================================================
[2023-03-10 17:13:33.073] [info] MocoCasADiSolver starting.
[2023-03-10 17:13:33.073] [info] Fri Mar 10 17:13:33 2023
[2023-03-10 17:13:33.073] [info] ------------------------------------------------------------------------
[2023-03-10 17:13:33.073] [cout] [info] Costs: (total: 2)
[2023-03-10 17:13:33.073] [cout] [info]   state_tracking. MocoStateTrackingGoal, enabled: true, mode: cost, weight: 1.0
[2023-03-10 17:13:33.074] [cout] [info]         state: /jointset/ground_pelvis/pelvis_tilt/value, weight: 750.0
[2023-03-10 17:13:33.074] [cout] [info]         state: /jointset/ground_pelvis/pelvis_list/value, weight: 250.0
[2023-03-10 17:13:33.074] [cout] [info]         state: /jointset/ground_pelvis/pelvis_rotation/value, weight: 50.0
[2023-03-10 17:13:33.074] [cout] [info]         state: /jointset/ground_pelvis/pelvis_tx/value, weight: 25.0
[2023-03-10 17:13:33.074] [cout] [info]         state: /jointset/ground_pelvis/pelvis_ty/value, weight: 100.0
[2023-03-10 17:13:33.074] [cout] [info]         state: /jointset/ground_pelvis/pelvis_tz/value, weight: 25.0
[2023-03-10 17:13:33.074] [cout] [info]         state: /jointset/hip_r/hip_flexion_r/value, weight: 75.0
[2023-03-10 17:13:33.074] [cout] [info]         state: /jointset/hip_r/hip_adduction_r/value, weight: 50.0
[2023-03-10 17:13:33.074] [cout] [info]         state: /jointset/hip_r/hip_rotation_r/value, weight: 10.0
[2023-03-10 17:13:33.074] [cout] [info]         state: /jointset/knee_r/knee_angle_r/value, weight: 10.0
[2023-03-10 17:13:33.074] [cout] [info]         state: /jointset/ankle_r/ankle_angle_r/value, weight: 10.0
[2023-03-10 17:13:33.074] [cout] [info]         state: /jointset/hip_l/hip_flexion_l/value, weight: 75.0
[2023-03-10 17:13:33.074] [cout] [info]         state: /jointset/hip_l/hip_adduction_l/value, weight: 50.0
[2023-03-10 17:13:33.074] [cout] [info]         state: /jointset/hip_l/hip_rotation_l/value, weight: 10.0
[2023-03-10 17:13:33.074] [cout] [info]         state: /jointset/knee_l/knee_angle_l/value, weight: 10.0
[2023-03-10 17:13:33.074] [cout] [info]         state: /jointset/ankle_l/ankle_angle_l/value, weight: 10.0
[2023-03-10 17:13:33.074] [cout] [info]         state: /jointset/back/lumbar_extension/value, weight: 75.0
[2023-03-10 17:13:33.074] [cout] [info]         state: /jointset/back/lumbar_bending/value, weight: 50.0
[2023-03-10 17:13:33.074] [cout] [info]         state: /jointset/back/lumbar_rotation/value, weight: 25.0
[2023-03-10 17:13:33.074] [cout] [info]         state: /jointset/acromial_r/arm_flex_r/value, weight: 1.0
[2023-03-10 17:13:33.075] [cout] [info]         state: /jointset/acromial_r/arm_add_r/value, weight: 1.0
[2023-03-10 17:13:33.075] [cout] [info]         state: /jointset/acromial_r/arm_rot_r/value, weight: 1.0
[2023-03-10 17:13:33.075] [cout] [info]         state: /jointset/elbow_r/elbow_flex_r/value, weight: 1.0
[2023-03-10 17:13:33.075] [cout] [info]         state: /jointset/radioulnar_r/pro_sup_r/value, weight: 1.0
[2023-03-10 17:13:33.075] [cout] [info]         state: /jointset/acromial_l/arm_flex_l/value, weight: 1.0
[2023-03-10 17:13:33.075] [cout] [info]         state: /jointset/acromial_l/arm_add_l/value, weight: 1.0
[2023-03-10 17:13:33.075] [cout] [info]         state: /jointset/acromial_l/arm_rot_l/value, weight: 1.0
[2023-03-10 17:13:33.075] [cout] [info]         state: /jointset/elbow_l/elbow_flex_l/value, weight: 1.0
[2023-03-10 17:13:33.075] [cout] [info]         state: /jointset/radioulnar_l/pro_sup_l/value, weight: 1.0
[2023-03-10 17:13:33.075] [cout] [info]         state: /jointset/subtalar_r/subtalar_angle_r/value, weight: 0.0
[2023-03-10 17:13:33.075] [cout] [info]         state: /jointset/mtp_r/mtp_angle_r/value, weight: 0.0
[2023-03-10 17:13:33.075] [cout] [info]         state: /jointset/subtalar_l/subtalar_angle_l/value, weight: 0.0
[2023-03-10 17:13:33.075] [cout] [info]         state: /jointset/mtp_l/mtp_angle_l/value, weight: 0.0
[2023-03-10 17:13:33.075] [cout] [info]         state: /jointset/radius_hand_r/wrist_flex_r/value, weight: 0.0
[2023-03-10 17:13:33.075] [cout] [info]         state: /jointset/radius_hand_r/wrist_dev_r/value, weight: 0.0
[2023-03-10 17:13:33.075] [cout] [info]         state: /jointset/radius_hand_l/wrist_flex_l/value, weight: 0.0
[2023-03-10 17:13:33.075] [cout] [info]         state: /jointset/radius_hand_l/wrist_dev_l/value, weight: 0.0
[2023-03-10 17:13:33.075] [cout] [info]   control_effort. MocoControlGoal, enabled: true, mode: cost, weight: 0.00100000
[2023-03-10 17:13:33.075] [cout] [info]         control: /forceset/pelvis_tx_actuator, weight: 1.0
[2023-03-10 17:13:33.075] [cout] [info]         control: /forceset/pelvis_ty_actuator, weight: 1.0
[2023-03-10 17:13:33.075] [cout] [info]         control: /forceset/pelvis_tz_actuator, weight: 1.0
[2023-03-10 17:13:33.076] [cout] [info]         control: /forceset/pelvis_tilt_actuator, weight: 1.0
[2023-03-10 17:13:33.076] [cout] [info]         control: /forceset/pelvis_list_actuator, weight: 1.0
[2023-03-10 17:13:33.076] [cout] [info]         control: /forceset/pelvis_rotation_actuator, weight: 1.0
[2023-03-10 17:13:33.076] [cout] [info]         control: /forceset/hip_flexion_r_actuator, weight: 1.0
[2023-03-10 17:13:33.076] [cout] [info]         control: /forceset/hip_adduction_r_actuator, weight: 1.0
[2023-03-10 17:13:33.076] [cout] [info]         control: /forceset/hip_rotation_r_actuator, weight: 1.0
[2023-03-10 17:13:33.076] [cout] [info]         control: /forceset/knee_angle_r_actuator, weight: 1.0
[2023-03-10 17:13:33.076] [cout] [info]         control: /forceset/ankle_angle_r_actuator, weight: 1.0
[2023-03-10 17:13:33.076] [cout] [info]         control: /forceset/hip_flexion_l_actuator, weight: 1.0
[2023-03-10 17:13:33.076] [cout] [info]         control: /forceset/hip_adduction_l_actuator, weight: 1.0
[2023-03-10 17:13:33.076] [cout] [info]         control: /forceset/hip_rotation_l_actuator, weight: 1.0
[2023-03-10 17:13:33.076] [cout] [info]         control: /forceset/knee_angle_l_actuator, weight: 1.0
[2023-03-10 17:13:33.076] [cout] [info]         control: /forceset/ankle_angle_l_actuator, weight: 1.0
[2023-03-10 17:13:33.076] [cout] [info]         control: /forceset/lumbar_extension_actuator, weight: 1.0
[2023-03-10 17:13:33.076] [cout] [info]         control: /forceset/lumbar_bending_actuator, weight: 1.0
[2023-03-10 17:13:33.076] [cout] [info]         control: /forceset/lumbar_rotation_actuator, weight: 1.0
[2023-03-10 17:13:33.076] [cout] [info]         control: /forceset/arm_flex_r_actuator, weight: 1.0
[2023-03-10 17:13:33.076] [cout] [info]         control: /forceset/arm_add_r_actuator, weight: 1.0
[2023-03-10 17:13:33.076] [cout] [info]         control: /forceset/arm_rot_r_actuator, weight: 1.0
[2023-03-10 17:13:33.076] [cout] [info]         control: /forceset/elbow_flex_r_actuator, weight: 1.0
[2023-03-10 17:13:33.076] [cout] [info]         control: /forceset/pro_sup_r_actuator, weight: 1.0
[2023-03-10 17:13:33.076] [cout] [info]         control: /forceset/arm_flex_l_actuator, weight: 1.0
[2023-03-10 17:13:33.077] [cout] [info]         control: /forceset/arm_add_l_actuator, weight: 1.0
[2023-03-10 17:13:33.077] [cout] [info]         control: /forceset/arm_rot_l_actuator, weight: 1.0
[2023-03-10 17:13:33.077] [cout] [info]         control: /forceset/elbow_flex_l_actuator, weight: 1.0
[2023-03-10 17:13:33.077] [cout] [info]         control: /forceset/pro_sup_l_actuator, weight: 1.0
[2023-03-10 17:13:33.077] [cout] [info] Endpoint constraints: none
[2023-03-10 17:13:33.077] [cout] [info] Kinematic constraints: (total: 8)
[2023-03-10 17:13:33.077] [cout] [info]   kinematic_constraint_cid27. MocoConstraintInfo. number of scalar equations: 3. bounds: 0, 0, 0
[2023-03-10 17:13:33.077] [cout] [info]   kinematic_constraint_cid28. MocoConstraintInfo. number of scalar equations: 3. bounds: 0, 0, 0
[2023-03-10 17:13:33.077] [cout] [info]   kinematic_constraint_cid31. MocoConstraintInfo. number of scalar equations: 3. bounds: 0, 0, 0
[2023-03-10 17:13:33.077] [cout] [info]   kinematic_constraint_cid32. MocoConstraintInfo. number of scalar equations: 3. bounds: 0, 0, 0
[2023-03-10 17:13:33.077] [cout] [info]   kinematic_constraint_cid33. MocoConstraintInfo. number of scalar equations: 3. bounds: 0, 0, 0
[2023-03-10 17:13:33.077] [cout] [info]   kinematic_constraint_cid34. MocoConstraintInfo. number of scalar equations: 3. bounds: 0, 0, 0
[2023-03-10 17:13:33.077] [cout] [info]   kinematic_constraint_cid35. MocoConstraintInfo. number of scalar equations: 3. bounds: 0, 0, 0
[2023-03-10 17:13:33.077] [cout] [info]   kinematic_constraint_cid36. MocoConstraintInfo. number of scalar equations: 3. bounds: 0, 0, 0
[2023-03-10 17:13:33.077] [cout] [info] Path constraints: none
[2023-03-10 17:13:33.077] [cout] [info] States: (total: 74)
[2023-03-10 17:13:33.077] [cout] [info]   /jointset/ground_pelvis/pelvis_tilt/value. bounds: [-0.501012, 0.0138697]
[2023-03-10 17:13:33.078] [cout] [info]   /jointset/ground_pelvis/pelvis_list/value. bounds: [-0.295914, 0.320789]
[2023-03-10 17:13:33.078] [cout] [info]   /jointset/radioulnar_r/pro_sup_r/value. bounds: [1.35155, 2.36462]
[2023-03-10 17:13:33.078] [cout] [info]   /jointset/ground_pelvis/pelvis_rotation/value. bounds: [-0.450481, 0.313258]
[2023-03-10 17:13:33.078] [cout] [info]   /jointset/ground_pelvis/pelvis_tx/value. bounds: [0.747715, 1.25022]
[2023-03-10 17:13:33.078] [cout] [info]   /jointset/elbow_r/elbow_flex_r/value. bounds: [1.28347, 2.63867]
[2023-03-10 17:13:33.078] [cout] [info]   /jointset/ground_pelvis/pelvis_ty/value. bounds: [0.84003, 1.1457]
[2023-03-10 17:13:33.078] [cout] [info]   /jointset/radius_hand_l/wrist_flex_l/speed. bounds: [-50, 50]
[2023-03-10 17:13:33.078] [cout] [info]   /jointset/ground_pelvis/pelvis_tz/value. bounds: [-0.560349, -0.128783]
[2023-03-10 17:13:33.078] [cout] [info]   /jointset/hip_r/hip_adduction_r/speed. bounds: [-50, 50]
[2023-03-10 17:13:33.078] [cout] [info]   /jointset/ankle_r/ankle_angle_r/value. bounds: [-0.661338, 0.655463]
[2023-03-10 17:13:33.078] [cout] [info]   /jointset/hip_r/hip_flexion_r/value. bounds: [-0.390602, 1.27635]
[2023-03-10 17:13:33.078] [cout] [info]   /jointset/hip_r/hip_adduction_r/value. bounds: [-0.258626, 0.410449]
[2023-03-10 17:13:33.078] [cout] [info]   /jointset/back/lumbar_rotation/speed. bounds: [-50, 50]
[2023-03-10 17:13:33.078] [cout] [info]   /jointset/hip_r/hip_rotation_r/value. bounds: [-0.264972, 0.245551]
[2023-03-10 17:13:33.078] [cout] [info]   /jointset/mtp_l/mtp_angle_l/speed. bounds: [-50, 50]
[2023-03-10 17:13:33.078] [cout] [info]   /jointset/knee_r/knee_angle_r/value. bounds: [-2.44545, 0.0780049]
[2023-03-10 17:13:33.078] [cout] [info]   /jointset/subtalar_r/subtalar_angle_r/value. bounds: [-1.5708, 1.5708]
[2023-03-10 17:13:33.079] [cout] [info]   /jointset/hip_l/hip_flexion_l/value. bounds: [-0.440473, 1.30454]
[2023-03-10 17:13:33.079] [cout] [info]   /jointset/hip_l/hip_adduction_l/value. bounds: [-0.281036, 0.374457]
[2023-03-10 17:13:33.079] [cout] [info]   /jointset/hip_l/hip_rotation_l/value. bounds: [-0.302546, 0.379546]
[2023-03-10 17:13:33.079] [cout] [info]   /jointset/knee_l/knee_angle_l/value. bounds: [-2.42727, 0.238028]
[2023-03-10 17:13:33.079] [cout] [info]   /jointset/knee_r/knee_angle_r/speed. bounds: [-50, 50]
[2023-03-10 17:13:33.079] [cout] [info]   /jointset/ankle_l/ankle_angle_l/value. bounds: [-0.744813, 0.641334]
[2023-03-10 17:13:33.079] [cout] [info]   /jointset/back/lumbar_extension/value. bounds: [-0.223255, 0.344329]
[2023-03-10 17:13:33.079] [cout] [info]   /jointset/back/lumbar_bending/value. bounds: [-0.264593, 0.293521]
[2023-03-10 17:13:33.079] [cout] [info]   /jointset/back/lumbar_rotation/value. bounds: [-0.292553, 0.414046]
[2023-03-10 17:13:33.079] [cout] [info]   /jointset/acromial_r/arm_flex_r/value. bounds: [-1.1384, -0.119537]
[2023-03-10 17:13:33.079] [cout] [info]   /jointset/acromial_r/arm_add_r/value. bounds: [-0.58125, -0.215299]
[2023-03-10 17:13:33.079] [cout] [info]   /jointset/acromial_r/arm_rot_r/value. bounds: [-0.528995, 0.0585819]
[2023-03-10 17:13:33.079] [cout] [info]   /jointset/acromial_l/arm_flex_l/value. bounds: [-1.21414, -0.305028]
[2023-03-10 17:13:33.079] [cout] [info]   /jointset/acromial_l/arm_add_l/value. bounds: [-0.523085, -0.0483839]
[2023-03-10 17:13:33.079] [cout] [info]   /jointset/acromial_l/arm_rot_l/value. bounds: [-0.471923, 0.064457]
[2023-03-10 17:13:33.079] [cout] [info]   /jointset/elbow_l/elbow_flex_l/value. bounds: [1.50863, 2.71644]
[2023-03-10 17:13:33.079] [cout] [info]   /jointset/radioulnar_l/pro_sup_l/value. bounds: [1.56435, 2.20488]
[2023-03-10 17:13:33.079] [cout] [info]   /jointset/ground_pelvis/pelvis_tilt/speed. bounds: [-50, 50]
[2023-03-10 17:13:33.080] [cout] [info]   /jointset/ground_pelvis/pelvis_list/speed. bounds: [-50, 50]
[2023-03-10 17:13:33.080] [cout] [info]   /jointset/radioulnar_r/pro_sup_r/speed. bounds: [-50, 50]
[2023-03-10 17:13:33.080] [cout] [info]   /jointset/ground_pelvis/pelvis_rotation/speed. bounds: [-50, 50]
[2023-03-10 17:13:33.080] [cout] [info]   /jointset/ground_pelvis/pelvis_tx/speed. bounds: [-50, 50]
[2023-03-10 17:13:33.080] [cout] [info]   /jointset/elbow_r/elbow_flex_r/speed. bounds: [-50, 50]
[2023-03-10 17:13:33.080] [cout] [info]   /jointset/ground_pelvis/pelvis_ty/speed. bounds: [-50, 50]
[2023-03-10 17:13:33.080] [cout] [info]   /jointset/ground_pelvis/pelvis_tz/speed. bounds: [-50, 50]
[2023-03-10 17:13:33.080] [cout] [info]   /jointset/ankle_r/ankle_angle_r/speed. bounds: [-50, 50]
[2023-03-10 17:13:33.080] [cout] [info]   /jointset/hip_r/hip_flexion_r/speed. bounds: [-50, 50]
[2023-03-10 17:13:33.080] [cout] [info]   /jointset/hip_r/hip_rotation_r/speed. bounds: [-50, 50]
[2023-03-10 17:13:33.080] [cout] [info]   /jointset/hip_l/hip_flexion_l/speed. bounds: [-50, 50]
[2023-03-10 17:13:33.080] [cout] [info]   /jointset/subtalar_r/subtalar_angle_r/speed. bounds: [-50, 50]
[2023-03-10 17:13:33.080] [cout] [info]   /jointset/mtp_r/mtp_angle_r/value. bounds: [-1.5708, 1.5708]
[2023-03-10 17:13:33.080] [cout] [info]   /jointset/mtp_r/mtp_angle_r/speed. bounds: [-50, 50]
[2023-03-10 17:13:33.080] [cout] [info]   /jointset/hip_l/hip_adduction_l/speed. bounds: [-50, 50]
[2023-03-10 17:13:33.080] [cout] [info]   /jointset/hip_l/hip_rotation_l/speed. bounds: [-50, 50]
[2023-03-10 17:13:33.080] [cout] [info]   /jointset/knee_l/knee_angle_l/speed. bounds: [-50, 50]
[2023-03-10 17:13:33.080] [cout] [info]   /jointset/ankle_l/ankle_angle_l/speed. bounds: [-50, 50]
[2023-03-10 17:13:33.080] [cout] [info]   /jointset/subtalar_l/subtalar_angle_l/value. bounds: [-1.5708, 1.5708]
[2023-03-10 17:13:33.081] [cout] [info]   /jointset/subtalar_l/subtalar_angle_l/speed. bounds: [-50, 50]
[2023-03-10 17:13:33.081] [cout] [info]   /jointset/mtp_l/mtp_angle_l/value. bounds: [-1.0472, 1.0472]
[2023-03-10 17:13:33.081] [cout] [info]   /jointset/back/lumbar_extension/speed. bounds: [-50, 50]
[2023-03-10 17:13:33.081] [cout] [info]   /jointset/back/lumbar_bending/speed. bounds: [-50, 50]
[2023-03-10 17:13:33.081] [cout] [info]   /jointset/acromial_r/arm_flex_r/speed. bounds: [-50, 50]
[2023-03-10 17:13:33.081] [cout] [info]   /jointset/acromial_r/arm_add_r/speed. bounds: [-50, 50]
[2023-03-10 17:13:33.081] [cout] [info]   /jointset/acromial_r/arm_rot_r/speed. bounds: [-50, 50]
[2023-03-10 17:13:33.081] [cout] [info]   /jointset/radius_hand_r/wrist_flex_r/value. bounds: [-1.22173, 1.22173]
[2023-03-10 17:13:33.081] [cout] [info]   /jointset/radius_hand_r/wrist_flex_r/speed. bounds: [-50, 50]
[2023-03-10 17:13:33.081] [cout] [info]   /jointset/radius_hand_r/wrist_dev_r/value. bounds: [-0.436332, 0.610865]
[2023-03-10 17:13:33.081] [cout] [info]   /jointset/radius_hand_r/wrist_dev_r/speed. bounds: [-50, 50]
[2023-03-10 17:13:33.081] [cout] [info]   /jointset/acromial_l/arm_flex_l/speed. bounds: [-50, 50]
[2023-03-10 17:13:33.081] [cout] [info]   /jointset/acromial_l/arm_add_l/speed. bounds: [-50, 50]
[2023-03-10 17:13:33.081] [cout] [info]   /jointset/acromial_l/arm_rot_l/speed. bounds: [-50, 50]
[2023-03-10 17:13:33.081] [cout] [info]   /jointset/elbow_l/elbow_flex_l/speed. bounds: [-50, 50]
[2023-03-10 17:13:33.081] [cout] [info]   /jointset/radioulnar_l/pro_sup_l/speed. bounds: [-50, 50]
[2023-03-10 17:13:33.081] [cout] [info]   /jointset/radius_hand_l/wrist_flex_l/value. bounds: [-1.22173, 1.22173]
[2023-03-10 17:13:33.081] [cout] [info]   /jointset/radius_hand_l/wrist_dev_l/value. bounds: [-0.436332, 0.610865]
[2023-03-10 17:13:33.082] [cout] [info]   /jointset/radius_hand_l/wrist_dev_l/speed. bounds: [-50, 50]
[2023-03-10 17:13:33.082] [cout] [info] Controls: (total: 29)
[2023-03-10 17:13:33.082] [cout] [info]   /forceset/pelvis_tx_actuator. bounds: [-10000, 10000]
[2023-03-10 17:13:33.082] [cout] [info]   /forceset/pelvis_ty_actuator. bounds: [-10000, 10000]
[2023-03-10 17:13:33.082] [cout] [info]   /forceset/pelvis_tz_actuator. bounds: [-10000, 10000]
[2023-03-10 17:13:33.082] [cout] [info]   /forceset/arm_flex_r_actuator. bounds: [-1, 1]
[2023-03-10 17:13:33.082] [cout] [info]   /forceset/hip_rotation_r_actuator. bounds: [-1, 1]
[2023-03-10 17:13:33.082] [cout] [info]   /forceset/pelvis_tilt_actuator. bounds: [-10000, 10000]
[2023-03-10 17:13:33.082] [cout] [info]   /forceset/pelvis_list_actuator. bounds: [-10000, 10000]
[2023-03-10 17:13:33.082] [cout] [info]   /forceset/pelvis_rotation_actuator. bounds: [-10000, 10000]
[2023-03-10 17:13:33.082] [cout] [info]   /forceset/elbow_flex_l_actuator. bounds: [-1, 1]
[2023-03-10 17:13:33.082] [cout] [info]   /forceset/hip_adduction_l_actuator. bounds: [-1, 1]
[2023-03-10 17:13:33.082] [cout] [info]   /forceset/hip_flexion_r_actuator. bounds: [-1, 1]
[2023-03-10 17:13:33.082] [cout] [info]   /forceset/elbow_flex_r_actuator. bounds: [-1, 1]
[2023-03-10 17:13:33.082] [cout] [info]   /forceset/hip_flexion_l_actuator. bounds: [-1, 1]
[2023-03-10 17:13:33.082] [cout] [info]   /forceset/hip_adduction_r_actuator. bounds: [-1, 1]
[2023-03-10 17:13:33.082] [cout] [info]   /forceset/knee_angle_r_actuator. bounds: [-1, 1]
[2023-03-10 17:13:33.082] [cout] [info]   /forceset/lumbar_rotation_actuator. bounds: [-1, 1]
[2023-03-10 17:13:33.082] [cout] [info]   /forceset/ankle_angle_r_actuator. bounds: [-1, 1]
[2023-03-10 17:13:33.083] [cout] [info]   /forceset/arm_flex_l_actuator. bounds: [-1, 1]
[2023-03-10 17:13:33.083] [cout] [info]   /forceset/hip_rotation_l_actuator. bounds: [-1, 1]
[2023-03-10 17:13:33.083] [cout] [info]   /forceset/knee_angle_l_actuator. bounds: [-1, 1]
[2023-03-10 17:13:33.083] [cout] [info]   /forceset/ankle_angle_l_actuator. bounds: [-1, 1]
[2023-03-10 17:13:33.083] [cout] [info]   /forceset/lumbar_extension_actuator. bounds: [-1, 1]
[2023-03-10 17:13:33.083] [cout] [info]   /forceset/lumbar_bending_actuator. bounds: [-1, 1]
[2023-03-10 17:13:33.083] [cout] [info]   /forceset/arm_add_r_actuator. bounds: [-1, 1]
[2023-03-10 17:13:33.083] [cout] [info]   /forceset/arm_rot_r_actuator. bounds: [-1, 1]
[2023-03-10 17:13:33.083] [cout] [info]   /forceset/pro_sup_r_actuator. bounds: [-1, 1]
[2023-03-10 17:13:33.083] [cout] [info]   /forceset/arm_add_l_actuator. bounds: [-1, 1]
[2023-03-10 17:13:33.083] [cout] [info]   /forceset/arm_rot_l_actuator. bounds: [-1, 1]
[2023-03-10 17:13:33.083] [cout] [info]   /forceset/pro_sup_l_actuator. bounds: [-1, 1]
[2023-03-10 17:13:33.083] [cout] [info] Parameters: none
[2023-03-10 17:13:33.214] [info] ExternalForce::externalforce Data source being set to Run_500 02_newCOP3_v24.mot
[2023-03-10 17:13:33.214] [info] ExternalForce::externalforce_0 Data source being set to Run_500 02_newCOP3_v24.mot
[2023-03-10 17:13:33.314] [info] ExternalForce::externalforce Data source being set to Run_500 02_newCOP3_v24.mot
[2023-03-10 17:13:33.314] [info] ExternalForce::externalforce_0 Data source being set to Run_500 02_newCOP3_v24.mot
[2023-03-10 17:13:33.459] [info] ExternalForce::externalforce Data source being set to Run_500 02_newCOP3_v24.mot
[2023-03-10 17:13:33.459] [info] ExternalForce::externalforce_0 Data source being set to Run_500 02_newCOP3_v24.mot
[2023-03-10 17:13:33.595] [info] ExternalForce::externalforce Data source being set to Run_500 02_newCOP3_v24.mot
[2023-03-10 17:13:33.595] [info] ExternalForce::externalforce_0 Data source being set to Run_500 02_newCOP3_v24.mot
[2023-03-10 17:13:33.730] [info] ExternalForce::externalforce Data source being set to Run_500 02_newCOP3_v24.mot
[2023-03-10 17:13:33.730] [info] ExternalForce::externalforce_0 Data source being set to Run_500 02_newCOP3_v24.mot
[2023-03-10 17:13:33.864] [info] ExternalForce::externalforce Data source being set to Run_500 02_newCOP3_v24.mot
[2023-03-10 17:13:33.864] [info] ExternalForce::externalforce_0 Data source being set to Run_500 02_newCOP3_v24.mot
[2023-03-10 17:13:33.961] [info] ExternalForce::externalforce Data source being set to Run_500 02_newCOP3_v24.mot
[2023-03-10 17:13:33.961] [info] ExternalForce::externalforce_0 Data source being set to Run_500 02_newCOP3_v24.mot
[2023-03-10 17:13:34.051] [info] ExternalForce::externalforce Data source being set to Run_500 02_newCOP3_v24.mot
[2023-03-10 17:13:34.051] [info] ExternalForce::externalforce_0 Data source being set to Run_500 02_newCOP3_v24.mot
[2023-03-10 17:13:34.146] [info] ExternalForce::externalforce Data source being set to Run_500 02_newCOP3_v24.mot
[2023-03-10 17:13:34.146] [info] ExternalForce::externalforce_0 Data source being set to Run_500 02_newCOP3_v24.mot
[2023-03-10 17:13:34.297] [info] ExternalForce::externalforce Data source being set to Run_500 02_newCOP3_v24.mot
[2023-03-10 17:13:34.298] [info] ExternalForce::externalforce_0 Data source being set to Run_500 02_newCOP3_v24.mot
[2023-03-10 17:13:34.402] [info] ExternalForce::externalforce Data source being set to Run_500 02_newCOP3_v24.mot
[2023-03-10 17:13:34.402] [info] ExternalForce::externalforce_0 Data source being set to Run_500 02_newCOP3_v24.mot
[2023-03-10 17:13:34.543] [info] ExternalForce::externalforce Data source being set to Run_500 02_newCOP3_v24.mot
[2023-03-10 17:13:34.543] [info] ExternalForce::externalforce_0 Data source being set to Run_500 02_newCOP3_v24.mot
[2023-03-10 17:13:34.677] [info] ExternalForce::externalforce Data source being set to Run_500 02_newCOP3_v24.mot
[2023-03-10 17:13:34.677] [info] ExternalForce::externalforce_0 Data source being set to Run_500 02_newCOP3_v24.mot
[2023-03-10 17:13:34.794] [info] ExternalForce::externalforce Data source being set to Run_500 02_newCOP3_v24.mot
[2023-03-10 17:13:34.794] [info] ExternalForce::externalforce_0 Data source being set to Run_500 02_newCOP3_v24.mot
[2023-03-10 17:13:34.918] [info] ExternalForce::externalforce Data source being set to Run_500 02_newCOP3_v24.mot
[2023-03-10 17:13:34.918] [info] ExternalForce::externalforce_0 Data source being set to Run_500 02_newCOP3_v24.mot
[2023-03-10 17:13:35.036] [info] ExternalForce::externalforce Data source being set to Run_500 02_newCOP3_v24.mot
[2023-03-10 17:13:35.036] [info] ExternalForce::externalforce_0 Data source being set to Run_500 02_newCOP3_v24.mot
[2023-03-10 17:13:35.056] [info] Number of threads: 8
[2023-03-10 17:40:41.857] [info] Set log level to Info.
[2023-03-10 17:40:41.870] [info] ------------------------------------------------------------------------
[2023-03-10 17:40:41.871] [info] Elapsed real time: 1629 second(s) (27 minute(s), 9 second(s)).
[2023-03-10 17:40:41.871] [info] Fri Mar 10 17:40:41 2023
[2023-03-10 17:40:41.871] [info] MocoCasADiSolver succeeded!
[2023-03-10 17:40:41.871] [info] ========================================================================
[2023-03-10 17:40:42.125] [info] Loaded model subject01_scaled from file ..\..\model\subject01_adjusted_scaled.osim
[2023-03-10 17:40:42.907] [cout] [info] 
               MODEL: subject01_scaled
         coordinates: 37
              forces: 92
           actuators: 92
             muscles: 92
            analyses: 0
              probes: 0
              bodies: 20
              joints: 20
         constraints: 0
             markers: 64
         controllers: 0
  contact geometries: 0
misc modelcomponents: 0
[2023-03-10 17:40:42.907] [info] Running tool subject10_scaled...
[2023-03-10 17:40:42.940] [warning] ExternalLoads 'externalloads' has subcomponents with duplicate name 'externalforce'. The duplicate is being renamed to 'externalforce_0'.
[2023-03-10 17:40:43.052] [info] ExternalForce::externalforce Data source being set to Run_500 02_newCOP3_v24.mot
[2023-03-10 17:40:43.052] [info] ExternalForce::externalforce_0 Data source being set to Run_500 02_newCOP3_v24.mot
[2023-03-10 17:40:43.418] [info] InverseDynamicsTool: 127 time frames in 305 millisecond(s).
[2023-12-05 21:30:37.473] [info] ExternalForce::externalforce Data source being set to Run_500 02_newCOP3_v24.mot
[2023-12-05 21:30:37.482] [info] ExternalForce::externalforce_0 Data source being set to Run_500 02_newCOP3_v24.mot
[2023-12-05 21:30:37.747] [info] ExternalForce::externalforce Data source being set to Run_500 02_newCOP3_v24.mot
[2023-12-05 21:30:37.747] [info] ExternalForce::externalforce_0 Data source being set to Run_500 02_newCOP3_v24.mot
[2023-12-05 21:30:37.837] [info] ExternalForce::externalforce Data source being set to Run_500 02_newCOP3_v24.mot
[2023-12-05 21:30:37.837] [info] ExternalForce::externalforce_0 Data source being set to Run_500 02_newCOP3_v24.mot
[2023-12-05 21:30:37.893] [info] ExternalForce::externalforce Data source being set to Run_500 02_newCOP3_v24.mot
[2023-12-05 21:30:37.894] [info] ExternalForce::externalforce_0 Data source being set to Run_500 02_newCOP3_v24.mot
[2023-12-05 21:30:37.956] [info] ExternalForce::externalforce Data source being set to Run_500 02_newCOP3_v24.mot
[2023-12-05 21:30:37.957] [info] ExternalForce::externalforce_0 Data source being set to Run_500 02_newCOP3_v24.mot
[2023-12-05 21:30:38.010] [info] ExternalForce::externalforce Data source being set to Run_500 02_newCOP3_v24.mot
[2023-12-05 21:30:38.010] [info] ExternalForce::externalforce_0 Data source being set to Run_500 02_newCOP3_v24.mot
[2023-12-05 21:30:38.079] [info] ExternalForce::externalforce Data source being set to Run_500 02_newCOP3_v24.mot
[2023-12-05 21:30:38.079] [info] ExternalForce::externalforce_0 Data source being set to Run_500 02_newCOP3_v24.mot
[2023-12-05 21:30:38.129] [info] ExternalForce::externalforce Data source being set to Run_500 02_newCOP3_v24.mot
[2023-12-05 21:30:38.129] [info] ExternalForce::externalforce_0 Data source being set to Run_500 02_newCOP3_v24.mot
[2023-12-05 21:30:38.190] [info] ExternalForce::externalforce Data source being set to Run_500 02_newCOP3_v24.mot
[2023-12-05 21:30:38.190] [info] ExternalForce::externalforce_0 Data source being set to Run_500 02_newCOP3_v24.mot
[2023-12-05 21:30:38.243] [info] ExternalForce::externalforce Data source being set to Run_500 02_newCOP3_v24.mot
[2023-12-05 21:30:38.243] [info] ExternalForce::externalforce_0 Data source being set to Run_500 02_newCOP3_v24.mot
[2023-12-05 21:30:38.306] [info] ExternalForce::externalforce Data source being set to Run_500 02_newCOP3_v24.mot
[2023-12-05 21:30:38.306] [info] ExternalForce::externalforce_0 Data source being set to Run_500 02_newCOP3_v24.mot
[2023-12-05 21:30:38.361] [info] ExternalForce::externalforce Data source being set to Run_500 02_newCOP3_v24.mot
[2023-12-05 21:30:38.361] [info] ExternalForce::externalforce_0 Data source being set to Run_500 02_newCOP3_v24.mot
[2023-12-05 21:30:38.423] [info] ExternalForce::externalforce Data source being set to Run_500 02_newCOP3_v24.mot
[2023-12-05 21:30:38.424] [info] ExternalForce::externalforce_0 Data source being set to Run_500 02_newCOP3_v24.mot
[2023-12-05 21:30:38.484] [info] ExternalForce::externalforce Data source being set to Run_500 02_newCOP3_v24.mot
[2023-12-05 21:30:38.484] [info] ExternalForce::externalforce_0 Data source being set to Run_500 02_newCOP3_v24.mot
[2023-12-05 21:30:38.560] [info] ExternalForce::externalforce Data source being set to Run_500 02_newCOP3_v24.mot
[2023-12-05 21:30:38.560] [info] ExternalForce::externalforce_0 Data source being set to Run_500 02_newCOP3_v24.mot
[2023-12-05 21:30:38.623] [info] ExternalForce::externalforce Data source being set to Run_500 02_newCOP3_v24.mot
[2023-12-05 21:30:38.623] [info] ExternalForce::externalforce_0 Data source being set to Run_500 02_newCOP3_v24.mot
[2023-12-05 21:30:38.696] [info] ExternalForce::externalforce Data source being set to Run_500 02_newCOP3_v24.mot
[2023-12-05 21:30:38.696] [info] ExternalForce::externalforce_0 Data source being set to Run_500 02_newCOP3_v24.mot
[2023-12-05 21:30:38.755] [info] ExternalForce::externalforce Data source being set to Run_500 02_newCOP3_v24.mot
[2023-12-05 21:30:38.755] [info] ExternalForce::externalforce_0 Data source being set to Run_500 02_newCOP3_v24.mot
[2023-12-05 21:30:38.828] [info] ExternalForce::externalforce Data source being set to Run_500 02_newCOP3_v24.mot
[2023-12-05 21:30:38.828] [info] ExternalForce::externalforce_0 Data source being set to Run_500 02_newCOP3_v24.mot
[2023-12-05 21:30:38.887] [info] ExternalForce::externalforce Data source being set to Run_500 02_newCOP3_v24.mot
[2023-12-05 21:30:38.887] [info] ExternalForce::externalforce_0 Data source being set to Run_500 02_newCOP3_v24.mot
[2023-12-05 21:30:38.956] [info] ExternalForce::externalforce Data source being set to Run_500 02_newCOP3_v24.mot
[2023-12-05 21:30:38.956] [info] ExternalForce::externalforce_0 Data source being set to Run_500 02_newCOP3_v24.mot
[2023-12-05 21:30:39.016] [info] ExternalForce::externalforce Data source being set to Run_500 02_newCOP3_v24.mot
[2023-12-05 21:30:39.016] [info] ExternalForce::externalforce_0 Data source being set to Run_500 02_newCOP3_v24.mot
[2023-12-05 21:30:39.370] [info] ExternalForce::externalforce Data source being set to Run_500 02_newCOP3_v24.mot
[2023-12-05 21:30:39.370] [info] ExternalForce::externalforce_0 Data source being set to Run_500 02_newCOP3_v24.mot
[2023-12-05 21:30:39.421] [info] ExternalForce::externalforce Data source being set to Run_500 02_newCOP3_v24.mot
[2023-12-05 21:30:39.421] [info] ExternalForce::externalforce_0 Data source being set to Run_500 02_newCOP3_v24.mot
[2023-12-05 21:30:39.481] [info] ExternalForce::externalforce Data source being set to Run_500 02_newCOP3_v24.mot
[2023-12-05 21:30:39.481] [info] ExternalForce::externalforce_0 Data source being set to Run_500 02_newCOP3_v24.mot
[2023-12-05 21:30:39.530] [info] ExternalForce::externalforce Data source being set to Run_500 02_newCOP3_v24.mot
[2023-12-05 21:30:39.530] [info] ExternalForce::externalforce_0 Data source being set to Run_500 02_newCOP3_v24.mot
[2023-12-05 21:30:39.618] [info] ExternalForce::externalforce Data source being set to Run_500 02_newCOP3_v24.mot
[2023-12-05 21:30:39.618] [info] ExternalForce::externalforce_0 Data source being set to Run_500 02_newCOP3_v24.mot
[2023-12-05 21:30:39.666] [info] ExternalForce::externalforce Data source being set to Run_500 02_newCOP3_v24.mot
[2023-12-05 21:30:39.666] [info] ExternalForce::externalforce_0 Data source being set to Run_500 02_newCOP3_v24.mot
[2023-12-05 21:30:39.726] [info] ExternalForce::externalforce Data source being set to Run_500 02_newCOP3_v24.mot
[2023-12-05 21:30:39.726] [info] ExternalForce::externalforce_0 Data source being set to Run_500 02_newCOP3_v24.mot
[2023-12-05 21:30:39.773] [info] ExternalForce::externalforce Data source being set to Run_500 02_newCOP3_v24.mot
[2023-12-05 21:30:39.773] [info] ExternalForce::externalforce_0 Data source being set to Run_500 02_newCOP3_v24.mot
[2023-12-05 21:30:39.789] [info] ========================================================================
[2023-12-05 21:30:39.789] [info] MocoCasADiSolver starting.
[2023-12-05 21:30:39.789] [info] Tue Dec  5 21:30:39 2023
[2023-12-05 21:30:39.789] [info] ------------------------------------------------------------------------
[2023-12-05 21:30:39.789] [cout] [info] Costs: (total: 2)
[2023-12-05 21:30:39.789] [cout] [info]   state_tracking. MocoStateTrackingGoal, enabled: true, mode: cost, weight: 1.0
[2023-12-05 21:30:39.789] [cout] [info]         state: /jointset/ground_pelvis/pelvis_tilt/value, weight: 750.0
[2023-12-05 21:30:39.789] [cout] [info]         state: /jointset/ground_pelvis/pelvis_list/value, weight: 250.0
[2023-12-05 21:30:39.789] [cout] [info]         state: /jointset/ground_pelvis/pelvis_rotation/value, weight: 50.0
[2023-12-05 21:30:39.789] [cout] [info]         state: /jointset/ground_pelvis/pelvis_tx/value, weight: 25.0
[2023-12-05 21:30:39.789] [cout] [info]         state: /jointset/ground_pelvis/pelvis_ty/value, weight: 100.0
[2023-12-05 21:30:39.789] [cout] [info]         state: /jointset/ground_pelvis/pelvis_tz/value, weight: 25.0
[2023-12-05 21:30:39.789] [cout] [info]         state: /jointset/hip_r/hip_flexion_r/value, weight: 75.0
[2023-12-05 21:30:39.789] [cout] [info]         state: /jointset/hip_r/hip_adduction_r/value, weight: 50.0
[2023-12-05 21:30:39.789] [cout] [info]         state: /jointset/hip_r/hip_rotation_r/value, weight: 10.0
[2023-12-05 21:30:39.789] [cout] [info]         state: /jointset/knee_r/knee_angle_r/value, weight: 10.0
[2023-12-05 21:30:39.789] [cout] [info]         state: /jointset/ankle_r/ankle_angle_r/value, weight: 10.0
[2023-12-05 21:30:39.789] [cout] [info]         state: /jointset/hip_l/hip_flexion_l/value, weight: 75.0
[2023-12-05 21:30:39.789] [cout] [info]         state: /jointset/hip_l/hip_adduction_l/value, weight: 50.0
[2023-12-05 21:30:39.789] [cout] [info]         state: /jointset/hip_l/hip_rotation_l/value, weight: 10.0
[2023-12-05 21:30:39.789] [cout] [info]         state: /jointset/knee_l/knee_angle_l/value, weight: 10.0
[2023-12-05 21:30:39.789] [cout] [info]         state: /jointset/ankle_l/ankle_angle_l/value, weight: 10.0
[2023-12-05 21:30:39.789] [cout] [info]         state: /jointset/back/lumbar_extension/value, weight: 75.0
[2023-12-05 21:30:39.789] [cout] [info]         state: /jointset/back/lumbar_bending/value, weight: 50.0
[2023-12-05 21:30:39.789] [cout] [info]         state: /jointset/back/lumbar_rotation/value, weight: 25.0
[2023-12-05 21:30:39.789] [cout] [info]         state: /jointset/acromial_r/arm_flex_r/value, weight: 1.0
[2023-12-05 21:30:39.789] [cout] [info]         state: /jointset/acromial_r/arm_add_r/value, weight: 1.0
[2023-12-05 21:30:39.789] [cout] [info]         state: /jointset/acromial_r/arm_rot_r/value, weight: 1.0
[2023-12-05 21:30:39.789] [cout] [info]         state: /jointset/elbow_r/elbow_flex_r/value, weight: 1.0
[2023-12-05 21:30:39.789] [cout] [info]         state: /jointset/radioulnar_r/pro_sup_r/value, weight: 1.0
[2023-12-05 21:30:39.789] [cout] [info]         state: /jointset/acromial_l/arm_flex_l/value, weight: 1.0
[2023-12-05 21:30:39.789] [cout] [info]         state: /jointset/acromial_l/arm_add_l/value, weight: 1.0
[2023-12-05 21:30:39.789] [cout] [info]         state: /jointset/acromial_l/arm_rot_l/value, weight: 1.0
[2023-12-05 21:30:39.789] [cout] [info]         state: /jointset/elbow_l/elbow_flex_l/value, weight: 1.0
[2023-12-05 21:30:39.789] [cout] [info]         state: /jointset/radioulnar_l/pro_sup_l/value, weight: 1.0
[2023-12-05 21:30:39.789] [cout] [info]         state: /jointset/subtalar_r/subtalar_angle_r/value, weight: 0.0
[2023-12-05 21:30:39.789] [cout] [info]         state: /jointset/mtp_r/mtp_angle_r/value, weight: 0.0
[2023-12-05 21:30:39.789] [cout] [info]         state: /jointset/subtalar_l/subtalar_angle_l/value, weight: 0.0
[2023-12-05 21:30:39.789] [cout] [info]         state: /jointset/mtp_l/mtp_angle_l/value, weight: 0.0
[2023-12-05 21:30:39.789] [cout] [info]         state: /jointset/radius_hand_r/wrist_flex_r/value, weight: 0.0
[2023-12-05 21:30:39.789] [cout] [info]         state: /jointset/radius_hand_r/wrist_dev_r/value, weight: 0.0
[2023-12-05 21:30:39.789] [cout] [info]         state: /jointset/radius_hand_l/wrist_flex_l/value, weight: 0.0
[2023-12-05 21:30:39.789] [cout] [info]         state: /jointset/radius_hand_l/wrist_dev_l/value, weight: 0.0
[2023-12-05 21:30:39.789] [cout] [info]         state: /jointset/ground_pelvis/pelvis_tilt/speed, weight: 7.5
[2023-12-05 21:30:39.789] [cout] [info]         state: /jointset/ground_pelvis/pelvis_list/speed, weight: 2.5
[2023-12-05 21:30:39.789] [cout] [info]         state: /jointset/ground_pelvis/pelvis_rotation/speed, weight: 0.5
[2023-12-05 21:30:39.789] [cout] [info]         state: /jointset/ground_pelvis/pelvis_tx/speed, weight: 0.25
[2023-12-05 21:30:39.789] [cout] [info]         state: /jointset/ground_pelvis/pelvis_ty/speed, weight: 1.0
[2023-12-05 21:30:39.789] [cout] [info]         state: /jointset/ground_pelvis/pelvis_tz/speed, weight: 0.25
[2023-12-05 21:30:39.789] [cout] [info]         state: /jointset/hip_r/hip_flexion_r/speed, weight: 0.75
[2023-12-05 21:30:39.789] [cout] [info]         state: /jointset/hip_r/hip_adduction_r/speed, weight: 0.5
[2023-12-05 21:30:39.789] [cout] [info]         state: /jointset/hip_r/hip_rotation_r/speed, weight: 0.1
[2023-12-05 21:30:39.789] [cout] [info]         state: /jointset/knee_r/knee_angle_r/speed, weight: 0.1
[2023-12-05 21:30:39.789] [cout] [info]         state: /jointset/ankle_r/ankle_angle_r/speed, weight: 0.1
[2023-12-05 21:30:39.789] [cout] [info]         state: /jointset/subtalar_r/subtalar_angle_r/speed, weight: 0.0
[2023-12-05 21:30:39.789] [cout] [info]         state: /jointset/mtp_r/mtp_angle_r/speed, weight: 0.0
[2023-12-05 21:30:39.789] [cout] [info]         state: /jointset/hip_l/hip_flexion_l/speed, weight: 0.75
[2023-12-05 21:30:39.789] [cout] [info]         state: /jointset/hip_l/hip_adduction_l/speed, weight: 0.5
[2023-12-05 21:30:39.789] [cout] [info]         state: /jointset/hip_l/hip_rotation_l/speed, weight: 0.1
[2023-12-05 21:30:39.789] [cout] [info]         state: /jointset/knee_l/knee_angle_l/speed, weight: 0.1
[2023-12-05 21:30:39.789] [cout] [info]         state: /jointset/ankle_l/ankle_angle_l/speed, weight: 0.1
[2023-12-05 21:30:39.789] [cout] [info]         state: /jointset/subtalar_l/subtalar_angle_l/speed, weight: 0.0
[2023-12-05 21:30:39.789] [cout] [info]         state: /jointset/mtp_l/mtp_angle_l/speed, weight: 0.0
[2023-12-05 21:30:39.789] [cout] [info]         state: /jointset/back/lumbar_extension/speed, weight: 0.75
[2023-12-05 21:30:39.789] [cout] [info]         state: /jointset/back/lumbar_bending/speed, weight: 0.5
[2023-12-05 21:30:39.789] [cout] [info]         state: /jointset/back/lumbar_rotation/speed, weight: 0.25
[2023-12-05 21:30:39.789] [cout] [info]         state: /jointset/acromial_r/arm_flex_r/speed, weight: 0.01
[2023-12-05 21:30:39.789] [cout] [info]         state: /jointset/acromial_r/arm_add_r/speed, weight: 0.01
[2023-12-05 21:30:39.789] [cout] [info]         state: /jointset/acromial_r/arm_rot_r/speed, weight: 0.01
[2023-12-05 21:30:39.789] [cout] [info]         state: /jointset/elbow_r/elbow_flex_r/speed, weight: 0.01
[2023-12-05 21:30:39.789] [cout] [info]         state: /jointset/radioulnar_r/pro_sup_r/speed, weight: 0.01
[2023-12-05 21:30:39.790] [cout] [info]         state: /jointset/radius_hand_r/wrist_flex_r/speed, weight: 0.0
[2023-12-05 21:30:39.790] [cout] [info]         state: /jointset/radius_hand_r/wrist_dev_r/speed, weight: 0.0
[2023-12-05 21:30:39.790] [cout] [info]         state: /jointset/acromial_l/arm_flex_l/speed, weight: 0.01
[2023-12-05 21:30:39.790] [cout] [info]         state: /jointset/acromial_l/arm_add_l/speed, weight: 0.01
[2023-12-05 21:30:39.790] [cout] [info]         state: /jointset/acromial_l/arm_rot_l/speed, weight: 0.01
[2023-12-05 21:30:39.790] [cout] [info]         state: /jointset/elbow_l/elbow_flex_l/speed, weight: 0.01
[2023-12-05 21:30:39.790] [cout] [info]         state: /jointset/radioulnar_l/pro_sup_l/speed, weight: 0.01
[2023-12-05 21:30:39.790] [cout] [info]         state: /jointset/radius_hand_l/wrist_flex_l/speed, weight: 0.0
[2023-12-05 21:30:39.790] [cout] [info]         state: /jointset/radius_hand_l/wrist_dev_l/speed, weight: 0.0
[2023-12-05 21:30:39.790] [cout] [info]   control_effort. MocoControlGoal, enabled: true, mode: cost, weight: 0.00100000
[2023-12-05 21:30:39.790] [cout] [info]         control: /forceset/pelvis_tx_actuator, weight: 1.0
[2023-12-05 21:30:39.790] [cout] [info]         control: /forceset/pelvis_ty_actuator, weight: 1.0
[2023-12-05 21:30:39.790] [cout] [info]         control: /forceset/pelvis_tz_actuator, weight: 1.0
[2023-12-05 21:30:39.790] [cout] [info]         control: /forceset/pelvis_tilt_actuator, weight: 1.0
[2023-12-05 21:30:39.790] [cout] [info]         control: /forceset/pelvis_list_actuator, weight: 1.0
[2023-12-05 21:30:39.790] [cout] [info]         control: /forceset/pelvis_rotation_actuator, weight: 1.0
[2023-12-05 21:30:39.790] [cout] [info]         control: /forceset/hip_flexion_r_actuator, weight: 1.0
[2023-12-05 21:30:39.790] [cout] [info]         control: /forceset/hip_adduction_r_actuator, weight: 1.0
[2023-12-05 21:30:39.790] [cout] [info]         control: /forceset/hip_rotation_r_actuator, weight: 1.0
[2023-12-05 21:30:39.790] [cout] [info]         control: /forceset/knee_angle_r_actuator, weight: 1.0
[2023-12-05 21:30:39.790] [cout] [info]         control: /forceset/ankle_angle_r_actuator, weight: 1.0
[2023-12-05 21:30:39.790] [cout] [info]         control: /forceset/hip_flexion_l_actuator, weight: 1.0
[2023-12-05 21:30:39.790] [cout] [info]         control: /forceset/hip_adduction_l_actuator, weight: 1.0
[2023-12-05 21:30:39.790] [cout] [info]         control: /forceset/hip_rotation_l_actuator, weight: 1.0
[2023-12-05 21:30:39.790] [cout] [info]         control: /forceset/knee_angle_l_actuator, weight: 1.0
[2023-12-05 21:30:39.790] [cout] [info]         control: /forceset/ankle_angle_l_actuator, weight: 1.0
[2023-12-05 21:30:39.790] [cout] [info]         control: /forceset/lumbar_extension_actuator, weight: 1.0
[2023-12-05 21:30:39.790] [cout] [info]         control: /forceset/lumbar_bending_actuator, weight: 1.0
[2023-12-05 21:30:39.790] [cout] [info]         control: /forceset/lumbar_rotation_actuator, weight: 1.0
[2023-12-05 21:30:39.790] [cout] [info]         control: /forceset/arm_flex_r_actuator, weight: 1.0
[2023-12-05 21:30:39.790] [cout] [info]         control: /forceset/arm_add_r_actuator, weight: 1.0
[2023-12-05 21:30:39.790] [cout] [info]         control: /forceset/arm_rot_r_actuator, weight: 1.0
[2023-12-05 21:30:39.790] [cout] [info]         control: /forceset/elbow_flex_r_actuator, weight: 1.0
[2023-12-05 21:30:39.790] [cout] [info]         control: /forceset/pro_sup_r_actuator, weight: 1.0
[2023-12-05 21:30:39.790] [cout] [info]         control: /forceset/arm_flex_l_actuator, weight: 1.0
[2023-12-05 21:30:39.790] [cout] [info]         control: /forceset/arm_add_l_actuator, weight: 1.0
[2023-12-05 21:30:39.790] [cout] [info]         control: /forceset/arm_rot_l_actuator, weight: 1.0
[2023-12-05 21:30:39.790] [cout] [info]         control: /forceset/elbow_flex_l_actuator, weight: 1.0
[2023-12-05 21:30:39.790] [cout] [info]         control: /forceset/pro_sup_l_actuator, weight: 1.0
[2023-12-05 21:30:39.790] [cout] [info] Endpoint constraints: none
[2023-12-05 21:30:39.790] [cout] [info] Kinematic constraints: (total: 8)
[2023-12-05 21:30:39.790] [cout] [info]   kinematic_constraint_cid27. MocoConstraintInfo. number of scalar equations: 3. bounds: 0, 0, 0
[2023-12-05 21:30:39.790] [cout] [info]   kinematic_constraint_cid28. MocoConstraintInfo. number of scalar equations: 3. bounds: 0, 0, 0
[2023-12-05 21:30:39.790] [cout] [info]   kinematic_constraint_cid31. MocoConstraintInfo. number of scalar equations: 3. bounds: 0, 0, 0
[2023-12-05 21:30:39.790] [cout] [info]   kinematic_constraint_cid32. MocoConstraintInfo. number of scalar equations: 3. bounds: 0, 0, 0
[2023-12-05 21:30:39.790] [cout] [info]   kinematic_constraint_cid33. MocoConstraintInfo. number of scalar equations: 3. bounds: 0, 0, 0
[2023-12-05 21:30:39.790] [cout] [info]   kinematic_constraint_cid34. MocoConstraintInfo. number of scalar equations: 3. bounds: 0, 0, 0
[2023-12-05 21:30:39.790] [cout] [info]   kinematic_constraint_cid35. MocoConstraintInfo. number of scalar equations: 3. bounds: 0, 0, 0
[2023-12-05 21:30:39.790] [cout] [info]   kinematic_constraint_cid36. MocoConstraintInfo. number of scalar equations: 3. bounds: 0, 0, 0
[2023-12-05 21:30:39.790] [cout] [info] Path constraints: none
[2023-12-05 21:30:39.790] [cout] [info] States: (total: 74)
[2023-12-05 21:30:39.790] [cout] [info]   /jointset/ground_pelvis/pelvis_tilt/value. bounds: [-0.501012, 0.0138697]
[2023-12-05 21:30:39.790] [cout] [info]   /jointset/ground_pelvis/pelvis_list/value. bounds: [-0.295914, 0.320789]
[2023-12-05 21:30:39.790] [cout] [info]   /jointset/radioulnar_r/pro_sup_r/value. bounds: [1.35155, 2.36462]
[2023-12-05 21:30:39.790] [cout] [info]   /jointset/ground_pelvis/pelvis_rotation/value. bounds: [-0.450481, 0.313258]
[2023-12-05 21:30:39.790] [cout] [info]   /jointset/ground_pelvis/pelvis_tx/value. bounds: [0.747715, 1.25022]
[2023-12-05 21:30:39.790] [cout] [info]   /jointset/elbow_r/elbow_flex_r/value. bounds: [1.28347, 2.63867]
[2023-12-05 21:30:39.790] [cout] [info]   /jointset/ground_pelvis/pelvis_ty/value. bounds: [0.84003, 1.1457]
[2023-12-05 21:30:39.790] [cout] [info]   /jointset/radius_hand_l/wrist_flex_l/speed. bounds: [-50, 50]
[2023-12-05 21:30:39.790] [cout] [info]   /jointset/ground_pelvis/pelvis_tz/value. bounds: [-0.560349, -0.128783]
[2023-12-05 21:30:39.790] [cout] [info]   /jointset/hip_r/hip_adduction_r/speed. bounds: [-50, 50]
[2023-12-05 21:30:39.790] [cout] [info]   /jointset/ankle_r/ankle_angle_r/value. bounds: [-0.661338, 0.655463]
[2023-12-05 21:30:39.790] [cout] [info]   /jointset/hip_r/hip_flexion_r/value. bounds: [-0.390602, 1.27635]
[2023-12-05 21:30:39.790] [cout] [info]   /jointset/hip_r/hip_adduction_r/value. bounds: [-0.258626, 0.410449]
[2023-12-05 21:30:39.790] [cout] [info]   /jointset/back/lumbar_rotation/speed. bounds: [-50, 50]
[2023-12-05 21:30:39.790] [cout] [info]   /jointset/hip_r/hip_rotation_r/value. bounds: [-0.264972, 0.245551]
[2023-12-05 21:30:39.790] [cout] [info]   /jointset/mtp_l/mtp_angle_l/speed. bounds: [-50, 50]
[2023-12-05 21:30:39.790] [cout] [info]   /jointset/knee_r/knee_angle_r/value. bounds: [-2.44545, 0.0780049]
[2023-12-05 21:30:39.790] [cout] [info]   /jointset/subtalar_r/subtalar_angle_r/value. bounds: [-1.5708, 1.5708]
[2023-12-05 21:30:39.790] [cout] [info]   /jointset/hip_l/hip_flexion_l/value. bounds: [-0.440473, 1.30454]
[2023-12-05 21:30:39.790] [cout] [info]   /jointset/hip_l/hip_adduction_l/value. bounds: [-0.281036, 0.374457]
[2023-12-05 21:30:39.790] [cout] [info]   /jointset/hip_l/hip_rotation_l/value. bounds: [-0.302546, 0.379546]
[2023-12-05 21:30:39.790] [cout] [info]   /jointset/knee_l/knee_angle_l/value. bounds: [-2.42727, 0.238028]
[2023-12-05 21:30:39.790] [cout] [info]   /jointset/knee_r/knee_angle_r/speed. bounds: [-50, 50]
[2023-12-05 21:30:39.790] [cout] [info]   /jointset/ankle_l/ankle_angle_l/value. bounds: [-0.744813, 0.641334]
[2023-12-05 21:30:39.790] [cout] [info]   /jointset/back/lumbar_extension/value. bounds: [-0.223255, 0.344329]
[2023-12-05 21:30:39.790] [cout] [info]   /jointset/back/lumbar_bending/value. bounds: [-0.264594, 0.293521]
[2023-12-05 21:30:39.790] [cout] [info]   /jointset/back/lumbar_rotation/value. bounds: [-0.292553, 0.414046]
[2023-12-05 21:30:39.790] [cout] [info]   /jointset/acromial_r/arm_flex_r/value. bounds: [-1.1384, -0.119537]
[2023-12-05 21:30:39.790] [cout] [info]   /jointset/acromial_r/arm_add_r/value. bounds: [-0.58125, -0.215299]
[2023-12-05 21:30:39.790] [cout] [info]   /jointset/acromial_r/arm_rot_r/value. bounds: [-0.528995, 0.0585819]
[2023-12-05 21:30:39.790] [cout] [info]   /jointset/acromial_l/arm_flex_l/value. bounds: [-1.21414, -0.305028]
[2023-12-05 21:30:39.790] [cout] [info]   /jointset/acromial_l/arm_add_l/value. bounds: [-0.523085, -0.0483839]
[2023-12-05 21:30:39.790] [cout] [info]   /jointset/acromial_l/arm_rot_l/value. bounds: [-0.471923, 0.064457]
[2023-12-05 21:30:39.791] [cout] [info]   /jointset/elbow_l/elbow_flex_l/value. bounds: [1.50863, 2.71644]
[2023-12-05 21:30:39.791] [cout] [info]   /jointset/radioulnar_l/pro_sup_l/value. bounds: [1.56435, 2.20488]
[2023-12-05 21:30:39.791] [cout] [info]   /jointset/ground_pelvis/pelvis_tilt/speed. bounds: [-50, 50]
[2023-12-05 21:30:39.791] [cout] [info]   /jointset/ground_pelvis/pelvis_list/speed. bounds: [-50, 50]
[2023-12-05 21:30:39.791] [cout] [info]   /jointset/radioulnar_r/pro_sup_r/speed. bounds: [-50, 50]
[2023-12-05 21:30:39.791] [cout] [info]   /jointset/ground_pelvis/pelvis_rotation/speed. bounds: [-50, 50]
[2023-12-05 21:30:39.791] [cout] [info]   /jointset/ground_pelvis/pelvis_tx/speed. bounds: [-50, 50]
[2023-12-05 21:30:39.791] [cout] [info]   /jointset/elbow_r/elbow_flex_r/speed. bounds: [-50, 50]
[2023-12-05 21:30:39.791] [cout] [info]   /jointset/ground_pelvis/pelvis_ty/speed. bounds: [-50, 50]
[2023-12-05 21:30:39.791] [cout] [info]   /jointset/ground_pelvis/pelvis_tz/speed. bounds: [-50, 50]
[2023-12-05 21:30:39.791] [cout] [info]   /jointset/ankle_r/ankle_angle_r/speed. bounds: [-50, 50]
[2023-12-05 21:30:39.791] [cout] [info]   /jointset/hip_r/hip_flexion_r/speed. bounds: [-50, 50]
[2023-12-05 21:30:39.791] [cout] [info]   /jointset/hip_r/hip_rotation_r/speed. bounds: [-50, 50]
[2023-12-05 21:30:39.791] [cout] [info]   /jointset/hip_l/hip_flexion_l/speed. bounds: [-50, 50]
[2023-12-05 21:30:39.791] [cout] [info]   /jointset/subtalar_r/subtalar_angle_r/speed. bounds: [-50, 50]
[2023-12-05 21:30:39.791] [cout] [info]   /jointset/mtp_r/mtp_angle_r/value. bounds: [-1.5708, 1.5708]
[2023-12-05 21:30:39.791] [cout] [info]   /jointset/mtp_r/mtp_angle_r/speed. bounds: [-50, 50]
[2023-12-05 21:30:39.791] [cout] [info]   /jointset/hip_l/hip_adduction_l/speed. bounds: [-50, 50]
[2023-12-05 21:30:39.791] [cout] [info]   /jointset/hip_l/hip_rotation_l/speed. bounds: [-50, 50]
[2023-12-05 21:30:39.791] [cout] [info]   /jointset/knee_l/knee_angle_l/speed. bounds: [-50, 50]
[2023-12-05 21:30:39.791] [cout] [info]   /jointset/ankle_l/ankle_angle_l/speed. bounds: [-50, 50]
[2023-12-05 21:30:39.791] [cout] [info]   /jointset/subtalar_l/subtalar_angle_l/value. bounds: [-1.5708, 1.5708]
[2023-12-05 21:30:39.791] [cout] [info]   /jointset/subtalar_l/subtalar_angle_l/speed. bounds: [-50, 50]
[2023-12-05 21:30:39.791] [cout] [info]   /jointset/mtp_l/mtp_angle_l/value. bounds: [-1.0472, 1.0472]
[2023-12-05 21:30:39.791] [cout] [info]   /jointset/back/lumbar_extension/speed. bounds: [-50, 50]
[2023-12-05 21:30:39.791] [cout] [info]   /jointset/back/lumbar_bending/speed. bounds: [-50, 50]
[2023-12-05 21:30:39.791] [cout] [info]   /jointset/acromial_r/arm_flex_r/speed. bounds: [-50, 50]
[2023-12-05 21:30:39.791] [cout] [info]   /jointset/acromial_r/arm_add_r/speed. bounds: [-50, 50]
[2023-12-05 21:30:39.791] [cout] [info]   /jointset/acromial_r/arm_rot_r/speed. bounds: [-50, 50]
[2023-12-05 21:30:39.791] [cout] [info]   /jointset/radius_hand_r/wrist_flex_r/value. bounds: [-1.22173, 1.22173]
[2023-12-05 21:30:39.791] [cout] [info]   /jointset/radius_hand_r/wrist_flex_r/speed. bounds: [-50, 50]
[2023-12-05 21:30:39.791] [cout] [info]   /jointset/radius_hand_r/wrist_dev_r/value. bounds: [-0.436332, 0.610865]
[2023-12-05 21:30:39.791] [cout] [info]   /jointset/radius_hand_r/wrist_dev_r/speed. bounds: [-50, 50]
[2023-12-05 21:30:39.791] [cout] [info]   /jointset/acromial_l/arm_flex_l/speed. bounds: [-50, 50]
[2023-12-05 21:30:39.791] [cout] [info]   /jointset/acromial_l/arm_add_l/speed. bounds: [-50, 50]
[2023-12-05 21:30:39.791] [cout] [info]   /jointset/acromial_l/arm_rot_l/speed. bounds: [-50, 50]
[2023-12-05 21:30:39.791] [cout] [info]   /jointset/elbow_l/elbow_flex_l/speed. bounds: [-50, 50]
[2023-12-05 21:30:39.791] [cout] [info]   /jointset/radioulnar_l/pro_sup_l/speed. bounds: [-50, 50]
[2023-12-05 21:30:39.791] [cout] [info]   /jointset/radius_hand_l/wrist_flex_l/value. bounds: [-1.22173, 1.22173]
[2023-12-05 21:30:39.791] [cout] [info]   /jointset/radius_hand_l/wrist_dev_l/value. bounds: [-0.436332, 0.610865]
[2023-12-05 21:30:39.791] [cout] [info]   /jointset/radius_hand_l/wrist_dev_l/speed. bounds: [-50, 50]
[2023-12-05 21:30:39.791] [cout] [info] Controls: (total: 29)
[2023-12-05 21:30:39.791] [cout] [info]   /forceset/pelvis_tx_actuator. bounds: [-10000, 10000]
[2023-12-05 21:30:39.791] [cout] [info]   /forceset/pelvis_ty_actuator. bounds: [-10000, 10000]
[2023-12-05 21:30:39.791] [cout] [info]   /forceset/pelvis_tz_actuator. bounds: [-10000, 10000]
[2023-12-05 21:30:39.791] [cout] [info]   /forceset/arm_flex_r_actuator. bounds: [-1, 1]
[2023-12-05 21:30:39.791] [cout] [info]   /forceset/hip_rotation_r_actuator. bounds: [-1, 1]
[2023-12-05 21:30:39.791] [cout] [info]   /forceset/pelvis_tilt_actuator. bounds: [-10000, 10000]
[2023-12-05 21:30:39.791] [cout] [info]   /forceset/pelvis_list_actuator. bounds: [-10000, 10000]
[2023-12-05 21:30:39.791] [cout] [info]   /forceset/pelvis_rotation_actuator. bounds: [-10000, 10000]
[2023-12-05 21:30:39.791] [cout] [info]   /forceset/elbow_flex_l_actuator. bounds: [-1, 1]
[2023-12-05 21:30:39.791] [cout] [info]   /forceset/hip_adduction_l_actuator. bounds: [-1, 1]
[2023-12-05 21:30:39.791] [cout] [info]   /forceset/hip_flexion_r_actuator. bounds: [-1, 1]
[2023-12-05 21:30:39.791] [cout] [info]   /forceset/elbow_flex_r_actuator. bounds: [-1, 1]
[2023-12-05 21:30:39.791] [cout] [info]   /forceset/hip_flexion_l_actuator. bounds: [-1, 1]
[2023-12-05 21:30:39.791] [cout] [info]   /forceset/hip_adduction_r_actuator. bounds: [-1, 1]
[2023-12-05 21:30:39.791] [cout] [info]   /forceset/knee_angle_r_actuator. bounds: [-1, 1]
[2023-12-05 21:30:39.791] [cout] [info]   /forceset/lumbar_rotation_actuator. bounds: [-1, 1]
[2023-12-05 21:30:39.791] [cout] [info]   /forceset/ankle_angle_r_actuator. bounds: [-1, 1]
[2023-12-05 21:30:39.791] [cout] [info]   /forceset/arm_flex_l_actuator. bounds: [-1, 1]
[2023-12-05 21:30:39.791] [cout] [info]   /forceset/hip_rotation_l_actuator. bounds: [-1, 1]
[2023-12-05 21:30:39.791] [cout] [info]   /forceset/knee_angle_l_actuator. bounds: [-1, 1]
[2023-12-05 21:30:39.791] [cout] [info]   /forceset/ankle_angle_l_actuator. bounds: [-1, 1]
[2023-12-05 21:30:39.791] [cout] [info]   /forceset/lumbar_extension_actuator. bounds: [-1, 1]
[2023-12-05 21:30:39.791] [cout] [info]   /forceset/lumbar_bending_actuator. bounds: [-1, 1]
[2023-12-05 21:30:39.791] [cout] [info]   /forceset/arm_add_r_actuator. bounds: [-1, 1]
[2023-12-05 21:30:39.791] [cout] [info]   /forceset/arm_rot_r_actuator. bounds: [-1, 1]
[2023-12-05 21:30:39.791] [cout] [info]   /forceset/pro_sup_r_actuator. bounds: [-1, 1]
[2023-12-05 21:30:39.792] [cout] [info]   /forceset/arm_add_l_actuator. bounds: [-1, 1]
[2023-12-05 21:30:39.792] [cout] [info]   /forceset/arm_rot_l_actuator. bounds: [-1, 1]
[2023-12-05 21:30:39.792] [cout] [info]   /forceset/pro_sup_l_actuator. bounds: [-1, 1]
[2023-12-05 21:30:39.792] [cout] [info] Parameters: none
[2023-12-05 21:30:39.839] [info] ExternalForce::externalforce Data source being set to Run_500 02_newCOP3_v24.mot
[2023-12-05 21:30:39.839] [info] ExternalForce::externalforce_0 Data source being set to Run_500 02_newCOP3_v24.mot
[2023-12-05 21:30:39.886] [info] ExternalForce::externalforce Data source being set to Run_500 02_newCOP3_v24.mot
[2023-12-05 21:30:39.886] [info] ExternalForce::externalforce_0 Data source being set to Run_500 02_newCOP3_v24.mot
[2023-12-05 21:30:39.944] [info] ExternalForce::externalforce Data source being set to Run_500 02_newCOP3_v24.mot
[2023-12-05 21:30:39.944] [info] ExternalForce::externalforce_0 Data source being set to Run_500 02_newCOP3_v24.mot
[2023-12-05 21:30:39.994] [info] ExternalForce::externalforce Data source being set to Run_500 02_newCOP3_v24.mot
[2023-12-05 21:30:39.994] [info] ExternalForce::externalforce_0 Data source being set to Run_500 02_newCOP3_v24.mot
[2023-12-05 21:30:40.053] [info] ExternalForce::externalforce Data source being set to Run_500 02_newCOP3_v24.mot
[2023-12-05 21:30:40.053] [info] ExternalForce::externalforce_0 Data source being set to Run_500 02_newCOP3_v24.mot
[2023-12-05 21:30:40.102] [info] ExternalForce::externalforce Data source being set to Run_500 02_newCOP3_v24.mot
[2023-12-05 21:30:40.102] [info] ExternalForce::externalforce_0 Data source being set to Run_500 02_newCOP3_v24.mot
[2023-12-05 21:30:40.162] [info] ExternalForce::externalforce Data source being set to Run_500 02_newCOP3_v24.mot
[2023-12-05 21:30:40.162] [info] ExternalForce::externalforce_0 Data source being set to Run_500 02_newCOP3_v24.mot
[2023-12-05 21:30:40.211] [info] ExternalForce::externalforce Data source being set to Run_500 02_newCOP3_v24.mot
[2023-12-05 21:30:40.211] [info] ExternalForce::externalforce_0 Data source being set to Run_500 02_newCOP3_v24.mot
[2023-12-05 21:30:40.271] [info] ExternalForce::externalforce Data source being set to Run_500 02_newCOP3_v24.mot
[2023-12-05 21:30:40.271] [info] ExternalForce::externalforce_0 Data source being set to Run_500 02_newCOP3_v24.mot
[2023-12-05 21:30:40.321] [info] ExternalForce::externalforce Data source being set to Run_500 02_newCOP3_v24.mot
[2023-12-05 21:30:40.321] [info] ExternalForce::externalforce_0 Data source being set to Run_500 02_newCOP3_v24.mot
[2023-12-05 21:30:40.379] [info] ExternalForce::externalforce Data source being set to Run_500 02_newCOP3_v24.mot
[2023-12-05 21:30:40.379] [info] ExternalForce::externalforce_0 Data source being set to Run_500 02_newCOP3_v24.mot
[2023-12-05 21:30:40.428] [info] ExternalForce::externalforce Data source being set to Run_500 02_newCOP3_v24.mot
[2023-12-05 21:30:40.428] [info] ExternalForce::externalforce_0 Data source being set to Run_500 02_newCOP3_v24.mot
[2023-12-05 21:30:40.486] [info] ExternalForce::externalforce Data source being set to Run_500 02_newCOP3_v24.mot
[2023-12-05 21:30:40.486] [info] ExternalForce::externalforce_0 Data source being set to Run_500 02_newCOP3_v24.mot
[2023-12-05 21:30:40.534] [info] ExternalForce::externalforce Data source being set to Run_500 02_newCOP3_v24.mot
[2023-12-05 21:30:40.534] [info] ExternalForce::externalforce_0 Data source being set to Run_500 02_newCOP3_v24.mot
[2023-12-05 21:30:40.590] [info] ExternalForce::externalforce Data source being set to Run_500 02_newCOP3_v24.mot
[2023-12-05 21:30:40.590] [info] ExternalForce::externalforce_0 Data source being set to Run_500 02_newCOP3_v24.mot
[2023-12-05 21:30:40.638] [info] ExternalForce::externalforce Data source being set to Run_500 02_newCOP3_v24.mot
[2023-12-05 21:30:40.638] [info] ExternalForce::externalforce_0 Data source being set to Run_500 02_newCOP3_v24.mot
[2023-12-05 21:30:40.653] [info] Number of threads: 8
[2023-12-05 21:49:41.171] [info] Set log level to Info.
[2023-12-05 21:49:41.192] [info] ------------------------------------------------------------------------
[2023-12-05 21:49:41.192] [info] Elapsed real time: 1141 second(s) (19 minute(s), 1 second(s)).
[2023-12-05 21:49:41.192] [info] Tue Dec  5 21:49:41 2023
[2023-12-05 21:49:41.192] [info] MocoCasADiSolver succeeded!
[2023-12-05 21:49:41.192] [info] ========================================================================
