[2023-03-10 23:27:40.860] [info] ExternalForce::externalforce Data source being set to Run_500 03_newCOP3_v24.mot
[2023-03-10 23:27:40.861] [info] ExternalForce::externalforce_0 Data source being set to Run_500 03_newCOP3_v24.mot
[2023-03-10 23:27:41.162] [info] ExternalForce::externalforce Data source being set to Run_500 03_newCOP3_v24.mot
[2023-03-10 23:27:41.162] [info] ExternalForce::externalforce_0 Data source being set to Run_500 03_newCOP3_v24.mot
[2023-03-10 23:27:41.358] [info] ExternalForce::externalforce Data source being set to Run_500 03_newCOP3_v24.mot
[2023-03-10 23:27:41.358] [info] ExternalForce::externalforce_0 Data source being set to Run_500 03_newCOP3_v24.mot
[2023-03-10 23:27:41.472] [info] ExternalForce::externalforce Data source being set to Run_500 03_newCOP3_v24.mot
[2023-03-10 23:27:41.472] [info] ExternalForce::externalforce_0 Data source being set to Run_500 03_newCOP3_v24.mot
[2023-03-10 23:27:41.595] [info] ExternalForce::externalforce Data source being set to Run_500 03_newCOP3_v24.mot
[2023-03-10 23:27:41.595] [info] ExternalForce::externalforce_0 Data source being set to Run_500 03_newCOP3_v24.mot
[2023-03-10 23:27:41.736] [info] ExternalForce::externalforce Data source being set to Run_500 03_newCOP3_v24.mot
[2023-03-10 23:27:41.736] [info] ExternalForce::externalforce_0 Data source being set to Run_500 03_newCOP3_v24.mot
[2023-03-10 23:27:41.901] [info] ExternalForce::externalforce Data source being set to Run_500 03_newCOP3_v24.mot
[2023-03-10 23:27:41.901] [info] ExternalForce::externalforce_0 Data source being set to Run_500 03_newCOP3_v24.mot
[2023-03-10 23:27:42.021] [info] ExternalForce::externalforce Data source being set to Run_500 03_newCOP3_v24.mot
[2023-03-10 23:27:42.021] [info] ExternalForce::externalforce_0 Data source being set to Run_500 03_newCOP3_v24.mot
[2023-03-10 23:27:42.171] [info] ExternalForce::externalforce Data source being set to Run_500 03_newCOP3_v24.mot
[2023-03-10 23:27:42.171] [info] ExternalForce::externalforce_0 Data source being set to Run_500 03_newCOP3_v24.mot
[2023-03-10 23:27:42.340] [info] ExternalForce::externalforce Data source being set to Run_500 03_newCOP3_v24.mot
[2023-03-10 23:27:42.340] [info] ExternalForce::externalforce_0 Data source being set to Run_500 03_newCOP3_v24.mot
[2023-03-10 23:27:42.510] [info] ExternalForce::externalforce Data source being set to Run_500 03_newCOP3_v24.mot
[2023-03-10 23:27:42.510] [info] ExternalForce::externalforce_0 Data source being set to Run_500 03_newCOP3_v24.mot
[2023-03-10 23:27:42.647] [info] ExternalForce::externalforce Data source being set to Run_500 03_newCOP3_v24.mot
[2023-03-10 23:27:42.647] [info] ExternalForce::externalforce_0 Data source being set to Run_500 03_newCOP3_v24.mot
[2023-03-10 23:27:42.801] [info] ExternalForce::externalforce Data source being set to Run_500 03_newCOP3_v24.mot
[2023-03-10 23:27:42.801] [info] ExternalForce::externalforce_0 Data source being set to Run_500 03_newCOP3_v24.mot
[2023-03-10 23:27:42.934] [info] ExternalForce::externalforce Data source being set to Run_500 03_newCOP3_v24.mot
[2023-03-10 23:27:42.934] [info] ExternalForce::externalforce_0 Data source being set to Run_500 03_newCOP3_v24.mot
[2023-03-10 23:27:43.104] [info] ExternalForce::externalforce Data source being set to Run_500 03_newCOP3_v24.mot
[2023-03-10 23:27:43.104] [info] ExternalForce::externalforce_0 Data source being set to Run_500 03_newCOP3_v24.mot
[2023-03-10 23:27:43.228] [info] ExternalForce::externalforce Data source being set to Run_500 03_newCOP3_v24.mot
[2023-03-10 23:27:43.228] [info] ExternalForce::externalforce_0 Data source being set to Run_500 03_newCOP3_v24.mot
[2023-03-10 23:27:43.352] [info] ExternalForce::externalforce Data source being set to Run_500 03_newCOP3_v24.mot
[2023-03-10 23:27:43.352] [info] ExternalForce::externalforce_0 Data source being set to Run_500 03_newCOP3_v24.mot
[2023-03-10 23:27:43.541] [info] ExternalForce::externalforce Data source being set to Run_500 03_newCOP3_v24.mot
[2023-03-10 23:27:43.541] [info] ExternalForce::externalforce_0 Data source being set to Run_500 03_newCOP3_v24.mot
[2023-03-10 23:27:43.710] [info] ExternalForce::externalforce Data source being set to Run_500 03_newCOP3_v24.mot
[2023-03-10 23:27:43.710] [info] ExternalForce::externalforce_0 Data source being set to Run_500 03_newCOP3_v24.mot
[2023-03-10 23:27:43.880] [info] ExternalForce::externalforce Data source being set to Run_500 03_newCOP3_v24.mot
[2023-03-10 23:27:43.880] [info] ExternalForce::externalforce_0 Data source being set to Run_500 03_newCOP3_v24.mot
[2023-03-10 23:27:44.042] [info] ExternalForce::externalforce Data source being set to Run_500 03_newCOP3_v24.mot
[2023-03-10 23:27:44.043] [info] ExternalForce::externalforce_0 Data source being set to Run_500 03_newCOP3_v24.mot
[2023-03-10 23:27:44.195] [info] ExternalForce::externalforce Data source being set to Run_500 03_newCOP3_v24.mot
[2023-03-10 23:27:44.195] [info] ExternalForce::externalforce_0 Data source being set to Run_500 03_newCOP3_v24.mot
[2023-03-10 23:27:44.787] [info] ExternalForce::externalforce Data source being set to Run_500 03_newCOP3_v24.mot
[2023-03-10 23:27:44.787] [info] ExternalForce::externalforce_0 Data source being set to Run_500 03_newCOP3_v24.mot
[2023-03-10 23:27:44.932] [info] ExternalForce::externalforce Data source being set to Run_500 03_newCOP3_v24.mot
[2023-03-10 23:27:44.932] [info] ExternalForce::externalforce_0 Data source being set to Run_500 03_newCOP3_v24.mot
[2023-03-10 23:27:45.090] [info] ExternalForce::externalforce Data source being set to Run_500 03_newCOP3_v24.mot
[2023-03-10 23:27:45.090] [info] ExternalForce::externalforce_0 Data source being set to Run_500 03_newCOP3_v24.mot
[2023-03-10 23:27:45.217] [info] ExternalForce::externalforce Data source being set to Run_500 03_newCOP3_v24.mot
[2023-03-10 23:27:45.218] [info] ExternalForce::externalforce_0 Data source being set to Run_500 03_newCOP3_v24.mot
[2023-03-10 23:27:45.428] [info] ExternalForce::externalforce Data source being set to Run_500 03_newCOP3_v24.mot
[2023-03-10 23:27:45.428] [info] ExternalForce::externalforce_0 Data source being set to Run_500 03_newCOP3_v24.mot
[2023-03-10 23:27:45.591] [info] ExternalForce::externalforce Data source being set to Run_500 03_newCOP3_v24.mot
[2023-03-10 23:27:45.591] [info] ExternalForce::externalforce_0 Data source being set to Run_500 03_newCOP3_v24.mot
[2023-03-10 23:27:45.728] [info] ExternalForce::externalforce Data source being set to Run_500 03_newCOP3_v24.mot
[2023-03-10 23:27:45.728] [info] ExternalForce::externalforce_0 Data source being set to Run_500 03_newCOP3_v24.mot
[2023-03-10 23:27:45.888] [info] ExternalForce::externalforce Data source being set to Run_500 03_newCOP3_v24.mot
[2023-03-10 23:27:45.888] [info] ExternalForce::externalforce_0 Data source being set to Run_500 03_newCOP3_v24.mot
[2023-03-10 23:27:45.922] [info] ========================================================================
[2023-03-10 23:27:45.922] [info] MocoCasADiSolver starting.
[2023-03-10 23:27:45.922] [info] Fri Mar 10 23:27:45 2023
[2023-03-10 23:27:45.922] [info] ------------------------------------------------------------------------
[2023-03-10 23:27:45.923] [cout] [info] Costs: (total: 2)
[2023-03-10 23:27:45.923] [cout] [info]   state_tracking. MocoStateTrackingGoal, enabled: true, mode: cost, weight: 1.0
[2023-03-10 23:27:45.923] [cout] [info]         state: /jointset/ground_pelvis/pelvis_tilt/value, weight: 750.0
[2023-03-10 23:27:45.923] [cout] [info]         state: /jointset/ground_pelvis/pelvis_list/value, weight: 250.0
[2023-03-10 23:27:45.923] [cout] [info]         state: /jointset/ground_pelvis/pelvis_rotation/value, weight: 50.0
[2023-03-10 23:27:45.923] [cout] [info]         state: /jointset/ground_pelvis/pelvis_tx/value, weight: 25.0
[2023-03-10 23:27:45.923] [cout] [info]         state: /jointset/ground_pelvis/pelvis_ty/value, weight: 100.0
[2023-03-10 23:27:45.923] [cout] [info]         state: /jointset/ground_pelvis/pelvis_tz/value, weight: 25.0
[2023-03-10 23:27:45.923] [cout] [info]         state: /jointset/hip_r/hip_flexion_r/value, weight: 75.0
[2023-03-10 23:27:45.923] [cout] [info]         state: /jointset/hip_r/hip_adduction_r/value, weight: 50.0
[2023-03-10 23:27:45.923] [cout] [info]         state: /jointset/hip_r/hip_rotation_r/value, weight: 10.0
[2023-03-10 23:27:45.923] [cout] [info]         state: /jointset/knee_r/knee_angle_r/value, weight: 10.0
[2023-03-10 23:27:45.923] [cout] [info]         state: /jointset/ankle_r/ankle_angle_r/value, weight: 10.0
[2023-03-10 23:27:45.923] [cout] [info]         state: /jointset/hip_l/hip_flexion_l/value, weight: 75.0
[2023-03-10 23:27:45.923] [cout] [info]         state: /jointset/hip_l/hip_adduction_l/value, weight: 50.0
[2023-03-10 23:27:45.923] [cout] [info]         state: /jointset/hip_l/hip_rotation_l/value, weight: 10.0
[2023-03-10 23:27:45.923] [cout] [info]         state: /jointset/knee_l/knee_angle_l/value, weight: 10.0
[2023-03-10 23:27:45.923] [cout] [info]         state: /jointset/ankle_l/ankle_angle_l/value, weight: 10.0
[2023-03-10 23:27:45.923] [cout] [info]         state: /jointset/back/lumbar_extension/value, weight: 75.0
[2023-03-10 23:27:45.923] [cout] [info]         state: /jointset/back/lumbar_bending/value, weight: 50.0
[2023-03-10 23:27:45.923] [cout] [info]         state: /jointset/back/lumbar_rotation/value, weight: 25.0
[2023-03-10 23:27:45.923] [cout] [info]         state: /jointset/acromial_r/arm_flex_r/value, weight: 1.0
[2023-03-10 23:27:45.923] [cout] [info]         state: /jointset/acromial_r/arm_add_r/value, weight: 1.0
[2023-03-10 23:27:45.924] [cout] [info]         state: /jointset/acromial_r/arm_rot_r/value, weight: 1.0
[2023-03-10 23:27:45.924] [cout] [info]         state: /jointset/elbow_r/elbow_flex_r/value, weight: 1.0
[2023-03-10 23:27:45.924] [cout] [info]         state: /jointset/radioulnar_r/pro_sup_r/value, weight: 1.0
[2023-03-10 23:27:45.924] [cout] [info]         state: /jointset/acromial_l/arm_flex_l/value, weight: 1.0
[2023-03-10 23:27:45.924] [cout] [info]         state: /jointset/acromial_l/arm_add_l/value, weight: 1.0
[2023-03-10 23:27:45.924] [cout] [info]         state: /jointset/acromial_l/arm_rot_l/value, weight: 1.0
[2023-03-10 23:27:45.924] [cout] [info]         state: /jointset/elbow_l/elbow_flex_l/value, weight: 1.0
[2023-03-10 23:27:45.924] [cout] [info]         state: /jointset/radioulnar_l/pro_sup_l/value, weight: 1.0
[2023-03-10 23:27:45.924] [cout] [info]         state: /jointset/subtalar_r/subtalar_angle_r/value, weight: 0.0
[2023-03-10 23:27:45.924] [cout] [info]         state: /jointset/mtp_r/mtp_angle_r/value, weight: 0.0
[2023-03-10 23:27:45.924] [cout] [info]         state: /jointset/subtalar_l/subtalar_angle_l/value, weight: 0.0
[2023-03-10 23:27:45.924] [cout] [info]         state: /jointset/mtp_l/mtp_angle_l/value, weight: 0.0
[2023-03-10 23:27:45.924] [cout] [info]         state: /jointset/radius_hand_r/wrist_flex_r/value, weight: 0.0
[2023-03-10 23:27:45.924] [cout] [info]         state: /jointset/radius_hand_r/wrist_dev_r/value, weight: 0.0
[2023-03-10 23:27:45.924] [cout] [info]         state: /jointset/radius_hand_l/wrist_flex_l/value, weight: 0.0
[2023-03-10 23:27:45.924] [cout] [info]         state: /jointset/radius_hand_l/wrist_dev_l/value, weight: 0.0
[2023-03-10 23:27:45.924] [cout] [info]   control_effort. MocoControlGoal, enabled: true, mode: cost, weight: 0.00100000
[2023-03-10 23:27:45.924] [cout] [info]         control: /forceset/pelvis_tx_actuator, weight: 1.0
[2023-03-10 23:27:45.924] [cout] [info]         control: /forceset/pelvis_ty_actuator, weight: 1.0
[2023-03-10 23:27:45.924] [cout] [info]         control: /forceset/pelvis_tz_actuator, weight: 1.0
[2023-03-10 23:27:45.924] [cout] [info]         control: /forceset/pelvis_tilt_actuator, weight: 1.0
[2023-03-10 23:27:45.924] [cout] [info]         control: /forceset/pelvis_list_actuator, weight: 1.0
[2023-03-10 23:27:45.924] [cout] [info]         control: /forceset/pelvis_rotation_actuator, weight: 1.0
[2023-03-10 23:27:45.924] [cout] [info]         control: /forceset/hip_flexion_r_actuator, weight: 1.0
[2023-03-10 23:27:45.924] [cout] [info]         control: /forceset/hip_adduction_r_actuator, weight: 1.0
[2023-03-10 23:27:45.925] [cout] [info]         control: /forceset/hip_rotation_r_actuator, weight: 1.0
[2023-03-10 23:27:45.925] [cout] [info]         control: /forceset/knee_angle_r_actuator, weight: 1.0
[2023-03-10 23:27:45.925] [cout] [info]         control: /forceset/ankle_angle_r_actuator, weight: 1.0
[2023-03-10 23:27:45.925] [cout] [info]         control: /forceset/hip_flexion_l_actuator, weight: 1.0
[2023-03-10 23:27:45.925] [cout] [info]         control: /forceset/hip_adduction_l_actuator, weight: 1.0
[2023-03-10 23:27:45.925] [cout] [info]         control: /forceset/hip_rotation_l_actuator, weight: 1.0
[2023-03-10 23:27:45.925] [cout] [info]         control: /forceset/knee_angle_l_actuator, weight: 1.0
[2023-03-10 23:27:45.925] [cout] [info]         control: /forceset/ankle_angle_l_actuator, weight: 1.0
[2023-03-10 23:27:45.925] [cout] [info]         control: /forceset/lumbar_extension_actuator, weight: 1.0
[2023-03-10 23:27:45.925] [cout] [info]         control: /forceset/lumbar_bending_actuator, weight: 1.0
[2023-03-10 23:27:45.925] [cout] [info]         control: /forceset/lumbar_rotation_actuator, weight: 1.0
[2023-03-10 23:27:45.925] [cout] [info]         control: /forceset/arm_flex_r_actuator, weight: 1.0
[2023-03-10 23:27:45.925] [cout] [info]         control: /forceset/arm_add_r_actuator, weight: 1.0
[2023-03-10 23:27:45.925] [cout] [info]         control: /forceset/arm_rot_r_actuator, weight: 1.0
[2023-03-10 23:27:45.925] [cout] [info]         control: /forceset/elbow_flex_r_actuator, weight: 1.0
[2023-03-10 23:27:45.925] [cout] [info]         control: /forceset/pro_sup_r_actuator, weight: 1.0
[2023-03-10 23:27:45.925] [cout] [info]         control: /forceset/arm_flex_l_actuator, weight: 1.0
[2023-03-10 23:27:45.925] [cout] [info]         control: /forceset/arm_add_l_actuator, weight: 1.0
[2023-03-10 23:27:45.925] [cout] [info]         control: /forceset/arm_rot_l_actuator, weight: 1.0
[2023-03-10 23:27:45.925] [cout] [info]         control: /forceset/elbow_flex_l_actuator, weight: 1.0
[2023-03-10 23:27:45.925] [cout] [info]         control: /forceset/pro_sup_l_actuator, weight: 1.0
[2023-03-10 23:27:45.925] [cout] [info] Endpoint constraints: none
[2023-03-10 23:27:45.925] [cout] [info] Kinematic constraints: (total: 8)
[2023-03-10 23:27:45.926] [cout] [info]   kinematic_constraint_cid27. MocoConstraintInfo. number of scalar equations: 3. bounds: 0, 0, 0
[2023-03-10 23:27:45.926] [cout] [info]   kinematic_constraint_cid28. MocoConstraintInfo. number of scalar equations: 3. bounds: 0, 0, 0
[2023-03-10 23:27:45.926] [cout] [info]   kinematic_constraint_cid31. MocoConstraintInfo. number of scalar equations: 3. bounds: 0, 0, 0
[2023-03-10 23:27:45.926] [cout] [info]   kinematic_constraint_cid32. MocoConstraintInfo. number of scalar equations: 3. bounds: 0, 0, 0
[2023-03-10 23:27:45.926] [cout] [info]   kinematic_constraint_cid33. MocoConstraintInfo. number of scalar equations: 3. bounds: 0, 0, 0
[2023-03-10 23:27:45.926] [cout] [info]   kinematic_constraint_cid34. MocoConstraintInfo. number of scalar equations: 3. bounds: 0, 0, 0
[2023-03-10 23:27:45.926] [cout] [info]   kinematic_constraint_cid35. MocoConstraintInfo. number of scalar equations: 3. bounds: 0, 0, 0
[2023-03-10 23:27:45.926] [cout] [info]   kinematic_constraint_cid36. MocoConstraintInfo. number of scalar equations: 3. bounds: 0, 0, 0
[2023-03-10 23:27:45.926] [cout] [info] Path constraints: none
[2023-03-10 23:27:45.926] [cout] [info] States: (total: 74)
[2023-03-10 23:27:45.926] [cout] [info]   /jointset/ground_pelvis/pelvis_tilt/value. bounds: [-0.416914, 0.133867]
[2023-03-10 23:27:45.926] [cout] [info]   /jointset/ground_pelvis/pelvis_list/value. bounds: [-0.334445, 0.296919]
[2023-03-10 23:27:45.926] [cout] [info]   /jointset/radioulnar_r/pro_sup_r/value. bounds: [1.06116, 1.75232]
[2023-03-10 23:27:45.926] [cout] [info]   /jointset/ground_pelvis/pelvis_rotation/value. bounds: [-0.321815, 0.372531]
[2023-03-10 23:27:45.926] [cout] [info]   /jointset/ground_pelvis/pelvis_tx/value. bounds: [0.494414, 0.986053]
[2023-03-10 23:27:45.926] [cout] [info]   /jointset/elbow_r/elbow_flex_r/value. bounds: [0.548926, 2.00177]
[2023-03-10 23:27:45.926] [cout] [info]   /jointset/ground_pelvis/pelvis_ty/value. bounds: [0.847318, 1.15164]
[2023-03-10 23:27:45.926] [cout] [info]   /jointset/radius_hand_l/wrist_flex_l/speed. bounds: [-50, 50]
[2023-03-10 23:27:45.926] [cout] [info]   /jointset/ground_pelvis/pelvis_tz/value. bounds: [-0.553719, -0.115897]
[2023-03-10 23:27:45.927] [cout] [info]   /jointset/hip_r/hip_adduction_r/speed. bounds: [-50, 50]
[2023-03-10 23:27:45.927] [cout] [info]   /jointset/ankle_r/ankle_angle_r/value. bounds: [-0.688589, 0.536836]
[2023-03-10 23:27:45.927] [cout] [info]   /jointset/hip_r/hip_flexion_r/value. bounds: [-0.492109, 1.13308]
[2023-03-10 23:27:45.927] [cout] [info]   /jointset/hip_r/hip_adduction_r/value. bounds: [-0.291356, 0.313037]
[2023-03-10 23:27:45.927] [cout] [info]   /jointset/back/lumbar_rotation/speed. bounds: [-50, 50]
[2023-03-10 23:27:45.927] [cout] [info]   /jointset/hip_r/hip_rotation_r/value. bounds: [-0.427896, 0.0961271]
[2023-03-10 23:27:45.927] [cout] [info]   /jointset/mtp_l/mtp_angle_l/speed. bounds: [-50, 50]
[2023-03-10 23:27:45.927] [cout] [info]   /jointset/knee_r/knee_angle_r/value. bounds: [-2.62799, 0.132289]
[2023-03-10 23:27:45.927] [cout] [info]   /jointset/subtalar_r/subtalar_angle_r/value. bounds: [-1.5708, 1.5708]
[2023-03-10 23:27:45.927] [cout] [info]   /jointset/hip_l/hip_flexion_l/value. bounds: [-0.549238, 1.27357]
[2023-03-10 23:27:45.927] [cout] [info]   /jointset/hip_l/hip_adduction_l/value. bounds: [-0.295704, 0.274928]
[2023-03-10 23:27:45.927] [cout] [info]   /jointset/hip_l/hip_rotation_l/value. bounds: [-0.376407, 0.089089]
[2023-03-10 23:27:45.927] [cout] [info]   /jointset/knee_l/knee_angle_l/value. bounds: [-2.65958, 0.104535]
[2023-03-10 23:27:45.927] [cout] [info]   /jointset/knee_r/knee_angle_r/speed. bounds: [-50, 50]
[2023-03-10 23:27:45.927] [cout] [info]   /jointset/ankle_l/ankle_angle_l/value. bounds: [-0.720496, 0.556394]
[2023-03-10 23:27:45.927] [cout] [info]   /jointset/back/lumbar_extension/value. bounds: [-0.370685, 0.31739]
[2023-03-10 23:27:45.928] [cout] [info]   /jointset/back/lumbar_bending/value. bounds: [-0.236312, 0.372137]
[2023-03-10 23:27:45.928] [cout] [info]   /jointset/back/lumbar_rotation/value. bounds: [-0.540243, 0.383726]
[2023-03-10 23:27:45.928] [cout] [info]   /jointset/acromial_r/arm_flex_r/value. bounds: [-0.69006, 0.117754]
[2023-03-10 23:27:45.928] [cout] [info]   /jointset/acromial_r/arm_add_r/value. bounds: [-0.655552, -0.207732]
[2023-03-10 23:27:45.928] [cout] [info]   /jointset/acromial_r/arm_rot_r/value. bounds: [-0.329232, 0.384358]
[2023-03-10 23:27:45.928] [cout] [info]   /jointset/acromial_l/arm_flex_l/value. bounds: [-0.95479, 0.248098]
[2023-03-10 23:27:45.928] [cout] [info]   /jointset/acromial_l/arm_add_l/value. bounds: [-0.964082, -0.440679]
[2023-03-10 23:27:45.928] [cout] [info]   /jointset/acromial_l/arm_rot_l/value. bounds: [0.0156415, 0.823437]
[2023-03-10 23:27:45.928] [cout] [info]   /jointset/elbow_l/elbow_flex_l/value. bounds: [0.869467, 2.44194]
[2023-03-10 23:27:45.928] [cout] [info]   /jointset/radioulnar_l/pro_sup_l/value. bounds: [1.08095, 1.74651]
[2023-03-10 23:27:45.928] [cout] [info]   /jointset/ground_pelvis/pelvis_tilt/speed. bounds: [-50, 50]
[2023-03-10 23:27:45.928] [cout] [info]   /jointset/ground_pelvis/pelvis_list/speed. bounds: [-50, 50]
[2023-03-10 23:27:45.928] [cout] [info]   /jointset/radioulnar_r/pro_sup_r/speed. bounds: [-50, 50]
[2023-03-10 23:27:45.929] [cout] [info]   /jointset/ground_pelvis/pelvis_rotation/speed. bounds: [-50, 50]
[2023-03-10 23:27:45.929] [cout] [info]   /jointset/ground_pelvis/pelvis_tx/speed. bounds: [-50, 50]
[2023-03-10 23:27:45.929] [cout] [info]   /jointset/elbow_r/elbow_flex_r/speed. bounds: [-50, 50]
[2023-03-10 23:27:45.929] [cout] [info]   /jointset/ground_pelvis/pelvis_ty/speed. bounds: [-50, 50]
[2023-03-10 23:27:45.929] [cout] [info]   /jointset/ground_pelvis/pelvis_tz/speed. bounds: [-50, 50]
[2023-03-10 23:27:45.929] [cout] [info]   /jointset/ankle_r/ankle_angle_r/speed. bounds: [-50, 50]
[2023-03-10 23:27:45.929] [cout] [info]   /jointset/hip_r/hip_flexion_r/speed. bounds: [-50, 50]
[2023-03-10 23:27:45.929] [cout] [info]   /jointset/hip_r/hip_rotation_r/speed. bounds: [-50, 50]
[2023-03-10 23:27:45.930] [cout] [info]   /jointset/hip_l/hip_flexion_l/speed. bounds: [-50, 50]
[2023-03-10 23:27:45.930] [cout] [info]   /jointset/subtalar_r/subtalar_angle_r/speed. bounds: [-50, 50]
[2023-03-10 23:27:45.930] [cout] [info]   /jointset/mtp_r/mtp_angle_r/value. bounds: [-1.5708, 1.5708]
[2023-03-10 23:27:45.930] [cout] [info]   /jointset/mtp_r/mtp_angle_r/speed. bounds: [-50, 50]
[2023-03-10 23:27:45.930] [cout] [info]   /jointset/hip_l/hip_adduction_l/speed. bounds: [-50, 50]
[2023-03-10 23:27:45.930] [cout] [info]   /jointset/hip_l/hip_rotation_l/speed. bounds: [-50, 50]
[2023-03-10 23:27:45.930] [cout] [info]   /jointset/knee_l/knee_angle_l/speed. bounds: [-50, 50]
[2023-03-10 23:27:45.930] [cout] [info]   /jointset/ankle_l/ankle_angle_l/speed. bounds: [-50, 50]
[2023-03-10 23:27:45.930] [cout] [info]   /jointset/subtalar_l/subtalar_angle_l/value. bounds: [-1.5708, 1.5708]
[2023-03-10 23:27:45.931] [cout] [info]   /jointset/subtalar_l/subtalar_angle_l/speed. bounds: [-50, 50]
[2023-03-10 23:27:45.931] [cout] [info]   /jointset/mtp_l/mtp_angle_l/value. bounds: [-1.0472, 1.0472]
[2023-03-10 23:27:45.931] [cout] [info]   /jointset/back/lumbar_extension/speed. bounds: [-50, 50]
[2023-03-10 23:27:45.931] [cout] [info]   /jointset/back/lumbar_bending/speed. bounds: [-50, 50]
[2023-03-10 23:27:45.931] [cout] [info]   /jointset/acromial_r/arm_flex_r/speed. bounds: [-50, 50]
[2023-03-10 23:27:45.931] [cout] [info]   /jointset/acromial_r/arm_add_r/speed. bounds: [-50, 50]
[2023-03-10 23:27:45.931] [cout] [info]   /jointset/acromial_r/arm_rot_r/speed. bounds: [-50, 50]
[2023-03-10 23:27:45.931] [cout] [info]   /jointset/radius_hand_r/wrist_flex_r/value. bounds: [-1.22173, 1.22173]
[2023-03-10 23:27:45.931] [cout] [info]   /jointset/radius_hand_r/wrist_flex_r/speed. bounds: [-50, 50]
[2023-03-10 23:27:45.932] [cout] [info]   /jointset/radius_hand_r/wrist_dev_r/value. bounds: [-0.436332, 0.610865]
[2023-03-10 23:27:45.932] [cout] [info]   /jointset/radius_hand_r/wrist_dev_r/speed. bounds: [-50, 50]
[2023-03-10 23:27:45.932] [cout] [info]   /jointset/acromial_l/arm_flex_l/speed. bounds: [-50, 50]
[2023-03-10 23:27:45.932] [cout] [info]   /jointset/acromial_l/arm_add_l/speed. bounds: [-50, 50]
[2023-03-10 23:27:45.932] [cout] [info]   /jointset/acromial_l/arm_rot_l/speed. bounds: [-50, 50]
[2023-03-10 23:27:45.932] [cout] [info]   /jointset/elbow_l/elbow_flex_l/speed. bounds: [-50, 50]
[2023-03-10 23:27:45.932] [cout] [info]   /jointset/radioulnar_l/pro_sup_l/speed. bounds: [-50, 50]
[2023-03-10 23:27:45.932] [cout] [info]   /jointset/radius_hand_l/wrist_flex_l/value. bounds: [-1.22173, 1.22173]
[2023-03-10 23:27:45.932] [cout] [info]   /jointset/radius_hand_l/wrist_dev_l/value. bounds: [-0.436332, 0.610865]
[2023-03-10 23:27:45.933] [cout] [info]   /jointset/radius_hand_l/wrist_dev_l/speed. bounds: [-50, 50]
[2023-03-10 23:27:45.933] [cout] [info] Controls: (total: 29)
[2023-03-10 23:27:45.933] [cout] [info]   /forceset/pelvis_tx_actuator. bounds: [-10000, 10000]
[2023-03-10 23:27:45.933] [cout] [info]   /forceset/pelvis_ty_actuator. bounds: [-10000, 10000]
[2023-03-10 23:27:45.933] [cout] [info]   /forceset/pelvis_tz_actuator. bounds: [-10000, 10000]
[2023-03-10 23:27:45.933] [cout] [info]   /forceset/arm_flex_r_actuator. bounds: [-1, 1]
[2023-03-10 23:27:45.933] [cout] [info]   /forceset/hip_rotation_r_actuator. bounds: [-1, 1]
[2023-03-10 23:27:45.933] [cout] [info]   /forceset/pelvis_tilt_actuator. bounds: [-10000, 10000]
[2023-03-10 23:27:45.933] [cout] [info]   /forceset/pelvis_list_actuator. bounds: [-10000, 10000]
[2023-03-10 23:27:45.934] [cout] [info]   /forceset/pelvis_rotation_actuator. bounds: [-10000, 10000]
[2023-03-10 23:27:45.934] [cout] [info]   /forceset/elbow_flex_l_actuator. bounds: [-1, 1]
[2023-03-10 23:27:45.934] [cout] [info]   /forceset/hip_adduction_l_actuator. bounds: [-1, 1]
[2023-03-10 23:27:45.934] [cout] [info]   /forceset/hip_flexion_r_actuator. bounds: [-1, 1]
[2023-03-10 23:27:45.934] [cout] [info]   /forceset/elbow_flex_r_actuator. bounds: [-1, 1]
[2023-03-10 23:27:45.934] [cout] [info]   /forceset/hip_flexion_l_actuator. bounds: [-1, 1]
[2023-03-10 23:27:45.934] [cout] [info]   /forceset/hip_adduction_r_actuator. bounds: [-1, 1]
[2023-03-10 23:27:45.934] [cout] [info]   /forceset/knee_angle_r_actuator. bounds: [-1, 1]
[2023-03-10 23:27:45.934] [cout] [info]   /forceset/lumbar_rotation_actuator. bounds: [-1, 1]
[2023-03-10 23:27:45.935] [cout] [info]   /forceset/ankle_angle_r_actuator. bounds: [-1, 1]
[2023-03-10 23:27:45.935] [cout] [info]   /forceset/arm_flex_l_actuator. bounds: [-1, 1]
[2023-03-10 23:27:45.935] [cout] [info]   /forceset/hip_rotation_l_actuator. bounds: [-1, 1]
[2023-03-10 23:27:45.935] [cout] [info]   /forceset/knee_angle_l_actuator. bounds: [-1, 1]
[2023-03-10 23:27:45.935] [cout] [info]   /forceset/ankle_angle_l_actuator. bounds: [-1, 1]
[2023-03-10 23:27:45.935] [cout] [info]   /forceset/lumbar_extension_actuator. bounds: [-1, 1]
[2023-03-10 23:27:45.935] [cout] [info]   /forceset/lumbar_bending_actuator. bounds: [-1, 1]
[2023-03-10 23:27:45.935] [cout] [info]   /forceset/arm_add_r_actuator. bounds: [-1, 1]
[2023-03-10 23:27:45.935] [cout] [info]   /forceset/arm_rot_r_actuator. bounds: [-1, 1]
[2023-03-10 23:27:45.935] [cout] [info]   /forceset/pro_sup_r_actuator. bounds: [-1, 1]
[2023-03-10 23:27:45.936] [cout] [info]   /forceset/arm_add_l_actuator. bounds: [-1, 1]
[2023-03-10 23:27:45.936] [cout] [info]   /forceset/arm_rot_l_actuator. bounds: [-1, 1]
[2023-03-10 23:27:45.936] [cout] [info]   /forceset/pro_sup_l_actuator. bounds: [-1, 1]
[2023-03-10 23:27:45.936] [cout] [info] Parameters: none
[2023-03-10 23:27:46.080] [info] ExternalForce::externalforce Data source being set to Run_500 03_newCOP3_v24.mot
[2023-03-10 23:27:46.080] [info] ExternalForce::externalforce_0 Data source being set to Run_500 03_newCOP3_v24.mot
[2023-03-10 23:27:46.237] [info] ExternalForce::externalforce Data source being set to Run_500 03_newCOP3_v24.mot
[2023-03-10 23:27:46.238] [info] ExternalForce::externalforce_0 Data source being set to Run_500 03_newCOP3_v24.mot
[2023-03-10 23:27:46.384] [info] ExternalForce::externalforce Data source being set to Run_500 03_newCOP3_v24.mot
[2023-03-10 23:27:46.384] [info] ExternalForce::externalforce_0 Data source being set to Run_500 03_newCOP3_v24.mot
[2023-03-10 23:27:46.546] [info] ExternalForce::externalforce Data source being set to Run_500 03_newCOP3_v24.mot
[2023-03-10 23:27:46.547] [info] ExternalForce::externalforce_0 Data source being set to Run_500 03_newCOP3_v24.mot
[2023-03-10 23:27:46.720] [info] ExternalForce::externalforce Data source being set to Run_500 03_newCOP3_v24.mot
[2023-03-10 23:27:46.721] [info] ExternalForce::externalforce_0 Data source being set to Run_500 03_newCOP3_v24.mot
[2023-03-10 23:27:46.884] [info] ExternalForce::externalforce Data source being set to Run_500 03_newCOP3_v24.mot
[2023-03-10 23:27:46.884] [info] ExternalForce::externalforce_0 Data source being set to Run_500 03_newCOP3_v24.mot
[2023-03-10 23:27:47.037] [info] ExternalForce::externalforce Data source being set to Run_500 03_newCOP3_v24.mot
[2023-03-10 23:27:47.037] [info] ExternalForce::externalforce_0 Data source being set to Run_500 03_newCOP3_v24.mot
[2023-03-10 23:27:47.184] [info] ExternalForce::externalforce Data source being set to Run_500 03_newCOP3_v24.mot
[2023-03-10 23:27:47.184] [info] ExternalForce::externalforce_0 Data source being set to Run_500 03_newCOP3_v24.mot
[2023-03-10 23:27:47.314] [info] ExternalForce::externalforce Data source being set to Run_500 03_newCOP3_v24.mot
[2023-03-10 23:27:47.314] [info] ExternalForce::externalforce_0 Data source being set to Run_500 03_newCOP3_v24.mot
[2023-03-10 23:27:47.443] [info] ExternalForce::externalforce Data source being set to Run_500 03_newCOP3_v24.mot
[2023-03-10 23:27:47.443] [info] ExternalForce::externalforce_0 Data source being set to Run_500 03_newCOP3_v24.mot
[2023-03-10 23:27:47.554] [info] ExternalForce::externalforce Data source being set to Run_500 03_newCOP3_v24.mot
[2023-03-10 23:27:47.554] [info] ExternalForce::externalforce_0 Data source being set to Run_500 03_newCOP3_v24.mot
[2023-03-10 23:27:47.708] [info] ExternalForce::externalforce Data source being set to Run_500 03_newCOP3_v24.mot
[2023-03-10 23:27:47.709] [info] ExternalForce::externalforce_0 Data source being set to Run_500 03_newCOP3_v24.mot
[2023-03-10 23:27:47.868] [info] ExternalForce::externalforce Data source being set to Run_500 03_newCOP3_v24.mot
[2023-03-10 23:27:47.869] [info] ExternalForce::externalforce_0 Data source being set to Run_500 03_newCOP3_v24.mot
[2023-03-10 23:27:48.005] [info] ExternalForce::externalforce Data source being set to Run_500 03_newCOP3_v24.mot
[2023-03-10 23:27:48.006] [info] ExternalForce::externalforce_0 Data source being set to Run_500 03_newCOP3_v24.mot
[2023-03-10 23:27:48.106] [info] ExternalForce::externalforce Data source being set to Run_500 03_newCOP3_v24.mot
[2023-03-10 23:27:48.107] [info] ExternalForce::externalforce_0 Data source being set to Run_500 03_newCOP3_v24.mot
[2023-03-10 23:27:48.234] [info] ExternalForce::externalforce Data source being set to Run_500 03_newCOP3_v24.mot
[2023-03-10 23:27:48.234] [info] ExternalForce::externalforce_0 Data source being set to Run_500 03_newCOP3_v24.mot
[2023-03-10 23:27:48.262] [info] Number of threads: 8
[2023-03-10 23:48:41.448] [info] Set log level to Info.
[2023-03-10 23:48:41.477] [info] ------------------------------------------------------------------------
[2023-03-10 23:48:41.477] [info] Elapsed real time: 1256 second(s) (20 minute(s), 56 second(s)).
[2023-03-10 23:48:41.477] [info] Fri Mar 10 23:48:41 2023
[2023-03-10 23:48:41.477] [info] MocoCasADiSolver succeeded!
[2023-03-10 23:48:41.477] [info] ========================================================================
[2023-03-10 23:48:41.897] [info] Loaded model subject08_scaled from file ..\..\model\subject08_adjusted_scaled.osim
[2023-03-10 23:48:41.957] [cout] [info] 
               MODEL: subject08_scaled
         coordinates: 37
              forces: 92
           actuators: 92
             muscles: 92
            analyses: 0
              probes: 0
              bodies: 20
              joints: 20
         constraints: 0
             markers: 55
         controllers: 0
  contact geometries: 0
misc modelcomponents: 0
[2023-03-10 23:48:41.957] [info] Running tool subject10_scaled...
[2023-03-10 23:48:42.012] [warning] ExternalLoads 'externalloads' has subcomponents with duplicate name 'externalforce'. The duplicate is being renamed to 'externalforce_0'.
[2023-03-10 23:48:42.209] [info] ExternalForce::externalforce Data source being set to Run_500 03_newCOP3_v24.mot
[2023-03-10 23:48:42.209] [info] ExternalForce::externalforce_0 Data source being set to Run_500 03_newCOP3_v24.mot
[2023-03-10 23:48:43.260] [info] InverseDynamicsTool: 125 time frames in 908 millisecond(s).
[2023-12-06 01:32:23.136] [info] ExternalForce::externalforce Data source being set to Run_500 03_newCOP3_v24.mot
[2023-12-06 01:32:23.146] [info] ExternalForce::externalforce_0 Data source being set to Run_500 03_newCOP3_v24.mot
[2023-12-06 01:32:23.455] [info] ExternalForce::externalforce Data source being set to Run_500 03_newCOP3_v24.mot
[2023-12-06 01:32:23.455] [info] ExternalForce::externalforce_0 Data source being set to Run_500 03_newCOP3_v24.mot
[2023-12-06 01:32:23.551] [info] ExternalForce::externalforce Data source being set to Run_500 03_newCOP3_v24.mot
[2023-12-06 01:32:23.551] [info] ExternalForce::externalforce_0 Data source being set to Run_500 03_newCOP3_v24.mot
[2023-12-06 01:32:23.615] [info] ExternalForce::externalforce Data source being set to Run_500 03_newCOP3_v24.mot
[2023-12-06 01:32:23.615] [info] ExternalForce::externalforce_0 Data source being set to Run_500 03_newCOP3_v24.mot
[2023-12-06 01:32:23.701] [info] ExternalForce::externalforce Data source being set to Run_500 03_newCOP3_v24.mot
[2023-12-06 01:32:23.701] [info] ExternalForce::externalforce_0 Data source being set to Run_500 03_newCOP3_v24.mot
[2023-12-06 01:32:23.776] [info] ExternalForce::externalforce Data source being set to Run_500 03_newCOP3_v24.mot
[2023-12-06 01:32:23.776] [info] ExternalForce::externalforce_0 Data source being set to Run_500 03_newCOP3_v24.mot
[2023-12-06 01:32:23.860] [info] ExternalForce::externalforce Data source being set to Run_500 03_newCOP3_v24.mot
[2023-12-06 01:32:23.860] [info] ExternalForce::externalforce_0 Data source being set to Run_500 03_newCOP3_v24.mot
[2023-12-06 01:32:23.926] [info] ExternalForce::externalforce Data source being set to Run_500 03_newCOP3_v24.mot
[2023-12-06 01:32:23.926] [info] ExternalForce::externalforce_0 Data source being set to Run_500 03_newCOP3_v24.mot
[2023-12-06 01:32:24.005] [info] ExternalForce::externalforce Data source being set to Run_500 03_newCOP3_v24.mot
[2023-12-06 01:32:24.005] [info] ExternalForce::externalforce_0 Data source being set to Run_500 03_newCOP3_v24.mot
[2023-12-06 01:32:24.078] [info] ExternalForce::externalforce Data source being set to Run_500 03_newCOP3_v24.mot
[2023-12-06 01:32:24.078] [info] ExternalForce::externalforce_0 Data source being set to Run_500 03_newCOP3_v24.mot
[2023-12-06 01:32:24.160] [info] ExternalForce::externalforce Data source being set to Run_500 03_newCOP3_v24.mot
[2023-12-06 01:32:24.160] [info] ExternalForce::externalforce_0 Data source being set to Run_500 03_newCOP3_v24.mot
[2023-12-06 01:32:24.230] [info] ExternalForce::externalforce Data source being set to Run_500 03_newCOP3_v24.mot
[2023-12-06 01:32:24.230] [info] ExternalForce::externalforce_0 Data source being set to Run_500 03_newCOP3_v24.mot
[2023-12-06 01:32:24.313] [info] ExternalForce::externalforce Data source being set to Run_500 03_newCOP3_v24.mot
[2023-12-06 01:32:24.313] [info] ExternalForce::externalforce_0 Data source being set to Run_500 03_newCOP3_v24.mot
[2023-12-06 01:32:24.385] [info] ExternalForce::externalforce Data source being set to Run_500 03_newCOP3_v24.mot
[2023-12-06 01:32:24.385] [info] ExternalForce::externalforce_0 Data source being set to Run_500 03_newCOP3_v24.mot
[2023-12-06 01:32:24.473] [info] ExternalForce::externalforce Data source being set to Run_500 03_newCOP3_v24.mot
[2023-12-06 01:32:24.473] [info] ExternalForce::externalforce_0 Data source being set to Run_500 03_newCOP3_v24.mot
[2023-12-06 01:32:24.545] [info] ExternalForce::externalforce Data source being set to Run_500 03_newCOP3_v24.mot
[2023-12-06 01:32:24.545] [info] ExternalForce::externalforce_0 Data source being set to Run_500 03_newCOP3_v24.mot
[2023-12-06 01:32:24.629] [info] ExternalForce::externalforce Data source being set to Run_500 03_newCOP3_v24.mot
[2023-12-06 01:32:24.629] [info] ExternalForce::externalforce_0 Data source being set to Run_500 03_newCOP3_v24.mot
[2023-12-06 01:32:24.700] [info] ExternalForce::externalforce Data source being set to Run_500 03_newCOP3_v24.mot
[2023-12-06 01:32:24.700] [info] ExternalForce::externalforce_0 Data source being set to Run_500 03_newCOP3_v24.mot
[2023-12-06 01:32:24.785] [info] ExternalForce::externalforce Data source being set to Run_500 03_newCOP3_v24.mot
[2023-12-06 01:32:24.785] [info] ExternalForce::externalforce_0 Data source being set to Run_500 03_newCOP3_v24.mot
[2023-12-06 01:32:24.853] [info] ExternalForce::externalforce Data source being set to Run_500 03_newCOP3_v24.mot
[2023-12-06 01:32:24.853] [info] ExternalForce::externalforce_0 Data source being set to Run_500 03_newCOP3_v24.mot
[2023-12-06 01:32:24.930] [info] ExternalForce::externalforce Data source being set to Run_500 03_newCOP3_v24.mot
[2023-12-06 01:32:24.930] [info] ExternalForce::externalforce_0 Data source being set to Run_500 03_newCOP3_v24.mot
[2023-12-06 01:32:24.995] [info] ExternalForce::externalforce Data source being set to Run_500 03_newCOP3_v24.mot
[2023-12-06 01:32:24.995] [info] ExternalForce::externalforce_0 Data source being set to Run_500 03_newCOP3_v24.mot
[2023-12-06 01:32:25.375] [info] ExternalForce::externalforce Data source being set to Run_500 03_newCOP3_v24.mot
[2023-12-06 01:32:25.375] [info] ExternalForce::externalforce_0 Data source being set to Run_500 03_newCOP3_v24.mot
[2023-12-06 01:32:25.435] [info] ExternalForce::externalforce Data source being set to Run_500 03_newCOP3_v24.mot
[2023-12-06 01:32:25.435] [info] ExternalForce::externalforce_0 Data source being set to Run_500 03_newCOP3_v24.mot
[2023-12-06 01:32:25.504] [info] ExternalForce::externalforce Data source being set to Run_500 03_newCOP3_v24.mot
[2023-12-06 01:32:25.504] [info] ExternalForce::externalforce_0 Data source being set to Run_500 03_newCOP3_v24.mot
[2023-12-06 01:32:25.563] [info] ExternalForce::externalforce Data source being set to Run_500 03_newCOP3_v24.mot
[2023-12-06 01:32:25.563] [info] ExternalForce::externalforce_0 Data source being set to Run_500 03_newCOP3_v24.mot
[2023-12-06 01:32:25.666] [info] ExternalForce::externalforce Data source being set to Run_500 03_newCOP3_v24.mot
[2023-12-06 01:32:25.666] [info] ExternalForce::externalforce_0 Data source being set to Run_500 03_newCOP3_v24.mot
[2023-12-06 01:32:25.727] [info] ExternalForce::externalforce Data source being set to Run_500 03_newCOP3_v24.mot
[2023-12-06 01:32:25.727] [info] ExternalForce::externalforce_0 Data source being set to Run_500 03_newCOP3_v24.mot
[2023-12-06 01:32:25.801] [info] ExternalForce::externalforce Data source being set to Run_500 03_newCOP3_v24.mot
[2023-12-06 01:32:25.801] [info] ExternalForce::externalforce_0 Data source being set to Run_500 03_newCOP3_v24.mot
[2023-12-06 01:32:25.857] [info] ExternalForce::externalforce Data source being set to Run_500 03_newCOP3_v24.mot
[2023-12-06 01:32:25.857] [info] ExternalForce::externalforce_0 Data source being set to Run_500 03_newCOP3_v24.mot
[2023-12-06 01:32:25.875] [info] ========================================================================
[2023-12-06 01:32:25.875] [info] MocoCasADiSolver starting.
[2023-12-06 01:32:25.875] [info] Wed Dec  6 01:32:25 2023
[2023-12-06 01:32:25.875] [info] ------------------------------------------------------------------------
[2023-12-06 01:32:25.875] [cout] [info] Costs: (total: 2)
[2023-12-06 01:32:25.875] [cout] [info]   state_tracking. MocoStateTrackingGoal, enabled: true, mode: cost, weight: 1.0
[2023-12-06 01:32:25.875] [cout] [info]         state: /jointset/ground_pelvis/pelvis_tilt/value, weight: 750.0
[2023-12-06 01:32:25.875] [cout] [info]         state: /jointset/ground_pelvis/pelvis_list/value, weight: 250.0
[2023-12-06 01:32:25.875] [cout] [info]         state: /jointset/ground_pelvis/pelvis_rotation/value, weight: 50.0
[2023-12-06 01:32:25.875] [cout] [info]         state: /jointset/ground_pelvis/pelvis_tx/value, weight: 25.0
[2023-12-06 01:32:25.875] [cout] [info]         state: /jointset/ground_pelvis/pelvis_ty/value, weight: 100.0
[2023-12-06 01:32:25.875] [cout] [info]         state: /jointset/ground_pelvis/pelvis_tz/value, weight: 25.0
[2023-12-06 01:32:25.875] [cout] [info]         state: /jointset/hip_r/hip_flexion_r/value, weight: 75.0
[2023-12-06 01:32:25.875] [cout] [info]         state: /jointset/hip_r/hip_adduction_r/value, weight: 50.0
[2023-12-06 01:32:25.875] [cout] [info]         state: /jointset/hip_r/hip_rotation_r/value, weight: 10.0
[2023-12-06 01:32:25.875] [cout] [info]         state: /jointset/knee_r/knee_angle_r/value, weight: 10.0
[2023-12-06 01:32:25.875] [cout] [info]         state: /jointset/ankle_r/ankle_angle_r/value, weight: 10.0
[2023-12-06 01:32:25.875] [cout] [info]         state: /jointset/hip_l/hip_flexion_l/value, weight: 75.0
[2023-12-06 01:32:25.875] [cout] [info]         state: /jointset/hip_l/hip_adduction_l/value, weight: 50.0
[2023-12-06 01:32:25.875] [cout] [info]         state: /jointset/hip_l/hip_rotation_l/value, weight: 10.0
[2023-12-06 01:32:25.875] [cout] [info]         state: /jointset/knee_l/knee_angle_l/value, weight: 10.0
[2023-12-06 01:32:25.875] [cout] [info]         state: /jointset/ankle_l/ankle_angle_l/value, weight: 10.0
[2023-12-06 01:32:25.875] [cout] [info]         state: /jointset/back/lumbar_extension/value, weight: 75.0
[2023-12-06 01:32:25.875] [cout] [info]         state: /jointset/back/lumbar_bending/value, weight: 50.0
[2023-12-06 01:32:25.875] [cout] [info]         state: /jointset/back/lumbar_rotation/value, weight: 25.0
[2023-12-06 01:32:25.875] [cout] [info]         state: /jointset/acromial_r/arm_flex_r/value, weight: 1.0
[2023-12-06 01:32:25.875] [cout] [info]         state: /jointset/acromial_r/arm_add_r/value, weight: 1.0
[2023-12-06 01:32:25.875] [cout] [info]         state: /jointset/acromial_r/arm_rot_r/value, weight: 1.0
[2023-12-06 01:32:25.875] [cout] [info]         state: /jointset/elbow_r/elbow_flex_r/value, weight: 1.0
[2023-12-06 01:32:25.875] [cout] [info]         state: /jointset/radioulnar_r/pro_sup_r/value, weight: 1.0
[2023-12-06 01:32:25.875] [cout] [info]         state: /jointset/acromial_l/arm_flex_l/value, weight: 1.0
[2023-12-06 01:32:25.875] [cout] [info]         state: /jointset/acromial_l/arm_add_l/value, weight: 1.0
[2023-12-06 01:32:25.875] [cout] [info]         state: /jointset/acromial_l/arm_rot_l/value, weight: 1.0
[2023-12-06 01:32:25.875] [cout] [info]         state: /jointset/elbow_l/elbow_flex_l/value, weight: 1.0
[2023-12-06 01:32:25.875] [cout] [info]         state: /jointset/radioulnar_l/pro_sup_l/value, weight: 1.0
[2023-12-06 01:32:25.875] [cout] [info]         state: /jointset/subtalar_r/subtalar_angle_r/value, weight: 0.0
[2023-12-06 01:32:25.875] [cout] [info]         state: /jointset/mtp_r/mtp_angle_r/value, weight: 0.0
[2023-12-06 01:32:25.875] [cout] [info]         state: /jointset/subtalar_l/subtalar_angle_l/value, weight: 0.0
[2023-12-06 01:32:25.875] [cout] [info]         state: /jointset/mtp_l/mtp_angle_l/value, weight: 0.0
[2023-12-06 01:32:25.875] [cout] [info]         state: /jointset/radius_hand_r/wrist_flex_r/value, weight: 0.0
[2023-12-06 01:32:25.875] [cout] [info]         state: /jointset/radius_hand_r/wrist_dev_r/value, weight: 0.0
[2023-12-06 01:32:25.875] [cout] [info]         state: /jointset/radius_hand_l/wrist_flex_l/value, weight: 0.0
[2023-12-06 01:32:25.875] [cout] [info]         state: /jointset/radius_hand_l/wrist_dev_l/value, weight: 0.0
[2023-12-06 01:32:25.875] [cout] [info]         state: /jointset/ground_pelvis/pelvis_tilt/speed, weight: 7.5
[2023-12-06 01:32:25.875] [cout] [info]         state: /jointset/ground_pelvis/pelvis_list/speed, weight: 2.5
[2023-12-06 01:32:25.875] [cout] [info]         state: /jointset/ground_pelvis/pelvis_rotation/speed, weight: 0.5
[2023-12-06 01:32:25.876] [cout] [info]         state: /jointset/ground_pelvis/pelvis_tx/speed, weight: 0.25
[2023-12-06 01:32:25.876] [cout] [info]         state: /jointset/ground_pelvis/pelvis_ty/speed, weight: 1.0
[2023-12-06 01:32:25.876] [cout] [info]         state: /jointset/ground_pelvis/pelvis_tz/speed, weight: 0.25
[2023-12-06 01:32:25.876] [cout] [info]         state: /jointset/hip_r/hip_flexion_r/speed, weight: 0.75
[2023-12-06 01:32:25.876] [cout] [info]         state: /jointset/hip_r/hip_adduction_r/speed, weight: 0.5
[2023-12-06 01:32:25.876] [cout] [info]         state: /jointset/hip_r/hip_rotation_r/speed, weight: 0.1
[2023-12-06 01:32:25.876] [cout] [info]         state: /jointset/knee_r/knee_angle_r/speed, weight: 0.1
[2023-12-06 01:32:25.876] [cout] [info]         state: /jointset/ankle_r/ankle_angle_r/speed, weight: 0.1
[2023-12-06 01:32:25.876] [cout] [info]         state: /jointset/subtalar_r/subtalar_angle_r/speed, weight: 0.0
[2023-12-06 01:32:25.876] [cout] [info]         state: /jointset/mtp_r/mtp_angle_r/speed, weight: 0.0
[2023-12-06 01:32:25.876] [cout] [info]         state: /jointset/hip_l/hip_flexion_l/speed, weight: 0.75
[2023-12-06 01:32:25.876] [cout] [info]         state: /jointset/hip_l/hip_adduction_l/speed, weight: 0.5
[2023-12-06 01:32:25.876] [cout] [info]         state: /jointset/hip_l/hip_rotation_l/speed, weight: 0.1
[2023-12-06 01:32:25.876] [cout] [info]         state: /jointset/knee_l/knee_angle_l/speed, weight: 0.1
[2023-12-06 01:32:25.876] [cout] [info]         state: /jointset/ankle_l/ankle_angle_l/speed, weight: 0.1
[2023-12-06 01:32:25.876] [cout] [info]         state: /jointset/subtalar_l/subtalar_angle_l/speed, weight: 0.0
[2023-12-06 01:32:25.876] [cout] [info]         state: /jointset/mtp_l/mtp_angle_l/speed, weight: 0.0
[2023-12-06 01:32:25.876] [cout] [info]         state: /jointset/back/lumbar_extension/speed, weight: 0.75
[2023-12-06 01:32:25.876] [cout] [info]         state: /jointset/back/lumbar_bending/speed, weight: 0.5
[2023-12-06 01:32:25.876] [cout] [info]         state: /jointset/back/lumbar_rotation/speed, weight: 0.25
[2023-12-06 01:32:25.876] [cout] [info]         state: /jointset/acromial_r/arm_flex_r/speed, weight: 0.01
[2023-12-06 01:32:25.876] [cout] [info]         state: /jointset/acromial_r/arm_add_r/speed, weight: 0.01
[2023-12-06 01:32:25.876] [cout] [info]         state: /jointset/acromial_r/arm_rot_r/speed, weight: 0.01
[2023-12-06 01:32:25.876] [cout] [info]         state: /jointset/elbow_r/elbow_flex_r/speed, weight: 0.01
[2023-12-06 01:32:25.876] [cout] [info]         state: /jointset/radioulnar_r/pro_sup_r/speed, weight: 0.01
[2023-12-06 01:32:25.876] [cout] [info]         state: /jointset/radius_hand_r/wrist_flex_r/speed, weight: 0.0
[2023-12-06 01:32:25.876] [cout] [info]         state: /jointset/radius_hand_r/wrist_dev_r/speed, weight: 0.0
[2023-12-06 01:32:25.876] [cout] [info]         state: /jointset/acromial_l/arm_flex_l/speed, weight: 0.01
[2023-12-06 01:32:25.876] [cout] [info]         state: /jointset/acromial_l/arm_add_l/speed, weight: 0.01
[2023-12-06 01:32:25.876] [cout] [info]         state: /jointset/acromial_l/arm_rot_l/speed, weight: 0.01
[2023-12-06 01:32:25.876] [cout] [info]         state: /jointset/elbow_l/elbow_flex_l/speed, weight: 0.01
[2023-12-06 01:32:25.876] [cout] [info]         state: /jointset/radioulnar_l/pro_sup_l/speed, weight: 0.01
[2023-12-06 01:32:25.876] [cout] [info]         state: /jointset/radius_hand_l/wrist_flex_l/speed, weight: 0.0
[2023-12-06 01:32:25.876] [cout] [info]         state: /jointset/radius_hand_l/wrist_dev_l/speed, weight: 0.0
[2023-12-06 01:32:25.876] [cout] [info]   control_effort. MocoControlGoal, enabled: true, mode: cost, weight: 0.00100000
[2023-12-06 01:32:25.876] [cout] [info]         control: /forceset/pelvis_tx_actuator, weight: 1.0
[2023-12-06 01:32:25.876] [cout] [info]         control: /forceset/pelvis_ty_actuator, weight: 1.0
[2023-12-06 01:32:25.876] [cout] [info]         control: /forceset/pelvis_tz_actuator, weight: 1.0
[2023-12-06 01:32:25.876] [cout] [info]         control: /forceset/pelvis_tilt_actuator, weight: 1.0
[2023-12-06 01:32:25.876] [cout] [info]         control: /forceset/pelvis_list_actuator, weight: 1.0
[2023-12-06 01:32:25.876] [cout] [info]         control: /forceset/pelvis_rotation_actuator, weight: 1.0
[2023-12-06 01:32:25.876] [cout] [info]         control: /forceset/hip_flexion_r_actuator, weight: 1.0
[2023-12-06 01:32:25.876] [cout] [info]         control: /forceset/hip_adduction_r_actuator, weight: 1.0
[2023-12-06 01:32:25.876] [cout] [info]         control: /forceset/hip_rotation_r_actuator, weight: 1.0
[2023-12-06 01:32:25.876] [cout] [info]         control: /forceset/knee_angle_r_actuator, weight: 1.0
[2023-12-06 01:32:25.876] [cout] [info]         control: /forceset/ankle_angle_r_actuator, weight: 1.0
[2023-12-06 01:32:25.876] [cout] [info]         control: /forceset/hip_flexion_l_actuator, weight: 1.0
[2023-12-06 01:32:25.876] [cout] [info]         control: /forceset/hip_adduction_l_actuator, weight: 1.0
[2023-12-06 01:32:25.876] [cout] [info]         control: /forceset/hip_rotation_l_actuator, weight: 1.0
[2023-12-06 01:32:25.876] [cout] [info]         control: /forceset/knee_angle_l_actuator, weight: 1.0
[2023-12-06 01:32:25.876] [cout] [info]         control: /forceset/ankle_angle_l_actuator, weight: 1.0
[2023-12-06 01:32:25.876] [cout] [info]         control: /forceset/lumbar_extension_actuator, weight: 1.0
[2023-12-06 01:32:25.876] [cout] [info]         control: /forceset/lumbar_bending_actuator, weight: 1.0
[2023-12-06 01:32:25.876] [cout] [info]         control: /forceset/lumbar_rotation_actuator, weight: 1.0
[2023-12-06 01:32:25.876] [cout] [info]         control: /forceset/arm_flex_r_actuator, weight: 1.0
[2023-12-06 01:32:25.876] [cout] [info]         control: /forceset/arm_add_r_actuator, weight: 1.0
[2023-12-06 01:32:25.876] [cout] [info]         control: /forceset/arm_rot_r_actuator, weight: 1.0
[2023-12-06 01:32:25.876] [cout] [info]         control: /forceset/elbow_flex_r_actuator, weight: 1.0
[2023-12-06 01:32:25.876] [cout] [info]         control: /forceset/pro_sup_r_actuator, weight: 1.0
[2023-12-06 01:32:25.876] [cout] [info]         control: /forceset/arm_flex_l_actuator, weight: 1.0
[2023-12-06 01:32:25.876] [cout] [info]         control: /forceset/arm_add_l_actuator, weight: 1.0
[2023-12-06 01:32:25.876] [cout] [info]         control: /forceset/arm_rot_l_actuator, weight: 1.0
[2023-12-06 01:32:25.876] [cout] [info]         control: /forceset/elbow_flex_l_actuator, weight: 1.0
[2023-12-06 01:32:25.876] [cout] [info]         control: /forceset/pro_sup_l_actuator, weight: 1.0
[2023-12-06 01:32:25.876] [cout] [info] Endpoint constraints: none
[2023-12-06 01:32:25.876] [cout] [info] Kinematic constraints: (total: 8)
[2023-12-06 01:32:25.876] [cout] [info]   kinematic_constraint_cid27. MocoConstraintInfo. number of scalar equations: 3. bounds: 0, 0, 0
[2023-12-06 01:32:25.876] [cout] [info]   kinematic_constraint_cid28. MocoConstraintInfo. number of scalar equations: 3. bounds: 0, 0, 0
[2023-12-06 01:32:25.876] [cout] [info]   kinematic_constraint_cid31. MocoConstraintInfo. number of scalar equations: 3. bounds: 0, 0, 0
[2023-12-06 01:32:25.876] [cout] [info]   kinematic_constraint_cid32. MocoConstraintInfo. number of scalar equations: 3. bounds: 0, 0, 0
[2023-12-06 01:32:25.876] [cout] [info]   kinematic_constraint_cid33. MocoConstraintInfo. number of scalar equations: 3. bounds: 0, 0, 0
[2023-12-06 01:32:25.876] [cout] [info]   kinematic_constraint_cid34. MocoConstraintInfo. number of scalar equations: 3. bounds: 0, 0, 0
[2023-12-06 01:32:25.876] [cout] [info]   kinematic_constraint_cid35. MocoConstraintInfo. number of scalar equations: 3. bounds: 0, 0, 0
[2023-12-06 01:32:25.876] [cout] [info]   kinematic_constraint_cid36. MocoConstraintInfo. number of scalar equations: 3. bounds: 0, 0, 0
[2023-12-06 01:32:25.876] [cout] [info] Path constraints: none
[2023-12-06 01:32:25.876] [cout] [info] States: (total: 74)
[2023-12-06 01:32:25.876] [cout] [info]   /jointset/ground_pelvis/pelvis_tilt/value. bounds: [-0.416914, 0.133867]
[2023-12-06 01:32:25.876] [cout] [info]   /jointset/ground_pelvis/pelvis_list/value. bounds: [-0.334445, 0.296919]
[2023-12-06 01:32:25.876] [cout] [info]   /jointset/radioulnar_r/pro_sup_r/value. bounds: [1.06116, 1.75232]
[2023-12-06 01:32:25.876] [cout] [info]   /jointset/ground_pelvis/pelvis_rotation/value. bounds: [-0.321815, 0.372531]
[2023-12-06 01:32:25.876] [cout] [info]   /jointset/ground_pelvis/pelvis_tx/value. bounds: [0.494414, 0.986053]
[2023-12-06 01:32:25.876] [cout] [info]   /jointset/elbow_r/elbow_flex_r/value. bounds: [0.548926, 2.00177]
[2023-12-06 01:32:25.876] [cout] [info]   /jointset/ground_pelvis/pelvis_ty/value. bounds: [0.847318, 1.15164]
[2023-12-06 01:32:25.876] [cout] [info]   /jointset/radius_hand_l/wrist_flex_l/speed. bounds: [-50, 50]
[2023-12-06 01:32:25.876] [cout] [info]   /jointset/ground_pelvis/pelvis_tz/value. bounds: [-0.553719, -0.115897]
[2023-12-06 01:32:25.876] [cout] [info]   /jointset/hip_r/hip_adduction_r/speed. bounds: [-50, 50]
[2023-12-06 01:32:25.876] [cout] [info]   /jointset/ankle_r/ankle_angle_r/value. bounds: [-0.688589, 0.536836]
[2023-12-06 01:32:25.876] [cout] [info]   /jointset/hip_r/hip_flexion_r/value. bounds: [-0.492109, 1.13308]
[2023-12-06 01:32:25.876] [cout] [info]   /jointset/hip_r/hip_adduction_r/value. bounds: [-0.291356, 0.313037]
[2023-12-06 01:32:25.876] [cout] [info]   /jointset/back/lumbar_rotation/speed. bounds: [-50, 50]
[2023-12-06 01:32:25.876] [cout] [info]   /jointset/hip_r/hip_rotation_r/value. bounds: [-0.427896, 0.0961271]
[2023-12-06 01:32:25.876] [cout] [info]   /jointset/mtp_l/mtp_angle_l/speed. bounds: [-50, 50]
[2023-12-06 01:32:25.876] [cout] [info]   /jointset/knee_r/knee_angle_r/value. bounds: [-2.62799, 0.132289]
[2023-12-06 01:32:25.876] [cout] [info]   /jointset/subtalar_r/subtalar_angle_r/value. bounds: [-1.5708, 1.5708]
[2023-12-06 01:32:25.876] [cout] [info]   /jointset/hip_l/hip_flexion_l/value. bounds: [-0.549238, 1.27357]
[2023-12-06 01:32:25.876] [cout] [info]   /jointset/hip_l/hip_adduction_l/value. bounds: [-0.295704, 0.274928]
[2023-12-06 01:32:25.876] [cout] [info]   /jointset/hip_l/hip_rotation_l/value. bounds: [-0.376407, 0.089089]
[2023-12-06 01:32:25.876] [cout] [info]   /jointset/knee_l/knee_angle_l/value. bounds: [-2.65958, 0.104535]
[2023-12-06 01:32:25.876] [cout] [info]   /jointset/knee_r/knee_angle_r/speed. bounds: [-50, 50]
[2023-12-06 01:32:25.876] [cout] [info]   /jointset/ankle_l/ankle_angle_l/value. bounds: [-0.720496, 0.556394]
[2023-12-06 01:32:25.877] [cout] [info]   /jointset/back/lumbar_extension/value. bounds: [-0.370685, 0.31739]
[2023-12-06 01:32:25.877] [cout] [info]   /jointset/back/lumbar_bending/value. bounds: [-0.236312, 0.372137]
[2023-12-06 01:32:25.877] [cout] [info]   /jointset/back/lumbar_rotation/value. bounds: [-0.540243, 0.383726]
[2023-12-06 01:32:25.877] [cout] [info]   /jointset/acromial_r/arm_flex_r/value. bounds: [-0.69006, 0.117754]
[2023-12-06 01:32:25.877] [cout] [info]   /jointset/acromial_r/arm_add_r/value. bounds: [-0.655552, -0.207732]
[2023-12-06 01:32:25.877] [cout] [info]   /jointset/acromial_r/arm_rot_r/value. bounds: [-0.329232, 0.384358]
[2023-12-06 01:32:25.877] [cout] [info]   /jointset/acromial_l/arm_flex_l/value. bounds: [-0.95479, 0.248098]
[2023-12-06 01:32:25.877] [cout] [info]   /jointset/acromial_l/arm_add_l/value. bounds: [-0.964082, -0.440679]
[2023-12-06 01:32:25.877] [cout] [info]   /jointset/acromial_l/arm_rot_l/value. bounds: [0.0156415, 0.823437]
[2023-12-06 01:32:25.877] [cout] [info]   /jointset/elbow_l/elbow_flex_l/value. bounds: [0.869467, 2.44194]
[2023-12-06 01:32:25.877] [cout] [info]   /jointset/radioulnar_l/pro_sup_l/value. bounds: [1.08095, 1.74651]
[2023-12-06 01:32:25.877] [cout] [info]   /jointset/ground_pelvis/pelvis_tilt/speed. bounds: [-50, 50]
[2023-12-06 01:32:25.877] [cout] [info]   /jointset/ground_pelvis/pelvis_list/speed. bounds: [-50, 50]
[2023-12-06 01:32:25.877] [cout] [info]   /jointset/radioulnar_r/pro_sup_r/speed. bounds: [-50, 50]
[2023-12-06 01:32:25.877] [cout] [info]   /jointset/ground_pelvis/pelvis_rotation/speed. bounds: [-50, 50]
[2023-12-06 01:32:25.877] [cout] [info]   /jointset/ground_pelvis/pelvis_tx/speed. bounds: [-50, 50]
[2023-12-06 01:32:25.877] [cout] [info]   /jointset/elbow_r/elbow_flex_r/speed. bounds: [-50, 50]
[2023-12-06 01:32:25.877] [cout] [info]   /jointset/ground_pelvis/pelvis_ty/speed. bounds: [-50, 50]
[2023-12-06 01:32:25.877] [cout] [info]   /jointset/ground_pelvis/pelvis_tz/speed. bounds: [-50, 50]
[2023-12-06 01:32:25.877] [cout] [info]   /jointset/ankle_r/ankle_angle_r/speed. bounds: [-50, 50]
[2023-12-06 01:32:25.877] [cout] [info]   /jointset/hip_r/hip_flexion_r/speed. bounds: [-50, 50]
[2023-12-06 01:32:25.877] [cout] [info]   /jointset/hip_r/hip_rotation_r/speed. bounds: [-50, 50]
[2023-12-06 01:32:25.877] [cout] [info]   /jointset/hip_l/hip_flexion_l/speed. bounds: [-50, 50]
[2023-12-06 01:32:25.877] [cout] [info]   /jointset/subtalar_r/subtalar_angle_r/speed. bounds: [-50, 50]
[2023-12-06 01:32:25.877] [cout] [info]   /jointset/mtp_r/mtp_angle_r/value. bounds: [-1.5708, 1.5708]
[2023-12-06 01:32:25.877] [cout] [info]   /jointset/mtp_r/mtp_angle_r/speed. bounds: [-50, 50]
[2023-12-06 01:32:25.877] [cout] [info]   /jointset/hip_l/hip_adduction_l/speed. bounds: [-50, 50]
[2023-12-06 01:32:25.877] [cout] [info]   /jointset/hip_l/hip_rotation_l/speed. bounds: [-50, 50]
[2023-12-06 01:32:25.877] [cout] [info]   /jointset/knee_l/knee_angle_l/speed. bounds: [-50, 50]
[2023-12-06 01:32:25.877] [cout] [info]   /jointset/ankle_l/ankle_angle_l/speed. bounds: [-50, 50]
[2023-12-06 01:32:25.877] [cout] [info]   /jointset/subtalar_l/subtalar_angle_l/value. bounds: [-1.5708, 1.5708]
[2023-12-06 01:32:25.877] [cout] [info]   /jointset/subtalar_l/subtalar_angle_l/speed. bounds: [-50, 50]
[2023-12-06 01:32:25.877] [cout] [info]   /jointset/mtp_l/mtp_angle_l/value. bounds: [-1.0472, 1.0472]
[2023-12-06 01:32:25.877] [cout] [info]   /jointset/back/lumbar_extension/speed. bounds: [-50, 50]
[2023-12-06 01:32:25.877] [cout] [info]   /jointset/back/lumbar_bending/speed. bounds: [-50, 50]
[2023-12-06 01:32:25.877] [cout] [info]   /jointset/acromial_r/arm_flex_r/speed. bounds: [-50, 50]
[2023-12-06 01:32:25.877] [cout] [info]   /jointset/acromial_r/arm_add_r/speed. bounds: [-50, 50]
[2023-12-06 01:32:25.877] [cout] [info]   /jointset/acromial_r/arm_rot_r/speed. bounds: [-50, 50]
[2023-12-06 01:32:25.877] [cout] [info]   /jointset/radius_hand_r/wrist_flex_r/value. bounds: [-1.22173, 1.22173]
[2023-12-06 01:32:25.877] [cout] [info]   /jointset/radius_hand_r/wrist_flex_r/speed. bounds: [-50, 50]
[2023-12-06 01:32:25.877] [cout] [info]   /jointset/radius_hand_r/wrist_dev_r/value. bounds: [-0.436332, 0.610865]
[2023-12-06 01:32:25.877] [cout] [info]   /jointset/radius_hand_r/wrist_dev_r/speed. bounds: [-50, 50]
[2023-12-06 01:32:25.877] [cout] [info]   /jointset/acromial_l/arm_flex_l/speed. bounds: [-50, 50]
[2023-12-06 01:32:25.877] [cout] [info]   /jointset/acromial_l/arm_add_l/speed. bounds: [-50, 50]
[2023-12-06 01:32:25.877] [cout] [info]   /jointset/acromial_l/arm_rot_l/speed. bounds: [-50, 50]
[2023-12-06 01:32:25.877] [cout] [info]   /jointset/elbow_l/elbow_flex_l/speed. bounds: [-50, 50]
[2023-12-06 01:32:25.877] [cout] [info]   /jointset/radioulnar_l/pro_sup_l/speed. bounds: [-50, 50]
[2023-12-06 01:32:25.877] [cout] [info]   /jointset/radius_hand_l/wrist_flex_l/value. bounds: [-1.22173, 1.22173]
[2023-12-06 01:32:25.877] [cout] [info]   /jointset/radius_hand_l/wrist_dev_l/value. bounds: [-0.436332, 0.610865]
[2023-12-06 01:32:25.877] [cout] [info]   /jointset/radius_hand_l/wrist_dev_l/speed. bounds: [-50, 50]
[2023-12-06 01:32:25.877] [cout] [info] Controls: (total: 29)
[2023-12-06 01:32:25.877] [cout] [info]   /forceset/pelvis_tx_actuator. bounds: [-10000, 10000]
[2023-12-06 01:32:25.877] [cout] [info]   /forceset/pelvis_ty_actuator. bounds: [-10000, 10000]
[2023-12-06 01:32:25.877] [cout] [info]   /forceset/pelvis_tz_actuator. bounds: [-10000, 10000]
[2023-12-06 01:32:25.877] [cout] [info]   /forceset/arm_flex_r_actuator. bounds: [-1, 1]
[2023-12-06 01:32:25.877] [cout] [info]   /forceset/hip_rotation_r_actuator. bounds: [-1, 1]
[2023-12-06 01:32:25.877] [cout] [info]   /forceset/pelvis_tilt_actuator. bounds: [-10000, 10000]
[2023-12-06 01:32:25.877] [cout] [info]   /forceset/pelvis_list_actuator. bounds: [-10000, 10000]
[2023-12-06 01:32:25.877] [cout] [info]   /forceset/pelvis_rotation_actuator. bounds: [-10000, 10000]
[2023-12-06 01:32:25.877] [cout] [info]   /forceset/elbow_flex_l_actuator. bounds: [-1, 1]
[2023-12-06 01:32:25.877] [cout] [info]   /forceset/hip_adduction_l_actuator. bounds: [-1, 1]
[2023-12-06 01:32:25.877] [cout] [info]   /forceset/hip_flexion_r_actuator. bounds: [-1, 1]
[2023-12-06 01:32:25.877] [cout] [info]   /forceset/elbow_flex_r_actuator. bounds: [-1, 1]
[2023-12-06 01:32:25.877] [cout] [info]   /forceset/hip_flexion_l_actuator. bounds: [-1, 1]
[2023-12-06 01:32:25.877] [cout] [info]   /forceset/hip_adduction_r_actuator. bounds: [-1, 1]
[2023-12-06 01:32:25.877] [cout] [info]   /forceset/knee_angle_r_actuator. bounds: [-1, 1]
[2023-12-06 01:32:25.877] [cout] [info]   /forceset/lumbar_rotation_actuator. bounds: [-1, 1]
[2023-12-06 01:32:25.877] [cout] [info]   /forceset/ankle_angle_r_actuator. bounds: [-1, 1]
[2023-12-06 01:32:25.877] [cout] [info]   /forceset/arm_flex_l_actuator. bounds: [-1, 1]
[2023-12-06 01:32:25.877] [cout] [info]   /forceset/hip_rotation_l_actuator. bounds: [-1, 1]
[2023-12-06 01:32:25.877] [cout] [info]   /forceset/knee_angle_l_actuator. bounds: [-1, 1]
[2023-12-06 01:32:25.877] [cout] [info]   /forceset/ankle_angle_l_actuator. bounds: [-1, 1]
[2023-12-06 01:32:25.877] [cout] [info]   /forceset/lumbar_extension_actuator. bounds: [-1, 1]
[2023-12-06 01:32:25.877] [cout] [info]   /forceset/lumbar_bending_actuator. bounds: [-1, 1]
[2023-12-06 01:32:25.877] [cout] [info]   /forceset/arm_add_r_actuator. bounds: [-1, 1]
[2023-12-06 01:32:25.877] [cout] [info]   /forceset/arm_rot_r_actuator. bounds: [-1, 1]
[2023-12-06 01:32:25.878] [cout] [info]   /forceset/pro_sup_r_actuator. bounds: [-1, 1]
[2023-12-06 01:32:25.878] [cout] [info]   /forceset/arm_add_l_actuator. bounds: [-1, 1]
[2023-12-06 01:32:25.878] [cout] [info]   /forceset/arm_rot_l_actuator. bounds: [-1, 1]
[2023-12-06 01:32:25.878] [cout] [info]   /forceset/pro_sup_l_actuator. bounds: [-1, 1]
[2023-12-06 01:32:25.878] [cout] [info] Parameters: none
[2023-12-06 01:32:25.927] [info] ExternalForce::externalforce Data source being set to Run_500 03_newCOP3_v24.mot
[2023-12-06 01:32:25.927] [info] ExternalForce::externalforce_0 Data source being set to Run_500 03_newCOP3_v24.mot
[2023-12-06 01:32:25.981] [info] ExternalForce::externalforce Data source being set to Run_500 03_newCOP3_v24.mot
[2023-12-06 01:32:25.981] [info] ExternalForce::externalforce_0 Data source being set to Run_500 03_newCOP3_v24.mot
[2023-12-06 01:32:26.046] [info] ExternalForce::externalforce Data source being set to Run_500 03_newCOP3_v24.mot
[2023-12-06 01:32:26.046] [info] ExternalForce::externalforce_0 Data source being set to Run_500 03_newCOP3_v24.mot
[2023-12-06 01:32:26.103] [info] ExternalForce::externalforce Data source being set to Run_500 03_newCOP3_v24.mot
[2023-12-06 01:32:26.103] [info] ExternalForce::externalforce_0 Data source being set to Run_500 03_newCOP3_v24.mot
[2023-12-06 01:32:26.172] [info] ExternalForce::externalforce Data source being set to Run_500 03_newCOP3_v24.mot
[2023-12-06 01:32:26.172] [info] ExternalForce::externalforce_0 Data source being set to Run_500 03_newCOP3_v24.mot
[2023-12-06 01:32:26.230] [info] ExternalForce::externalforce Data source being set to Run_500 03_newCOP3_v24.mot
[2023-12-06 01:32:26.230] [info] ExternalForce::externalforce_0 Data source being set to Run_500 03_newCOP3_v24.mot
[2023-12-06 01:32:26.297] [info] ExternalForce::externalforce Data source being set to Run_500 03_newCOP3_v24.mot
[2023-12-06 01:32:26.297] [info] ExternalForce::externalforce_0 Data source being set to Run_500 03_newCOP3_v24.mot
[2023-12-06 01:32:26.356] [info] ExternalForce::externalforce Data source being set to Run_500 03_newCOP3_v24.mot
[2023-12-06 01:32:26.356] [info] ExternalForce::externalforce_0 Data source being set to Run_500 03_newCOP3_v24.mot
[2023-12-06 01:32:26.425] [info] ExternalForce::externalforce Data source being set to Run_500 03_newCOP3_v24.mot
[2023-12-06 01:32:26.425] [info] ExternalForce::externalforce_0 Data source being set to Run_500 03_newCOP3_v24.mot
[2023-12-06 01:32:26.484] [info] ExternalForce::externalforce Data source being set to Run_500 03_newCOP3_v24.mot
[2023-12-06 01:32:26.484] [info] ExternalForce::externalforce_0 Data source being set to Run_500 03_newCOP3_v24.mot
[2023-12-06 01:32:26.555] [info] ExternalForce::externalforce Data source being set to Run_500 03_newCOP3_v24.mot
[2023-12-06 01:32:26.555] [info] ExternalForce::externalforce_0 Data source being set to Run_500 03_newCOP3_v24.mot
[2023-12-06 01:32:26.619] [info] ExternalForce::externalforce Data source being set to Run_500 03_newCOP3_v24.mot
[2023-12-06 01:32:26.620] [info] ExternalForce::externalforce_0 Data source being set to Run_500 03_newCOP3_v24.mot
[2023-12-06 01:32:26.689] [info] ExternalForce::externalforce Data source being set to Run_500 03_newCOP3_v24.mot
[2023-12-06 01:32:26.689] [info] ExternalForce::externalforce_0 Data source being set to Run_500 03_newCOP3_v24.mot
[2023-12-06 01:32:26.750] [info] ExternalForce::externalforce Data source being set to Run_500 03_newCOP3_v24.mot
[2023-12-06 01:32:26.750] [info] ExternalForce::externalforce_0 Data source being set to Run_500 03_newCOP3_v24.mot
[2023-12-06 01:32:26.825] [info] ExternalForce::externalforce Data source being set to Run_500 03_newCOP3_v24.mot
[2023-12-06 01:32:26.825] [info] ExternalForce::externalforce_0 Data source being set to Run_500 03_newCOP3_v24.mot
[2023-12-06 01:32:26.887] [info] ExternalForce::externalforce Data source being set to Run_500 03_newCOP3_v24.mot
[2023-12-06 01:32:26.887] [info] ExternalForce::externalforce_0 Data source being set to Run_500 03_newCOP3_v24.mot
[2023-12-06 01:32:26.908] [info] Number of threads: 8
[2023-12-06 01:52:42.205] [info] Set log level to Info.
[2023-12-06 01:52:42.223] [info] ------------------------------------------------------------------------
[2023-12-06 01:52:42.223] [info] Elapsed real time: 1216 second(s) (20 minute(s), 16 second(s)).
[2023-12-06 01:52:42.223] [info] Wed Dec  6 01:52:42 2023
[2023-12-06 01:52:42.223] [info] MocoCasADiSolver succeeded!
[2023-12-06 01:52:42.223] [info] ========================================================================
