[2023-03-11 03:07:52.494] [info] Old version storage/motion file encountered
[2023-03-11 03:07:52.494] [info] Storage: read data file = ..\..\ik\Run_5.mot (nr=655 nc=164)
[2023-03-11 03:07:52.494] [info] .. assuming rotations in Degrees..
[2023-03-11 03:07:52.583] [info] Old version storage/motion file encountered
[2023-03-11 03:07:52.583] [info] Storage: read data file = ..\..\ik\Run_5.mot (nr=655 nc=164)
[2023-03-11 03:07:52.583] [info] .. assuming rotations in Degrees..
[2023-03-11 03:07:54.463] [info] Loaded model subject19_scaled from file ..\..\model\subject19_adjusted_scaled.osim
[2023-03-11 03:07:54.695] [info] Loaded model subject19_scaled from file ..\..\model\subject19_adjusted_scaled.osim
[2023-03-11 03:07:54.766] [warning] ExternalLoads 'externalloads' has subcomponents with duplicate name 'externalforce'. The duplicate is being renamed to 'externalforce_0'.
[2023-03-11 03:07:54.849] [info] ExternalForce::externalforce Data source being set to Run_500 01_newCOP3_v24.mot
[2023-03-11 03:07:54.849] [info] ExternalForce::externalforce_0 Data source being set to Run_500 01_newCOP3_v24.mot
[2023-03-11 03:07:54.968] [info] ExternalForce::externalforce Data source being set to Run_500 01_newCOP3_v24.mot
[2023-03-11 03:07:54.968] [info] ExternalForce::externalforce_0 Data source being set to Run_500 01_newCOP3_v24.mot
[2023-03-11 03:07:55.039] [info] ExternalForce::externalforce Data source being set to Run_500 01_newCOP3_v24.mot
[2023-03-11 03:07:55.039] [info] ExternalForce::externalforce_0 Data source being set to Run_500 01_newCOP3_v24.mot
[2023-03-11 03:07:55.176] [info] ExternalForce::externalforce Data source being set to Run_500 01_newCOP3_v24.mot
[2023-03-11 03:07:55.176] [info] ExternalForce::externalforce_0 Data source being set to Run_500 01_newCOP3_v24.mot
[2023-12-06 05:34:59.960] [info] Old version storage/motion file encountered
[2023-12-06 05:34:59.961] [info] Storage: read data file = ..\..\ik\Run_5.mot (nr=655 nc=164)
[2023-12-06 05:34:59.961] [info] .. assuming rotations in Degrees..
[2023-12-06 05:35:00.065] [info] Old version storage/motion file encountered
[2023-12-06 05:35:00.065] [info] Storage: read data file = ..\..\ik\Run_5.mot (nr=655 nc=164)
[2023-12-06 05:35:00.065] [info] .. assuming rotations in Degrees..
[2023-12-06 05:35:02.026] [info] Loaded model subject19_scaled from file ..\..\model\subject19_adjusted_scaled.osim
[2023-12-06 05:35:03.470] [info] Loaded model subject19_scaled from file ..\..\model\subject19_adjusted_scaled.osim
[2023-12-06 05:35:03.522] [warning] ExternalLoads 'externalloads' has subcomponents with duplicate name 'externalforce'. The duplicate is being renamed to 'externalforce_0'.
[2023-12-06 05:35:03.587] [info] ExternalForce::externalforce Data source being set to Run_500 01_newCOP3_v24.mot
[2023-12-06 05:35:03.587] [info] ExternalForce::externalforce_0 Data source being set to Run_500 01_newCOP3_v24.mot
[2023-12-06 05:35:03.658] [info] ExternalForce::externalforce Data source being set to Run_500 01_newCOP3_v24.mot
[2023-12-06 05:35:03.658] [info] ExternalForce::externalforce_0 Data source being set to Run_500 01_newCOP3_v24.mot
[2023-12-06 05:35:03.707] [info] ExternalForce::externalforce Data source being set to Run_500 01_newCOP3_v24.mot
[2023-12-06 05:35:03.707] [info] ExternalForce::externalforce_0 Data source being set to Run_500 01_newCOP3_v24.mot
[2023-12-06 05:35:03.772] [info] ExternalForce::externalforce Data source being set to Run_500 01_newCOP3_v24.mot
[2023-12-06 05:35:03.773] [info] ExternalForce::externalforce_0 Data source being set to Run_500 01_newCOP3_v24.mot
