[2023-03-11 01:02:53.972] [info] ExternalForce::externalforce Data source being set to Run_500 02_newCOP3_v24.mot
[2023-03-11 01:02:53.972] [info] ExternalForce::externalforce_0 Data source being set to Run_500 02_newCOP3_v24.mot
[2023-03-11 01:02:54.286] [info] ExternalForce::externalforce Data source being set to Run_500 02_newCOP3_v24.mot
[2023-03-11 01:02:54.286] [info] ExternalForce::externalforce_0 Data source being set to Run_500 02_newCOP3_v24.mot
[2023-03-11 01:02:54.472] [info] ExternalForce::externalforce Data source being set to Run_500 02_newCOP3_v24.mot
[2023-03-11 01:02:54.473] [info] ExternalForce::externalforce_0 Data source being set to Run_500 02_newCOP3_v24.mot
[2023-03-11 01:02:54.637] [info] ExternalForce::externalforce Data source being set to Run_500 02_newCOP3_v24.mot
[2023-03-11 01:02:54.637] [info] ExternalForce::externalforce_0 Data source being set to Run_500 02_newCOP3_v24.mot
[2023-03-11 01:02:54.752] [info] ExternalForce::externalforce Data source being set to Run_500 02_newCOP3_v24.mot
[2023-03-11 01:02:54.753] [info] ExternalForce::externalforce_0 Data source being set to Run_500 02_newCOP3_v24.mot
[2023-03-11 01:02:54.879] [info] ExternalForce::externalforce Data source being set to Run_500 02_newCOP3_v24.mot
[2023-03-11 01:02:54.879] [info] ExternalForce::externalforce_0 Data source being set to Run_500 02_newCOP3_v24.mot
[2023-03-11 01:02:55.019] [info] ExternalForce::externalforce Data source being set to Run_500 02_newCOP3_v24.mot
[2023-03-11 01:02:55.019] [info] ExternalForce::externalforce_0 Data source being set to Run_500 02_newCOP3_v24.mot
[2023-03-11 01:02:55.168] [info] ExternalForce::externalforce Data source being set to Run_500 02_newCOP3_v24.mot
[2023-03-11 01:02:55.168] [info] ExternalForce::externalforce_0 Data source being set to Run_500 02_newCOP3_v24.mot
[2023-03-11 01:02:55.315] [info] ExternalForce::externalforce Data source being set to Run_500 02_newCOP3_v24.mot
[2023-03-11 01:02:55.316] [info] ExternalForce::externalforce_0 Data source being set to Run_500 02_newCOP3_v24.mot
[2023-03-11 01:02:55.487] [info] ExternalForce::externalforce Data source being set to Run_500 02_newCOP3_v24.mot
[2023-03-11 01:02:55.487] [info] ExternalForce::externalforce_0 Data source being set to Run_500 02_newCOP3_v24.mot
[2023-03-11 01:02:55.624] [info] ExternalForce::externalforce Data source being set to Run_500 02_newCOP3_v24.mot
[2023-03-11 01:02:55.625] [info] ExternalForce::externalforce_0 Data source being set to Run_500 02_newCOP3_v24.mot
[2023-03-11 01:02:55.767] [info] ExternalForce::externalforce Data source being set to Run_500 02_newCOP3_v24.mot
[2023-03-11 01:02:55.767] [info] ExternalForce::externalforce_0 Data source being set to Run_500 02_newCOP3_v24.mot
[2023-03-11 01:02:55.913] [info] ExternalForce::externalforce Data source being set to Run_500 02_newCOP3_v24.mot
[2023-03-11 01:02:55.913] [info] ExternalForce::externalforce_0 Data source being set to Run_500 02_newCOP3_v24.mot
[2023-03-11 01:02:56.075] [info] ExternalForce::externalforce Data source being set to Run_500 02_newCOP3_v24.mot
[2023-03-11 01:02:56.075] [info] ExternalForce::externalforce_0 Data source being set to Run_500 02_newCOP3_v24.mot
[2023-03-11 01:02:56.231] [info] ExternalForce::externalforce Data source being set to Run_500 02_newCOP3_v24.mot
[2023-03-11 01:02:56.231] [info] ExternalForce::externalforce_0 Data source being set to Run_500 02_newCOP3_v24.mot
[2023-03-11 01:02:56.426] [info] ExternalForce::externalforce Data source being set to Run_500 02_newCOP3_v24.mot
[2023-03-11 01:02:56.426] [info] ExternalForce::externalforce_0 Data source being set to Run_500 02_newCOP3_v24.mot
[2023-03-11 01:02:56.558] [info] ExternalForce::externalforce Data source being set to Run_500 02_newCOP3_v24.mot
[2023-03-11 01:02:56.558] [info] ExternalForce::externalforce_0 Data source being set to Run_500 02_newCOP3_v24.mot
[2023-03-11 01:02:56.722] [info] ExternalForce::externalforce Data source being set to Run_500 02_newCOP3_v24.mot
[2023-03-11 01:02:56.722] [info] ExternalForce::externalforce_0 Data source being set to Run_500 02_newCOP3_v24.mot
[2023-03-11 01:02:56.887] [info] ExternalForce::externalforce Data source being set to Run_500 02_newCOP3_v24.mot
[2023-03-11 01:02:56.887] [info] ExternalForce::externalforce_0 Data source being set to Run_500 02_newCOP3_v24.mot
[2023-03-11 01:02:57.016] [info] ExternalForce::externalforce Data source being set to Run_500 02_newCOP3_v24.mot
[2023-03-11 01:02:57.016] [info] ExternalForce::externalforce_0 Data source being set to Run_500 02_newCOP3_v24.mot
[2023-03-11 01:02:57.126] [info] ExternalForce::externalforce Data source being set to Run_500 02_newCOP3_v24.mot
[2023-03-11 01:02:57.126] [info] ExternalForce::externalforce_0 Data source being set to Run_500 02_newCOP3_v24.mot
[2023-03-11 01:02:57.239] [info] ExternalForce::externalforce Data source being set to Run_500 02_newCOP3_v24.mot
[2023-03-11 01:02:57.239] [info] ExternalForce::externalforce_0 Data source being set to Run_500 02_newCOP3_v24.mot
[2023-03-11 01:02:57.811] [info] ExternalForce::externalforce Data source being set to Run_500 02_newCOP3_v24.mot
[2023-03-11 01:02:57.812] [info] ExternalForce::externalforce_0 Data source being set to Run_500 02_newCOP3_v24.mot
[2023-03-11 01:02:57.949] [info] ExternalForce::externalforce Data source being set to Run_500 02_newCOP3_v24.mot
[2023-03-11 01:02:57.950] [info] ExternalForce::externalforce_0 Data source being set to Run_500 02_newCOP3_v24.mot
[2023-03-11 01:02:58.091] [info] ExternalForce::externalforce Data source being set to Run_500 02_newCOP3_v24.mot
[2023-03-11 01:02:58.091] [info] ExternalForce::externalforce_0 Data source being set to Run_500 02_newCOP3_v24.mot
[2023-03-11 01:02:58.223] [info] ExternalForce::externalforce Data source being set to Run_500 02_newCOP3_v24.mot
[2023-03-11 01:02:58.223] [info] ExternalForce::externalforce_0 Data source being set to Run_500 02_newCOP3_v24.mot
[2023-03-11 01:02:58.421] [info] ExternalForce::externalforce Data source being set to Run_500 02_newCOP3_v24.mot
[2023-03-11 01:02:58.422] [info] ExternalForce::externalforce_0 Data source being set to Run_500 02_newCOP3_v24.mot
[2023-03-11 01:02:58.553] [info] ExternalForce::externalforce Data source being set to Run_500 02_newCOP3_v24.mot
[2023-03-11 01:02:58.553] [info] ExternalForce::externalforce_0 Data source being set to Run_500 02_newCOP3_v24.mot
[2023-03-11 01:02:58.668] [info] ExternalForce::externalforce Data source being set to Run_500 02_newCOP3_v24.mot
[2023-03-11 01:02:58.668] [info] ExternalForce::externalforce_0 Data source being set to Run_500 02_newCOP3_v24.mot
[2023-03-11 01:02:58.805] [info] ExternalForce::externalforce Data source being set to Run_500 02_newCOP3_v24.mot
[2023-03-11 01:02:58.806] [info] ExternalForce::externalforce_0 Data source being set to Run_500 02_newCOP3_v24.mot
[2023-03-11 01:02:58.834] [info] ========================================================================
[2023-03-11 01:02:58.834] [info] MocoCasADiSolver starting.
[2023-03-11 01:02:58.834] [info] Sat Mar 11 01:02:58 2023
[2023-03-11 01:02:58.834] [info] ------------------------------------------------------------------------
[2023-03-11 01:02:58.834] [cout] [info] Costs: (total: 2)
[2023-03-11 01:02:58.834] [cout] [info]   state_tracking. MocoStateTrackingGoal, enabled: true, mode: cost, weight: 1.0
[2023-03-11 01:02:58.834] [cout] [info]         state: /jointset/ground_pelvis/pelvis_tilt/value, weight: 750.0
[2023-03-11 01:02:58.834] [cout] [info]         state: /jointset/ground_pelvis/pelvis_list/value, weight: 250.0
[2023-03-11 01:02:58.834] [cout] [info]         state: /jointset/ground_pelvis/pelvis_rotation/value, weight: 50.0
[2023-03-11 01:02:58.834] [cout] [info]         state: /jointset/ground_pelvis/pelvis_tx/value, weight: 25.0
[2023-03-11 01:02:58.834] [cout] [info]         state: /jointset/ground_pelvis/pelvis_ty/value, weight: 100.0
[2023-03-11 01:02:58.834] [cout] [info]         state: /jointset/ground_pelvis/pelvis_tz/value, weight: 25.0
[2023-03-11 01:02:58.834] [cout] [info]         state: /jointset/hip_r/hip_flexion_r/value, weight: 75.0
[2023-03-11 01:02:58.835] [cout] [info]         state: /jointset/hip_r/hip_adduction_r/value, weight: 50.0
[2023-03-11 01:02:58.835] [cout] [info]         state: /jointset/hip_r/hip_rotation_r/value, weight: 10.0
[2023-03-11 01:02:58.835] [cout] [info]         state: /jointset/knee_r/knee_angle_r/value, weight: 10.0
[2023-03-11 01:02:58.835] [cout] [info]         state: /jointset/ankle_r/ankle_angle_r/value, weight: 10.0
[2023-03-11 01:02:58.835] [cout] [info]         state: /jointset/hip_l/hip_flexion_l/value, weight: 75.0
[2023-03-11 01:02:58.835] [cout] [info]         state: /jointset/hip_l/hip_adduction_l/value, weight: 50.0
[2023-03-11 01:02:58.835] [cout] [info]         state: /jointset/hip_l/hip_rotation_l/value, weight: 10.0
[2023-03-11 01:02:58.835] [cout] [info]         state: /jointset/knee_l/knee_angle_l/value, weight: 10.0
[2023-03-11 01:02:58.835] [cout] [info]         state: /jointset/ankle_l/ankle_angle_l/value, weight: 10.0
[2023-03-11 01:02:58.835] [cout] [info]         state: /jointset/back/lumbar_extension/value, weight: 75.0
[2023-03-11 01:02:58.835] [cout] [info]         state: /jointset/back/lumbar_bending/value, weight: 50.0
[2023-03-11 01:02:58.835] [cout] [info]         state: /jointset/back/lumbar_rotation/value, weight: 25.0
[2023-03-11 01:02:58.835] [cout] [info]         state: /jointset/acromial_r/arm_flex_r/value, weight: 1.0
[2023-03-11 01:02:58.835] [cout] [info]         state: /jointset/acromial_r/arm_add_r/value, weight: 1.0
[2023-03-11 01:02:58.835] [cout] [info]         state: /jointset/acromial_r/arm_rot_r/value, weight: 1.0
[2023-03-11 01:02:58.835] [cout] [info]         state: /jointset/elbow_r/elbow_flex_r/value, weight: 1.0
[2023-03-11 01:02:58.835] [cout] [info]         state: /jointset/radioulnar_r/pro_sup_r/value, weight: 1.0
[2023-03-11 01:02:58.835] [cout] [info]         state: /jointset/acromial_l/arm_flex_l/value, weight: 1.0
[2023-03-11 01:02:58.835] [cout] [info]         state: /jointset/acromial_l/arm_add_l/value, weight: 1.0
[2023-03-11 01:02:58.835] [cout] [info]         state: /jointset/acromial_l/arm_rot_l/value, weight: 1.0
[2023-03-11 01:02:58.835] [cout] [info]         state: /jointset/elbow_l/elbow_flex_l/value, weight: 1.0
[2023-03-11 01:02:58.835] [cout] [info]         state: /jointset/radioulnar_l/pro_sup_l/value, weight: 1.0
[2023-03-11 01:02:58.835] [cout] [info]         state: /jointset/subtalar_r/subtalar_angle_r/value, weight: 0.0
[2023-03-11 01:02:58.835] [cout] [info]         state: /jointset/mtp_r/mtp_angle_r/value, weight: 0.0
[2023-03-11 01:02:58.835] [cout] [info]         state: /jointset/subtalar_l/subtalar_angle_l/value, weight: 0.0
[2023-03-11 01:02:58.835] [cout] [info]         state: /jointset/mtp_l/mtp_angle_l/value, weight: 0.0
[2023-03-11 01:02:58.835] [cout] [info]         state: /jointset/radius_hand_r/wrist_flex_r/value, weight: 0.0
[2023-03-11 01:02:58.835] [cout] [info]         state: /jointset/radius_hand_r/wrist_dev_r/value, weight: 0.0
[2023-03-11 01:02:58.835] [cout] [info]         state: /jointset/radius_hand_l/wrist_flex_l/value, weight: 0.0
[2023-03-11 01:02:58.836] [cout] [info]         state: /jointset/radius_hand_l/wrist_dev_l/value, weight: 0.0
[2023-03-11 01:02:58.836] [cout] [info]   control_effort. MocoControlGoal, enabled: true, mode: cost, weight: 0.00100000
[2023-03-11 01:02:58.836] [cout] [info]         control: /forceset/pelvis_tx_actuator, weight: 1.0
[2023-03-11 01:02:58.836] [cout] [info]         control: /forceset/pelvis_ty_actuator, weight: 1.0
[2023-03-11 01:02:58.836] [cout] [info]         control: /forceset/pelvis_tz_actuator, weight: 1.0
[2023-03-11 01:02:58.836] [cout] [info]         control: /forceset/pelvis_tilt_actuator, weight: 1.0
[2023-03-11 01:02:58.836] [cout] [info]         control: /forceset/pelvis_list_actuator, weight: 1.0
[2023-03-11 01:02:58.836] [cout] [info]         control: /forceset/pelvis_rotation_actuator, weight: 1.0
[2023-03-11 01:02:58.836] [cout] [info]         control: /forceset/hip_flexion_r_actuator, weight: 1.0
[2023-03-11 01:02:58.836] [cout] [info]         control: /forceset/hip_adduction_r_actuator, weight: 1.0
[2023-03-11 01:02:58.836] [cout] [info]         control: /forceset/hip_rotation_r_actuator, weight: 1.0
[2023-03-11 01:02:58.836] [cout] [info]         control: /forceset/knee_angle_r_actuator, weight: 1.0
[2023-03-11 01:02:58.836] [cout] [info]         control: /forceset/ankle_angle_r_actuator, weight: 1.0
[2023-03-11 01:02:58.836] [cout] [info]         control: /forceset/hip_flexion_l_actuator, weight: 1.0
[2023-03-11 01:02:58.836] [cout] [info]         control: /forceset/hip_adduction_l_actuator, weight: 1.0
[2023-03-11 01:02:58.836] [cout] [info]         control: /forceset/hip_rotation_l_actuator, weight: 1.0
[2023-03-11 01:02:58.836] [cout] [info]         control: /forceset/knee_angle_l_actuator, weight: 1.0
[2023-03-11 01:02:58.836] [cout] [info]         control: /forceset/ankle_angle_l_actuator, weight: 1.0
[2023-03-11 01:02:58.836] [cout] [info]         control: /forceset/lumbar_extension_actuator, weight: 1.0
[2023-03-11 01:02:58.836] [cout] [info]         control: /forceset/lumbar_bending_actuator, weight: 1.0
[2023-03-11 01:02:58.836] [cout] [info]         control: /forceset/lumbar_rotation_actuator, weight: 1.0
[2023-03-11 01:02:58.836] [cout] [info]         control: /forceset/arm_flex_r_actuator, weight: 1.0
[2023-03-11 01:02:58.836] [cout] [info]         control: /forceset/arm_add_r_actuator, weight: 1.0
[2023-03-11 01:02:58.836] [cout] [info]         control: /forceset/arm_rot_r_actuator, weight: 1.0
[2023-03-11 01:02:58.836] [cout] [info]         control: /forceset/elbow_flex_r_actuator, weight: 1.0
[2023-03-11 01:02:58.836] [cout] [info]         control: /forceset/pro_sup_r_actuator, weight: 1.0
[2023-03-11 01:02:58.836] [cout] [info]         control: /forceset/arm_flex_l_actuator, weight: 1.0
[2023-03-11 01:02:58.836] [cout] [info]         control: /forceset/arm_add_l_actuator, weight: 1.0
[2023-03-11 01:02:58.836] [cout] [info]         control: /forceset/arm_rot_l_actuator, weight: 1.0
[2023-03-11 01:02:58.836] [cout] [info]         control: /forceset/elbow_flex_l_actuator, weight: 1.0
[2023-03-11 01:02:58.836] [cout] [info]         control: /forceset/pro_sup_l_actuator, weight: 1.0
[2023-03-11 01:02:58.836] [cout] [info] Endpoint constraints: none
[2023-03-11 01:02:58.836] [cout] [info] Kinematic constraints: (total: 8)
[2023-03-11 01:02:58.836] [cout] [info]   kinematic_constraint_cid27. MocoConstraintInfo. number of scalar equations: 3. bounds: 0, 0, 0
[2023-03-11 01:02:58.836] [cout] [info]   kinematic_constraint_cid28. MocoConstraintInfo. number of scalar equations: 3. bounds: 0, 0, 0
[2023-03-11 01:02:58.836] [cout] [info]   kinematic_constraint_cid31. MocoConstraintInfo. number of scalar equations: 3. bounds: 0, 0, 0
[2023-03-11 01:02:58.836] [cout] [info]   kinematic_constraint_cid32. MocoConstraintInfo. number of scalar equations: 3. bounds: 0, 0, 0
[2023-03-11 01:02:58.837] [cout] [info]   kinematic_constraint_cid33. MocoConstraintInfo. number of scalar equations: 3. bounds: 0, 0, 0
[2023-03-11 01:02:58.837] [cout] [info]   kinematic_constraint_cid34. MocoConstraintInfo. number of scalar equations: 3. bounds: 0, 0, 0
[2023-03-11 01:02:58.837] [cout] [info]   kinematic_constraint_cid35. MocoConstraintInfo. number of scalar equations: 3. bounds: 0, 0, 0
[2023-03-11 01:02:58.837] [cout] [info]   kinematic_constraint_cid36. MocoConstraintInfo. number of scalar equations: 3. bounds: 0, 0, 0
[2023-03-11 01:02:58.837] [cout] [info] Path constraints: none
[2023-03-11 01:02:58.837] [cout] [info] States: (total: 74)
[2023-03-11 01:02:58.837] [cout] [info]   /jointset/ground_pelvis/pelvis_tilt/value. bounds: [-0.276484, 0.250485]
[2023-03-11 01:02:58.837] [cout] [info]   /jointset/ground_pelvis/pelvis_list/value. bounds: [-0.361095, 0.376563]
[2023-03-11 01:02:58.837] [cout] [info]   /jointset/radioulnar_r/pro_sup_r/value. bounds: [1.05595, 1.48388]
[2023-03-11 01:02:58.837] [cout] [info]   /jointset/ground_pelvis/pelvis_rotation/value. bounds: [-0.280593, 0.240926]
[2023-03-11 01:02:58.837] [cout] [info]   /jointset/ground_pelvis/pelvis_tx/value. bounds: [0.515085, 1.13459]
[2023-03-11 01:02:58.837] [cout] [info]   /jointset/elbow_r/elbow_flex_r/value. bounds: [1.27267, 2.14934]
[2023-03-11 01:02:58.837] [cout] [info]   /jointset/ground_pelvis/pelvis_ty/value. bounds: [0.834745, 1.1174]
[2023-03-11 01:02:58.837] [cout] [info]   /jointset/radius_hand_l/wrist_flex_l/speed. bounds: [-50, 50]
[2023-03-11 01:02:58.837] [cout] [info]   /jointset/ground_pelvis/pelvis_tz/value. bounds: [-0.54982, -0.079774]
[2023-03-11 01:02:58.837] [cout] [info]   /jointset/hip_r/hip_adduction_r/speed. bounds: [-50, 50]
[2023-03-11 01:02:58.837] [cout] [info]   /jointset/ankle_r/ankle_angle_r/value. bounds: [-0.754264, 0.63306]
[2023-03-11 01:02:58.837] [cout] [info]   /jointset/hip_r/hip_flexion_r/value. bounds: [-0.73638, 0.975299]
[2023-03-11 01:02:58.837] [cout] [info]   /jointset/hip_r/hip_adduction_r/value. bounds: [-0.303081, 0.417691]
[2023-03-11 01:02:58.837] [cout] [info]   /jointset/back/lumbar_rotation/speed. bounds: [-50, 50]
[2023-03-11 01:02:58.837] [cout] [info]   /jointset/hip_r/hip_rotation_r/value. bounds: [-0.190854, 0.21577]
[2023-03-11 01:02:58.837] [cout] [info]   /jointset/mtp_l/mtp_angle_l/speed. bounds: [-50, 50]
[2023-03-11 01:02:58.837] [cout] [info]   /jointset/knee_r/knee_angle_r/value. bounds: [-2.27481, 0.142473]
[2023-03-11 01:02:58.837] [cout] [info]   /jointset/subtalar_r/subtalar_angle_r/value. bounds: [-1.5708, 1.5708]
[2023-03-11 01:02:58.837] [cout] [info]   /jointset/hip_l/hip_flexion_l/value. bounds: [-0.667983, 1.03643]
[2023-03-11 01:02:58.837] [cout] [info]   /jointset/hip_l/hip_adduction_l/value. bounds: [-0.294005, 0.423309]
[2023-03-11 01:02:58.837] [cout] [info]   /jointset/hip_l/hip_rotation_l/value. bounds: [-0.188614, 0.29205]
[2023-03-11 01:02:58.837] [cout] [info]   /jointset/knee_l/knee_angle_l/value. bounds: [-2.29341, 0.204664]
[2023-03-11 01:02:58.837] [cout] [info]   /jointset/knee_r/knee_angle_r/speed. bounds: [-50, 50]
[2023-03-11 01:02:58.837] [cout] [info]   /jointset/ankle_l/ankle_angle_l/value. bounds: [-0.759982, 0.641515]
[2023-03-11 01:02:58.837] [cout] [info]   /jointset/back/lumbar_extension/value. bounds: [-0.537522, 0.125783]
[2023-03-11 01:02:58.837] [cout] [info]   /jointset/back/lumbar_bending/value. bounds: [-0.386869, 0.246298]
[2023-03-11 01:02:58.837] [cout] [info]   /jointset/back/lumbar_rotation/value. bounds: [-0.409979, 0.371371]
[2023-03-11 01:02:58.837] [cout] [info]   /jointset/acromial_r/arm_flex_r/value. bounds: [-0.905475, -0.0959302]
[2023-03-11 01:02:58.838] [cout] [info]   /jointset/acromial_r/arm_add_r/value. bounds: [-0.665249, -0.149734]
[2023-03-11 01:02:58.838] [cout] [info]   /jointset/acromial_r/arm_rot_r/value. bounds: [-0.480103, 0.0743413]
[2023-03-11 01:02:58.838] [cout] [info]   /jointset/acromial_l/arm_flex_l/value. bounds: [-0.964583, 0.138874]
[2023-03-11 01:02:58.838] [cout] [info]   /jointset/acromial_l/arm_add_l/value. bounds: [-0.67476, -0.184579]
[2023-03-11 01:02:58.838] [cout] [info]   /jointset/acromial_l/arm_rot_l/value. bounds: [-0.450084, 0.281468]
[2023-03-11 01:02:58.838] [cout] [info]   /jointset/elbow_l/elbow_flex_l/value. bounds: [1.06943, 2.2192]
[2023-03-11 01:02:58.838] [cout] [info]   /jointset/radioulnar_l/pro_sup_l/value. bounds: [1.50816, 2.04113]
[2023-03-11 01:02:58.838] [cout] [info]   /jointset/ground_pelvis/pelvis_tilt/speed. bounds: [-50, 50]
[2023-03-11 01:02:58.838] [cout] [info]   /jointset/ground_pelvis/pelvis_list/speed. bounds: [-50, 50]
[2023-03-11 01:02:58.838] [cout] [info]   /jointset/radioulnar_r/pro_sup_r/speed. bounds: [-50, 50]
[2023-03-11 01:02:58.838] [cout] [info]   /jointset/ground_pelvis/pelvis_rotation/speed. bounds: [-50, 50]
[2023-03-11 01:02:58.838] [cout] [info]   /jointset/ground_pelvis/pelvis_tx/speed. bounds: [-50, 50]
[2023-03-11 01:02:58.838] [cout] [info]   /jointset/elbow_r/elbow_flex_r/speed. bounds: [-50, 50]
[2023-03-11 01:02:58.838] [cout] [info]   /jointset/ground_pelvis/pelvis_ty/speed. bounds: [-50, 50]
[2023-03-11 01:02:58.838] [cout] [info]   /jointset/ground_pelvis/pelvis_tz/speed. bounds: [-50, 50]
[2023-03-11 01:02:58.838] [cout] [info]   /jointset/ankle_r/ankle_angle_r/speed. bounds: [-50, 50]
[2023-03-11 01:02:58.838] [cout] [info]   /jointset/hip_r/hip_flexion_r/speed. bounds: [-50, 50]
[2023-03-11 01:02:58.838] [cout] [info]   /jointset/hip_r/hip_rotation_r/speed. bounds: [-50, 50]
[2023-03-11 01:02:58.838] [cout] [info]   /jointset/hip_l/hip_flexion_l/speed. bounds: [-50, 50]
[2023-03-11 01:02:58.838] [cout] [info]   /jointset/subtalar_r/subtalar_angle_r/speed. bounds: [-50, 50]
[2023-03-11 01:02:58.838] [cout] [info]   /jointset/mtp_r/mtp_angle_r/value. bounds: [-1.5708, 1.5708]
[2023-03-11 01:02:58.838] [cout] [info]   /jointset/mtp_r/mtp_angle_r/speed. bounds: [-50, 50]
[2023-03-11 01:02:58.838] [cout] [info]   /jointset/hip_l/hip_adduction_l/speed. bounds: [-50, 50]
[2023-03-11 01:02:58.838] [cout] [info]   /jointset/hip_l/hip_rotation_l/speed. bounds: [-50, 50]
[2023-03-11 01:02:58.838] [cout] [info]   /jointset/knee_l/knee_angle_l/speed. bounds: [-50, 50]
[2023-03-11 01:02:58.838] [cout] [info]   /jointset/ankle_l/ankle_angle_l/speed. bounds: [-50, 50]
[2023-03-11 01:02:58.838] [cout] [info]   /jointset/subtalar_l/subtalar_angle_l/value. bounds: [-1.5708, 1.5708]
[2023-03-11 01:02:58.838] [cout] [info]   /jointset/subtalar_l/subtalar_angle_l/speed. bounds: [-50, 50]
[2023-03-11 01:02:58.838] [cout] [info]   /jointset/mtp_l/mtp_angle_l/value. bounds: [-1.0472, 1.0472]
[2023-03-11 01:02:58.838] [cout] [info]   /jointset/back/lumbar_extension/speed. bounds: [-50, 50]
[2023-03-11 01:02:58.838] [cout] [info]   /jointset/back/lumbar_bending/speed. bounds: [-50, 50]
[2023-03-11 01:02:58.838] [cout] [info]   /jointset/acromial_r/arm_flex_r/speed. bounds: [-50, 50]
[2023-03-11 01:02:58.838] [cout] [info]   /jointset/acromial_r/arm_add_r/speed. bounds: [-50, 50]
[2023-03-11 01:02:58.838] [cout] [info]   /jointset/acromial_r/arm_rot_r/speed. bounds: [-50, 50]
[2023-03-11 01:02:58.838] [cout] [info]   /jointset/radius_hand_r/wrist_flex_r/value. bounds: [-1.22173, 1.22173]
[2023-03-11 01:02:58.838] [cout] [info]   /jointset/radius_hand_r/wrist_flex_r/speed. bounds: [-50, 50]
[2023-03-11 01:02:58.839] [cout] [info]   /jointset/radius_hand_r/wrist_dev_r/value. bounds: [-0.436332, 0.610865]
[2023-03-11 01:02:58.839] [cout] [info]   /jointset/radius_hand_r/wrist_dev_r/speed. bounds: [-50, 50]
[2023-03-11 01:02:58.839] [cout] [info]   /jointset/acromial_l/arm_flex_l/speed. bounds: [-50, 50]
[2023-03-11 01:02:58.839] [cout] [info]   /jointset/acromial_l/arm_add_l/speed. bounds: [-50, 50]
[2023-03-11 01:02:58.839] [cout] [info]   /jointset/acromial_l/arm_rot_l/speed. bounds: [-50, 50]
[2023-03-11 01:02:58.839] [cout] [info]   /jointset/elbow_l/elbow_flex_l/speed. bounds: [-50, 50]
[2023-03-11 01:02:58.839] [cout] [info]   /jointset/radioulnar_l/pro_sup_l/speed. bounds: [-50, 50]
[2023-03-11 01:02:58.839] [cout] [info]   /jointset/radius_hand_l/wrist_flex_l/value. bounds: [-1.22173, 1.22173]
[2023-03-11 01:02:58.839] [cout] [info]   /jointset/radius_hand_l/wrist_dev_l/value. bounds: [-0.436332, 0.610865]
[2023-03-11 01:02:58.839] [cout] [info]   /jointset/radius_hand_l/wrist_dev_l/speed. bounds: [-50, 50]
[2023-03-11 01:02:58.839] [cout] [info] Controls: (total: 29)
[2023-03-11 01:02:58.839] [cout] [info]   /forceset/pelvis_tx_actuator. bounds: [-10000, 10000]
[2023-03-11 01:02:58.839] [cout] [info]   /forceset/pelvis_ty_actuator. bounds: [-10000, 10000]
[2023-03-11 01:02:58.839] [cout] [info]   /forceset/pelvis_tz_actuator. bounds: [-10000, 10000]
[2023-03-11 01:02:58.839] [cout] [info]   /forceset/arm_flex_r_actuator. bounds: [-1, 1]
[2023-03-11 01:02:58.839] [cout] [info]   /forceset/hip_rotation_r_actuator. bounds: [-1, 1]
[2023-03-11 01:02:58.839] [cout] [info]   /forceset/pelvis_tilt_actuator. bounds: [-10000, 10000]
[2023-03-11 01:02:58.839] [cout] [info]   /forceset/pelvis_list_actuator. bounds: [-10000, 10000]
[2023-03-11 01:02:58.839] [cout] [info]   /forceset/pelvis_rotation_actuator. bounds: [-10000, 10000]
[2023-03-11 01:02:58.839] [cout] [info]   /forceset/elbow_flex_l_actuator. bounds: [-1, 1]
[2023-03-11 01:02:58.839] [cout] [info]   /forceset/hip_adduction_l_actuator. bounds: [-1, 1]
[2023-03-11 01:02:58.839] [cout] [info]   /forceset/hip_flexion_r_actuator. bounds: [-1, 1]
[2023-03-11 01:02:58.839] [cout] [info]   /forceset/elbow_flex_r_actuator. bounds: [-1, 1]
[2023-03-11 01:02:58.839] [cout] [info]   /forceset/hip_flexion_l_actuator. bounds: [-1, 1]
[2023-03-11 01:02:58.839] [cout] [info]   /forceset/hip_adduction_r_actuator. bounds: [-1, 1]
[2023-03-11 01:02:58.839] [cout] [info]   /forceset/knee_angle_r_actuator. bounds: [-1, 1]
[2023-03-11 01:02:58.839] [cout] [info]   /forceset/lumbar_rotation_actuator. bounds: [-1, 1]
[2023-03-11 01:02:58.839] [cout] [info]   /forceset/ankle_angle_r_actuator. bounds: [-1, 1]
[2023-03-11 01:02:58.839] [cout] [info]   /forceset/arm_flex_l_actuator. bounds: [-1, 1]
[2023-03-11 01:02:58.839] [cout] [info]   /forceset/hip_rotation_l_actuator. bounds: [-1, 1]
[2023-03-11 01:02:58.839] [cout] [info]   /forceset/knee_angle_l_actuator. bounds: [-1, 1]
[2023-03-11 01:02:58.839] [cout] [info]   /forceset/ankle_angle_l_actuator. bounds: [-1, 1]
[2023-03-11 01:02:58.839] [cout] [info]   /forceset/lumbar_extension_actuator. bounds: [-1, 1]
[2023-03-11 01:02:58.839] [cout] [info]   /forceset/lumbar_bending_actuator. bounds: [-1, 1]
[2023-03-11 01:02:58.839] [cout] [info]   /forceset/arm_add_r_actuator. bounds: [-1, 1]
[2023-03-11 01:02:58.839] [cout] [info]   /forceset/arm_rot_r_actuator. bounds: [-1, 1]
[2023-03-11 01:02:58.840] [cout] [info]   /forceset/pro_sup_r_actuator. bounds: [-1, 1]
[2023-03-11 01:02:58.840] [cout] [info]   /forceset/arm_add_l_actuator. bounds: [-1, 1]
[2023-03-11 01:02:58.840] [cout] [info]   /forceset/arm_rot_l_actuator. bounds: [-1, 1]
[2023-03-11 01:02:58.840] [cout] [info]   /forceset/pro_sup_l_actuator. bounds: [-1, 1]
[2023-03-11 01:02:58.840] [cout] [info] Parameters: none
[2023-03-11 01:02:58.971] [info] ExternalForce::externalforce Data source being set to Run_500 02_newCOP3_v24.mot
[2023-03-11 01:02:58.971] [info] ExternalForce::externalforce_0 Data source being set to Run_500 02_newCOP3_v24.mot
[2023-03-11 01:02:59.112] [info] ExternalForce::externalforce Data source being set to Run_500 02_newCOP3_v24.mot
[2023-03-11 01:02:59.112] [info] ExternalForce::externalforce_0 Data source being set to Run_500 02_newCOP3_v24.mot
[2023-03-11 01:02:59.215] [info] ExternalForce::externalforce Data source being set to Run_500 02_newCOP3_v24.mot
[2023-03-11 01:02:59.216] [info] ExternalForce::externalforce_0 Data source being set to Run_500 02_newCOP3_v24.mot
[2023-03-11 01:02:59.358] [info] ExternalForce::externalforce Data source being set to Run_500 02_newCOP3_v24.mot
[2023-03-11 01:02:59.358] [info] ExternalForce::externalforce_0 Data source being set to Run_500 02_newCOP3_v24.mot
[2023-03-11 01:02:59.522] [info] ExternalForce::externalforce Data source being set to Run_500 02_newCOP3_v24.mot
[2023-03-11 01:02:59.522] [info] ExternalForce::externalforce_0 Data source being set to Run_500 02_newCOP3_v24.mot
[2023-03-11 01:02:59.668] [info] ExternalForce::externalforce Data source being set to Run_500 02_newCOP3_v24.mot
[2023-03-11 01:02:59.668] [info] ExternalForce::externalforce_0 Data source being set to Run_500 02_newCOP3_v24.mot
[2023-03-11 01:02:59.778] [info] ExternalForce::externalforce Data source being set to Run_500 02_newCOP3_v24.mot
[2023-03-11 01:02:59.778] [info] ExternalForce::externalforce_0 Data source being set to Run_500 02_newCOP3_v24.mot
[2023-03-11 01:02:59.896] [info] ExternalForce::externalforce Data source being set to Run_500 02_newCOP3_v24.mot
[2023-03-11 01:02:59.896] [info] ExternalForce::externalforce_0 Data source being set to Run_500 02_newCOP3_v24.mot
[2023-03-11 01:03:00.022] [info] ExternalForce::externalforce Data source being set to Run_500 02_newCOP3_v24.mot
[2023-03-11 01:03:00.022] [info] ExternalForce::externalforce_0 Data source being set to Run_500 02_newCOP3_v24.mot
[2023-03-11 01:03:00.148] [info] ExternalForce::externalforce Data source being set to Run_500 02_newCOP3_v24.mot
[2023-03-11 01:03:00.148] [info] ExternalForce::externalforce_0 Data source being set to Run_500 02_newCOP3_v24.mot
[2023-03-11 01:03:00.302] [info] ExternalForce::externalforce Data source being set to Run_500 02_newCOP3_v24.mot
[2023-03-11 01:03:00.302] [info] ExternalForce::externalforce_0 Data source being set to Run_500 02_newCOP3_v24.mot
[2023-03-11 01:03:00.453] [info] ExternalForce::externalforce Data source being set to Run_500 02_newCOP3_v24.mot
[2023-03-11 01:03:00.453] [info] ExternalForce::externalforce_0 Data source being set to Run_500 02_newCOP3_v24.mot
[2023-03-11 01:03:00.589] [info] ExternalForce::externalforce Data source being set to Run_500 02_newCOP3_v24.mot
[2023-03-11 01:03:00.589] [info] ExternalForce::externalforce_0 Data source being set to Run_500 02_newCOP3_v24.mot
[2023-03-11 01:03:00.738] [info] ExternalForce::externalforce Data source being set to Run_500 02_newCOP3_v24.mot
[2023-03-11 01:03:00.738] [info] ExternalForce::externalforce_0 Data source being set to Run_500 02_newCOP3_v24.mot
[2023-03-11 01:03:00.892] [info] ExternalForce::externalforce Data source being set to Run_500 02_newCOP3_v24.mot
[2023-03-11 01:03:00.892] [info] ExternalForce::externalforce_0 Data source being set to Run_500 02_newCOP3_v24.mot
[2023-03-11 01:03:01.020] [info] ExternalForce::externalforce Data source being set to Run_500 02_newCOP3_v24.mot
[2023-03-11 01:03:01.020] [info] ExternalForce::externalforce_0 Data source being set to Run_500 02_newCOP3_v24.mot
[2023-03-11 01:03:01.056] [info] Number of threads: 8
[2023-03-11 01:24:36.382] [info] Set log level to Info.
[2023-03-11 01:24:36.409] [info] ------------------------------------------------------------------------
[2023-03-11 01:24:36.409] [info] Elapsed real time: 1298 second(s) (21 minute(s), 38 second(s)).
[2023-03-11 01:24:36.409] [info] Sat Mar 11 01:24:36 2023
[2023-03-11 01:24:36.410] [info] MocoCasADiSolver succeeded!
[2023-03-11 01:24:36.410] [info] ========================================================================
[2023-03-11 01:24:36.900] [info] Loaded model subject11_scaled from file ..\..\model\subject11_adjusted_scaled.osim
[2023-03-11 01:24:38.086] [cout] [info] 
               MODEL: subject11_scaled
         coordinates: 37
              forces: 92
           actuators: 92
             muscles: 92
            analyses: 0
              probes: 0
              bodies: 20
              joints: 20
         constraints: 0
             markers: 56
         controllers: 0
  contact geometries: 0
misc modelcomponents: 0
[2023-03-11 01:24:38.086] [info] Running tool subject10_scaled...
[2023-03-11 01:24:38.149] [warning] ExternalLoads 'externalloads' has subcomponents with duplicate name 'externalforce'. The duplicate is being renamed to 'externalforce_0'.
[2023-03-11 01:24:38.354] [info] ExternalForce::externalforce Data source being set to Run_500 02_newCOP3_v24.mot
[2023-03-11 01:24:38.354] [info] ExternalForce::externalforce_0 Data source being set to Run_500 02_newCOP3_v24.mot
[2023-03-11 01:24:39.182] [info] InverseDynamicsTool: 115 time frames in 736 millisecond(s).
[2023-12-06 03:19:51.217] [info] ExternalForce::externalforce Data source being set to Run_500 02_newCOP3_v24.mot
[2023-12-06 03:19:51.218] [info] ExternalForce::externalforce_0 Data source being set to Run_500 02_newCOP3_v24.mot
[2023-12-06 03:19:51.517] [info] ExternalForce::externalforce Data source being set to Run_500 02_newCOP3_v24.mot
[2023-12-06 03:19:51.517] [info] ExternalForce::externalforce_0 Data source being set to Run_500 02_newCOP3_v24.mot
[2023-12-06 03:19:51.610] [info] ExternalForce::externalforce Data source being set to Run_500 02_newCOP3_v24.mot
[2023-12-06 03:19:51.610] [info] ExternalForce::externalforce_0 Data source being set to Run_500 02_newCOP3_v24.mot
[2023-12-06 03:19:51.668] [info] ExternalForce::externalforce Data source being set to Run_500 02_newCOP3_v24.mot
[2023-12-06 03:19:51.668] [info] ExternalForce::externalforce_0 Data source being set to Run_500 02_newCOP3_v24.mot
[2023-12-06 03:19:51.740] [info] ExternalForce::externalforce Data source being set to Run_500 02_newCOP3_v24.mot
[2023-12-06 03:19:51.740] [info] ExternalForce::externalforce_0 Data source being set to Run_500 02_newCOP3_v24.mot
[2023-12-06 03:19:51.805] [info] ExternalForce::externalforce Data source being set to Run_500 02_newCOP3_v24.mot
[2023-12-06 03:19:51.805] [info] ExternalForce::externalforce_0 Data source being set to Run_500 02_newCOP3_v24.mot
[2023-12-06 03:19:51.876] [info] ExternalForce::externalforce Data source being set to Run_500 02_newCOP3_v24.mot
[2023-12-06 03:19:51.876] [info] ExternalForce::externalforce_0 Data source being set to Run_500 02_newCOP3_v24.mot
[2023-12-06 03:19:51.937] [info] ExternalForce::externalforce Data source being set to Run_500 02_newCOP3_v24.mot
[2023-12-06 03:19:51.937] [info] ExternalForce::externalforce_0 Data source being set to Run_500 02_newCOP3_v24.mot
[2023-12-06 03:19:52.005] [info] ExternalForce::externalforce Data source being set to Run_500 02_newCOP3_v24.mot
[2023-12-06 03:19:52.005] [info] ExternalForce::externalforce_0 Data source being set to Run_500 02_newCOP3_v24.mot
[2023-12-06 03:19:52.061] [info] ExternalForce::externalforce Data source being set to Run_500 02_newCOP3_v24.mot
[2023-12-06 03:19:52.061] [info] ExternalForce::externalforce_0 Data source being set to Run_500 02_newCOP3_v24.mot
[2023-12-06 03:19:52.128] [info] ExternalForce::externalforce Data source being set to Run_500 02_newCOP3_v24.mot
[2023-12-06 03:19:52.128] [info] ExternalForce::externalforce_0 Data source being set to Run_500 02_newCOP3_v24.mot
[2023-12-06 03:19:52.186] [info] ExternalForce::externalforce Data source being set to Run_500 02_newCOP3_v24.mot
[2023-12-06 03:19:52.186] [info] ExternalForce::externalforce_0 Data source being set to Run_500 02_newCOP3_v24.mot
[2023-12-06 03:19:52.255] [info] ExternalForce::externalforce Data source being set to Run_500 02_newCOP3_v24.mot
[2023-12-06 03:19:52.255] [info] ExternalForce::externalforce_0 Data source being set to Run_500 02_newCOP3_v24.mot
[2023-12-06 03:19:52.315] [info] ExternalForce::externalforce Data source being set to Run_500 02_newCOP3_v24.mot
[2023-12-06 03:19:52.315] [info] ExternalForce::externalforce_0 Data source being set to Run_500 02_newCOP3_v24.mot
[2023-12-06 03:19:52.383] [info] ExternalForce::externalforce Data source being set to Run_500 02_newCOP3_v24.mot
[2023-12-06 03:19:52.383] [info] ExternalForce::externalforce_0 Data source being set to Run_500 02_newCOP3_v24.mot
[2023-12-06 03:19:52.445] [info] ExternalForce::externalforce Data source being set to Run_500 02_newCOP3_v24.mot
[2023-12-06 03:19:52.445] [info] ExternalForce::externalforce_0 Data source being set to Run_500 02_newCOP3_v24.mot
[2023-12-06 03:19:52.513] [info] ExternalForce::externalforce Data source being set to Run_500 02_newCOP3_v24.mot
[2023-12-06 03:19:52.513] [info] ExternalForce::externalforce_0 Data source being set to Run_500 02_newCOP3_v24.mot
[2023-12-06 03:19:52.573] [info] ExternalForce::externalforce Data source being set to Run_500 02_newCOP3_v24.mot
[2023-12-06 03:19:52.573] [info] ExternalForce::externalforce_0 Data source being set to Run_500 02_newCOP3_v24.mot
[2023-12-06 03:19:52.643] [info] ExternalForce::externalforce Data source being set to Run_500 02_newCOP3_v24.mot
[2023-12-06 03:19:52.643] [info] ExternalForce::externalforce_0 Data source being set to Run_500 02_newCOP3_v24.mot
[2023-12-06 03:19:52.705] [info] ExternalForce::externalforce Data source being set to Run_500 02_newCOP3_v24.mot
[2023-12-06 03:19:52.705] [info] ExternalForce::externalforce_0 Data source being set to Run_500 02_newCOP3_v24.mot
[2023-12-06 03:19:52.779] [info] ExternalForce::externalforce Data source being set to Run_500 02_newCOP3_v24.mot
[2023-12-06 03:19:52.779] [info] ExternalForce::externalforce_0 Data source being set to Run_500 02_newCOP3_v24.mot
[2023-12-06 03:19:52.840] [info] ExternalForce::externalforce Data source being set to Run_500 02_newCOP3_v24.mot
[2023-12-06 03:19:52.840] [info] ExternalForce::externalforce_0 Data source being set to Run_500 02_newCOP3_v24.mot
[2023-12-06 03:19:53.193] [info] ExternalForce::externalforce Data source being set to Run_500 02_newCOP3_v24.mot
[2023-12-06 03:19:53.193] [info] ExternalForce::externalforce_0 Data source being set to Run_500 02_newCOP3_v24.mot
[2023-12-06 03:19:53.248] [info] ExternalForce::externalforce Data source being set to Run_500 02_newCOP3_v24.mot
[2023-12-06 03:19:53.248] [info] ExternalForce::externalforce_0 Data source being set to Run_500 02_newCOP3_v24.mot
[2023-12-06 03:19:53.311] [info] ExternalForce::externalforce Data source being set to Run_500 02_newCOP3_v24.mot
[2023-12-06 03:19:53.311] [info] ExternalForce::externalforce_0 Data source being set to Run_500 02_newCOP3_v24.mot
[2023-12-06 03:19:53.368] [info] ExternalForce::externalforce Data source being set to Run_500 02_newCOP3_v24.mot
[2023-12-06 03:19:53.368] [info] ExternalForce::externalforce_0 Data source being set to Run_500 02_newCOP3_v24.mot
[2023-12-06 03:19:53.463] [info] ExternalForce::externalforce Data source being set to Run_500 02_newCOP3_v24.mot
[2023-12-06 03:19:53.463] [info] ExternalForce::externalforce_0 Data source being set to Run_500 02_newCOP3_v24.mot
[2023-12-06 03:19:53.517] [info] ExternalForce::externalforce Data source being set to Run_500 02_newCOP3_v24.mot
[2023-12-06 03:19:53.518] [info] ExternalForce::externalforce_0 Data source being set to Run_500 02_newCOP3_v24.mot
[2023-12-06 03:19:53.587] [info] ExternalForce::externalforce Data source being set to Run_500 02_newCOP3_v24.mot
[2023-12-06 03:19:53.587] [info] ExternalForce::externalforce_0 Data source being set to Run_500 02_newCOP3_v24.mot
[2023-12-06 03:19:53.641] [info] ExternalForce::externalforce Data source being set to Run_500 02_newCOP3_v24.mot
[2023-12-06 03:19:53.641] [info] ExternalForce::externalforce_0 Data source being set to Run_500 02_newCOP3_v24.mot
[2023-12-06 03:19:53.657] [info] ========================================================================
[2023-12-06 03:19:53.657] [info] MocoCasADiSolver starting.
[2023-12-06 03:19:53.657] [info] Wed Dec  6 03:19:53 2023
[2023-12-06 03:19:53.657] [info] ------------------------------------------------------------------------
[2023-12-06 03:19:53.657] [cout] [info] Costs: (total: 2)
[2023-12-06 03:19:53.657] [cout] [info]   state_tracking. MocoStateTrackingGoal, enabled: true, mode: cost, weight: 1.0
[2023-12-06 03:19:53.657] [cout] [info]         state: /jointset/ground_pelvis/pelvis_tilt/value, weight: 750.0
[2023-12-06 03:19:53.657] [cout] [info]         state: /jointset/ground_pelvis/pelvis_list/value, weight: 250.0
[2023-12-06 03:19:53.658] [cout] [info]         state: /jointset/ground_pelvis/pelvis_rotation/value, weight: 50.0
[2023-12-06 03:19:53.658] [cout] [info]         state: /jointset/ground_pelvis/pelvis_tx/value, weight: 25.0
[2023-12-06 03:19:53.658] [cout] [info]         state: /jointset/ground_pelvis/pelvis_ty/value, weight: 100.0
[2023-12-06 03:19:53.658] [cout] [info]         state: /jointset/ground_pelvis/pelvis_tz/value, weight: 25.0
[2023-12-06 03:19:53.658] [cout] [info]         state: /jointset/hip_r/hip_flexion_r/value, weight: 75.0
[2023-12-06 03:19:53.658] [cout] [info]         state: /jointset/hip_r/hip_adduction_r/value, weight: 50.0
[2023-12-06 03:19:53.658] [cout] [info]         state: /jointset/hip_r/hip_rotation_r/value, weight: 10.0
[2023-12-06 03:19:53.658] [cout] [info]         state: /jointset/knee_r/knee_angle_r/value, weight: 10.0
[2023-12-06 03:19:53.658] [cout] [info]         state: /jointset/ankle_r/ankle_angle_r/value, weight: 10.0
[2023-12-06 03:19:53.658] [cout] [info]         state: /jointset/hip_l/hip_flexion_l/value, weight: 75.0
[2023-12-06 03:19:53.658] [cout] [info]         state: /jointset/hip_l/hip_adduction_l/value, weight: 50.0
[2023-12-06 03:19:53.658] [cout] [info]         state: /jointset/hip_l/hip_rotation_l/value, weight: 10.0
[2023-12-06 03:19:53.658] [cout] [info]         state: /jointset/knee_l/knee_angle_l/value, weight: 10.0
[2023-12-06 03:19:53.658] [cout] [info]         state: /jointset/ankle_l/ankle_angle_l/value, weight: 10.0
[2023-12-06 03:19:53.658] [cout] [info]         state: /jointset/back/lumbar_extension/value, weight: 75.0
[2023-12-06 03:19:53.658] [cout] [info]         state: /jointset/back/lumbar_bending/value, weight: 50.0
[2023-12-06 03:19:53.658] [cout] [info]         state: /jointset/back/lumbar_rotation/value, weight: 25.0
[2023-12-06 03:19:53.658] [cout] [info]         state: /jointset/acromial_r/arm_flex_r/value, weight: 1.0
[2023-12-06 03:19:53.658] [cout] [info]         state: /jointset/acromial_r/arm_add_r/value, weight: 1.0
[2023-12-06 03:19:53.658] [cout] [info]         state: /jointset/acromial_r/arm_rot_r/value, weight: 1.0
[2023-12-06 03:19:53.658] [cout] [info]         state: /jointset/elbow_r/elbow_flex_r/value, weight: 1.0
[2023-12-06 03:19:53.658] [cout] [info]         state: /jointset/radioulnar_r/pro_sup_r/value, weight: 1.0
[2023-12-06 03:19:53.658] [cout] [info]         state: /jointset/acromial_l/arm_flex_l/value, weight: 1.0
[2023-12-06 03:19:53.658] [cout] [info]         state: /jointset/acromial_l/arm_add_l/value, weight: 1.0
[2023-12-06 03:19:53.658] [cout] [info]         state: /jointset/acromial_l/arm_rot_l/value, weight: 1.0
[2023-12-06 03:19:53.658] [cout] [info]         state: /jointset/elbow_l/elbow_flex_l/value, weight: 1.0
[2023-12-06 03:19:53.658] [cout] [info]         state: /jointset/radioulnar_l/pro_sup_l/value, weight: 1.0
[2023-12-06 03:19:53.658] [cout] [info]         state: /jointset/subtalar_r/subtalar_angle_r/value, weight: 0.0
[2023-12-06 03:19:53.658] [cout] [info]         state: /jointset/mtp_r/mtp_angle_r/value, weight: 0.0
[2023-12-06 03:19:53.658] [cout] [info]         state: /jointset/subtalar_l/subtalar_angle_l/value, weight: 0.0
[2023-12-06 03:19:53.658] [cout] [info]         state: /jointset/mtp_l/mtp_angle_l/value, weight: 0.0
[2023-12-06 03:19:53.658] [cout] [info]         state: /jointset/radius_hand_r/wrist_flex_r/value, weight: 0.0
[2023-12-06 03:19:53.658] [cout] [info]         state: /jointset/radius_hand_r/wrist_dev_r/value, weight: 0.0
[2023-12-06 03:19:53.658] [cout] [info]         state: /jointset/radius_hand_l/wrist_flex_l/value, weight: 0.0
[2023-12-06 03:19:53.658] [cout] [info]         state: /jointset/radius_hand_l/wrist_dev_l/value, weight: 0.0
[2023-12-06 03:19:53.658] [cout] [info]         state: /jointset/ground_pelvis/pelvis_tilt/speed, weight: 7.5
[2023-12-06 03:19:53.658] [cout] [info]         state: /jointset/ground_pelvis/pelvis_list/speed, weight: 2.5
[2023-12-06 03:19:53.658] [cout] [info]         state: /jointset/ground_pelvis/pelvis_rotation/speed, weight: 0.5
[2023-12-06 03:19:53.658] [cout] [info]         state: /jointset/ground_pelvis/pelvis_tx/speed, weight: 0.25
[2023-12-06 03:19:53.658] [cout] [info]         state: /jointset/ground_pelvis/pelvis_ty/speed, weight: 1.0
[2023-12-06 03:19:53.658] [cout] [info]         state: /jointset/ground_pelvis/pelvis_tz/speed, weight: 0.25
[2023-12-06 03:19:53.658] [cout] [info]         state: /jointset/hip_r/hip_flexion_r/speed, weight: 0.75
[2023-12-06 03:19:53.658] [cout] [info]         state: /jointset/hip_r/hip_adduction_r/speed, weight: 0.5
[2023-12-06 03:19:53.658] [cout] [info]         state: /jointset/hip_r/hip_rotation_r/speed, weight: 0.1
[2023-12-06 03:19:53.658] [cout] [info]         state: /jointset/knee_r/knee_angle_r/speed, weight: 0.1
[2023-12-06 03:19:53.658] [cout] [info]         state: /jointset/ankle_r/ankle_angle_r/speed, weight: 0.1
[2023-12-06 03:19:53.658] [cout] [info]         state: /jointset/subtalar_r/subtalar_angle_r/speed, weight: 0.0
[2023-12-06 03:19:53.658] [cout] [info]         state: /jointset/mtp_r/mtp_angle_r/speed, weight: 0.0
[2023-12-06 03:19:53.658] [cout] [info]         state: /jointset/hip_l/hip_flexion_l/speed, weight: 0.75
[2023-12-06 03:19:53.658] [cout] [info]         state: /jointset/hip_l/hip_adduction_l/speed, weight: 0.5
[2023-12-06 03:19:53.658] [cout] [info]         state: /jointset/hip_l/hip_rotation_l/speed, weight: 0.1
[2023-12-06 03:19:53.658] [cout] [info]         state: /jointset/knee_l/knee_angle_l/speed, weight: 0.1
[2023-12-06 03:19:53.658] [cout] [info]         state: /jointset/ankle_l/ankle_angle_l/speed, weight: 0.1
[2023-12-06 03:19:53.658] [cout] [info]         state: /jointset/subtalar_l/subtalar_angle_l/speed, weight: 0.0
[2023-12-06 03:19:53.658] [cout] [info]         state: /jointset/mtp_l/mtp_angle_l/speed, weight: 0.0
[2023-12-06 03:19:53.658] [cout] [info]         state: /jointset/back/lumbar_extension/speed, weight: 0.75
[2023-12-06 03:19:53.658] [cout] [info]         state: /jointset/back/lumbar_bending/speed, weight: 0.5
[2023-12-06 03:19:53.658] [cout] [info]         state: /jointset/back/lumbar_rotation/speed, weight: 0.25
[2023-12-06 03:19:53.658] [cout] [info]         state: /jointset/acromial_r/arm_flex_r/speed, weight: 0.01
[2023-12-06 03:19:53.658] [cout] [info]         state: /jointset/acromial_r/arm_add_r/speed, weight: 0.01
[2023-12-06 03:19:53.658] [cout] [info]         state: /jointset/acromial_r/arm_rot_r/speed, weight: 0.01
[2023-12-06 03:19:53.658] [cout] [info]         state: /jointset/elbow_r/elbow_flex_r/speed, weight: 0.01
[2023-12-06 03:19:53.658] [cout] [info]         state: /jointset/radioulnar_r/pro_sup_r/speed, weight: 0.01
[2023-12-06 03:19:53.658] [cout] [info]         state: /jointset/radius_hand_r/wrist_flex_r/speed, weight: 0.0
[2023-12-06 03:19:53.658] [cout] [info]         state: /jointset/radius_hand_r/wrist_dev_r/speed, weight: 0.0
[2023-12-06 03:19:53.658] [cout] [info]         state: /jointset/acromial_l/arm_flex_l/speed, weight: 0.01
[2023-12-06 03:19:53.658] [cout] [info]         state: /jointset/acromial_l/arm_add_l/speed, weight: 0.01
[2023-12-06 03:19:53.658] [cout] [info]         state: /jointset/acromial_l/arm_rot_l/speed, weight: 0.01
[2023-12-06 03:19:53.658] [cout] [info]         state: /jointset/elbow_l/elbow_flex_l/speed, weight: 0.01
[2023-12-06 03:19:53.658] [cout] [info]         state: /jointset/radioulnar_l/pro_sup_l/speed, weight: 0.01
[2023-12-06 03:19:53.658] [cout] [info]         state: /jointset/radius_hand_l/wrist_flex_l/speed, weight: 0.0
[2023-12-06 03:19:53.658] [cout] [info]         state: /jointset/radius_hand_l/wrist_dev_l/speed, weight: 0.0
[2023-12-06 03:19:53.658] [cout] [info]   control_effort. MocoControlGoal, enabled: true, mode: cost, weight: 0.00100000
[2023-12-06 03:19:53.658] [cout] [info]         control: /forceset/pelvis_tx_actuator, weight: 1.0
[2023-12-06 03:19:53.658] [cout] [info]         control: /forceset/pelvis_ty_actuator, weight: 1.0
[2023-12-06 03:19:53.658] [cout] [info]         control: /forceset/pelvis_tz_actuator, weight: 1.0
[2023-12-06 03:19:53.658] [cout] [info]         control: /forceset/pelvis_tilt_actuator, weight: 1.0
[2023-12-06 03:19:53.658] [cout] [info]         control: /forceset/pelvis_list_actuator, weight: 1.0
[2023-12-06 03:19:53.658] [cout] [info]         control: /forceset/pelvis_rotation_actuator, weight: 1.0
[2023-12-06 03:19:53.658] [cout] [info]         control: /forceset/hip_flexion_r_actuator, weight: 1.0
[2023-12-06 03:19:53.658] [cout] [info]         control: /forceset/hip_adduction_r_actuator, weight: 1.0
[2023-12-06 03:19:53.658] [cout] [info]         control: /forceset/hip_rotation_r_actuator, weight: 1.0
[2023-12-06 03:19:53.658] [cout] [info]         control: /forceset/knee_angle_r_actuator, weight: 1.0
[2023-12-06 03:19:53.658] [cout] [info]         control: /forceset/ankle_angle_r_actuator, weight: 1.0
[2023-12-06 03:19:53.658] [cout] [info]         control: /forceset/hip_flexion_l_actuator, weight: 1.0
[2023-12-06 03:19:53.658] [cout] [info]         control: /forceset/hip_adduction_l_actuator, weight: 1.0
[2023-12-06 03:19:53.658] [cout] [info]         control: /forceset/hip_rotation_l_actuator, weight: 1.0
[2023-12-06 03:19:53.658] [cout] [info]         control: /forceset/knee_angle_l_actuator, weight: 1.0
[2023-12-06 03:19:53.658] [cout] [info]         control: /forceset/ankle_angle_l_actuator, weight: 1.0
[2023-12-06 03:19:53.658] [cout] [info]         control: /forceset/lumbar_extension_actuator, weight: 1.0
[2023-12-06 03:19:53.658] [cout] [info]         control: /forceset/lumbar_bending_actuator, weight: 1.0
[2023-12-06 03:19:53.658] [cout] [info]         control: /forceset/lumbar_rotation_actuator, weight: 1.0
[2023-12-06 03:19:53.658] [cout] [info]         control: /forceset/arm_flex_r_actuator, weight: 1.0
[2023-12-06 03:19:53.658] [cout] [info]         control: /forceset/arm_add_r_actuator, weight: 1.0
[2023-12-06 03:19:53.658] [cout] [info]         control: /forceset/arm_rot_r_actuator, weight: 1.0
[2023-12-06 03:19:53.658] [cout] [info]         control: /forceset/elbow_flex_r_actuator, weight: 1.0
[2023-12-06 03:19:53.658] [cout] [info]         control: /forceset/pro_sup_r_actuator, weight: 1.0
[2023-12-06 03:19:53.658] [cout] [info]         control: /forceset/arm_flex_l_actuator, weight: 1.0
[2023-12-06 03:19:53.658] [cout] [info]         control: /forceset/arm_add_l_actuator, weight: 1.0
[2023-12-06 03:19:53.658] [cout] [info]         control: /forceset/arm_rot_l_actuator, weight: 1.0
[2023-12-06 03:19:53.658] [cout] [info]         control: /forceset/elbow_flex_l_actuator, weight: 1.0
[2023-12-06 03:19:53.658] [cout] [info]         control: /forceset/pro_sup_l_actuator, weight: 1.0
[2023-12-06 03:19:53.658] [cout] [info] Endpoint constraints: none
[2023-12-06 03:19:53.658] [cout] [info] Kinematic constraints: (total: 8)
[2023-12-06 03:19:53.658] [cout] [info]   kinematic_constraint_cid27. MocoConstraintInfo. number of scalar equations: 3. bounds: 0, 0, 0
[2023-12-06 03:19:53.658] [cout] [info]   kinematic_constraint_cid28. MocoConstraintInfo. number of scalar equations: 3. bounds: 0, 0, 0
[2023-12-06 03:19:53.658] [cout] [info]   kinematic_constraint_cid31. MocoConstraintInfo. number of scalar equations: 3. bounds: 0, 0, 0
[2023-12-06 03:19:53.658] [cout] [info]   kinematic_constraint_cid32. MocoConstraintInfo. number of scalar equations: 3. bounds: 0, 0, 0
[2023-12-06 03:19:53.658] [cout] [info]   kinematic_constraint_cid33. MocoConstraintInfo. number of scalar equations: 3. bounds: 0, 0, 0
[2023-12-06 03:19:53.658] [cout] [info]   kinematic_constraint_cid34. MocoConstraintInfo. number of scalar equations: 3. bounds: 0, 0, 0
[2023-12-06 03:19:53.658] [cout] [info]   kinematic_constraint_cid35. MocoConstraintInfo. number of scalar equations: 3. bounds: 0, 0, 0
[2023-12-06 03:19:53.658] [cout] [info]   kinematic_constraint_cid36. MocoConstraintInfo. number of scalar equations: 3. bounds: 0, 0, 0
[2023-12-06 03:19:53.658] [cout] [info] Path constraints: none
[2023-12-06 03:19:53.659] [cout] [info] States: (total: 74)
[2023-12-06 03:19:53.659] [cout] [info]   /jointset/ground_pelvis/pelvis_tilt/value. bounds: [-0.276484, 0.250485]
[2023-12-06 03:19:53.659] [cout] [info]   /jointset/ground_pelvis/pelvis_list/value. bounds: [-0.361095, 0.376563]
[2023-12-06 03:19:53.659] [cout] [info]   /jointset/radioulnar_r/pro_sup_r/value. bounds: [1.05595, 1.48388]
[2023-12-06 03:19:53.659] [cout] [info]   /jointset/ground_pelvis/pelvis_rotation/value. bounds: [-0.280593, 0.240926]
[2023-12-06 03:19:53.659] [cout] [info]   /jointset/ground_pelvis/pelvis_tx/value. bounds: [0.515085, 1.13459]
[2023-12-06 03:19:53.659] [cout] [info]   /jointset/elbow_r/elbow_flex_r/value. bounds: [1.27267, 2.14934]
[2023-12-06 03:19:53.659] [cout] [info]   /jointset/ground_pelvis/pelvis_ty/value. bounds: [0.834745, 1.1174]
[2023-12-06 03:19:53.659] [cout] [info]   /jointset/radius_hand_l/wrist_flex_l/speed. bounds: [-50, 50]
[2023-12-06 03:19:53.659] [cout] [info]   /jointset/ground_pelvis/pelvis_tz/value. bounds: [-0.54982, -0.079774]
[2023-12-06 03:19:53.659] [cout] [info]   /jointset/hip_r/hip_adduction_r/speed. bounds: [-50, 50]
[2023-12-06 03:19:53.659] [cout] [info]   /jointset/ankle_r/ankle_angle_r/value. bounds: [-0.754264, 0.63306]
[2023-12-06 03:19:53.659] [cout] [info]   /jointset/hip_r/hip_flexion_r/value. bounds: [-0.73638, 0.975299]
[2023-12-06 03:19:53.659] [cout] [info]   /jointset/hip_r/hip_adduction_r/value. bounds: [-0.303081, 0.417691]
[2023-12-06 03:19:53.659] [cout] [info]   /jointset/back/lumbar_rotation/speed. bounds: [-50, 50]
[2023-12-06 03:19:53.659] [cout] [info]   /jointset/hip_r/hip_rotation_r/value. bounds: [-0.190854, 0.21577]
[2023-12-06 03:19:53.659] [cout] [info]   /jointset/mtp_l/mtp_angle_l/speed. bounds: [-50, 50]
[2023-12-06 03:19:53.659] [cout] [info]   /jointset/knee_r/knee_angle_r/value. bounds: [-2.27481, 0.142473]
[2023-12-06 03:19:53.659] [cout] [info]   /jointset/subtalar_r/subtalar_angle_r/value. bounds: [-1.5708, 1.5708]
[2023-12-06 03:19:53.659] [cout] [info]   /jointset/hip_l/hip_flexion_l/value. bounds: [-0.667983, 1.03643]
[2023-12-06 03:19:53.659] [cout] [info]   /jointset/hip_l/hip_adduction_l/value. bounds: [-0.294005, 0.423309]
[2023-12-06 03:19:53.659] [cout] [info]   /jointset/hip_l/hip_rotation_l/value. bounds: [-0.188614, 0.29205]
[2023-12-06 03:19:53.659] [cout] [info]   /jointset/knee_l/knee_angle_l/value. bounds: [-2.29341, 0.204664]
[2023-12-06 03:19:53.659] [cout] [info]   /jointset/knee_r/knee_angle_r/speed. bounds: [-50, 50]
[2023-12-06 03:19:53.659] [cout] [info]   /jointset/ankle_l/ankle_angle_l/value. bounds: [-0.759982, 0.641515]
[2023-12-06 03:19:53.659] [cout] [info]   /jointset/back/lumbar_extension/value. bounds: [-0.537522, 0.125783]
[2023-12-06 03:19:53.659] [cout] [info]   /jointset/back/lumbar_bending/value. bounds: [-0.386869, 0.246298]
[2023-12-06 03:19:53.659] [cout] [info]   /jointset/back/lumbar_rotation/value. bounds: [-0.409979, 0.371371]
[2023-12-06 03:19:53.659] [cout] [info]   /jointset/acromial_r/arm_flex_r/value. bounds: [-0.905475, -0.0959302]
[2023-12-06 03:19:53.659] [cout] [info]   /jointset/acromial_r/arm_add_r/value. bounds: [-0.665249, -0.149734]
[2023-12-06 03:19:53.659] [cout] [info]   /jointset/acromial_r/arm_rot_r/value. bounds: [-0.480103, 0.0743413]
[2023-12-06 03:19:53.659] [cout] [info]   /jointset/acromial_l/arm_flex_l/value. bounds: [-0.964583, 0.138874]
[2023-12-06 03:19:53.659] [cout] [info]   /jointset/acromial_l/arm_add_l/value. bounds: [-0.67476, -0.184579]
[2023-12-06 03:19:53.659] [cout] [info]   /jointset/acromial_l/arm_rot_l/value. bounds: [-0.450084, 0.281468]
[2023-12-06 03:19:53.659] [cout] [info]   /jointset/elbow_l/elbow_flex_l/value. bounds: [1.06943, 2.2192]
[2023-12-06 03:19:53.659] [cout] [info]   /jointset/radioulnar_l/pro_sup_l/value. bounds: [1.50816, 2.04113]
[2023-12-06 03:19:53.659] [cout] [info]   /jointset/ground_pelvis/pelvis_tilt/speed. bounds: [-50, 50]
[2023-12-06 03:19:53.659] [cout] [info]   /jointset/ground_pelvis/pelvis_list/speed. bounds: [-50, 50]
[2023-12-06 03:19:53.659] [cout] [info]   /jointset/radioulnar_r/pro_sup_r/speed. bounds: [-50, 50]
[2023-12-06 03:19:53.659] [cout] [info]   /jointset/ground_pelvis/pelvis_rotation/speed. bounds: [-50, 50]
[2023-12-06 03:19:53.659] [cout] [info]   /jointset/ground_pelvis/pelvis_tx/speed. bounds: [-50, 50]
[2023-12-06 03:19:53.659] [cout] [info]   /jointset/elbow_r/elbow_flex_r/speed. bounds: [-50, 50]
[2023-12-06 03:19:53.659] [cout] [info]   /jointset/ground_pelvis/pelvis_ty/speed. bounds: [-50, 50]
[2023-12-06 03:19:53.659] [cout] [info]   /jointset/ground_pelvis/pelvis_tz/speed. bounds: [-50, 50]
[2023-12-06 03:19:53.659] [cout] [info]   /jointset/ankle_r/ankle_angle_r/speed. bounds: [-50, 50]
[2023-12-06 03:19:53.659] [cout] [info]   /jointset/hip_r/hip_flexion_r/speed. bounds: [-50, 50]
[2023-12-06 03:19:53.659] [cout] [info]   /jointset/hip_r/hip_rotation_r/speed. bounds: [-50, 50]
[2023-12-06 03:19:53.659] [cout] [info]   /jointset/hip_l/hip_flexion_l/speed. bounds: [-50, 50]
[2023-12-06 03:19:53.659] [cout] [info]   /jointset/subtalar_r/subtalar_angle_r/speed. bounds: [-50, 50]
[2023-12-06 03:19:53.659] [cout] [info]   /jointset/mtp_r/mtp_angle_r/value. bounds: [-1.5708, 1.5708]
[2023-12-06 03:19:53.659] [cout] [info]   /jointset/mtp_r/mtp_angle_r/speed. bounds: [-50, 50]
[2023-12-06 03:19:53.659] [cout] [info]   /jointset/hip_l/hip_adduction_l/speed. bounds: [-50, 50]
[2023-12-06 03:19:53.659] [cout] [info]   /jointset/hip_l/hip_rotation_l/speed. bounds: [-50, 50]
[2023-12-06 03:19:53.659] [cout] [info]   /jointset/knee_l/knee_angle_l/speed. bounds: [-50, 50]
[2023-12-06 03:19:53.659] [cout] [info]   /jointset/ankle_l/ankle_angle_l/speed. bounds: [-50, 50]
[2023-12-06 03:19:53.659] [cout] [info]   /jointset/subtalar_l/subtalar_angle_l/value. bounds: [-1.5708, 1.5708]
[2023-12-06 03:19:53.659] [cout] [info]   /jointset/subtalar_l/subtalar_angle_l/speed. bounds: [-50, 50]
[2023-12-06 03:19:53.659] [cout] [info]   /jointset/mtp_l/mtp_angle_l/value. bounds: [-1.0472, 1.0472]
[2023-12-06 03:19:53.659] [cout] [info]   /jointset/back/lumbar_extension/speed. bounds: [-50, 50]
[2023-12-06 03:19:53.659] [cout] [info]   /jointset/back/lumbar_bending/speed. bounds: [-50, 50]
[2023-12-06 03:19:53.659] [cout] [info]   /jointset/acromial_r/arm_flex_r/speed. bounds: [-50, 50]
[2023-12-06 03:19:53.659] [cout] [info]   /jointset/acromial_r/arm_add_r/speed. bounds: [-50, 50]
[2023-12-06 03:19:53.659] [cout] [info]   /jointset/acromial_r/arm_rot_r/speed. bounds: [-50, 50]
[2023-12-06 03:19:53.659] [cout] [info]   /jointset/radius_hand_r/wrist_flex_r/value. bounds: [-1.22173, 1.22173]
[2023-12-06 03:19:53.659] [cout] [info]   /jointset/radius_hand_r/wrist_flex_r/speed. bounds: [-50, 50]
[2023-12-06 03:19:53.659] [cout] [info]   /jointset/radius_hand_r/wrist_dev_r/value. bounds: [-0.436332, 0.610865]
[2023-12-06 03:19:53.659] [cout] [info]   /jointset/radius_hand_r/wrist_dev_r/speed. bounds: [-50, 50]
[2023-12-06 03:19:53.659] [cout] [info]   /jointset/acromial_l/arm_flex_l/speed. bounds: [-50, 50]
[2023-12-06 03:19:53.659] [cout] [info]   /jointset/acromial_l/arm_add_l/speed. bounds: [-50, 50]
[2023-12-06 03:19:53.659] [cout] [info]   /jointset/acromial_l/arm_rot_l/speed. bounds: [-50, 50]
[2023-12-06 03:19:53.659] [cout] [info]   /jointset/elbow_l/elbow_flex_l/speed. bounds: [-50, 50]
[2023-12-06 03:19:53.659] [cout] [info]   /jointset/radioulnar_l/pro_sup_l/speed. bounds: [-50, 50]
[2023-12-06 03:19:53.659] [cout] [info]   /jointset/radius_hand_l/wrist_flex_l/value. bounds: [-1.22173, 1.22173]
[2023-12-06 03:19:53.659] [cout] [info]   /jointset/radius_hand_l/wrist_dev_l/value. bounds: [-0.436332, 0.610865]
[2023-12-06 03:19:53.659] [cout] [info]   /jointset/radius_hand_l/wrist_dev_l/speed. bounds: [-50, 50]
[2023-12-06 03:19:53.659] [cout] [info] Controls: (total: 29)
[2023-12-06 03:19:53.659] [cout] [info]   /forceset/pelvis_tx_actuator. bounds: [-10000, 10000]
[2023-12-06 03:19:53.659] [cout] [info]   /forceset/pelvis_ty_actuator. bounds: [-10000, 10000]
[2023-12-06 03:19:53.659] [cout] [info]   /forceset/pelvis_tz_actuator. bounds: [-10000, 10000]
[2023-12-06 03:19:53.659] [cout] [info]   /forceset/arm_flex_r_actuator. bounds: [-1, 1]
[2023-12-06 03:19:53.659] [cout] [info]   /forceset/hip_rotation_r_actuator. bounds: [-1, 1]
[2023-12-06 03:19:53.659] [cout] [info]   /forceset/pelvis_tilt_actuator. bounds: [-10000, 10000]
[2023-12-06 03:19:53.659] [cout] [info]   /forceset/pelvis_list_actuator. bounds: [-10000, 10000]
[2023-12-06 03:19:53.659] [cout] [info]   /forceset/pelvis_rotation_actuator. bounds: [-10000, 10000]
[2023-12-06 03:19:53.659] [cout] [info]   /forceset/elbow_flex_l_actuator. bounds: [-1, 1]
[2023-12-06 03:19:53.659] [cout] [info]   /forceset/hip_adduction_l_actuator. bounds: [-1, 1]
[2023-12-06 03:19:53.659] [cout] [info]   /forceset/hip_flexion_r_actuator. bounds: [-1, 1]
[2023-12-06 03:19:53.659] [cout] [info]   /forceset/elbow_flex_r_actuator. bounds: [-1, 1]
[2023-12-06 03:19:53.659] [cout] [info]   /forceset/hip_flexion_l_actuator. bounds: [-1, 1]
[2023-12-06 03:19:53.660] [cout] [info]   /forceset/hip_adduction_r_actuator. bounds: [-1, 1]
[2023-12-06 03:19:53.660] [cout] [info]   /forceset/knee_angle_r_actuator. bounds: [-1, 1]
[2023-12-06 03:19:53.660] [cout] [info]   /forceset/lumbar_rotation_actuator. bounds: [-1, 1]
[2023-12-06 03:19:53.660] [cout] [info]   /forceset/ankle_angle_r_actuator. bounds: [-1, 1]
[2023-12-06 03:19:53.660] [cout] [info]   /forceset/arm_flex_l_actuator. bounds: [-1, 1]
[2023-12-06 03:19:53.660] [cout] [info]   /forceset/hip_rotation_l_actuator. bounds: [-1, 1]
[2023-12-06 03:19:53.660] [cout] [info]   /forceset/knee_angle_l_actuator. bounds: [-1, 1]
[2023-12-06 03:19:53.660] [cout] [info]   /forceset/ankle_angle_l_actuator. bounds: [-1, 1]
[2023-12-06 03:19:53.660] [cout] [info]   /forceset/lumbar_extension_actuator. bounds: [-1, 1]
[2023-12-06 03:19:53.660] [cout] [info]   /forceset/lumbar_bending_actuator. bounds: [-1, 1]
[2023-12-06 03:19:53.660] [cout] [info]   /forceset/arm_add_r_actuator. bounds: [-1, 1]
[2023-12-06 03:19:53.660] [cout] [info]   /forceset/arm_rot_r_actuator. bounds: [-1, 1]
[2023-12-06 03:19:53.660] [cout] [info]   /forceset/pro_sup_r_actuator. bounds: [-1, 1]
[2023-12-06 03:19:53.660] [cout] [info]   /forceset/arm_add_l_actuator. bounds: [-1, 1]
[2023-12-06 03:19:53.660] [cout] [info]   /forceset/arm_rot_l_actuator. bounds: [-1, 1]
[2023-12-06 03:19:53.660] [cout] [info]   /forceset/pro_sup_l_actuator. bounds: [-1, 1]
[2023-12-06 03:19:53.660] [cout] [info] Parameters: none
[2023-12-06 03:19:53.711] [info] ExternalForce::externalforce Data source being set to Run_500 02_newCOP3_v24.mot
[2023-12-06 03:19:53.711] [info] ExternalForce::externalforce_0 Data source being set to Run_500 02_newCOP3_v24.mot
[2023-12-06 03:19:53.766] [info] ExternalForce::externalforce Data source being set to Run_500 02_newCOP3_v24.mot
[2023-12-06 03:19:53.766] [info] ExternalForce::externalforce_0 Data source being set to Run_500 02_newCOP3_v24.mot
[2023-12-06 03:19:53.830] [info] ExternalForce::externalforce Data source being set to Run_500 02_newCOP3_v24.mot
[2023-12-06 03:19:53.830] [info] ExternalForce::externalforce_0 Data source being set to Run_500 02_newCOP3_v24.mot
[2023-12-06 03:19:53.885] [info] ExternalForce::externalforce Data source being set to Run_500 02_newCOP3_v24.mot
[2023-12-06 03:19:53.885] [info] ExternalForce::externalforce_0 Data source being set to Run_500 02_newCOP3_v24.mot
[2023-12-06 03:19:53.951] [info] ExternalForce::externalforce Data source being set to Run_500 02_newCOP3_v24.mot
[2023-12-06 03:19:53.951] [info] ExternalForce::externalforce_0 Data source being set to Run_500 02_newCOP3_v24.mot
[2023-12-06 03:19:54.009] [info] ExternalForce::externalforce Data source being set to Run_500 02_newCOP3_v24.mot
[2023-12-06 03:19:54.010] [info] ExternalForce::externalforce_0 Data source being set to Run_500 02_newCOP3_v24.mot
[2023-12-06 03:19:54.077] [info] ExternalForce::externalforce Data source being set to Run_500 02_newCOP3_v24.mot
[2023-12-06 03:19:54.077] [info] ExternalForce::externalforce_0 Data source being set to Run_500 02_newCOP3_v24.mot
[2023-12-06 03:19:54.135] [info] ExternalForce::externalforce Data source being set to Run_500 02_newCOP3_v24.mot
[2023-12-06 03:19:54.135] [info] ExternalForce::externalforce_0 Data source being set to Run_500 02_newCOP3_v24.mot
[2023-12-06 03:19:54.204] [info] ExternalForce::externalforce Data source being set to Run_500 02_newCOP3_v24.mot
[2023-12-06 03:19:54.204] [info] ExternalForce::externalforce_0 Data source being set to Run_500 02_newCOP3_v24.mot
[2023-12-06 03:19:54.263] [info] ExternalForce::externalforce Data source being set to Run_500 02_newCOP3_v24.mot
[2023-12-06 03:19:54.263] [info] ExternalForce::externalforce_0 Data source being set to Run_500 02_newCOP3_v24.mot
[2023-12-06 03:19:54.333] [info] ExternalForce::externalforce Data source being set to Run_500 02_newCOP3_v24.mot
[2023-12-06 03:19:54.333] [info] ExternalForce::externalforce_0 Data source being set to Run_500 02_newCOP3_v24.mot
[2023-12-06 03:19:54.394] [info] ExternalForce::externalforce Data source being set to Run_500 02_newCOP3_v24.mot
[2023-12-06 03:19:54.394] [info] ExternalForce::externalforce_0 Data source being set to Run_500 02_newCOP3_v24.mot
[2023-12-06 03:19:54.465] [info] ExternalForce::externalforce Data source being set to Run_500 02_newCOP3_v24.mot
[2023-12-06 03:19:54.465] [info] ExternalForce::externalforce_0 Data source being set to Run_500 02_newCOP3_v24.mot
[2023-12-06 03:19:54.528] [info] ExternalForce::externalforce Data source being set to Run_500 02_newCOP3_v24.mot
[2023-12-06 03:19:54.529] [info] ExternalForce::externalforce_0 Data source being set to Run_500 02_newCOP3_v24.mot
[2023-12-06 03:19:54.597] [info] ExternalForce::externalforce Data source being set to Run_500 02_newCOP3_v24.mot
[2023-12-06 03:19:54.598] [info] ExternalForce::externalforce_0 Data source being set to Run_500 02_newCOP3_v24.mot
[2023-12-06 03:19:54.659] [info] ExternalForce::externalforce Data source being set to Run_500 02_newCOP3_v24.mot
[2023-12-06 03:19:54.659] [info] ExternalForce::externalforce_0 Data source being set to Run_500 02_newCOP3_v24.mot
[2023-12-06 03:19:54.677] [info] Number of threads: 8
[2023-12-06 03:45:51.516] [info] Set log level to Info.
[2023-12-06 03:45:51.534] [info] ------------------------------------------------------------------------
[2023-12-06 03:45:51.534] [info] Elapsed real time: 1558 second(s) (25 minute(s), 58 second(s)).
[2023-12-06 03:45:51.534] [info] Wed Dec  6 03:45:51 2023
[2023-12-06 03:45:51.534] [info] MocoCasADiSolver succeeded!
[2023-12-06 03:45:51.534] [info] ========================================================================
