[2023-03-10 23:17:48.443] [info] Old version storage/motion file encountered
[2023-03-10 23:17:48.443] [info] Storage: read data file = ..\..\ik\Run_5.mot (nr=516 nc=164)
[2023-03-10 23:17:48.443] [info] .. assuming rotations in Degrees..
[2023-03-10 23:17:48.518] [info] Old version storage/motion file encountered
[2023-03-10 23:17:48.518] [info] Storage: read data file = ..\..\ik\Run_5.mot (nr=516 nc=164)
[2023-03-10 23:17:48.518] [info] .. assuming rotations in Degrees..
[2023-03-10 23:17:48.678] [info] Loaded model subject08_scaled from file ..\..\model\subject08_adjusted_scaled.osim
[2023-03-10 23:17:48.850] [info] Loaded model subject08_scaled from file ..\..\model\subject08_adjusted_scaled.osim
[2023-03-10 23:17:48.958] [warning] ExternalLoads 'externalloads' has subcomponents with duplicate name 'externalforce'. The duplicate is being renamed to 'externalforce_0'.
[2023-03-10 23:17:49.024] [info] ExternalForce::externalforce Data source being set to Run_500 03_newCOP3_v24.mot
[2023-03-10 23:17:49.024] [info] ExternalForce::externalforce_0 Data source being set to Run_500 03_newCOP3_v24.mot
[2023-03-10 23:17:49.111] [info] ExternalForce::externalforce Data source being set to Run_500 03_newCOP3_v24.mot
[2023-03-10 23:17:49.111] [info] ExternalForce::externalforce_0 Data source being set to Run_500 03_newCOP3_v24.mot
[2023-03-10 23:17:49.163] [info] ExternalForce::externalforce Data source being set to Run_500 03_newCOP3_v24.mot
[2023-03-10 23:17:49.163] [info] ExternalForce::externalforce_0 Data source being set to Run_500 03_newCOP3_v24.mot
[2023-03-10 23:17:49.235] [info] ExternalForce::externalforce Data source being set to Run_500 03_newCOP3_v24.mot
[2023-03-10 23:17:49.236] [info] ExternalForce::externalforce_0 Data source being set to Run_500 03_newCOP3_v24.mot
[2023-12-06 01:08:14.203] [info] Old version storage/motion file encountered
[2023-12-06 01:08:14.203] [info] Storage: read data file = ..\..\ik\Run_5.mot (nr=516 nc=164)
[2023-12-06 01:08:14.203] [info] .. assuming rotations in Degrees..
[2023-12-06 01:08:14.273] [info] Old version storage/motion file encountered
[2023-12-06 01:08:14.273] [info] Storage: read data file = ..\..\ik\Run_5.mot (nr=516 nc=164)
[2023-12-06 01:08:14.273] [info] .. assuming rotations in Degrees..
[2023-12-06 01:08:14.482] [info] Loaded model subject08_scaled from file ..\..\model\subject08_adjusted_scaled.osim
[2023-12-06 01:08:15.903] [info] Loaded model subject08_scaled from file ..\..\model\subject08_adjusted_scaled.osim
[2023-12-06 01:08:15.957] [warning] ExternalLoads 'externalloads' has subcomponents with duplicate name 'externalforce'. The duplicate is being renamed to 'externalforce_0'.
[2023-12-06 01:08:16.016] [info] ExternalForce::externalforce Data source being set to Run_500 03_newCOP3_v24.mot
[2023-12-06 01:08:16.016] [info] ExternalForce::externalforce_0 Data source being set to Run_500 03_newCOP3_v24.mot
[2023-12-06 01:08:16.095] [info] ExternalForce::externalforce Data source being set to Run_500 03_newCOP3_v24.mot
[2023-12-06 01:08:16.095] [info] ExternalForce::externalforce_0 Data source being set to Run_500 03_newCOP3_v24.mot
[2023-12-06 01:08:16.143] [info] ExternalForce::externalforce Data source being set to Run_500 03_newCOP3_v24.mot
[2023-12-06 01:08:16.143] [info] ExternalForce::externalforce_0 Data source being set to Run_500 03_newCOP3_v24.mot
[2023-12-06 01:08:16.211] [info] ExternalForce::externalforce Data source being set to Run_500 03_newCOP3_v24.mot
[2023-12-06 01:08:16.211] [info] ExternalForce::externalforce_0 Data source being set to Run_500 03_newCOP3_v24.mot
