[2023-03-10 22:08:02.478] [info] ExternalForce::externalforce Data source being set to Run_500 04_newCOP3_v24.mot
[2023-03-10 22:08:02.478] [info] ExternalForce::externalforce_0 Data source being set to Run_500 04_newCOP3_v24.mot
[2023-03-10 22:08:02.812] [info] ExternalForce::externalforce Data source being set to Run_500 04_newCOP3_v24.mot
[2023-03-10 22:08:02.813] [info] ExternalForce::externalforce_0 Data source being set to Run_500 04_newCOP3_v24.mot
[2023-03-10 22:08:03.005] [info] ExternalForce::externalforce Data source being set to Run_500 04_newCOP3_v24.mot
[2023-03-10 22:08:03.005] [info] ExternalForce::externalforce_0 Data source being set to Run_500 04_newCOP3_v24.mot
[2023-03-10 22:08:03.199] [info] ExternalForce::externalforce Data source being set to Run_500 04_newCOP3_v24.mot
[2023-03-10 22:08:03.199] [info] ExternalForce::externalforce_0 Data source being set to Run_500 04_newCOP3_v24.mot
[2023-03-10 22:08:03.389] [info] ExternalForce::externalforce Data source being set to Run_500 04_newCOP3_v24.mot
[2023-03-10 22:08:03.389] [info] ExternalForce::externalforce_0 Data source being set to Run_500 04_newCOP3_v24.mot
[2023-03-10 22:08:03.615] [info] ExternalForce::externalforce Data source being set to Run_500 04_newCOP3_v24.mot
[2023-03-10 22:08:03.615] [info] ExternalForce::externalforce_0 Data source being set to Run_500 04_newCOP3_v24.mot
[2023-03-10 22:08:03.855] [info] ExternalForce::externalforce Data source being set to Run_500 04_newCOP3_v24.mot
[2023-03-10 22:08:03.856] [info] ExternalForce::externalforce_0 Data source being set to Run_500 04_newCOP3_v24.mot
[2023-03-10 22:08:04.077] [info] ExternalForce::externalforce Data source being set to Run_500 04_newCOP3_v24.mot
[2023-03-10 22:08:04.077] [info] ExternalForce::externalforce_0 Data source being set to Run_500 04_newCOP3_v24.mot
[2023-03-10 22:08:04.263] [info] ExternalForce::externalforce Data source being set to Run_500 04_newCOP3_v24.mot
[2023-03-10 22:08:04.263] [info] ExternalForce::externalforce_0 Data source being set to Run_500 04_newCOP3_v24.mot
[2023-03-10 22:08:04.454] [info] ExternalForce::externalforce Data source being set to Run_500 04_newCOP3_v24.mot
[2023-03-10 22:08:04.454] [info] ExternalForce::externalforce_0 Data source being set to Run_500 04_newCOP3_v24.mot
[2023-03-10 22:08:04.625] [info] ExternalForce::externalforce Data source being set to Run_500 04_newCOP3_v24.mot
[2023-03-10 22:08:04.625] [info] ExternalForce::externalforce_0 Data source being set to Run_500 04_newCOP3_v24.mot
[2023-03-10 22:08:04.803] [info] ExternalForce::externalforce Data source being set to Run_500 04_newCOP3_v24.mot
[2023-03-10 22:08:04.803] [info] ExternalForce::externalforce_0 Data source being set to Run_500 04_newCOP3_v24.mot
[2023-03-10 22:08:05.027] [info] ExternalForce::externalforce Data source being set to Run_500 04_newCOP3_v24.mot
[2023-03-10 22:08:05.027] [info] ExternalForce::externalforce_0 Data source being set to Run_500 04_newCOP3_v24.mot
[2023-03-10 22:08:05.270] [info] ExternalForce::externalforce Data source being set to Run_500 04_newCOP3_v24.mot
[2023-03-10 22:08:05.270] [info] ExternalForce::externalforce_0 Data source being set to Run_500 04_newCOP3_v24.mot
[2023-03-10 22:08:05.468] [info] ExternalForce::externalforce Data source being set to Run_500 04_newCOP3_v24.mot
[2023-03-10 22:08:05.468] [info] ExternalForce::externalforce_0 Data source being set to Run_500 04_newCOP3_v24.mot
[2023-03-10 22:08:05.654] [info] ExternalForce::externalforce Data source being set to Run_500 04_newCOP3_v24.mot
[2023-03-10 22:08:05.654] [info] ExternalForce::externalforce_0 Data source being set to Run_500 04_newCOP3_v24.mot
[2023-03-10 22:08:05.836] [info] ExternalForce::externalforce Data source being set to Run_500 04_newCOP3_v24.mot
[2023-03-10 22:08:05.837] [info] ExternalForce::externalforce_0 Data source being set to Run_500 04_newCOP3_v24.mot
[2023-03-10 22:08:06.084] [info] ExternalForce::externalforce Data source being set to Run_500 04_newCOP3_v24.mot
[2023-03-10 22:08:06.084] [info] ExternalForce::externalforce_0 Data source being set to Run_500 04_newCOP3_v24.mot
[2023-03-10 22:08:06.291] [info] ExternalForce::externalforce Data source being set to Run_500 04_newCOP3_v24.mot
[2023-03-10 22:08:06.291] [info] ExternalForce::externalforce_0 Data source being set to Run_500 04_newCOP3_v24.mot
[2023-03-10 22:08:06.500] [info] ExternalForce::externalforce Data source being set to Run_500 04_newCOP3_v24.mot
[2023-03-10 22:08:06.500] [info] ExternalForce::externalforce_0 Data source being set to Run_500 04_newCOP3_v24.mot
[2023-03-10 22:08:06.706] [info] ExternalForce::externalforce Data source being set to Run_500 04_newCOP3_v24.mot
[2023-03-10 22:08:06.706] [info] ExternalForce::externalforce_0 Data source being set to Run_500 04_newCOP3_v24.mot
[2023-03-10 22:08:06.907] [info] ExternalForce::externalforce Data source being set to Run_500 04_newCOP3_v24.mot
[2023-03-10 22:08:06.907] [info] ExternalForce::externalforce_0 Data source being set to Run_500 04_newCOP3_v24.mot
[2023-03-10 22:08:07.538] [info] ExternalForce::externalforce Data source being set to Run_500 04_newCOP3_v24.mot
[2023-03-10 22:08:07.538] [info] ExternalForce::externalforce_0 Data source being set to Run_500 04_newCOP3_v24.mot
[2023-03-10 22:08:07.752] [info] ExternalForce::externalforce Data source being set to Run_500 04_newCOP3_v24.mot
[2023-03-10 22:08:07.752] [info] ExternalForce::externalforce_0 Data source being set to Run_500 04_newCOP3_v24.mot
[2023-03-10 22:08:07.949] [info] ExternalForce::externalforce Data source being set to Run_500 04_newCOP3_v24.mot
[2023-03-10 22:08:07.949] [info] ExternalForce::externalforce_0 Data source being set to Run_500 04_newCOP3_v24.mot
[2023-03-10 22:08:08.133] [info] ExternalForce::externalforce Data source being set to Run_500 04_newCOP3_v24.mot
[2023-03-10 22:08:08.133] [info] ExternalForce::externalforce_0 Data source being set to Run_500 04_newCOP3_v24.mot
[2023-03-10 22:08:08.342] [info] ExternalForce::externalforce Data source being set to Run_500 04_newCOP3_v24.mot
[2023-03-10 22:08:08.342] [info] ExternalForce::externalforce_0 Data source being set to Run_500 04_newCOP3_v24.mot
[2023-03-10 22:08:08.544] [info] ExternalForce::externalforce Data source being set to Run_500 04_newCOP3_v24.mot
[2023-03-10 22:08:08.544] [info] ExternalForce::externalforce_0 Data source being set to Run_500 04_newCOP3_v24.mot
[2023-03-10 22:08:08.717] [info] ExternalForce::externalforce Data source being set to Run_500 04_newCOP3_v24.mot
[2023-03-10 22:08:08.717] [info] ExternalForce::externalforce_0 Data source being set to Run_500 04_newCOP3_v24.mot
[2023-03-10 22:08:08.907] [info] ExternalForce::externalforce Data source being set to Run_500 04_newCOP3_v24.mot
[2023-03-10 22:08:08.907] [info] ExternalForce::externalforce_0 Data source being set to Run_500 04_newCOP3_v24.mot
[2023-03-10 22:08:08.938] [info] ========================================================================
[2023-03-10 22:08:08.938] [info] MocoCasADiSolver starting.
[2023-03-10 22:08:08.938] [info] Fri Mar 10 22:08:08 2023
[2023-03-10 22:08:08.938] [info] ------------------------------------------------------------------------
[2023-03-10 22:08:08.938] [cout] [info] Costs: (total: 2)
[2023-03-10 22:08:08.938] [cout] [info]   state_tracking. MocoStateTrackingGoal, enabled: true, mode: cost, weight: 1.0
[2023-03-10 22:08:08.938] [cout] [info]         state: /jointset/ground_pelvis/pelvis_tilt/value, weight: 750.0
[2023-03-10 22:08:08.938] [cout] [info]         state: /jointset/ground_pelvis/pelvis_list/value, weight: 250.0
[2023-03-10 22:08:08.938] [cout] [info]         state: /jointset/ground_pelvis/pelvis_rotation/value, weight: 50.0
[2023-03-10 22:08:08.938] [cout] [info]         state: /jointset/ground_pelvis/pelvis_tx/value, weight: 25.0
[2023-03-10 22:08:08.938] [cout] [info]         state: /jointset/ground_pelvis/pelvis_ty/value, weight: 100.0
[2023-03-10 22:08:08.939] [cout] [info]         state: /jointset/ground_pelvis/pelvis_tz/value, weight: 25.0
[2023-03-10 22:08:08.939] [cout] [info]         state: /jointset/hip_r/hip_flexion_r/value, weight: 75.0
[2023-03-10 22:08:08.939] [cout] [info]         state: /jointset/hip_r/hip_adduction_r/value, weight: 50.0
[2023-03-10 22:08:08.939] [cout] [info]         state: /jointset/hip_r/hip_rotation_r/value, weight: 10.0
[2023-03-10 22:08:08.939] [cout] [info]         state: /jointset/knee_r/knee_angle_r/value, weight: 10.0
[2023-03-10 22:08:08.939] [cout] [info]         state: /jointset/ankle_r/ankle_angle_r/value, weight: 10.0
[2023-03-10 22:08:08.939] [cout] [info]         state: /jointset/hip_l/hip_flexion_l/value, weight: 75.0
[2023-03-10 22:08:08.939] [cout] [info]         state: /jointset/hip_l/hip_adduction_l/value, weight: 50.0
[2023-03-10 22:08:08.939] [cout] [info]         state: /jointset/hip_l/hip_rotation_l/value, weight: 10.0
[2023-03-10 22:08:08.939] [cout] [info]         state: /jointset/knee_l/knee_angle_l/value, weight: 10.0
[2023-03-10 22:08:08.939] [cout] [info]         state: /jointset/ankle_l/ankle_angle_l/value, weight: 10.0
[2023-03-10 22:08:08.939] [cout] [info]         state: /jointset/back/lumbar_extension/value, weight: 75.0
[2023-03-10 22:08:08.939] [cout] [info]         state: /jointset/back/lumbar_bending/value, weight: 50.0
[2023-03-10 22:08:08.939] [cout] [info]         state: /jointset/back/lumbar_rotation/value, weight: 25.0
[2023-03-10 22:08:08.939] [cout] [info]         state: /jointset/acromial_r/arm_flex_r/value, weight: 1.0
[2023-03-10 22:08:08.939] [cout] [info]         state: /jointset/acromial_r/arm_add_r/value, weight: 1.0
[2023-03-10 22:08:08.939] [cout] [info]         state: /jointset/acromial_r/arm_rot_r/value, weight: 1.0
[2023-03-10 22:08:08.939] [cout] [info]         state: /jointset/elbow_r/elbow_flex_r/value, weight: 1.0
[2023-03-10 22:08:08.939] [cout] [info]         state: /jointset/radioulnar_r/pro_sup_r/value, weight: 1.0
[2023-03-10 22:08:08.939] [cout] [info]         state: /jointset/acromial_l/arm_flex_l/value, weight: 1.0
[2023-03-10 22:08:08.939] [cout] [info]         state: /jointset/acromial_l/arm_add_l/value, weight: 1.0
[2023-03-10 22:08:08.939] [cout] [info]         state: /jointset/acromial_l/arm_rot_l/value, weight: 1.0
[2023-03-10 22:08:08.939] [cout] [info]         state: /jointset/elbow_l/elbow_flex_l/value, weight: 1.0
[2023-03-10 22:08:08.939] [cout] [info]         state: /jointset/radioulnar_l/pro_sup_l/value, weight: 1.0
[2023-03-10 22:08:08.939] [cout] [info]         state: /jointset/subtalar_r/subtalar_angle_r/value, weight: 0.0
[2023-03-10 22:08:08.939] [cout] [info]         state: /jointset/mtp_r/mtp_angle_r/value, weight: 0.0
[2023-03-10 22:08:08.939] [cout] [info]         state: /jointset/subtalar_l/subtalar_angle_l/value, weight: 0.0
[2023-03-10 22:08:08.939] [cout] [info]         state: /jointset/mtp_l/mtp_angle_l/value, weight: 0.0
[2023-03-10 22:08:08.939] [cout] [info]         state: /jointset/radius_hand_r/wrist_flex_r/value, weight: 0.0
[2023-03-10 22:08:08.939] [cout] [info]         state: /jointset/radius_hand_r/wrist_dev_r/value, weight: 0.0
[2023-03-10 22:08:08.939] [cout] [info]         state: /jointset/radius_hand_l/wrist_flex_l/value, weight: 0.0
[2023-03-10 22:08:08.939] [cout] [info]         state: /jointset/radius_hand_l/wrist_dev_l/value, weight: 0.0
[2023-03-10 22:08:08.939] [cout] [info]   control_effort. MocoControlGoal, enabled: true, mode: cost, weight: 0.00100000
[2023-03-10 22:08:08.939] [cout] [info]         control: /forceset/pelvis_tx_actuator, weight: 1.0
[2023-03-10 22:08:08.939] [cout] [info]         control: /forceset/pelvis_ty_actuator, weight: 1.0
[2023-03-10 22:08:08.939] [cout] [info]         control: /forceset/pelvis_tz_actuator, weight: 1.0
[2023-03-10 22:08:08.940] [cout] [info]         control: /forceset/pelvis_tilt_actuator, weight: 1.0
[2023-03-10 22:08:08.940] [cout] [info]         control: /forceset/pelvis_list_actuator, weight: 1.0
[2023-03-10 22:08:08.940] [cout] [info]         control: /forceset/pelvis_rotation_actuator, weight: 1.0
[2023-03-10 22:08:08.940] [cout] [info]         control: /forceset/hip_flexion_r_actuator, weight: 1.0
[2023-03-10 22:08:08.940] [cout] [info]         control: /forceset/hip_adduction_r_actuator, weight: 1.0
[2023-03-10 22:08:08.940] [cout] [info]         control: /forceset/hip_rotation_r_actuator, weight: 1.0
[2023-03-10 22:08:08.940] [cout] [info]         control: /forceset/knee_angle_r_actuator, weight: 1.0
[2023-03-10 22:08:08.940] [cout] [info]         control: /forceset/ankle_angle_r_actuator, weight: 1.0
[2023-03-10 22:08:08.940] [cout] [info]         control: /forceset/hip_flexion_l_actuator, weight: 1.0
[2023-03-10 22:08:08.940] [cout] [info]         control: /forceset/hip_adduction_l_actuator, weight: 1.0
[2023-03-10 22:08:08.940] [cout] [info]         control: /forceset/hip_rotation_l_actuator, weight: 1.0
[2023-03-10 22:08:08.940] [cout] [info]         control: /forceset/knee_angle_l_actuator, weight: 1.0
[2023-03-10 22:08:08.940] [cout] [info]         control: /forceset/ankle_angle_l_actuator, weight: 1.0
[2023-03-10 22:08:08.940] [cout] [info]         control: /forceset/lumbar_extension_actuator, weight: 1.0
[2023-03-10 22:08:08.940] [cout] [info]         control: /forceset/lumbar_bending_actuator, weight: 1.0
[2023-03-10 22:08:08.940] [cout] [info]         control: /forceset/lumbar_rotation_actuator, weight: 1.0
[2023-03-10 22:08:08.940] [cout] [info]         control: /forceset/arm_flex_r_actuator, weight: 1.0
[2023-03-10 22:08:08.940] [cout] [info]         control: /forceset/arm_add_r_actuator, weight: 1.0
[2023-03-10 22:08:08.940] [cout] [info]         control: /forceset/arm_rot_r_actuator, weight: 1.0
[2023-03-10 22:08:08.940] [cout] [info]         control: /forceset/elbow_flex_r_actuator, weight: 1.0
[2023-03-10 22:08:08.940] [cout] [info]         control: /forceset/pro_sup_r_actuator, weight: 1.0
[2023-03-10 22:08:08.940] [cout] [info]         control: /forceset/arm_flex_l_actuator, weight: 1.0
[2023-03-10 22:08:08.940] [cout] [info]         control: /forceset/arm_add_l_actuator, weight: 1.0
[2023-03-10 22:08:08.940] [cout] [info]         control: /forceset/arm_rot_l_actuator, weight: 1.0
[2023-03-10 22:08:08.940] [cout] [info]         control: /forceset/elbow_flex_l_actuator, weight: 1.0
[2023-03-10 22:08:08.940] [cout] [info]         control: /forceset/pro_sup_l_actuator, weight: 1.0
[2023-03-10 22:08:08.940] [cout] [info] Endpoint constraints: none
[2023-03-10 22:08:08.940] [cout] [info] Kinematic constraints: (total: 8)
[2023-03-10 22:08:08.940] [cout] [info]   kinematic_constraint_cid27. MocoConstraintInfo. number of scalar equations: 3. bounds: 0, 0, 0
[2023-03-10 22:08:08.940] [cout] [info]   kinematic_constraint_cid28. MocoConstraintInfo. number of scalar equations: 3. bounds: 0, 0, 0
[2023-03-10 22:08:08.940] [cout] [info]   kinematic_constraint_cid31. MocoConstraintInfo. number of scalar equations: 3. bounds: 0, 0, 0
[2023-03-10 22:08:08.940] [cout] [info]   kinematic_constraint_cid32. MocoConstraintInfo. number of scalar equations: 3. bounds: 0, 0, 0
[2023-03-10 22:08:08.940] [cout] [info]   kinematic_constraint_cid33. MocoConstraintInfo. number of scalar equations: 3. bounds: 0, 0, 0
[2023-03-10 22:08:08.940] [cout] [info]   kinematic_constraint_cid34. MocoConstraintInfo. number of scalar equations: 3. bounds: 0, 0, 0
[2023-03-10 22:08:08.940] [cout] [info]   kinematic_constraint_cid35. MocoConstraintInfo. number of scalar equations: 3. bounds: 0, 0, 0
[2023-03-10 22:08:08.940] [cout] [info]   kinematic_constraint_cid36. MocoConstraintInfo. number of scalar equations: 3. bounds: 0, 0, 0
[2023-03-10 22:08:08.941] [cout] [info] Path constraints: none
[2023-03-10 22:08:08.941] [cout] [info] States: (total: 74)
[2023-03-10 22:08:08.941] [cout] [info]   /jointset/ground_pelvis/pelvis_tilt/value. bounds: [-0.416282, 0.186644]
[2023-03-10 22:08:08.941] [cout] [info]   /jointset/ground_pelvis/pelvis_list/value. bounds: [-0.368943, 0.315709]
[2023-03-10 22:08:08.941] [cout] [info]   /jointset/radioulnar_r/pro_sup_r/value. bounds: [1.4108, 1.85761]
[2023-03-10 22:08:08.941] [cout] [info]   /jointset/ground_pelvis/pelvis_rotation/value. bounds: [-0.320658, 0.210013]
[2023-03-10 22:08:08.941] [cout] [info]   /jointset/ground_pelvis/pelvis_tx/value. bounds: [0.881607, 1.39768]
[2023-03-10 22:08:08.941] [cout] [info]   /jointset/elbow_r/elbow_flex_r/value. bounds: [1.36221, 2.79253]
[2023-03-10 22:08:08.941] [cout] [info]   /jointset/ground_pelvis/pelvis_ty/value. bounds: [0.820694, 1.0971]
[2023-03-10 22:08:08.941] [cout] [info]   /jointset/radius_hand_l/wrist_flex_l/speed. bounds: [-50, 50]
[2023-03-10 22:08:08.941] [cout] [info]   /jointset/ground_pelvis/pelvis_tz/value. bounds: [-0.648056, -0.201095]
[2023-03-10 22:08:08.941] [cout] [info]   /jointset/hip_r/hip_adduction_r/speed. bounds: [-50, 50]
[2023-03-10 22:08:08.941] [cout] [info]   /jointset/ankle_r/ankle_angle_r/value. bounds: [-0.727354, 0.682097]
[2023-03-10 22:08:08.941] [cout] [info]   /jointset/hip_r/hip_flexion_r/value. bounds: [-0.656584, 1.21665]
[2023-03-10 22:08:08.941] [cout] [info]   /jointset/hip_r/hip_adduction_r/value. bounds: [-0.190042, 0.413633]
[2023-03-10 22:08:08.941] [cout] [info]   /jointset/back/lumbar_rotation/speed. bounds: [-50, 50]
[2023-03-10 22:08:08.941] [cout] [info]   /jointset/hip_r/hip_rotation_r/value. bounds: [-0.232903, 0.363426]
[2023-03-10 22:08:08.941] [cout] [info]   /jointset/mtp_l/mtp_angle_l/speed. bounds: [-50, 50]
[2023-03-10 22:08:08.941] [cout] [info]   /jointset/knee_r/knee_angle_r/value. bounds: [-2.49807, 0.222118]
[2023-03-10 22:08:08.941] [cout] [info]   /jointset/subtalar_r/subtalar_angle_r/value. bounds: [-1.5708, 1.5708]
[2023-03-10 22:08:08.941] [cout] [info]   /jointset/hip_l/hip_flexion_l/value. bounds: [-0.654154, 1.04363]
[2023-03-10 22:08:08.941] [cout] [info]   /jointset/hip_l/hip_adduction_l/value. bounds: [-0.210134, 0.371171]
[2023-03-10 22:08:08.941] [cout] [info]   /jointset/hip_l/hip_rotation_l/value. bounds: [-0.261228, 0.452448]
[2023-03-10 22:08:08.941] [cout] [info]   /jointset/knee_l/knee_angle_l/value. bounds: [-2.37148, 0.264994]
[2023-03-10 22:08:08.941] [cout] [info]   /jointset/knee_r/knee_angle_r/speed. bounds: [-50, 50]
[2023-03-10 22:08:08.941] [cout] [info]   /jointset/ankle_l/ankle_angle_l/value. bounds: [-0.552348, 0.66507]
[2023-03-10 22:08:08.941] [cout] [info]   /jointset/back/lumbar_extension/value. bounds: [-0.564053, 0.15528]
[2023-03-10 22:08:08.941] [cout] [info]   /jointset/back/lumbar_bending/value. bounds: [-0.264627, 0.376048]
[2023-03-10 22:08:08.941] [cout] [info]   /jointset/back/lumbar_rotation/value. bounds: [-0.364722, 0.489145]
[2023-03-10 22:08:08.941] [cout] [info]   /jointset/acromial_r/arm_flex_r/value. bounds: [-1.35476, -0.0511101]
[2023-03-10 22:08:08.941] [cout] [info]   /jointset/acromial_r/arm_add_r/value. bounds: [-0.668113, -0.0583365]
[2023-03-10 22:08:08.941] [cout] [info]   /jointset/acromial_r/arm_rot_r/value. bounds: [-0.554685, 0.182056]
[2023-03-10 22:08:08.942] [cout] [info]   /jointset/acromial_l/arm_flex_l/value. bounds: [-1.41238, 0.0586855]
[2023-03-10 22:08:08.942] [cout] [info]   /jointset/acromial_l/arm_add_l/value. bounds: [-0.545058, -0.0678364]
[2023-03-10 22:08:08.942] [cout] [info]   /jointset/acromial_l/arm_rot_l/value. bounds: [-0.60252, 0.266614]
[2023-03-10 22:08:08.942] [cout] [info]   /jointset/elbow_l/elbow_flex_l/value. bounds: [1.44296, 2.72146]
[2023-03-10 22:08:08.942] [cout] [info]   /jointset/radioulnar_l/pro_sup_l/value. bounds: [1.42847, 1.86324]
[2023-03-10 22:08:08.942] [cout] [info]   /jointset/ground_pelvis/pelvis_tilt/speed. bounds: [-50, 50]
[2023-03-10 22:08:08.942] [cout] [info]   /jointset/ground_pelvis/pelvis_list/speed. bounds: [-50, 50]
[2023-03-10 22:08:08.942] [cout] [info]   /jointset/radioulnar_r/pro_sup_r/speed. bounds: [-50, 50]
[2023-03-10 22:08:08.942] [cout] [info]   /jointset/ground_pelvis/pelvis_rotation/speed. bounds: [-50, 50]
[2023-03-10 22:08:08.942] [cout] [info]   /jointset/ground_pelvis/pelvis_tx/speed. bounds: [-50, 50]
[2023-03-10 22:08:08.942] [cout] [info]   /jointset/elbow_r/elbow_flex_r/speed. bounds: [-50, 50]
[2023-03-10 22:08:08.942] [cout] [info]   /jointset/ground_pelvis/pelvis_ty/speed. bounds: [-50, 50]
[2023-03-10 22:08:08.942] [cout] [info]   /jointset/ground_pelvis/pelvis_tz/speed. bounds: [-50, 50]
[2023-03-10 22:08:08.942] [cout] [info]   /jointset/ankle_r/ankle_angle_r/speed. bounds: [-50, 50]
[2023-03-10 22:08:08.942] [cout] [info]   /jointset/hip_r/hip_flexion_r/speed. bounds: [-50, 50]
[2023-03-10 22:08:08.942] [cout] [info]   /jointset/hip_r/hip_rotation_r/speed. bounds: [-50, 50]
[2023-03-10 22:08:08.942] [cout] [info]   /jointset/hip_l/hip_flexion_l/speed. bounds: [-50, 50]
[2023-03-10 22:08:08.942] [cout] [info]   /jointset/subtalar_r/subtalar_angle_r/speed. bounds: [-50, 50]
[2023-03-10 22:08:08.942] [cout] [info]   /jointset/mtp_r/mtp_angle_r/value. bounds: [-1.5708, 1.5708]
[2023-03-10 22:08:08.942] [cout] [info]   /jointset/mtp_r/mtp_angle_r/speed. bounds: [-50, 50]
[2023-03-10 22:08:08.942] [cout] [info]   /jointset/hip_l/hip_adduction_l/speed. bounds: [-50, 50]
[2023-03-10 22:08:08.943] [cout] [info]   /jointset/hip_l/hip_rotation_l/speed. bounds: [-50, 50]
[2023-03-10 22:08:08.943] [cout] [info]   /jointset/knee_l/knee_angle_l/speed. bounds: [-50, 50]
[2023-03-10 22:08:08.943] [cout] [info]   /jointset/ankle_l/ankle_angle_l/speed. bounds: [-50, 50]
[2023-03-10 22:08:08.943] [cout] [info]   /jointset/subtalar_l/subtalar_angle_l/value. bounds: [-1.5708, 1.5708]
[2023-03-10 22:08:08.943] [cout] [info]   /jointset/subtalar_l/subtalar_angle_l/speed. bounds: [-50, 50]
[2023-03-10 22:08:08.943] [cout] [info]   /jointset/mtp_l/mtp_angle_l/value. bounds: [-1.0472, 1.0472]
[2023-03-10 22:08:08.943] [cout] [info]   /jointset/back/lumbar_extension/speed. bounds: [-50, 50]
[2023-03-10 22:08:08.943] [cout] [info]   /jointset/back/lumbar_bending/speed. bounds: [-50, 50]
[2023-03-10 22:08:08.943] [cout] [info]   /jointset/acromial_r/arm_flex_r/speed. bounds: [-50, 50]
[2023-03-10 22:08:08.943] [cout] [info]   /jointset/acromial_r/arm_add_r/speed. bounds: [-50, 50]
[2023-03-10 22:08:08.943] [cout] [info]   /jointset/acromial_r/arm_rot_r/speed. bounds: [-50, 50]
[2023-03-10 22:08:08.943] [cout] [info]   /jointset/radius_hand_r/wrist_flex_r/value. bounds: [-1.22173, 1.22173]
[2023-03-10 22:08:08.943] [cout] [info]   /jointset/radius_hand_r/wrist_flex_r/speed. bounds: [-50, 50]
[2023-03-10 22:08:08.943] [cout] [info]   /jointset/radius_hand_r/wrist_dev_r/value. bounds: [-0.436332, 0.610865]
[2023-03-10 22:08:08.943] [cout] [info]   /jointset/radius_hand_r/wrist_dev_r/speed. bounds: [-50, 50]
[2023-03-10 22:08:08.943] [cout] [info]   /jointset/acromial_l/arm_flex_l/speed. bounds: [-50, 50]
[2023-03-10 22:08:08.943] [cout] [info]   /jointset/acromial_l/arm_add_l/speed. bounds: [-50, 50]
[2023-03-10 22:08:08.943] [cout] [info]   /jointset/acromial_l/arm_rot_l/speed. bounds: [-50, 50]
[2023-03-10 22:08:08.944] [cout] [info]   /jointset/elbow_l/elbow_flex_l/speed. bounds: [-50, 50]
[2023-03-10 22:08:08.944] [cout] [info]   /jointset/radioulnar_l/pro_sup_l/speed. bounds: [-50, 50]
[2023-03-10 22:08:08.944] [cout] [info]   /jointset/radius_hand_l/wrist_flex_l/value. bounds: [-1.22173, 1.22173]
[2023-03-10 22:08:08.944] [cout] [info]   /jointset/radius_hand_l/wrist_dev_l/value. bounds: [-0.436332, 0.610865]
[2023-03-10 22:08:08.944] [cout] [info]   /jointset/radius_hand_l/wrist_dev_l/speed. bounds: [-50, 50]
[2023-03-10 22:08:08.944] [cout] [info] Controls: (total: 29)
[2023-03-10 22:08:08.944] [cout] [info]   /forceset/pelvis_tx_actuator. bounds: [-10000, 10000]
[2023-03-10 22:08:08.944] [cout] [info]   /forceset/pelvis_ty_actuator. bounds: [-10000, 10000]
[2023-03-10 22:08:08.944] [cout] [info]   /forceset/pelvis_tz_actuator. bounds: [-10000, 10000]
[2023-03-10 22:08:08.944] [cout] [info]   /forceset/arm_flex_r_actuator. bounds: [-1, 1]
[2023-03-10 22:08:08.944] [cout] [info]   /forceset/hip_rotation_r_actuator. bounds: [-1, 1]
[2023-03-10 22:08:08.944] [cout] [info]   /forceset/pelvis_tilt_actuator. bounds: [-10000, 10000]
[2023-03-10 22:08:08.944] [cout] [info]   /forceset/pelvis_list_actuator. bounds: [-10000, 10000]
[2023-03-10 22:08:08.945] [cout] [info]   /forceset/pelvis_rotation_actuator. bounds: [-10000, 10000]
[2023-03-10 22:08:08.945] [cout] [info]   /forceset/elbow_flex_l_actuator. bounds: [-1, 1]
[2023-03-10 22:08:08.945] [cout] [info]   /forceset/hip_adduction_l_actuator. bounds: [-1, 1]
[2023-03-10 22:08:08.945] [cout] [info]   /forceset/hip_flexion_r_actuator. bounds: [-1, 1]
[2023-03-10 22:08:08.945] [cout] [info]   /forceset/elbow_flex_r_actuator. bounds: [-1, 1]
[2023-03-10 22:08:08.945] [cout] [info]   /forceset/hip_flexion_l_actuator. bounds: [-1, 1]
[2023-03-10 22:08:08.945] [cout] [info]   /forceset/hip_adduction_r_actuator. bounds: [-1, 1]
[2023-03-10 22:08:08.945] [cout] [info]   /forceset/knee_angle_r_actuator. bounds: [-1, 1]
[2023-03-10 22:08:08.945] [cout] [info]   /forceset/lumbar_rotation_actuator. bounds: [-1, 1]
[2023-03-10 22:08:08.945] [cout] [info]   /forceset/ankle_angle_r_actuator. bounds: [-1, 1]
[2023-03-10 22:08:08.945] [cout] [info]   /forceset/arm_flex_l_actuator. bounds: [-1, 1]
[2023-03-10 22:08:08.945] [cout] [info]   /forceset/hip_rotation_l_actuator. bounds: [-1, 1]
[2023-03-10 22:08:08.946] [cout] [info]   /forceset/knee_angle_l_actuator. bounds: [-1, 1]
[2023-03-10 22:08:08.946] [cout] [info]   /forceset/ankle_angle_l_actuator. bounds: [-1, 1]
[2023-03-10 22:08:08.946] [cout] [info]   /forceset/lumbar_extension_actuator. bounds: [-1, 1]
[2023-03-10 22:08:08.946] [cout] [info]   /forceset/lumbar_bending_actuator. bounds: [-1, 1]
[2023-03-10 22:08:08.946] [cout] [info]   /forceset/arm_add_r_actuator. bounds: [-1, 1]
[2023-03-10 22:08:08.946] [cout] [info]   /forceset/arm_rot_r_actuator. bounds: [-1, 1]
[2023-03-10 22:08:08.946] [cout] [info]   /forceset/pro_sup_r_actuator. bounds: [-1, 1]
[2023-03-10 22:08:08.946] [cout] [info]   /forceset/arm_add_l_actuator. bounds: [-1, 1]
[2023-03-10 22:08:08.946] [cout] [info]   /forceset/arm_rot_l_actuator. bounds: [-1, 1]
[2023-03-10 22:08:08.946] [cout] [info]   /forceset/pro_sup_l_actuator. bounds: [-1, 1]
[2023-03-10 22:08:08.946] [cout] [info] Parameters: none
[2023-03-10 22:08:09.116] [info] ExternalForce::externalforce Data source being set to Run_500 04_newCOP3_v24.mot
[2023-03-10 22:08:09.116] [info] ExternalForce::externalforce_0 Data source being set to Run_500 04_newCOP3_v24.mot
[2023-03-10 22:08:09.345] [info] ExternalForce::externalforce Data source being set to Run_500 04_newCOP3_v24.mot
[2023-03-10 22:08:09.345] [info] ExternalForce::externalforce_0 Data source being set to Run_500 04_newCOP3_v24.mot
[2023-03-10 22:08:09.518] [info] ExternalForce::externalforce Data source being set to Run_500 04_newCOP3_v24.mot
[2023-03-10 22:08:09.518] [info] ExternalForce::externalforce_0 Data source being set to Run_500 04_newCOP3_v24.mot
[2023-03-10 22:08:09.727] [info] ExternalForce::externalforce Data source being set to Run_500 04_newCOP3_v24.mot
[2023-03-10 22:08:09.727] [info] ExternalForce::externalforce_0 Data source being set to Run_500 04_newCOP3_v24.mot
[2023-03-10 22:08:09.911] [info] ExternalForce::externalforce Data source being set to Run_500 04_newCOP3_v24.mot
[2023-03-10 22:08:09.911] [info] ExternalForce::externalforce_0 Data source being set to Run_500 04_newCOP3_v24.mot
[2023-03-10 22:08:10.063] [info] ExternalForce::externalforce Data source being set to Run_500 04_newCOP3_v24.mot
[2023-03-10 22:08:10.063] [info] ExternalForce::externalforce_0 Data source being set to Run_500 04_newCOP3_v24.mot
[2023-03-10 22:08:10.238] [info] ExternalForce::externalforce Data source being set to Run_500 04_newCOP3_v24.mot
[2023-03-10 22:08:10.238] [info] ExternalForce::externalforce_0 Data source being set to Run_500 04_newCOP3_v24.mot
[2023-03-10 22:08:10.448] [info] ExternalForce::externalforce Data source being set to Run_500 04_newCOP3_v24.mot
[2023-03-10 22:08:10.448] [info] ExternalForce::externalforce_0 Data source being set to Run_500 04_newCOP3_v24.mot
[2023-03-10 22:08:10.663] [info] ExternalForce::externalforce Data source being set to Run_500 04_newCOP3_v24.mot
[2023-03-10 22:08:10.664] [info] ExternalForce::externalforce_0 Data source being set to Run_500 04_newCOP3_v24.mot
[2023-03-10 22:08:10.871] [info] ExternalForce::externalforce Data source being set to Run_500 04_newCOP3_v24.mot
[2023-03-10 22:08:10.871] [info] ExternalForce::externalforce_0 Data source being set to Run_500 04_newCOP3_v24.mot
[2023-03-10 22:08:11.095] [info] ExternalForce::externalforce Data source being set to Run_500 04_newCOP3_v24.mot
[2023-03-10 22:08:11.095] [info] ExternalForce::externalforce_0 Data source being set to Run_500 04_newCOP3_v24.mot
[2023-03-10 22:08:11.306] [info] ExternalForce::externalforce Data source being set to Run_500 04_newCOP3_v24.mot
[2023-03-10 22:08:11.306] [info] ExternalForce::externalforce_0 Data source being set to Run_500 04_newCOP3_v24.mot
[2023-03-10 22:08:11.549] [info] ExternalForce::externalforce Data source being set to Run_500 04_newCOP3_v24.mot
[2023-03-10 22:08:11.549] [info] ExternalForce::externalforce_0 Data source being set to Run_500 04_newCOP3_v24.mot
[2023-03-10 22:08:11.719] [info] ExternalForce::externalforce Data source being set to Run_500 04_newCOP3_v24.mot
[2023-03-10 22:08:11.719] [info] ExternalForce::externalforce_0 Data source being set to Run_500 04_newCOP3_v24.mot
[2023-03-10 22:08:11.928] [info] ExternalForce::externalforce Data source being set to Run_500 04_newCOP3_v24.mot
[2023-03-10 22:08:11.929] [info] ExternalForce::externalforce_0 Data source being set to Run_500 04_newCOP3_v24.mot
[2023-03-10 22:08:12.132] [info] ExternalForce::externalforce Data source being set to Run_500 04_newCOP3_v24.mot
[2023-03-10 22:08:12.132] [info] ExternalForce::externalforce_0 Data source being set to Run_500 04_newCOP3_v24.mot
[2023-03-10 22:08:12.166] [info] Number of threads: 8
[2023-03-10 22:29:21.560] [info] Set log level to Info.
[2023-03-10 22:29:21.594] [info] ------------------------------------------------------------------------
[2023-03-10 22:29:21.594] [info] Elapsed real time: 1273 second(s) (21 minute(s), 13 second(s)).
[2023-03-10 22:29:21.594] [info] Fri Mar 10 22:29:21 2023
[2023-03-10 22:29:21.594] [info] MocoCasADiSolver succeeded!
[2023-03-10 22:29:21.594] [info] ========================================================================
[2023-03-10 22:29:22.066] [info] Loaded model subject04_scaled from file ..\..\model\subject04_adjusted_scaled.osim
[2023-03-10 22:29:23.097] [cout] [info] 
               MODEL: subject04_scaled
         coordinates: 37
              forces: 92
           actuators: 92
             muscles: 92
            analyses: 0
              probes: 0
              bodies: 20
              joints: 20
         constraints: 0
             markers: 56
         controllers: 0
  contact geometries: 0
misc modelcomponents: 0
[2023-03-10 22:29:23.097] [info] Running tool subject10_scaled...
[2023-03-10 22:29:23.149] [warning] ExternalLoads 'externalloads' has subcomponents with duplicate name 'externalforce'. The duplicate is being renamed to 'externalforce_0'.
[2023-03-10 22:29:23.375] [info] ExternalForce::externalforce Data source being set to Run_500 04_newCOP3_v24.mot
[2023-03-10 22:29:23.375] [info] ExternalForce::externalforce_0 Data source being set to Run_500 04_newCOP3_v24.mot
[2023-03-10 22:29:24.880] [info] InverseDynamicsTool: 127 time frames in 1 second(s).
[2023-12-06 00:02:00.307] [info] ExternalForce::externalforce Data source being set to Run_500 04_newCOP3_v24.mot
[2023-12-06 00:02:00.309] [info] ExternalForce::externalforce_0 Data source being set to Run_500 04_newCOP3_v24.mot
[2023-12-06 00:02:00.745] [info] ExternalForce::externalforce Data source being set to Run_500 04_newCOP3_v24.mot
[2023-12-06 00:02:00.745] [info] ExternalForce::externalforce_0 Data source being set to Run_500 04_newCOP3_v24.mot
[2023-12-06 00:02:00.913] [info] ExternalForce::externalforce Data source being set to Run_500 04_newCOP3_v24.mot
[2023-12-06 00:02:00.913] [info] ExternalForce::externalforce_0 Data source being set to Run_500 04_newCOP3_v24.mot
[2023-12-06 00:02:01.028] [info] ExternalForce::externalforce Data source being set to Run_500 04_newCOP3_v24.mot
[2023-12-06 00:02:01.029] [info] ExternalForce::externalforce_0 Data source being set to Run_500 04_newCOP3_v24.mot
[2023-12-06 00:02:01.176] [info] ExternalForce::externalforce Data source being set to Run_500 04_newCOP3_v24.mot
[2023-12-06 00:02:01.176] [info] ExternalForce::externalforce_0 Data source being set to Run_500 04_newCOP3_v24.mot
[2023-12-06 00:02:01.299] [info] ExternalForce::externalforce Data source being set to Run_500 04_newCOP3_v24.mot
[2023-12-06 00:02:01.299] [info] ExternalForce::externalforce_0 Data source being set to Run_500 04_newCOP3_v24.mot
[2023-12-06 00:02:01.439] [info] ExternalForce::externalforce Data source being set to Run_500 04_newCOP3_v24.mot
[2023-12-06 00:02:01.439] [info] ExternalForce::externalforce_0 Data source being set to Run_500 04_newCOP3_v24.mot
[2023-12-06 00:02:01.586] [info] ExternalForce::externalforce Data source being set to Run_500 04_newCOP3_v24.mot
[2023-12-06 00:02:01.586] [info] ExternalForce::externalforce_0 Data source being set to Run_500 04_newCOP3_v24.mot
[2023-12-06 00:02:01.741] [info] ExternalForce::externalforce Data source being set to Run_500 04_newCOP3_v24.mot
[2023-12-06 00:02:01.741] [info] ExternalForce::externalforce_0 Data source being set to Run_500 04_newCOP3_v24.mot
[2023-12-06 00:02:01.852] [info] ExternalForce::externalforce Data source being set to Run_500 04_newCOP3_v24.mot
[2023-12-06 00:02:01.852] [info] ExternalForce::externalforce_0 Data source being set to Run_500 04_newCOP3_v24.mot
[2023-12-06 00:02:01.977] [info] ExternalForce::externalforce Data source being set to Run_500 04_newCOP3_v24.mot
[2023-12-06 00:02:01.977] [info] ExternalForce::externalforce_0 Data source being set to Run_500 04_newCOP3_v24.mot
[2023-12-06 00:02:02.088] [info] ExternalForce::externalforce Data source being set to Run_500 04_newCOP3_v24.mot
[2023-12-06 00:02:02.088] [info] ExternalForce::externalforce_0 Data source being set to Run_500 04_newCOP3_v24.mot
[2023-12-06 00:02:02.208] [info] ExternalForce::externalforce Data source being set to Run_500 04_newCOP3_v24.mot
[2023-12-06 00:02:02.208] [info] ExternalForce::externalforce_0 Data source being set to Run_500 04_newCOP3_v24.mot
[2023-12-06 00:02:02.319] [info] ExternalForce::externalforce Data source being set to Run_500 04_newCOP3_v24.mot
[2023-12-06 00:02:02.319] [info] ExternalForce::externalforce_0 Data source being set to Run_500 04_newCOP3_v24.mot
[2023-12-06 00:02:02.457] [info] ExternalForce::externalforce Data source being set to Run_500 04_newCOP3_v24.mot
[2023-12-06 00:02:02.457] [info] ExternalForce::externalforce_0 Data source being set to Run_500 04_newCOP3_v24.mot
[2023-12-06 00:02:02.579] [info] ExternalForce::externalforce Data source being set to Run_500 04_newCOP3_v24.mot
[2023-12-06 00:02:02.579] [info] ExternalForce::externalforce_0 Data source being set to Run_500 04_newCOP3_v24.mot
[2023-12-06 00:02:02.711] [info] ExternalForce::externalforce Data source being set to Run_500 04_newCOP3_v24.mot
[2023-12-06 00:02:02.711] [info] ExternalForce::externalforce_0 Data source being set to Run_500 04_newCOP3_v24.mot
[2023-12-06 00:02:02.830] [info] ExternalForce::externalforce Data source being set to Run_500 04_newCOP3_v24.mot
[2023-12-06 00:02:02.830] [info] ExternalForce::externalforce_0 Data source being set to Run_500 04_newCOP3_v24.mot
[2023-12-06 00:02:02.960] [info] ExternalForce::externalforce Data source being set to Run_500 04_newCOP3_v24.mot
[2023-12-06 00:02:02.960] [info] ExternalForce::externalforce_0 Data source being set to Run_500 04_newCOP3_v24.mot
[2023-12-06 00:02:03.076] [info] ExternalForce::externalforce Data source being set to Run_500 04_newCOP3_v24.mot
[2023-12-06 00:02:03.076] [info] ExternalForce::externalforce_0 Data source being set to Run_500 04_newCOP3_v24.mot
[2023-12-06 00:02:03.211] [info] ExternalForce::externalforce Data source being set to Run_500 04_newCOP3_v24.mot
[2023-12-06 00:02:03.211] [info] ExternalForce::externalforce_0 Data source being set to Run_500 04_newCOP3_v24.mot
[2023-12-06 00:02:03.321] [info] ExternalForce::externalforce Data source being set to Run_500 04_newCOP3_v24.mot
[2023-12-06 00:02:03.322] [info] ExternalForce::externalforce_0 Data source being set to Run_500 04_newCOP3_v24.mot
[2023-12-06 00:02:03.733] [info] ExternalForce::externalforce Data source being set to Run_500 04_newCOP3_v24.mot
[2023-12-06 00:02:03.733] [info] ExternalForce::externalforce_0 Data source being set to Run_500 04_newCOP3_v24.mot
[2023-12-06 00:02:03.829] [info] ExternalForce::externalforce Data source being set to Run_500 04_newCOP3_v24.mot
[2023-12-06 00:02:03.829] [info] ExternalForce::externalforce_0 Data source being set to Run_500 04_newCOP3_v24.mot
[2023-12-06 00:02:03.937] [info] ExternalForce::externalforce Data source being set to Run_500 04_newCOP3_v24.mot
[2023-12-06 00:02:03.938] [info] ExternalForce::externalforce_0 Data source being set to Run_500 04_newCOP3_v24.mot
[2023-12-06 00:02:04.034] [info] ExternalForce::externalforce Data source being set to Run_500 04_newCOP3_v24.mot
[2023-12-06 00:02:04.034] [info] ExternalForce::externalforce_0 Data source being set to Run_500 04_newCOP3_v24.mot
[2023-12-06 00:02:04.177] [info] ExternalForce::externalforce Data source being set to Run_500 04_newCOP3_v24.mot
[2023-12-06 00:02:04.177] [info] ExternalForce::externalforce_0 Data source being set to Run_500 04_newCOP3_v24.mot
[2023-12-06 00:02:04.279] [info] ExternalForce::externalforce Data source being set to Run_500 04_newCOP3_v24.mot
[2023-12-06 00:02:04.279] [info] ExternalForce::externalforce_0 Data source being set to Run_500 04_newCOP3_v24.mot
[2023-12-06 00:02:04.388] [info] ExternalForce::externalforce Data source being set to Run_500 04_newCOP3_v24.mot
[2023-12-06 00:02:04.388] [info] ExternalForce::externalforce_0 Data source being set to Run_500 04_newCOP3_v24.mot
[2023-12-06 00:02:04.484] [info] ExternalForce::externalforce Data source being set to Run_500 04_newCOP3_v24.mot
[2023-12-06 00:02:04.484] [info] ExternalForce::externalforce_0 Data source being set to Run_500 04_newCOP3_v24.mot
[2023-12-06 00:02:04.505] [info] ========================================================================
[2023-12-06 00:02:04.505] [info] MocoCasADiSolver starting.
[2023-12-06 00:02:04.505] [info] Wed Dec  6 00:02:04 2023
[2023-12-06 00:02:04.505] [info] ------------------------------------------------------------------------
[2023-12-06 00:02:04.505] [cout] [info] Costs: (total: 2)
[2023-12-06 00:02:04.505] [cout] [info]   state_tracking. MocoStateTrackingGoal, enabled: true, mode: cost, weight: 1.0
[2023-12-06 00:02:04.505] [cout] [info]         state: /jointset/ground_pelvis/pelvis_tilt/value, weight: 750.0
[2023-12-06 00:02:04.505] [cout] [info]         state: /jointset/ground_pelvis/pelvis_list/value, weight: 250.0
[2023-12-06 00:02:04.505] [cout] [info]         state: /jointset/ground_pelvis/pelvis_rotation/value, weight: 50.0
[2023-12-06 00:02:04.505] [cout] [info]         state: /jointset/ground_pelvis/pelvis_tx/value, weight: 25.0
[2023-12-06 00:02:04.505] [cout] [info]         state: /jointset/ground_pelvis/pelvis_ty/value, weight: 100.0
[2023-12-06 00:02:04.505] [cout] [info]         state: /jointset/ground_pelvis/pelvis_tz/value, weight: 25.0
[2023-12-06 00:02:04.505] [cout] [info]         state: /jointset/hip_r/hip_flexion_r/value, weight: 75.0
[2023-12-06 00:02:04.505] [cout] [info]         state: /jointset/hip_r/hip_adduction_r/value, weight: 50.0
[2023-12-06 00:02:04.505] [cout] [info]         state: /jointset/hip_r/hip_rotation_r/value, weight: 10.0
[2023-12-06 00:02:04.505] [cout] [info]         state: /jointset/knee_r/knee_angle_r/value, weight: 10.0
[2023-12-06 00:02:04.505] [cout] [info]         state: /jointset/ankle_r/ankle_angle_r/value, weight: 10.0
[2023-12-06 00:02:04.505] [cout] [info]         state: /jointset/hip_l/hip_flexion_l/value, weight: 75.0
[2023-12-06 00:02:04.505] [cout] [info]         state: /jointset/hip_l/hip_adduction_l/value, weight: 50.0
[2023-12-06 00:02:04.505] [cout] [info]         state: /jointset/hip_l/hip_rotation_l/value, weight: 10.0
[2023-12-06 00:02:04.505] [cout] [info]         state: /jointset/knee_l/knee_angle_l/value, weight: 10.0
[2023-12-06 00:02:04.505] [cout] [info]         state: /jointset/ankle_l/ankle_angle_l/value, weight: 10.0
[2023-12-06 00:02:04.505] [cout] [info]         state: /jointset/back/lumbar_extension/value, weight: 75.0
[2023-12-06 00:02:04.505] [cout] [info]         state: /jointset/back/lumbar_bending/value, weight: 50.0
[2023-12-06 00:02:04.505] [cout] [info]         state: /jointset/back/lumbar_rotation/value, weight: 25.0
[2023-12-06 00:02:04.505] [cout] [info]         state: /jointset/acromial_r/arm_flex_r/value, weight: 1.0
[2023-12-06 00:02:04.505] [cout] [info]         state: /jointset/acromial_r/arm_add_r/value, weight: 1.0
[2023-12-06 00:02:04.505] [cout] [info]         state: /jointset/acromial_r/arm_rot_r/value, weight: 1.0
[2023-12-06 00:02:04.505] [cout] [info]         state: /jointset/elbow_r/elbow_flex_r/value, weight: 1.0
[2023-12-06 00:02:04.505] [cout] [info]         state: /jointset/radioulnar_r/pro_sup_r/value, weight: 1.0
[2023-12-06 00:02:04.505] [cout] [info]         state: /jointset/acromial_l/arm_flex_l/value, weight: 1.0
[2023-12-06 00:02:04.505] [cout] [info]         state: /jointset/acromial_l/arm_add_l/value, weight: 1.0
[2023-12-06 00:02:04.505] [cout] [info]         state: /jointset/acromial_l/arm_rot_l/value, weight: 1.0
[2023-12-06 00:02:04.505] [cout] [info]         state: /jointset/elbow_l/elbow_flex_l/value, weight: 1.0
[2023-12-06 00:02:04.505] [cout] [info]         state: /jointset/radioulnar_l/pro_sup_l/value, weight: 1.0
[2023-12-06 00:02:04.505] [cout] [info]         state: /jointset/subtalar_r/subtalar_angle_r/value, weight: 0.0
[2023-12-06 00:02:04.505] [cout] [info]         state: /jointset/mtp_r/mtp_angle_r/value, weight: 0.0
[2023-12-06 00:02:04.505] [cout] [info]         state: /jointset/subtalar_l/subtalar_angle_l/value, weight: 0.0
[2023-12-06 00:02:04.505] [cout] [info]         state: /jointset/mtp_l/mtp_angle_l/value, weight: 0.0
[2023-12-06 00:02:04.505] [cout] [info]         state: /jointset/radius_hand_r/wrist_flex_r/value, weight: 0.0
[2023-12-06 00:02:04.505] [cout] [info]         state: /jointset/radius_hand_r/wrist_dev_r/value, weight: 0.0
[2023-12-06 00:02:04.505] [cout] [info]         state: /jointset/radius_hand_l/wrist_flex_l/value, weight: 0.0
[2023-12-06 00:02:04.505] [cout] [info]         state: /jointset/radius_hand_l/wrist_dev_l/value, weight: 0.0
[2023-12-06 00:02:04.505] [cout] [info]         state: /jointset/ground_pelvis/pelvis_tilt/speed, weight: 7.5
[2023-12-06 00:02:04.505] [cout] [info]         state: /jointset/ground_pelvis/pelvis_list/speed, weight: 2.5
[2023-12-06 00:02:04.505] [cout] [info]         state: /jointset/ground_pelvis/pelvis_rotation/speed, weight: 0.5
[2023-12-06 00:02:04.505] [cout] [info]         state: /jointset/ground_pelvis/pelvis_tx/speed, weight: 0.25
[2023-12-06 00:02:04.505] [cout] [info]         state: /jointset/ground_pelvis/pelvis_ty/speed, weight: 1.0
[2023-12-06 00:02:04.505] [cout] [info]         state: /jointset/ground_pelvis/pelvis_tz/speed, weight: 0.25
[2023-12-06 00:02:04.505] [cout] [info]         state: /jointset/hip_r/hip_flexion_r/speed, weight: 0.75
[2023-12-06 00:02:04.505] [cout] [info]         state: /jointset/hip_r/hip_adduction_r/speed, weight: 0.5
[2023-12-06 00:02:04.505] [cout] [info]         state: /jointset/hip_r/hip_rotation_r/speed, weight: 0.1
[2023-12-06 00:02:04.505] [cout] [info]         state: /jointset/knee_r/knee_angle_r/speed, weight: 0.1
[2023-12-06 00:02:04.505] [cout] [info]         state: /jointset/ankle_r/ankle_angle_r/speed, weight: 0.1
[2023-12-06 00:02:04.505] [cout] [info]         state: /jointset/subtalar_r/subtalar_angle_r/speed, weight: 0.0
[2023-12-06 00:02:04.505] [cout] [info]         state: /jointset/mtp_r/mtp_angle_r/speed, weight: 0.0
[2023-12-06 00:02:04.505] [cout] [info]         state: /jointset/hip_l/hip_flexion_l/speed, weight: 0.75
[2023-12-06 00:02:04.505] [cout] [info]         state: /jointset/hip_l/hip_adduction_l/speed, weight: 0.5
[2023-12-06 00:02:04.505] [cout] [info]         state: /jointset/hip_l/hip_rotation_l/speed, weight: 0.1
[2023-12-06 00:02:04.505] [cout] [info]         state: /jointset/knee_l/knee_angle_l/speed, weight: 0.1
[2023-12-06 00:02:04.505] [cout] [info]         state: /jointset/ankle_l/ankle_angle_l/speed, weight: 0.1
[2023-12-06 00:02:04.505] [cout] [info]         state: /jointset/subtalar_l/subtalar_angle_l/speed, weight: 0.0
[2023-12-06 00:02:04.505] [cout] [info]         state: /jointset/mtp_l/mtp_angle_l/speed, weight: 0.0
[2023-12-06 00:02:04.505] [cout] [info]         state: /jointset/back/lumbar_extension/speed, weight: 0.75
[2023-12-06 00:02:04.505] [cout] [info]         state: /jointset/back/lumbar_bending/speed, weight: 0.5
[2023-12-06 00:02:04.505] [cout] [info]         state: /jointset/back/lumbar_rotation/speed, weight: 0.25
[2023-12-06 00:02:04.505] [cout] [info]         state: /jointset/acromial_r/arm_flex_r/speed, weight: 0.01
[2023-12-06 00:02:04.505] [cout] [info]         state: /jointset/acromial_r/arm_add_r/speed, weight: 0.01
[2023-12-06 00:02:04.505] [cout] [info]         state: /jointset/acromial_r/arm_rot_r/speed, weight: 0.01
[2023-12-06 00:02:04.505] [cout] [info]         state: /jointset/elbow_r/elbow_flex_r/speed, weight: 0.01
[2023-12-06 00:02:04.505] [cout] [info]         state: /jointset/radioulnar_r/pro_sup_r/speed, weight: 0.01
[2023-12-06 00:02:04.505] [cout] [info]         state: /jointset/radius_hand_r/wrist_flex_r/speed, weight: 0.0
[2023-12-06 00:02:04.505] [cout] [info]         state: /jointset/radius_hand_r/wrist_dev_r/speed, weight: 0.0
[2023-12-06 00:02:04.505] [cout] [info]         state: /jointset/acromial_l/arm_flex_l/speed, weight: 0.01
[2023-12-06 00:02:04.506] [cout] [info]         state: /jointset/acromial_l/arm_add_l/speed, weight: 0.01
[2023-12-06 00:02:04.506] [cout] [info]         state: /jointset/acromial_l/arm_rot_l/speed, weight: 0.01
[2023-12-06 00:02:04.506] [cout] [info]         state: /jointset/elbow_l/elbow_flex_l/speed, weight: 0.01
[2023-12-06 00:02:04.506] [cout] [info]         state: /jointset/radioulnar_l/pro_sup_l/speed, weight: 0.01
[2023-12-06 00:02:04.506] [cout] [info]         state: /jointset/radius_hand_l/wrist_flex_l/speed, weight: 0.0
[2023-12-06 00:02:04.506] [cout] [info]         state: /jointset/radius_hand_l/wrist_dev_l/speed, weight: 0.0
[2023-12-06 00:02:04.506] [cout] [info]   control_effort. MocoControlGoal, enabled: true, mode: cost, weight: 0.00100000
[2023-12-06 00:02:04.506] [cout] [info]         control: /forceset/pelvis_tx_actuator, weight: 1.0
[2023-12-06 00:02:04.506] [cout] [info]         control: /forceset/pelvis_ty_actuator, weight: 1.0
[2023-12-06 00:02:04.506] [cout] [info]         control: /forceset/pelvis_tz_actuator, weight: 1.0
[2023-12-06 00:02:04.506] [cout] [info]         control: /forceset/pelvis_tilt_actuator, weight: 1.0
[2023-12-06 00:02:04.506] [cout] [info]         control: /forceset/pelvis_list_actuator, weight: 1.0
[2023-12-06 00:02:04.506] [cout] [info]         control: /forceset/pelvis_rotation_actuator, weight: 1.0
[2023-12-06 00:02:04.506] [cout] [info]         control: /forceset/hip_flexion_r_actuator, weight: 1.0
[2023-12-06 00:02:04.506] [cout] [info]         control: /forceset/hip_adduction_r_actuator, weight: 1.0
[2023-12-06 00:02:04.506] [cout] [info]         control: /forceset/hip_rotation_r_actuator, weight: 1.0
[2023-12-06 00:02:04.506] [cout] [info]         control: /forceset/knee_angle_r_actuator, weight: 1.0
[2023-12-06 00:02:04.506] [cout] [info]         control: /forceset/ankle_angle_r_actuator, weight: 1.0
[2023-12-06 00:02:04.506] [cout] [info]         control: /forceset/hip_flexion_l_actuator, weight: 1.0
[2023-12-06 00:02:04.506] [cout] [info]         control: /forceset/hip_adduction_l_actuator, weight: 1.0
[2023-12-06 00:02:04.506] [cout] [info]         control: /forceset/hip_rotation_l_actuator, weight: 1.0
[2023-12-06 00:02:04.506] [cout] [info]         control: /forceset/knee_angle_l_actuator, weight: 1.0
[2023-12-06 00:02:04.506] [cout] [info]         control: /forceset/ankle_angle_l_actuator, weight: 1.0
[2023-12-06 00:02:04.506] [cout] [info]         control: /forceset/lumbar_extension_actuator, weight: 1.0
[2023-12-06 00:02:04.506] [cout] [info]         control: /forceset/lumbar_bending_actuator, weight: 1.0
[2023-12-06 00:02:04.506] [cout] [info]         control: /forceset/lumbar_rotation_actuator, weight: 1.0
[2023-12-06 00:02:04.506] [cout] [info]         control: /forceset/arm_flex_r_actuator, weight: 1.0
[2023-12-06 00:02:04.506] [cout] [info]         control: /forceset/arm_add_r_actuator, weight: 1.0
[2023-12-06 00:02:04.506] [cout] [info]         control: /forceset/arm_rot_r_actuator, weight: 1.0
[2023-12-06 00:02:04.506] [cout] [info]         control: /forceset/elbow_flex_r_actuator, weight: 1.0
[2023-12-06 00:02:04.506] [cout] [info]         control: /forceset/pro_sup_r_actuator, weight: 1.0
[2023-12-06 00:02:04.506] [cout] [info]         control: /forceset/arm_flex_l_actuator, weight: 1.0
[2023-12-06 00:02:04.506] [cout] [info]         control: /forceset/arm_add_l_actuator, weight: 1.0
[2023-12-06 00:02:04.506] [cout] [info]         control: /forceset/arm_rot_l_actuator, weight: 1.0
[2023-12-06 00:02:04.506] [cout] [info]         control: /forceset/elbow_flex_l_actuator, weight: 1.0
[2023-12-06 00:02:04.506] [cout] [info]         control: /forceset/pro_sup_l_actuator, weight: 1.0
[2023-12-06 00:02:04.506] [cout] [info] Endpoint constraints: none
[2023-12-06 00:02:04.506] [cout] [info] Kinematic constraints: (total: 8)
[2023-12-06 00:02:04.506] [cout] [info]   kinematic_constraint_cid27. MocoConstraintInfo. number of scalar equations: 3. bounds: 0, 0, 0
[2023-12-06 00:02:04.506] [cout] [info]   kinematic_constraint_cid28. MocoConstraintInfo. number of scalar equations: 3. bounds: 0, 0, 0
[2023-12-06 00:02:04.506] [cout] [info]   kinematic_constraint_cid31. MocoConstraintInfo. number of scalar equations: 3. bounds: 0, 0, 0
[2023-12-06 00:02:04.506] [cout] [info]   kinematic_constraint_cid32. MocoConstraintInfo. number of scalar equations: 3. bounds: 0, 0, 0
[2023-12-06 00:02:04.506] [cout] [info]   kinematic_constraint_cid33. MocoConstraintInfo. number of scalar equations: 3. bounds: 0, 0, 0
[2023-12-06 00:02:04.506] [cout] [info]   kinematic_constraint_cid34. MocoConstraintInfo. number of scalar equations: 3. bounds: 0, 0, 0
[2023-12-06 00:02:04.506] [cout] [info]   kinematic_constraint_cid35. MocoConstraintInfo. number of scalar equations: 3. bounds: 0, 0, 0
[2023-12-06 00:02:04.506] [cout] [info]   kinematic_constraint_cid36. MocoConstraintInfo. number of scalar equations: 3. bounds: 0, 0, 0
[2023-12-06 00:02:04.506] [cout] [info] Path constraints: none
[2023-12-06 00:02:04.506] [cout] [info] States: (total: 74)
[2023-12-06 00:02:04.506] [cout] [info]   /jointset/ground_pelvis/pelvis_tilt/value. bounds: [-0.416282, 0.186644]
[2023-12-06 00:02:04.506] [cout] [info]   /jointset/ground_pelvis/pelvis_list/value. bounds: [-0.368943, 0.315709]
[2023-12-06 00:02:04.506] [cout] [info]   /jointset/radioulnar_r/pro_sup_r/value. bounds: [1.4108, 1.85761]
[2023-12-06 00:02:04.506] [cout] [info]   /jointset/ground_pelvis/pelvis_rotation/value. bounds: [-0.320658, 0.210013]
[2023-12-06 00:02:04.506] [cout] [info]   /jointset/ground_pelvis/pelvis_tx/value. bounds: [0.881607, 1.39768]
[2023-12-06 00:02:04.506] [cout] [info]   /jointset/elbow_r/elbow_flex_r/value. bounds: [1.36221, 2.79253]
[2023-12-06 00:02:04.506] [cout] [info]   /jointset/ground_pelvis/pelvis_ty/value. bounds: [0.820694, 1.0971]
[2023-12-06 00:02:04.506] [cout] [info]   /jointset/radius_hand_l/wrist_flex_l/speed. bounds: [-50, 50]
[2023-12-06 00:02:04.506] [cout] [info]   /jointset/ground_pelvis/pelvis_tz/value. bounds: [-0.648056, -0.201095]
[2023-12-06 00:02:04.506] [cout] [info]   /jointset/hip_r/hip_adduction_r/speed. bounds: [-50, 50]
[2023-12-06 00:02:04.506] [cout] [info]   /jointset/ankle_r/ankle_angle_r/value. bounds: [-0.727354, 0.682097]
[2023-12-06 00:02:04.506] [cout] [info]   /jointset/hip_r/hip_flexion_r/value. bounds: [-0.656584, 1.21665]
[2023-12-06 00:02:04.506] [cout] [info]   /jointset/hip_r/hip_adduction_r/value. bounds: [-0.190042, 0.413633]
[2023-12-06 00:02:04.506] [cout] [info]   /jointset/back/lumbar_rotation/speed. bounds: [-50, 50]
[2023-12-06 00:02:04.506] [cout] [info]   /jointset/hip_r/hip_rotation_r/value. bounds: [-0.232903, 0.363426]
[2023-12-06 00:02:04.506] [cout] [info]   /jointset/mtp_l/mtp_angle_l/speed. bounds: [-50, 50]
[2023-12-06 00:02:04.506] [cout] [info]   /jointset/knee_r/knee_angle_r/value. bounds: [-2.49807, 0.222118]
[2023-12-06 00:02:04.506] [cout] [info]   /jointset/subtalar_r/subtalar_angle_r/value. bounds: [-1.5708, 1.5708]
[2023-12-06 00:02:04.506] [cout] [info]   /jointset/hip_l/hip_flexion_l/value. bounds: [-0.654154, 1.04363]
[2023-12-06 00:02:04.506] [cout] [info]   /jointset/hip_l/hip_adduction_l/value. bounds: [-0.210134, 0.371171]
[2023-12-06 00:02:04.506] [cout] [info]   /jointset/hip_l/hip_rotation_l/value. bounds: [-0.261228, 0.452448]
[2023-12-06 00:02:04.506] [cout] [info]   /jointset/knee_l/knee_angle_l/value. bounds: [-2.37148, 0.264994]
[2023-12-06 00:02:04.506] [cout] [info]   /jointset/knee_r/knee_angle_r/speed. bounds: [-50, 50]
[2023-12-06 00:02:04.506] [cout] [info]   /jointset/ankle_l/ankle_angle_l/value. bounds: [-0.552348, 0.66507]
[2023-12-06 00:02:04.506] [cout] [info]   /jointset/back/lumbar_extension/value. bounds: [-0.564053, 0.15528]
[2023-12-06 00:02:04.506] [cout] [info]   /jointset/back/lumbar_bending/value. bounds: [-0.264627, 0.376048]
[2023-12-06 00:02:04.506] [cout] [info]   /jointset/back/lumbar_rotation/value. bounds: [-0.364722, 0.489145]
[2023-12-06 00:02:04.506] [cout] [info]   /jointset/acromial_r/arm_flex_r/value. bounds: [-1.35476, -0.0511101]
[2023-12-06 00:02:04.506] [cout] [info]   /jointset/acromial_r/arm_add_r/value. bounds: [-0.668113, -0.0583365]
[2023-12-06 00:02:04.506] [cout] [info]   /jointset/acromial_r/arm_rot_r/value. bounds: [-0.554685, 0.182056]
[2023-12-06 00:02:04.506] [cout] [info]   /jointset/acromial_l/arm_flex_l/value. bounds: [-1.41238, 0.0586855]
[2023-12-06 00:02:04.506] [cout] [info]   /jointset/acromial_l/arm_add_l/value. bounds: [-0.545058, -0.0678364]
[2023-12-06 00:02:04.506] [cout] [info]   /jointset/acromial_l/arm_rot_l/value. bounds: [-0.60252, 0.266614]
[2023-12-06 00:02:04.506] [cout] [info]   /jointset/elbow_l/elbow_flex_l/value. bounds: [1.44296, 2.72146]
[2023-12-06 00:02:04.506] [cout] [info]   /jointset/radioulnar_l/pro_sup_l/value. bounds: [1.42847, 1.86324]
[2023-12-06 00:02:04.506] [cout] [info]   /jointset/ground_pelvis/pelvis_tilt/speed. bounds: [-50, 50]
[2023-12-06 00:02:04.506] [cout] [info]   /jointset/ground_pelvis/pelvis_list/speed. bounds: [-50, 50]
[2023-12-06 00:02:04.506] [cout] [info]   /jointset/radioulnar_r/pro_sup_r/speed. bounds: [-50, 50]
[2023-12-06 00:02:04.506] [cout] [info]   /jointset/ground_pelvis/pelvis_rotation/speed. bounds: [-50, 50]
[2023-12-06 00:02:04.506] [cout] [info]   /jointset/ground_pelvis/pelvis_tx/speed. bounds: [-50, 50]
[2023-12-06 00:02:04.507] [cout] [info]   /jointset/elbow_r/elbow_flex_r/speed. bounds: [-50, 50]
[2023-12-06 00:02:04.507] [cout] [info]   /jointset/ground_pelvis/pelvis_ty/speed. bounds: [-50, 50]
[2023-12-06 00:02:04.507] [cout] [info]   /jointset/ground_pelvis/pelvis_tz/speed. bounds: [-50, 50]
[2023-12-06 00:02:04.507] [cout] [info]   /jointset/ankle_r/ankle_angle_r/speed. bounds: [-50, 50]
[2023-12-06 00:02:04.507] [cout] [info]   /jointset/hip_r/hip_flexion_r/speed. bounds: [-50, 50]
[2023-12-06 00:02:04.507] [cout] [info]   /jointset/hip_r/hip_rotation_r/speed. bounds: [-50, 50]
[2023-12-06 00:02:04.507] [cout] [info]   /jointset/hip_l/hip_flexion_l/speed. bounds: [-50, 50]
[2023-12-06 00:02:04.507] [cout] [info]   /jointset/subtalar_r/subtalar_angle_r/speed. bounds: [-50, 50]
[2023-12-06 00:02:04.507] [cout] [info]   /jointset/mtp_r/mtp_angle_r/value. bounds: [-1.5708, 1.5708]
[2023-12-06 00:02:04.507] [cout] [info]   /jointset/mtp_r/mtp_angle_r/speed. bounds: [-50, 50]
[2023-12-06 00:02:04.507] [cout] [info]   /jointset/hip_l/hip_adduction_l/speed. bounds: [-50, 50]
[2023-12-06 00:02:04.507] [cout] [info]   /jointset/hip_l/hip_rotation_l/speed. bounds: [-50, 50]
[2023-12-06 00:02:04.507] [cout] [info]   /jointset/knee_l/knee_angle_l/speed. bounds: [-50, 50]
[2023-12-06 00:02:04.507] [cout] [info]   /jointset/ankle_l/ankle_angle_l/speed. bounds: [-50, 50]
[2023-12-06 00:02:04.507] [cout] [info]   /jointset/subtalar_l/subtalar_angle_l/value. bounds: [-1.5708, 1.5708]
[2023-12-06 00:02:04.507] [cout] [info]   /jointset/subtalar_l/subtalar_angle_l/speed. bounds: [-50, 50]
[2023-12-06 00:02:04.507] [cout] [info]   /jointset/mtp_l/mtp_angle_l/value. bounds: [-1.0472, 1.0472]
[2023-12-06 00:02:04.507] [cout] [info]   /jointset/back/lumbar_extension/speed. bounds: [-50, 50]
[2023-12-06 00:02:04.507] [cout] [info]   /jointset/back/lumbar_bending/speed. bounds: [-50, 50]
[2023-12-06 00:02:04.507] [cout] [info]   /jointset/acromial_r/arm_flex_r/speed. bounds: [-50, 50]
[2023-12-06 00:02:04.507] [cout] [info]   /jointset/acromial_r/arm_add_r/speed. bounds: [-50, 50]
[2023-12-06 00:02:04.507] [cout] [info]   /jointset/acromial_r/arm_rot_r/speed. bounds: [-50, 50]
[2023-12-06 00:02:04.507] [cout] [info]   /jointset/radius_hand_r/wrist_flex_r/value. bounds: [-1.22173, 1.22173]
[2023-12-06 00:02:04.507] [cout] [info]   /jointset/radius_hand_r/wrist_flex_r/speed. bounds: [-50, 50]
[2023-12-06 00:02:04.507] [cout] [info]   /jointset/radius_hand_r/wrist_dev_r/value. bounds: [-0.436332, 0.610865]
[2023-12-06 00:02:04.507] [cout] [info]   /jointset/radius_hand_r/wrist_dev_r/speed. bounds: [-50, 50]
[2023-12-06 00:02:04.507] [cout] [info]   /jointset/acromial_l/arm_flex_l/speed. bounds: [-50, 50]
[2023-12-06 00:02:04.507] [cout] [info]   /jointset/acromial_l/arm_add_l/speed. bounds: [-50, 50]
[2023-12-06 00:02:04.507] [cout] [info]   /jointset/acromial_l/arm_rot_l/speed. bounds: [-50, 50]
[2023-12-06 00:02:04.507] [cout] [info]   /jointset/elbow_l/elbow_flex_l/speed. bounds: [-50, 50]
[2023-12-06 00:02:04.507] [cout] [info]   /jointset/radioulnar_l/pro_sup_l/speed. bounds: [-50, 50]
[2023-12-06 00:02:04.507] [cout] [info]   /jointset/radius_hand_l/wrist_flex_l/value. bounds: [-1.22173, 1.22173]
[2023-12-06 00:02:04.507] [cout] [info]   /jointset/radius_hand_l/wrist_dev_l/value. bounds: [-0.436332, 0.610865]
[2023-12-06 00:02:04.507] [cout] [info]   /jointset/radius_hand_l/wrist_dev_l/speed. bounds: [-50, 50]
[2023-12-06 00:02:04.507] [cout] [info] Controls: (total: 29)
[2023-12-06 00:02:04.507] [cout] [info]   /forceset/pelvis_tx_actuator. bounds: [-10000, 10000]
[2023-12-06 00:02:04.507] [cout] [info]   /forceset/pelvis_ty_actuator. bounds: [-10000, 10000]
[2023-12-06 00:02:04.507] [cout] [info]   /forceset/pelvis_tz_actuator. bounds: [-10000, 10000]
[2023-12-06 00:02:04.507] [cout] [info]   /forceset/arm_flex_r_actuator. bounds: [-1, 1]
[2023-12-06 00:02:04.507] [cout] [info]   /forceset/hip_rotation_r_actuator. bounds: [-1, 1]
[2023-12-06 00:02:04.507] [cout] [info]   /forceset/pelvis_tilt_actuator. bounds: [-10000, 10000]
[2023-12-06 00:02:04.507] [cout] [info]   /forceset/pelvis_list_actuator. bounds: [-10000, 10000]
[2023-12-06 00:02:04.507] [cout] [info]   /forceset/pelvis_rotation_actuator. bounds: [-10000, 10000]
[2023-12-06 00:02:04.507] [cout] [info]   /forceset/elbow_flex_l_actuator. bounds: [-1, 1]
[2023-12-06 00:02:04.507] [cout] [info]   /forceset/hip_adduction_l_actuator. bounds: [-1, 1]
[2023-12-06 00:02:04.507] [cout] [info]   /forceset/hip_flexion_r_actuator. bounds: [-1, 1]
[2023-12-06 00:02:04.507] [cout] [info]   /forceset/elbow_flex_r_actuator. bounds: [-1, 1]
[2023-12-06 00:02:04.507] [cout] [info]   /forceset/hip_flexion_l_actuator. bounds: [-1, 1]
[2023-12-06 00:02:04.507] [cout] [info]   /forceset/hip_adduction_r_actuator. bounds: [-1, 1]
[2023-12-06 00:02:04.507] [cout] [info]   /forceset/knee_angle_r_actuator. bounds: [-1, 1]
[2023-12-06 00:02:04.507] [cout] [info]   /forceset/lumbar_rotation_actuator. bounds: [-1, 1]
[2023-12-06 00:02:04.507] [cout] [info]   /forceset/ankle_angle_r_actuator. bounds: [-1, 1]
[2023-12-06 00:02:04.507] [cout] [info]   /forceset/arm_flex_l_actuator. bounds: [-1, 1]
[2023-12-06 00:02:04.507] [cout] [info]   /forceset/hip_rotation_l_actuator. bounds: [-1, 1]
[2023-12-06 00:02:04.507] [cout] [info]   /forceset/knee_angle_l_actuator. bounds: [-1, 1]
[2023-12-06 00:02:04.507] [cout] [info]   /forceset/ankle_angle_l_actuator. bounds: [-1, 1]
[2023-12-06 00:02:04.507] [cout] [info]   /forceset/lumbar_extension_actuator. bounds: [-1, 1]
[2023-12-06 00:02:04.507] [cout] [info]   /forceset/lumbar_bending_actuator. bounds: [-1, 1]
[2023-12-06 00:02:04.507] [cout] [info]   /forceset/arm_add_r_actuator. bounds: [-1, 1]
[2023-12-06 00:02:04.507] [cout] [info]   /forceset/arm_rot_r_actuator. bounds: [-1, 1]
[2023-12-06 00:02:04.507] [cout] [info]   /forceset/pro_sup_r_actuator. bounds: [-1, 1]
[2023-12-06 00:02:04.507] [cout] [info]   /forceset/arm_add_l_actuator. bounds: [-1, 1]
[2023-12-06 00:02:04.507] [cout] [info]   /forceset/arm_rot_l_actuator. bounds: [-1, 1]
[2023-12-06 00:02:04.507] [cout] [info]   /forceset/pro_sup_l_actuator. bounds: [-1, 1]
[2023-12-06 00:02:04.507] [cout] [info] Parameters: none
[2023-12-06 00:02:04.594] [info] ExternalForce::externalforce Data source being set to Run_500 04_newCOP3_v24.mot
[2023-12-06 00:02:04.594] [info] ExternalForce::externalforce_0 Data source being set to Run_500 04_newCOP3_v24.mot
[2023-12-06 00:02:04.689] [info] ExternalForce::externalforce Data source being set to Run_500 04_newCOP3_v24.mot
[2023-12-06 00:02:04.689] [info] ExternalForce::externalforce_0 Data source being set to Run_500 04_newCOP3_v24.mot
[2023-12-06 00:02:04.791] [info] ExternalForce::externalforce Data source being set to Run_500 04_newCOP3_v24.mot
[2023-12-06 00:02:04.791] [info] ExternalForce::externalforce_0 Data source being set to Run_500 04_newCOP3_v24.mot
[2023-12-06 00:02:04.882] [info] ExternalForce::externalforce Data source being set to Run_500 04_newCOP3_v24.mot
[2023-12-06 00:02:04.882] [info] ExternalForce::externalforce_0 Data source being set to Run_500 04_newCOP3_v24.mot
[2023-12-06 00:02:04.986] [info] ExternalForce::externalforce Data source being set to Run_500 04_newCOP3_v24.mot
[2023-12-06 00:02:04.986] [info] ExternalForce::externalforce_0 Data source being set to Run_500 04_newCOP3_v24.mot
[2023-12-06 00:02:05.078] [info] ExternalForce::externalforce Data source being set to Run_500 04_newCOP3_v24.mot
[2023-12-06 00:02:05.078] [info] ExternalForce::externalforce_0 Data source being set to Run_500 04_newCOP3_v24.mot
[2023-12-06 00:02:05.187] [info] ExternalForce::externalforce Data source being set to Run_500 04_newCOP3_v24.mot
[2023-12-06 00:02:05.187] [info] ExternalForce::externalforce_0 Data source being set to Run_500 04_newCOP3_v24.mot
[2023-12-06 00:02:05.285] [info] ExternalForce::externalforce Data source being set to Run_500 04_newCOP3_v24.mot
[2023-12-06 00:02:05.285] [info] ExternalForce::externalforce_0 Data source being set to Run_500 04_newCOP3_v24.mot
[2023-12-06 00:02:05.392] [info] ExternalForce::externalforce Data source being set to Run_500 04_newCOP3_v24.mot
[2023-12-06 00:02:05.392] [info] ExternalForce::externalforce_0 Data source being set to Run_500 04_newCOP3_v24.mot
[2023-12-06 00:02:05.490] [info] ExternalForce::externalforce Data source being set to Run_500 04_newCOP3_v24.mot
[2023-12-06 00:02:05.490] [info] ExternalForce::externalforce_0 Data source being set to Run_500 04_newCOP3_v24.mot
[2023-12-06 00:02:05.599] [info] ExternalForce::externalforce Data source being set to Run_500 04_newCOP3_v24.mot
[2023-12-06 00:02:05.599] [info] ExternalForce::externalforce_0 Data source being set to Run_500 04_newCOP3_v24.mot
[2023-12-06 00:02:05.696] [info] ExternalForce::externalforce Data source being set to Run_500 04_newCOP3_v24.mot
[2023-12-06 00:02:05.696] [info] ExternalForce::externalforce_0 Data source being set to Run_500 04_newCOP3_v24.mot
[2023-12-06 00:02:05.805] [info] ExternalForce::externalforce Data source being set to Run_500 04_newCOP3_v24.mot
[2023-12-06 00:02:05.805] [info] ExternalForce::externalforce_0 Data source being set to Run_500 04_newCOP3_v24.mot
[2023-12-06 00:02:05.901] [info] ExternalForce::externalforce Data source being set to Run_500 04_newCOP3_v24.mot
[2023-12-06 00:02:05.901] [info] ExternalForce::externalforce_0 Data source being set to Run_500 04_newCOP3_v24.mot
[2023-12-06 00:02:06.007] [info] ExternalForce::externalforce Data source being set to Run_500 04_newCOP3_v24.mot
[2023-12-06 00:02:06.007] [info] ExternalForce::externalforce_0 Data source being set to Run_500 04_newCOP3_v24.mot
[2023-12-06 00:02:06.103] [info] ExternalForce::externalforce Data source being set to Run_500 04_newCOP3_v24.mot
[2023-12-06 00:02:06.103] [info] ExternalForce::externalforce_0 Data source being set to Run_500 04_newCOP3_v24.mot
[2023-12-06 00:02:06.124] [info] Number of threads: 8
[2023-12-06 00:27:33.633] [info] Set log level to Info.
[2023-12-06 00:27:33.653] [info] ------------------------------------------------------------------------
[2023-12-06 00:27:33.653] [info] Elapsed real time: 1529 second(s) (25 minute(s), 29 second(s)).
[2023-12-06 00:27:33.653] [info] Wed Dec  6 00:27:33 2023
[2023-12-06 00:27:33.653] [info] MocoCasADiSolver succeeded!
[2023-12-06 00:27:33.653] [info] ========================================================================
