[2023-03-11 01:24:39.363] [info] ExternalForce::externalforce Data source being set to Run_500 02_newCOP3_v24.mot
[2023-03-11 01:24:39.364] [info] ExternalForce::externalforce_0 Data source being set to Run_500 02_newCOP3_v24.mot
[2023-03-11 01:24:39.783] [info] ExternalForce::externalforce Data source being set to Run_500 02_newCOP3_v24.mot
[2023-03-11 01:24:39.783] [info] ExternalForce::externalforce_0 Data source being set to Run_500 02_newCOP3_v24.mot
[2023-03-11 01:24:40.092] [info] ExternalForce::externalforce Data source being set to Run_500 02_newCOP3_v24.mot
[2023-03-11 01:24:40.092] [info] ExternalForce::externalforce_0 Data source being set to Run_500 02_newCOP3_v24.mot
[2023-03-11 01:24:40.300] [info] ExternalForce::externalforce Data source being set to Run_500 02_newCOP3_v24.mot
[2023-03-11 01:24:40.300] [info] ExternalForce::externalforce_0 Data source being set to Run_500 02_newCOP3_v24.mot
[2023-03-11 01:24:40.476] [info] ExternalForce::externalforce Data source being set to Run_500 02_newCOP3_v24.mot
[2023-03-11 01:24:40.476] [info] ExternalForce::externalforce_0 Data source being set to Run_500 02_newCOP3_v24.mot
[2023-03-11 01:24:40.675] [info] ExternalForce::externalforce Data source being set to Run_500 02_newCOP3_v24.mot
[2023-03-11 01:24:40.675] [info] ExternalForce::externalforce_0 Data source being set to Run_500 02_newCOP3_v24.mot
[2023-03-11 01:24:40.878] [info] ExternalForce::externalforce Data source being set to Run_500 02_newCOP3_v24.mot
[2023-03-11 01:24:40.878] [info] ExternalForce::externalforce_0 Data source being set to Run_500 02_newCOP3_v24.mot
[2023-03-11 01:24:41.054] [info] ExternalForce::externalforce Data source being set to Run_500 02_newCOP3_v24.mot
[2023-03-11 01:24:41.054] [info] ExternalForce::externalforce_0 Data source being set to Run_500 02_newCOP3_v24.mot
[2023-03-11 01:24:41.223] [info] ExternalForce::externalforce Data source being set to Run_500 02_newCOP3_v24.mot
[2023-03-11 01:24:41.223] [info] ExternalForce::externalforce_0 Data source being set to Run_500 02_newCOP3_v24.mot
[2023-03-11 01:24:41.429] [info] ExternalForce::externalforce Data source being set to Run_500 02_newCOP3_v24.mot
[2023-03-11 01:24:41.429] [info] ExternalForce::externalforce_0 Data source being set to Run_500 02_newCOP3_v24.mot
[2023-03-11 01:24:41.645] [info] ExternalForce::externalforce Data source being set to Run_500 02_newCOP3_v24.mot
[2023-03-11 01:24:41.645] [info] ExternalForce::externalforce_0 Data source being set to Run_500 02_newCOP3_v24.mot
[2023-03-11 01:24:41.837] [info] ExternalForce::externalforce Data source being set to Run_500 02_newCOP3_v24.mot
[2023-03-11 01:24:41.837] [info] ExternalForce::externalforce_0 Data source being set to Run_500 02_newCOP3_v24.mot
[2023-03-11 01:24:42.013] [info] ExternalForce::externalforce Data source being set to Run_500 02_newCOP3_v24.mot
[2023-03-11 01:24:42.013] [info] ExternalForce::externalforce_0 Data source being set to Run_500 02_newCOP3_v24.mot
[2023-03-11 01:24:42.203] [info] ExternalForce::externalforce Data source being set to Run_500 02_newCOP3_v24.mot
[2023-03-11 01:24:42.203] [info] ExternalForce::externalforce_0 Data source being set to Run_500 02_newCOP3_v24.mot
[2023-03-11 01:24:42.428] [info] ExternalForce::externalforce Data source being set to Run_500 02_newCOP3_v24.mot
[2023-03-11 01:24:42.428] [info] ExternalForce::externalforce_0 Data source being set to Run_500 02_newCOP3_v24.mot
[2023-03-11 01:24:42.612] [info] ExternalForce::externalforce Data source being set to Run_500 02_newCOP3_v24.mot
[2023-03-11 01:24:42.612] [info] ExternalForce::externalforce_0 Data source being set to Run_500 02_newCOP3_v24.mot
[2023-03-11 01:24:42.768] [info] ExternalForce::externalforce Data source being set to Run_500 02_newCOP3_v24.mot
[2023-03-11 01:24:42.768] [info] ExternalForce::externalforce_0 Data source being set to Run_500 02_newCOP3_v24.mot
[2023-03-11 01:24:42.978] [info] ExternalForce::externalforce Data source being set to Run_500 02_newCOP3_v24.mot
[2023-03-11 01:24:42.978] [info] ExternalForce::externalforce_0 Data source being set to Run_500 02_newCOP3_v24.mot
[2023-03-11 01:24:43.152] [info] ExternalForce::externalforce Data source being set to Run_500 02_newCOP3_v24.mot
[2023-03-11 01:24:43.153] [info] ExternalForce::externalforce_0 Data source being set to Run_500 02_newCOP3_v24.mot
[2023-03-11 01:24:43.311] [info] ExternalForce::externalforce Data source being set to Run_500 02_newCOP3_v24.mot
[2023-03-11 01:24:43.311] [info] ExternalForce::externalforce_0 Data source being set to Run_500 02_newCOP3_v24.mot
[2023-03-11 01:24:43.453] [info] ExternalForce::externalforce Data source being set to Run_500 02_newCOP3_v24.mot
[2023-03-11 01:24:43.453] [info] ExternalForce::externalforce_0 Data source being set to Run_500 02_newCOP3_v24.mot
[2023-03-11 01:24:43.619] [info] ExternalForce::externalforce Data source being set to Run_500 02_newCOP3_v24.mot
[2023-03-11 01:24:43.620] [info] ExternalForce::externalforce_0 Data source being set to Run_500 02_newCOP3_v24.mot
[2023-03-11 01:24:44.218] [info] ExternalForce::externalforce Data source being set to Run_500 02_newCOP3_v24.mot
[2023-03-11 01:24:44.218] [info] ExternalForce::externalforce_0 Data source being set to Run_500 02_newCOP3_v24.mot
[2023-03-11 01:24:44.336] [info] ExternalForce::externalforce Data source being set to Run_500 02_newCOP3_v24.mot
[2023-03-11 01:24:44.336] [info] ExternalForce::externalforce_0 Data source being set to Run_500 02_newCOP3_v24.mot
[2023-03-11 01:24:44.466] [info] ExternalForce::externalforce Data source being set to Run_500 02_newCOP3_v24.mot
[2023-03-11 01:24:44.466] [info] ExternalForce::externalforce_0 Data source being set to Run_500 02_newCOP3_v24.mot
[2023-03-11 01:24:44.584] [info] ExternalForce::externalforce Data source being set to Run_500 02_newCOP3_v24.mot
[2023-03-11 01:24:44.584] [info] ExternalForce::externalforce_0 Data source being set to Run_500 02_newCOP3_v24.mot
[2023-03-11 01:24:44.782] [info] ExternalForce::externalforce Data source being set to Run_500 02_newCOP3_v24.mot
[2023-03-11 01:24:44.782] [info] ExternalForce::externalforce_0 Data source being set to Run_500 02_newCOP3_v24.mot
[2023-03-11 01:24:44.934] [info] ExternalForce::externalforce Data source being set to Run_500 02_newCOP3_v24.mot
[2023-03-11 01:24:44.934] [info] ExternalForce::externalforce_0 Data source being set to Run_500 02_newCOP3_v24.mot
[2023-03-11 01:24:45.080] [info] ExternalForce::externalforce Data source being set to Run_500 02_newCOP3_v24.mot
[2023-03-11 01:24:45.080] [info] ExternalForce::externalforce_0 Data source being set to Run_500 02_newCOP3_v24.mot
[2023-03-11 01:24:45.241] [info] ExternalForce::externalforce Data source being set to Run_500 02_newCOP3_v24.mot
[2023-03-11 01:24:45.241] [info] ExternalForce::externalforce_0 Data source being set to Run_500 02_newCOP3_v24.mot
[2023-03-11 01:24:45.266] [info] ========================================================================
[2023-03-11 01:24:45.266] [info] MocoCasADiSolver starting.
[2023-03-11 01:24:45.266] [info] Sat Mar 11 01:24:45 2023
[2023-03-11 01:24:45.266] [info] ------------------------------------------------------------------------
[2023-03-11 01:24:45.266] [cout] [info] Costs: (total: 2)
[2023-03-11 01:24:45.266] [cout] [info]   state_tracking. MocoStateTrackingGoal, enabled: true, mode: cost, weight: 1.0
[2023-03-11 01:24:45.266] [cout] [info]         state: /jointset/ground_pelvis/pelvis_tilt/value, weight: 750.0
[2023-03-11 01:24:45.266] [cout] [info]         state: /jointset/ground_pelvis/pelvis_list/value, weight: 250.0
[2023-03-11 01:24:45.266] [cout] [info]         state: /jointset/ground_pelvis/pelvis_rotation/value, weight: 50.0
[2023-03-11 01:24:45.266] [cout] [info]         state: /jointset/ground_pelvis/pelvis_tx/value, weight: 25.0
[2023-03-11 01:24:45.266] [cout] [info]         state: /jointset/ground_pelvis/pelvis_ty/value, weight: 100.0
[2023-03-11 01:24:45.266] [cout] [info]         state: /jointset/ground_pelvis/pelvis_tz/value, weight: 25.0
[2023-03-11 01:24:45.266] [cout] [info]         state: /jointset/hip_r/hip_flexion_r/value, weight: 75.0
[2023-03-11 01:24:45.267] [cout] [info]         state: /jointset/hip_r/hip_adduction_r/value, weight: 50.0
[2023-03-11 01:24:45.267] [cout] [info]         state: /jointset/hip_r/hip_rotation_r/value, weight: 10.0
[2023-03-11 01:24:45.267] [cout] [info]         state: /jointset/knee_r/knee_angle_r/value, weight: 10.0
[2023-03-11 01:24:45.267] [cout] [info]         state: /jointset/ankle_r/ankle_angle_r/value, weight: 10.0
[2023-03-11 01:24:45.267] [cout] [info]         state: /jointset/hip_l/hip_flexion_l/value, weight: 75.0
[2023-03-11 01:24:45.267] [cout] [info]         state: /jointset/hip_l/hip_adduction_l/value, weight: 50.0
[2023-03-11 01:24:45.267] [cout] [info]         state: /jointset/hip_l/hip_rotation_l/value, weight: 10.0
[2023-03-11 01:24:45.267] [cout] [info]         state: /jointset/knee_l/knee_angle_l/value, weight: 10.0
[2023-03-11 01:24:45.267] [cout] [info]         state: /jointset/ankle_l/ankle_angle_l/value, weight: 10.0
[2023-03-11 01:24:45.267] [cout] [info]         state: /jointset/back/lumbar_extension/value, weight: 75.0
[2023-03-11 01:24:45.267] [cout] [info]         state: /jointset/back/lumbar_bending/value, weight: 50.0
[2023-03-11 01:24:45.267] [cout] [info]         state: /jointset/back/lumbar_rotation/value, weight: 25.0
[2023-03-11 01:24:45.267] [cout] [info]         state: /jointset/acromial_r/arm_flex_r/value, weight: 1.0
[2023-03-11 01:24:45.267] [cout] [info]         state: /jointset/acromial_r/arm_add_r/value, weight: 1.0
[2023-03-11 01:24:45.267] [cout] [info]         state: /jointset/acromial_r/arm_rot_r/value, weight: 1.0
[2023-03-11 01:24:45.267] [cout] [info]         state: /jointset/elbow_r/elbow_flex_r/value, weight: 1.0
[2023-03-11 01:24:45.267] [cout] [info]         state: /jointset/radioulnar_r/pro_sup_r/value, weight: 1.0
[2023-03-11 01:24:45.267] [cout] [info]         state: /jointset/acromial_l/arm_flex_l/value, weight: 1.0
[2023-03-11 01:24:45.267] [cout] [info]         state: /jointset/acromial_l/arm_add_l/value, weight: 1.0
[2023-03-11 01:24:45.267] [cout] [info]         state: /jointset/acromial_l/arm_rot_l/value, weight: 1.0
[2023-03-11 01:24:45.267] [cout] [info]         state: /jointset/elbow_l/elbow_flex_l/value, weight: 1.0
[2023-03-11 01:24:45.267] [cout] [info]         state: /jointset/radioulnar_l/pro_sup_l/value, weight: 1.0
[2023-03-11 01:24:45.267] [cout] [info]         state: /jointset/subtalar_r/subtalar_angle_r/value, weight: 0.0
[2023-03-11 01:24:45.267] [cout] [info]         state: /jointset/mtp_r/mtp_angle_r/value, weight: 0.0
[2023-03-11 01:24:45.267] [cout] [info]         state: /jointset/subtalar_l/subtalar_angle_l/value, weight: 0.0
[2023-03-11 01:24:45.267] [cout] [info]         state: /jointset/mtp_l/mtp_angle_l/value, weight: 0.0
[2023-03-11 01:24:45.267] [cout] [info]         state: /jointset/radius_hand_r/wrist_flex_r/value, weight: 0.0
[2023-03-11 01:24:45.267] [cout] [info]         state: /jointset/radius_hand_r/wrist_dev_r/value, weight: 0.0
[2023-03-11 01:24:45.267] [cout] [info]         state: /jointset/radius_hand_l/wrist_flex_l/value, weight: 0.0
[2023-03-11 01:24:45.267] [cout] [info]         state: /jointset/radius_hand_l/wrist_dev_l/value, weight: 0.0
[2023-03-11 01:24:45.267] [cout] [info]   control_effort. MocoControlGoal, enabled: true, mode: cost, weight: 0.00100000
[2023-03-11 01:24:45.267] [cout] [info]         control: /forceset/pelvis_tx_actuator, weight: 1.0
[2023-03-11 01:24:45.267] [cout] [info]         control: /forceset/pelvis_ty_actuator, weight: 1.0
[2023-03-11 01:24:45.267] [cout] [info]         control: /forceset/pelvis_tz_actuator, weight: 1.0
[2023-03-11 01:24:45.267] [cout] [info]         control: /forceset/pelvis_tilt_actuator, weight: 1.0
[2023-03-11 01:24:45.267] [cout] [info]         control: /forceset/pelvis_list_actuator, weight: 1.0
[2023-03-11 01:24:45.267] [cout] [info]         control: /forceset/pelvis_rotation_actuator, weight: 1.0
[2023-03-11 01:24:45.267] [cout] [info]         control: /forceset/hip_flexion_r_actuator, weight: 1.0
[2023-03-11 01:24:45.267] [cout] [info]         control: /forceset/hip_adduction_r_actuator, weight: 1.0
[2023-03-11 01:24:45.268] [cout] [info]         control: /forceset/hip_rotation_r_actuator, weight: 1.0
[2023-03-11 01:24:45.268] [cout] [info]         control: /forceset/knee_angle_r_actuator, weight: 1.0
[2023-03-11 01:24:45.268] [cout] [info]         control: /forceset/ankle_angle_r_actuator, weight: 1.0
[2023-03-11 01:24:45.268] [cout] [info]         control: /forceset/hip_flexion_l_actuator, weight: 1.0
[2023-03-11 01:24:45.268] [cout] [info]         control: /forceset/hip_adduction_l_actuator, weight: 1.0
[2023-03-11 01:24:45.268] [cout] [info]         control: /forceset/hip_rotation_l_actuator, weight: 1.0
[2023-03-11 01:24:45.268] [cout] [info]         control: /forceset/knee_angle_l_actuator, weight: 1.0
[2023-03-11 01:24:45.268] [cout] [info]         control: /forceset/ankle_angle_l_actuator, weight: 1.0
[2023-03-11 01:24:45.268] [cout] [info]         control: /forceset/lumbar_extension_actuator, weight: 1.0
[2023-03-11 01:24:45.268] [cout] [info]         control: /forceset/lumbar_bending_actuator, weight: 1.0
[2023-03-11 01:24:45.268] [cout] [info]         control: /forceset/lumbar_rotation_actuator, weight: 1.0
[2023-03-11 01:24:45.268] [cout] [info]         control: /forceset/arm_flex_r_actuator, weight: 1.0
[2023-03-11 01:24:45.268] [cout] [info]         control: /forceset/arm_add_r_actuator, weight: 1.0
[2023-03-11 01:24:45.268] [cout] [info]         control: /forceset/arm_rot_r_actuator, weight: 1.0
[2023-03-11 01:24:45.268] [cout] [info]         control: /forceset/elbow_flex_r_actuator, weight: 1.0
[2023-03-11 01:24:45.268] [cout] [info]         control: /forceset/pro_sup_r_actuator, weight: 1.0
[2023-03-11 01:24:45.268] [cout] [info]         control: /forceset/arm_flex_l_actuator, weight: 1.0
[2023-03-11 01:24:45.268] [cout] [info]         control: /forceset/arm_add_l_actuator, weight: 1.0
[2023-03-11 01:24:45.268] [cout] [info]         control: /forceset/arm_rot_l_actuator, weight: 1.0
[2023-03-11 01:24:45.268] [cout] [info]         control: /forceset/elbow_flex_l_actuator, weight: 1.0
[2023-03-11 01:24:45.268] [cout] [info]         control: /forceset/pro_sup_l_actuator, weight: 1.0
[2023-03-11 01:24:45.268] [cout] [info] Endpoint constraints: none
[2023-03-11 01:24:45.268] [cout] [info] Kinematic constraints: (total: 8)
[2023-03-11 01:24:45.268] [cout] [info]   kinematic_constraint_cid27. MocoConstraintInfo. number of scalar equations: 3. bounds: 0, 0, 0
[2023-03-11 01:24:45.268] [cout] [info]   kinematic_constraint_cid28. MocoConstraintInfo. number of scalar equations: 3. bounds: 0, 0, 0
[2023-03-11 01:24:45.268] [cout] [info]   kinematic_constraint_cid31. MocoConstraintInfo. number of scalar equations: 3. bounds: 0, 0, 0
[2023-03-11 01:24:45.268] [cout] [info]   kinematic_constraint_cid32. MocoConstraintInfo. number of scalar equations: 3. bounds: 0, 0, 0
[2023-03-11 01:24:45.268] [cout] [info]   kinematic_constraint_cid33. MocoConstraintInfo. number of scalar equations: 3. bounds: 0, 0, 0
[2023-03-11 01:24:45.268] [cout] [info]   kinematic_constraint_cid34. MocoConstraintInfo. number of scalar equations: 3. bounds: 0, 0, 0
[2023-03-11 01:24:45.268] [cout] [info]   kinematic_constraint_cid35. MocoConstraintInfo. number of scalar equations: 3. bounds: 0, 0, 0
[2023-03-11 01:24:45.268] [cout] [info]   kinematic_constraint_cid36. MocoConstraintInfo. number of scalar equations: 3. bounds: 0, 0, 0
[2023-03-11 01:24:45.268] [cout] [info] Path constraints: none
[2023-03-11 01:24:45.268] [cout] [info] States: (total: 74)
[2023-03-11 01:24:45.268] [cout] [info]   /jointset/ground_pelvis/pelvis_tilt/value. bounds: [-0.276484, 0.250485]
[2023-03-11 01:24:45.268] [cout] [info]   /jointset/ground_pelvis/pelvis_list/value. bounds: [-0.361095, 0.376563]
[2023-03-11 01:24:45.269] [cout] [info]   /jointset/radioulnar_r/pro_sup_r/value. bounds: [1.05595, 1.48388]
[2023-03-11 01:24:45.269] [cout] [info]   /jointset/ground_pelvis/pelvis_rotation/value. bounds: [-0.280593, 0.240926]
[2023-03-11 01:24:45.269] [cout] [info]   /jointset/ground_pelvis/pelvis_tx/value. bounds: [0.515085, 1.13459]
[2023-03-11 01:24:45.269] [cout] [info]   /jointset/elbow_r/elbow_flex_r/value. bounds: [1.27267, 2.14934]
[2023-03-11 01:24:45.269] [cout] [info]   /jointset/ground_pelvis/pelvis_ty/value. bounds: [0.834745, 1.1174]
[2023-03-11 01:24:45.269] [cout] [info]   /jointset/radius_hand_l/wrist_flex_l/speed. bounds: [-50, 50]
[2023-03-11 01:24:45.269] [cout] [info]   /jointset/ground_pelvis/pelvis_tz/value. bounds: [-0.54982, -0.079774]
[2023-03-11 01:24:45.269] [cout] [info]   /jointset/hip_r/hip_adduction_r/speed. bounds: [-50, 50]
[2023-03-11 01:24:45.269] [cout] [info]   /jointset/ankle_r/ankle_angle_r/value. bounds: [-0.754264, 0.63306]
[2023-03-11 01:24:45.269] [cout] [info]   /jointset/hip_r/hip_flexion_r/value. bounds: [-0.73638, 0.975299]
[2023-03-11 01:24:45.269] [cout] [info]   /jointset/hip_r/hip_adduction_r/value. bounds: [-0.303081, 0.417691]
[2023-03-11 01:24:45.269] [cout] [info]   /jointset/back/lumbar_rotation/speed. bounds: [-50, 50]
[2023-03-11 01:24:45.269] [cout] [info]   /jointset/hip_r/hip_rotation_r/value. bounds: [-0.190854, 0.21577]
[2023-03-11 01:24:45.269] [cout] [info]   /jointset/mtp_l/mtp_angle_l/speed. bounds: [-50, 50]
[2023-03-11 01:24:45.269] [cout] [info]   /jointset/knee_r/knee_angle_r/value. bounds: [-2.27481, 0.142473]
[2023-03-11 01:24:45.269] [cout] [info]   /jointset/subtalar_r/subtalar_angle_r/value. bounds: [-1.5708, 1.5708]
[2023-03-11 01:24:45.269] [cout] [info]   /jointset/hip_l/hip_flexion_l/value. bounds: [-0.667983, 1.03643]
[2023-03-11 01:24:45.269] [cout] [info]   /jointset/hip_l/hip_adduction_l/value. bounds: [-0.294005, 0.423309]
[2023-03-11 01:24:45.269] [cout] [info]   /jointset/hip_l/hip_rotation_l/value. bounds: [-0.188614, 0.29205]
[2023-03-11 01:24:45.269] [cout] [info]   /jointset/knee_l/knee_angle_l/value. bounds: [-2.29341, 0.204664]
[2023-03-11 01:24:45.269] [cout] [info]   /jointset/knee_r/knee_angle_r/speed. bounds: [-50, 50]
[2023-03-11 01:24:45.269] [cout] [info]   /jointset/ankle_l/ankle_angle_l/value. bounds: [-0.759982, 0.641515]
[2023-03-11 01:24:45.269] [cout] [info]   /jointset/back/lumbar_extension/value. bounds: [-0.537522, 0.125783]
[2023-03-11 01:24:45.269] [cout] [info]   /jointset/back/lumbar_bending/value. bounds: [-0.386869, 0.246298]
[2023-03-11 01:24:45.269] [cout] [info]   /jointset/back/lumbar_rotation/value. bounds: [-0.409979, 0.371371]
[2023-03-11 01:24:45.269] [cout] [info]   /jointset/acromial_r/arm_flex_r/value. bounds: [-0.905475, -0.0959302]
[2023-03-11 01:24:45.269] [cout] [info]   /jointset/acromial_r/arm_add_r/value. bounds: [-0.665249, -0.149734]
[2023-03-11 01:24:45.269] [cout] [info]   /jointset/acromial_r/arm_rot_r/value. bounds: [-0.480103, 0.0743413]
[2023-03-11 01:24:45.269] [cout] [info]   /jointset/acromial_l/arm_flex_l/value. bounds: [-0.964583, 0.138874]
[2023-03-11 01:24:45.269] [cout] [info]   /jointset/acromial_l/arm_add_l/value. bounds: [-0.67476, -0.184579]
[2023-03-11 01:24:45.269] [cout] [info]   /jointset/acromial_l/arm_rot_l/value. bounds: [-0.450084, 0.281468]
[2023-03-11 01:24:45.269] [cout] [info]   /jointset/elbow_l/elbow_flex_l/value. bounds: [1.06943, 2.2192]
[2023-03-11 01:24:45.269] [cout] [info]   /jointset/radioulnar_l/pro_sup_l/value. bounds: [1.50816, 2.04113]
[2023-03-11 01:24:45.269] [cout] [info]   /jointset/ground_pelvis/pelvis_tilt/speed. bounds: [-50, 50]
[2023-03-11 01:24:45.270] [cout] [info]   /jointset/ground_pelvis/pelvis_list/speed. bounds: [-50, 50]
[2023-03-11 01:24:45.270] [cout] [info]   /jointset/radioulnar_r/pro_sup_r/speed. bounds: [-50, 50]
[2023-03-11 01:24:45.270] [cout] [info]   /jointset/ground_pelvis/pelvis_rotation/speed. bounds: [-50, 50]
[2023-03-11 01:24:45.270] [cout] [info]   /jointset/ground_pelvis/pelvis_tx/speed. bounds: [-50, 50]
[2023-03-11 01:24:45.270] [cout] [info]   /jointset/elbow_r/elbow_flex_r/speed. bounds: [-50, 50]
[2023-03-11 01:24:45.270] [cout] [info]   /jointset/ground_pelvis/pelvis_ty/speed. bounds: [-50, 50]
[2023-03-11 01:24:45.270] [cout] [info]   /jointset/ground_pelvis/pelvis_tz/speed. bounds: [-50, 50]
[2023-03-11 01:24:45.270] [cout] [info]   /jointset/ankle_r/ankle_angle_r/speed. bounds: [-50, 50]
[2023-03-11 01:24:45.270] [cout] [info]   /jointset/hip_r/hip_flexion_r/speed. bounds: [-50, 50]
[2023-03-11 01:24:45.270] [cout] [info]   /jointset/hip_r/hip_rotation_r/speed. bounds: [-50, 50]
[2023-03-11 01:24:45.270] [cout] [info]   /jointset/hip_l/hip_flexion_l/speed. bounds: [-50, 50]
[2023-03-11 01:24:45.270] [cout] [info]   /jointset/subtalar_r/subtalar_angle_r/speed. bounds: [-50, 50]
[2023-03-11 01:24:45.270] [cout] [info]   /jointset/mtp_r/mtp_angle_r/value. bounds: [-1.5708, 1.5708]
[2023-03-11 01:24:45.270] [cout] [info]   /jointset/mtp_r/mtp_angle_r/speed. bounds: [-50, 50]
[2023-03-11 01:24:45.270] [cout] [info]   /jointset/hip_l/hip_adduction_l/speed. bounds: [-50, 50]
[2023-03-11 01:24:45.270] [cout] [info]   /jointset/hip_l/hip_rotation_l/speed. bounds: [-50, 50]
[2023-03-11 01:24:45.270] [cout] [info]   /jointset/knee_l/knee_angle_l/speed. bounds: [-50, 50]
[2023-03-11 01:24:45.270] [cout] [info]   /jointset/ankle_l/ankle_angle_l/speed. bounds: [-50, 50]
[2023-03-11 01:24:45.270] [cout] [info]   /jointset/subtalar_l/subtalar_angle_l/value. bounds: [-1.5708, 1.5708]
[2023-03-11 01:24:45.270] [cout] [info]   /jointset/subtalar_l/subtalar_angle_l/speed. bounds: [-50, 50]
[2023-03-11 01:24:45.270] [cout] [info]   /jointset/mtp_l/mtp_angle_l/value. bounds: [-1.0472, 1.0472]
[2023-03-11 01:24:45.270] [cout] [info]   /jointset/back/lumbar_extension/speed. bounds: [-50, 50]
[2023-03-11 01:24:45.270] [cout] [info]   /jointset/back/lumbar_bending/speed. bounds: [-50, 50]
[2023-03-11 01:24:45.270] [cout] [info]   /jointset/acromial_r/arm_flex_r/speed. bounds: [-50, 50]
[2023-03-11 01:24:45.270] [cout] [info]   /jointset/acromial_r/arm_add_r/speed. bounds: [-50, 50]
[2023-03-11 01:24:45.270] [cout] [info]   /jointset/acromial_r/arm_rot_r/speed. bounds: [-50, 50]
[2023-03-11 01:24:45.270] [cout] [info]   /jointset/radius_hand_r/wrist_flex_r/value. bounds: [-1.22173, 1.22173]
[2023-03-11 01:24:45.270] [cout] [info]   /jointset/radius_hand_r/wrist_flex_r/speed. bounds: [-50, 50]
[2023-03-11 01:24:45.270] [cout] [info]   /jointset/radius_hand_r/wrist_dev_r/value. bounds: [-0.436332, 0.610865]
[2023-03-11 01:24:45.270] [cout] [info]   /jointset/radius_hand_r/wrist_dev_r/speed. bounds: [-50, 50]
[2023-03-11 01:24:45.270] [cout] [info]   /jointset/acromial_l/arm_flex_l/speed. bounds: [-50, 50]
[2023-03-11 01:24:45.270] [cout] [info]   /jointset/acromial_l/arm_add_l/speed. bounds: [-50, 50]
[2023-03-11 01:24:45.270] [cout] [info]   /jointset/acromial_l/arm_rot_l/speed. bounds: [-50, 50]
[2023-03-11 01:24:45.271] [cout] [info]   /jointset/elbow_l/elbow_flex_l/speed. bounds: [-50, 50]
[2023-03-11 01:24:45.271] [cout] [info]   /jointset/radioulnar_l/pro_sup_l/speed. bounds: [-50, 50]
[2023-03-11 01:24:45.271] [cout] [info]   /jointset/radius_hand_l/wrist_flex_l/value. bounds: [-1.22173, 1.22173]
[2023-03-11 01:24:45.271] [cout] [info]   /jointset/radius_hand_l/wrist_dev_l/value. bounds: [-0.436332, 0.610865]
[2023-03-11 01:24:45.271] [cout] [info]   /jointset/radius_hand_l/wrist_dev_l/speed. bounds: [-50, 50]
[2023-03-11 01:24:45.271] [cout] [info] Controls: (total: 29)
[2023-03-11 01:24:45.271] [cout] [info]   /forceset/pelvis_tx_actuator. bounds: [-10000, 10000]
[2023-03-11 01:24:45.271] [cout] [info]   /forceset/pelvis_ty_actuator. bounds: [-10000, 10000]
[2023-03-11 01:24:45.271] [cout] [info]   /forceset/pelvis_tz_actuator. bounds: [-10000, 10000]
[2023-03-11 01:24:45.271] [cout] [info]   /forceset/arm_flex_r_actuator. bounds: [-1, 1]
[2023-03-11 01:24:45.271] [cout] [info]   /forceset/hip_rotation_r_actuator. bounds: [-1, 1]
[2023-03-11 01:24:45.271] [cout] [info]   /forceset/pelvis_tilt_actuator. bounds: [-10000, 10000]
[2023-03-11 01:24:45.271] [cout] [info]   /forceset/pelvis_list_actuator. bounds: [-10000, 10000]
[2023-03-11 01:24:45.271] [cout] [info]   /forceset/pelvis_rotation_actuator. bounds: [-10000, 10000]
[2023-03-11 01:24:45.271] [cout] [info]   /forceset/elbow_flex_l_actuator. bounds: [-1, 1]
[2023-03-11 01:24:45.271] [cout] [info]   /forceset/hip_adduction_l_actuator. bounds: [-1, 1]
[2023-03-11 01:24:45.271] [cout] [info]   /forceset/hip_flexion_r_actuator. bounds: [-1, 1]
[2023-03-11 01:24:45.271] [cout] [info]   /forceset/elbow_flex_r_actuator. bounds: [-1, 1]
[2023-03-11 01:24:45.271] [cout] [info]   /forceset/hip_flexion_l_actuator. bounds: [-1, 1]
[2023-03-11 01:24:45.271] [cout] [info]   /forceset/hip_adduction_r_actuator. bounds: [-1, 1]
[2023-03-11 01:24:45.271] [cout] [info]   /forceset/knee_angle_r_actuator. bounds: [-1, 1]
[2023-03-11 01:24:45.271] [cout] [info]   /forceset/lumbar_rotation_actuator. bounds: [-1, 1]
[2023-03-11 01:24:45.271] [cout] [info]   /forceset/ankle_angle_r_actuator. bounds: [-1, 1]
[2023-03-11 01:24:45.271] [cout] [info]   /forceset/arm_flex_l_actuator. bounds: [-1, 1]
[2023-03-11 01:24:45.271] [cout] [info]   /forceset/hip_rotation_l_actuator. bounds: [-1, 1]
[2023-03-11 01:24:45.271] [cout] [info]   /forceset/knee_angle_l_actuator. bounds: [-1, 1]
[2023-03-11 01:24:45.271] [cout] [info]   /forceset/ankle_angle_l_actuator. bounds: [-1, 1]
[2023-03-11 01:24:45.271] [cout] [info]   /forceset/lumbar_extension_actuator. bounds: [-1, 1]
[2023-03-11 01:24:45.271] [cout] [info]   /forceset/lumbar_bending_actuator. bounds: [-1, 1]
[2023-03-11 01:24:45.271] [cout] [info]   /forceset/arm_add_r_actuator. bounds: [-1, 1]
[2023-03-11 01:24:45.271] [cout] [info]   /forceset/arm_rot_r_actuator. bounds: [-1, 1]
[2023-03-11 01:24:45.272] [cout] [info]   /forceset/pro_sup_r_actuator. bounds: [-1, 1]
[2023-03-11 01:24:45.272] [cout] [info]   /forceset/arm_add_l_actuator. bounds: [-1, 1]
[2023-03-11 01:24:45.272] [cout] [info]   /forceset/arm_rot_l_actuator. bounds: [-1, 1]
[2023-03-11 01:24:45.272] [cout] [info]   /forceset/pro_sup_l_actuator. bounds: [-1, 1]
[2023-03-11 01:24:45.272] [cout] [info] Parameters: none
[2023-03-11 01:24:45.396] [info] ExternalForce::externalforce Data source being set to Run_500 02_newCOP3_v24.mot
[2023-03-11 01:24:45.396] [info] ExternalForce::externalforce_0 Data source being set to Run_500 02_newCOP3_v24.mot
[2023-03-11 01:24:45.534] [info] ExternalForce::externalforce Data source being set to Run_500 02_newCOP3_v24.mot
[2023-03-11 01:24:45.534] [info] ExternalForce::externalforce_0 Data source being set to Run_500 02_newCOP3_v24.mot
[2023-03-11 01:24:45.711] [info] ExternalForce::externalforce Data source being set to Run_500 02_newCOP3_v24.mot
[2023-03-11 01:24:45.712] [info] ExternalForce::externalforce_0 Data source being set to Run_500 02_newCOP3_v24.mot
[2023-03-11 01:24:45.864] [info] ExternalForce::externalforce Data source being set to Run_500 02_newCOP3_v24.mot
[2023-03-11 01:24:45.864] [info] ExternalForce::externalforce_0 Data source being set to Run_500 02_newCOP3_v24.mot
[2023-03-11 01:24:46.029] [info] ExternalForce::externalforce Data source being set to Run_500 02_newCOP3_v24.mot
[2023-03-11 01:24:46.029] [info] ExternalForce::externalforce_0 Data source being set to Run_500 02_newCOP3_v24.mot
[2023-03-11 01:24:46.183] [info] ExternalForce::externalforce Data source being set to Run_500 02_newCOP3_v24.mot
[2023-03-11 01:24:46.183] [info] ExternalForce::externalforce_0 Data source being set to Run_500 02_newCOP3_v24.mot
[2023-03-11 01:24:46.329] [info] ExternalForce::externalforce Data source being set to Run_500 02_newCOP3_v24.mot
[2023-03-11 01:24:46.329] [info] ExternalForce::externalforce_0 Data source being set to Run_500 02_newCOP3_v24.mot
[2023-03-11 01:24:46.492] [info] ExternalForce::externalforce Data source being set to Run_500 02_newCOP3_v24.mot
[2023-03-11 01:24:46.492] [info] ExternalForce::externalforce_0 Data source being set to Run_500 02_newCOP3_v24.mot
[2023-03-11 01:24:46.656] [info] ExternalForce::externalforce Data source being set to Run_500 02_newCOP3_v24.mot
[2023-03-11 01:24:46.656] [info] ExternalForce::externalforce_0 Data source being set to Run_500 02_newCOP3_v24.mot
[2023-03-11 01:24:46.780] [info] ExternalForce::externalforce Data source being set to Run_500 02_newCOP3_v24.mot
[2023-03-11 01:24:46.780] [info] ExternalForce::externalforce_0 Data source being set to Run_500 02_newCOP3_v24.mot
[2023-03-11 01:24:46.902] [info] ExternalForce::externalforce Data source being set to Run_500 02_newCOP3_v24.mot
[2023-03-11 01:24:46.902] [info] ExternalForce::externalforce_0 Data source being set to Run_500 02_newCOP3_v24.mot
[2023-03-11 01:24:47.039] [info] ExternalForce::externalforce Data source being set to Run_500 02_newCOP3_v24.mot
[2023-03-11 01:24:47.039] [info] ExternalForce::externalforce_0 Data source being set to Run_500 02_newCOP3_v24.mot
[2023-03-11 01:24:47.190] [info] ExternalForce::externalforce Data source being set to Run_500 02_newCOP3_v24.mot
[2023-03-11 01:24:47.190] [info] ExternalForce::externalforce_0 Data source being set to Run_500 02_newCOP3_v24.mot
[2023-03-11 01:24:47.374] [info] ExternalForce::externalforce Data source being set to Run_500 02_newCOP3_v24.mot
[2023-03-11 01:24:47.374] [info] ExternalForce::externalforce_0 Data source being set to Run_500 02_newCOP3_v24.mot
[2023-03-11 01:24:47.492] [info] ExternalForce::externalforce Data source being set to Run_500 02_newCOP3_v24.mot
[2023-03-11 01:24:47.492] [info] ExternalForce::externalforce_0 Data source being set to Run_500 02_newCOP3_v24.mot
[2023-03-11 01:24:47.647] [info] ExternalForce::externalforce Data source being set to Run_500 02_newCOP3_v24.mot
[2023-03-11 01:24:47.647] [info] ExternalForce::externalforce_0 Data source being set to Run_500 02_newCOP3_v24.mot
[2023-03-11 01:24:47.686] [info] Number of threads: 8
[2023-03-11 01:34:57.845] [info] Set log level to Info.
[2023-03-11 01:34:57.880] [info] ------------------------------------------------------------------------
[2023-03-11 01:34:57.880] [info] Elapsed real time: 613 second(s) (10 minute(s), 13 second(s)).
[2023-03-11 01:34:57.880] [info] Sat Mar 11 01:34:57 2023
[2023-03-11 01:34:57.880] [info] MocoCasADiSolver succeeded!
[2023-03-11 01:34:57.881] [info] ========================================================================
[2023-03-11 01:34:58.352] [info] Loaded model subject11_scaled from file ..\..\model\subject11_adjusted_scaled.osim
[2023-03-11 01:34:59.540] [cout] [info] 
               MODEL: subject11_scaled
         coordinates: 37
              forces: 92
           actuators: 92
             muscles: 92
            analyses: 0
              probes: 0
              bodies: 20
              joints: 20
         constraints: 0
             markers: 56
         controllers: 0
  contact geometries: 0
misc modelcomponents: 0
[2023-03-11 01:34:59.540] [info] Running tool subject10_scaled...
[2023-03-11 01:34:59.608] [warning] ExternalLoads 'externalloads' has subcomponents with duplicate name 'externalforce'. The duplicate is being renamed to 'externalforce_0'.
[2023-03-11 01:34:59.765] [info] ExternalForce::externalforce Data source being set to Run_500 02_newCOP3_v24.mot
[2023-03-11 01:34:59.765] [info] ExternalForce::externalforce_0 Data source being set to Run_500 02_newCOP3_v24.mot
[2023-03-11 01:35:00.680] [info] InverseDynamicsTool: 113 time frames in 815 millisecond(s).
[2023-12-06 03:45:53.210] [info] ExternalForce::externalforce Data source being set to Run_500 02_newCOP3_v24.mot
[2023-12-06 03:45:53.222] [info] ExternalForce::externalforce_0 Data source being set to Run_500 02_newCOP3_v24.mot
[2023-12-06 03:45:53.587] [info] ExternalForce::externalforce Data source being set to Run_500 02_newCOP3_v24.mot
[2023-12-06 03:45:53.587] [info] ExternalForce::externalforce_0 Data source being set to Run_500 02_newCOP3_v24.mot
[2023-12-06 03:45:53.698] [info] ExternalForce::externalforce Data source being set to Run_500 02_newCOP3_v24.mot
[2023-12-06 03:45:53.698] [info] ExternalForce::externalforce_0 Data source being set to Run_500 02_newCOP3_v24.mot
[2023-12-06 03:45:53.773] [info] ExternalForce::externalforce Data source being set to Run_500 02_newCOP3_v24.mot
[2023-12-06 03:45:53.773] [info] ExternalForce::externalforce_0 Data source being set to Run_500 02_newCOP3_v24.mot
[2023-12-06 03:45:53.868] [info] ExternalForce::externalforce Data source being set to Run_500 02_newCOP3_v24.mot
[2023-12-06 03:45:53.868] [info] ExternalForce::externalforce_0 Data source being set to Run_500 02_newCOP3_v24.mot
[2023-12-06 03:45:53.952] [info] ExternalForce::externalforce Data source being set to Run_500 02_newCOP3_v24.mot
[2023-12-06 03:45:53.952] [info] ExternalForce::externalforce_0 Data source being set to Run_500 02_newCOP3_v24.mot
[2023-12-06 03:45:54.054] [info] ExternalForce::externalforce Data source being set to Run_500 02_newCOP3_v24.mot
[2023-12-06 03:45:54.054] [info] ExternalForce::externalforce_0 Data source being set to Run_500 02_newCOP3_v24.mot
[2023-12-06 03:45:54.134] [info] ExternalForce::externalforce Data source being set to Run_500 02_newCOP3_v24.mot
[2023-12-06 03:45:54.134] [info] ExternalForce::externalforce_0 Data source being set to Run_500 02_newCOP3_v24.mot
[2023-12-06 03:45:54.229] [info] ExternalForce::externalforce Data source being set to Run_500 02_newCOP3_v24.mot
[2023-12-06 03:45:54.229] [info] ExternalForce::externalforce_0 Data source being set to Run_500 02_newCOP3_v24.mot
[2023-12-06 03:45:54.315] [info] ExternalForce::externalforce Data source being set to Run_500 02_newCOP3_v24.mot
[2023-12-06 03:45:54.315] [info] ExternalForce::externalforce_0 Data source being set to Run_500 02_newCOP3_v24.mot
[2023-12-06 03:45:54.414] [info] ExternalForce::externalforce Data source being set to Run_500 02_newCOP3_v24.mot
[2023-12-06 03:45:54.414] [info] ExternalForce::externalforce_0 Data source being set to Run_500 02_newCOP3_v24.mot
[2023-12-06 03:45:54.496] [info] ExternalForce::externalforce Data source being set to Run_500 02_newCOP3_v24.mot
[2023-12-06 03:45:54.496] [info] ExternalForce::externalforce_0 Data source being set to Run_500 02_newCOP3_v24.mot
[2023-12-06 03:45:54.590] [info] ExternalForce::externalforce Data source being set to Run_500 02_newCOP3_v24.mot
[2023-12-06 03:45:54.590] [info] ExternalForce::externalforce_0 Data source being set to Run_500 02_newCOP3_v24.mot
[2023-12-06 03:45:54.673] [info] ExternalForce::externalforce Data source being set to Run_500 02_newCOP3_v24.mot
[2023-12-06 03:45:54.673] [info] ExternalForce::externalforce_0 Data source being set to Run_500 02_newCOP3_v24.mot
[2023-12-06 03:45:54.769] [info] ExternalForce::externalforce Data source being set to Run_500 02_newCOP3_v24.mot
[2023-12-06 03:45:54.769] [info] ExternalForce::externalforce_0 Data source being set to Run_500 02_newCOP3_v24.mot
[2023-12-06 03:45:54.848] [info] ExternalForce::externalforce Data source being set to Run_500 02_newCOP3_v24.mot
[2023-12-06 03:45:54.848] [info] ExternalForce::externalforce_0 Data source being set to Run_500 02_newCOP3_v24.mot
[2023-12-06 03:45:54.938] [info] ExternalForce::externalforce Data source being set to Run_500 02_newCOP3_v24.mot
[2023-12-06 03:45:54.938] [info] ExternalForce::externalforce_0 Data source being set to Run_500 02_newCOP3_v24.mot
[2023-12-06 03:45:55.017] [info] ExternalForce::externalforce Data source being set to Run_500 02_newCOP3_v24.mot
[2023-12-06 03:45:55.017] [info] ExternalForce::externalforce_0 Data source being set to Run_500 02_newCOP3_v24.mot
[2023-12-06 03:45:55.108] [info] ExternalForce::externalforce Data source being set to Run_500 02_newCOP3_v24.mot
[2023-12-06 03:45:55.108] [info] ExternalForce::externalforce_0 Data source being set to Run_500 02_newCOP3_v24.mot
[2023-12-06 03:45:55.188] [info] ExternalForce::externalforce Data source being set to Run_500 02_newCOP3_v24.mot
[2023-12-06 03:45:55.188] [info] ExternalForce::externalforce_0 Data source being set to Run_500 02_newCOP3_v24.mot
[2023-12-06 03:45:55.274] [info] ExternalForce::externalforce Data source being set to Run_500 02_newCOP3_v24.mot
[2023-12-06 03:45:55.274] [info] ExternalForce::externalforce_0 Data source being set to Run_500 02_newCOP3_v24.mot
[2023-12-06 03:45:55.350] [info] ExternalForce::externalforce Data source being set to Run_500 02_newCOP3_v24.mot
[2023-12-06 03:45:55.350] [info] ExternalForce::externalforce_0 Data source being set to Run_500 02_newCOP3_v24.mot
[2023-12-06 03:45:55.767] [info] ExternalForce::externalforce Data source being set to Run_500 02_newCOP3_v24.mot
[2023-12-06 03:45:55.767] [info] ExternalForce::externalforce_0 Data source being set to Run_500 02_newCOP3_v24.mot
[2023-12-06 03:45:55.830] [info] ExternalForce::externalforce Data source being set to Run_500 02_newCOP3_v24.mot
[2023-12-06 03:45:55.830] [info] ExternalForce::externalforce_0 Data source being set to Run_500 02_newCOP3_v24.mot
[2023-12-06 03:45:55.903] [info] ExternalForce::externalforce Data source being set to Run_500 02_newCOP3_v24.mot
[2023-12-06 03:45:55.903] [info] ExternalForce::externalforce_0 Data source being set to Run_500 02_newCOP3_v24.mot
[2023-12-06 03:45:55.967] [info] ExternalForce::externalforce Data source being set to Run_500 02_newCOP3_v24.mot
[2023-12-06 03:45:55.967] [info] ExternalForce::externalforce_0 Data source being set to Run_500 02_newCOP3_v24.mot
[2023-12-06 03:45:56.072] [info] ExternalForce::externalforce Data source being set to Run_500 02_newCOP3_v24.mot
[2023-12-06 03:45:56.072] [info] ExternalForce::externalforce_0 Data source being set to Run_500 02_newCOP3_v24.mot
[2023-12-06 03:45:56.132] [info] ExternalForce::externalforce Data source being set to Run_500 02_newCOP3_v24.mot
[2023-12-06 03:45:56.132] [info] ExternalForce::externalforce_0 Data source being set to Run_500 02_newCOP3_v24.mot
[2023-12-06 03:45:56.207] [info] ExternalForce::externalforce Data source being set to Run_500 02_newCOP3_v24.mot
[2023-12-06 03:45:56.207] [info] ExternalForce::externalforce_0 Data source being set to Run_500 02_newCOP3_v24.mot
[2023-12-06 03:45:56.267] [info] ExternalForce::externalforce Data source being set to Run_500 02_newCOP3_v24.mot
[2023-12-06 03:45:56.267] [info] ExternalForce::externalforce_0 Data source being set to Run_500 02_newCOP3_v24.mot
[2023-12-06 03:45:56.288] [info] ========================================================================
[2023-12-06 03:45:56.288] [info] MocoCasADiSolver starting.
[2023-12-06 03:45:56.288] [info] Wed Dec  6 03:45:56 2023
[2023-12-06 03:45:56.288] [info] ------------------------------------------------------------------------
[2023-12-06 03:45:56.288] [cout] [info] Costs: (total: 2)
[2023-12-06 03:45:56.288] [cout] [info]   state_tracking. MocoStateTrackingGoal, enabled: true, mode: cost, weight: 1.0
[2023-12-06 03:45:56.288] [cout] [info]         state: /jointset/ground_pelvis/pelvis_tilt/value, weight: 750.0
[2023-12-06 03:45:56.288] [cout] [info]         state: /jointset/ground_pelvis/pelvis_list/value, weight: 250.0
[2023-12-06 03:45:56.288] [cout] [info]         state: /jointset/ground_pelvis/pelvis_rotation/value, weight: 50.0
[2023-12-06 03:45:56.288] [cout] [info]         state: /jointset/ground_pelvis/pelvis_tx/value, weight: 25.0
[2023-12-06 03:45:56.288] [cout] [info]         state: /jointset/ground_pelvis/pelvis_ty/value, weight: 100.0
[2023-12-06 03:45:56.288] [cout] [info]         state: /jointset/ground_pelvis/pelvis_tz/value, weight: 25.0
[2023-12-06 03:45:56.288] [cout] [info]         state: /jointset/hip_r/hip_flexion_r/value, weight: 75.0
[2023-12-06 03:45:56.288] [cout] [info]         state: /jointset/hip_r/hip_adduction_r/value, weight: 50.0
[2023-12-06 03:45:56.288] [cout] [info]         state: /jointset/hip_r/hip_rotation_r/value, weight: 10.0
[2023-12-06 03:45:56.288] [cout] [info]         state: /jointset/knee_r/knee_angle_r/value, weight: 10.0
[2023-12-06 03:45:56.288] [cout] [info]         state: /jointset/ankle_r/ankle_angle_r/value, weight: 10.0
[2023-12-06 03:45:56.288] [cout] [info]         state: /jointset/hip_l/hip_flexion_l/value, weight: 75.0
[2023-12-06 03:45:56.288] [cout] [info]         state: /jointset/hip_l/hip_adduction_l/value, weight: 50.0
[2023-12-06 03:45:56.288] [cout] [info]         state: /jointset/hip_l/hip_rotation_l/value, weight: 10.0
[2023-12-06 03:45:56.288] [cout] [info]         state: /jointset/knee_l/knee_angle_l/value, weight: 10.0
[2023-12-06 03:45:56.288] [cout] [info]         state: /jointset/ankle_l/ankle_angle_l/value, weight: 10.0
[2023-12-06 03:45:56.288] [cout] [info]         state: /jointset/back/lumbar_extension/value, weight: 75.0
[2023-12-06 03:45:56.288] [cout] [info]         state: /jointset/back/lumbar_bending/value, weight: 50.0
[2023-12-06 03:45:56.288] [cout] [info]         state: /jointset/back/lumbar_rotation/value, weight: 25.0
[2023-12-06 03:45:56.288] [cout] [info]         state: /jointset/acromial_r/arm_flex_r/value, weight: 1.0
[2023-12-06 03:45:56.288] [cout] [info]         state: /jointset/acromial_r/arm_add_r/value, weight: 1.0
[2023-12-06 03:45:56.288] [cout] [info]         state: /jointset/acromial_r/arm_rot_r/value, weight: 1.0
[2023-12-06 03:45:56.288] [cout] [info]         state: /jointset/elbow_r/elbow_flex_r/value, weight: 1.0
[2023-12-06 03:45:56.288] [cout] [info]         state: /jointset/radioulnar_r/pro_sup_r/value, weight: 1.0
[2023-12-06 03:45:56.288] [cout] [info]         state: /jointset/acromial_l/arm_flex_l/value, weight: 1.0
[2023-12-06 03:45:56.288] [cout] [info]         state: /jointset/acromial_l/arm_add_l/value, weight: 1.0
[2023-12-06 03:45:56.288] [cout] [info]         state: /jointset/acromial_l/arm_rot_l/value, weight: 1.0
[2023-12-06 03:45:56.288] [cout] [info]         state: /jointset/elbow_l/elbow_flex_l/value, weight: 1.0
[2023-12-06 03:45:56.288] [cout] [info]         state: /jointset/radioulnar_l/pro_sup_l/value, weight: 1.0
[2023-12-06 03:45:56.288] [cout] [info]         state: /jointset/subtalar_r/subtalar_angle_r/value, weight: 0.0
[2023-12-06 03:45:56.288] [cout] [info]         state: /jointset/mtp_r/mtp_angle_r/value, weight: 0.0
[2023-12-06 03:45:56.288] [cout] [info]         state: /jointset/subtalar_l/subtalar_angle_l/value, weight: 0.0
[2023-12-06 03:45:56.288] [cout] [info]         state: /jointset/mtp_l/mtp_angle_l/value, weight: 0.0
[2023-12-06 03:45:56.288] [cout] [info]         state: /jointset/radius_hand_r/wrist_flex_r/value, weight: 0.0
[2023-12-06 03:45:56.288] [cout] [info]         state: /jointset/radius_hand_r/wrist_dev_r/value, weight: 0.0
[2023-12-06 03:45:56.288] [cout] [info]         state: /jointset/radius_hand_l/wrist_flex_l/value, weight: 0.0
[2023-12-06 03:45:56.288] [cout] [info]         state: /jointset/radius_hand_l/wrist_dev_l/value, weight: 0.0
[2023-12-06 03:45:56.288] [cout] [info]         state: /jointset/ground_pelvis/pelvis_tilt/speed, weight: 7.5
[2023-12-06 03:45:56.288] [cout] [info]         state: /jointset/ground_pelvis/pelvis_list/speed, weight: 2.5
[2023-12-06 03:45:56.288] [cout] [info]         state: /jointset/ground_pelvis/pelvis_rotation/speed, weight: 0.5
[2023-12-06 03:45:56.288] [cout] [info]         state: /jointset/ground_pelvis/pelvis_tx/speed, weight: 0.25
[2023-12-06 03:45:56.288] [cout] [info]         state: /jointset/ground_pelvis/pelvis_ty/speed, weight: 1.0
[2023-12-06 03:45:56.288] [cout] [info]         state: /jointset/ground_pelvis/pelvis_tz/speed, weight: 0.25
[2023-12-06 03:45:56.288] [cout] [info]         state: /jointset/hip_r/hip_flexion_r/speed, weight: 0.75
[2023-12-06 03:45:56.288] [cout] [info]         state: /jointset/hip_r/hip_adduction_r/speed, weight: 0.5
[2023-12-06 03:45:56.288] [cout] [info]         state: /jointset/hip_r/hip_rotation_r/speed, weight: 0.1
[2023-12-06 03:45:56.288] [cout] [info]         state: /jointset/knee_r/knee_angle_r/speed, weight: 0.1
[2023-12-06 03:45:56.288] [cout] [info]         state: /jointset/ankle_r/ankle_angle_r/speed, weight: 0.1
[2023-12-06 03:45:56.288] [cout] [info]         state: /jointset/subtalar_r/subtalar_angle_r/speed, weight: 0.0
[2023-12-06 03:45:56.288] [cout] [info]         state: /jointset/mtp_r/mtp_angle_r/speed, weight: 0.0
[2023-12-06 03:45:56.288] [cout] [info]         state: /jointset/hip_l/hip_flexion_l/speed, weight: 0.75
[2023-12-06 03:45:56.288] [cout] [info]         state: /jointset/hip_l/hip_adduction_l/speed, weight: 0.5
[2023-12-06 03:45:56.288] [cout] [info]         state: /jointset/hip_l/hip_rotation_l/speed, weight: 0.1
[2023-12-06 03:45:56.288] [cout] [info]         state: /jointset/knee_l/knee_angle_l/speed, weight: 0.1
[2023-12-06 03:45:56.288] [cout] [info]         state: /jointset/ankle_l/ankle_angle_l/speed, weight: 0.1
[2023-12-06 03:45:56.288] [cout] [info]         state: /jointset/subtalar_l/subtalar_angle_l/speed, weight: 0.0
[2023-12-06 03:45:56.288] [cout] [info]         state: /jointset/mtp_l/mtp_angle_l/speed, weight: 0.0
[2023-12-06 03:45:56.288] [cout] [info]         state: /jointset/back/lumbar_extension/speed, weight: 0.75
[2023-12-06 03:45:56.288] [cout] [info]         state: /jointset/back/lumbar_bending/speed, weight: 0.5
[2023-12-06 03:45:56.288] [cout] [info]         state: /jointset/back/lumbar_rotation/speed, weight: 0.25
[2023-12-06 03:45:56.288] [cout] [info]         state: /jointset/acromial_r/arm_flex_r/speed, weight: 0.01
[2023-12-06 03:45:56.288] [cout] [info]         state: /jointset/acromial_r/arm_add_r/speed, weight: 0.01
[2023-12-06 03:45:56.288] [cout] [info]         state: /jointset/acromial_r/arm_rot_r/speed, weight: 0.01
[2023-12-06 03:45:56.288] [cout] [info]         state: /jointset/elbow_r/elbow_flex_r/speed, weight: 0.01
[2023-12-06 03:45:56.288] [cout] [info]         state: /jointset/radioulnar_r/pro_sup_r/speed, weight: 0.01
[2023-12-06 03:45:56.288] [cout] [info]         state: /jointset/radius_hand_r/wrist_flex_r/speed, weight: 0.0
[2023-12-06 03:45:56.288] [cout] [info]         state: /jointset/radius_hand_r/wrist_dev_r/speed, weight: 0.0
[2023-12-06 03:45:56.288] [cout] [info]         state: /jointset/acromial_l/arm_flex_l/speed, weight: 0.01
[2023-12-06 03:45:56.288] [cout] [info]         state: /jointset/acromial_l/arm_add_l/speed, weight: 0.01
[2023-12-06 03:45:56.288] [cout] [info]         state: /jointset/acromial_l/arm_rot_l/speed, weight: 0.01
[2023-12-06 03:45:56.288] [cout] [info]         state: /jointset/elbow_l/elbow_flex_l/speed, weight: 0.01
[2023-12-06 03:45:56.288] [cout] [info]         state: /jointset/radioulnar_l/pro_sup_l/speed, weight: 0.01
[2023-12-06 03:45:56.289] [cout] [info]         state: /jointset/radius_hand_l/wrist_flex_l/speed, weight: 0.0
[2023-12-06 03:45:56.289] [cout] [info]         state: /jointset/radius_hand_l/wrist_dev_l/speed, weight: 0.0
[2023-12-06 03:45:56.289] [cout] [info]   control_effort. MocoControlGoal, enabled: true, mode: cost, weight: 0.00100000
[2023-12-06 03:45:56.289] [cout] [info]         control: /forceset/pelvis_tx_actuator, weight: 1.0
[2023-12-06 03:45:56.289] [cout] [info]         control: /forceset/pelvis_ty_actuator, weight: 1.0
[2023-12-06 03:45:56.289] [cout] [info]         control: /forceset/pelvis_tz_actuator, weight: 1.0
[2023-12-06 03:45:56.289] [cout] [info]         control: /forceset/pelvis_tilt_actuator, weight: 1.0
[2023-12-06 03:45:56.289] [cout] [info]         control: /forceset/pelvis_list_actuator, weight: 1.0
[2023-12-06 03:45:56.289] [cout] [info]         control: /forceset/pelvis_rotation_actuator, weight: 1.0
[2023-12-06 03:45:56.289] [cout] [info]         control: /forceset/hip_flexion_r_actuator, weight: 1.0
[2023-12-06 03:45:56.289] [cout] [info]         control: /forceset/hip_adduction_r_actuator, weight: 1.0
[2023-12-06 03:45:56.289] [cout] [info]         control: /forceset/hip_rotation_r_actuator, weight: 1.0
[2023-12-06 03:45:56.289] [cout] [info]         control: /forceset/knee_angle_r_actuator, weight: 1.0
[2023-12-06 03:45:56.289] [cout] [info]         control: /forceset/ankle_angle_r_actuator, weight: 1.0
[2023-12-06 03:45:56.289] [cout] [info]         control: /forceset/hip_flexion_l_actuator, weight: 1.0
[2023-12-06 03:45:56.289] [cout] [info]         control: /forceset/hip_adduction_l_actuator, weight: 1.0
[2023-12-06 03:45:56.289] [cout] [info]         control: /forceset/hip_rotation_l_actuator, weight: 1.0
[2023-12-06 03:45:56.289] [cout] [info]         control: /forceset/knee_angle_l_actuator, weight: 1.0
[2023-12-06 03:45:56.289] [cout] [info]         control: /forceset/ankle_angle_l_actuator, weight: 1.0
[2023-12-06 03:45:56.289] [cout] [info]         control: /forceset/lumbar_extension_actuator, weight: 1.0
[2023-12-06 03:45:56.289] [cout] [info]         control: /forceset/lumbar_bending_actuator, weight: 1.0
[2023-12-06 03:45:56.289] [cout] [info]         control: /forceset/lumbar_rotation_actuator, weight: 1.0
[2023-12-06 03:45:56.289] [cout] [info]         control: /forceset/arm_flex_r_actuator, weight: 1.0
[2023-12-06 03:45:56.289] [cout] [info]         control: /forceset/arm_add_r_actuator, weight: 1.0
[2023-12-06 03:45:56.289] [cout] [info]         control: /forceset/arm_rot_r_actuator, weight: 1.0
[2023-12-06 03:45:56.289] [cout] [info]         control: /forceset/elbow_flex_r_actuator, weight: 1.0
[2023-12-06 03:45:56.289] [cout] [info]         control: /forceset/pro_sup_r_actuator, weight: 1.0
[2023-12-06 03:45:56.289] [cout] [info]         control: /forceset/arm_flex_l_actuator, weight: 1.0
[2023-12-06 03:45:56.289] [cout] [info]         control: /forceset/arm_add_l_actuator, weight: 1.0
[2023-12-06 03:45:56.289] [cout] [info]         control: /forceset/arm_rot_l_actuator, weight: 1.0
[2023-12-06 03:45:56.289] [cout] [info]         control: /forceset/elbow_flex_l_actuator, weight: 1.0
[2023-12-06 03:45:56.289] [cout] [info]         control: /forceset/pro_sup_l_actuator, weight: 1.0
[2023-12-06 03:45:56.289] [cout] [info] Endpoint constraints: none
[2023-12-06 03:45:56.289] [cout] [info] Kinematic constraints: (total: 8)
[2023-12-06 03:45:56.289] [cout] [info]   kinematic_constraint_cid27. MocoConstraintInfo. number of scalar equations: 3. bounds: 0, 0, 0
[2023-12-06 03:45:56.289] [cout] [info]   kinematic_constraint_cid28. MocoConstraintInfo. number of scalar equations: 3. bounds: 0, 0, 0
[2023-12-06 03:45:56.289] [cout] [info]   kinematic_constraint_cid31. MocoConstraintInfo. number of scalar equations: 3. bounds: 0, 0, 0
[2023-12-06 03:45:56.289] [cout] [info]   kinematic_constraint_cid32. MocoConstraintInfo. number of scalar equations: 3. bounds: 0, 0, 0
[2023-12-06 03:45:56.289] [cout] [info]   kinematic_constraint_cid33. MocoConstraintInfo. number of scalar equations: 3. bounds: 0, 0, 0
[2023-12-06 03:45:56.289] [cout] [info]   kinematic_constraint_cid34. MocoConstraintInfo. number of scalar equations: 3. bounds: 0, 0, 0
[2023-12-06 03:45:56.289] [cout] [info]   kinematic_constraint_cid35. MocoConstraintInfo. number of scalar equations: 3. bounds: 0, 0, 0
[2023-12-06 03:45:56.289] [cout] [info]   kinematic_constraint_cid36. MocoConstraintInfo. number of scalar equations: 3. bounds: 0, 0, 0
[2023-12-06 03:45:56.289] [cout] [info] Path constraints: none
[2023-12-06 03:45:56.289] [cout] [info] States: (total: 74)
[2023-12-06 03:45:56.289] [cout] [info]   /jointset/ground_pelvis/pelvis_tilt/value. bounds: [-0.276484, 0.250485]
[2023-12-06 03:45:56.289] [cout] [info]   /jointset/ground_pelvis/pelvis_list/value. bounds: [-0.361095, 0.376563]
[2023-12-06 03:45:56.289] [cout] [info]   /jointset/radioulnar_r/pro_sup_r/value. bounds: [1.05595, 1.48388]
[2023-12-06 03:45:56.289] [cout] [info]   /jointset/ground_pelvis/pelvis_rotation/value. bounds: [-0.280593, 0.240926]
[2023-12-06 03:45:56.289] [cout] [info]   /jointset/ground_pelvis/pelvis_tx/value. bounds: [0.515085, 1.13459]
[2023-12-06 03:45:56.289] [cout] [info]   /jointset/elbow_r/elbow_flex_r/value. bounds: [1.27267, 2.14934]
[2023-12-06 03:45:56.289] [cout] [info]   /jointset/ground_pelvis/pelvis_ty/value. bounds: [0.834745, 1.1174]
[2023-12-06 03:45:56.289] [cout] [info]   /jointset/radius_hand_l/wrist_flex_l/speed. bounds: [-50, 50]
[2023-12-06 03:45:56.289] [cout] [info]   /jointset/ground_pelvis/pelvis_tz/value. bounds: [-0.54982, -0.079774]
[2023-12-06 03:45:56.289] [cout] [info]   /jointset/hip_r/hip_adduction_r/speed. bounds: [-50, 50]
[2023-12-06 03:45:56.289] [cout] [info]   /jointset/ankle_r/ankle_angle_r/value. bounds: [-0.754264, 0.63306]
[2023-12-06 03:45:56.289] [cout] [info]   /jointset/hip_r/hip_flexion_r/value. bounds: [-0.73638, 0.975299]
[2023-12-06 03:45:56.289] [cout] [info]   /jointset/hip_r/hip_adduction_r/value. bounds: [-0.303081, 0.417691]
[2023-12-06 03:45:56.289] [cout] [info]   /jointset/back/lumbar_rotation/speed. bounds: [-50, 50]
[2023-12-06 03:45:56.289] [cout] [info]   /jointset/hip_r/hip_rotation_r/value. bounds: [-0.190854, 0.21577]
[2023-12-06 03:45:56.289] [cout] [info]   /jointset/mtp_l/mtp_angle_l/speed. bounds: [-50, 50]
[2023-12-06 03:45:56.289] [cout] [info]   /jointset/knee_r/knee_angle_r/value. bounds: [-2.27481, 0.142473]
[2023-12-06 03:45:56.289] [cout] [info]   /jointset/subtalar_r/subtalar_angle_r/value. bounds: [-1.5708, 1.5708]
[2023-12-06 03:45:56.289] [cout] [info]   /jointset/hip_l/hip_flexion_l/value. bounds: [-0.667983, 1.03643]
[2023-12-06 03:45:56.289] [cout] [info]   /jointset/hip_l/hip_adduction_l/value. bounds: [-0.294005, 0.423309]
[2023-12-06 03:45:56.289] [cout] [info]   /jointset/hip_l/hip_rotation_l/value. bounds: [-0.188614, 0.29205]
[2023-12-06 03:45:56.289] [cout] [info]   /jointset/knee_l/knee_angle_l/value. bounds: [-2.29341, 0.204664]
[2023-12-06 03:45:56.289] [cout] [info]   /jointset/knee_r/knee_angle_r/speed. bounds: [-50, 50]
[2023-12-06 03:45:56.289] [cout] [info]   /jointset/ankle_l/ankle_angle_l/value. bounds: [-0.759982, 0.641515]
[2023-12-06 03:45:56.289] [cout] [info]   /jointset/back/lumbar_extension/value. bounds: [-0.537522, 0.125783]
[2023-12-06 03:45:56.289] [cout] [info]   /jointset/back/lumbar_bending/value. bounds: [-0.386869, 0.246298]
[2023-12-06 03:45:56.289] [cout] [info]   /jointset/back/lumbar_rotation/value. bounds: [-0.409979, 0.371371]
[2023-12-06 03:45:56.289] [cout] [info]   /jointset/acromial_r/arm_flex_r/value. bounds: [-0.905475, -0.0959302]
[2023-12-06 03:45:56.289] [cout] [info]   /jointset/acromial_r/arm_add_r/value. bounds: [-0.665249, -0.149734]
[2023-12-06 03:45:56.289] [cout] [info]   /jointset/acromial_r/arm_rot_r/value. bounds: [-0.480103, 0.0743413]
[2023-12-06 03:45:56.289] [cout] [info]   /jointset/acromial_l/arm_flex_l/value. bounds: [-0.964583, 0.138874]
[2023-12-06 03:45:56.289] [cout] [info]   /jointset/acromial_l/arm_add_l/value. bounds: [-0.67476, -0.184579]
[2023-12-06 03:45:56.289] [cout] [info]   /jointset/acromial_l/arm_rot_l/value. bounds: [-0.450084, 0.281468]
[2023-12-06 03:45:56.289] [cout] [info]   /jointset/elbow_l/elbow_flex_l/value. bounds: [1.06943, 2.2192]
[2023-12-06 03:45:56.289] [cout] [info]   /jointset/radioulnar_l/pro_sup_l/value. bounds: [1.50816, 2.04113]
[2023-12-06 03:45:56.290] [cout] [info]   /jointset/ground_pelvis/pelvis_tilt/speed. bounds: [-50, 50]
[2023-12-06 03:45:56.290] [cout] [info]   /jointset/ground_pelvis/pelvis_list/speed. bounds: [-50, 50]
[2023-12-06 03:45:56.290] [cout] [info]   /jointset/radioulnar_r/pro_sup_r/speed. bounds: [-50, 50]
[2023-12-06 03:45:56.290] [cout] [info]   /jointset/ground_pelvis/pelvis_rotation/speed. bounds: [-50, 50]
[2023-12-06 03:45:56.290] [cout] [info]   /jointset/ground_pelvis/pelvis_tx/speed. bounds: [-50, 50]
[2023-12-06 03:45:56.290] [cout] [info]   /jointset/elbow_r/elbow_flex_r/speed. bounds: [-50, 50]
[2023-12-06 03:45:56.290] [cout] [info]   /jointset/ground_pelvis/pelvis_ty/speed. bounds: [-50, 50]
[2023-12-06 03:45:56.290] [cout] [info]   /jointset/ground_pelvis/pelvis_tz/speed. bounds: [-50, 50]
[2023-12-06 03:45:56.290] [cout] [info]   /jointset/ankle_r/ankle_angle_r/speed. bounds: [-50, 50]
[2023-12-06 03:45:56.290] [cout] [info]   /jointset/hip_r/hip_flexion_r/speed. bounds: [-50, 50]
[2023-12-06 03:45:56.290] [cout] [info]   /jointset/hip_r/hip_rotation_r/speed. bounds: [-50, 50]
[2023-12-06 03:45:56.290] [cout] [info]   /jointset/hip_l/hip_flexion_l/speed. bounds: [-50, 50]
[2023-12-06 03:45:56.290] [cout] [info]   /jointset/subtalar_r/subtalar_angle_r/speed. bounds: [-50, 50]
[2023-12-06 03:45:56.290] [cout] [info]   /jointset/mtp_r/mtp_angle_r/value. bounds: [-1.5708, 1.5708]
[2023-12-06 03:45:56.290] [cout] [info]   /jointset/mtp_r/mtp_angle_r/speed. bounds: [-50, 50]
[2023-12-06 03:45:56.290] [cout] [info]   /jointset/hip_l/hip_adduction_l/speed. bounds: [-50, 50]
[2023-12-06 03:45:56.290] [cout] [info]   /jointset/hip_l/hip_rotation_l/speed. bounds: [-50, 50]
[2023-12-06 03:45:56.290] [cout] [info]   /jointset/knee_l/knee_angle_l/speed. bounds: [-50, 50]
[2023-12-06 03:45:56.290] [cout] [info]   /jointset/ankle_l/ankle_angle_l/speed. bounds: [-50, 50]
[2023-12-06 03:45:56.290] [cout] [info]   /jointset/subtalar_l/subtalar_angle_l/value. bounds: [-1.5708, 1.5708]
[2023-12-06 03:45:56.290] [cout] [info]   /jointset/subtalar_l/subtalar_angle_l/speed. bounds: [-50, 50]
[2023-12-06 03:45:56.290] [cout] [info]   /jointset/mtp_l/mtp_angle_l/value. bounds: [-1.0472, 1.0472]
[2023-12-06 03:45:56.290] [cout] [info]   /jointset/back/lumbar_extension/speed. bounds: [-50, 50]
[2023-12-06 03:45:56.290] [cout] [info]   /jointset/back/lumbar_bending/speed. bounds: [-50, 50]
[2023-12-06 03:45:56.290] [cout] [info]   /jointset/acromial_r/arm_flex_r/speed. bounds: [-50, 50]
[2023-12-06 03:45:56.290] [cout] [info]   /jointset/acromial_r/arm_add_r/speed. bounds: [-50, 50]
[2023-12-06 03:45:56.290] [cout] [info]   /jointset/acromial_r/arm_rot_r/speed. bounds: [-50, 50]
[2023-12-06 03:45:56.290] [cout] [info]   /jointset/radius_hand_r/wrist_flex_r/value. bounds: [-1.22173, 1.22173]
[2023-12-06 03:45:56.290] [cout] [info]   /jointset/radius_hand_r/wrist_flex_r/speed. bounds: [-50, 50]
[2023-12-06 03:45:56.290] [cout] [info]   /jointset/radius_hand_r/wrist_dev_r/value. bounds: [-0.436332, 0.610865]
[2023-12-06 03:45:56.290] [cout] [info]   /jointset/radius_hand_r/wrist_dev_r/speed. bounds: [-50, 50]
[2023-12-06 03:45:56.290] [cout] [info]   /jointset/acromial_l/arm_flex_l/speed. bounds: [-50, 50]
[2023-12-06 03:45:56.290] [cout] [info]   /jointset/acromial_l/arm_add_l/speed. bounds: [-50, 50]
[2023-12-06 03:45:56.290] [cout] [info]   /jointset/acromial_l/arm_rot_l/speed. bounds: [-50, 50]
[2023-12-06 03:45:56.290] [cout] [info]   /jointset/elbow_l/elbow_flex_l/speed. bounds: [-50, 50]
[2023-12-06 03:45:56.290] [cout] [info]   /jointset/radioulnar_l/pro_sup_l/speed. bounds: [-50, 50]
[2023-12-06 03:45:56.290] [cout] [info]   /jointset/radius_hand_l/wrist_flex_l/value. bounds: [-1.22173, 1.22173]
[2023-12-06 03:45:56.290] [cout] [info]   /jointset/radius_hand_l/wrist_dev_l/value. bounds: [-0.436332, 0.610865]
[2023-12-06 03:45:56.290] [cout] [info]   /jointset/radius_hand_l/wrist_dev_l/speed. bounds: [-50, 50]
[2023-12-06 03:45:56.290] [cout] [info] Controls: (total: 29)
[2023-12-06 03:45:56.290] [cout] [info]   /forceset/pelvis_tx_actuator. bounds: [-10000, 10000]
[2023-12-06 03:45:56.290] [cout] [info]   /forceset/pelvis_ty_actuator. bounds: [-10000, 10000]
[2023-12-06 03:45:56.290] [cout] [info]   /forceset/pelvis_tz_actuator. bounds: [-10000, 10000]
[2023-12-06 03:45:56.290] [cout] [info]   /forceset/arm_flex_r_actuator. bounds: [-1, 1]
[2023-12-06 03:45:56.290] [cout] [info]   /forceset/hip_rotation_r_actuator. bounds: [-1, 1]
[2023-12-06 03:45:56.290] [cout] [info]   /forceset/pelvis_tilt_actuator. bounds: [-10000, 10000]
[2023-12-06 03:45:56.290] [cout] [info]   /forceset/pelvis_list_actuator. bounds: [-10000, 10000]
[2023-12-06 03:45:56.290] [cout] [info]   /forceset/pelvis_rotation_actuator. bounds: [-10000, 10000]
[2023-12-06 03:45:56.290] [cout] [info]   /forceset/elbow_flex_l_actuator. bounds: [-1, 1]
[2023-12-06 03:45:56.290] [cout] [info]   /forceset/hip_adduction_l_actuator. bounds: [-1, 1]
[2023-12-06 03:45:56.290] [cout] [info]   /forceset/hip_flexion_r_actuator. bounds: [-1, 1]
[2023-12-06 03:45:56.290] [cout] [info]   /forceset/elbow_flex_r_actuator. bounds: [-1, 1]
[2023-12-06 03:45:56.290] [cout] [info]   /forceset/hip_flexion_l_actuator. bounds: [-1, 1]
[2023-12-06 03:45:56.290] [cout] [info]   /forceset/hip_adduction_r_actuator. bounds: [-1, 1]
[2023-12-06 03:45:56.290] [cout] [info]   /forceset/knee_angle_r_actuator. bounds: [-1, 1]
[2023-12-06 03:45:56.290] [cout] [info]   /forceset/lumbar_rotation_actuator. bounds: [-1, 1]
[2023-12-06 03:45:56.290] [cout] [info]   /forceset/ankle_angle_r_actuator. bounds: [-1, 1]
[2023-12-06 03:45:56.290] [cout] [info]   /forceset/arm_flex_l_actuator. bounds: [-1, 1]
[2023-12-06 03:45:56.290] [cout] [info]   /forceset/hip_rotation_l_actuator. bounds: [-1, 1]
[2023-12-06 03:45:56.290] [cout] [info]   /forceset/knee_angle_l_actuator. bounds: [-1, 1]
[2023-12-06 03:45:56.290] [cout] [info]   /forceset/ankle_angle_l_actuator. bounds: [-1, 1]
[2023-12-06 03:45:56.290] [cout] [info]   /forceset/lumbar_extension_actuator. bounds: [-1, 1]
[2023-12-06 03:45:56.290] [cout] [info]   /forceset/lumbar_bending_actuator. bounds: [-1, 1]
[2023-12-06 03:45:56.290] [cout] [info]   /forceset/arm_add_r_actuator. bounds: [-1, 1]
[2023-12-06 03:45:56.290] [cout] [info]   /forceset/arm_rot_r_actuator. bounds: [-1, 1]
[2023-12-06 03:45:56.290] [cout] [info]   /forceset/pro_sup_r_actuator. bounds: [-1, 1]
[2023-12-06 03:45:56.290] [cout] [info]   /forceset/arm_add_l_actuator. bounds: [-1, 1]
[2023-12-06 03:45:56.290] [cout] [info]   /forceset/arm_rot_l_actuator. bounds: [-1, 1]
[2023-12-06 03:45:56.290] [cout] [info]   /forceset/pro_sup_l_actuator. bounds: [-1, 1]
[2023-12-06 03:45:56.290] [cout] [info] Parameters: none
[2023-12-06 03:45:56.352] [info] ExternalForce::externalforce Data source being set to Run_500 02_newCOP3_v24.mot
[2023-12-06 03:45:56.352] [info] ExternalForce::externalforce_0 Data source being set to Run_500 02_newCOP3_v24.mot
[2023-12-06 03:45:56.413] [info] ExternalForce::externalforce Data source being set to Run_500 02_newCOP3_v24.mot
[2023-12-06 03:45:56.413] [info] ExternalForce::externalforce_0 Data source being set to Run_500 02_newCOP3_v24.mot
[2023-12-06 03:45:56.483] [info] ExternalForce::externalforce Data source being set to Run_500 02_newCOP3_v24.mot
[2023-12-06 03:45:56.483] [info] ExternalForce::externalforce_0 Data source being set to Run_500 02_newCOP3_v24.mot
[2023-12-06 03:45:56.549] [info] ExternalForce::externalforce Data source being set to Run_500 02_newCOP3_v24.mot
[2023-12-06 03:45:56.549] [info] ExternalForce::externalforce_0 Data source being set to Run_500 02_newCOP3_v24.mot
[2023-12-06 03:45:56.632] [info] ExternalForce::externalforce Data source being set to Run_500 02_newCOP3_v24.mot
[2023-12-06 03:45:56.632] [info] ExternalForce::externalforce_0 Data source being set to Run_500 02_newCOP3_v24.mot
[2023-12-06 03:45:56.695] [info] ExternalForce::externalforce Data source being set to Run_500 02_newCOP3_v24.mot
[2023-12-06 03:45:56.695] [info] ExternalForce::externalforce_0 Data source being set to Run_500 02_newCOP3_v24.mot
[2023-12-06 03:45:56.770] [info] ExternalForce::externalforce Data source being set to Run_500 02_newCOP3_v24.mot
[2023-12-06 03:45:56.770] [info] ExternalForce::externalforce_0 Data source being set to Run_500 02_newCOP3_v24.mot
[2023-12-06 03:45:56.830] [info] ExternalForce::externalforce Data source being set to Run_500 02_newCOP3_v24.mot
[2023-12-06 03:45:56.830] [info] ExternalForce::externalforce_0 Data source being set to Run_500 02_newCOP3_v24.mot
[2023-12-06 03:45:56.902] [info] ExternalForce::externalforce Data source being set to Run_500 02_newCOP3_v24.mot
[2023-12-06 03:45:56.902] [info] ExternalForce::externalforce_0 Data source being set to Run_500 02_newCOP3_v24.mot
[2023-12-06 03:45:56.964] [info] ExternalForce::externalforce Data source being set to Run_500 02_newCOP3_v24.mot
[2023-12-06 03:45:56.964] [info] ExternalForce::externalforce_0 Data source being set to Run_500 02_newCOP3_v24.mot
[2023-12-06 03:45:57.037] [info] ExternalForce::externalforce Data source being set to Run_500 02_newCOP3_v24.mot
[2023-12-06 03:45:57.037] [info] ExternalForce::externalforce_0 Data source being set to Run_500 02_newCOP3_v24.mot
[2023-12-06 03:45:57.099] [info] ExternalForce::externalforce Data source being set to Run_500 02_newCOP3_v24.mot
[2023-12-06 03:45:57.099] [info] ExternalForce::externalforce_0 Data source being set to Run_500 02_newCOP3_v24.mot
[2023-12-06 03:45:57.171] [info] ExternalForce::externalforce Data source being set to Run_500 02_newCOP3_v24.mot
[2023-12-06 03:45:57.171] [info] ExternalForce::externalforce_0 Data source being set to Run_500 02_newCOP3_v24.mot
[2023-12-06 03:45:57.233] [info] ExternalForce::externalforce Data source being set to Run_500 02_newCOP3_v24.mot
[2023-12-06 03:45:57.233] [info] ExternalForce::externalforce_0 Data source being set to Run_500 02_newCOP3_v24.mot
[2023-12-06 03:45:57.307] [info] ExternalForce::externalforce Data source being set to Run_500 02_newCOP3_v24.mot
[2023-12-06 03:45:57.307] [info] ExternalForce::externalforce_0 Data source being set to Run_500 02_newCOP3_v24.mot
[2023-12-06 03:45:57.374] [info] ExternalForce::externalforce Data source being set to Run_500 02_newCOP3_v24.mot
[2023-12-06 03:45:57.374] [info] ExternalForce::externalforce_0 Data source being set to Run_500 02_newCOP3_v24.mot
[2023-12-06 03:45:57.393] [info] Number of threads: 8
[2023-12-06 04:04:52.075] [info] Set log level to Info.
[2023-12-06 04:04:52.090] [info] ------------------------------------------------------------------------
[2023-12-06 04:04:52.090] [info] Elapsed real time: 1136 second(s) (18 minute(s), 56 second(s)).
[2023-12-06 04:04:52.090] [info] Wed Dec  6 04:04:52 2023
[2023-12-06 04:04:52.090] [info] MocoCasADiSolver succeeded!
[2023-12-06 04:04:52.090] [info] ========================================================================
