[2023-03-10 20:19:35.606] [info] ExternalForce::externalforce Data source being set to Run_500 02_newCOP3_v24.mot
[2023-03-10 20:19:35.606] [info] ExternalForce::externalforce_0 Data source being set to Run_500 02_newCOP3_v24.mot
[2023-03-10 20:19:35.868] [info] ExternalForce::externalforce Data source being set to Run_500 02_newCOP3_v24.mot
[2023-03-10 20:19:35.868] [info] ExternalForce::externalforce_0 Data source being set to Run_500 02_newCOP3_v24.mot
[2023-03-10 20:19:35.999] [info] ExternalForce::externalforce Data source being set to Run_500 02_newCOP3_v24.mot
[2023-03-10 20:19:35.999] [info] ExternalForce::externalforce_0 Data source being set to Run_500 02_newCOP3_v24.mot
[2023-03-10 20:19:36.084] [info] ExternalForce::externalforce Data source being set to Run_500 02_newCOP3_v24.mot
[2023-03-10 20:19:36.084] [info] ExternalForce::externalforce_0 Data source being set to Run_500 02_newCOP3_v24.mot
[2023-03-10 20:19:36.222] [info] ExternalForce::externalforce Data source being set to Run_500 02_newCOP3_v24.mot
[2023-03-10 20:19:36.222] [info] ExternalForce::externalforce_0 Data source being set to Run_500 02_newCOP3_v24.mot
[2023-03-10 20:19:36.333] [info] ExternalForce::externalforce Data source being set to Run_500 02_newCOP3_v24.mot
[2023-03-10 20:19:36.333] [info] ExternalForce::externalforce_0 Data source being set to Run_500 02_newCOP3_v24.mot
[2023-03-10 20:19:36.441] [info] ExternalForce::externalforce Data source being set to Run_500 02_newCOP3_v24.mot
[2023-03-10 20:19:36.441] [info] ExternalForce::externalforce_0 Data source being set to Run_500 02_newCOP3_v24.mot
[2023-03-10 20:19:36.537] [info] ExternalForce::externalforce Data source being set to Run_500 02_newCOP3_v24.mot
[2023-03-10 20:19:36.537] [info] ExternalForce::externalforce_0 Data source being set to Run_500 02_newCOP3_v24.mot
[2023-03-10 20:19:36.657] [info] ExternalForce::externalforce Data source being set to Run_500 02_newCOP3_v24.mot
[2023-03-10 20:19:36.657] [info] ExternalForce::externalforce_0 Data source being set to Run_500 02_newCOP3_v24.mot
[2023-03-10 20:19:36.769] [info] ExternalForce::externalforce Data source being set to Run_500 02_newCOP3_v24.mot
[2023-03-10 20:19:36.769] [info] ExternalForce::externalforce_0 Data source being set to Run_500 02_newCOP3_v24.mot
[2023-03-10 20:19:36.909] [info] ExternalForce::externalforce Data source being set to Run_500 02_newCOP3_v24.mot
[2023-03-10 20:19:36.909] [info] ExternalForce::externalforce_0 Data source being set to Run_500 02_newCOP3_v24.mot
[2023-03-10 20:19:37.033] [info] ExternalForce::externalforce Data source being set to Run_500 02_newCOP3_v24.mot
[2023-03-10 20:19:37.033] [info] ExternalForce::externalforce_0 Data source being set to Run_500 02_newCOP3_v24.mot
[2023-03-10 20:19:37.150] [info] ExternalForce::externalforce Data source being set to Run_500 02_newCOP3_v24.mot
[2023-03-10 20:19:37.150] [info] ExternalForce::externalforce_0 Data source being set to Run_500 02_newCOP3_v24.mot
[2023-03-10 20:19:37.259] [info] ExternalForce::externalforce Data source being set to Run_500 02_newCOP3_v24.mot
[2023-03-10 20:19:37.259] [info] ExternalForce::externalforce_0 Data source being set to Run_500 02_newCOP3_v24.mot
[2023-03-10 20:19:37.374] [info] ExternalForce::externalforce Data source being set to Run_500 02_newCOP3_v24.mot
[2023-03-10 20:19:37.374] [info] ExternalForce::externalforce_0 Data source being set to Run_500 02_newCOP3_v24.mot
[2023-03-10 20:19:37.486] [info] ExternalForce::externalforce Data source being set to Run_500 02_newCOP3_v24.mot
[2023-03-10 20:19:37.486] [info] ExternalForce::externalforce_0 Data source being set to Run_500 02_newCOP3_v24.mot
[2023-03-10 20:19:37.605] [info] ExternalForce::externalforce Data source being set to Run_500 02_newCOP3_v24.mot
[2023-03-10 20:19:37.605] [info] ExternalForce::externalforce_0 Data source being set to Run_500 02_newCOP3_v24.mot
[2023-03-10 20:19:37.741] [info] ExternalForce::externalforce Data source being set to Run_500 02_newCOP3_v24.mot
[2023-03-10 20:19:37.741] [info] ExternalForce::externalforce_0 Data source being set to Run_500 02_newCOP3_v24.mot
[2023-03-10 20:19:37.867] [info] ExternalForce::externalforce Data source being set to Run_500 02_newCOP3_v24.mot
[2023-03-10 20:19:37.867] [info] ExternalForce::externalforce_0 Data source being set to Run_500 02_newCOP3_v24.mot
[2023-03-10 20:19:37.984] [info] ExternalForce::externalforce Data source being set to Run_500 02_newCOP3_v24.mot
[2023-03-10 20:19:37.984] [info] ExternalForce::externalforce_0 Data source being set to Run_500 02_newCOP3_v24.mot
[2023-03-10 20:19:38.107] [info] ExternalForce::externalforce Data source being set to Run_500 02_newCOP3_v24.mot
[2023-03-10 20:19:38.107] [info] ExternalForce::externalforce_0 Data source being set to Run_500 02_newCOP3_v24.mot
[2023-03-10 20:19:38.246] [info] ExternalForce::externalforce Data source being set to Run_500 02_newCOP3_v24.mot
[2023-03-10 20:19:38.246] [info] ExternalForce::externalforce_0 Data source being set to Run_500 02_newCOP3_v24.mot
[2023-03-10 20:19:38.660] [info] ExternalForce::externalforce Data source being set to Run_500 02_newCOP3_v24.mot
[2023-03-10 20:19:38.660] [info] ExternalForce::externalforce_0 Data source being set to Run_500 02_newCOP3_v24.mot
[2023-03-10 20:19:38.752] [info] ExternalForce::externalforce Data source being set to Run_500 02_newCOP3_v24.mot
[2023-03-10 20:19:38.752] [info] ExternalForce::externalforce_0 Data source being set to Run_500 02_newCOP3_v24.mot
[2023-03-10 20:19:38.870] [info] ExternalForce::externalforce Data source being set to Run_500 02_newCOP3_v24.mot
[2023-03-10 20:19:38.870] [info] ExternalForce::externalforce_0 Data source being set to Run_500 02_newCOP3_v24.mot
[2023-03-10 20:19:38.973] [info] ExternalForce::externalforce Data source being set to Run_500 02_newCOP3_v24.mot
[2023-03-10 20:19:38.973] [info] ExternalForce::externalforce_0 Data source being set to Run_500 02_newCOP3_v24.mot
[2023-03-10 20:19:39.128] [info] ExternalForce::externalforce Data source being set to Run_500 02_newCOP3_v24.mot
[2023-03-10 20:19:39.128] [info] ExternalForce::externalforce_0 Data source being set to Run_500 02_newCOP3_v24.mot
[2023-03-10 20:19:39.242] [info] ExternalForce::externalforce Data source being set to Run_500 02_newCOP3_v24.mot
[2023-03-10 20:19:39.242] [info] ExternalForce::externalforce_0 Data source being set to Run_500 02_newCOP3_v24.mot
[2023-03-10 20:19:39.338] [info] ExternalForce::externalforce Data source being set to Run_500 02_newCOP3_v24.mot
[2023-03-10 20:19:39.338] [info] ExternalForce::externalforce_0 Data source being set to Run_500 02_newCOP3_v24.mot
[2023-03-10 20:19:39.441] [info] ExternalForce::externalforce Data source being set to Run_500 02_newCOP3_v24.mot
[2023-03-10 20:19:39.441] [info] ExternalForce::externalforce_0 Data source being set to Run_500 02_newCOP3_v24.mot
[2023-03-10 20:19:39.464] [info] ========================================================================
[2023-03-10 20:19:39.465] [info] MocoCasADiSolver starting.
[2023-03-10 20:19:39.465] [info] Fri Mar 10 20:19:39 2023
[2023-03-10 20:19:39.465] [info] ------------------------------------------------------------------------
[2023-03-10 20:19:39.465] [cout] [info] Costs: (total: 2)
[2023-03-10 20:19:39.465] [cout] [info]   state_tracking. MocoStateTrackingGoal, enabled: true, mode: cost, weight: 1.0
[2023-03-10 20:19:39.465] [cout] [info]         state: /jointset/ground_pelvis/pelvis_tilt/value, weight: 750.0
[2023-03-10 20:19:39.465] [cout] [info]         state: /jointset/ground_pelvis/pelvis_list/value, weight: 250.0
[2023-03-10 20:19:39.465] [cout] [info]         state: /jointset/ground_pelvis/pelvis_rotation/value, weight: 50.0
[2023-03-10 20:19:39.465] [cout] [info]         state: /jointset/ground_pelvis/pelvis_tx/value, weight: 25.0
[2023-03-10 20:19:39.465] [cout] [info]         state: /jointset/ground_pelvis/pelvis_ty/value, weight: 100.0
[2023-03-10 20:19:39.465] [cout] [info]         state: /jointset/ground_pelvis/pelvis_tz/value, weight: 25.0
[2023-03-10 20:19:39.465] [cout] [info]         state: /jointset/hip_r/hip_flexion_r/value, weight: 75.0
[2023-03-10 20:19:39.465] [cout] [info]         state: /jointset/hip_r/hip_adduction_r/value, weight: 50.0
[2023-03-10 20:19:39.465] [cout] [info]         state: /jointset/hip_r/hip_rotation_r/value, weight: 10.0
[2023-03-10 20:19:39.465] [cout] [info]         state: /jointset/knee_r/knee_angle_r/value, weight: 10.0
[2023-03-10 20:19:39.465] [cout] [info]         state: /jointset/ankle_r/ankle_angle_r/value, weight: 10.0
[2023-03-10 20:19:39.465] [cout] [info]         state: /jointset/hip_l/hip_flexion_l/value, weight: 75.0
[2023-03-10 20:19:39.465] [cout] [info]         state: /jointset/hip_l/hip_adduction_l/value, weight: 50.0
[2023-03-10 20:19:39.465] [cout] [info]         state: /jointset/hip_l/hip_rotation_l/value, weight: 10.0
[2023-03-10 20:19:39.465] [cout] [info]         state: /jointset/knee_l/knee_angle_l/value, weight: 10.0
[2023-03-10 20:19:39.465] [cout] [info]         state: /jointset/ankle_l/ankle_angle_l/value, weight: 10.0
[2023-03-10 20:19:39.465] [cout] [info]         state: /jointset/back/lumbar_extension/value, weight: 75.0
[2023-03-10 20:19:39.465] [cout] [info]         state: /jointset/back/lumbar_bending/value, weight: 50.0
[2023-03-10 20:19:39.465] [cout] [info]         state: /jointset/back/lumbar_rotation/value, weight: 25.0
[2023-03-10 20:19:39.465] [cout] [info]         state: /jointset/acromial_r/arm_flex_r/value, weight: 1.0
[2023-03-10 20:19:39.466] [cout] [info]         state: /jointset/acromial_r/arm_add_r/value, weight: 1.0
[2023-03-10 20:19:39.466] [cout] [info]         state: /jointset/acromial_r/arm_rot_r/value, weight: 1.0
[2023-03-10 20:19:39.466] [cout] [info]         state: /jointset/elbow_r/elbow_flex_r/value, weight: 1.0
[2023-03-10 20:19:39.466] [cout] [info]         state: /jointset/radioulnar_r/pro_sup_r/value, weight: 1.0
[2023-03-10 20:19:39.466] [cout] [info]         state: /jointset/acromial_l/arm_flex_l/value, weight: 1.0
[2023-03-10 20:19:39.466] [cout] [info]         state: /jointset/acromial_l/arm_add_l/value, weight: 1.0
[2023-03-10 20:19:39.466] [cout] [info]         state: /jointset/acromial_l/arm_rot_l/value, weight: 1.0
[2023-03-10 20:19:39.466] [cout] [info]         state: /jointset/elbow_l/elbow_flex_l/value, weight: 1.0
[2023-03-10 20:19:39.466] [cout] [info]         state: /jointset/radioulnar_l/pro_sup_l/value, weight: 1.0
[2023-03-10 20:19:39.466] [cout] [info]         state: /jointset/subtalar_r/subtalar_angle_r/value, weight: 0.0
[2023-03-10 20:19:39.466] [cout] [info]         state: /jointset/mtp_r/mtp_angle_r/value, weight: 0.0
[2023-03-10 20:19:39.466] [cout] [info]         state: /jointset/subtalar_l/subtalar_angle_l/value, weight: 0.0
[2023-03-10 20:19:39.466] [cout] [info]         state: /jointset/mtp_l/mtp_angle_l/value, weight: 0.0
[2023-03-10 20:19:39.466] [cout] [info]         state: /jointset/radius_hand_r/wrist_flex_r/value, weight: 0.0
[2023-03-10 20:19:39.466] [cout] [info]         state: /jointset/radius_hand_r/wrist_dev_r/value, weight: 0.0
[2023-03-10 20:19:39.466] [cout] [info]         state: /jointset/radius_hand_l/wrist_flex_l/value, weight: 0.0
[2023-03-10 20:19:39.466] [cout] [info]         state: /jointset/radius_hand_l/wrist_dev_l/value, weight: 0.0
[2023-03-10 20:19:39.466] [cout] [info]   control_effort. MocoControlGoal, enabled: true, mode: cost, weight: 0.00100000
[2023-03-10 20:19:39.466] [cout] [info]         control: /forceset/pelvis_tx_actuator, weight: 1.0
[2023-03-10 20:19:39.466] [cout] [info]         control: /forceset/pelvis_ty_actuator, weight: 1.0
[2023-03-10 20:19:39.466] [cout] [info]         control: /forceset/pelvis_tz_actuator, weight: 1.0
[2023-03-10 20:19:39.466] [cout] [info]         control: /forceset/pelvis_tilt_actuator, weight: 1.0
[2023-03-10 20:19:39.466] [cout] [info]         control: /forceset/pelvis_list_actuator, weight: 1.0
[2023-03-10 20:19:39.466] [cout] [info]         control: /forceset/pelvis_rotation_actuator, weight: 1.0
[2023-03-10 20:19:39.466] [cout] [info]         control: /forceset/hip_flexion_r_actuator, weight: 1.0
[2023-03-10 20:19:39.466] [cout] [info]         control: /forceset/hip_adduction_r_actuator, weight: 1.0
[2023-03-10 20:19:39.466] [cout] [info]         control: /forceset/hip_rotation_r_actuator, weight: 1.0
[2023-03-10 20:19:39.467] [cout] [info]         control: /forceset/knee_angle_r_actuator, weight: 1.0
[2023-03-10 20:19:39.467] [cout] [info]         control: /forceset/ankle_angle_r_actuator, weight: 1.0
[2023-03-10 20:19:39.467] [cout] [info]         control: /forceset/hip_flexion_l_actuator, weight: 1.0
[2023-03-10 20:19:39.467] [cout] [info]         control: /forceset/hip_adduction_l_actuator, weight: 1.0
[2023-03-10 20:19:39.467] [cout] [info]         control: /forceset/hip_rotation_l_actuator, weight: 1.0
[2023-03-10 20:19:39.467] [cout] [info]         control: /forceset/knee_angle_l_actuator, weight: 1.0
[2023-03-10 20:19:39.467] [cout] [info]         control: /forceset/ankle_angle_l_actuator, weight: 1.0
[2023-03-10 20:19:39.467] [cout] [info]         control: /forceset/lumbar_extension_actuator, weight: 1.0
[2023-03-10 20:19:39.467] [cout] [info]         control: /forceset/lumbar_bending_actuator, weight: 1.0
[2023-03-10 20:19:39.467] [cout] [info]         control: /forceset/lumbar_rotation_actuator, weight: 1.0
[2023-03-10 20:19:39.467] [cout] [info]         control: /forceset/arm_flex_r_actuator, weight: 1.0
[2023-03-10 20:19:39.467] [cout] [info]         control: /forceset/arm_add_r_actuator, weight: 1.0
[2023-03-10 20:19:39.467] [cout] [info]         control: /forceset/arm_rot_r_actuator, weight: 1.0
[2023-03-10 20:19:39.467] [cout] [info]         control: /forceset/elbow_flex_r_actuator, weight: 1.0
[2023-03-10 20:19:39.467] [cout] [info]         control: /forceset/pro_sup_r_actuator, weight: 1.0
[2023-03-10 20:19:39.467] [cout] [info]         control: /forceset/arm_flex_l_actuator, weight: 1.0
[2023-03-10 20:19:39.467] [cout] [info]         control: /forceset/arm_add_l_actuator, weight: 1.0
[2023-03-10 20:19:39.467] [cout] [info]         control: /forceset/arm_rot_l_actuator, weight: 1.0
[2023-03-10 20:19:39.467] [cout] [info]         control: /forceset/elbow_flex_l_actuator, weight: 1.0
[2023-03-10 20:19:39.467] [cout] [info]         control: /forceset/pro_sup_l_actuator, weight: 1.0
[2023-03-10 20:19:39.467] [cout] [info] Endpoint constraints: none
[2023-03-10 20:19:39.467] [cout] [info] Kinematic constraints: (total: 8)
[2023-03-10 20:19:39.467] [cout] [info]   kinematic_constraint_cid27. MocoConstraintInfo. number of scalar equations: 3. bounds: 0, 0, 0
[2023-03-10 20:19:39.467] [cout] [info]   kinematic_constraint_cid28. MocoConstraintInfo. number of scalar equations: 3. bounds: 0, 0, 0
[2023-03-10 20:19:39.467] [cout] [info]   kinematic_constraint_cid31. MocoConstraintInfo. number of scalar equations: 3. bounds: 0, 0, 0
[2023-03-10 20:19:39.467] [cout] [info]   kinematic_constraint_cid32. MocoConstraintInfo. number of scalar equations: 3. bounds: 0, 0, 0
[2023-03-10 20:19:39.468] [cout] [info]   kinematic_constraint_cid33. MocoConstraintInfo. number of scalar equations: 3. bounds: 0, 0, 0
[2023-03-10 20:19:39.468] [cout] [info]   kinematic_constraint_cid34. MocoConstraintInfo. number of scalar equations: 3. bounds: 0, 0, 0
[2023-03-10 20:19:39.468] [cout] [info]   kinematic_constraint_cid35. MocoConstraintInfo. number of scalar equations: 3. bounds: 0, 0, 0
[2023-03-10 20:19:39.468] [cout] [info]   kinematic_constraint_cid36. MocoConstraintInfo. number of scalar equations: 3. bounds: 0, 0, 0
[2023-03-10 20:19:39.468] [cout] [info] Path constraints: none
[2023-03-10 20:19:39.468] [cout] [info] States: (total: 74)
[2023-03-10 20:19:39.468] [cout] [info]   /jointset/ground_pelvis/pelvis_tilt/value. bounds: [-0.332297, 0.183641]
[2023-03-10 20:19:39.468] [cout] [info]   /jointset/ground_pelvis/pelvis_list/value. bounds: [-0.378549, 0.414465]
[2023-03-10 20:19:39.468] [cout] [info]   /jointset/radioulnar_r/pro_sup_r/value. bounds: [1.79451, 2.2623]
[2023-03-10 20:19:39.468] [cout] [info]   /jointset/ground_pelvis/pelvis_rotation/value. bounds: [-0.425581, 0.323848]
[2023-03-10 20:19:39.468] [cout] [info]   /jointset/ground_pelvis/pelvis_tx/value. bounds: [0.702212, 1.19371]
[2023-03-10 20:19:39.468] [cout] [info]   /jointset/elbow_r/elbow_flex_r/value. bounds: [1.34654, 2.71191]
[2023-03-10 20:19:39.468] [cout] [info]   /jointset/ground_pelvis/pelvis_ty/value. bounds: [0.890273, 1.18359]
[2023-03-10 20:19:39.468] [cout] [info]   /jointset/radius_hand_l/wrist_flex_l/speed. bounds: [-50, 50]
[2023-03-10 20:19:39.468] [cout] [info]   /jointset/ground_pelvis/pelvis_tz/value. bounds: [-0.856438, -0.40745]
[2023-03-10 20:19:39.468] [cout] [info]   /jointset/hip_r/hip_adduction_r/speed. bounds: [-50, 50]
[2023-03-10 20:19:39.468] [cout] [info]   /jointset/ankle_r/ankle_angle_r/value. bounds: [-0.473968, 0.708057]
[2023-03-10 20:19:39.468] [cout] [info]   /jointset/hip_r/hip_flexion_r/value. bounds: [-0.586066, 1.13322]
[2023-03-10 20:19:39.468] [cout] [info]   /jointset/hip_r/hip_adduction_r/value. bounds: [-0.286853, 0.468986]
[2023-03-10 20:19:39.468] [cout] [info]   /jointset/back/lumbar_rotation/speed. bounds: [-50, 50]
[2023-03-10 20:19:39.468] [cout] [info]   /jointset/hip_r/hip_rotation_r/value. bounds: [-0.255371, 0.315371]
[2023-03-10 20:19:39.468] [cout] [info]   /jointset/mtp_l/mtp_angle_l/speed. bounds: [-50, 50]
[2023-03-10 20:19:39.468] [cout] [info]   /jointset/knee_r/knee_angle_r/value. bounds: [-2.58296, 0.079382]
[2023-03-10 20:19:39.468] [cout] [info]   /jointset/subtalar_r/subtalar_angle_r/value. bounds: [-1.5708, 1.5708]
[2023-03-10 20:19:39.468] [cout] [info]   /jointset/hip_l/hip_flexion_l/value. bounds: [-0.587736, 1.17099]
[2023-03-10 20:19:39.468] [cout] [info]   /jointset/hip_l/hip_adduction_l/value. bounds: [-0.323702, 0.44638]
[2023-03-10 20:19:39.468] [cout] [info]   /jointset/hip_l/hip_rotation_l/value. bounds: [-0.335209, 0.170201]
[2023-03-10 20:19:39.468] [cout] [info]   /jointset/knee_l/knee_angle_l/value. bounds: [-2.54268, 0.0597043]
[2023-03-10 20:19:39.468] [cout] [info]   /jointset/knee_r/knee_angle_r/speed. bounds: [-50, 50]
[2023-03-10 20:19:39.468] [cout] [info]   /jointset/ankle_l/ankle_angle_l/value. bounds: [-0.496713, 0.710342]
[2023-03-10 20:19:39.469] [cout] [info]   /jointset/back/lumbar_extension/value. bounds: [-0.610951, 0.148749]
[2023-03-10 20:19:39.469] [cout] [info]   /jointset/back/lumbar_bending/value. bounds: [-0.413158, 0.330631]
[2023-03-10 20:19:39.469] [cout] [info]   /jointset/back/lumbar_rotation/value. bounds: [-0.532661, 0.529446]
[2023-03-10 20:19:39.469] [cout] [info]   /jointset/acromial_r/arm_flex_r/value. bounds: [-1.10749, 0.177483]
[2023-03-10 20:19:39.469] [cout] [info]   /jointset/acromial_r/arm_add_r/value. bounds: [-0.753774, -0.217973]
[2023-03-10 20:19:39.469] [cout] [info]   /jointset/acromial_r/arm_rot_r/value. bounds: [-0.408804, 0.248071]
[2023-03-10 20:19:39.469] [cout] [info]   /jointset/acromial_l/arm_flex_l/value. bounds: [-0.876156, 0.13329]
[2023-03-10 20:19:39.469] [cout] [info]   /jointset/acromial_l/arm_add_l/value. bounds: [-0.701131, -0.212463]
[2023-03-10 20:19:39.469] [cout] [info]   /jointset/acromial_l/arm_rot_l/value. bounds: [-0.13417, 0.415957]
[2023-03-10 20:19:39.469] [cout] [info]   /jointset/elbow_l/elbow_flex_l/value. bounds: [1.49381, 2.6065]
[2023-03-10 20:19:39.469] [cout] [info]   /jointset/radioulnar_l/pro_sup_l/value. bounds: [1.48651, 1.96934]
[2023-03-10 20:19:39.469] [cout] [info]   /jointset/ground_pelvis/pelvis_tilt/speed. bounds: [-50, 50]
[2023-03-10 20:19:39.469] [cout] [info]   /jointset/ground_pelvis/pelvis_list/speed. bounds: [-50, 50]
[2023-03-10 20:19:39.469] [cout] [info]   /jointset/radioulnar_r/pro_sup_r/speed. bounds: [-50, 50]
[2023-03-10 20:19:39.469] [cout] [info]   /jointset/ground_pelvis/pelvis_rotation/speed. bounds: [-50, 50]
[2023-03-10 20:19:39.469] [cout] [info]   /jointset/ground_pelvis/pelvis_tx/speed. bounds: [-50, 50]
[2023-03-10 20:19:39.469] [cout] [info]   /jointset/elbow_r/elbow_flex_r/speed. bounds: [-50, 50]
[2023-03-10 20:19:39.469] [cout] [info]   /jointset/ground_pelvis/pelvis_ty/speed. bounds: [-50, 50]
[2023-03-10 20:19:39.469] [cout] [info]   /jointset/ground_pelvis/pelvis_tz/speed. bounds: [-50, 50]
[2023-03-10 20:19:39.469] [cout] [info]   /jointset/ankle_r/ankle_angle_r/speed. bounds: [-50, 50]
[2023-03-10 20:19:39.469] [cout] [info]   /jointset/hip_r/hip_flexion_r/speed. bounds: [-50, 50]
[2023-03-10 20:19:39.469] [cout] [info]   /jointset/hip_r/hip_rotation_r/speed. bounds: [-50, 50]
[2023-03-10 20:19:39.469] [cout] [info]   /jointset/hip_l/hip_flexion_l/speed. bounds: [-50, 50]
[2023-03-10 20:19:39.469] [cout] [info]   /jointset/subtalar_r/subtalar_angle_r/speed. bounds: [-50, 50]
[2023-03-10 20:19:39.469] [cout] [info]   /jointset/mtp_r/mtp_angle_r/value. bounds: [-1.5708, 1.5708]
[2023-03-10 20:19:39.469] [cout] [info]   /jointset/mtp_r/mtp_angle_r/speed. bounds: [-50, 50]
[2023-03-10 20:19:39.469] [cout] [info]   /jointset/hip_l/hip_adduction_l/speed. bounds: [-50, 50]
[2023-03-10 20:19:39.469] [cout] [info]   /jointset/hip_l/hip_rotation_l/speed. bounds: [-50, 50]
[2023-03-10 20:19:39.469] [cout] [info]   /jointset/knee_l/knee_angle_l/speed. bounds: [-50, 50]
[2023-03-10 20:19:39.469] [cout] [info]   /jointset/ankle_l/ankle_angle_l/speed. bounds: [-50, 50]
[2023-03-10 20:19:39.469] [cout] [info]   /jointset/subtalar_l/subtalar_angle_l/value. bounds: [-1.5708, 1.5708]
[2023-03-10 20:19:39.469] [cout] [info]   /jointset/subtalar_l/subtalar_angle_l/speed. bounds: [-50, 50]
[2023-03-10 20:19:39.469] [cout] [info]   /jointset/mtp_l/mtp_angle_l/value. bounds: [-1.0472, 1.0472]
[2023-03-10 20:19:39.469] [cout] [info]   /jointset/back/lumbar_extension/speed. bounds: [-50, 50]
[2023-03-10 20:19:39.469] [cout] [info]   /jointset/back/lumbar_bending/speed. bounds: [-50, 50]
[2023-03-10 20:19:39.469] [cout] [info]   /jointset/acromial_r/arm_flex_r/speed. bounds: [-50, 50]
[2023-03-10 20:19:39.470] [cout] [info]   /jointset/acromial_r/arm_add_r/speed. bounds: [-50, 50]
[2023-03-10 20:19:39.470] [cout] [info]   /jointset/acromial_r/arm_rot_r/speed. bounds: [-50, 50]
[2023-03-10 20:19:39.470] [cout] [info]   /jointset/radius_hand_r/wrist_flex_r/value. bounds: [-1.22173, 1.22173]
[2023-03-10 20:19:39.470] [cout] [info]   /jointset/radius_hand_r/wrist_flex_r/speed. bounds: [-50, 50]
[2023-03-10 20:19:39.470] [cout] [info]   /jointset/radius_hand_r/wrist_dev_r/value. bounds: [-0.436332, 0.610865]
[2023-03-10 20:19:39.470] [cout] [info]   /jointset/radius_hand_r/wrist_dev_r/speed. bounds: [-50, 50]
[2023-03-10 20:19:39.470] [cout] [info]   /jointset/acromial_l/arm_flex_l/speed. bounds: [-50, 50]
[2023-03-10 20:19:39.470] [cout] [info]   /jointset/acromial_l/arm_add_l/speed. bounds: [-50, 50]
[2023-03-10 20:19:39.470] [cout] [info]   /jointset/acromial_l/arm_rot_l/speed. bounds: [-50, 50]
[2023-03-10 20:19:39.470] [cout] [info]   /jointset/elbow_l/elbow_flex_l/speed. bounds: [-50, 50]
[2023-03-10 20:19:39.470] [cout] [info]   /jointset/radioulnar_l/pro_sup_l/speed. bounds: [-50, 50]
[2023-03-10 20:19:39.470] [cout] [info]   /jointset/radius_hand_l/wrist_flex_l/value. bounds: [-1.22173, 1.22173]
[2023-03-10 20:19:39.470] [cout] [info]   /jointset/radius_hand_l/wrist_dev_l/value. bounds: [-0.436332, 0.610865]
[2023-03-10 20:19:39.470] [cout] [info]   /jointset/radius_hand_l/wrist_dev_l/speed. bounds: [-50, 50]
[2023-03-10 20:19:39.470] [cout] [info] Controls: (total: 29)
[2023-03-10 20:19:39.470] [cout] [info]   /forceset/pelvis_tx_actuator. bounds: [-10000, 10000]
[2023-03-10 20:19:39.470] [cout] [info]   /forceset/pelvis_ty_actuator. bounds: [-10000, 10000]
[2023-03-10 20:19:39.470] [cout] [info]   /forceset/pelvis_tz_actuator. bounds: [-10000, 10000]
[2023-03-10 20:19:39.470] [cout] [info]   /forceset/arm_flex_r_actuator. bounds: [-1, 1]
[2023-03-10 20:19:39.470] [cout] [info]   /forceset/hip_rotation_r_actuator. bounds: [-1, 1]
[2023-03-10 20:19:39.470] [cout] [info]   /forceset/pelvis_tilt_actuator. bounds: [-10000, 10000]
[2023-03-10 20:19:39.470] [cout] [info]   /forceset/pelvis_list_actuator. bounds: [-10000, 10000]
[2023-03-10 20:19:39.470] [cout] [info]   /forceset/pelvis_rotation_actuator. bounds: [-10000, 10000]
[2023-03-10 20:19:39.470] [cout] [info]   /forceset/elbow_flex_l_actuator. bounds: [-1, 1]
[2023-03-10 20:19:39.470] [cout] [info]   /forceset/hip_adduction_l_actuator. bounds: [-1, 1]
[2023-03-10 20:19:39.470] [cout] [info]   /forceset/hip_flexion_r_actuator. bounds: [-1, 1]
[2023-03-10 20:19:39.470] [cout] [info]   /forceset/elbow_flex_r_actuator. bounds: [-1, 1]
[2023-03-10 20:19:39.470] [cout] [info]   /forceset/hip_flexion_l_actuator. bounds: [-1, 1]
[2023-03-10 20:19:39.470] [cout] [info]   /forceset/hip_adduction_r_actuator. bounds: [-1, 1]
[2023-03-10 20:19:39.470] [cout] [info]   /forceset/knee_angle_r_actuator. bounds: [-1, 1]
[2023-03-10 20:19:39.470] [cout] [info]   /forceset/lumbar_rotation_actuator. bounds: [-1, 1]
[2023-03-10 20:19:39.470] [cout] [info]   /forceset/ankle_angle_r_actuator. bounds: [-1, 1]
[2023-03-10 20:19:39.470] [cout] [info]   /forceset/arm_flex_l_actuator. bounds: [-1, 1]
[2023-03-10 20:19:39.470] [cout] [info]   /forceset/hip_rotation_l_actuator. bounds: [-1, 1]
[2023-03-10 20:19:39.470] [cout] [info]   /forceset/knee_angle_l_actuator. bounds: [-1, 1]
[2023-03-10 20:19:39.470] [cout] [info]   /forceset/ankle_angle_l_actuator. bounds: [-1, 1]
[2023-03-10 20:19:39.471] [cout] [info]   /forceset/lumbar_extension_actuator. bounds: [-1, 1]
[2023-03-10 20:19:39.471] [cout] [info]   /forceset/lumbar_bending_actuator. bounds: [-1, 1]
[2023-03-10 20:19:39.471] [cout] [info]   /forceset/arm_add_r_actuator. bounds: [-1, 1]
[2023-03-10 20:19:39.471] [cout] [info]   /forceset/arm_rot_r_actuator. bounds: [-1, 1]
[2023-03-10 20:19:39.471] [cout] [info]   /forceset/pro_sup_r_actuator. bounds: [-1, 1]
[2023-03-10 20:19:39.471] [cout] [info]   /forceset/arm_add_l_actuator. bounds: [-1, 1]
[2023-03-10 20:19:39.471] [cout] [info]   /forceset/arm_rot_l_actuator. bounds: [-1, 1]
[2023-03-10 20:19:39.471] [cout] [info]   /forceset/pro_sup_l_actuator. bounds: [-1, 1]
[2023-03-10 20:19:39.471] [cout] [info] Parameters: none
[2023-03-10 20:19:39.573] [info] ExternalForce::externalforce Data source being set to Run_500 02_newCOP3_v24.mot
[2023-03-10 20:19:39.573] [info] ExternalForce::externalforce_0 Data source being set to Run_500 02_newCOP3_v24.mot
[2023-03-10 20:19:39.679] [info] ExternalForce::externalforce Data source being set to Run_500 02_newCOP3_v24.mot
[2023-03-10 20:19:39.679] [info] ExternalForce::externalforce_0 Data source being set to Run_500 02_newCOP3_v24.mot
[2023-03-10 20:19:39.823] [info] ExternalForce::externalforce Data source being set to Run_500 02_newCOP3_v24.mot
[2023-03-10 20:19:39.823] [info] ExternalForce::externalforce_0 Data source being set to Run_500 02_newCOP3_v24.mot
[2023-03-10 20:19:39.916] [info] ExternalForce::externalforce Data source being set to Run_500 02_newCOP3_v24.mot
[2023-03-10 20:19:39.916] [info] ExternalForce::externalforce_0 Data source being set to Run_500 02_newCOP3_v24.mot
[2023-03-10 20:19:40.032] [info] ExternalForce::externalforce Data source being set to Run_500 02_newCOP3_v24.mot
[2023-03-10 20:19:40.032] [info] ExternalForce::externalforce_0 Data source being set to Run_500 02_newCOP3_v24.mot
[2023-03-10 20:19:40.143] [info] ExternalForce::externalforce Data source being set to Run_500 02_newCOP3_v24.mot
[2023-03-10 20:19:40.143] [info] ExternalForce::externalforce_0 Data source being set to Run_500 02_newCOP3_v24.mot
[2023-03-10 20:19:40.261] [info] ExternalForce::externalforce Data source being set to Run_500 02_newCOP3_v24.mot
[2023-03-10 20:19:40.261] [info] ExternalForce::externalforce_0 Data source being set to Run_500 02_newCOP3_v24.mot
[2023-03-10 20:19:40.362] [info] ExternalForce::externalforce Data source being set to Run_500 02_newCOP3_v24.mot
[2023-03-10 20:19:40.362] [info] ExternalForce::externalforce_0 Data source being set to Run_500 02_newCOP3_v24.mot
[2023-03-10 20:19:40.488] [info] ExternalForce::externalforce Data source being set to Run_500 02_newCOP3_v24.mot
[2023-03-10 20:19:40.488] [info] ExternalForce::externalforce_0 Data source being set to Run_500 02_newCOP3_v24.mot
[2023-03-10 20:19:40.651] [info] ExternalForce::externalforce Data source being set to Run_500 02_newCOP3_v24.mot
[2023-03-10 20:19:40.651] [info] ExternalForce::externalforce_0 Data source being set to Run_500 02_newCOP3_v24.mot
[2023-03-10 20:19:40.765] [info] ExternalForce::externalforce Data source being set to Run_500 02_newCOP3_v24.mot
[2023-03-10 20:19:40.766] [info] ExternalForce::externalforce_0 Data source being set to Run_500 02_newCOP3_v24.mot
[2023-03-10 20:19:40.918] [info] ExternalForce::externalforce Data source being set to Run_500 02_newCOP3_v24.mot
[2023-03-10 20:19:40.918] [info] ExternalForce::externalforce_0 Data source being set to Run_500 02_newCOP3_v24.mot
[2023-03-10 20:19:41.029] [info] ExternalForce::externalforce Data source being set to Run_500 02_newCOP3_v24.mot
[2023-03-10 20:19:41.029] [info] ExternalForce::externalforce_0 Data source being set to Run_500 02_newCOP3_v24.mot
[2023-03-10 20:19:41.122] [info] ExternalForce::externalforce Data source being set to Run_500 02_newCOP3_v24.mot
[2023-03-10 20:19:41.122] [info] ExternalForce::externalforce_0 Data source being set to Run_500 02_newCOP3_v24.mot
[2023-03-10 20:19:41.239] [info] ExternalForce::externalforce Data source being set to Run_500 02_newCOP3_v24.mot
[2023-03-10 20:19:41.239] [info] ExternalForce::externalforce_0 Data source being set to Run_500 02_newCOP3_v24.mot
[2023-03-10 20:19:41.375] [info] ExternalForce::externalforce Data source being set to Run_500 02_newCOP3_v24.mot
[2023-03-10 20:19:41.375] [info] ExternalForce::externalforce_0 Data source being set to Run_500 02_newCOP3_v24.mot
[2023-03-10 20:19:41.397] [info] Number of threads: 8
[2023-03-10 20:36:51.227] [info] Set log level to Info.
[2023-03-10 20:36:51.257] [info] ------------------------------------------------------------------------
[2023-03-10 20:36:51.257] [info] Elapsed real time: 1032 second(s) (17 minute(s), 12 second(s)).
[2023-03-10 20:36:51.257] [info] Fri Mar 10 20:36:51 2023
[2023-03-10 20:36:51.257] [info] MocoCasADiSolver succeeded!
[2023-03-10 20:36:51.257] [info] ========================================================================
[2023-03-10 20:36:51.688] [info] Loaded model subject02_scaled from file ..\..\model\subject02_adjusted_scaled.osim
[2023-03-10 20:36:52.779] [cout] [info] 
               MODEL: subject02_scaled
         coordinates: 37
              forces: 92
           actuators: 92
             muscles: 92
            analyses: 0
              probes: 0
              bodies: 20
              joints: 20
         constraints: 0
             markers: 64
         controllers: 0
  contact geometries: 0
misc modelcomponents: 0
[2023-03-10 20:36:52.779] [info] Running tool subject10_scaled...
[2023-03-10 20:36:52.836] [warning] ExternalLoads 'externalloads' has subcomponents with duplicate name 'externalforce'. The duplicate is being renamed to 'externalforce_0'.
[2023-03-10 20:36:53.008] [info] ExternalForce::externalforce Data source being set to Run_500 02_newCOP3_v24.mot
[2023-03-10 20:36:53.008] [info] ExternalForce::externalforce_0 Data source being set to Run_500 02_newCOP3_v24.mot
[2023-03-10 20:36:53.619] [info] InverseDynamicsTool: 131 time frames in 526 millisecond(s).
[2023-12-05 22:13:50.681] [info] ExternalForce::externalforce Data source being set to Run_500 02_newCOP3_v24.mot
[2023-12-05 22:13:50.691] [info] ExternalForce::externalforce_0 Data source being set to Run_500 02_newCOP3_v24.mot
[2023-12-05 22:13:51.086] [info] ExternalForce::externalforce Data source being set to Run_500 02_newCOP3_v24.mot
[2023-12-05 22:13:51.086] [info] ExternalForce::externalforce_0 Data source being set to Run_500 02_newCOP3_v24.mot
[2023-12-05 22:13:51.201] [info] ExternalForce::externalforce Data source being set to Run_500 02_newCOP3_v24.mot
[2023-12-05 22:13:51.204] [info] ExternalForce::externalforce_0 Data source being set to Run_500 02_newCOP3_v24.mot
[2023-12-05 22:13:51.268] [info] ExternalForce::externalforce Data source being set to Run_500 02_newCOP3_v24.mot
[2023-12-05 22:13:51.269] [info] ExternalForce::externalforce_0 Data source being set to Run_500 02_newCOP3_v24.mot
[2023-12-05 22:13:51.348] [info] ExternalForce::externalforce Data source being set to Run_500 02_newCOP3_v24.mot
[2023-12-05 22:13:51.348] [info] ExternalForce::externalforce_0 Data source being set to Run_500 02_newCOP3_v24.mot
[2023-12-05 22:13:51.412] [info] ExternalForce::externalforce Data source being set to Run_500 02_newCOP3_v24.mot
[2023-12-05 22:13:51.413] [info] ExternalForce::externalforce_0 Data source being set to Run_500 02_newCOP3_v24.mot
[2023-12-05 22:13:51.496] [info] ExternalForce::externalforce Data source being set to Run_500 02_newCOP3_v24.mot
[2023-12-05 22:13:51.496] [info] ExternalForce::externalforce_0 Data source being set to Run_500 02_newCOP3_v24.mot
[2023-12-05 22:13:51.559] [info] ExternalForce::externalforce Data source being set to Run_500 02_newCOP3_v24.mot
[2023-12-05 22:13:51.559] [info] ExternalForce::externalforce_0 Data source being set to Run_500 02_newCOP3_v24.mot
[2023-12-05 22:13:51.633] [info] ExternalForce::externalforce Data source being set to Run_500 02_newCOP3_v24.mot
[2023-12-05 22:13:51.633] [info] ExternalForce::externalforce_0 Data source being set to Run_500 02_newCOP3_v24.mot
[2023-12-05 22:13:51.695] [info] ExternalForce::externalforce Data source being set to Run_500 02_newCOP3_v24.mot
[2023-12-05 22:13:51.695] [info] ExternalForce::externalforce_0 Data source being set to Run_500 02_newCOP3_v24.mot
[2023-12-05 22:13:51.770] [info] ExternalForce::externalforce Data source being set to Run_500 02_newCOP3_v24.mot
[2023-12-05 22:13:51.770] [info] ExternalForce::externalforce_0 Data source being set to Run_500 02_newCOP3_v24.mot
[2023-12-05 22:13:51.833] [info] ExternalForce::externalforce Data source being set to Run_500 02_newCOP3_v24.mot
[2023-12-05 22:13:51.833] [info] ExternalForce::externalforce_0 Data source being set to Run_500 02_newCOP3_v24.mot
[2023-12-05 22:13:51.903] [info] ExternalForce::externalforce Data source being set to Run_500 02_newCOP3_v24.mot
[2023-12-05 22:13:51.903] [info] ExternalForce::externalforce_0 Data source being set to Run_500 02_newCOP3_v24.mot
[2023-12-05 22:13:51.963] [info] ExternalForce::externalforce Data source being set to Run_500 02_newCOP3_v24.mot
[2023-12-05 22:13:51.963] [info] ExternalForce::externalforce_0 Data source being set to Run_500 02_newCOP3_v24.mot
[2023-12-05 22:13:52.032] [info] ExternalForce::externalforce Data source being set to Run_500 02_newCOP3_v24.mot
[2023-12-05 22:13:52.032] [info] ExternalForce::externalforce_0 Data source being set to Run_500 02_newCOP3_v24.mot
[2023-12-05 22:13:52.090] [info] ExternalForce::externalforce Data source being set to Run_500 02_newCOP3_v24.mot
[2023-12-05 22:13:52.090] [info] ExternalForce::externalforce_0 Data source being set to Run_500 02_newCOP3_v24.mot
[2023-12-05 22:13:52.160] [info] ExternalForce::externalforce Data source being set to Run_500 02_newCOP3_v24.mot
[2023-12-05 22:13:52.160] [info] ExternalForce::externalforce_0 Data source being set to Run_500 02_newCOP3_v24.mot
[2023-12-05 22:13:52.218] [info] ExternalForce::externalforce Data source being set to Run_500 02_newCOP3_v24.mot
[2023-12-05 22:13:52.218] [info] ExternalForce::externalforce_0 Data source being set to Run_500 02_newCOP3_v24.mot
[2023-12-05 22:13:52.290] [info] ExternalForce::externalforce Data source being set to Run_500 02_newCOP3_v24.mot
[2023-12-05 22:13:52.290] [info] ExternalForce::externalforce_0 Data source being set to Run_500 02_newCOP3_v24.mot
[2023-12-05 22:13:52.348] [info] ExternalForce::externalforce Data source being set to Run_500 02_newCOP3_v24.mot
[2023-12-05 22:13:52.348] [info] ExternalForce::externalforce_0 Data source being set to Run_500 02_newCOP3_v24.mot
[2023-12-05 22:13:52.416] [info] ExternalForce::externalforce Data source being set to Run_500 02_newCOP3_v24.mot
[2023-12-05 22:13:52.416] [info] ExternalForce::externalforce_0 Data source being set to Run_500 02_newCOP3_v24.mot
[2023-12-05 22:13:52.474] [info] ExternalForce::externalforce Data source being set to Run_500 02_newCOP3_v24.mot
[2023-12-05 22:13:52.474] [info] ExternalForce::externalforce_0 Data source being set to Run_500 02_newCOP3_v24.mot
[2023-12-05 22:13:52.866] [info] ExternalForce::externalforce Data source being set to Run_500 02_newCOP3_v24.mot
[2023-12-05 22:13:52.866] [info] ExternalForce::externalforce_0 Data source being set to Run_500 02_newCOP3_v24.mot
[2023-12-05 22:13:52.921] [info] ExternalForce::externalforce Data source being set to Run_500 02_newCOP3_v24.mot
[2023-12-05 22:13:52.921] [info] ExternalForce::externalforce_0 Data source being set to Run_500 02_newCOP3_v24.mot
[2023-12-05 22:13:52.987] [info] ExternalForce::externalforce Data source being set to Run_500 02_newCOP3_v24.mot
[2023-12-05 22:13:52.987] [info] ExternalForce::externalforce_0 Data source being set to Run_500 02_newCOP3_v24.mot
[2023-12-05 22:13:53.042] [info] ExternalForce::externalforce Data source being set to Run_500 02_newCOP3_v24.mot
[2023-12-05 22:13:53.042] [info] ExternalForce::externalforce_0 Data source being set to Run_500 02_newCOP3_v24.mot
[2023-12-05 22:13:53.148] [info] ExternalForce::externalforce Data source being set to Run_500 02_newCOP3_v24.mot
[2023-12-05 22:13:53.148] [info] ExternalForce::externalforce_0 Data source being set to Run_500 02_newCOP3_v24.mot
[2023-12-05 22:13:53.202] [info] ExternalForce::externalforce Data source being set to Run_500 02_newCOP3_v24.mot
[2023-12-05 22:13:53.202] [info] ExternalForce::externalforce_0 Data source being set to Run_500 02_newCOP3_v24.mot
[2023-12-05 22:13:53.271] [info] ExternalForce::externalforce Data source being set to Run_500 02_newCOP3_v24.mot
[2023-12-05 22:13:53.271] [info] ExternalForce::externalforce_0 Data source being set to Run_500 02_newCOP3_v24.mot
[2023-12-05 22:13:53.323] [info] ExternalForce::externalforce Data source being set to Run_500 02_newCOP3_v24.mot
[2023-12-05 22:13:53.323] [info] ExternalForce::externalforce_0 Data source being set to Run_500 02_newCOP3_v24.mot
[2023-12-05 22:13:53.341] [info] ========================================================================
[2023-12-05 22:13:53.341] [info] MocoCasADiSolver starting.
[2023-12-05 22:13:53.341] [info] Tue Dec  5 22:13:53 2023
[2023-12-05 22:13:53.341] [info] ------------------------------------------------------------------------
[2023-12-05 22:13:53.341] [cout] [info] Costs: (total: 2)
[2023-12-05 22:13:53.341] [cout] [info]   state_tracking. MocoStateTrackingGoal, enabled: true, mode: cost, weight: 1.0
[2023-12-05 22:13:53.341] [cout] [info]         state: /jointset/ground_pelvis/pelvis_tilt/value, weight: 750.0
[2023-12-05 22:13:53.341] [cout] [info]         state: /jointset/ground_pelvis/pelvis_list/value, weight: 250.0
[2023-12-05 22:13:53.341] [cout] [info]         state: /jointset/ground_pelvis/pelvis_rotation/value, weight: 50.0
[2023-12-05 22:13:53.341] [cout] [info]         state: /jointset/ground_pelvis/pelvis_tx/value, weight: 25.0
[2023-12-05 22:13:53.341] [cout] [info]         state: /jointset/ground_pelvis/pelvis_ty/value, weight: 100.0
[2023-12-05 22:13:53.341] [cout] [info]         state: /jointset/ground_pelvis/pelvis_tz/value, weight: 25.0
[2023-12-05 22:13:53.341] [cout] [info]         state: /jointset/hip_r/hip_flexion_r/value, weight: 75.0
[2023-12-05 22:13:53.341] [cout] [info]         state: /jointset/hip_r/hip_adduction_r/value, weight: 50.0
[2023-12-05 22:13:53.341] [cout] [info]         state: /jointset/hip_r/hip_rotation_r/value, weight: 10.0
[2023-12-05 22:13:53.341] [cout] [info]         state: /jointset/knee_r/knee_angle_r/value, weight: 10.0
[2023-12-05 22:13:53.341] [cout] [info]         state: /jointset/ankle_r/ankle_angle_r/value, weight: 10.0
[2023-12-05 22:13:53.341] [cout] [info]         state: /jointset/hip_l/hip_flexion_l/value, weight: 75.0
[2023-12-05 22:13:53.341] [cout] [info]         state: /jointset/hip_l/hip_adduction_l/value, weight: 50.0
[2023-12-05 22:13:53.341] [cout] [info]         state: /jointset/hip_l/hip_rotation_l/value, weight: 10.0
[2023-12-05 22:13:53.341] [cout] [info]         state: /jointset/knee_l/knee_angle_l/value, weight: 10.0
[2023-12-05 22:13:53.341] [cout] [info]         state: /jointset/ankle_l/ankle_angle_l/value, weight: 10.0
[2023-12-05 22:13:53.341] [cout] [info]         state: /jointset/back/lumbar_extension/value, weight: 75.0
[2023-12-05 22:13:53.341] [cout] [info]         state: /jointset/back/lumbar_bending/value, weight: 50.0
[2023-12-05 22:13:53.341] [cout] [info]         state: /jointset/back/lumbar_rotation/value, weight: 25.0
[2023-12-05 22:13:53.341] [cout] [info]         state: /jointset/acromial_r/arm_flex_r/value, weight: 1.0
[2023-12-05 22:13:53.341] [cout] [info]         state: /jointset/acromial_r/arm_add_r/value, weight: 1.0
[2023-12-05 22:13:53.341] [cout] [info]         state: /jointset/acromial_r/arm_rot_r/value, weight: 1.0
[2023-12-05 22:13:53.341] [cout] [info]         state: /jointset/elbow_r/elbow_flex_r/value, weight: 1.0
[2023-12-05 22:13:53.341] [cout] [info]         state: /jointset/radioulnar_r/pro_sup_r/value, weight: 1.0
[2023-12-05 22:13:53.341] [cout] [info]         state: /jointset/acromial_l/arm_flex_l/value, weight: 1.0
[2023-12-05 22:13:53.341] [cout] [info]         state: /jointset/acromial_l/arm_add_l/value, weight: 1.0
[2023-12-05 22:13:53.341] [cout] [info]         state: /jointset/acromial_l/arm_rot_l/value, weight: 1.0
[2023-12-05 22:13:53.341] [cout] [info]         state: /jointset/elbow_l/elbow_flex_l/value, weight: 1.0
[2023-12-05 22:13:53.341] [cout] [info]         state: /jointset/radioulnar_l/pro_sup_l/value, weight: 1.0
[2023-12-05 22:13:53.341] [cout] [info]         state: /jointset/subtalar_r/subtalar_angle_r/value, weight: 0.0
[2023-12-05 22:13:53.341] [cout] [info]         state: /jointset/mtp_r/mtp_angle_r/value, weight: 0.0
[2023-12-05 22:13:53.341] [cout] [info]         state: /jointset/subtalar_l/subtalar_angle_l/value, weight: 0.0
[2023-12-05 22:13:53.341] [cout] [info]         state: /jointset/mtp_l/mtp_angle_l/value, weight: 0.0
[2023-12-05 22:13:53.341] [cout] [info]         state: /jointset/radius_hand_r/wrist_flex_r/value, weight: 0.0
[2023-12-05 22:13:53.341] [cout] [info]         state: /jointset/radius_hand_r/wrist_dev_r/value, weight: 0.0
[2023-12-05 22:13:53.341] [cout] [info]         state: /jointset/radius_hand_l/wrist_flex_l/value, weight: 0.0
[2023-12-05 22:13:53.341] [cout] [info]         state: /jointset/radius_hand_l/wrist_dev_l/value, weight: 0.0
[2023-12-05 22:13:53.341] [cout] [info]         state: /jointset/ground_pelvis/pelvis_tilt/speed, weight: 7.5
[2023-12-05 22:13:53.341] [cout] [info]         state: /jointset/ground_pelvis/pelvis_list/speed, weight: 2.5
[2023-12-05 22:13:53.341] [cout] [info]         state: /jointset/ground_pelvis/pelvis_rotation/speed, weight: 0.5
[2023-12-05 22:13:53.341] [cout] [info]         state: /jointset/ground_pelvis/pelvis_tx/speed, weight: 0.25
[2023-12-05 22:13:53.341] [cout] [info]         state: /jointset/ground_pelvis/pelvis_ty/speed, weight: 1.0
[2023-12-05 22:13:53.341] [cout] [info]         state: /jointset/ground_pelvis/pelvis_tz/speed, weight: 0.25
[2023-12-05 22:13:53.341] [cout] [info]         state: /jointset/hip_r/hip_flexion_r/speed, weight: 0.75
[2023-12-05 22:13:53.341] [cout] [info]         state: /jointset/hip_r/hip_adduction_r/speed, weight: 0.5
[2023-12-05 22:13:53.341] [cout] [info]         state: /jointset/hip_r/hip_rotation_r/speed, weight: 0.1
[2023-12-05 22:13:53.341] [cout] [info]         state: /jointset/knee_r/knee_angle_r/speed, weight: 0.1
[2023-12-05 22:13:53.341] [cout] [info]         state: /jointset/ankle_r/ankle_angle_r/speed, weight: 0.1
[2023-12-05 22:13:53.342] [cout] [info]         state: /jointset/subtalar_r/subtalar_angle_r/speed, weight: 0.0
[2023-12-05 22:13:53.342] [cout] [info]         state: /jointset/mtp_r/mtp_angle_r/speed, weight: 0.0
[2023-12-05 22:13:53.342] [cout] [info]         state: /jointset/hip_l/hip_flexion_l/speed, weight: 0.75
[2023-12-05 22:13:53.342] [cout] [info]         state: /jointset/hip_l/hip_adduction_l/speed, weight: 0.5
[2023-12-05 22:13:53.342] [cout] [info]         state: /jointset/hip_l/hip_rotation_l/speed, weight: 0.1
[2023-12-05 22:13:53.342] [cout] [info]         state: /jointset/knee_l/knee_angle_l/speed, weight: 0.1
[2023-12-05 22:13:53.342] [cout] [info]         state: /jointset/ankle_l/ankle_angle_l/speed, weight: 0.1
[2023-12-05 22:13:53.342] [cout] [info]         state: /jointset/subtalar_l/subtalar_angle_l/speed, weight: 0.0
[2023-12-05 22:13:53.342] [cout] [info]         state: /jointset/mtp_l/mtp_angle_l/speed, weight: 0.0
[2023-12-05 22:13:53.342] [cout] [info]         state: /jointset/back/lumbar_extension/speed, weight: 0.75
[2023-12-05 22:13:53.342] [cout] [info]         state: /jointset/back/lumbar_bending/speed, weight: 0.5
[2023-12-05 22:13:53.342] [cout] [info]         state: /jointset/back/lumbar_rotation/speed, weight: 0.25
[2023-12-05 22:13:53.342] [cout] [info]         state: /jointset/acromial_r/arm_flex_r/speed, weight: 0.01
[2023-12-05 22:13:53.342] [cout] [info]         state: /jointset/acromial_r/arm_add_r/speed, weight: 0.01
[2023-12-05 22:13:53.342] [cout] [info]         state: /jointset/acromial_r/arm_rot_r/speed, weight: 0.01
[2023-12-05 22:13:53.342] [cout] [info]         state: /jointset/elbow_r/elbow_flex_r/speed, weight: 0.01
[2023-12-05 22:13:53.342] [cout] [info]         state: /jointset/radioulnar_r/pro_sup_r/speed, weight: 0.01
[2023-12-05 22:13:53.342] [cout] [info]         state: /jointset/radius_hand_r/wrist_flex_r/speed, weight: 0.0
[2023-12-05 22:13:53.342] [cout] [info]         state: /jointset/radius_hand_r/wrist_dev_r/speed, weight: 0.0
[2023-12-05 22:13:53.342] [cout] [info]         state: /jointset/acromial_l/arm_flex_l/speed, weight: 0.01
[2023-12-05 22:13:53.342] [cout] [info]         state: /jointset/acromial_l/arm_add_l/speed, weight: 0.01
[2023-12-05 22:13:53.342] [cout] [info]         state: /jointset/acromial_l/arm_rot_l/speed, weight: 0.01
[2023-12-05 22:13:53.342] [cout] [info]         state: /jointset/elbow_l/elbow_flex_l/speed, weight: 0.01
[2023-12-05 22:13:53.342] [cout] [info]         state: /jointset/radioulnar_l/pro_sup_l/speed, weight: 0.01
[2023-12-05 22:13:53.342] [cout] [info]         state: /jointset/radius_hand_l/wrist_flex_l/speed, weight: 0.0
[2023-12-05 22:13:53.342] [cout] [info]         state: /jointset/radius_hand_l/wrist_dev_l/speed, weight: 0.0
[2023-12-05 22:13:53.342] [cout] [info]   control_effort. MocoControlGoal, enabled: true, mode: cost, weight: 0.00100000
[2023-12-05 22:13:53.342] [cout] [info]         control: /forceset/pelvis_tx_actuator, weight: 1.0
[2023-12-05 22:13:53.342] [cout] [info]         control: /forceset/pelvis_ty_actuator, weight: 1.0
[2023-12-05 22:13:53.342] [cout] [info]         control: /forceset/pelvis_tz_actuator, weight: 1.0
[2023-12-05 22:13:53.342] [cout] [info]         control: /forceset/pelvis_tilt_actuator, weight: 1.0
[2023-12-05 22:13:53.342] [cout] [info]         control: /forceset/pelvis_list_actuator, weight: 1.0
[2023-12-05 22:13:53.342] [cout] [info]         control: /forceset/pelvis_rotation_actuator, weight: 1.0
[2023-12-05 22:13:53.342] [cout] [info]         control: /forceset/hip_flexion_r_actuator, weight: 1.0
[2023-12-05 22:13:53.342] [cout] [info]         control: /forceset/hip_adduction_r_actuator, weight: 1.0
[2023-12-05 22:13:53.342] [cout] [info]         control: /forceset/hip_rotation_r_actuator, weight: 1.0
[2023-12-05 22:13:53.342] [cout] [info]         control: /forceset/knee_angle_r_actuator, weight: 1.0
[2023-12-05 22:13:53.342] [cout] [info]         control: /forceset/ankle_angle_r_actuator, weight: 1.0
[2023-12-05 22:13:53.342] [cout] [info]         control: /forceset/hip_flexion_l_actuator, weight: 1.0
[2023-12-05 22:13:53.342] [cout] [info]         control: /forceset/hip_adduction_l_actuator, weight: 1.0
[2023-12-05 22:13:53.342] [cout] [info]         control: /forceset/hip_rotation_l_actuator, weight: 1.0
[2023-12-05 22:13:53.342] [cout] [info]         control: /forceset/knee_angle_l_actuator, weight: 1.0
[2023-12-05 22:13:53.342] [cout] [info]         control: /forceset/ankle_angle_l_actuator, weight: 1.0
[2023-12-05 22:13:53.342] [cout] [info]         control: /forceset/lumbar_extension_actuator, weight: 1.0
[2023-12-05 22:13:53.342] [cout] [info]         control: /forceset/lumbar_bending_actuator, weight: 1.0
[2023-12-05 22:13:53.342] [cout] [info]         control: /forceset/lumbar_rotation_actuator, weight: 1.0
[2023-12-05 22:13:53.342] [cout] [info]         control: /forceset/arm_flex_r_actuator, weight: 1.0
[2023-12-05 22:13:53.342] [cout] [info]         control: /forceset/arm_add_r_actuator, weight: 1.0
[2023-12-05 22:13:53.342] [cout] [info]         control: /forceset/arm_rot_r_actuator, weight: 1.0
[2023-12-05 22:13:53.342] [cout] [info]         control: /forceset/elbow_flex_r_actuator, weight: 1.0
[2023-12-05 22:13:53.342] [cout] [info]         control: /forceset/pro_sup_r_actuator, weight: 1.0
[2023-12-05 22:13:53.342] [cout] [info]         control: /forceset/arm_flex_l_actuator, weight: 1.0
[2023-12-05 22:13:53.342] [cout] [info]         control: /forceset/arm_add_l_actuator, weight: 1.0
[2023-12-05 22:13:53.342] [cout] [info]         control: /forceset/arm_rot_l_actuator, weight: 1.0
[2023-12-05 22:13:53.342] [cout] [info]         control: /forceset/elbow_flex_l_actuator, weight: 1.0
[2023-12-05 22:13:53.342] [cout] [info]         control: /forceset/pro_sup_l_actuator, weight: 1.0
[2023-12-05 22:13:53.342] [cout] [info] Endpoint constraints: none
[2023-12-05 22:13:53.342] [cout] [info] Kinematic constraints: (total: 8)
[2023-12-05 22:13:53.342] [cout] [info]   kinematic_constraint_cid27. MocoConstraintInfo. number of scalar equations: 3. bounds: 0, 0, 0
[2023-12-05 22:13:53.342] [cout] [info]   kinematic_constraint_cid28. MocoConstraintInfo. number of scalar equations: 3. bounds: 0, 0, 0
[2023-12-05 22:13:53.342] [cout] [info]   kinematic_constraint_cid31. MocoConstraintInfo. number of scalar equations: 3. bounds: 0, 0, 0
[2023-12-05 22:13:53.342] [cout] [info]   kinematic_constraint_cid32. MocoConstraintInfo. number of scalar equations: 3. bounds: 0, 0, 0
[2023-12-05 22:13:53.342] [cout] [info]   kinematic_constraint_cid33. MocoConstraintInfo. number of scalar equations: 3. bounds: 0, 0, 0
[2023-12-05 22:13:53.342] [cout] [info]   kinematic_constraint_cid34. MocoConstraintInfo. number of scalar equations: 3. bounds: 0, 0, 0
[2023-12-05 22:13:53.342] [cout] [info]   kinematic_constraint_cid35. MocoConstraintInfo. number of scalar equations: 3. bounds: 0, 0, 0
[2023-12-05 22:13:53.342] [cout] [info]   kinematic_constraint_cid36. MocoConstraintInfo. number of scalar equations: 3. bounds: 0, 0, 0
[2023-12-05 22:13:53.342] [cout] [info] Path constraints: none
[2023-12-05 22:13:53.342] [cout] [info] States: (total: 74)
[2023-12-05 22:13:53.342] [cout] [info]   /jointset/ground_pelvis/pelvis_tilt/value. bounds: [-0.332297, 0.183641]
[2023-12-05 22:13:53.342] [cout] [info]   /jointset/ground_pelvis/pelvis_list/value. bounds: [-0.378549, 0.414465]
[2023-12-05 22:13:53.342] [cout] [info]   /jointset/radioulnar_r/pro_sup_r/value. bounds: [1.79451, 2.2623]
[2023-12-05 22:13:53.342] [cout] [info]   /jointset/ground_pelvis/pelvis_rotation/value. bounds: [-0.425581, 0.323848]
[2023-12-05 22:13:53.342] [cout] [info]   /jointset/ground_pelvis/pelvis_tx/value. bounds: [0.702212, 1.19371]
[2023-12-05 22:13:53.342] [cout] [info]   /jointset/elbow_r/elbow_flex_r/value. bounds: [1.34654, 2.71191]
[2023-12-05 22:13:53.342] [cout] [info]   /jointset/ground_pelvis/pelvis_ty/value. bounds: [0.890273, 1.18359]
[2023-12-05 22:13:53.343] [cout] [info]   /jointset/radius_hand_l/wrist_flex_l/speed. bounds: [-50, 50]
[2023-12-05 22:13:53.343] [cout] [info]   /jointset/ground_pelvis/pelvis_tz/value. bounds: [-0.856438, -0.40745]
[2023-12-05 22:13:53.343] [cout] [info]   /jointset/hip_r/hip_adduction_r/speed. bounds: [-50, 50]
[2023-12-05 22:13:53.343] [cout] [info]   /jointset/ankle_r/ankle_angle_r/value. bounds: [-0.473968, 0.708057]
[2023-12-05 22:13:53.343] [cout] [info]   /jointset/hip_r/hip_flexion_r/value. bounds: [-0.586066, 1.13322]
[2023-12-05 22:13:53.343] [cout] [info]   /jointset/hip_r/hip_adduction_r/value. bounds: [-0.286853, 0.468986]
[2023-12-05 22:13:53.343] [cout] [info]   /jointset/back/lumbar_rotation/speed. bounds: [-50, 50]
[2023-12-05 22:13:53.343] [cout] [info]   /jointset/hip_r/hip_rotation_r/value. bounds: [-0.255371, 0.315371]
[2023-12-05 22:13:53.343] [cout] [info]   /jointset/mtp_l/mtp_angle_l/speed. bounds: [-50, 50]
[2023-12-05 22:13:53.343] [cout] [info]   /jointset/knee_r/knee_angle_r/value. bounds: [-2.58296, 0.079382]
[2023-12-05 22:13:53.343] [cout] [info]   /jointset/subtalar_r/subtalar_angle_r/value. bounds: [-1.5708, 1.5708]
[2023-12-05 22:13:53.343] [cout] [info]   /jointset/hip_l/hip_flexion_l/value. bounds: [-0.587736, 1.17099]
[2023-12-05 22:13:53.343] [cout] [info]   /jointset/hip_l/hip_adduction_l/value. bounds: [-0.323702, 0.44638]
[2023-12-05 22:13:53.343] [cout] [info]   /jointset/hip_l/hip_rotation_l/value. bounds: [-0.335209, 0.170201]
[2023-12-05 22:13:53.343] [cout] [info]   /jointset/knee_l/knee_angle_l/value. bounds: [-2.54268, 0.0597043]
[2023-12-05 22:13:53.343] [cout] [info]   /jointset/knee_r/knee_angle_r/speed. bounds: [-50, 50]
[2023-12-05 22:13:53.343] [cout] [info]   /jointset/ankle_l/ankle_angle_l/value. bounds: [-0.496713, 0.710342]
[2023-12-05 22:13:53.343] [cout] [info]   /jointset/back/lumbar_extension/value. bounds: [-0.610951, 0.148749]
[2023-12-05 22:13:53.343] [cout] [info]   /jointset/back/lumbar_bending/value. bounds: [-0.413158, 0.330632]
[2023-12-05 22:13:53.343] [cout] [info]   /jointset/back/lumbar_rotation/value. bounds: [-0.532661, 0.529446]
[2023-12-05 22:13:53.343] [cout] [info]   /jointset/acromial_r/arm_flex_r/value. bounds: [-1.10749, 0.177483]
[2023-12-05 22:13:53.343] [cout] [info]   /jointset/acromial_r/arm_add_r/value. bounds: [-0.753774, -0.217973]
[2023-12-05 22:13:53.343] [cout] [info]   /jointset/acromial_r/arm_rot_r/value. bounds: [-0.408804, 0.248071]
[2023-12-05 22:13:53.343] [cout] [info]   /jointset/acromial_l/arm_flex_l/value. bounds: [-0.876156, 0.13329]
[2023-12-05 22:13:53.343] [cout] [info]   /jointset/acromial_l/arm_add_l/value. bounds: [-0.701131, -0.212463]
[2023-12-05 22:13:53.343] [cout] [info]   /jointset/acromial_l/arm_rot_l/value. bounds: [-0.13417, 0.415957]
[2023-12-05 22:13:53.343] [cout] [info]   /jointset/elbow_l/elbow_flex_l/value. bounds: [1.49381, 2.6065]
[2023-12-05 22:13:53.343] [cout] [info]   /jointset/radioulnar_l/pro_sup_l/value. bounds: [1.48651, 1.96934]
[2023-12-05 22:13:53.343] [cout] [info]   /jointset/ground_pelvis/pelvis_tilt/speed. bounds: [-50, 50]
[2023-12-05 22:13:53.343] [cout] [info]   /jointset/ground_pelvis/pelvis_list/speed. bounds: [-50, 50]
[2023-12-05 22:13:53.343] [cout] [info]   /jointset/radioulnar_r/pro_sup_r/speed. bounds: [-50, 50]
[2023-12-05 22:13:53.343] [cout] [info]   /jointset/ground_pelvis/pelvis_rotation/speed. bounds: [-50, 50]
[2023-12-05 22:13:53.343] [cout] [info]   /jointset/ground_pelvis/pelvis_tx/speed. bounds: [-50, 50]
[2023-12-05 22:13:53.343] [cout] [info]   /jointset/elbow_r/elbow_flex_r/speed. bounds: [-50, 50]
[2023-12-05 22:13:53.343] [cout] [info]   /jointset/ground_pelvis/pelvis_ty/speed. bounds: [-50, 50]
[2023-12-05 22:13:53.343] [cout] [info]   /jointset/ground_pelvis/pelvis_tz/speed. bounds: [-50, 50]
[2023-12-05 22:13:53.343] [cout] [info]   /jointset/ankle_r/ankle_angle_r/speed. bounds: [-50, 50]
[2023-12-05 22:13:53.343] [cout] [info]   /jointset/hip_r/hip_flexion_r/speed. bounds: [-50, 50]
[2023-12-05 22:13:53.343] [cout] [info]   /jointset/hip_r/hip_rotation_r/speed. bounds: [-50, 50]
[2023-12-05 22:13:53.343] [cout] [info]   /jointset/hip_l/hip_flexion_l/speed. bounds: [-50, 50]
[2023-12-05 22:13:53.343] [cout] [info]   /jointset/subtalar_r/subtalar_angle_r/speed. bounds: [-50, 50]
[2023-12-05 22:13:53.343] [cout] [info]   /jointset/mtp_r/mtp_angle_r/value. bounds: [-1.5708, 1.5708]
[2023-12-05 22:13:53.343] [cout] [info]   /jointset/mtp_r/mtp_angle_r/speed. bounds: [-50, 50]
[2023-12-05 22:13:53.343] [cout] [info]   /jointset/hip_l/hip_adduction_l/speed. bounds: [-50, 50]
[2023-12-05 22:13:53.343] [cout] [info]   /jointset/hip_l/hip_rotation_l/speed. bounds: [-50, 50]
[2023-12-05 22:13:53.343] [cout] [info]   /jointset/knee_l/knee_angle_l/speed. bounds: [-50, 50]
[2023-12-05 22:13:53.343] [cout] [info]   /jointset/ankle_l/ankle_angle_l/speed. bounds: [-50, 50]
[2023-12-05 22:13:53.343] [cout] [info]   /jointset/subtalar_l/subtalar_angle_l/value. bounds: [-1.5708, 1.5708]
[2023-12-05 22:13:53.343] [cout] [info]   /jointset/subtalar_l/subtalar_angle_l/speed. bounds: [-50, 50]
[2023-12-05 22:13:53.343] [cout] [info]   /jointset/mtp_l/mtp_angle_l/value. bounds: [-1.0472, 1.0472]
[2023-12-05 22:13:53.343] [cout] [info]   /jointset/back/lumbar_extension/speed. bounds: [-50, 50]
[2023-12-05 22:13:53.343] [cout] [info]   /jointset/back/lumbar_bending/speed. bounds: [-50, 50]
[2023-12-05 22:13:53.343] [cout] [info]   /jointset/acromial_r/arm_flex_r/speed. bounds: [-50, 50]
[2023-12-05 22:13:53.343] [cout] [info]   /jointset/acromial_r/arm_add_r/speed. bounds: [-50, 50]
[2023-12-05 22:13:53.343] [cout] [info]   /jointset/acromial_r/arm_rot_r/speed. bounds: [-50, 50]
[2023-12-05 22:13:53.343] [cout] [info]   /jointset/radius_hand_r/wrist_flex_r/value. bounds: [-1.22173, 1.22173]
[2023-12-05 22:13:53.343] [cout] [info]   /jointset/radius_hand_r/wrist_flex_r/speed. bounds: [-50, 50]
[2023-12-05 22:13:53.343] [cout] [info]   /jointset/radius_hand_r/wrist_dev_r/value. bounds: [-0.436332, 0.610865]
[2023-12-05 22:13:53.343] [cout] [info]   /jointset/radius_hand_r/wrist_dev_r/speed. bounds: [-50, 50]
[2023-12-05 22:13:53.343] [cout] [info]   /jointset/acromial_l/arm_flex_l/speed. bounds: [-50, 50]
[2023-12-05 22:13:53.343] [cout] [info]   /jointset/acromial_l/arm_add_l/speed. bounds: [-50, 50]
[2023-12-05 22:13:53.343] [cout] [info]   /jointset/acromial_l/arm_rot_l/speed. bounds: [-50, 50]
[2023-12-05 22:13:53.343] [cout] [info]   /jointset/elbow_l/elbow_flex_l/speed. bounds: [-50, 50]
[2023-12-05 22:13:53.343] [cout] [info]   /jointset/radioulnar_l/pro_sup_l/speed. bounds: [-50, 50]
[2023-12-05 22:13:53.343] [cout] [info]   /jointset/radius_hand_l/wrist_flex_l/value. bounds: [-1.22173, 1.22173]
[2023-12-05 22:13:53.343] [cout] [info]   /jointset/radius_hand_l/wrist_dev_l/value. bounds: [-0.436332, 0.610865]
[2023-12-05 22:13:53.343] [cout] [info]   /jointset/radius_hand_l/wrist_dev_l/speed. bounds: [-50, 50]
[2023-12-05 22:13:53.344] [cout] [info] Controls: (total: 29)
[2023-12-05 22:13:53.344] [cout] [info]   /forceset/pelvis_tx_actuator. bounds: [-10000, 10000]
[2023-12-05 22:13:53.344] [cout] [info]   /forceset/pelvis_ty_actuator. bounds: [-10000, 10000]
[2023-12-05 22:13:53.344] [cout] [info]   /forceset/pelvis_tz_actuator. bounds: [-10000, 10000]
[2023-12-05 22:13:53.344] [cout] [info]   /forceset/arm_flex_r_actuator. bounds: [-1, 1]
[2023-12-05 22:13:53.344] [cout] [info]   /forceset/hip_rotation_r_actuator. bounds: [-1, 1]
[2023-12-05 22:13:53.344] [cout] [info]   /forceset/pelvis_tilt_actuator. bounds: [-10000, 10000]
[2023-12-05 22:13:53.344] [cout] [info]   /forceset/pelvis_list_actuator. bounds: [-10000, 10000]
[2023-12-05 22:13:53.344] [cout] [info]   /forceset/pelvis_rotation_actuator. bounds: [-10000, 10000]
[2023-12-05 22:13:53.344] [cout] [info]   /forceset/elbow_flex_l_actuator. bounds: [-1, 1]
[2023-12-05 22:13:53.344] [cout] [info]   /forceset/hip_adduction_l_actuator. bounds: [-1, 1]
[2023-12-05 22:13:53.344] [cout] [info]   /forceset/hip_flexion_r_actuator. bounds: [-1, 1]
[2023-12-05 22:13:53.344] [cout] [info]   /forceset/elbow_flex_r_actuator. bounds: [-1, 1]
[2023-12-05 22:13:53.344] [cout] [info]   /forceset/hip_flexion_l_actuator. bounds: [-1, 1]
[2023-12-05 22:13:53.344] [cout] [info]   /forceset/hip_adduction_r_actuator. bounds: [-1, 1]
[2023-12-05 22:13:53.344] [cout] [info]   /forceset/knee_angle_r_actuator. bounds: [-1, 1]
[2023-12-05 22:13:53.344] [cout] [info]   /forceset/lumbar_rotation_actuator. bounds: [-1, 1]
[2023-12-05 22:13:53.344] [cout] [info]   /forceset/ankle_angle_r_actuator. bounds: [-1, 1]
[2023-12-05 22:13:53.344] [cout] [info]   /forceset/arm_flex_l_actuator. bounds: [-1, 1]
[2023-12-05 22:13:53.344] [cout] [info]   /forceset/hip_rotation_l_actuator. bounds: [-1, 1]
[2023-12-05 22:13:53.344] [cout] [info]   /forceset/knee_angle_l_actuator. bounds: [-1, 1]
[2023-12-05 22:13:53.344] [cout] [info]   /forceset/ankle_angle_l_actuator. bounds: [-1, 1]
[2023-12-05 22:13:53.344] [cout] [info]   /forceset/lumbar_extension_actuator. bounds: [-1, 1]
[2023-12-05 22:13:53.344] [cout] [info]   /forceset/lumbar_bending_actuator. bounds: [-1, 1]
[2023-12-05 22:13:53.344] [cout] [info]   /forceset/arm_add_r_actuator. bounds: [-1, 1]
[2023-12-05 22:13:53.344] [cout] [info]   /forceset/arm_rot_r_actuator. bounds: [-1, 1]
[2023-12-05 22:13:53.344] [cout] [info]   /forceset/pro_sup_r_actuator. bounds: [-1, 1]
[2023-12-05 22:13:53.344] [cout] [info]   /forceset/arm_add_l_actuator. bounds: [-1, 1]
[2023-12-05 22:13:53.344] [cout] [info]   /forceset/arm_rot_l_actuator. bounds: [-1, 1]
[2023-12-05 22:13:53.344] [cout] [info]   /forceset/pro_sup_l_actuator. bounds: [-1, 1]
[2023-12-05 22:13:53.344] [cout] [info] Parameters: none
[2023-12-05 22:13:53.395] [info] ExternalForce::externalforce Data source being set to Run_500 02_newCOP3_v24.mot
[2023-12-05 22:13:53.395] [info] ExternalForce::externalforce_0 Data source being set to Run_500 02_newCOP3_v24.mot
[2023-12-05 22:13:53.447] [info] ExternalForce::externalforce Data source being set to Run_500 02_newCOP3_v24.mot
[2023-12-05 22:13:53.447] [info] ExternalForce::externalforce_0 Data source being set to Run_500 02_newCOP3_v24.mot
[2023-12-05 22:13:53.511] [info] ExternalForce::externalforce Data source being set to Run_500 02_newCOP3_v24.mot
[2023-12-05 22:13:53.511] [info] ExternalForce::externalforce_0 Data source being set to Run_500 02_newCOP3_v24.mot
[2023-12-05 22:13:53.565] [info] ExternalForce::externalforce Data source being set to Run_500 02_newCOP3_v24.mot
[2023-12-05 22:13:53.565] [info] ExternalForce::externalforce_0 Data source being set to Run_500 02_newCOP3_v24.mot
[2023-12-05 22:13:53.628] [info] ExternalForce::externalforce Data source being set to Run_500 02_newCOP3_v24.mot
[2023-12-05 22:13:53.628] [info] ExternalForce::externalforce_0 Data source being set to Run_500 02_newCOP3_v24.mot
[2023-12-05 22:13:53.686] [info] ExternalForce::externalforce Data source being set to Run_500 02_newCOP3_v24.mot
[2023-12-05 22:13:53.686] [info] ExternalForce::externalforce_0 Data source being set to Run_500 02_newCOP3_v24.mot
[2023-12-05 22:13:53.751] [info] ExternalForce::externalforce Data source being set to Run_500 02_newCOP3_v24.mot
[2023-12-05 22:13:53.751] [info] ExternalForce::externalforce_0 Data source being set to Run_500 02_newCOP3_v24.mot
[2023-12-05 22:13:53.806] [info] ExternalForce::externalforce Data source being set to Run_500 02_newCOP3_v24.mot
[2023-12-05 22:13:53.806] [info] ExternalForce::externalforce_0 Data source being set to Run_500 02_newCOP3_v24.mot
[2023-12-05 22:13:53.879] [info] ExternalForce::externalforce Data source being set to Run_500 02_newCOP3_v24.mot
[2023-12-05 22:13:53.879] [info] ExternalForce::externalforce_0 Data source being set to Run_500 02_newCOP3_v24.mot
[2023-12-05 22:13:53.931] [info] ExternalForce::externalforce Data source being set to Run_500 02_newCOP3_v24.mot
[2023-12-05 22:13:53.931] [info] ExternalForce::externalforce_0 Data source being set to Run_500 02_newCOP3_v24.mot
[2023-12-05 22:13:53.994] [info] ExternalForce::externalforce Data source being set to Run_500 02_newCOP3_v24.mot
[2023-12-05 22:13:53.994] [info] ExternalForce::externalforce_0 Data source being set to Run_500 02_newCOP3_v24.mot
[2023-12-05 22:13:54.049] [info] ExternalForce::externalforce Data source being set to Run_500 02_newCOP3_v24.mot
[2023-12-05 22:13:54.049] [info] ExternalForce::externalforce_0 Data source being set to Run_500 02_newCOP3_v24.mot
[2023-12-05 22:13:54.112] [info] ExternalForce::externalforce Data source being set to Run_500 02_newCOP3_v24.mot
[2023-12-05 22:13:54.112] [info] ExternalForce::externalforce_0 Data source being set to Run_500 02_newCOP3_v24.mot
[2023-12-05 22:13:54.166] [info] ExternalForce::externalforce Data source being set to Run_500 02_newCOP3_v24.mot
[2023-12-05 22:13:54.166] [info] ExternalForce::externalforce_0 Data source being set to Run_500 02_newCOP3_v24.mot
[2023-12-05 22:13:54.230] [info] ExternalForce::externalforce Data source being set to Run_500 02_newCOP3_v24.mot
[2023-12-05 22:13:54.230] [info] ExternalForce::externalforce_0 Data source being set to Run_500 02_newCOP3_v24.mot
[2023-12-05 22:13:54.283] [info] ExternalForce::externalforce Data source being set to Run_500 02_newCOP3_v24.mot
[2023-12-05 22:13:54.283] [info] ExternalForce::externalforce_0 Data source being set to Run_500 02_newCOP3_v24.mot
[2023-12-05 22:13:54.300] [info] Number of threads: 8
[2023-12-05 22:39:39.273] [info] Set log level to Info.
[2023-12-05 22:39:39.288] [info] ------------------------------------------------------------------------
[2023-12-05 22:39:39.289] [info] Elapsed real time: 1546 second(s) (25 minute(s), 46 second(s)).
[2023-12-05 22:39:39.289] [info] Tue Dec  5 22:39:39 2023
[2023-12-05 22:39:39.289] [info] MocoCasADiSolver succeeded!
[2023-12-05 22:39:39.289] [info] ========================================================================
