[2023-08-15 22:24:33.620] [info] AbstractTool subject11_run5_cycle1 loading model ..\..\model\subject11_adjusted_scaled.osim
[2023-08-15 22:24:33.669] [info] Loaded model subject11_scaled from file ..\..\model\subject11_adjusted_scaled.osim
[2023-08-15 22:24:33.714] [info] Adding force object set from subject11_run5_RRA_Actuators.xml
[2023-08-15 22:24:33.736] [info] Running tool subject11_run5_cycle1.
[2023-08-15 22:24:33.768] [warning] ExternalLoads 'externalloads' has subcomponents with duplicate name 'externalforce'. The duplicate is being renamed to 'externalforce_0'.
[2023-08-15 22:24:33.791] [info] 	taskSet size = 29.
[2023-08-15 22:24:33.918] [info] ExternalForce::externalforce Data source being set to Run_500 02_newCOP3_v24.mot
[2023-08-15 22:24:33.918] [info] ExternalForce::externalforce_0 Data source being set to Run_500 02_newCOP3_v24.mot
[2023-08-15 22:24:33.928] [warning] A desired points file was not specified.
[2023-08-15 22:24:33.928] [info] Loading desired kinematics from file '..\..\ik\Run_5.mot'...
[2023-08-15 22:24:33.941] [info] Old version storage/motion file encountered
[2023-08-15 22:24:33.941] [info] Storage: read data file = ..\..\ik\Run_5.mot (nr=499 nc=164)
[2023-08-15 22:24:33.941] [info] .. assuming rotations in Degrees..
[2023-08-15 22:24:34.020] [info] Low-pass filtering desired kinematics with a cutoff frequency of 15.0...
[2023-08-15 22:24:34.253] [cout] [info] MODEL: subject11_scaled

numStates = 74
numCoordinates = 37
numSpeeds = 37
numActuators = 29
numBodies = 20
numConstraints = 0
numProbes = 0

ANALYSES (total: 0)

BODIES (total: 20)
body[0] = pelvis. mass: 10.8666
              moments of inertia:  ~[0.102664,0.102664,0.0553689]
              products of inertia: ~[0,0,0]
body[1] = femur_r. mass: 8.58239
              moments of inertia:  ~[0.146581,0.0384242,0.154572]
              products of inertia: ~[0,0,0]
body[2] = tibia_r. mass: 3.42091
              moments of inertia:  ~[0.0517688,0.00523851,0.0524878]
              products of inertia: ~[0,0,0]
body[3] = talus_r. mass: 0.0922699
              moments of inertia:  ~[0.00101755,0.00101755,0.00101755]
              products of inertia: ~[0,0,0]
body[4] = calcn_r. mass: 1.15337
              moments of inertia:  ~[0.00142456,0.00396843,0.00417194]
              products of inertia: ~[0,0,0]
body[5] = toes_r. mass: 0.199857
              moments of inertia:  ~[0.000101755,0.000203509,0.00101755]
              products of inertia: ~[0,0,0]
body[6] = femur_l. mass: 8.58239
              moments of inertia:  ~[0.146581,0.0384242,0.154572]
              products of inertia: ~[0,0,0]
body[7] = tibia_l. mass: 3.42091
              moments of inertia:  ~[0.0515932,0.00488727,0.0515932]
              products of inertia: ~[0,0,0]
body[8] = talus_l. mass: 0.0922699
              moments of inertia:  ~[0.00101755,0.00101755,0.00101755]
              products of inertia: ~[0,0,0]
body[9] = calcn_l. mass: 1.15337
              moments of inertia:  ~[0.00142456,0.00396843,0.00417194]
              products of inertia: ~[0,0,0]
body[10] = toes_l. mass: 0.199857
              moments of inertia:  ~[0.000101755,0.000203509,0.00101755]
              products of inertia: ~[0,0,0]
body[11] = torso. mass: 24.7529
              moments of inertia:  ~[1.3655,0.69965,1.32558]
              products of inertia: ~[0,0,0]
body[12] = humerus_r. mass: 1.87538
              moments of inertia:  ~[0.0119378,0.00411816,0.0133998]
              products of inertia: ~[0,0,0]
body[13] = ulna_r. mass: 0.560539
              moments of inertia:  ~[0.00286409,0.000597571,0.00310679]
              products of inertia: ~[0,0,0]
body[14] = radius_r. mass: 0.560539
              moments of inertia:  ~[0.00286409,0.000597571,0.00310679]
              products of inertia: ~[0,0,0]
body[15] = hand_r. mass: 0.422135
              moments of inertia:  ~[0.000862513,0.000528918,0.0012957]
              products of inertia: ~[0,0,0]
body[16] = humerus_l. mass: 1.87538
              moments of inertia:  ~[0.0119378,0.00411816,0.0133998]
              products of inertia: ~[0,0,0]
body[17] = ulna_l. mass: 0.560539
              moments of inertia:  ~[0.00286409,0.000597571,0.00310679]
              products of inertia: ~[0,0,0]
body[18] = radius_l. mass: 0.560539
              moments of inertia:  ~[0.00286409,0.000597571,0.00310679]
              products of inertia: ~[0,0,0]
body[19] = hand_l. mass: 0.422135
              moments of inertia:  ~[0.000862513,0.000528918,0.0012957]
              products of inertia: ~[0,0,0]

JOINTS (total: 20)
joint[0] = ground_pelvis. parent: ground_offset, child: pelvis_offset
joint[1] = hip_r. parent: pelvis_offset, child: femur_r_offset
joint[2] = knee_r. parent: femur_r_offset, child: tibia_r_offset
joint[3] = ankle_r. parent: tibia_r_offset, child: talus_r_offset
joint[4] = subtalar_r. parent: talus_r_offset, child: calcn_r_offset
joint[5] = mtp_r. parent: calcn_r_offset, child: toes_r_offset
joint[6] = hip_l. parent: pelvis_offset, child: femur_l_offset
joint[7] = knee_l. parent: femur_l_offset, child: tibia_l_offset
joint[8] = ankle_l. parent: tibia_l_offset, child: talus_l_offset
joint[9] = subtalar_l. parent: talus_l_offset, child: calcn_l_offset
joint[10] = mtp_l. parent: calcn_l_offset, child: toes_l_offset
joint[11] = back. parent: pelvis_offset, child: torso_offset
joint[12] = acromial_r. parent: torso_offset, child: humerus_r_offset
joint[13] = elbow_r. parent: humerus_r_offset, child: ulna_r_offset
joint[14] = radioulnar_r. parent: ulna_r_offset, child: radius_r_offset
joint[15] = radius_hand_r. parent: radius_r_offset, child: hand_r_offset
joint[16] = acromial_l. parent: torso_offset, child: humerus_l_offset
joint[17] = elbow_l. parent: humerus_l_offset, child: ulna_l_offset
joint[18] = radioulnar_l. parent: ulna_l_offset, child: radius_l_offset
joint[19] = radius_hand_l. parent: radius_l_offset, child: hand_l_offset

ACTUATORS (total: 29)
actuator[0] = FX
actuator[1] = FY
actuator[2] = FZ
actuator[3] = MZ
actuator[4] = MX
actuator[5] = MY
actuator[6] = hip_flexion_r
actuator[7] = hip_adduction_r
actuator[8] = hip_rotation_r
actuator[9] = knee_angle_r
actuator[10] = ankle_angle_r
actuator[11] = hip_flexion_l
actuator[12] = hip_adduction_l
actuator[13] = hip_rotation_l
actuator[14] = knee_angle_l
actuator[15] = ankle_angle_l
actuator[16] = lumbar_extension
actuator[17] = lumbar_bending
actuator[18] = lumbar_rotation
actuator[19] = arm_flex_r
actuator[20] = arm_add_r
actuator[21] = arm_rot_r
actuator[22] = elbow_flex_r
actuator[23] = pro_sup_r
actuator[24] = arm_flex_l
actuator[25] = arm_add_l
actuator[26] = arm_rot_l
actuator[27] = elbow_flex_l
actuator[28] = pro_sup_l

STATES (total: 74)
y[0] = /jointset/ground_pelvis/pelvis_tilt/value
y[1] = /jointset/ground_pelvis/pelvis_tilt/speed
y[2] = /jointset/ground_pelvis/pelvis_list/value
y[3] = /jointset/ground_pelvis/pelvis_list/speed
y[4] = /jointset/ground_pelvis/pelvis_rotation/value
y[5] = /jointset/ground_pelvis/pelvis_rotation/speed
y[6] = /jointset/ground_pelvis/pelvis_tx/value
y[7] = /jointset/ground_pelvis/pelvis_tx/speed
y[8] = /jointset/ground_pelvis/pelvis_ty/value
y[9] = /jointset/ground_pelvis/pelvis_ty/speed
y[10] = /jointset/ground_pelvis/pelvis_tz/value
y[11] = /jointset/ground_pelvis/pelvis_tz/speed
y[12] = /jointset/hip_r/hip_flexion_r/value
y[13] = /jointset/hip_r/hip_flexion_r/speed
y[14] = /jointset/hip_r/hip_adduction_r/value
y[15] = /jointset/hip_r/hip_adduction_r/speed
y[16] = /jointset/hip_r/hip_rotation_r/value
y[17] = /jointset/hip_r/hip_rotation_r/speed
y[18] = /jointset/knee_r/knee_angle_r/value
y[19] = /jointset/knee_r/knee_angle_r/speed
y[20] = /jointset/ankle_r/ankle_angle_r/value
y[21] = /jointset/ankle_r/ankle_angle_r/speed
y[22] = /jointset/subtalar_r/subtalar_angle_r/value
y[23] = /jointset/subtalar_r/subtalar_angle_r/speed
y[24] = /jointset/mtp_r/mtp_angle_r/value
y[25] = /jointset/mtp_r/mtp_angle_r/speed
y[26] = /jointset/hip_l/hip_flexion_l/value
y[27] = /jointset/hip_l/hip_flexion_l/speed
y[28] = /jointset/hip_l/hip_adduction_l/value
y[29] = /jointset/hip_l/hip_adduction_l/speed
y[30] = /jointset/hip_l/hip_rotation_l/value
y[31] = /jointset/hip_l/hip_rotation_l/speed
y[32] = /jointset/knee_l/knee_angle_l/value
y[33] = /jointset/knee_l/knee_angle_l/speed
y[34] = /jointset/ankle_l/ankle_angle_l/value
y[35] = /jointset/ankle_l/ankle_angle_l/speed
y[36] = /jointset/subtalar_l/subtalar_angle_l/value
y[37] = /jointset/subtalar_l/subtalar_angle_l/speed
y[38] = /jointset/mtp_l/mtp_angle_l/value
y[39] = /jointset/mtp_l/mtp_angle_l/speed
y[40] = /jointset/back/lumbar_extension/value
y[41] = /jointset/back/lumbar_extension/speed
y[42] = /jointset/back/lumbar_bending/value
y[43] = /jointset/back/lumbar_bending/speed
y[44] = /jointset/back/lumbar_rotation/value
y[45] = /jointset/back/lumbar_rotation/speed
y[46] = /jointset/acromial_r/arm_flex_r/value
y[47] = /jointset/acromial_r/arm_flex_r/speed
y[48] = /jointset/acromial_r/arm_add_r/value
y[49] = /jointset/acromial_r/arm_add_r/speed
y[50] = /jointset/acromial_r/arm_rot_r/value
y[51] = /jointset/acromial_r/arm_rot_r/speed
y[52] = /jointset/elbow_r/elbow_flex_r/value
y[53] = /jointset/elbow_r/elbow_flex_r/speed
y[54] = /jointset/radioulnar_r/pro_sup_r/value
y[55] = /jointset/radioulnar_r/pro_sup_r/speed
y[56] = /jointset/radius_hand_r/wrist_flex_r/value
y[57] = /jointset/radius_hand_r/wrist_flex_r/speed
y[58] = /jointset/radius_hand_r/wrist_dev_r/value
y[59] = /jointset/radius_hand_r/wrist_dev_r/speed
y[60] = /jointset/acromial_l/arm_flex_l/value
y[61] = /jointset/acromial_l/arm_flex_l/speed
y[62] = /jointset/acromial_l/arm_add_l/value
y[63] = /jointset/acromial_l/arm_add_l/speed
y[64] = /jointset/acromial_l/arm_rot_l/value
y[65] = /jointset/acromial_l/arm_rot_l/speed
y[66] = /jointset/elbow_l/elbow_flex_l/value
y[67] = /jointset/elbow_l/elbow_flex_l/speed
y[68] = /jointset/radioulnar_l/pro_sup_l/value
y[69] = /jointset/radioulnar_l/pro_sup_l/speed
y[70] = /jointset/radius_hand_l/wrist_flex_l/value
y[71] = /jointset/radius_hand_l/wrist_flex_l/speed
y[72] = /jointset/radius_hand_l/wrist_dev_l/value
y[73] = /jointset/radius_hand_l/wrist_dev_l/speed

[2023-08-15 22:24:34.643] [info] Requested COM adjustment time range 0.127 to 0.691, clamped to nearest available data times: 0.12 to 0.69.
[2023-08-15 22:24:34.643] [info] Computing average residuals between 0.12 and 0.69...
[2023-08-15 22:24:34.712] [info] ExternalForce::externalforce Data source being set to Run_500 02_newCOP3_v24.mot
[2023-08-15 22:24:34.712] [info] ExternalForce::externalforce_0 Data source being set to Run_500 02_newCOP3_v24.mot
[2023-08-15 22:24:34.777] [info] ExternalForce::externalforce Data source being set to Run_500 02_newCOP3_v24.mot
[2023-08-15 22:24:34.777] [info] ExternalForce::externalforce_0 Data source being set to Run_500 02_newCOP3_v24.mot
[2023-08-15 22:24:35.925] [info] ExternalForce::externalforce Data source being set to Run_500 02_newCOP3_v24.mot
[2023-08-15 22:24:35.925] [info] ExternalForce::externalforce_0 Data source being set to Run_500 02_newCOP3_v24.mot
[2023-08-15 22:24:35.934] [info] Computing average residuals between 0.12 and 0.69...
[2023-08-15 22:24:36.031] [info] ExternalForce::externalforce Data source being set to Run_500 02_newCOP3_v24.mot
[2023-08-15 22:24:36.031] [info] ExternalForce::externalforce_0 Data source being set to Run_500 02_newCOP3_v24.mot
[2023-08-15 22:24:36.090] [info] ExternalForce::externalforce Data source being set to Run_500 02_newCOP3_v24.mot
[2023-08-15 22:24:36.090] [info] ExternalForce::externalforce_0 Data source being set to Run_500 02_newCOP3_v24.mot
[2023-08-15 22:24:37.285] [info] Constructing function set for tracking desired kinematics...
[2023-08-15 22:24:37.963] [warning] No Actuation analysis found in analysis set, adding one...
[2023-08-15 22:24:37.963] [warning] No Kinematics analysis found in analysis set, adding one...
[2023-08-15 22:24:37.965] [info] Using the generalized coordinates specified in '..\..\ik\Run_5.mot' to set the initial configuration.
[2023-08-15 22:24:38.161] [info] Using IPOPT optimizer algorithm.
[2023-08-15 22:24:38.161] [info] Setting optimizer print level to 0.
[2023-08-15 22:24:38.161] [info] Setting optimizer convergence tolerance to 1.0e-05.
[2023-08-15 22:24:38.161] [info] Setting optimizer maximum iterations to 2000.
[2023-08-15 22:24:38.161] [info] Setting cmc controller to not use verbose printing.

[2023-08-15 22:24:38.162] [info] CMC::computeControls, t = 0.127
[2023-08-15 22:24:39.114] [info] --------------------------------------------
[2023-08-15 22:24:39.115] [info] Using CMC to track the specified kinematics:
[2023-08-15 22:24:39.115] [info] --------------------------------------------
[2023-08-15 22:24:39.115] [info]  -- Integrating from 0.127 to 0.691
[2023-08-15 22:24:39.115] [info]  -- Start time = Tue Aug 15 22:24:39 2023
[2023-08-15 22:24:39.115] [info] --------------------------------------------
[2023-08-15 22:24:39.115] [info] 
[2023-08-15 22:24:39.121] [info] CMC::computeControls, t = 0.127
[2023-08-15 22:24:39.185] [info] CMC::computeControls, t = 0.128
[2023-08-15 22:24:39.186] [warning] Coordinate.setValue:  coordinate subtalar_angle_r is locked. Unable to change its value.
[2023-08-15 22:24:39.186] [warning] Coordinate.setValue:  coordinate mtp_angle_r is locked. Unable to change its value.
[2023-08-15 22:24:39.186] [warning] Coordinate.setValue:  coordinate subtalar_angle_l is locked. Unable to change its value.
[2023-08-15 22:24:39.186] [warning] Coordinate.setValue:  coordinate mtp_angle_l is locked. Unable to change its value.
[2023-08-15 22:24:39.186] [warning] Coordinate.setValue:  coordinate wrist_flex_r is locked. Unable to change its value.
[2023-08-15 22:24:39.186] [warning] Coordinate.setValue:  coordinate wrist_dev_r is locked. Unable to change its value.
[2023-08-15 22:24:39.186] [warning] Coordinate.setValue:  coordinate wrist_flex_l is locked. Unable to change its value.
[2023-08-15 22:24:39.186] [warning] Coordinate.setValue:  coordinate wrist_dev_l is locked. Unable to change its value.
[2023-08-15 22:24:39.213] [info] CMC::computeControls, t = 0.129
[2023-08-15 22:24:39.233] [info] CMC::computeControls, t = 0.13
[2023-08-15 22:24:39.281] [info] CMC::computeControls, t = 0.131
[2023-08-15 22:24:39.308] [info] CMC::computeControls, t = 0.132
[2023-08-15 22:24:39.343] [info] CMC::computeControls, t = 0.133
[2023-08-15 22:24:39.363] [info] CMC::computeControls, t = 0.134
[2023-08-15 22:24:39.400] [info] CMC::computeControls, t = 0.135
[2023-08-15 22:24:39.436] [info] CMC::computeControls, t = 0.136
[2023-08-15 22:24:39.459] [info] CMC::computeControls, t = 0.137
[2023-08-15 22:24:39.475] [info] CMC::computeControls, t = 0.138
[2023-08-15 22:24:39.491] [info] CMC::computeControls, t = 0.139
[2023-08-15 22:24:39.508] [info] CMC::computeControls, t = 0.14
[2023-08-15 22:24:39.534] [info] CMC::computeControls, t = 0.141
[2023-08-15 22:24:39.560] [info] CMC::computeControls, t = 0.142
[2023-08-15 22:24:39.576] [info] CMC::computeControls, t = 0.143
[2023-08-15 22:24:39.599] [info] CMC::computeControls, t = 0.144
[2023-08-15 22:24:39.623] [info] CMC::computeControls, t = 0.145
[2023-08-15 22:24:39.639] [info] CMC::computeControls, t = 0.146
[2023-08-15 22:24:39.661] [info] CMC::computeControls, t = 0.147
[2023-08-15 22:24:39.679] [info] CMC::computeControls, t = 0.148
[2023-08-15 22:24:39.697] [info] CMC::computeControls, t = 0.149
[2023-08-15 22:24:39.714] [info] CMC::computeControls, t = 0.15
[2023-08-15 22:24:39.742] [info] CMC::computeControls, t = 0.151
[2023-08-15 22:24:39.776] [info] CMC::computeControls, t = 0.152
[2023-08-15 22:24:39.810] [info] CMC::computeControls, t = 0.153
[2023-08-15 22:24:39.845] [info] CMC::computeControls, t = 0.154
[2023-08-15 22:24:39.868] [info] CMC::computeControls, t = 0.155
[2023-08-15 22:24:39.895] [info] CMC::computeControls, t = 0.156
[2023-08-15 22:24:39.910] [info] CMC::computeControls, t = 0.157
[2023-08-15 22:24:39.934] [info] CMC::computeControls, t = 0.158
[2023-08-15 22:24:39.953] [info] CMC::computeControls, t = 0.159
[2023-08-15 22:24:39.975] [info] CMC::computeControls, t = 0.16
[2023-08-15 22:24:40.000] [info] CMC::computeControls, t = 0.161
[2023-08-15 22:24:40.015] [info] CMC::computeControls, t = 0.162
[2023-08-15 22:24:40.030] [info] CMC::computeControls, t = 0.163
[2023-08-15 22:24:40.052] [info] CMC::computeControls, t = 0.164
[2023-08-15 22:24:40.083] [info] CMC::computeControls, t = 0.165
[2023-08-15 22:24:40.101] [info] CMC::computeControls, t = 0.166
[2023-08-15 22:24:40.122] [info] CMC::computeControls, t = 0.167
[2023-08-15 22:24:40.146] [info] CMC::computeControls, t = 0.168
[2023-08-15 22:24:40.172] [info] CMC::computeControls, t = 0.169
[2023-08-15 22:24:40.203] [info] CMC::computeControls, t = 0.17
[2023-08-15 22:24:40.229] [info] CMC::computeControls, t = 0.171
[2023-08-15 22:24:40.247] [info] CMC::computeControls, t = 0.172
[2023-08-15 22:24:40.273] [info] CMC::computeControls, t = 0.173
[2023-08-15 22:24:40.300] [info] CMC::computeControls, t = 0.174
[2023-08-15 22:24:40.327] [info] CMC::computeControls, t = 0.175
[2023-08-15 22:24:40.369] [info] CMC::computeControls, t = 0.176
[2023-08-15 22:24:40.396] [info] CMC::computeControls, t = 0.177
[2023-08-15 22:24:40.429] [info] CMC::computeControls, t = 0.178
[2023-08-15 22:24:40.456] [info] CMC::computeControls, t = 0.179
[2023-08-15 22:24:40.488] [info] CMC::computeControls, t = 0.18
[2023-08-15 22:24:40.524] [info] CMC::computeControls, t = 0.181
[2023-08-15 22:24:40.540] [info] CMC::computeControls, t = 0.182
[2023-08-15 22:24:40.558] [info] CMC::computeControls, t = 0.183
[2023-08-15 22:24:40.574] [info] CMC::computeControls, t = 0.184
[2023-08-15 22:24:40.598] [info] CMC::computeControls, t = 0.185
[2023-08-15 22:24:40.626] [info] CMC::computeControls, t = 0.186
[2023-08-15 22:24:40.656] [info] CMC::computeControls, t = 0.187
[2023-08-15 22:24:40.678] [info] CMC::computeControls, t = 0.188
[2023-08-15 22:24:40.703] [info] CMC::computeControls, t = 0.189
[2023-08-15 22:24:40.719] [info] CMC::computeControls, t = 0.19
[2023-08-15 22:24:40.746] [info] CMC::computeControls, t = 0.191
[2023-08-15 22:24:40.772] [info] CMC::computeControls, t = 0.192
[2023-08-15 22:24:40.791] [info] CMC::computeControls, t = 0.193
[2023-08-15 22:24:40.816] [info] CMC::computeControls, t = 0.194
[2023-08-15 22:24:40.850] [info] CMC::computeControls, t = 0.195
[2023-08-15 22:24:40.868] [info] CMC::computeControls, t = 0.196
[2023-08-15 22:24:40.893] [info] CMC::computeControls, t = 0.197
[2023-08-15 22:24:40.917] [info] CMC::computeControls, t = 0.198
[2023-08-15 22:24:40.940] [info] CMC::computeControls, t = 0.199
[2023-08-15 22:24:40.962] [info] CMC::computeControls, t = 0.2
[2023-08-15 22:24:40.994] [info] CMC::computeControls, t = 0.201000
[2023-08-15 22:24:41.016] [info] CMC::computeControls, t = 0.202000
[2023-08-15 22:24:41.046] [info] CMC::computeControls, t = 0.203000
[2023-08-15 22:24:41.066] [info] CMC::computeControls, t = 0.204000
[2023-08-15 22:24:41.092] [info] CMC::computeControls, t = 0.205000
[2023-08-15 22:24:41.111] [info] CMC::computeControls, t = 0.206000
[2023-08-15 22:24:41.132] [info] CMC::computeControls, t = 0.207000
[2023-08-15 22:24:41.156] [info] CMC::computeControls, t = 0.208000
[2023-08-15 22:24:41.182] [info] CMC::computeControls, t = 0.209000
[2023-08-15 22:24:41.210] [info] CMC::computeControls, t = 0.21
[2023-08-15 22:24:41.232] [info] CMC::computeControls, t = 0.211
[2023-08-15 22:24:41.255] [info] CMC::computeControls, t = 0.212
[2023-08-15 22:24:41.280] [info] CMC::computeControls, t = 0.213
[2023-08-15 22:24:41.303] [info] CMC::computeControls, t = 0.214
[2023-08-15 22:24:41.326] [info] CMC::computeControls, t = 0.215
[2023-08-15 22:24:41.361] [info] CMC::computeControls, t = 0.216
[2023-08-15 22:24:41.380] [info] CMC::computeControls, t = 0.217
[2023-08-15 22:24:41.411] [info] CMC::computeControls, t = 0.218
[2023-08-15 22:24:41.444] [info] CMC::computeControls, t = 0.219
[2023-08-15 22:24:41.473] [info] CMC::computeControls, t = 0.22
[2023-08-15 22:24:41.495] [info] CMC::computeControls, t = 0.221
[2023-08-15 22:24:41.519] [info] CMC::computeControls, t = 0.222
[2023-08-15 22:24:41.543] [info] CMC::computeControls, t = 0.223
[2023-08-15 22:24:41.571] [info] CMC::computeControls, t = 0.224
[2023-08-15 22:24:41.586] [info] CMC::computeControls, t = 0.225
[2023-08-15 22:24:41.612] [info] CMC::computeControls, t = 0.226
[2023-08-15 22:24:41.636] [info] CMC::computeControls, t = 0.227
[2023-08-15 22:24:41.670] [info] CMC::computeControls, t = 0.228
[2023-08-15 22:24:41.685] [info] CMC::computeControls, t = 0.229
[2023-08-15 22:24:41.710] [info] CMC::computeControls, t = 0.23
[2023-08-15 22:24:41.725] [info] CMC::computeControls, t = 0.231
[2023-08-15 22:24:41.754] [info] CMC::computeControls, t = 0.232
[2023-08-15 22:24:41.769] [info] CMC::computeControls, t = 0.233
[2023-08-15 22:24:41.794] [info] CMC::computeControls, t = 0.234
[2023-08-15 22:24:41.834] [info] CMC::computeControls, t = 0.235
[2023-08-15 22:24:41.854] [info] CMC::computeControls, t = 0.236
[2023-08-15 22:24:41.874] [info] CMC::computeControls, t = 0.237
[2023-08-15 22:24:41.894] [info] CMC::computeControls, t = 0.238
[2023-08-15 22:24:41.910] [info] CMC::computeControls, t = 0.239
[2023-08-15 22:24:41.938] [info] CMC::computeControls, t = 0.24
[2023-08-15 22:24:41.961] [info] CMC::computeControls, t = 0.241
[2023-08-15 22:24:41.995] [info] CMC::computeControls, t = 0.242
[2023-08-15 22:24:42.021] [info] CMC::computeControls, t = 0.243
[2023-08-15 22:24:42.049] [info] CMC::computeControls, t = 0.244
[2023-08-15 22:24:42.076] [info] CMC::computeControls, t = 0.245
[2023-08-15 22:24:42.095] [info] CMC::computeControls, t = 0.246
[2023-08-15 22:24:42.123] [info] CMC::computeControls, t = 0.247
[2023-08-15 22:24:42.153] [info] CMC::computeControls, t = 0.248
[2023-08-15 22:24:42.181] [info] CMC::computeControls, t = 0.249
[2023-08-15 22:24:42.214] [info] CMC::computeControls, t = 0.25
[2023-08-15 22:24:42.230] [info] CMC::computeControls, t = 0.251
[2023-08-15 22:24:42.254] [info] CMC::computeControls, t = 0.252
[2023-08-15 22:24:42.287] [info] CMC::computeControls, t = 0.253
[2023-08-15 22:24:42.322] [info] CMC::computeControls, t = 0.254
[2023-08-15 22:24:42.343] [info] CMC::computeControls, t = 0.255
[2023-08-15 22:24:42.370] [info] CMC::computeControls, t = 0.256
[2023-08-15 22:24:42.405] [info] CMC::computeControls, t = 0.257
[2023-08-15 22:24:42.431] [info] CMC::computeControls, t = 0.258
[2023-08-15 22:24:42.471] [info] CMC::computeControls, t = 0.259
[2023-08-15 22:24:42.510] [info] CMC::computeControls, t = 0.26
[2023-08-15 22:24:42.539] [info] CMC::computeControls, t = 0.261
[2023-08-15 22:24:42.573] [info] CMC::computeControls, t = 0.262
[2023-08-15 22:24:42.590] [info] CMC::computeControls, t = 0.263
[2023-08-15 22:24:42.613] [info] CMC::computeControls, t = 0.264
[2023-08-15 22:24:42.631] [info] CMC::computeControls, t = 0.265
[2023-08-15 22:24:42.659] [info] CMC::computeControls, t = 0.266
[2023-08-15 22:24:42.682] [info] CMC::computeControls, t = 0.267
[2023-08-15 22:24:42.703] [info] CMC::computeControls, t = 0.268
[2023-08-15 22:24:42.718] [info] CMC::computeControls, t = 0.269
[2023-08-15 22:24:42.743] [info] CMC::computeControls, t = 0.27
[2023-08-15 22:24:42.759] [info] CMC::computeControls, t = 0.271
[2023-08-15 22:24:42.774] [info] CMC::computeControls, t = 0.272
[2023-08-15 22:24:42.791] [info] CMC::computeControls, t = 0.273
[2023-08-15 22:24:42.830] [info] CMC::computeControls, t = 0.274
[2023-08-15 22:24:42.861] [info] CMC::computeControls, t = 0.275
[2023-08-15 22:24:42.889] [info] CMC::computeControls, t = 0.276
[2023-08-15 22:24:42.920] [info] CMC::computeControls, t = 0.277
[2023-08-15 22:24:42.947] [info] CMC::computeControls, t = 0.278
[2023-08-15 22:24:42.984] [info] CMC::computeControls, t = 0.279
[2023-08-15 22:24:43.005] [info] CMC::computeControls, t = 0.28
[2023-08-15 22:24:43.039] [info] CMC::computeControls, t = 0.281
[2023-08-15 22:24:43.061] [info] CMC::computeControls, t = 0.282
[2023-08-15 22:24:43.098] [info] CMC::computeControls, t = 0.283
[2023-08-15 22:24:43.118] [info] CMC::computeControls, t = 0.284
[2023-08-15 22:24:43.138] [info] CMC::computeControls, t = 0.285
[2023-08-15 22:24:43.176] [info] CMC::computeControls, t = 0.286
[2023-08-15 22:24:43.210] [info] CMC::computeControls, t = 0.287
[2023-08-15 22:24:43.234] [info] CMC::computeControls, t = 0.288
[2023-08-15 22:24:43.261] [info] CMC::computeControls, t = 0.289
[2023-08-15 22:24:43.286] [info] CMC::computeControls, t = 0.29
[2023-08-15 22:24:43.303] [info] CMC::computeControls, t = 0.291
[2023-08-15 22:24:43.319] [info] CMC::computeControls, t = 0.292
[2023-08-15 22:24:43.334] [info] CMC::computeControls, t = 0.293
[2023-08-15 22:24:43.349] [info] CMC::computeControls, t = 0.294
[2023-08-15 22:24:43.375] [info] CMC::computeControls, t = 0.295
[2023-08-15 22:24:43.401] [info] CMC::computeControls, t = 0.296
[2023-08-15 22:24:43.424] [info] CMC::computeControls, t = 0.297
[2023-08-15 22:24:43.453] [info] CMC::computeControls, t = 0.298
[2023-08-15 22:24:43.487] [info] CMC::computeControls, t = 0.299
[2023-08-15 22:24:43.507] [info] CMC::computeControls, t = 0.3
[2023-08-15 22:24:43.522] [info] CMC::computeControls, t = 0.301000
[2023-08-15 22:24:43.538] [info] CMC::computeControls, t = 0.302000
[2023-08-15 22:24:43.561] [info] CMC::computeControls, t = 0.303000
[2023-08-15 22:24:43.588] [info] CMC::computeControls, t = 0.304000
[2023-08-15 22:24:43.611] [info] CMC::computeControls, t = 0.305000
[2023-08-15 22:24:43.639] [info] CMC::computeControls, t = 0.306000
[2023-08-15 22:24:43.656] [info] CMC::computeControls, t = 0.307000
[2023-08-15 22:24:43.675] [info] CMC::computeControls, t = 0.308000
[2023-08-15 22:24:43.711] [info] CMC::computeControls, t = 0.309000
[2023-08-15 22:24:43.746] [info] CMC::computeControls, t = 0.31
[2023-08-15 22:24:43.778] [info] CMC::computeControls, t = 0.311
[2023-08-15 22:24:43.810] [info] CMC::computeControls, t = 0.312
[2023-08-15 22:24:43.831] [info] CMC::computeControls, t = 0.313
[2023-08-15 22:24:43.858] [info] CMC::computeControls, t = 0.314
[2023-08-15 22:24:43.886] [info] CMC::computeControls, t = 0.315
[2023-08-15 22:24:43.906] [info] CMC::computeControls, t = 0.316
[2023-08-15 22:24:43.934] [info] CMC::computeControls, t = 0.317
[2023-08-15 22:24:43.963] [info] CMC::computeControls, t = 0.318
[2023-08-15 22:24:43.995] [info] CMC::computeControls, t = 0.319
[2023-08-15 22:24:44.021] [info] CMC::computeControls, t = 0.32
[2023-08-15 22:24:44.044] [info] CMC::computeControls, t = 0.321
[2023-08-15 22:24:44.061] [info] CMC::computeControls, t = 0.322
[2023-08-15 22:24:44.087] [info] CMC::computeControls, t = 0.323
[2023-08-15 22:24:44.116] [info] CMC::computeControls, t = 0.324
[2023-08-15 22:24:44.143] [info] CMC::computeControls, t = 0.325
[2023-08-15 22:24:44.167] [info] CMC::computeControls, t = 0.326
[2023-08-15 22:24:44.187] [info] CMC::computeControls, t = 0.327
[2023-08-15 22:24:44.216] [info] CMC::computeControls, t = 0.328
[2023-08-15 22:24:44.234] [info] CMC::computeControls, t = 0.329
[2023-08-15 22:24:44.267] [info] CMC::computeControls, t = 0.33
[2023-08-15 22:24:44.291] [info] CMC::computeControls, t = 0.331
[2023-08-15 22:24:44.325] [info] CMC::computeControls, t = 0.332
[2023-08-15 22:24:44.361] [info] CMC::computeControls, t = 0.333
[2023-08-15 22:24:44.404] [info] CMC::computeControls, t = 0.334
[2023-08-15 22:24:44.439] [info] CMC::computeControls, t = 0.335
[2023-08-15 22:24:44.462] [info] CMC::computeControls, t = 0.336
[2023-08-15 22:24:44.499] [info] CMC::computeControls, t = 0.337
[2023-08-15 22:24:44.531] [info] CMC::computeControls, t = 0.338
[2023-08-15 22:24:44.551] [info] CMC::computeControls, t = 0.339
[2023-08-15 22:24:44.569] [info] CMC::computeControls, t = 0.34
[2023-08-15 22:24:44.590] [info] CMC::computeControls, t = 0.341
[2023-08-15 22:24:44.605] [info] CMC::computeControls, t = 0.342
[2023-08-15 22:24:44.635] [info] CMC::computeControls, t = 0.343
[2023-08-15 22:24:44.656] [info] CMC::computeControls, t = 0.344
[2023-08-15 22:24:44.678] [info] CMC::computeControls, t = 0.345
[2023-08-15 22:24:44.701] [info] CMC::computeControls, t = 0.346
[2023-08-15 22:24:44.737] [info] CMC::computeControls, t = 0.347
[2023-08-15 22:24:44.756] [info] CMC::computeControls, t = 0.348
[2023-08-15 22:24:44.788] [info] CMC::computeControls, t = 0.349
[2023-08-15 22:24:44.823] [info] CMC::computeControls, t = 0.35
[2023-08-15 22:24:44.839] [info] CMC::computeControls, t = 0.351
[2023-08-15 22:24:44.864] [info] CMC::computeControls, t = 0.352
[2023-08-15 22:24:44.891] [info] CMC::computeControls, t = 0.353
[2023-08-15 22:24:44.907] [info] CMC::computeControls, t = 0.354
[2023-08-15 22:24:44.922] [info] CMC::computeControls, t = 0.355
[2023-08-15 22:24:44.949] [info] CMC::computeControls, t = 0.356
[2023-08-15 22:24:44.970] [info] CMC::computeControls, t = 0.357
[2023-08-15 22:24:44.991] [info] CMC::computeControls, t = 0.358
[2023-08-15 22:24:45.019] [info] CMC::computeControls, t = 0.359
[2023-08-15 22:24:45.052] [info] CMC::computeControls, t = 0.36
[2023-08-15 22:24:45.082] [info] CMC::computeControls, t = 0.361
[2023-08-15 22:24:45.109] [info] CMC::computeControls, t = 0.362
[2023-08-15 22:24:45.125] [info] CMC::computeControls, t = 0.363
[2023-08-15 22:24:45.160] [info] CMC::computeControls, t = 0.364
[2023-08-15 22:24:45.195] [info] CMC::computeControls, t = 0.365
[2023-08-15 22:24:45.217] [info] CMC::computeControls, t = 0.366
[2023-08-15 22:24:45.243] [info] CMC::computeControls, t = 0.367
[2023-08-15 22:24:45.260] [info] CMC::computeControls, t = 0.368
[2023-08-15 22:24:45.287] [info] CMC::computeControls, t = 0.369
[2023-08-15 22:24:45.323] [info] CMC::computeControls, t = 0.37
[2023-08-15 22:24:45.355] [info] CMC::computeControls, t = 0.371
[2023-08-15 22:24:45.388] [info] CMC::computeControls, t = 0.372
[2023-08-15 22:24:45.421] [info] CMC::computeControls, t = 0.373
[2023-08-15 22:24:45.443] [info] CMC::computeControls, t = 0.374
[2023-08-15 22:24:45.477] [info] CMC::computeControls, t = 0.375
[2023-08-15 22:24:45.503] [info] CMC::computeControls, t = 0.376
[2023-08-15 22:24:45.539] [info] CMC::computeControls, t = 0.377
[2023-08-15 22:24:45.568] [info] CMC::computeControls, t = 0.378
[2023-08-15 22:24:45.586] [info] CMC::computeControls, t = 0.379
[2023-08-15 22:24:45.625] [info] CMC::computeControls, t = 0.38
[2023-08-15 22:24:45.662] [info] CMC::computeControls, t = 0.381
[2023-08-15 22:24:45.685] [info] CMC::computeControls, t = 0.382
[2023-08-15 22:24:45.701] [info] CMC::computeControls, t = 0.383
[2023-08-15 22:24:45.717] [info] CMC::computeControls, t = 0.384
[2023-08-15 22:24:45.751] [info] CMC::computeControls, t = 0.385
[2023-08-15 22:24:45.767] [info] CMC::computeControls, t = 0.386
[2023-08-15 22:24:45.794] [info] CMC::computeControls, t = 0.387
[2023-08-15 22:24:45.812] [info] CMC::computeControls, t = 0.388
[2023-08-15 22:24:45.844] [info] CMC::computeControls, t = 0.389
[2023-08-15 22:24:45.873] [info] CMC::computeControls, t = 0.39
[2023-08-15 22:24:45.911] [info] CMC::computeControls, t = 0.391
[2023-08-15 22:24:45.934] [info] CMC::computeControls, t = 0.392
[2023-08-15 22:24:45.965] [info] CMC::computeControls, t = 0.393
[2023-08-15 22:24:45.991] [info] CMC::computeControls, t = 0.394
[2023-08-15 22:24:46.016] [info] CMC::computeControls, t = 0.395
[2023-08-15 22:24:46.059] [info] CMC::computeControls, t = 0.396
[2023-08-15 22:24:46.097] [info] CMC::computeControls, t = 0.397
[2023-08-15 22:24:46.120] [info] CMC::computeControls, t = 0.398
[2023-08-15 22:24:46.135] [info] CMC::computeControls, t = 0.399
[2023-08-15 22:24:46.168] [info] CMC::computeControls, t = 0.4
[2023-08-15 22:24:46.199] [info] CMC::computeControls, t = 0.401000
[2023-08-15 22:24:46.224] [info] CMC::computeControls, t = 0.402000
[2023-08-15 22:24:46.240] [info] CMC::computeControls, t = 0.403000
[2023-08-15 22:24:46.261] [info] CMC::computeControls, t = 0.404000
[2023-08-15 22:24:46.291] [info] CMC::computeControls, t = 0.405000
[2023-08-15 22:24:46.319] [info] CMC::computeControls, t = 0.406000
[2023-08-15 22:24:46.344] [info] CMC::computeControls, t = 0.407000
[2023-08-15 22:24:46.371] [info] CMC::computeControls, t = 0.408000
[2023-08-15 22:24:46.404] [info] CMC::computeControls, t = 0.409000
[2023-08-15 22:24:46.437] [info] CMC::computeControls, t = 0.41
[2023-08-15 22:24:46.480] [info] CMC::computeControls, t = 0.411
[2023-08-15 22:24:46.510] [info] CMC::computeControls, t = 0.412
[2023-08-15 22:24:46.544] [info] CMC::computeControls, t = 0.413
[2023-08-15 22:24:46.588] [info] CMC::computeControls, t = 0.414
[2023-08-15 22:24:46.623] [info] CMC::computeControls, t = 0.415
[2023-08-15 22:24:46.639] [info] CMC::computeControls, t = 0.416
[2023-08-15 22:24:46.665] [info] CMC::computeControls, t = 0.417
[2023-08-15 22:24:46.691] [info] CMC::computeControls, t = 0.418
[2023-08-15 22:24:46.726] [info] CMC::computeControls, t = 0.419
[2023-08-15 22:24:46.758] [info] CMC::computeControls, t = 0.42
[2023-08-15 22:24:46.777] [info] CMC::computeControls, t = 0.421
[2023-08-15 22:24:46.792] [info] CMC::computeControls, t = 0.422
[2023-08-15 22:24:46.811] [info] CMC::computeControls, t = 0.423
[2023-08-15 22:24:46.826] [info] CMC::computeControls, t = 0.424
[2023-08-15 22:24:46.846] [info] CMC::computeControls, t = 0.425
[2023-08-15 22:24:46.867] [info] CMC::computeControls, t = 0.426
[2023-08-15 22:24:46.899] [info] CMC::computeControls, t = 0.427
[2023-08-15 22:24:46.924] [info] CMC::computeControls, t = 0.428
[2023-08-15 22:24:46.951] [info] CMC::computeControls, t = 0.429
[2023-08-15 22:24:46.982] [info] CMC::computeControls, t = 0.43
[2023-08-15 22:24:47.010] [info] CMC::computeControls, t = 0.431
[2023-08-15 22:24:47.028] [info] CMC::computeControls, t = 0.432
[2023-08-15 22:24:47.065] [info] CMC::computeControls, t = 0.433
[2023-08-15 22:24:47.098] [info] CMC::computeControls, t = 0.434
[2023-08-15 22:24:47.137] [info] CMC::computeControls, t = 0.435
[2023-08-15 22:24:47.175] [info] CMC::computeControls, t = 0.436
[2023-08-15 22:24:47.198] [info] CMC::computeControls, t = 0.437
[2023-08-15 22:24:47.226] [info] CMC::computeControls, t = 0.438
[2023-08-15 22:24:47.251] [info] CMC::computeControls, t = 0.439
[2023-08-15 22:24:47.273] [info] CMC::computeControls, t = 0.44
[2023-08-15 22:24:47.312] [info] CMC::computeControls, t = 0.441
[2023-08-15 22:24:47.341] [info] CMC::computeControls, t = 0.442
[2023-08-15 22:24:47.365] [info] CMC::computeControls, t = 0.443
[2023-08-15 22:24:47.406] [info] CMC::computeControls, t = 0.444
[2023-08-15 22:24:47.444] [info] CMC::computeControls, t = 0.445
[2023-08-15 22:24:47.469] [info] CMC::computeControls, t = 0.446
[2023-08-15 22:24:47.507] [info] CMC::computeControls, t = 0.447
[2023-08-15 22:24:47.540] [info] CMC::computeControls, t = 0.448
[2023-08-15 22:24:47.575] [info] CMC::computeControls, t = 0.449
[2023-08-15 22:24:47.599] [info] CMC::computeControls, t = 0.45
[2023-08-15 22:24:47.617] [info] CMC::computeControls, t = 0.451
[2023-08-15 22:24:47.645] [info] CMC::computeControls, t = 0.452
[2023-08-15 22:24:47.677] [info] CMC::computeControls, t = 0.453
[2023-08-15 22:24:47.692] [info] CMC::computeControls, t = 0.454
[2023-08-15 22:24:47.713] [info] CMC::computeControls, t = 0.455
[2023-08-15 22:24:47.728] [info] CMC::computeControls, t = 0.456
[2023-08-15 22:24:47.753] [info] CMC::computeControls, t = 0.457
[2023-08-15 22:24:47.783] [info] CMC::computeControls, t = 0.458
[2023-08-15 22:24:47.802] [info] CMC::computeControls, t = 0.459
[2023-08-15 22:24:47.819] [info] CMC::computeControls, t = 0.46
[2023-08-15 22:24:47.837] [info] CMC::computeControls, t = 0.461
[2023-08-15 22:24:47.854] [info] CMC::computeControls, t = 0.462
[2023-08-15 22:24:47.885] [info] CMC::computeControls, t = 0.463
[2023-08-15 22:24:47.923] [info] CMC::computeControls, t = 0.464
[2023-08-15 22:24:47.956] [info] CMC::computeControls, t = 0.465
[2023-08-15 22:24:47.997] [info] CMC::computeControls, t = 0.466
[2023-08-15 22:24:48.018] [info] CMC::computeControls, t = 0.467
[2023-08-15 22:24:48.052] [info] CMC::computeControls, t = 0.468
[2023-08-15 22:24:48.076] [info] CMC::computeControls, t = 0.469
[2023-08-15 22:24:48.106] [info] CMC::computeControls, t = 0.47
[2023-08-15 22:24:48.123] [info] CMC::computeControls, t = 0.471
[2023-08-15 22:24:48.155] [info] CMC::computeControls, t = 0.472
[2023-08-15 22:24:48.196] [info] CMC::computeControls, t = 0.473
[2023-08-15 22:24:48.234] [info] CMC::computeControls, t = 0.474
[2023-08-15 22:24:48.257] [info] CMC::computeControls, t = 0.475
[2023-08-15 22:24:48.279] [info] CMC::computeControls, t = 0.476
[2023-08-15 22:24:48.318] [info] CMC::computeControls, t = 0.477
[2023-08-15 22:24:48.350] [info] CMC::computeControls, t = 0.478
[2023-08-15 22:24:48.379] [info] CMC::computeControls, t = 0.479
[2023-08-15 22:24:48.410] [info] CMC::computeControls, t = 0.48
[2023-08-15 22:24:48.434] [info] CMC::computeControls, t = 0.481
[2023-08-15 22:24:48.459] [info] CMC::computeControls, t = 0.482
[2023-08-15 22:24:48.488] [info] CMC::computeControls, t = 0.483
[2023-08-15 22:24:48.515] [info] CMC::computeControls, t = 0.484
[2023-08-15 22:24:48.535] [info] CMC::computeControls, t = 0.485
[2023-08-15 22:24:48.560] [info] CMC::computeControls, t = 0.486
[2023-08-15 22:24:48.579] [info] CMC::computeControls, t = 0.487
[2023-08-15 22:24:48.605] [info] CMC::computeControls, t = 0.488
[2023-08-15 22:24:48.623] [info] CMC::computeControls, t = 0.489
[2023-08-15 22:24:48.646] [info] CMC::computeControls, t = 0.49
[2023-08-15 22:24:48.678] [info] CMC::computeControls, t = 0.491
[2023-08-15 22:24:48.707] [info] CMC::computeControls, t = 0.492
[2023-08-15 22:24:48.732] [info] CMC::computeControls, t = 0.493
[2023-08-15 22:24:48.751] [info] CMC::computeControls, t = 0.494
[2023-08-15 22:24:48.767] [info] CMC::computeControls, t = 0.495
[2023-08-15 22:24:48.791] [info] CMC::computeControls, t = 0.496
[2023-08-15 22:24:48.815] [info] CMC::computeControls, t = 0.497
[2023-08-15 22:24:48.845] [info] CMC::computeControls, t = 0.498
[2023-08-15 22:24:48.875] [info] CMC::computeControls, t = 0.499
[2023-08-15 22:24:48.893] [info] CMC::computeControls, t = 0.5
[2023-08-15 22:24:48.911] [info] CMC::computeControls, t = 0.501000
[2023-08-15 22:24:48.941] [info] CMC::computeControls, t = 0.502000
[2023-08-15 22:24:48.962] [info] CMC::computeControls, t = 0.503000
[2023-08-15 22:24:48.996] [info] CMC::computeControls, t = 0.504000
[2023-08-15 22:24:49.025] [info] CMC::computeControls, t = 0.505000
[2023-08-15 22:24:49.050] [info] CMC::computeControls, t = 0.506000
[2023-08-15 22:24:49.070] [info] CMC::computeControls, t = 0.507000
[2023-08-15 22:24:49.104] [info] CMC::computeControls, t = 0.508000
[2023-08-15 22:24:49.129] [info] CMC::computeControls, t = 0.509000
[2023-08-15 22:24:49.161] [info] CMC::computeControls, t = 0.51
[2023-08-15 22:24:49.202] [info] CMC::computeControls, t = 0.511
[2023-08-15 22:24:49.224] [info] CMC::computeControls, t = 0.512
[2023-08-15 22:24:49.240] [info] CMC::computeControls, t = 0.513
[2023-08-15 22:24:49.275] [info] CMC::computeControls, t = 0.514
[2023-08-15 22:24:49.318] [info] CMC::computeControls, t = 0.515
[2023-08-15 22:24:49.335] [info] CMC::computeControls, t = 0.516
[2023-08-15 22:24:49.350] [info] CMC::computeControls, t = 0.517
[2023-08-15 22:24:49.365] [info] CMC::computeControls, t = 0.518
[2023-08-15 22:24:49.381] [info] CMC::computeControls, t = 0.519
[2023-08-15 22:24:49.396] [info] CMC::computeControls, t = 0.52
[2023-08-15 22:24:49.412] [info] CMC::computeControls, t = 0.521
[2023-08-15 22:24:49.427] [info] CMC::computeControls, t = 0.522
[2023-08-15 22:24:49.443] [info] CMC::computeControls, t = 0.523
[2023-08-15 22:24:49.474] [info] CMC::computeControls, t = 0.524
[2023-08-15 22:24:49.489] [info] CMC::computeControls, t = 0.525
[2023-08-15 22:24:49.521] [info] CMC::computeControls, t = 0.526
[2023-08-15 22:24:49.552] [info] CMC::computeControls, t = 0.527
[2023-08-15 22:24:49.568] [info] CMC::computeControls, t = 0.528
[2023-08-15 22:24:49.593] [info] CMC::computeControls, t = 0.529
[2023-08-15 22:24:49.610] [info] CMC::computeControls, t = 0.53
[2023-08-15 22:24:49.626] [info] CMC::computeControls, t = 0.531
[2023-08-15 22:24:49.645] [info] CMC::computeControls, t = 0.532
[2023-08-15 22:24:49.666] [info] CMC::computeControls, t = 0.533
[2023-08-15 22:24:49.700] [info] CMC::computeControls, t = 0.534
[2023-08-15 22:24:49.734] [info] CMC::computeControls, t = 0.535
[2023-08-15 22:24:49.767] [info] CMC::computeControls, t = 0.536
[2023-08-15 22:24:49.810] [info] CMC::computeControls, t = 0.537
[2023-08-15 22:24:49.832] [info] CMC::computeControls, t = 0.538
[2023-08-15 22:24:49.867] [info] CMC::computeControls, t = 0.539
[2023-08-15 22:24:49.886] [info] CMC::computeControls, t = 0.54
[2023-08-15 22:24:49.922] [info] CMC::computeControls, t = 0.541
[2023-08-15 22:24:49.947] [info] CMC::computeControls, t = 0.542
[2023-08-15 22:24:49.967] [info] CMC::computeControls, t = 0.543
[2023-08-15 22:24:50.002] [info] CMC::computeControls, t = 0.544
[2023-08-15 22:24:50.040] [info] CMC::computeControls, t = 0.545
[2023-08-15 22:24:50.078] [info] CMC::computeControls, t = 0.546
[2023-08-15 22:24:50.108] [info] CMC::computeControls, t = 0.547
[2023-08-15 22:24:50.128] [info] CMC::computeControls, t = 0.548
[2023-08-15 22:24:50.149] [info] CMC::computeControls, t = 0.549
[2023-08-15 22:24:50.166] [info] CMC::computeControls, t = 0.55
[2023-08-15 22:24:50.188] [info] CMC::computeControls, t = 0.551
[2023-08-15 22:24:50.215] [info] CMC::computeControls, t = 0.552
[2023-08-15 22:24:50.243] [info] CMC::computeControls, t = 0.553
[2023-08-15 22:24:50.272] [info] CMC::computeControls, t = 0.554
[2023-08-15 22:24:50.304] [info] CMC::computeControls, t = 0.555
[2023-08-15 22:24:50.331] [info] CMC::computeControls, t = 0.556
[2023-08-15 22:24:50.355] [info] CMC::computeControls, t = 0.557
[2023-08-15 22:24:50.376] [info] CMC::computeControls, t = 0.558
[2023-08-15 22:24:50.411] [info] CMC::computeControls, t = 0.559
[2023-08-15 22:24:50.431] [info] CMC::computeControls, t = 0.56
[2023-08-15 22:24:50.451] [info] CMC::computeControls, t = 0.561
[2023-08-15 22:24:50.477] [info] CMC::computeControls, t = 0.562
[2023-08-15 22:24:50.495] [info] CMC::computeControls, t = 0.563
[2023-08-15 22:24:50.519] [info] CMC::computeControls, t = 0.564
[2023-08-15 22:24:50.534] [info] CMC::computeControls, t = 0.565
[2023-08-15 22:24:50.559] [info] CMC::computeControls, t = 0.566
[2023-08-15 22:24:50.577] [info] CMC::computeControls, t = 0.567
[2023-08-15 22:24:50.601] [info] CMC::computeControls, t = 0.568
[2023-08-15 22:24:50.617] [info] CMC::computeControls, t = 0.569
[2023-08-15 22:24:50.642] [info] CMC::computeControls, t = 0.57
[2023-08-15 22:24:50.671] [info] CMC::computeControls, t = 0.571
[2023-08-15 22:24:50.693] [info] CMC::computeControls, t = 0.572
[2023-08-15 22:24:50.719] [info] CMC::computeControls, t = 0.573
[2023-08-15 22:24:50.743] [info] CMC::computeControls, t = 0.574
[2023-08-15 22:24:50.763] [info] CMC::computeControls, t = 0.575
[2023-08-15 22:24:50.779] [info] CMC::computeControls, t = 0.576
[2023-08-15 22:24:50.809] [info] CMC::computeControls, t = 0.577
[2023-08-15 22:24:50.845] [info] CMC::computeControls, t = 0.578
[2023-08-15 22:24:50.873] [info] CMC::computeControls, t = 0.579
[2023-08-15 22:24:50.904] [info] CMC::computeControls, t = 0.58
[2023-08-15 22:24:50.922] [info] CMC::computeControls, t = 0.581
[2023-08-15 22:24:50.952] [info] CMC::computeControls, t = 0.582
[2023-08-15 22:24:50.969] [info] CMC::computeControls, t = 0.583
[2023-08-15 22:24:51.001] [info] CMC::computeControls, t = 0.584
[2023-08-15 22:24:51.024] [info] CMC::computeControls, t = 0.585
[2023-08-15 22:24:51.042] [info] CMC::computeControls, t = 0.586
[2023-08-15 22:24:51.058] [info] CMC::computeControls, t = 0.587
[2023-08-15 22:24:51.074] [info] CMC::computeControls, t = 0.588
[2023-08-15 22:24:51.101] [info] CMC::computeControls, t = 0.589
[2023-08-15 22:24:51.122] [info] CMC::computeControls, t = 0.59
[2023-08-15 22:24:51.147] [info] CMC::computeControls, t = 0.591
[2023-08-15 22:24:51.170] [info] CMC::computeControls, t = 0.592
[2023-08-15 22:24:51.204] [info] CMC::computeControls, t = 0.593
[2023-08-15 22:24:51.228] [info] CMC::computeControls, t = 0.594
[2023-08-15 22:24:51.259] [info] CMC::computeControls, t = 0.595
[2023-08-15 22:24:51.286] [info] CMC::computeControls, t = 0.596
[2023-08-15 22:24:51.323] [info] CMC::computeControls, t = 0.597
[2023-08-15 22:24:51.349] [info] CMC::computeControls, t = 0.598
[2023-08-15 22:24:51.365] [info] CMC::computeControls, t = 0.599
[2023-08-15 22:24:51.393] [info] CMC::computeControls, t = 0.6
[2023-08-15 22:24:51.425] [info] CMC::computeControls, t = 0.601000
[2023-08-15 22:24:51.441] [info] CMC::computeControls, t = 0.602000
[2023-08-15 22:24:51.467] [info] CMC::computeControls, t = 0.603000
[2023-08-15 22:24:51.496] [info] CMC::computeControls, t = 0.604000
[2023-08-15 22:24:51.528] [info] CMC::computeControls, t = 0.605000
[2023-08-15 22:24:51.561] [info] CMC::computeControls, t = 0.606000
[2023-08-15 22:24:51.581] [info] CMC::computeControls, t = 0.607000
[2023-08-15 22:24:51.606] [info] CMC::computeControls, t = 0.608000
[2023-08-15 22:24:51.624] [info] CMC::computeControls, t = 0.609000
[2023-08-15 22:24:51.648] [info] CMC::computeControls, t = 0.61
[2023-08-15 22:24:51.674] [info] CMC::computeControls, t = 0.611
[2023-08-15 22:24:51.694] [info] CMC::computeControls, t = 0.612
[2023-08-15 22:24:51.721] [info] CMC::computeControls, t = 0.613
[2023-08-15 22:24:51.745] [info] CMC::computeControls, t = 0.614
[2023-08-15 22:24:51.771] [info] CMC::computeControls, t = 0.615
[2023-08-15 22:24:51.797] [info] CMC::computeControls, t = 0.616
[2023-08-15 22:24:51.833] [info] CMC::computeControls, t = 0.617
[2023-08-15 22:24:51.865] [info] CMC::computeControls, t = 0.618
[2023-08-15 22:24:51.885] [info] CMC::computeControls, t = 0.619
[2023-08-15 22:24:51.901] [info] CMC::computeControls, t = 0.62
[2023-08-15 22:24:51.926] [info] CMC::computeControls, t = 0.621
[2023-08-15 22:24:51.953] [info] CMC::computeControls, t = 0.622
[2023-08-15 22:24:51.980] [info] CMC::computeControls, t = 0.623
[2023-08-15 22:24:52.005] [info] CMC::computeControls, t = 0.624
[2023-08-15 22:24:52.025] [info] CMC::computeControls, t = 0.625
[2023-08-15 22:24:52.041] [info] CMC::computeControls, t = 0.626
[2023-08-15 22:24:52.061] [info] CMC::computeControls, t = 0.627
[2023-08-15 22:24:52.089] [info] CMC::computeControls, t = 0.628
[2023-08-15 22:24:52.106] [info] CMC::computeControls, t = 0.629
[2023-08-15 22:24:52.127] [info] CMC::computeControls, t = 0.63
[2023-08-15 22:24:52.154] [info] CMC::computeControls, t = 0.631
[2023-08-15 22:24:52.181] [info] CMC::computeControls, t = 0.632
[2023-08-15 22:24:52.212] [info] CMC::computeControls, t = 0.633
[2023-08-15 22:24:52.230] [info] CMC::computeControls, t = 0.634
[2023-08-15 22:24:52.254] [info] CMC::computeControls, t = 0.635
[2023-08-15 22:24:52.289] [info] CMC::computeControls, t = 0.636
[2023-08-15 22:24:52.309] [info] CMC::computeControls, t = 0.637
[2023-08-15 22:24:52.325] [info] CMC::computeControls, t = 0.638
[2023-08-15 22:24:52.343] [info] CMC::computeControls, t = 0.639
[2023-08-15 22:24:52.362] [info] CMC::computeControls, t = 0.64
[2023-08-15 22:24:52.386] [info] CMC::computeControls, t = 0.641
[2023-08-15 22:24:52.404] [info] CMC::computeControls, t = 0.642
[2023-08-15 22:24:52.421] [info] CMC::computeControls, t = 0.643
[2023-08-15 22:24:52.437] [info] CMC::computeControls, t = 0.644
[2023-08-15 22:24:52.452] [info] CMC::computeControls, t = 0.645
[2023-08-15 22:24:52.482] [info] CMC::computeControls, t = 0.646
[2023-08-15 22:24:52.512] [info] CMC::computeControls, t = 0.647
[2023-08-15 22:24:52.542] [info] CMC::computeControls, t = 0.648
[2023-08-15 22:24:52.574] [info] CMC::computeControls, t = 0.649
[2023-08-15 22:24:52.600] [info] CMC::computeControls, t = 0.65
[2023-08-15 22:24:52.616] [info] CMC::computeControls, t = 0.651
[2023-08-15 22:24:52.641] [info] CMC::computeControls, t = 0.652
[2023-08-15 22:24:52.658] [info] CMC::computeControls, t = 0.653
[2023-08-15 22:24:52.678] [info] CMC::computeControls, t = 0.654
[2023-08-15 22:24:52.699] [info] CMC::computeControls, t = 0.655
[2023-08-15 22:24:52.729] [info] CMC::computeControls, t = 0.656
[2023-08-15 22:24:52.745] [info] CMC::computeControls, t = 0.657
[2023-08-15 22:24:52.761] [info] CMC::computeControls, t = 0.658
[2023-08-15 22:24:52.776] [info] CMC::computeControls, t = 0.659
[2023-08-15 22:24:52.792] [info] CMC::computeControls, t = 0.66
[2023-08-15 22:24:52.833] [info] CMC::computeControls, t = 0.661
[2023-08-15 22:24:52.852] [info] CMC::computeControls, t = 0.662
[2023-08-15 22:24:52.868] [info] CMC::computeControls, t = 0.663
[2023-08-15 22:24:52.883] [info] CMC::computeControls, t = 0.664
[2023-08-15 22:24:52.899] [info] CMC::computeControls, t = 0.665
[2023-08-15 22:24:52.925] [info] CMC::computeControls, t = 0.666
[2023-08-15 22:24:52.943] [info] CMC::computeControls, t = 0.667
[2023-08-15 22:24:52.968] [info] CMC::computeControls, t = 0.668
[2023-08-15 22:24:53.003] [info] CMC::computeControls, t = 0.669
[2023-08-15 22:24:53.026] [info] CMC::computeControls, t = 0.67
[2023-08-15 22:24:53.065] [info] CMC::computeControls, t = 0.671
[2023-08-15 22:24:53.097] [info] CMC::computeControls, t = 0.672
[2023-08-15 22:24:53.116] [info] CMC::computeControls, t = 0.673
[2023-08-15 22:24:53.133] [info] CMC::computeControls, t = 0.674
[2023-08-15 22:24:53.161] [info] CMC::computeControls, t = 0.675
[2023-08-15 22:24:53.198] [info] CMC::computeControls, t = 0.676
[2023-08-15 22:24:53.237] [info] CMC::computeControls, t = 0.677
[2023-08-15 22:24:53.260] [info] CMC::computeControls, t = 0.678
[2023-08-15 22:24:53.288] [info] CMC::computeControls, t = 0.679
[2023-08-15 22:24:53.323] [info] CMC::computeControls, t = 0.68
[2023-08-15 22:24:53.350] [info] CMC::computeControls, t = 0.681
[2023-08-15 22:24:53.378] [info] CMC::computeControls, t = 0.682
[2023-08-15 22:24:53.408] [info] CMC::computeControls, t = 0.683
[2023-08-15 22:24:53.441] [info] CMC::computeControls, t = 0.684
[2023-08-15 22:24:53.461] [info] CMC::computeControls, t = 0.685
[2023-08-15 22:24:53.477] [info] CMC::computeControls, t = 0.686
[2023-08-15 22:24:53.509] [info] CMC::computeControls, t = 0.687
[2023-08-15 22:24:53.528] [info] CMC::computeControls, t = 0.688
[2023-08-15 22:24:53.549] [info] CMC::computeControls, t = 0.689
[2023-08-15 22:24:53.579] [info] -------------------------------------------
[2023-08-15 22:24:53.579] [info] Finished tracking the specified kinematics:
[2023-08-15 22:24:53.579] [info] -------------------------------------------
[2023-08-15 22:24:53.579] [info]  -- Start time = Tue Aug 15 22:24:39 2023
[2023-08-15 22:24:53.579] [info]  -- Finish time = Tue Aug 15 22:24:53 2023
[2023-08-15 22:24:53.579] [info]  -- Elapsed time = 14.0 seconds.
[2023-08-15 22:24:53.579] [info] -------------------------------------------
[2023-08-15 22:24:53.579] [info] 
[2023-08-15 22:24:53.579] [info] Printing results of investigation subject11_run5_cycle1 to cycle1/
[2023-08-15 22:24:54.168] [info] 

************************************************************
*      Summary of Mass Adjustments to Reduce Residuals     *
************************************************************
* Body adjusted: torso
* Mass Center (COM) adjustment: dx =-0.1, dz =0.00340577
* New COM location: ~[0.0699452,0.320585,-0.00340577]
************************************************************
* Recommended mass adjustments:                             
*  Total mass change: 1.85897
*  pelvis: orig mass = 10.8666, new mass = 11.1579
*  femur_r: orig mass = 8.58239, new mass = 8.81243
*  tibia_r: orig mass = 3.42091, new mass = 3.5126
*  talus_r: orig mass = 0.0922699, new mass = 0.0947431
*  calcn_r: orig mass = 1.15337, new mass = 1.18429
*  toes_r: orig mass = 0.199857, new mass = 0.205213
*  femur_l: orig mass = 8.58239, new mass = 8.81243
*  tibia_l: orig mass = 3.42091, new mass = 3.5126
*  talus_l: orig mass = 0.0922699, new mass = 0.0947431
*  calcn_l: orig mass = 1.15337, new mass = 1.18429
*  toes_l: orig mass = 0.199857, new mass = 0.205213
*  torso: orig mass = 24.7529, new mass = 25.4163
*  humerus_r: orig mass = 1.87538, new mass = 1.92565
*  ulna_r: orig mass = 0.560539, new mass = 0.575564
*  radius_r: orig mass = 0.560539, new mass = 0.575564
*  hand_r: orig mass = 0.422135, new mass = 0.43345
*  humerus_l: orig mass = 1.87538, new mass = 1.92565
*  ulna_l: orig mass = 0.560539, new mass = 0.575564
*  radius_l: orig mass = 0.560539, new mass = 0.575564
*  hand_l: orig mass = 0.422135, new mass = 0.43345
************************************************************
* Note: Edit the model to make recommended adjustments to  *
*       mass properties.                                   *
************************************************************

* Average residuals before adjusting torso COM:
*  FX=5.91817 FY=-18.2303 FZ=-4.35104
*  MX=-0.826725 MY=1.72549 MZ=-36.2447
************************************************************
* Average residuals after adjusting torso COM:
*  FX=5.55459 FY=-18.9115 FZ=-3.70539
*  MX=0.272932 MY=1.68515 MZ=-13.2313
************************************************************


[2023-08-15 22:24:54.168] [info] 
************************************************************
*                   Final Average Residuals                *
************************************************************
* After torso COM and Kinematics adjustments:
*  FX=6.40501 FY=-3.29982 FZ=-1.95776
*  MX=0.986 MY=-1.133 MZ=7.35777
************************************************************


