[2023-03-11 02:38:10.573] [info] ExternalForce::externalforce Data source being set to Run_500 01_newCOP3_v24.mot
[2023-03-11 02:38:10.573] [info] ExternalForce::externalforce_0 Data source being set to Run_500 01_newCOP3_v24.mot
[2023-03-11 02:38:11.019] [info] ExternalForce::externalforce Data source being set to Run_500 01_newCOP3_v24.mot
[2023-03-11 02:38:11.019] [info] ExternalForce::externalforce_0 Data source being set to Run_500 01_newCOP3_v24.mot
[2023-03-11 02:38:11.276] [info] ExternalForce::externalforce Data source being set to Run_500 01_newCOP3_v24.mot
[2023-03-11 02:38:11.276] [info] ExternalForce::externalforce_0 Data source being set to Run_500 01_newCOP3_v24.mot
[2023-03-11 02:38:11.442] [info] ExternalForce::externalforce Data source being set to Run_500 01_newCOP3_v24.mot
[2023-03-11 02:38:11.442] [info] ExternalForce::externalforce_0 Data source being set to Run_500 01_newCOP3_v24.mot
[2023-03-11 02:38:11.654] [info] ExternalForce::externalforce Data source being set to Run_500 01_newCOP3_v24.mot
[2023-03-11 02:38:11.654] [info] ExternalForce::externalforce_0 Data source being set to Run_500 01_newCOP3_v24.mot
[2023-03-11 02:38:11.817] [info] ExternalForce::externalforce Data source being set to Run_500 01_newCOP3_v24.mot
[2023-03-11 02:38:11.817] [info] ExternalForce::externalforce_0 Data source being set to Run_500 01_newCOP3_v24.mot
[2023-03-11 02:38:12.023] [info] ExternalForce::externalforce Data source being set to Run_500 01_newCOP3_v24.mot
[2023-03-11 02:38:12.023] [info] ExternalForce::externalforce_0 Data source being set to Run_500 01_newCOP3_v24.mot
[2023-03-11 02:38:12.220] [info] ExternalForce::externalforce Data source being set to Run_500 01_newCOP3_v24.mot
[2023-03-11 02:38:12.220] [info] ExternalForce::externalforce_0 Data source being set to Run_500 01_newCOP3_v24.mot
[2023-03-11 02:38:12.374] [info] ExternalForce::externalforce Data source being set to Run_500 01_newCOP3_v24.mot
[2023-03-11 02:38:12.374] [info] ExternalForce::externalforce_0 Data source being set to Run_500 01_newCOP3_v24.mot
[2023-03-11 02:38:12.560] [info] ExternalForce::externalforce Data source being set to Run_500 01_newCOP3_v24.mot
[2023-03-11 02:38:12.560] [info] ExternalForce::externalforce_0 Data source being set to Run_500 01_newCOP3_v24.mot
[2023-03-11 02:38:12.723] [info] ExternalForce::externalforce Data source being set to Run_500 01_newCOP3_v24.mot
[2023-03-11 02:38:12.723] [info] ExternalForce::externalforce_0 Data source being set to Run_500 01_newCOP3_v24.mot
[2023-03-11 02:38:12.921] [info] ExternalForce::externalforce Data source being set to Run_500 01_newCOP3_v24.mot
[2023-03-11 02:38:12.922] [info] ExternalForce::externalforce_0 Data source being set to Run_500 01_newCOP3_v24.mot
[2023-03-11 02:38:13.133] [info] ExternalForce::externalforce Data source being set to Run_500 01_newCOP3_v24.mot
[2023-03-11 02:38:13.133] [info] ExternalForce::externalforce_0 Data source being set to Run_500 01_newCOP3_v24.mot
[2023-03-11 02:38:13.311] [info] ExternalForce::externalforce Data source being set to Run_500 01_newCOP3_v24.mot
[2023-03-11 02:38:13.311] [info] ExternalForce::externalforce_0 Data source being set to Run_500 01_newCOP3_v24.mot
[2023-03-11 02:38:13.507] [info] ExternalForce::externalforce Data source being set to Run_500 01_newCOP3_v24.mot
[2023-03-11 02:38:13.508] [info] ExternalForce::externalforce_0 Data source being set to Run_500 01_newCOP3_v24.mot
[2023-03-11 02:38:13.705] [info] ExternalForce::externalforce Data source being set to Run_500 01_newCOP3_v24.mot
[2023-03-11 02:38:13.705] [info] ExternalForce::externalforce_0 Data source being set to Run_500 01_newCOP3_v24.mot
[2023-03-11 02:38:13.906] [info] ExternalForce::externalforce Data source being set to Run_500 01_newCOP3_v24.mot
[2023-03-11 02:38:13.906] [info] ExternalForce::externalforce_0 Data source being set to Run_500 01_newCOP3_v24.mot
[2023-03-11 02:38:14.132] [info] ExternalForce::externalforce Data source being set to Run_500 01_newCOP3_v24.mot
[2023-03-11 02:38:14.132] [info] ExternalForce::externalforce_0 Data source being set to Run_500 01_newCOP3_v24.mot
[2023-03-11 02:38:14.374] [info] ExternalForce::externalforce Data source being set to Run_500 01_newCOP3_v24.mot
[2023-03-11 02:38:14.375] [info] ExternalForce::externalforce_0 Data source being set to Run_500 01_newCOP3_v24.mot
[2023-03-11 02:38:14.578] [info] ExternalForce::externalforce Data source being set to Run_500 01_newCOP3_v24.mot
[2023-03-11 02:38:14.578] [info] ExternalForce::externalforce_0 Data source being set to Run_500 01_newCOP3_v24.mot
[2023-03-11 02:38:14.762] [info] ExternalForce::externalforce Data source being set to Run_500 01_newCOP3_v24.mot
[2023-03-11 02:38:14.762] [info] ExternalForce::externalforce_0 Data source being set to Run_500 01_newCOP3_v24.mot
[2023-03-11 02:38:15.000] [info] ExternalForce::externalforce Data source being set to Run_500 01_newCOP3_v24.mot
[2023-03-11 02:38:15.000] [info] ExternalForce::externalforce_0 Data source being set to Run_500 01_newCOP3_v24.mot
[2023-03-11 02:38:16.000] [info] ExternalForce::externalforce Data source being set to Run_500 01_newCOP3_v24.mot
[2023-03-11 02:38:16.000] [info] ExternalForce::externalforce_0 Data source being set to Run_500 01_newCOP3_v24.mot
[2023-03-11 02:38:16.194] [info] ExternalForce::externalforce Data source being set to Run_500 01_newCOP3_v24.mot
[2023-03-11 02:38:16.194] [info] ExternalForce::externalforce_0 Data source being set to Run_500 01_newCOP3_v24.mot
[2023-03-11 02:38:16.359] [info] ExternalForce::externalforce Data source being set to Run_500 01_newCOP3_v24.mot
[2023-03-11 02:38:16.359] [info] ExternalForce::externalforce_0 Data source being set to Run_500 01_newCOP3_v24.mot
[2023-03-11 02:38:16.514] [info] ExternalForce::externalforce Data source being set to Run_500 01_newCOP3_v24.mot
[2023-03-11 02:38:16.514] [info] ExternalForce::externalforce_0 Data source being set to Run_500 01_newCOP3_v24.mot
[2023-03-11 02:38:16.711] [info] ExternalForce::externalforce Data source being set to Run_500 01_newCOP3_v24.mot
[2023-03-11 02:38:16.711] [info] ExternalForce::externalforce_0 Data source being set to Run_500 01_newCOP3_v24.mot
[2023-03-11 02:38:16.863] [info] ExternalForce::externalforce Data source being set to Run_500 01_newCOP3_v24.mot
[2023-03-11 02:38:16.863] [info] ExternalForce::externalforce_0 Data source being set to Run_500 01_newCOP3_v24.mot
[2023-03-11 02:38:17.029] [info] ExternalForce::externalforce Data source being set to Run_500 01_newCOP3_v24.mot
[2023-03-11 02:38:17.029] [info] ExternalForce::externalforce_0 Data source being set to Run_500 01_newCOP3_v24.mot
[2023-03-11 02:38:17.211] [info] ExternalForce::externalforce Data source being set to Run_500 01_newCOP3_v24.mot
[2023-03-11 02:38:17.211] [info] ExternalForce::externalforce_0 Data source being set to Run_500 01_newCOP3_v24.mot
[2023-03-11 02:38:17.243] [info] ========================================================================
[2023-03-11 02:38:17.243] [info] MocoCasADiSolver starting.
[2023-03-11 02:38:17.244] [info] Sat Mar 11 02:38:17 2023
[2023-03-11 02:38:17.244] [info] ------------------------------------------------------------------------
[2023-03-11 02:38:17.244] [cout] [info] Costs: (total: 2)
[2023-03-11 02:38:17.244] [cout] [info]   state_tracking. MocoStateTrackingGoal, enabled: true, mode: cost, weight: 1.0
[2023-03-11 02:38:17.244] [cout] [info]         state: /jointset/ground_pelvis/pelvis_tilt/value, weight: 750.0
[2023-03-11 02:38:17.244] [cout] [info]         state: /jointset/ground_pelvis/pelvis_list/value, weight: 250.0
[2023-03-11 02:38:17.244] [cout] [info]         state: /jointset/ground_pelvis/pelvis_rotation/value, weight: 50.0
[2023-03-11 02:38:17.244] [cout] [info]         state: /jointset/ground_pelvis/pelvis_tx/value, weight: 25.0
[2023-03-11 02:38:17.244] [cout] [info]         state: /jointset/ground_pelvis/pelvis_ty/value, weight: 100.0
[2023-03-11 02:38:17.244] [cout] [info]         state: /jointset/ground_pelvis/pelvis_tz/value, weight: 25.0
[2023-03-11 02:38:17.244] [cout] [info]         state: /jointset/hip_r/hip_flexion_r/value, weight: 75.0
[2023-03-11 02:38:17.244] [cout] [info]         state: /jointset/hip_r/hip_adduction_r/value, weight: 50.0
[2023-03-11 02:38:17.244] [cout] [info]         state: /jointset/hip_r/hip_rotation_r/value, weight: 10.0
[2023-03-11 02:38:17.244] [cout] [info]         state: /jointset/knee_r/knee_angle_r/value, weight: 10.0
[2023-03-11 02:38:17.244] [cout] [info]         state: /jointset/ankle_r/ankle_angle_r/value, weight: 10.0
[2023-03-11 02:38:17.244] [cout] [info]         state: /jointset/hip_l/hip_flexion_l/value, weight: 75.0
[2023-03-11 02:38:17.244] [cout] [info]         state: /jointset/hip_l/hip_adduction_l/value, weight: 50.0
[2023-03-11 02:38:17.244] [cout] [info]         state: /jointset/hip_l/hip_rotation_l/value, weight: 10.0
[2023-03-11 02:38:17.244] [cout] [info]         state: /jointset/knee_l/knee_angle_l/value, weight: 10.0
[2023-03-11 02:38:17.244] [cout] [info]         state: /jointset/ankle_l/ankle_angle_l/value, weight: 10.0
[2023-03-11 02:38:17.244] [cout] [info]         state: /jointset/back/lumbar_extension/value, weight: 75.0
[2023-03-11 02:38:17.244] [cout] [info]         state: /jointset/back/lumbar_bending/value, weight: 50.0
[2023-03-11 02:38:17.244] [cout] [info]         state: /jointset/back/lumbar_rotation/value, weight: 25.0
[2023-03-11 02:38:17.244] [cout] [info]         state: /jointset/acromial_r/arm_flex_r/value, weight: 1.0
[2023-03-11 02:38:17.244] [cout] [info]         state: /jointset/acromial_r/arm_add_r/value, weight: 1.0
[2023-03-11 02:38:17.244] [cout] [info]         state: /jointset/acromial_r/arm_rot_r/value, weight: 1.0
[2023-03-11 02:38:17.244] [cout] [info]         state: /jointset/elbow_r/elbow_flex_r/value, weight: 1.0
[2023-03-11 02:38:17.244] [cout] [info]         state: /jointset/radioulnar_r/pro_sup_r/value, weight: 1.0
[2023-03-11 02:38:17.244] [cout] [info]         state: /jointset/acromial_l/arm_flex_l/value, weight: 1.0
[2023-03-11 02:38:17.245] [cout] [info]         state: /jointset/acromial_l/arm_add_l/value, weight: 1.0
[2023-03-11 02:38:17.245] [cout] [info]         state: /jointset/acromial_l/arm_rot_l/value, weight: 1.0
[2023-03-11 02:38:17.245] [cout] [info]         state: /jointset/elbow_l/elbow_flex_l/value, weight: 1.0
[2023-03-11 02:38:17.245] [cout] [info]         state: /jointset/radioulnar_l/pro_sup_l/value, weight: 1.0
[2023-03-11 02:38:17.245] [cout] [info]         state: /jointset/subtalar_r/subtalar_angle_r/value, weight: 0.0
[2023-03-11 02:38:17.245] [cout] [info]         state: /jointset/mtp_r/mtp_angle_r/value, weight: 0.0
[2023-03-11 02:38:17.245] [cout] [info]         state: /jointset/subtalar_l/subtalar_angle_l/value, weight: 0.0
[2023-03-11 02:38:17.245] [cout] [info]         state: /jointset/mtp_l/mtp_angle_l/value, weight: 0.0
[2023-03-11 02:38:17.245] [cout] [info]         state: /jointset/radius_hand_r/wrist_flex_r/value, weight: 0.0
[2023-03-11 02:38:17.245] [cout] [info]         state: /jointset/radius_hand_r/wrist_dev_r/value, weight: 0.0
[2023-03-11 02:38:17.245] [cout] [info]         state: /jointset/radius_hand_l/wrist_flex_l/value, weight: 0.0
[2023-03-11 02:38:17.245] [cout] [info]         state: /jointset/radius_hand_l/wrist_dev_l/value, weight: 0.0
[2023-03-11 02:38:17.245] [cout] [info]   control_effort. MocoControlGoal, enabled: true, mode: cost, weight: 0.00100000
[2023-03-11 02:38:17.245] [cout] [info]         control: /forceset/pelvis_tx_actuator, weight: 1.0
[2023-03-11 02:38:17.245] [cout] [info]         control: /forceset/pelvis_ty_actuator, weight: 1.0
[2023-03-11 02:38:17.245] [cout] [info]         control: /forceset/pelvis_tz_actuator, weight: 1.0
[2023-03-11 02:38:17.245] [cout] [info]         control: /forceset/pelvis_tilt_actuator, weight: 1.0
[2023-03-11 02:38:17.245] [cout] [info]         control: /forceset/pelvis_list_actuator, weight: 1.0
[2023-03-11 02:38:17.245] [cout] [info]         control: /forceset/pelvis_rotation_actuator, weight: 1.0
[2023-03-11 02:38:17.245] [cout] [info]         control: /forceset/hip_flexion_r_actuator, weight: 1.0
[2023-03-11 02:38:17.245] [cout] [info]         control: /forceset/hip_adduction_r_actuator, weight: 1.0
[2023-03-11 02:38:17.245] [cout] [info]         control: /forceset/hip_rotation_r_actuator, weight: 1.0
[2023-03-11 02:38:17.245] [cout] [info]         control: /forceset/knee_angle_r_actuator, weight: 1.0
[2023-03-11 02:38:17.245] [cout] [info]         control: /forceset/ankle_angle_r_actuator, weight: 1.0
[2023-03-11 02:38:17.245] [cout] [info]         control: /forceset/hip_flexion_l_actuator, weight: 1.0
[2023-03-11 02:38:17.245] [cout] [info]         control: /forceset/hip_adduction_l_actuator, weight: 1.0
[2023-03-11 02:38:17.245] [cout] [info]         control: /forceset/hip_rotation_l_actuator, weight: 1.0
[2023-03-11 02:38:17.245] [cout] [info]         control: /forceset/knee_angle_l_actuator, weight: 1.0
[2023-03-11 02:38:17.245] [cout] [info]         control: /forceset/ankle_angle_l_actuator, weight: 1.0
[2023-03-11 02:38:17.245] [cout] [info]         control: /forceset/lumbar_extension_actuator, weight: 1.0
[2023-03-11 02:38:17.245] [cout] [info]         control: /forceset/lumbar_bending_actuator, weight: 1.0
[2023-03-11 02:38:17.246] [cout] [info]         control: /forceset/lumbar_rotation_actuator, weight: 1.0
[2023-03-11 02:38:17.246] [cout] [info]         control: /forceset/arm_flex_r_actuator, weight: 1.0
[2023-03-11 02:38:17.246] [cout] [info]         control: /forceset/arm_add_r_actuator, weight: 1.0
[2023-03-11 02:38:17.246] [cout] [info]         control: /forceset/arm_rot_r_actuator, weight: 1.0
[2023-03-11 02:38:17.246] [cout] [info]         control: /forceset/elbow_flex_r_actuator, weight: 1.0
[2023-03-11 02:38:17.246] [cout] [info]         control: /forceset/pro_sup_r_actuator, weight: 1.0
[2023-03-11 02:38:17.246] [cout] [info]         control: /forceset/arm_flex_l_actuator, weight: 1.0
[2023-03-11 02:38:17.246] [cout] [info]         control: /forceset/arm_add_l_actuator, weight: 1.0
[2023-03-11 02:38:17.246] [cout] [info]         control: /forceset/arm_rot_l_actuator, weight: 1.0
[2023-03-11 02:38:17.246] [cout] [info]         control: /forceset/elbow_flex_l_actuator, weight: 1.0
[2023-03-11 02:38:17.246] [cout] [info]         control: /forceset/pro_sup_l_actuator, weight: 1.0
[2023-03-11 02:38:17.246] [cout] [info] Endpoint constraints: none
[2023-03-11 02:38:17.246] [cout] [info] Kinematic constraints: (total: 8)
[2023-03-11 02:38:17.246] [cout] [info]   kinematic_constraint_cid27. MocoConstraintInfo. number of scalar equations: 3. bounds: 0, 0, 0
[2023-03-11 02:38:17.246] [cout] [info]   kinematic_constraint_cid28. MocoConstraintInfo. number of scalar equations: 3. bounds: 0, 0, 0
[2023-03-11 02:38:17.246] [cout] [info]   kinematic_constraint_cid31. MocoConstraintInfo. number of scalar equations: 3. bounds: 0, 0, 0
[2023-03-11 02:38:17.246] [cout] [info]   kinematic_constraint_cid32. MocoConstraintInfo. number of scalar equations: 3. bounds: 0, 0, 0
[2023-03-11 02:38:17.246] [cout] [info]   kinematic_constraint_cid33. MocoConstraintInfo. number of scalar equations: 3. bounds: 0, 0, 0
[2023-03-11 02:38:17.246] [cout] [info]   kinematic_constraint_cid34. MocoConstraintInfo. number of scalar equations: 3. bounds: 0, 0, 0
[2023-03-11 02:38:17.246] [cout] [info]   kinematic_constraint_cid35. MocoConstraintInfo. number of scalar equations: 3. bounds: 0, 0, 0
[2023-03-11 02:38:17.246] [cout] [info]   kinematic_constraint_cid36. MocoConstraintInfo. number of scalar equations: 3. bounds: 0, 0, 0
[2023-03-11 02:38:17.246] [cout] [info] Path constraints: none
[2023-03-11 02:38:17.246] [cout] [info] States: (total: 74)
[2023-03-11 02:38:17.246] [cout] [info]   /jointset/ground_pelvis/pelvis_tilt/value. bounds: [-0.487377, 0.157619]
[2023-03-11 02:38:17.246] [cout] [info]   /jointset/ground_pelvis/pelvis_list/value. bounds: [-0.280843, 0.44629]
[2023-03-11 02:38:17.246] [cout] [info]   /jointset/radioulnar_r/pro_sup_r/value. bounds: [1.72055, 2.1607]
[2023-03-11 02:38:17.246] [cout] [info]   /jointset/ground_pelvis/pelvis_rotation/value. bounds: [-0.38625, 0.471251]
[2023-03-11 02:38:17.247] [cout] [info]   /jointset/ground_pelvis/pelvis_tx/value. bounds: [0.738996, 1.24876]
[2023-03-11 02:38:17.247] [cout] [info]   /jointset/elbow_r/elbow_flex_r/value. bounds: [0.724998, 2.26053]
[2023-03-11 02:38:17.247] [cout] [info]   /jointset/ground_pelvis/pelvis_ty/value. bounds: [0.80146, 1.11186]
[2023-03-11 02:38:17.247] [cout] [info]   /jointset/radius_hand_l/wrist_flex_l/speed. bounds: [-50, 50]
[2023-03-11 02:38:17.247] [cout] [info]   /jointset/ground_pelvis/pelvis_tz/value. bounds: [-0.562449, -0.104355]
[2023-03-11 02:38:17.247] [cout] [info]   /jointset/hip_r/hip_adduction_r/speed. bounds: [-50, 50]
[2023-03-11 02:38:17.247] [cout] [info]   /jointset/ankle_r/ankle_angle_r/value. bounds: [-0.681425, 0.63929]
[2023-03-11 02:38:17.247] [cout] [info]   /jointset/hip_r/hip_flexion_r/value. bounds: [-0.713805, 1.21186]
[2023-03-11 02:38:17.247] [cout] [info]   /jointset/hip_r/hip_adduction_r/value. bounds: [-0.641333, 0.417608]
[2023-03-11 02:38:17.247] [cout] [info]   /jointset/back/lumbar_rotation/speed. bounds: [-50, 50]
[2023-03-11 02:38:17.247] [cout] [info]   /jointset/hip_r/hip_rotation_r/value. bounds: [-0.305518, 0.340753]
[2023-03-11 02:38:17.247] [cout] [info]   /jointset/mtp_l/mtp_angle_l/speed. bounds: [-50, 50]
[2023-03-11 02:38:17.247] [cout] [info]   /jointset/knee_r/knee_angle_r/value. bounds: [-2.68372, 0.207578]
[2023-03-11 02:38:17.247] [cout] [info]   /jointset/subtalar_r/subtalar_angle_r/value. bounds: [-1.5708, 1.5708]
[2023-03-11 02:38:17.247] [cout] [info]   /jointset/hip_l/hip_flexion_l/value. bounds: [-0.71015, 1.15474]
[2023-03-11 02:38:17.247] [cout] [info]   /jointset/hip_l/hip_adduction_l/value. bounds: [-0.302432, 0.713672]
[2023-03-11 02:38:17.247] [cout] [info]   /jointset/hip_l/hip_rotation_l/value. bounds: [-0.308968, 0.382648]
[2023-03-11 02:38:17.247] [cout] [info]   /jointset/knee_l/knee_angle_l/value. bounds: [-2.51757, 0.250182]
[2023-03-11 02:38:17.247] [cout] [info]   /jointset/knee_r/knee_angle_r/speed. bounds: [-50, 50]
[2023-03-11 02:38:17.247] [cout] [info]   /jointset/ankle_l/ankle_angle_l/value. bounds: [-0.7308, 0.644762]
[2023-03-11 02:38:17.247] [cout] [info]   /jointset/back/lumbar_extension/value. bounds: [-0.394124, 0.255604]
[2023-03-11 02:38:17.247] [cout] [info]   /jointset/back/lumbar_bending/value. bounds: [-0.423998, 0.240323]
[2023-03-11 02:38:17.247] [cout] [info]   /jointset/back/lumbar_rotation/value. bounds: [-0.519421, 0.29217]
[2023-03-11 02:38:17.247] [cout] [info]   /jointset/acromial_r/arm_flex_r/value. bounds: [-1.13968, -0.190871]
[2023-03-11 02:38:17.247] [cout] [info]   /jointset/acromial_r/arm_add_r/value. bounds: [-0.688582, -0.244133]
[2023-03-11 02:38:17.247] [cout] [info]   /jointset/acromial_r/arm_rot_r/value. bounds: [-0.228491, 0.231868]
[2023-03-11 02:38:17.247] [cout] [info]   /jointset/acromial_l/arm_flex_l/value. bounds: [-1.15497, -0.176286]
[2023-03-11 02:38:17.248] [cout] [info]   /jointset/acromial_l/arm_add_l/value. bounds: [-0.617791, -0.191865]
[2023-03-11 02:38:17.248] [cout] [info]   /jointset/acromial_l/arm_rot_l/value. bounds: [-0.216659, 0.224686]
[2023-03-11 02:38:17.248] [cout] [info]   /jointset/elbow_l/elbow_flex_l/value. bounds: [1.30837, 2.4589]
[2023-03-11 02:38:17.248] [cout] [info]   /jointset/radioulnar_l/pro_sup_l/value. bounds: [1.83359, 2.33573]
[2023-03-11 02:38:17.248] [cout] [info]   /jointset/ground_pelvis/pelvis_tilt/speed. bounds: [-50, 50]
[2023-03-11 02:38:17.248] [cout] [info]   /jointset/ground_pelvis/pelvis_list/speed. bounds: [-50, 50]
[2023-03-11 02:38:17.248] [cout] [info]   /jointset/radioulnar_r/pro_sup_r/speed. bounds: [-50, 50]
[2023-03-11 02:38:17.248] [cout] [info]   /jointset/ground_pelvis/pelvis_rotation/speed. bounds: [-50, 50]
[2023-03-11 02:38:17.248] [cout] [info]   /jointset/ground_pelvis/pelvis_tx/speed. bounds: [-50, 50]
[2023-03-11 02:38:17.248] [cout] [info]   /jointset/elbow_r/elbow_flex_r/speed. bounds: [-50, 50]
[2023-03-11 02:38:17.248] [cout] [info]   /jointset/ground_pelvis/pelvis_ty/speed. bounds: [-50, 50]
[2023-03-11 02:38:17.248] [cout] [info]   /jointset/ground_pelvis/pelvis_tz/speed. bounds: [-50, 50]
[2023-03-11 02:38:17.248] [cout] [info]   /jointset/ankle_r/ankle_angle_r/speed. bounds: [-50, 50]
[2023-03-11 02:38:17.248] [cout] [info]   /jointset/hip_r/hip_flexion_r/speed. bounds: [-50, 50]
[2023-03-11 02:38:17.248] [cout] [info]   /jointset/hip_r/hip_rotation_r/speed. bounds: [-50, 50]
[2023-03-11 02:38:17.248] [cout] [info]   /jointset/hip_l/hip_flexion_l/speed. bounds: [-50, 50]
[2023-03-11 02:38:17.248] [cout] [info]   /jointset/subtalar_r/subtalar_angle_r/speed. bounds: [-50, 50]
[2023-03-11 02:38:17.248] [cout] [info]   /jointset/mtp_r/mtp_angle_r/value. bounds: [-1.5708, 1.5708]
[2023-03-11 02:38:17.248] [cout] [info]   /jointset/mtp_r/mtp_angle_r/speed. bounds: [-50, 50]
[2023-03-11 02:38:17.248] [cout] [info]   /jointset/hip_l/hip_adduction_l/speed. bounds: [-50, 50]
[2023-03-11 02:38:17.248] [cout] [info]   /jointset/hip_l/hip_rotation_l/speed. bounds: [-50, 50]
[2023-03-11 02:38:17.248] [cout] [info]   /jointset/knee_l/knee_angle_l/speed. bounds: [-50, 50]
[2023-03-11 02:38:17.248] [cout] [info]   /jointset/ankle_l/ankle_angle_l/speed. bounds: [-50, 50]
[2023-03-11 02:38:17.248] [cout] [info]   /jointset/subtalar_l/subtalar_angle_l/value. bounds: [-1.5708, 1.5708]
[2023-03-11 02:38:17.248] [cout] [info]   /jointset/subtalar_l/subtalar_angle_l/speed. bounds: [-50, 50]
[2023-03-11 02:38:17.248] [cout] [info]   /jointset/mtp_l/mtp_angle_l/value. bounds: [-1.0472, 1.0472]
[2023-03-11 02:38:17.248] [cout] [info]   /jointset/back/lumbar_extension/speed. bounds: [-50, 50]
[2023-03-11 02:38:17.249] [cout] [info]   /jointset/back/lumbar_bending/speed. bounds: [-50, 50]
[2023-03-11 02:38:17.249] [cout] [info]   /jointset/acromial_r/arm_flex_r/speed. bounds: [-50, 50]
[2023-03-11 02:38:17.249] [cout] [info]   /jointset/acromial_r/arm_add_r/speed. bounds: [-50, 50]
[2023-03-11 02:38:17.249] [cout] [info]   /jointset/acromial_r/arm_rot_r/speed. bounds: [-50, 50]
[2023-03-11 02:38:17.249] [cout] [info]   /jointset/radius_hand_r/wrist_flex_r/value. bounds: [-1.22173, 1.22173]
[2023-03-11 02:38:17.249] [cout] [info]   /jointset/radius_hand_r/wrist_flex_r/speed. bounds: [-50, 50]
[2023-03-11 02:38:17.249] [cout] [info]   /jointset/radius_hand_r/wrist_dev_r/value. bounds: [-0.436332, 0.610865]
[2023-03-11 02:38:17.249] [cout] [info]   /jointset/radius_hand_r/wrist_dev_r/speed. bounds: [-50, 50]
[2023-03-11 02:38:17.249] [cout] [info]   /jointset/acromial_l/arm_flex_l/speed. bounds: [-50, 50]
[2023-03-11 02:38:17.249] [cout] [info]   /jointset/acromial_l/arm_add_l/speed. bounds: [-50, 50]
[2023-03-11 02:38:17.249] [cout] [info]   /jointset/acromial_l/arm_rot_l/speed. bounds: [-50, 50]
[2023-03-11 02:38:17.249] [cout] [info]   /jointset/elbow_l/elbow_flex_l/speed. bounds: [-50, 50]
[2023-03-11 02:38:17.249] [cout] [info]   /jointset/radioulnar_l/pro_sup_l/speed. bounds: [-50, 50]
[2023-03-11 02:38:17.249] [cout] [info]   /jointset/radius_hand_l/wrist_flex_l/value. bounds: [-1.22173, 1.22173]
[2023-03-11 02:38:17.249] [cout] [info]   /jointset/radius_hand_l/wrist_dev_l/value. bounds: [-0.436332, 0.610865]
[2023-03-11 02:38:17.249] [cout] [info]   /jointset/radius_hand_l/wrist_dev_l/speed. bounds: [-50, 50]
[2023-03-11 02:38:17.249] [cout] [info] Controls: (total: 29)
[2023-03-11 02:38:17.249] [cout] [info]   /forceset/pelvis_tx_actuator. bounds: [-10000, 10000]
[2023-03-11 02:38:17.249] [cout] [info]   /forceset/pelvis_ty_actuator. bounds: [-10000, 10000]
[2023-03-11 02:38:17.249] [cout] [info]   /forceset/pelvis_tz_actuator. bounds: [-10000, 10000]
[2023-03-11 02:38:17.249] [cout] [info]   /forceset/arm_flex_r_actuator. bounds: [-1, 1]
[2023-03-11 02:38:17.249] [cout] [info]   /forceset/hip_rotation_r_actuator. bounds: [-1, 1]
[2023-03-11 02:38:17.249] [cout] [info]   /forceset/pelvis_tilt_actuator. bounds: [-10000, 10000]
[2023-03-11 02:38:17.249] [cout] [info]   /forceset/pelvis_list_actuator. bounds: [-10000, 10000]
[2023-03-11 02:38:17.249] [cout] [info]   /forceset/pelvis_rotation_actuator. bounds: [-10000, 10000]
[2023-03-11 02:38:17.249] [cout] [info]   /forceset/elbow_flex_l_actuator. bounds: [-1, 1]
[2023-03-11 02:38:17.249] [cout] [info]   /forceset/hip_adduction_l_actuator. bounds: [-1, 1]
[2023-03-11 02:38:17.250] [cout] [info]   /forceset/hip_flexion_r_actuator. bounds: [-1, 1]
[2023-03-11 02:38:17.250] [cout] [info]   /forceset/elbow_flex_r_actuator. bounds: [-1, 1]
[2023-03-11 02:38:17.250] [cout] [info]   /forceset/hip_flexion_l_actuator. bounds: [-1, 1]
[2023-03-11 02:38:17.250] [cout] [info]   /forceset/hip_adduction_r_actuator. bounds: [-1, 1]
[2023-03-11 02:38:17.250] [cout] [info]   /forceset/knee_angle_r_actuator. bounds: [-1, 1]
[2023-03-11 02:38:17.250] [cout] [info]   /forceset/lumbar_rotation_actuator. bounds: [-1, 1]
[2023-03-11 02:38:17.250] [cout] [info]   /forceset/ankle_angle_r_actuator. bounds: [-1, 1]
[2023-03-11 02:38:17.250] [cout] [info]   /forceset/arm_flex_l_actuator. bounds: [-1, 1]
[2023-03-11 02:38:17.250] [cout] [info]   /forceset/hip_rotation_l_actuator. bounds: [-1, 1]
[2023-03-11 02:38:17.250] [cout] [info]   /forceset/knee_angle_l_actuator. bounds: [-1, 1]
[2023-03-11 02:38:17.250] [cout] [info]   /forceset/ankle_angle_l_actuator. bounds: [-1, 1]
[2023-03-11 02:38:17.250] [cout] [info]   /forceset/lumbar_extension_actuator. bounds: [-1, 1]
[2023-03-11 02:38:17.250] [cout] [info]   /forceset/lumbar_bending_actuator. bounds: [-1, 1]
[2023-03-11 02:38:17.250] [cout] [info]   /forceset/arm_add_r_actuator. bounds: [-1, 1]
[2023-03-11 02:38:17.250] [cout] [info]   /forceset/arm_rot_r_actuator. bounds: [-1, 1]
[2023-03-11 02:38:17.250] [cout] [info]   /forceset/pro_sup_r_actuator. bounds: [-1, 1]
[2023-03-11 02:38:17.250] [cout] [info]   /forceset/arm_add_l_actuator. bounds: [-1, 1]
[2023-03-11 02:38:17.250] [cout] [info]   /forceset/arm_rot_l_actuator. bounds: [-1, 1]
[2023-03-11 02:38:17.250] [cout] [info]   /forceset/pro_sup_l_actuator. bounds: [-1, 1]
[2023-03-11 02:38:17.250] [cout] [info] Parameters: none
[2023-03-11 02:38:17.373] [info] ExternalForce::externalforce Data source being set to Run_500 01_newCOP3_v24.mot
[2023-03-11 02:38:17.373] [info] ExternalForce::externalforce_0 Data source being set to Run_500 01_newCOP3_v24.mot
[2023-03-11 02:38:17.536] [info] ExternalForce::externalforce Data source being set to Run_500 01_newCOP3_v24.mot
[2023-03-11 02:38:17.536] [info] ExternalForce::externalforce_0 Data source being set to Run_500 01_newCOP3_v24.mot
[2023-03-11 02:38:17.714] [info] ExternalForce::externalforce Data source being set to Run_500 01_newCOP3_v24.mot
[2023-03-11 02:38:17.714] [info] ExternalForce::externalforce_0 Data source being set to Run_500 01_newCOP3_v24.mot
[2023-03-11 02:38:17.892] [info] ExternalForce::externalforce Data source being set to Run_500 01_newCOP3_v24.mot
[2023-03-11 02:38:17.892] [info] ExternalForce::externalforce_0 Data source being set to Run_500 01_newCOP3_v24.mot
[2023-03-11 02:38:18.099] [info] ExternalForce::externalforce Data source being set to Run_500 01_newCOP3_v24.mot
[2023-03-11 02:38:18.099] [info] ExternalForce::externalforce_0 Data source being set to Run_500 01_newCOP3_v24.mot
[2023-03-11 02:38:18.249] [info] ExternalForce::externalforce Data source being set to Run_500 01_newCOP3_v24.mot
[2023-03-11 02:38:18.249] [info] ExternalForce::externalforce_0 Data source being set to Run_500 01_newCOP3_v24.mot
[2023-03-11 02:38:18.437] [info] ExternalForce::externalforce Data source being set to Run_500 01_newCOP3_v24.mot
[2023-03-11 02:38:18.437] [info] ExternalForce::externalforce_0 Data source being set to Run_500 01_newCOP3_v24.mot
[2023-03-11 02:38:18.587] [info] ExternalForce::externalforce Data source being set to Run_500 01_newCOP3_v24.mot
[2023-03-11 02:38:18.587] [info] ExternalForce::externalforce_0 Data source being set to Run_500 01_newCOP3_v24.mot
[2023-03-11 02:38:18.756] [info] ExternalForce::externalforce Data source being set to Run_500 01_newCOP3_v24.mot
[2023-03-11 02:38:18.756] [info] ExternalForce::externalforce_0 Data source being set to Run_500 01_newCOP3_v24.mot
[2023-03-11 02:38:18.912] [info] ExternalForce::externalforce Data source being set to Run_500 01_newCOP3_v24.mot
[2023-03-11 02:38:18.912] [info] ExternalForce::externalforce_0 Data source being set to Run_500 01_newCOP3_v24.mot
[2023-03-11 02:38:19.092] [info] ExternalForce::externalforce Data source being set to Run_500 01_newCOP3_v24.mot
[2023-03-11 02:38:19.092] [info] ExternalForce::externalforce_0 Data source being set to Run_500 01_newCOP3_v24.mot
[2023-03-11 02:38:19.263] [info] ExternalForce::externalforce Data source being set to Run_500 01_newCOP3_v24.mot
[2023-03-11 02:38:19.263] [info] ExternalForce::externalforce_0 Data source being set to Run_500 01_newCOP3_v24.mot
[2023-03-11 02:38:19.453] [info] ExternalForce::externalforce Data source being set to Run_500 01_newCOP3_v24.mot
[2023-03-11 02:38:19.453] [info] ExternalForce::externalforce_0 Data source being set to Run_500 01_newCOP3_v24.mot
[2023-03-11 02:38:19.683] [info] ExternalForce::externalforce Data source being set to Run_500 01_newCOP3_v24.mot
[2023-03-11 02:38:19.683] [info] ExternalForce::externalforce_0 Data source being set to Run_500 01_newCOP3_v24.mot
[2023-03-11 02:38:19.853] [info] ExternalForce::externalforce Data source being set to Run_500 01_newCOP3_v24.mot
[2023-03-11 02:38:19.853] [info] ExternalForce::externalforce_0 Data source being set to Run_500 01_newCOP3_v24.mot
[2023-03-11 02:38:20.025] [info] ExternalForce::externalforce Data source being set to Run_500 01_newCOP3_v24.mot
[2023-03-11 02:38:20.025] [info] ExternalForce::externalforce_0 Data source being set to Run_500 01_newCOP3_v24.mot
[2023-03-11 02:38:20.072] [info] Number of threads: 8
[2023-03-11 03:06:27.536] [info] Set log level to Info.
[2023-03-11 03:06:27.548] [info] ------------------------------------------------------------------------
[2023-03-11 03:06:27.548] [info] Elapsed real time: 1690 second(s) (28 minute(s), 10 second(s)).
[2023-03-11 03:06:27.548] [info] Sat Mar 11 03:06:27 2023
[2023-03-11 03:06:27.548] [info] MocoCasADiSolver succeeded!
[2023-03-11 03:06:27.548] [info] ========================================================================
[2023-03-11 03:06:27.965] [info] Loaded model subject17_scaled from file ..\..\model\subject17_adjusted_scaled.osim
[2023-03-11 03:06:28.712] [cout] [info] 
               MODEL: subject17_scaled
         coordinates: 37
              forces: 92
           actuators: 92
             muscles: 92
            analyses: 0
              probes: 0
              bodies: 20
              joints: 20
         constraints: 0
             markers: 56
         controllers: 0
  contact geometries: 0
misc modelcomponents: 0
[2023-03-11 03:06:28.712] [info] Running tool subject10_scaled...
[2023-03-11 03:06:28.743] [warning] ExternalLoads 'externalloads' has subcomponents with duplicate name 'externalforce'. The duplicate is being renamed to 'externalforce_0'.
[2023-03-11 03:06:28.834] [info] ExternalForce::externalforce Data source being set to Run_500 01_newCOP3_v24.mot
[2023-03-11 03:06:28.834] [info] ExternalForce::externalforce_0 Data source being set to Run_500 01_newCOP3_v24.mot
[2023-03-11 03:06:29.401] [info] InverseDynamicsTool: 135 time frames in 467 millisecond(s).
[2023-12-06 05:16:35.180] [info] ExternalForce::externalforce Data source being set to Run_500 01_newCOP3_v24.mot
[2023-12-06 05:16:35.191] [info] ExternalForce::externalforce_0 Data source being set to Run_500 01_newCOP3_v24.mot
[2023-12-06 05:16:35.511] [info] ExternalForce::externalforce Data source being set to Run_500 01_newCOP3_v24.mot
[2023-12-06 05:16:35.511] [info] ExternalForce::externalforce_0 Data source being set to Run_500 01_newCOP3_v24.mot
[2023-12-06 05:16:35.606] [info] ExternalForce::externalforce Data source being set to Run_500 01_newCOP3_v24.mot
[2023-12-06 05:16:35.606] [info] ExternalForce::externalforce_0 Data source being set to Run_500 01_newCOP3_v24.mot
[2023-12-06 05:16:35.670] [info] ExternalForce::externalforce Data source being set to Run_500 01_newCOP3_v24.mot
[2023-12-06 05:16:35.671] [info] ExternalForce::externalforce_0 Data source being set to Run_500 01_newCOP3_v24.mot
[2023-12-06 05:16:35.744] [info] ExternalForce::externalforce Data source being set to Run_500 01_newCOP3_v24.mot
[2023-12-06 05:16:35.744] [info] ExternalForce::externalforce_0 Data source being set to Run_500 01_newCOP3_v24.mot
[2023-12-06 05:16:35.806] [info] ExternalForce::externalforce Data source being set to Run_500 01_newCOP3_v24.mot
[2023-12-06 05:16:35.806] [info] ExternalForce::externalforce_0 Data source being set to Run_500 01_newCOP3_v24.mot
[2023-12-06 05:16:35.885] [info] ExternalForce::externalforce Data source being set to Run_500 01_newCOP3_v24.mot
[2023-12-06 05:16:35.885] [info] ExternalForce::externalforce_0 Data source being set to Run_500 01_newCOP3_v24.mot
[2023-12-06 05:16:35.945] [info] ExternalForce::externalforce Data source being set to Run_500 01_newCOP3_v24.mot
[2023-12-06 05:16:35.945] [info] ExternalForce::externalforce_0 Data source being set to Run_500 01_newCOP3_v24.mot
[2023-12-06 05:16:36.017] [info] ExternalForce::externalforce Data source being set to Run_500 01_newCOP3_v24.mot
[2023-12-06 05:16:36.017] [info] ExternalForce::externalforce_0 Data source being set to Run_500 01_newCOP3_v24.mot
[2023-12-06 05:16:36.078] [info] ExternalForce::externalforce Data source being set to Run_500 01_newCOP3_v24.mot
[2023-12-06 05:16:36.078] [info] ExternalForce::externalforce_0 Data source being set to Run_500 01_newCOP3_v24.mot
[2023-12-06 05:16:36.154] [info] ExternalForce::externalforce Data source being set to Run_500 01_newCOP3_v24.mot
[2023-12-06 05:16:36.154] [info] ExternalForce::externalforce_0 Data source being set to Run_500 01_newCOP3_v24.mot
[2023-12-06 05:16:36.218] [info] ExternalForce::externalforce Data source being set to Run_500 01_newCOP3_v24.mot
[2023-12-06 05:16:36.218] [info] ExternalForce::externalforce_0 Data source being set to Run_500 01_newCOP3_v24.mot
[2023-12-06 05:16:36.294] [info] ExternalForce::externalforce Data source being set to Run_500 01_newCOP3_v24.mot
[2023-12-06 05:16:36.294] [info] ExternalForce::externalforce_0 Data source being set to Run_500 01_newCOP3_v24.mot
[2023-12-06 05:16:36.359] [info] ExternalForce::externalforce Data source being set to Run_500 01_newCOP3_v24.mot
[2023-12-06 05:16:36.359] [info] ExternalForce::externalforce_0 Data source being set to Run_500 01_newCOP3_v24.mot
[2023-12-06 05:16:36.436] [info] ExternalForce::externalforce Data source being set to Run_500 01_newCOP3_v24.mot
[2023-12-06 05:16:36.436] [info] ExternalForce::externalforce_0 Data source being set to Run_500 01_newCOP3_v24.mot
[2023-12-06 05:16:36.498] [info] ExternalForce::externalforce Data source being set to Run_500 01_newCOP3_v24.mot
[2023-12-06 05:16:36.498] [info] ExternalForce::externalforce_0 Data source being set to Run_500 01_newCOP3_v24.mot
[2023-12-06 05:16:36.573] [info] ExternalForce::externalforce Data source being set to Run_500 01_newCOP3_v24.mot
[2023-12-06 05:16:36.574] [info] ExternalForce::externalforce_0 Data source being set to Run_500 01_newCOP3_v24.mot
[2023-12-06 05:16:36.634] [info] ExternalForce::externalforce Data source being set to Run_500 01_newCOP3_v24.mot
[2023-12-06 05:16:36.634] [info] ExternalForce::externalforce_0 Data source being set to Run_500 01_newCOP3_v24.mot
[2023-12-06 05:16:36.714] [info] ExternalForce::externalforce Data source being set to Run_500 01_newCOP3_v24.mot
[2023-12-06 05:16:36.714] [info] ExternalForce::externalforce_0 Data source being set to Run_500 01_newCOP3_v24.mot
[2023-12-06 05:16:36.775] [info] ExternalForce::externalforce Data source being set to Run_500 01_newCOP3_v24.mot
[2023-12-06 05:16:36.775] [info] ExternalForce::externalforce_0 Data source being set to Run_500 01_newCOP3_v24.mot
[2023-12-06 05:16:36.849] [info] ExternalForce::externalforce Data source being set to Run_500 01_newCOP3_v24.mot
[2023-12-06 05:16:36.849] [info] ExternalForce::externalforce_0 Data source being set to Run_500 01_newCOP3_v24.mot
[2023-12-06 05:16:36.913] [info] ExternalForce::externalforce Data source being set to Run_500 01_newCOP3_v24.mot
[2023-12-06 05:16:36.913] [info] ExternalForce::externalforce_0 Data source being set to Run_500 01_newCOP3_v24.mot
[2023-12-06 05:16:37.303] [info] ExternalForce::externalforce Data source being set to Run_500 01_newCOP3_v24.mot
[2023-12-06 05:16:37.303] [info] ExternalForce::externalforce_0 Data source being set to Run_500 01_newCOP3_v24.mot
[2023-12-06 05:16:37.358] [info] ExternalForce::externalforce Data source being set to Run_500 01_newCOP3_v24.mot
[2023-12-06 05:16:37.358] [info] ExternalForce::externalforce_0 Data source being set to Run_500 01_newCOP3_v24.mot
[2023-12-06 05:16:37.425] [info] ExternalForce::externalforce Data source being set to Run_500 01_newCOP3_v24.mot
[2023-12-06 05:16:37.425] [info] ExternalForce::externalforce_0 Data source being set to Run_500 01_newCOP3_v24.mot
[2023-12-06 05:16:37.482] [info] ExternalForce::externalforce Data source being set to Run_500 01_newCOP3_v24.mot
[2023-12-06 05:16:37.482] [info] ExternalForce::externalforce_0 Data source being set to Run_500 01_newCOP3_v24.mot
[2023-12-06 05:16:37.583] [info] ExternalForce::externalforce Data source being set to Run_500 01_newCOP3_v24.mot
[2023-12-06 05:16:37.583] [info] ExternalForce::externalforce_0 Data source being set to Run_500 01_newCOP3_v24.mot
[2023-12-06 05:16:37.635] [info] ExternalForce::externalforce Data source being set to Run_500 01_newCOP3_v24.mot
[2023-12-06 05:16:37.635] [info] ExternalForce::externalforce_0 Data source being set to Run_500 01_newCOP3_v24.mot
[2023-12-06 05:16:37.701] [info] ExternalForce::externalforce Data source being set to Run_500 01_newCOP3_v24.mot
[2023-12-06 05:16:37.701] [info] ExternalForce::externalforce_0 Data source being set to Run_500 01_newCOP3_v24.mot
[2023-12-06 05:16:37.754] [info] ExternalForce::externalforce Data source being set to Run_500 01_newCOP3_v24.mot
[2023-12-06 05:16:37.754] [info] ExternalForce::externalforce_0 Data source being set to Run_500 01_newCOP3_v24.mot
[2023-12-06 05:16:37.773] [info] ========================================================================
[2023-12-06 05:16:37.773] [info] MocoCasADiSolver starting.
[2023-12-06 05:16:37.773] [info] Wed Dec  6 05:16:37 2023
[2023-12-06 05:16:37.773] [info] ------------------------------------------------------------------------
[2023-12-06 05:16:37.773] [cout] [info] Costs: (total: 2)
[2023-12-06 05:16:37.773] [cout] [info]   state_tracking. MocoStateTrackingGoal, enabled: true, mode: cost, weight: 1.0
[2023-12-06 05:16:37.773] [cout] [info]         state: /jointset/ground_pelvis/pelvis_tilt/value, weight: 750.0
[2023-12-06 05:16:37.773] [cout] [info]         state: /jointset/ground_pelvis/pelvis_list/value, weight: 250.0
[2023-12-06 05:16:37.773] [cout] [info]         state: /jointset/ground_pelvis/pelvis_rotation/value, weight: 50.0
[2023-12-06 05:16:37.773] [cout] [info]         state: /jointset/ground_pelvis/pelvis_tx/value, weight: 25.0
[2023-12-06 05:16:37.773] [cout] [info]         state: /jointset/ground_pelvis/pelvis_ty/value, weight: 100.0
[2023-12-06 05:16:37.773] [cout] [info]         state: /jointset/ground_pelvis/pelvis_tz/value, weight: 25.0
[2023-12-06 05:16:37.773] [cout] [info]         state: /jointset/hip_r/hip_flexion_r/value, weight: 75.0
[2023-12-06 05:16:37.773] [cout] [info]         state: /jointset/hip_r/hip_adduction_r/value, weight: 50.0
[2023-12-06 05:16:37.773] [cout] [info]         state: /jointset/hip_r/hip_rotation_r/value, weight: 10.0
[2023-12-06 05:16:37.773] [cout] [info]         state: /jointset/knee_r/knee_angle_r/value, weight: 10.0
[2023-12-06 05:16:37.773] [cout] [info]         state: /jointset/ankle_r/ankle_angle_r/value, weight: 10.0
[2023-12-06 05:16:37.773] [cout] [info]         state: /jointset/hip_l/hip_flexion_l/value, weight: 75.0
[2023-12-06 05:16:37.774] [cout] [info]         state: /jointset/hip_l/hip_adduction_l/value, weight: 50.0
[2023-12-06 05:16:37.774] [cout] [info]         state: /jointset/hip_l/hip_rotation_l/value, weight: 10.0
[2023-12-06 05:16:37.774] [cout] [info]         state: /jointset/knee_l/knee_angle_l/value, weight: 10.0
[2023-12-06 05:16:37.774] [cout] [info]         state: /jointset/ankle_l/ankle_angle_l/value, weight: 10.0
[2023-12-06 05:16:37.774] [cout] [info]         state: /jointset/back/lumbar_extension/value, weight: 75.0
[2023-12-06 05:16:37.774] [cout] [info]         state: /jointset/back/lumbar_bending/value, weight: 50.0
[2023-12-06 05:16:37.774] [cout] [info]         state: /jointset/back/lumbar_rotation/value, weight: 25.0
[2023-12-06 05:16:37.774] [cout] [info]         state: /jointset/acromial_r/arm_flex_r/value, weight: 1.0
[2023-12-06 05:16:37.774] [cout] [info]         state: /jointset/acromial_r/arm_add_r/value, weight: 1.0
[2023-12-06 05:16:37.774] [cout] [info]         state: /jointset/acromial_r/arm_rot_r/value, weight: 1.0
[2023-12-06 05:16:37.774] [cout] [info]         state: /jointset/elbow_r/elbow_flex_r/value, weight: 1.0
[2023-12-06 05:16:37.774] [cout] [info]         state: /jointset/radioulnar_r/pro_sup_r/value, weight: 1.0
[2023-12-06 05:16:37.774] [cout] [info]         state: /jointset/acromial_l/arm_flex_l/value, weight: 1.0
[2023-12-06 05:16:37.774] [cout] [info]         state: /jointset/acromial_l/arm_add_l/value, weight: 1.0
[2023-12-06 05:16:37.774] [cout] [info]         state: /jointset/acromial_l/arm_rot_l/value, weight: 1.0
[2023-12-06 05:16:37.774] [cout] [info]         state: /jointset/elbow_l/elbow_flex_l/value, weight: 1.0
[2023-12-06 05:16:37.774] [cout] [info]         state: /jointset/radioulnar_l/pro_sup_l/value, weight: 1.0
[2023-12-06 05:16:37.774] [cout] [info]         state: /jointset/subtalar_r/subtalar_angle_r/value, weight: 0.0
[2023-12-06 05:16:37.774] [cout] [info]         state: /jointset/mtp_r/mtp_angle_r/value, weight: 0.0
[2023-12-06 05:16:37.774] [cout] [info]         state: /jointset/subtalar_l/subtalar_angle_l/value, weight: 0.0
[2023-12-06 05:16:37.774] [cout] [info]         state: /jointset/mtp_l/mtp_angle_l/value, weight: 0.0
[2023-12-06 05:16:37.774] [cout] [info]         state: /jointset/radius_hand_r/wrist_flex_r/value, weight: 0.0
[2023-12-06 05:16:37.774] [cout] [info]         state: /jointset/radius_hand_r/wrist_dev_r/value, weight: 0.0
[2023-12-06 05:16:37.774] [cout] [info]         state: /jointset/radius_hand_l/wrist_flex_l/value, weight: 0.0
[2023-12-06 05:16:37.774] [cout] [info]         state: /jointset/radius_hand_l/wrist_dev_l/value, weight: 0.0
[2023-12-06 05:16:37.774] [cout] [info]         state: /jointset/ground_pelvis/pelvis_tilt/speed, weight: 7.5
[2023-12-06 05:16:37.774] [cout] [info]         state: /jointset/ground_pelvis/pelvis_list/speed, weight: 2.5
[2023-12-06 05:16:37.774] [cout] [info]         state: /jointset/ground_pelvis/pelvis_rotation/speed, weight: 0.5
[2023-12-06 05:16:37.774] [cout] [info]         state: /jointset/ground_pelvis/pelvis_tx/speed, weight: 0.25
[2023-12-06 05:16:37.774] [cout] [info]         state: /jointset/ground_pelvis/pelvis_ty/speed, weight: 1.0
[2023-12-06 05:16:37.774] [cout] [info]         state: /jointset/ground_pelvis/pelvis_tz/speed, weight: 0.25
[2023-12-06 05:16:37.774] [cout] [info]         state: /jointset/hip_r/hip_flexion_r/speed, weight: 0.75
[2023-12-06 05:16:37.774] [cout] [info]         state: /jointset/hip_r/hip_adduction_r/speed, weight: 0.5
[2023-12-06 05:16:37.774] [cout] [info]         state: /jointset/hip_r/hip_rotation_r/speed, weight: 0.1
[2023-12-06 05:16:37.774] [cout] [info]         state: /jointset/knee_r/knee_angle_r/speed, weight: 0.1
[2023-12-06 05:16:37.774] [cout] [info]         state: /jointset/ankle_r/ankle_angle_r/speed, weight: 0.1
[2023-12-06 05:16:37.774] [cout] [info]         state: /jointset/subtalar_r/subtalar_angle_r/speed, weight: 0.0
[2023-12-06 05:16:37.774] [cout] [info]         state: /jointset/mtp_r/mtp_angle_r/speed, weight: 0.0
[2023-12-06 05:16:37.774] [cout] [info]         state: /jointset/hip_l/hip_flexion_l/speed, weight: 0.75
[2023-12-06 05:16:37.774] [cout] [info]         state: /jointset/hip_l/hip_adduction_l/speed, weight: 0.5
[2023-12-06 05:16:37.774] [cout] [info]         state: /jointset/hip_l/hip_rotation_l/speed, weight: 0.1
[2023-12-06 05:16:37.774] [cout] [info]         state: /jointset/knee_l/knee_angle_l/speed, weight: 0.1
[2023-12-06 05:16:37.774] [cout] [info]         state: /jointset/ankle_l/ankle_angle_l/speed, weight: 0.1
[2023-12-06 05:16:37.774] [cout] [info]         state: /jointset/subtalar_l/subtalar_angle_l/speed, weight: 0.0
[2023-12-06 05:16:37.774] [cout] [info]         state: /jointset/mtp_l/mtp_angle_l/speed, weight: 0.0
[2023-12-06 05:16:37.774] [cout] [info]         state: /jointset/back/lumbar_extension/speed, weight: 0.75
[2023-12-06 05:16:37.774] [cout] [info]         state: /jointset/back/lumbar_bending/speed, weight: 0.5
[2023-12-06 05:16:37.774] [cout] [info]         state: /jointset/back/lumbar_rotation/speed, weight: 0.25
[2023-12-06 05:16:37.774] [cout] [info]         state: /jointset/acromial_r/arm_flex_r/speed, weight: 0.01
[2023-12-06 05:16:37.774] [cout] [info]         state: /jointset/acromial_r/arm_add_r/speed, weight: 0.01
[2023-12-06 05:16:37.774] [cout] [info]         state: /jointset/acromial_r/arm_rot_r/speed, weight: 0.01
[2023-12-06 05:16:37.774] [cout] [info]         state: /jointset/elbow_r/elbow_flex_r/speed, weight: 0.01
[2023-12-06 05:16:37.774] [cout] [info]         state: /jointset/radioulnar_r/pro_sup_r/speed, weight: 0.01
[2023-12-06 05:16:37.774] [cout] [info]         state: /jointset/radius_hand_r/wrist_flex_r/speed, weight: 0.0
[2023-12-06 05:16:37.774] [cout] [info]         state: /jointset/radius_hand_r/wrist_dev_r/speed, weight: 0.0
[2023-12-06 05:16:37.774] [cout] [info]         state: /jointset/acromial_l/arm_flex_l/speed, weight: 0.01
[2023-12-06 05:16:37.774] [cout] [info]         state: /jointset/acromial_l/arm_add_l/speed, weight: 0.01
[2023-12-06 05:16:37.774] [cout] [info]         state: /jointset/acromial_l/arm_rot_l/speed, weight: 0.01
[2023-12-06 05:16:37.774] [cout] [info]         state: /jointset/elbow_l/elbow_flex_l/speed, weight: 0.01
[2023-12-06 05:16:37.774] [cout] [info]         state: /jointset/radioulnar_l/pro_sup_l/speed, weight: 0.01
[2023-12-06 05:16:37.774] [cout] [info]         state: /jointset/radius_hand_l/wrist_flex_l/speed, weight: 0.0
[2023-12-06 05:16:37.774] [cout] [info]         state: /jointset/radius_hand_l/wrist_dev_l/speed, weight: 0.0
[2023-12-06 05:16:37.774] [cout] [info]   control_effort. MocoControlGoal, enabled: true, mode: cost, weight: 0.00100000
[2023-12-06 05:16:37.774] [cout] [info]         control: /forceset/pelvis_tx_actuator, weight: 1.0
[2023-12-06 05:16:37.774] [cout] [info]         control: /forceset/pelvis_ty_actuator, weight: 1.0
[2023-12-06 05:16:37.774] [cout] [info]         control: /forceset/pelvis_tz_actuator, weight: 1.0
[2023-12-06 05:16:37.774] [cout] [info]         control: /forceset/pelvis_tilt_actuator, weight: 1.0
[2023-12-06 05:16:37.774] [cout] [info]         control: /forceset/pelvis_list_actuator, weight: 1.0
[2023-12-06 05:16:37.774] [cout] [info]         control: /forceset/pelvis_rotation_actuator, weight: 1.0
[2023-12-06 05:16:37.774] [cout] [info]         control: /forceset/hip_flexion_r_actuator, weight: 1.0
[2023-12-06 05:16:37.774] [cout] [info]         control: /forceset/hip_adduction_r_actuator, weight: 1.0
[2023-12-06 05:16:37.774] [cout] [info]         control: /forceset/hip_rotation_r_actuator, weight: 1.0
[2023-12-06 05:16:37.774] [cout] [info]         control: /forceset/knee_angle_r_actuator, weight: 1.0
[2023-12-06 05:16:37.774] [cout] [info]         control: /forceset/ankle_angle_r_actuator, weight: 1.0
[2023-12-06 05:16:37.774] [cout] [info]         control: /forceset/hip_flexion_l_actuator, weight: 1.0
[2023-12-06 05:16:37.774] [cout] [info]         control: /forceset/hip_adduction_l_actuator, weight: 1.0
[2023-12-06 05:16:37.774] [cout] [info]         control: /forceset/hip_rotation_l_actuator, weight: 1.0
[2023-12-06 05:16:37.774] [cout] [info]         control: /forceset/knee_angle_l_actuator, weight: 1.0
[2023-12-06 05:16:37.774] [cout] [info]         control: /forceset/ankle_angle_l_actuator, weight: 1.0
[2023-12-06 05:16:37.774] [cout] [info]         control: /forceset/lumbar_extension_actuator, weight: 1.0
[2023-12-06 05:16:37.774] [cout] [info]         control: /forceset/lumbar_bending_actuator, weight: 1.0
[2023-12-06 05:16:37.774] [cout] [info]         control: /forceset/lumbar_rotation_actuator, weight: 1.0
[2023-12-06 05:16:37.774] [cout] [info]         control: /forceset/arm_flex_r_actuator, weight: 1.0
[2023-12-06 05:16:37.774] [cout] [info]         control: /forceset/arm_add_r_actuator, weight: 1.0
[2023-12-06 05:16:37.774] [cout] [info]         control: /forceset/arm_rot_r_actuator, weight: 1.0
[2023-12-06 05:16:37.774] [cout] [info]         control: /forceset/elbow_flex_r_actuator, weight: 1.0
[2023-12-06 05:16:37.774] [cout] [info]         control: /forceset/pro_sup_r_actuator, weight: 1.0
[2023-12-06 05:16:37.774] [cout] [info]         control: /forceset/arm_flex_l_actuator, weight: 1.0
[2023-12-06 05:16:37.774] [cout] [info]         control: /forceset/arm_add_l_actuator, weight: 1.0
[2023-12-06 05:16:37.774] [cout] [info]         control: /forceset/arm_rot_l_actuator, weight: 1.0
[2023-12-06 05:16:37.774] [cout] [info]         control: /forceset/elbow_flex_l_actuator, weight: 1.0
[2023-12-06 05:16:37.774] [cout] [info]         control: /forceset/pro_sup_l_actuator, weight: 1.0
[2023-12-06 05:16:37.774] [cout] [info] Endpoint constraints: none
[2023-12-06 05:16:37.774] [cout] [info] Kinematic constraints: (total: 8)
[2023-12-06 05:16:37.774] [cout] [info]   kinematic_constraint_cid27. MocoConstraintInfo. number of scalar equations: 3. bounds: 0, 0, 0
[2023-12-06 05:16:37.774] [cout] [info]   kinematic_constraint_cid28. MocoConstraintInfo. number of scalar equations: 3. bounds: 0, 0, 0
[2023-12-06 05:16:37.774] [cout] [info]   kinematic_constraint_cid31. MocoConstraintInfo. number of scalar equations: 3. bounds: 0, 0, 0
[2023-12-06 05:16:37.774] [cout] [info]   kinematic_constraint_cid32. MocoConstraintInfo. number of scalar equations: 3. bounds: 0, 0, 0
[2023-12-06 05:16:37.774] [cout] [info]   kinematic_constraint_cid33. MocoConstraintInfo. number of scalar equations: 3. bounds: 0, 0, 0
[2023-12-06 05:16:37.774] [cout] [info]   kinematic_constraint_cid34. MocoConstraintInfo. number of scalar equations: 3. bounds: 0, 0, 0
[2023-12-06 05:16:37.774] [cout] [info]   kinematic_constraint_cid35. MocoConstraintInfo. number of scalar equations: 3. bounds: 0, 0, 0
[2023-12-06 05:16:37.774] [cout] [info]   kinematic_constraint_cid36. MocoConstraintInfo. number of scalar equations: 3. bounds: 0, 0, 0
[2023-12-06 05:16:37.774] [cout] [info] Path constraints: none
[2023-12-06 05:16:37.774] [cout] [info] States: (total: 74)
[2023-12-06 05:16:37.774] [cout] [info]   /jointset/ground_pelvis/pelvis_tilt/value. bounds: [-0.487377, 0.157619]
[2023-12-06 05:16:37.774] [cout] [info]   /jointset/ground_pelvis/pelvis_list/value. bounds: [-0.280843, 0.44629]
[2023-12-06 05:16:37.774] [cout] [info]   /jointset/radioulnar_r/pro_sup_r/value. bounds: [1.72055, 2.1607]
[2023-12-06 05:16:37.774] [cout] [info]   /jointset/ground_pelvis/pelvis_rotation/value. bounds: [-0.38625, 0.471251]
[2023-12-06 05:16:37.775] [cout] [info]   /jointset/ground_pelvis/pelvis_tx/value. bounds: [0.738996, 1.24876]
[2023-12-06 05:16:37.775] [cout] [info]   /jointset/elbow_r/elbow_flex_r/value. bounds: [0.724998, 2.26053]
[2023-12-06 05:16:37.775] [cout] [info]   /jointset/ground_pelvis/pelvis_ty/value. bounds: [0.80146, 1.11186]
[2023-12-06 05:16:37.775] [cout] [info]   /jointset/radius_hand_l/wrist_flex_l/speed. bounds: [-50, 50]
[2023-12-06 05:16:37.775] [cout] [info]   /jointset/ground_pelvis/pelvis_tz/value. bounds: [-0.562449, -0.104355]
[2023-12-06 05:16:37.775] [cout] [info]   /jointset/hip_r/hip_adduction_r/speed. bounds: [-50, 50]
[2023-12-06 05:16:37.775] [cout] [info]   /jointset/ankle_r/ankle_angle_r/value. bounds: [-0.681425, 0.63929]
[2023-12-06 05:16:37.775] [cout] [info]   /jointset/hip_r/hip_flexion_r/value. bounds: [-0.713805, 1.21186]
[2023-12-06 05:16:37.775] [cout] [info]   /jointset/hip_r/hip_adduction_r/value. bounds: [-0.641333, 0.417608]
[2023-12-06 05:16:37.775] [cout] [info]   /jointset/back/lumbar_rotation/speed. bounds: [-50, 50]
[2023-12-06 05:16:37.775] [cout] [info]   /jointset/hip_r/hip_rotation_r/value. bounds: [-0.305518, 0.340753]
[2023-12-06 05:16:37.775] [cout] [info]   /jointset/mtp_l/mtp_angle_l/speed. bounds: [-50, 50]
[2023-12-06 05:16:37.775] [cout] [info]   /jointset/knee_r/knee_angle_r/value. bounds: [-2.68372, 0.207578]
[2023-12-06 05:16:37.775] [cout] [info]   /jointset/subtalar_r/subtalar_angle_r/value. bounds: [-1.5708, 1.5708]
[2023-12-06 05:16:37.775] [cout] [info]   /jointset/hip_l/hip_flexion_l/value. bounds: [-0.71015, 1.15474]
[2023-12-06 05:16:37.775] [cout] [info]   /jointset/hip_l/hip_adduction_l/value. bounds: [-0.302432, 0.713672]
[2023-12-06 05:16:37.775] [cout] [info]   /jointset/hip_l/hip_rotation_l/value. bounds: [-0.308968, 0.382648]
[2023-12-06 05:16:37.775] [cout] [info]   /jointset/knee_l/knee_angle_l/value. bounds: [-2.51757, 0.250182]
[2023-12-06 05:16:37.775] [cout] [info]   /jointset/knee_r/knee_angle_r/speed. bounds: [-50, 50]
[2023-12-06 05:16:37.775] [cout] [info]   /jointset/ankle_l/ankle_angle_l/value. bounds: [-0.7308, 0.644762]
[2023-12-06 05:16:37.775] [cout] [info]   /jointset/back/lumbar_extension/value. bounds: [-0.394124, 0.255604]
[2023-12-06 05:16:37.775] [cout] [info]   /jointset/back/lumbar_bending/value. bounds: [-0.423998, 0.240323]
[2023-12-06 05:16:37.775] [cout] [info]   /jointset/back/lumbar_rotation/value. bounds: [-0.519421, 0.292171]
[2023-12-06 05:16:37.775] [cout] [info]   /jointset/acromial_r/arm_flex_r/value. bounds: [-1.13968, -0.190871]
[2023-12-06 05:16:37.775] [cout] [info]   /jointset/acromial_r/arm_add_r/value. bounds: [-0.688582, -0.244133]
[2023-12-06 05:16:37.775] [cout] [info]   /jointset/acromial_r/arm_rot_r/value. bounds: [-0.228491, 0.231868]
[2023-12-06 05:16:37.775] [cout] [info]   /jointset/acromial_l/arm_flex_l/value. bounds: [-1.15497, -0.176286]
[2023-12-06 05:16:37.775] [cout] [info]   /jointset/acromial_l/arm_add_l/value. bounds: [-0.617791, -0.191865]
[2023-12-06 05:16:37.775] [cout] [info]   /jointset/acromial_l/arm_rot_l/value. bounds: [-0.216659, 0.224686]
[2023-12-06 05:16:37.775] [cout] [info]   /jointset/elbow_l/elbow_flex_l/value. bounds: [1.30837, 2.4589]
[2023-12-06 05:16:37.775] [cout] [info]   /jointset/radioulnar_l/pro_sup_l/value. bounds: [1.83359, 2.33573]
[2023-12-06 05:16:37.775] [cout] [info]   /jointset/ground_pelvis/pelvis_tilt/speed. bounds: [-50, 50]
[2023-12-06 05:16:37.775] [cout] [info]   /jointset/ground_pelvis/pelvis_list/speed. bounds: [-50, 50]
[2023-12-06 05:16:37.775] [cout] [info]   /jointset/radioulnar_r/pro_sup_r/speed. bounds: [-50, 50]
[2023-12-06 05:16:37.775] [cout] [info]   /jointset/ground_pelvis/pelvis_rotation/speed. bounds: [-50, 50]
[2023-12-06 05:16:37.775] [cout] [info]   /jointset/ground_pelvis/pelvis_tx/speed. bounds: [-50, 50]
[2023-12-06 05:16:37.775] [cout] [info]   /jointset/elbow_r/elbow_flex_r/speed. bounds: [-50, 50]
[2023-12-06 05:16:37.775] [cout] [info]   /jointset/ground_pelvis/pelvis_ty/speed. bounds: [-50, 50]
[2023-12-06 05:16:37.775] [cout] [info]   /jointset/ground_pelvis/pelvis_tz/speed. bounds: [-50, 50]
[2023-12-06 05:16:37.775] [cout] [info]   /jointset/ankle_r/ankle_angle_r/speed. bounds: [-50, 50]
[2023-12-06 05:16:37.775] [cout] [info]   /jointset/hip_r/hip_flexion_r/speed. bounds: [-50, 50]
[2023-12-06 05:16:37.775] [cout] [info]   /jointset/hip_r/hip_rotation_r/speed. bounds: [-50, 50]
[2023-12-06 05:16:37.775] [cout] [info]   /jointset/hip_l/hip_flexion_l/speed. bounds: [-50, 50]
[2023-12-06 05:16:37.775] [cout] [info]   /jointset/subtalar_r/subtalar_angle_r/speed. bounds: [-50, 50]
[2023-12-06 05:16:37.775] [cout] [info]   /jointset/mtp_r/mtp_angle_r/value. bounds: [-1.5708, 1.5708]
[2023-12-06 05:16:37.775] [cout] [info]   /jointset/mtp_r/mtp_angle_r/speed. bounds: [-50, 50]
[2023-12-06 05:16:37.775] [cout] [info]   /jointset/hip_l/hip_adduction_l/speed. bounds: [-50, 50]
[2023-12-06 05:16:37.775] [cout] [info]   /jointset/hip_l/hip_rotation_l/speed. bounds: [-50, 50]
[2023-12-06 05:16:37.775] [cout] [info]   /jointset/knee_l/knee_angle_l/speed. bounds: [-50, 50]
[2023-12-06 05:16:37.775] [cout] [info]   /jointset/ankle_l/ankle_angle_l/speed. bounds: [-50, 50]
[2023-12-06 05:16:37.775] [cout] [info]   /jointset/subtalar_l/subtalar_angle_l/value. bounds: [-1.5708, 1.5708]
[2023-12-06 05:16:37.775] [cout] [info]   /jointset/subtalar_l/subtalar_angle_l/speed. bounds: [-50, 50]
[2023-12-06 05:16:37.775] [cout] [info]   /jointset/mtp_l/mtp_angle_l/value. bounds: [-1.0472, 1.0472]
[2023-12-06 05:16:37.775] [cout] [info]   /jointset/back/lumbar_extension/speed. bounds: [-50, 50]
[2023-12-06 05:16:37.775] [cout] [info]   /jointset/back/lumbar_bending/speed. bounds: [-50, 50]
[2023-12-06 05:16:37.775] [cout] [info]   /jointset/acromial_r/arm_flex_r/speed. bounds: [-50, 50]
[2023-12-06 05:16:37.775] [cout] [info]   /jointset/acromial_r/arm_add_r/speed. bounds: [-50, 50]
[2023-12-06 05:16:37.775] [cout] [info]   /jointset/acromial_r/arm_rot_r/speed. bounds: [-50, 50]
[2023-12-06 05:16:37.775] [cout] [info]   /jointset/radius_hand_r/wrist_flex_r/value. bounds: [-1.22173, 1.22173]
[2023-12-06 05:16:37.775] [cout] [info]   /jointset/radius_hand_r/wrist_flex_r/speed. bounds: [-50, 50]
[2023-12-06 05:16:37.775] [cout] [info]   /jointset/radius_hand_r/wrist_dev_r/value. bounds: [-0.436332, 0.610865]
[2023-12-06 05:16:37.775] [cout] [info]   /jointset/radius_hand_r/wrist_dev_r/speed. bounds: [-50, 50]
[2023-12-06 05:16:37.775] [cout] [info]   /jointset/acromial_l/arm_flex_l/speed. bounds: [-50, 50]
[2023-12-06 05:16:37.775] [cout] [info]   /jointset/acromial_l/arm_add_l/speed. bounds: [-50, 50]
[2023-12-06 05:16:37.775] [cout] [info]   /jointset/acromial_l/arm_rot_l/speed. bounds: [-50, 50]
[2023-12-06 05:16:37.775] [cout] [info]   /jointset/elbow_l/elbow_flex_l/speed. bounds: [-50, 50]
[2023-12-06 05:16:37.775] [cout] [info]   /jointset/radioulnar_l/pro_sup_l/speed. bounds: [-50, 50]
[2023-12-06 05:16:37.775] [cout] [info]   /jointset/radius_hand_l/wrist_flex_l/value. bounds: [-1.22173, 1.22173]
[2023-12-06 05:16:37.775] [cout] [info]   /jointset/radius_hand_l/wrist_dev_l/value. bounds: [-0.436332, 0.610865]
[2023-12-06 05:16:37.775] [cout] [info]   /jointset/radius_hand_l/wrist_dev_l/speed. bounds: [-50, 50]
[2023-12-06 05:16:37.775] [cout] [info] Controls: (total: 29)
[2023-12-06 05:16:37.775] [cout] [info]   /forceset/pelvis_tx_actuator. bounds: [-10000, 10000]
[2023-12-06 05:16:37.775] [cout] [info]   /forceset/pelvis_ty_actuator. bounds: [-10000, 10000]
[2023-12-06 05:16:37.775] [cout] [info]   /forceset/pelvis_tz_actuator. bounds: [-10000, 10000]
[2023-12-06 05:16:37.775] [cout] [info]   /forceset/arm_flex_r_actuator. bounds: [-1, 1]
[2023-12-06 05:16:37.775] [cout] [info]   /forceset/hip_rotation_r_actuator. bounds: [-1, 1]
[2023-12-06 05:16:37.775] [cout] [info]   /forceset/pelvis_tilt_actuator. bounds: [-10000, 10000]
[2023-12-06 05:16:37.775] [cout] [info]   /forceset/pelvis_list_actuator. bounds: [-10000, 10000]
[2023-12-06 05:16:37.775] [cout] [info]   /forceset/pelvis_rotation_actuator. bounds: [-10000, 10000]
[2023-12-06 05:16:37.775] [cout] [info]   /forceset/elbow_flex_l_actuator. bounds: [-1, 1]
[2023-12-06 05:16:37.775] [cout] [info]   /forceset/hip_adduction_l_actuator. bounds: [-1, 1]
[2023-12-06 05:16:37.775] [cout] [info]   /forceset/hip_flexion_r_actuator. bounds: [-1, 1]
[2023-12-06 05:16:37.775] [cout] [info]   /forceset/elbow_flex_r_actuator. bounds: [-1, 1]
[2023-12-06 05:16:37.775] [cout] [info]   /forceset/hip_flexion_l_actuator. bounds: [-1, 1]
[2023-12-06 05:16:37.775] [cout] [info]   /forceset/hip_adduction_r_actuator. bounds: [-1, 1]
[2023-12-06 05:16:37.775] [cout] [info]   /forceset/knee_angle_r_actuator. bounds: [-1, 1]
[2023-12-06 05:16:37.775] [cout] [info]   /forceset/lumbar_rotation_actuator. bounds: [-1, 1]
[2023-12-06 05:16:37.775] [cout] [info]   /forceset/ankle_angle_r_actuator. bounds: [-1, 1]
[2023-12-06 05:16:37.775] [cout] [info]   /forceset/arm_flex_l_actuator. bounds: [-1, 1]
[2023-12-06 05:16:37.776] [cout] [info]   /forceset/hip_rotation_l_actuator. bounds: [-1, 1]
[2023-12-06 05:16:37.776] [cout] [info]   /forceset/knee_angle_l_actuator. bounds: [-1, 1]
[2023-12-06 05:16:37.776] [cout] [info]   /forceset/ankle_angle_l_actuator. bounds: [-1, 1]
[2023-12-06 05:16:37.776] [cout] [info]   /forceset/lumbar_extension_actuator. bounds: [-1, 1]
[2023-12-06 05:16:37.776] [cout] [info]   /forceset/lumbar_bending_actuator. bounds: [-1, 1]
[2023-12-06 05:16:37.776] [cout] [info]   /forceset/arm_add_r_actuator. bounds: [-1, 1]
[2023-12-06 05:16:37.776] [cout] [info]   /forceset/arm_rot_r_actuator. bounds: [-1, 1]
[2023-12-06 05:16:37.776] [cout] [info]   /forceset/pro_sup_r_actuator. bounds: [-1, 1]
[2023-12-06 05:16:37.776] [cout] [info]   /forceset/arm_add_l_actuator. bounds: [-1, 1]
[2023-12-06 05:16:37.776] [cout] [info]   /forceset/arm_rot_l_actuator. bounds: [-1, 1]
[2023-12-06 05:16:37.776] [cout] [info]   /forceset/pro_sup_l_actuator. bounds: [-1, 1]
[2023-12-06 05:16:37.776] [cout] [info] Parameters: none
[2023-12-06 05:16:37.824] [info] ExternalForce::externalforce Data source being set to Run_500 01_newCOP3_v24.mot
[2023-12-06 05:16:37.825] [info] ExternalForce::externalforce_0 Data source being set to Run_500 01_newCOP3_v24.mot
[2023-12-06 05:16:37.880] [info] ExternalForce::externalforce Data source being set to Run_500 01_newCOP3_v24.mot
[2023-12-06 05:16:37.880] [info] ExternalForce::externalforce_0 Data source being set to Run_500 01_newCOP3_v24.mot
[2023-12-06 05:16:37.945] [info] ExternalForce::externalforce Data source being set to Run_500 01_newCOP3_v24.mot
[2023-12-06 05:16:37.946] [info] ExternalForce::externalforce_0 Data source being set to Run_500 01_newCOP3_v24.mot
[2023-12-06 05:16:38.000] [info] ExternalForce::externalforce Data source being set to Run_500 01_newCOP3_v24.mot
[2023-12-06 05:16:38.000] [info] ExternalForce::externalforce_0 Data source being set to Run_500 01_newCOP3_v24.mot
[2023-12-06 05:16:38.072] [info] ExternalForce::externalforce Data source being set to Run_500 01_newCOP3_v24.mot
[2023-12-06 05:16:38.072] [info] ExternalForce::externalforce_0 Data source being set to Run_500 01_newCOP3_v24.mot
[2023-12-06 05:16:38.125] [info] ExternalForce::externalforce Data source being set to Run_500 01_newCOP3_v24.mot
[2023-12-06 05:16:38.125] [info] ExternalForce::externalforce_0 Data source being set to Run_500 01_newCOP3_v24.mot
[2023-12-06 05:16:38.190] [info] ExternalForce::externalforce Data source being set to Run_500 01_newCOP3_v24.mot
[2023-12-06 05:16:38.190] [info] ExternalForce::externalforce_0 Data source being set to Run_500 01_newCOP3_v24.mot
[2023-12-06 05:16:38.244] [info] ExternalForce::externalforce Data source being set to Run_500 01_newCOP3_v24.mot
[2023-12-06 05:16:38.244] [info] ExternalForce::externalforce_0 Data source being set to Run_500 01_newCOP3_v24.mot
[2023-12-06 05:16:38.309] [info] ExternalForce::externalforce Data source being set to Run_500 01_newCOP3_v24.mot
[2023-12-06 05:16:38.309] [info] ExternalForce::externalforce_0 Data source being set to Run_500 01_newCOP3_v24.mot
[2023-12-06 05:16:38.365] [info] ExternalForce::externalforce Data source being set to Run_500 01_newCOP3_v24.mot
[2023-12-06 05:16:38.365] [info] ExternalForce::externalforce_0 Data source being set to Run_500 01_newCOP3_v24.mot
[2023-12-06 05:16:38.435] [info] ExternalForce::externalforce Data source being set to Run_500 01_newCOP3_v24.mot
[2023-12-06 05:16:38.435] [info] ExternalForce::externalforce_0 Data source being set to Run_500 01_newCOP3_v24.mot
[2023-12-06 05:16:38.494] [info] ExternalForce::externalforce Data source being set to Run_500 01_newCOP3_v24.mot
[2023-12-06 05:16:38.494] [info] ExternalForce::externalforce_0 Data source being set to Run_500 01_newCOP3_v24.mot
[2023-12-06 05:16:38.561] [info] ExternalForce::externalforce Data source being set to Run_500 01_newCOP3_v24.mot
[2023-12-06 05:16:38.561] [info] ExternalForce::externalforce_0 Data source being set to Run_500 01_newCOP3_v24.mot
[2023-12-06 05:16:38.624] [info] ExternalForce::externalforce Data source being set to Run_500 01_newCOP3_v24.mot
[2023-12-06 05:16:38.624] [info] ExternalForce::externalforce_0 Data source being set to Run_500 01_newCOP3_v24.mot
[2023-12-06 05:16:38.689] [info] ExternalForce::externalforce Data source being set to Run_500 01_newCOP3_v24.mot
[2023-12-06 05:16:38.689] [info] ExternalForce::externalforce_0 Data source being set to Run_500 01_newCOP3_v24.mot
[2023-12-06 05:16:38.745] [info] ExternalForce::externalforce Data source being set to Run_500 01_newCOP3_v24.mot
[2023-12-06 05:16:38.745] [info] ExternalForce::externalforce_0 Data source being set to Run_500 01_newCOP3_v24.mot
[2023-12-06 05:16:38.764] [info] Number of threads: 8
[2023-12-06 05:34:59.620] [info] Set log level to Info.
[2023-12-06 05:34:59.645] [info] ------------------------------------------------------------------------
[2023-12-06 05:34:59.645] [info] Elapsed real time: 1102 second(s) (18 minute(s), 22 second(s)).
[2023-12-06 05:34:59.645] [info] Wed Dec  6 05:34:59 2023
[2023-12-06 05:34:59.645] [info] MocoCasADiSolver succeeded!
[2023-12-06 05:34:59.645] [info] ========================================================================
