[2023-08-15 21:57:03.489] [info] AbstractTool subject01_run5_cycle2 loading model ..\..\model\subject01_adjusted_scaled.osim
[2023-08-15 21:57:03.526] [info] Loaded model subject01_scaled from file ..\..\model\subject01_adjusted_scaled.osim
[2023-08-15 21:57:03.566] [info] Adding force object set from subject01_run5_RRA_Actuators.xml
[2023-08-15 21:57:03.571] [info] Running tool subject01_run5_cycle2.
[2023-08-15 21:57:03.586] [warning] ExternalLoads 'externalloads' has subcomponents with duplicate name 'externalforce'. The duplicate is being renamed to 'externalforce_0'.
[2023-08-15 21:57:03.598] [info] 	taskSet size = 29.
[2023-08-15 21:57:03.644] [info] ExternalForce::externalforce Data source being set to Run_500 02_newCOP3_v24.mot
[2023-08-15 21:57:03.644] [info] ExternalForce::externalforce_0 Data source being set to Run_500 02_newCOP3_v24.mot
[2023-08-15 21:57:03.647] [warning] A desired points file was not specified.
[2023-08-15 21:57:03.647] [info] Loading desired kinematics from file '..\..\ik\Run_5.mot'...
[2023-08-15 21:57:03.647] [info] Old version storage/motion file encountered
[2023-08-15 21:57:03.647] [info] Storage: read data file = ..\..\ik\Run_5.mot (nr=393 nc=164)
[2023-08-15 21:57:03.647] [info] .. assuming rotations in Degrees..
[2023-08-15 21:57:03.681] [info] Low-pass filtering desired kinematics with a cutoff frequency of 15.0...
[2023-08-15 21:57:03.804] [cout] [info] MODEL: subject01_scaled

numStates = 74
numCoordinates = 37
numSpeeds = 37
numActuators = 29
numBodies = 20
numConstraints = 0
numProbes = 0

ANALYSES (total: 0)

BODIES (total: 20)
body[0] = pelvis. mass: 11.4128
              moments of inertia:  ~[0.0967035,0.0967035,0.0562156]
              products of inertia: ~[0,0,0]
body[1] = femur_r. mass: 9.01374
              moments of inertia:  ~[0.170153,0.0446031,0.179429]
              products of inertia: ~[0,0,0]
body[2] = tibia_r. mass: 3.59284
              moments of inertia:  ~[0.0546712,0.0055322,0.0554305]
              products of inertia: ~[0,0,0]
body[3] = talus_r. mass: 0.0969073
              moments of inertia:  ~[0.00142711,0.00142711,0.00142711]
              products of inertia: ~[0,0,0]
body[4] = calcn_r. mass: 1.21134
              moments of inertia:  ~[0.00199795,0.00556571,0.00585113]
              products of inertia: ~[0,0,0]
body[5] = toes_r. mass: 0.209901
              moments of inertia:  ~[0.000142711,0.000285421,0.00142711]
              products of inertia: ~[0,0,0]
body[6] = femur_l. mass: 9.01374
              moments of inertia:  ~[0.170153,0.0446031,0.179429]
              products of inertia: ~[0,0,0]
body[7] = tibia_l. mass: 3.59284
              moments of inertia:  ~[0.0546712,0.0055322,0.0554305]
              products of inertia: ~[0,0,0]
body[8] = talus_l. mass: 0.0969073
              moments of inertia:  ~[0.00142711,0.00142711,0.00142711]
              products of inertia: ~[0,0,0]
body[9] = calcn_l. mass: 1.21134
              moments of inertia:  ~[0.00199795,0.00556571,0.00585113]
              products of inertia: ~[0,0,0]
body[10] = toes_l. mass: 0.209901
              moments of inertia:  ~[0.000142711,0.000285421,0.00142711]
              products of inertia: ~[0,0,0]
body[11] = torso. mass: 25.9969
              moments of inertia:  ~[1.50848,0.77291,1.46439]
              products of inertia: ~[0,0,0]
body[12] = humerus_r. mass: 1.96964
              moments of inertia:  ~[0.0141243,0.00487245,0.0158541]
              products of inertia: ~[0,0,0]
body[13] = ulna_r. mass: 0.588712
              moments of inertia:  ~[0.00354855,0.00074038,0.00384926]
              products of inertia: ~[0,0,0]
body[14] = radius_r. mass: 0.588712
              moments of inertia:  ~[0.00354855,0.00074038,0.00384926]
              products of inertia: ~[0,0,0]
body[15] = hand_r. mass: 0.443351
              moments of inertia:  ~[0.00106864,0.00065532,0.00160535]
              products of inertia: ~[0,0,0]
body[16] = humerus_l. mass: 1.96964
              moments of inertia:  ~[0.0143116,0.00493706,0.0160643]
              products of inertia: ~[0,0,0]
body[17] = ulna_l. mass: 0.588712
              moments of inertia:  ~[0.00354855,0.00074038,0.00384926]
              products of inertia: ~[0,0,0]
body[18] = radius_l. mass: 0.588712
              moments of inertia:  ~[0.00354855,0.00074038,0.00384926]
              products of inertia: ~[0,0,0]
body[19] = hand_l. mass: 0.443351
              moments of inertia:  ~[0.00106864,0.00065532,0.00160535]
              products of inertia: ~[0,0,0]

JOINTS (total: 20)
joint[0] = ground_pelvis. parent: ground_offset, child: pelvis_offset
joint[1] = hip_r. parent: pelvis_offset, child: femur_r_offset
joint[2] = knee_r. parent: femur_r_offset, child: tibia_r_offset
joint[3] = ankle_r. parent: tibia_r_offset, child: talus_r_offset
joint[4] = subtalar_r. parent: talus_r_offset, child: calcn_r_offset
joint[5] = mtp_r. parent: calcn_r_offset, child: toes_r_offset
joint[6] = hip_l. parent: pelvis_offset, child: femur_l_offset
joint[7] = knee_l. parent: femur_l_offset, child: tibia_l_offset
joint[8] = ankle_l. parent: tibia_l_offset, child: talus_l_offset
joint[9] = subtalar_l. parent: talus_l_offset, child: calcn_l_offset
joint[10] = mtp_l. parent: calcn_l_offset, child: toes_l_offset
joint[11] = back. parent: pelvis_offset, child: torso_offset
joint[12] = acromial_r. parent: torso_offset, child: humerus_r_offset
joint[13] = elbow_r. parent: humerus_r_offset, child: ulna_r_offset
joint[14] = radioulnar_r. parent: ulna_r_offset, child: radius_r_offset
joint[15] = radius_hand_r. parent: radius_r_offset, child: hand_r_offset
joint[16] = acromial_l. parent: torso_offset, child: humerus_l_offset
joint[17] = elbow_l. parent: humerus_l_offset, child: ulna_l_offset
joint[18] = radioulnar_l. parent: ulna_l_offset, child: radius_l_offset
joint[19] = radius_hand_l. parent: radius_l_offset, child: hand_l_offset

ACTUATORS (total: 29)
actuator[0] = FX
actuator[1] = FY
actuator[2] = FZ
actuator[3] = MZ
actuator[4] = MX
actuator[5] = MY
actuator[6] = hip_flexion_r
actuator[7] = hip_adduction_r
actuator[8] = hip_rotation_r
actuator[9] = knee_angle_r
actuator[10] = ankle_angle_r
actuator[11] = hip_flexion_l
actuator[12] = hip_adduction_l
actuator[13] = hip_rotation_l
actuator[14] = knee_angle_l
actuator[15] = ankle_angle_l
actuator[16] = lumbar_extension
actuator[17] = lumbar_bending
actuator[18] = lumbar_rotation
actuator[19] = arm_flex_r
actuator[20] = arm_add_r
actuator[21] = arm_rot_r
actuator[22] = elbow_flex_r
actuator[23] = pro_sup_r
actuator[24] = arm_flex_l
actuator[25] = arm_add_l
actuator[26] = arm_rot_l
actuator[27] = elbow_flex_l
actuator[28] = pro_sup_l

STATES (total: 74)
y[0] = /jointset/ground_pelvis/pelvis_tilt/value
y[1] = /jointset/ground_pelvis/pelvis_tilt/speed
y[2] = /jointset/ground_pelvis/pelvis_list/value
y[3] = /jointset/ground_pelvis/pelvis_list/speed
y[4] = /jointset/ground_pelvis/pelvis_rotation/value
y[5] = /jointset/ground_pelvis/pelvis_rotation/speed
y[6] = /jointset/ground_pelvis/pelvis_tx/value
y[7] = /jointset/ground_pelvis/pelvis_tx/speed
y[8] = /jointset/ground_pelvis/pelvis_ty/value
y[9] = /jointset/ground_pelvis/pelvis_ty/speed
y[10] = /jointset/ground_pelvis/pelvis_tz/value
y[11] = /jointset/ground_pelvis/pelvis_tz/speed
y[12] = /jointset/hip_r/hip_flexion_r/value
y[13] = /jointset/hip_r/hip_flexion_r/speed
y[14] = /jointset/hip_r/hip_adduction_r/value
y[15] = /jointset/hip_r/hip_adduction_r/speed
y[16] = /jointset/hip_r/hip_rotation_r/value
y[17] = /jointset/hip_r/hip_rotation_r/speed
y[18] = /jointset/knee_r/knee_angle_r/value
y[19] = /jointset/knee_r/knee_angle_r/speed
y[20] = /jointset/ankle_r/ankle_angle_r/value
y[21] = /jointset/ankle_r/ankle_angle_r/speed
y[22] = /jointset/subtalar_r/subtalar_angle_r/value
y[23] = /jointset/subtalar_r/subtalar_angle_r/speed
y[24] = /jointset/mtp_r/mtp_angle_r/value
y[25] = /jointset/mtp_r/mtp_angle_r/speed
y[26] = /jointset/hip_l/hip_flexion_l/value
y[27] = /jointset/hip_l/hip_flexion_l/speed
y[28] = /jointset/hip_l/hip_adduction_l/value
y[29] = /jointset/hip_l/hip_adduction_l/speed
y[30] = /jointset/hip_l/hip_rotation_l/value
y[31] = /jointset/hip_l/hip_rotation_l/speed
y[32] = /jointset/knee_l/knee_angle_l/value
y[33] = /jointset/knee_l/knee_angle_l/speed
y[34] = /jointset/ankle_l/ankle_angle_l/value
y[35] = /jointset/ankle_l/ankle_angle_l/speed
y[36] = /jointset/subtalar_l/subtalar_angle_l/value
y[37] = /jointset/subtalar_l/subtalar_angle_l/speed
y[38] = /jointset/mtp_l/mtp_angle_l/value
y[39] = /jointset/mtp_l/mtp_angle_l/speed
y[40] = /jointset/back/lumbar_extension/value
y[41] = /jointset/back/lumbar_extension/speed
y[42] = /jointset/back/lumbar_bending/value
y[43] = /jointset/back/lumbar_bending/speed
y[44] = /jointset/back/lumbar_rotation/value
y[45] = /jointset/back/lumbar_rotation/speed
y[46] = /jointset/acromial_r/arm_flex_r/value
y[47] = /jointset/acromial_r/arm_flex_r/speed
y[48] = /jointset/acromial_r/arm_add_r/value
y[49] = /jointset/acromial_r/arm_add_r/speed
y[50] = /jointset/acromial_r/arm_rot_r/value
y[51] = /jointset/acromial_r/arm_rot_r/speed
y[52] = /jointset/elbow_r/elbow_flex_r/value
y[53] = /jointset/elbow_r/elbow_flex_r/speed
y[54] = /jointset/radioulnar_r/pro_sup_r/value
y[55] = /jointset/radioulnar_r/pro_sup_r/speed
y[56] = /jointset/radius_hand_r/wrist_flex_r/value
y[57] = /jointset/radius_hand_r/wrist_flex_r/speed
y[58] = /jointset/radius_hand_r/wrist_dev_r/value
y[59] = /jointset/radius_hand_r/wrist_dev_r/speed
y[60] = /jointset/acromial_l/arm_flex_l/value
y[61] = /jointset/acromial_l/arm_flex_l/speed
y[62] = /jointset/acromial_l/arm_add_l/value
y[63] = /jointset/acromial_l/arm_add_l/speed
y[64] = /jointset/acromial_l/arm_rot_l/value
y[65] = /jointset/acromial_l/arm_rot_l/speed
y[66] = /jointset/elbow_l/elbow_flex_l/value
y[67] = /jointset/elbow_l/elbow_flex_l/speed
y[68] = /jointset/radioulnar_l/pro_sup_l/value
y[69] = /jointset/radioulnar_l/pro_sup_l/speed
y[70] = /jointset/radius_hand_l/wrist_flex_l/value
y[71] = /jointset/radius_hand_l/wrist_flex_l/speed
y[72] = /jointset/radius_hand_l/wrist_dev_l/value
y[73] = /jointset/radius_hand_l/wrist_dev_l/speed

[2023-08-15 21:57:04.037] [info] Requested COM adjustment time range 1.143 to 1.777, clamped to nearest available data times: 1.14 to 1.77.
[2023-08-15 21:57:04.037] [info] Computing average residuals between 1.14 and 1.77...
[2023-08-15 21:57:04.080] [info] ExternalForce::externalforce Data source being set to Run_500 02_newCOP3_v24.mot
[2023-08-15 21:57:04.080] [info] ExternalForce::externalforce_0 Data source being set to Run_500 02_newCOP3_v24.mot
[2023-08-15 21:57:04.114] [info] ExternalForce::externalforce Data source being set to Run_500 02_newCOP3_v24.mot
[2023-08-15 21:57:04.114] [info] ExternalForce::externalforce_0 Data source being set to Run_500 02_newCOP3_v24.mot
[2023-08-15 21:57:04.804] [info] ExternalForce::externalforce Data source being set to Run_500 02_newCOP3_v24.mot
[2023-08-15 21:57:04.804] [info] ExternalForce::externalforce_0 Data source being set to Run_500 02_newCOP3_v24.mot
[2023-08-15 21:57:04.807] [info] Computing average residuals between 1.14 and 1.77...
[2023-08-15 21:57:04.851] [info] ExternalForce::externalforce Data source being set to Run_500 02_newCOP3_v24.mot
[2023-08-15 21:57:04.851] [info] ExternalForce::externalforce_0 Data source being set to Run_500 02_newCOP3_v24.mot
[2023-08-15 21:57:04.886] [info] ExternalForce::externalforce Data source being set to Run_500 02_newCOP3_v24.mot
[2023-08-15 21:57:04.886] [info] ExternalForce::externalforce_0 Data source being set to Run_500 02_newCOP3_v24.mot
[2023-08-15 21:57:05.533] [info] Constructing function set for tracking desired kinematics...
[2023-08-15 21:57:05.900] [warning] No Actuation analysis found in analysis set, adding one...
[2023-08-15 21:57:05.900] [warning] No Kinematics analysis found in analysis set, adding one...
[2023-08-15 21:57:05.902] [info] Using the generalized coordinates specified in '..\..\ik\Run_5.mot' to set the initial configuration.
[2023-08-15 21:57:05.990] [info] Using IPOPT optimizer algorithm.
[2023-08-15 21:57:05.990] [info] Setting optimizer print level to 0.
[2023-08-15 21:57:05.990] [info] Setting optimizer convergence tolerance to 1.0e-05.
[2023-08-15 21:57:05.990] [info] Setting optimizer maximum iterations to 2000.
[2023-08-15 21:57:05.990] [info] Setting cmc controller to not use verbose printing.

[2023-08-15 21:57:05.991] [info] CMC::computeControls, t = 1.143
[2023-08-15 21:57:06.442] [info] --------------------------------------------
[2023-08-15 21:57:06.442] [info] Using CMC to track the specified kinematics:
[2023-08-15 21:57:06.442] [info] --------------------------------------------
[2023-08-15 21:57:06.442] [info]  -- Integrating from 1.143 to 1.777
[2023-08-15 21:57:06.442] [info]  -- Start time = Tue Aug 15 21:57:06 2023
[2023-08-15 21:57:06.442] [info] --------------------------------------------
[2023-08-15 21:57:06.442] [info] 
[2023-08-15 21:57:06.445] [info] CMC::computeControls, t = 1.143
[2023-08-15 21:57:06.465] [info] CMC::computeControls, t = 1.144
[2023-08-15 21:57:06.465] [warning] Coordinate.setValue:  coordinate subtalar_angle_r is locked. Unable to change its value.
[2023-08-15 21:57:06.465] [warning] Coordinate.setValue:  coordinate mtp_angle_r is locked. Unable to change its value.
[2023-08-15 21:57:06.465] [warning] Coordinate.setValue:  coordinate subtalar_angle_l is locked. Unable to change its value.
[2023-08-15 21:57:06.466] [warning] Coordinate.setValue:  coordinate mtp_angle_l is locked. Unable to change its value.
[2023-08-15 21:57:06.466] [warning] Coordinate.setValue:  coordinate wrist_flex_r is locked. Unable to change its value.
[2023-08-15 21:57:06.466] [warning] Coordinate.setValue:  coordinate wrist_dev_r is locked. Unable to change its value.
[2023-08-15 21:57:06.466] [warning] Coordinate.setValue:  coordinate wrist_flex_l is locked. Unable to change its value.
[2023-08-15 21:57:06.466] [warning] Coordinate.setValue:  coordinate wrist_dev_l is locked. Unable to change its value.
[2023-08-15 21:57:06.481] [info] CMC::computeControls, t = 1.145
[2023-08-15 21:57:06.497] [info] CMC::computeControls, t = 1.146
[2023-08-15 21:57:06.515] [info] CMC::computeControls, t = 1.147
[2023-08-15 21:57:06.531] [info] CMC::computeControls, t = 1.148
[2023-08-15 21:57:06.547] [info] CMC::computeControls, t = 1.149
[2023-08-15 21:57:06.563] [info] CMC::computeControls, t = 1.15
[2023-08-15 21:57:06.578] [info] CMC::computeControls, t = 1.151
[2023-08-15 21:57:06.593] [info] CMC::computeControls, t = 1.152
[2023-08-15 21:57:06.608] [info] CMC::computeControls, t = 1.153
[2023-08-15 21:57:06.623] [info] CMC::computeControls, t = 1.154
[2023-08-15 21:57:06.639] [info] CMC::computeControls, t = 1.155
[2023-08-15 21:57:06.654] [info] CMC::computeControls, t = 1.156
[2023-08-15 21:57:06.670] [info] CMC::computeControls, t = 1.157
[2023-08-15 21:57:06.685] [info] CMC::computeControls, t = 1.158
[2023-08-15 21:57:06.701] [info] CMC::computeControls, t = 1.159
[2023-08-15 21:57:06.716] [info] CMC::computeControls, t = 1.16
[2023-08-15 21:57:06.731] [info] CMC::computeControls, t = 1.161
[2023-08-15 21:57:06.747] [info] CMC::computeControls, t = 1.162
[2023-08-15 21:57:06.763] [info] CMC::computeControls, t = 1.163
[2023-08-15 21:57:06.779] [info] CMC::computeControls, t = 1.164
[2023-08-15 21:57:06.794] [info] CMC::computeControls, t = 1.165
[2023-08-15 21:57:06.810] [info] CMC::computeControls, t = 1.166
[2023-08-15 21:57:06.826] [info] CMC::computeControls, t = 1.167
[2023-08-15 21:57:06.841] [info] CMC::computeControls, t = 1.168
[2023-08-15 21:57:06.855] [info] CMC::computeControls, t = 1.169
[2023-08-15 21:57:06.870] [info] CMC::computeControls, t = 1.17
[2023-08-15 21:57:06.886] [info] CMC::computeControls, t = 1.171
[2023-08-15 21:57:06.901] [info] CMC::computeControls, t = 1.172
[2023-08-15 21:57:06.916] [info] CMC::computeControls, t = 1.173
[2023-08-15 21:57:06.931] [info] CMC::computeControls, t = 1.174
[2023-08-15 21:57:06.947] [info] CMC::computeControls, t = 1.175
[2023-08-15 21:57:06.963] [info] CMC::computeControls, t = 1.176
[2023-08-15 21:57:06.979] [info] CMC::computeControls, t = 1.177
[2023-08-15 21:57:06.994] [info] CMC::computeControls, t = 1.178
[2023-08-15 21:57:07.009] [info] CMC::computeControls, t = 1.179
[2023-08-15 21:57:07.025] [info] CMC::computeControls, t = 1.18
[2023-08-15 21:57:07.040] [info] CMC::computeControls, t = 1.181
[2023-08-15 21:57:07.055] [info] CMC::computeControls, t = 1.182
[2023-08-15 21:57:07.071] [info] CMC::computeControls, t = 1.183
[2023-08-15 21:57:07.085] [info] CMC::computeControls, t = 1.184
[2023-08-15 21:57:07.100] [info] CMC::computeControls, t = 1.185
[2023-08-15 21:57:07.115] [info] CMC::computeControls, t = 1.186
[2023-08-15 21:57:07.130] [info] CMC::computeControls, t = 1.187
[2023-08-15 21:57:07.145] [info] CMC::computeControls, t = 1.188
[2023-08-15 21:57:07.160] [info] CMC::computeControls, t = 1.189
[2023-08-15 21:57:07.176] [info] CMC::computeControls, t = 1.19
[2023-08-15 21:57:07.191] [info] CMC::computeControls, t = 1.191
[2023-08-15 21:57:07.207] [info] CMC::computeControls, t = 1.192
[2023-08-15 21:57:07.223] [info] CMC::computeControls, t = 1.193
[2023-08-15 21:57:07.238] [info] CMC::computeControls, t = 1.194
[2023-08-15 21:57:07.255] [info] CMC::computeControls, t = 1.195
[2023-08-15 21:57:07.270] [info] CMC::computeControls, t = 1.196
[2023-08-15 21:57:07.289] [info] CMC::computeControls, t = 1.197
[2023-08-15 21:57:07.305] [info] CMC::computeControls, t = 1.198
[2023-08-15 21:57:07.321] [info] CMC::computeControls, t = 1.199
[2023-08-15 21:57:07.336] [info] CMC::computeControls, t = 1.2
[2023-08-15 21:57:07.352] [info] CMC::computeControls, t = 1.20100
[2023-08-15 21:57:07.368] [info] CMC::computeControls, t = 1.20200
[2023-08-15 21:57:07.383] [info] CMC::computeControls, t = 1.20300
[2023-08-15 21:57:07.399] [info] CMC::computeControls, t = 1.20400
[2023-08-15 21:57:07.415] [info] CMC::computeControls, t = 1.20500
[2023-08-15 21:57:07.430] [info] CMC::computeControls, t = 1.20600
[2023-08-15 21:57:07.446] [info] CMC::computeControls, t = 1.20700
[2023-08-15 21:57:07.461] [info] CMC::computeControls, t = 1.20800
[2023-08-15 21:57:07.477] [info] CMC::computeControls, t = 1.20900
[2023-08-15 21:57:07.492] [info] CMC::computeControls, t = 1.21
[2023-08-15 21:57:07.508] [info] CMC::computeControls, t = 1.211
[2023-08-15 21:57:07.524] [info] CMC::computeControls, t = 1.212
[2023-08-15 21:57:07.539] [info] CMC::computeControls, t = 1.213
[2023-08-15 21:57:07.555] [info] CMC::computeControls, t = 1.214
[2023-08-15 21:57:07.571] [info] CMC::computeControls, t = 1.215
[2023-08-15 21:57:07.587] [info] CMC::computeControls, t = 1.216
[2023-08-15 21:57:07.603] [info] CMC::computeControls, t = 1.217
[2023-08-15 21:57:07.618] [info] CMC::computeControls, t = 1.218
[2023-08-15 21:57:07.634] [info] CMC::computeControls, t = 1.219
[2023-08-15 21:57:07.649] [info] CMC::computeControls, t = 1.22
[2023-08-15 21:57:07.666] [info] CMC::computeControls, t = 1.221
[2023-08-15 21:57:07.681] [info] CMC::computeControls, t = 1.222
[2023-08-15 21:57:07.696] [info] CMC::computeControls, t = 1.223
[2023-08-15 21:57:07.711] [info] CMC::computeControls, t = 1.224
[2023-08-15 21:57:07.727] [info] CMC::computeControls, t = 1.225
[2023-08-15 21:57:07.742] [info] CMC::computeControls, t = 1.226
[2023-08-15 21:57:07.758] [info] CMC::computeControls, t = 1.227
[2023-08-15 21:57:07.773] [info] CMC::computeControls, t = 1.228
[2023-08-15 21:57:07.787] [info] CMC::computeControls, t = 1.229
[2023-08-15 21:57:07.803] [info] CMC::computeControls, t = 1.23
[2023-08-15 21:57:07.818] [info] CMC::computeControls, t = 1.231
[2023-08-15 21:57:07.832] [info] CMC::computeControls, t = 1.232
[2023-08-15 21:57:07.847] [info] CMC::computeControls, t = 1.233
[2023-08-15 21:57:07.863] [info] CMC::computeControls, t = 1.234
[2023-08-15 21:57:07.878] [info] CMC::computeControls, t = 1.235
[2023-08-15 21:57:07.894] [info] CMC::computeControls, t = 1.236
[2023-08-15 21:57:07.909] [info] CMC::computeControls, t = 1.237
[2023-08-15 21:57:07.925] [info] CMC::computeControls, t = 1.238
[2023-08-15 21:57:07.941] [info] CMC::computeControls, t = 1.239
[2023-08-15 21:57:07.957] [info] CMC::computeControls, t = 1.24
[2023-08-15 21:57:07.973] [info] CMC::computeControls, t = 1.241
[2023-08-15 21:57:07.989] [info] CMC::computeControls, t = 1.242
[2023-08-15 21:57:08.004] [info] CMC::computeControls, t = 1.243
[2023-08-15 21:57:08.021] [info] CMC::computeControls, t = 1.244
[2023-08-15 21:57:08.037] [info] CMC::computeControls, t = 1.245
[2023-08-15 21:57:08.054] [info] CMC::computeControls, t = 1.246
[2023-08-15 21:57:08.070] [info] CMC::computeControls, t = 1.247
[2023-08-15 21:57:08.086] [info] CMC::computeControls, t = 1.248
[2023-08-15 21:57:08.102] [info] CMC::computeControls, t = 1.249
[2023-08-15 21:57:08.118] [info] CMC::computeControls, t = 1.25
[2023-08-15 21:57:08.135] [info] CMC::computeControls, t = 1.251
[2023-08-15 21:57:08.150] [info] CMC::computeControls, t = 1.252
[2023-08-15 21:57:08.166] [info] CMC::computeControls, t = 1.253
[2023-08-15 21:57:08.181] [info] CMC::computeControls, t = 1.254
[2023-08-15 21:57:08.198] [info] CMC::computeControls, t = 1.255
[2023-08-15 21:57:08.214] [info] CMC::computeControls, t = 1.256
[2023-08-15 21:57:08.230] [info] CMC::computeControls, t = 1.257
[2023-08-15 21:57:08.247] [info] CMC::computeControls, t = 1.258
[2023-08-15 21:57:08.262] [info] CMC::computeControls, t = 1.259
[2023-08-15 21:57:08.278] [info] CMC::computeControls, t = 1.26
[2023-08-15 21:57:08.294] [info] CMC::computeControls, t = 1.261
[2023-08-15 21:57:08.310] [info] CMC::computeControls, t = 1.262
[2023-08-15 21:57:08.328] [info] CMC::computeControls, t = 1.263
[2023-08-15 21:57:08.343] [info] CMC::computeControls, t = 1.264
[2023-08-15 21:57:08.358] [info] CMC::computeControls, t = 1.265
[2023-08-15 21:57:08.372] [info] CMC::computeControls, t = 1.266
[2023-08-15 21:57:08.392] [info] CMC::computeControls, t = 1.267
[2023-08-15 21:57:08.406] [info] CMC::computeControls, t = 1.268
[2023-08-15 21:57:08.423] [info] CMC::computeControls, t = 1.269
[2023-08-15 21:57:08.438] [info] CMC::computeControls, t = 1.27
[2023-08-15 21:57:08.454] [info] CMC::computeControls, t = 1.271
[2023-08-15 21:57:08.469] [info] CMC::computeControls, t = 1.272
[2023-08-15 21:57:08.484] [info] CMC::computeControls, t = 1.273
[2023-08-15 21:57:08.500] [info] CMC::computeControls, t = 1.274
[2023-08-15 21:57:08.515] [info] CMC::computeControls, t = 1.275
[2023-08-15 21:57:08.531] [info] CMC::computeControls, t = 1.276
[2023-08-15 21:57:08.546] [info] CMC::computeControls, t = 1.277
[2023-08-15 21:57:08.562] [info] CMC::computeControls, t = 1.278
[2023-08-15 21:57:08.578] [info] CMC::computeControls, t = 1.279
[2023-08-15 21:57:08.593] [info] CMC::computeControls, t = 1.28
[2023-08-15 21:57:08.610] [info] CMC::computeControls, t = 1.281
[2023-08-15 21:57:08.625] [info] CMC::computeControls, t = 1.282
[2023-08-15 21:57:08.641] [info] CMC::computeControls, t = 1.283
[2023-08-15 21:57:08.657] [info] CMC::computeControls, t = 1.284
[2023-08-15 21:57:08.672] [info] CMC::computeControls, t = 1.285
[2023-08-15 21:57:08.688] [info] CMC::computeControls, t = 1.286
[2023-08-15 21:57:08.704] [info] CMC::computeControls, t = 1.287
[2023-08-15 21:57:08.720] [info] CMC::computeControls, t = 1.288
[2023-08-15 21:57:08.735] [info] CMC::computeControls, t = 1.289
[2023-08-15 21:57:08.751] [info] CMC::computeControls, t = 1.29
[2023-08-15 21:57:08.767] [info] CMC::computeControls, t = 1.291
[2023-08-15 21:57:08.782] [info] CMC::computeControls, t = 1.292
[2023-08-15 21:57:08.799] [info] CMC::computeControls, t = 1.293
[2023-08-15 21:57:08.815] [info] CMC::computeControls, t = 1.294
[2023-08-15 21:57:08.831] [info] CMC::computeControls, t = 1.295
[2023-08-15 21:57:08.846] [info] CMC::computeControls, t = 1.296
[2023-08-15 21:57:08.861] [info] CMC::computeControls, t = 1.297
[2023-08-15 21:57:08.876] [info] CMC::computeControls, t = 1.298
[2023-08-15 21:57:08.891] [info] CMC::computeControls, t = 1.299
[2023-08-15 21:57:08.906] [info] CMC::computeControls, t = 1.3
[2023-08-15 21:57:08.921] [info] CMC::computeControls, t = 1.30100
[2023-08-15 21:57:08.937] [info] CMC::computeControls, t = 1.30200
[2023-08-15 21:57:08.954] [info] CMC::computeControls, t = 1.30300
[2023-08-15 21:57:08.970] [info] CMC::computeControls, t = 1.30400
[2023-08-15 21:57:08.986] [info] CMC::computeControls, t = 1.30500
[2023-08-15 21:57:09.001] [info] CMC::computeControls, t = 1.30600
[2023-08-15 21:57:09.017] [info] CMC::computeControls, t = 1.30700
[2023-08-15 21:57:09.033] [info] CMC::computeControls, t = 1.30800
[2023-08-15 21:57:09.049] [info] CMC::computeControls, t = 1.30900
[2023-08-15 21:57:09.065] [info] CMC::computeControls, t = 1.31
[2023-08-15 21:57:09.082] [info] CMC::computeControls, t = 1.311
[2023-08-15 21:57:09.098] [info] CMC::computeControls, t = 1.312
[2023-08-15 21:57:09.114] [info] CMC::computeControls, t = 1.313
[2023-08-15 21:57:09.131] [info] CMC::computeControls, t = 1.314
[2023-08-15 21:57:09.148] [info] CMC::computeControls, t = 1.315
[2023-08-15 21:57:09.164] [info] CMC::computeControls, t = 1.316
[2023-08-15 21:57:09.181] [info] CMC::computeControls, t = 1.317
[2023-08-15 21:57:09.196] [info] CMC::computeControls, t = 1.318
[2023-08-15 21:57:09.211] [info] CMC::computeControls, t = 1.319
[2023-08-15 21:57:09.226] [info] CMC::computeControls, t = 1.32
[2023-08-15 21:57:09.242] [info] CMC::computeControls, t = 1.321
[2023-08-15 21:57:09.257] [info] CMC::computeControls, t = 1.322
[2023-08-15 21:57:09.272] [info] CMC::computeControls, t = 1.323
[2023-08-15 21:57:09.287] [info] CMC::computeControls, t = 1.324
[2023-08-15 21:57:09.303] [info] CMC::computeControls, t = 1.325
[2023-08-15 21:57:09.319] [info] CMC::computeControls, t = 1.326
[2023-08-15 21:57:09.335] [info] CMC::computeControls, t = 1.327
[2023-08-15 21:57:09.351] [info] CMC::computeControls, t = 1.328
[2023-08-15 21:57:09.366] [info] CMC::computeControls, t = 1.329
[2023-08-15 21:57:09.382] [info] CMC::computeControls, t = 1.33
[2023-08-15 21:57:09.398] [info] CMC::computeControls, t = 1.331
[2023-08-15 21:57:09.414] [info] CMC::computeControls, t = 1.332
[2023-08-15 21:57:09.430] [info] CMC::computeControls, t = 1.333
[2023-08-15 21:57:09.446] [info] CMC::computeControls, t = 1.334
[2023-08-15 21:57:09.462] [info] CMC::computeControls, t = 1.335
[2023-08-15 21:57:09.477] [info] CMC::computeControls, t = 1.336
[2023-08-15 21:57:09.493] [info] CMC::computeControls, t = 1.337
[2023-08-15 21:57:09.509] [info] CMC::computeControls, t = 1.338
[2023-08-15 21:57:09.525] [info] CMC::computeControls, t = 1.339
[2023-08-15 21:57:09.541] [info] CMC::computeControls, t = 1.34
[2023-08-15 21:57:09.556] [info] CMC::computeControls, t = 1.341
[2023-08-15 21:57:09.572] [info] CMC::computeControls, t = 1.342
[2023-08-15 21:57:09.588] [info] CMC::computeControls, t = 1.343
[2023-08-15 21:57:09.603] [info] CMC::computeControls, t = 1.344
[2023-08-15 21:57:09.619] [info] CMC::computeControls, t = 1.345
[2023-08-15 21:57:09.635] [info] CMC::computeControls, t = 1.346
[2023-08-15 21:57:09.652] [info] CMC::computeControls, t = 1.347
[2023-08-15 21:57:09.667] [info] CMC::computeControls, t = 1.348
[2023-08-15 21:57:09.685] [info] CMC::computeControls, t = 1.349
[2023-08-15 21:57:09.700] [info] CMC::computeControls, t = 1.35
[2023-08-15 21:57:09.715] [info] CMC::computeControls, t = 1.351
[2023-08-15 21:57:09.731] [info] CMC::computeControls, t = 1.352
[2023-08-15 21:57:09.746] [info] CMC::computeControls, t = 1.353
[2023-08-15 21:57:09.762] [info] CMC::computeControls, t = 1.354
[2023-08-15 21:57:09.778] [info] CMC::computeControls, t = 1.355
[2023-08-15 21:57:09.794] [info] CMC::computeControls, t = 1.356
[2023-08-15 21:57:09.810] [info] CMC::computeControls, t = 1.357
[2023-08-15 21:57:09.825] [info] CMC::computeControls, t = 1.358
[2023-08-15 21:57:09.841] [info] CMC::computeControls, t = 1.359
[2023-08-15 21:57:09.857] [info] CMC::computeControls, t = 1.36
[2023-08-15 21:57:09.873] [info] CMC::computeControls, t = 1.361
[2023-08-15 21:57:09.889] [info] CMC::computeControls, t = 1.362
[2023-08-15 21:57:09.905] [info] CMC::computeControls, t = 1.363
[2023-08-15 21:57:09.921] [info] CMC::computeControls, t = 1.364
[2023-08-15 21:57:09.938] [info] CMC::computeControls, t = 1.365
[2023-08-15 21:57:09.953] [info] CMC::computeControls, t = 1.366
[2023-08-15 21:57:09.969] [info] CMC::computeControls, t = 1.367
[2023-08-15 21:57:09.985] [info] CMC::computeControls, t = 1.368
[2023-08-15 21:57:10.000] [info] CMC::computeControls, t = 1.369
[2023-08-15 21:57:10.016] [info] CMC::computeControls, t = 1.37
[2023-08-15 21:57:10.032] [info] CMC::computeControls, t = 1.371
[2023-08-15 21:57:10.048] [info] CMC::computeControls, t = 1.372
[2023-08-15 21:57:10.064] [info] CMC::computeControls, t = 1.373
[2023-08-15 21:57:10.080] [info] CMC::computeControls, t = 1.374
[2023-08-15 21:57:10.095] [info] CMC::computeControls, t = 1.375
[2023-08-15 21:57:10.117] [info] CMC::computeControls, t = 1.376
[2023-08-15 21:57:10.133] [info] CMC::computeControls, t = 1.377
[2023-08-15 21:57:10.151] [info] CMC::computeControls, t = 1.378
[2023-08-15 21:57:10.169] [info] CMC::computeControls, t = 1.379
[2023-08-15 21:57:10.189] [info] CMC::computeControls, t = 1.38
[2023-08-15 21:57:10.206] [info] CMC::computeControls, t = 1.381
[2023-08-15 21:57:10.224] [info] CMC::computeControls, t = 1.382
[2023-08-15 21:57:10.241] [info] CMC::computeControls, t = 1.383
[2023-08-15 21:57:10.258] [info] CMC::computeControls, t = 1.384
[2023-08-15 21:57:10.273] [info] CMC::computeControls, t = 1.385
[2023-08-15 21:57:10.289] [info] CMC::computeControls, t = 1.386
[2023-08-15 21:57:10.304] [info] CMC::computeControls, t = 1.387
[2023-08-15 21:57:10.319] [info] CMC::computeControls, t = 1.388
[2023-08-15 21:57:10.335] [info] CMC::computeControls, t = 1.389
[2023-08-15 21:57:10.351] [info] CMC::computeControls, t = 1.39
[2023-08-15 21:57:10.366] [info] CMC::computeControls, t = 1.391
[2023-08-15 21:57:10.381] [info] CMC::computeControls, t = 1.392
[2023-08-15 21:57:10.396] [info] CMC::computeControls, t = 1.393
[2023-08-15 21:57:10.411] [info] CMC::computeControls, t = 1.394
[2023-08-15 21:57:10.426] [info] CMC::computeControls, t = 1.395
[2023-08-15 21:57:10.441] [info] CMC::computeControls, t = 1.396
[2023-08-15 21:57:10.456] [info] CMC::computeControls, t = 1.397
[2023-08-15 21:57:10.472] [info] CMC::computeControls, t = 1.398
[2023-08-15 21:57:10.488] [info] CMC::computeControls, t = 1.399
[2023-08-15 21:57:10.503] [info] CMC::computeControls, t = 1.4
[2023-08-15 21:57:10.519] [info] CMC::computeControls, t = 1.40100
[2023-08-15 21:57:10.535] [info] CMC::computeControls, t = 1.40200
[2023-08-15 21:57:10.552] [info] CMC::computeControls, t = 1.40300
[2023-08-15 21:57:10.568] [info] CMC::computeControls, t = 1.40400
[2023-08-15 21:57:10.583] [info] CMC::computeControls, t = 1.40500
[2023-08-15 21:57:10.599] [info] CMC::computeControls, t = 1.40600
[2023-08-15 21:57:10.615] [info] CMC::computeControls, t = 1.40700
[2023-08-15 21:57:10.630] [info] CMC::computeControls, t = 1.40800
[2023-08-15 21:57:10.647] [info] CMC::computeControls, t = 1.40900
[2023-08-15 21:57:10.663] [info] CMC::computeControls, t = 1.41
[2023-08-15 21:57:10.681] [info] CMC::computeControls, t = 1.411
[2023-08-15 21:57:10.699] [info] CMC::computeControls, t = 1.412
[2023-08-15 21:57:10.719] [info] CMC::computeControls, t = 1.413
[2023-08-15 21:57:10.736] [info] CMC::computeControls, t = 1.414
[2023-08-15 21:57:10.752] [info] CMC::computeControls, t = 1.415
[2023-08-15 21:57:10.768] [info] CMC::computeControls, t = 1.416
[2023-08-15 21:57:10.799] [info] CMC::computeControls, t = 1.417
[2023-08-15 21:57:10.815] [info] CMC::computeControls, t = 1.418
[2023-08-15 21:57:10.831] [info] CMC::computeControls, t = 1.419
[2023-08-15 21:57:10.847] [info] CMC::computeControls, t = 1.42
[2023-08-15 21:57:10.863] [info] CMC::computeControls, t = 1.421
[2023-08-15 21:57:10.880] [info] CMC::computeControls, t = 1.422
[2023-08-15 21:57:10.897] [info] CMC::computeControls, t = 1.423
[2023-08-15 21:57:10.914] [info] CMC::computeControls, t = 1.424
[2023-08-15 21:57:10.930] [info] CMC::computeControls, t = 1.425
[2023-08-15 21:57:10.947] [info] CMC::computeControls, t = 1.426
[2023-08-15 21:57:10.965] [info] CMC::computeControls, t = 1.427
[2023-08-15 21:57:10.982] [info] CMC::computeControls, t = 1.428
[2023-08-15 21:57:10.998] [info] CMC::computeControls, t = 1.429
[2023-08-15 21:57:11.015] [info] CMC::computeControls, t = 1.43
[2023-08-15 21:57:11.032] [info] CMC::computeControls, t = 1.431
[2023-08-15 21:57:11.048] [info] CMC::computeControls, t = 1.432
[2023-08-15 21:57:11.065] [info] CMC::computeControls, t = 1.433
[2023-08-15 21:57:11.082] [info] CMC::computeControls, t = 1.434
[2023-08-15 21:57:11.099] [info] CMC::computeControls, t = 1.435
[2023-08-15 21:57:11.115] [info] CMC::computeControls, t = 1.436
[2023-08-15 21:57:11.132] [info] CMC::computeControls, t = 1.437
[2023-08-15 21:57:11.147] [info] CMC::computeControls, t = 1.438
[2023-08-15 21:57:11.164] [info] CMC::computeControls, t = 1.439
[2023-08-15 21:57:11.181] [info] CMC::computeControls, t = 1.44
[2023-08-15 21:57:11.197] [info] CMC::computeControls, t = 1.441
[2023-08-15 21:57:11.213] [info] CMC::computeControls, t = 1.442
[2023-08-15 21:57:11.229] [info] CMC::computeControls, t = 1.443
[2023-08-15 21:57:11.246] [info] CMC::computeControls, t = 1.444
[2023-08-15 21:57:11.262] [info] CMC::computeControls, t = 1.445
[2023-08-15 21:57:11.279] [info] CMC::computeControls, t = 1.446
[2023-08-15 21:57:11.301] [info] CMC::computeControls, t = 1.447
[2023-08-15 21:57:11.318] [info] CMC::computeControls, t = 1.448
[2023-08-15 21:57:11.334] [info] CMC::computeControls, t = 1.449
[2023-08-15 21:57:11.350] [info] CMC::computeControls, t = 1.45
[2023-08-15 21:57:11.366] [info] CMC::computeControls, t = 1.451
[2023-08-15 21:57:11.381] [info] CMC::computeControls, t = 1.452
[2023-08-15 21:57:11.398] [info] CMC::computeControls, t = 1.453
[2023-08-15 21:57:11.415] [info] CMC::computeControls, t = 1.454
[2023-08-15 21:57:11.430] [info] CMC::computeControls, t = 1.455
[2023-08-15 21:57:11.446] [info] CMC::computeControls, t = 1.456
[2023-08-15 21:57:11.461] [info] CMC::computeControls, t = 1.457
[2023-08-15 21:57:11.477] [info] CMC::computeControls, t = 1.458
[2023-08-15 21:57:11.492] [info] CMC::computeControls, t = 1.459
[2023-08-15 21:57:11.507] [info] CMC::computeControls, t = 1.46
[2023-08-15 21:57:11.522] [info] CMC::computeControls, t = 1.461
[2023-08-15 21:57:11.537] [info] CMC::computeControls, t = 1.462
[2023-08-15 21:57:11.553] [info] CMC::computeControls, t = 1.463
[2023-08-15 21:57:11.569] [info] CMC::computeControls, t = 1.464
[2023-08-15 21:57:11.584] [info] CMC::computeControls, t = 1.465
[2023-08-15 21:57:11.600] [info] CMC::computeControls, t = 1.466
[2023-08-15 21:57:11.616] [info] CMC::computeControls, t = 1.467
[2023-08-15 21:57:11.632] [info] CMC::computeControls, t = 1.468
[2023-08-15 21:57:11.648] [info] CMC::computeControls, t = 1.469
[2023-08-15 21:57:11.664] [info] CMC::computeControls, t = 1.47
[2023-08-15 21:57:11.680] [info] CMC::computeControls, t = 1.471
[2023-08-15 21:57:11.701] [info] CMC::computeControls, t = 1.472
[2023-08-15 21:57:11.720] [info] CMC::computeControls, t = 1.473
[2023-08-15 21:57:11.738] [info] CMC::computeControls, t = 1.474
[2023-08-15 21:57:11.757] [info] CMC::computeControls, t = 1.475
[2023-08-15 21:57:11.775] [info] CMC::computeControls, t = 1.476
[2023-08-15 21:57:11.793] [info] CMC::computeControls, t = 1.477
[2023-08-15 21:57:11.809] [info] CMC::computeControls, t = 1.478
[2023-08-15 21:57:11.826] [info] CMC::computeControls, t = 1.479
[2023-08-15 21:57:11.843] [info] CMC::computeControls, t = 1.48
[2023-08-15 21:57:11.858] [info] CMC::computeControls, t = 1.481
[2023-08-15 21:57:11.874] [info] CMC::computeControls, t = 1.482
[2023-08-15 21:57:11.890] [info] CMC::computeControls, t = 1.483
[2023-08-15 21:57:11.906] [info] CMC::computeControls, t = 1.484
[2023-08-15 21:57:11.922] [info] CMC::computeControls, t = 1.485
[2023-08-15 21:57:11.938] [info] CMC::computeControls, t = 1.486
[2023-08-15 21:57:11.954] [info] CMC::computeControls, t = 1.487
[2023-08-15 21:57:11.971] [info] CMC::computeControls, t = 1.488
[2023-08-15 21:57:11.987] [info] CMC::computeControls, t = 1.489
[2023-08-15 21:57:12.003] [info] CMC::computeControls, t = 1.49
[2023-08-15 21:57:12.021] [info] CMC::computeControls, t = 1.491
[2023-08-15 21:57:12.036] [info] CMC::computeControls, t = 1.492
[2023-08-15 21:57:12.053] [info] CMC::computeControls, t = 1.493
[2023-08-15 21:57:12.068] [info] CMC::computeControls, t = 1.494
[2023-08-15 21:57:12.083] [info] CMC::computeControls, t = 1.495
[2023-08-15 21:57:12.098] [info] CMC::computeControls, t = 1.496
[2023-08-15 21:57:12.114] [info] CMC::computeControls, t = 1.497
[2023-08-15 21:57:12.130] [info] CMC::computeControls, t = 1.498
[2023-08-15 21:57:12.146] [info] CMC::computeControls, t = 1.499
[2023-08-15 21:57:12.162] [info] CMC::computeControls, t = 1.5
[2023-08-15 21:57:12.178] [info] CMC::computeControls, t = 1.50100
[2023-08-15 21:57:12.194] [info] CMC::computeControls, t = 1.50200
[2023-08-15 21:57:12.210] [info] CMC::computeControls, t = 1.50300
[2023-08-15 21:57:12.226] [info] CMC::computeControls, t = 1.50400
[2023-08-15 21:57:12.243] [info] CMC::computeControls, t = 1.50500
[2023-08-15 21:57:12.259] [info] CMC::computeControls, t = 1.50600
[2023-08-15 21:57:12.275] [info] CMC::computeControls, t = 1.50700
[2023-08-15 21:57:12.291] [info] CMC::computeControls, t = 1.50800
[2023-08-15 21:57:12.307] [info] CMC::computeControls, t = 1.50900
[2023-08-15 21:57:12.322] [info] CMC::computeControls, t = 1.51
[2023-08-15 21:57:12.338] [info] CMC::computeControls, t = 1.511
[2023-08-15 21:57:12.354] [info] CMC::computeControls, t = 1.512
[2023-08-15 21:57:12.370] [info] CMC::computeControls, t = 1.513
[2023-08-15 21:57:12.386] [info] CMC::computeControls, t = 1.514
[2023-08-15 21:57:12.402] [info] CMC::computeControls, t = 1.515
[2023-08-15 21:57:12.418] [info] CMC::computeControls, t = 1.516
[2023-08-15 21:57:12.434] [info] CMC::computeControls, t = 1.517
[2023-08-15 21:57:12.450] [info] CMC::computeControls, t = 1.518
[2023-08-15 21:57:12.466] [info] CMC::computeControls, t = 1.519
[2023-08-15 21:57:12.482] [info] CMC::computeControls, t = 1.52
[2023-08-15 21:57:12.498] [info] CMC::computeControls, t = 1.521
[2023-08-15 21:57:12.514] [info] CMC::computeControls, t = 1.522
[2023-08-15 21:57:12.530] [info] CMC::computeControls, t = 1.523
[2023-08-15 21:57:12.546] [info] CMC::computeControls, t = 1.524
[2023-08-15 21:57:12.562] [info] CMC::computeControls, t = 1.525
[2023-08-15 21:57:12.577] [info] CMC::computeControls, t = 1.526
[2023-08-15 21:57:12.593] [info] CMC::computeControls, t = 1.527
[2023-08-15 21:57:12.609] [info] CMC::computeControls, t = 1.528
[2023-08-15 21:57:12.625] [info] CMC::computeControls, t = 1.529
[2023-08-15 21:57:12.642] [info] CMC::computeControls, t = 1.53
[2023-08-15 21:57:12.659] [info] CMC::computeControls, t = 1.531
[2023-08-15 21:57:12.676] [info] CMC::computeControls, t = 1.532
[2023-08-15 21:57:12.692] [info] CMC::computeControls, t = 1.533
[2023-08-15 21:57:12.709] [info] CMC::computeControls, t = 1.534
[2023-08-15 21:57:12.726] [info] CMC::computeControls, t = 1.535
[2023-08-15 21:57:12.742] [info] CMC::computeControls, t = 1.536
[2023-08-15 21:57:12.758] [info] CMC::computeControls, t = 1.537
[2023-08-15 21:57:12.775] [info] CMC::computeControls, t = 1.538
[2023-08-15 21:57:12.791] [info] CMC::computeControls, t = 1.539
[2023-08-15 21:57:12.807] [info] CMC::computeControls, t = 1.54
[2023-08-15 21:57:12.823] [info] CMC::computeControls, t = 1.541
[2023-08-15 21:57:12.839] [info] CMC::computeControls, t = 1.542
[2023-08-15 21:57:12.854] [info] CMC::computeControls, t = 1.543
[2023-08-15 21:57:12.870] [info] CMC::computeControls, t = 1.544
[2023-08-15 21:57:12.885] [info] CMC::computeControls, t = 1.545
[2023-08-15 21:57:12.901] [info] CMC::computeControls, t = 1.546
[2023-08-15 21:57:12.917] [info] CMC::computeControls, t = 1.547
[2023-08-15 21:57:12.932] [info] CMC::computeControls, t = 1.548
[2023-08-15 21:57:12.948] [info] CMC::computeControls, t = 1.549
[2023-08-15 21:57:12.963] [info] CMC::computeControls, t = 1.55
[2023-08-15 21:57:12.980] [info] CMC::computeControls, t = 1.551
[2023-08-15 21:57:12.996] [info] CMC::computeControls, t = 1.552
[2023-08-15 21:57:13.012] [info] CMC::computeControls, t = 1.553
[2023-08-15 21:57:13.028] [info] CMC::computeControls, t = 1.554
[2023-08-15 21:57:13.043] [info] CMC::computeControls, t = 1.555
[2023-08-15 21:57:13.059] [info] CMC::computeControls, t = 1.556
[2023-08-15 21:57:13.074] [info] CMC::computeControls, t = 1.557
[2023-08-15 21:57:13.089] [info] CMC::computeControls, t = 1.558
[2023-08-15 21:57:13.104] [info] CMC::computeControls, t = 1.559
[2023-08-15 21:57:13.121] [info] CMC::computeControls, t = 1.56
[2023-08-15 21:57:13.137] [info] CMC::computeControls, t = 1.561
[2023-08-15 21:57:13.153] [info] CMC::computeControls, t = 1.562
[2023-08-15 21:57:13.168] [info] CMC::computeControls, t = 1.563
[2023-08-15 21:57:13.183] [info] CMC::computeControls, t = 1.564
[2023-08-15 21:57:13.198] [info] CMC::computeControls, t = 1.565
[2023-08-15 21:57:13.213] [info] CMC::computeControls, t = 1.566
[2023-08-15 21:57:13.229] [info] CMC::computeControls, t = 1.567
[2023-08-15 21:57:13.245] [info] CMC::computeControls, t = 1.568
[2023-08-15 21:57:13.260] [info] CMC::computeControls, t = 1.569
[2023-08-15 21:57:13.276] [info] CMC::computeControls, t = 1.57
[2023-08-15 21:57:13.291] [info] CMC::computeControls, t = 1.571
[2023-08-15 21:57:13.307] [info] CMC::computeControls, t = 1.572
[2023-08-15 21:57:13.323] [info] CMC::computeControls, t = 1.573
[2023-08-15 21:57:13.339] [info] CMC::computeControls, t = 1.574
[2023-08-15 21:57:13.355] [info] CMC::computeControls, t = 1.575
[2023-08-15 21:57:13.371] [info] CMC::computeControls, t = 1.576
[2023-08-15 21:57:13.387] [info] CMC::computeControls, t = 1.577
[2023-08-15 21:57:13.403] [info] CMC::computeControls, t = 1.578
[2023-08-15 21:57:13.419] [info] CMC::computeControls, t = 1.579
[2023-08-15 21:57:13.435] [info] CMC::computeControls, t = 1.58
[2023-08-15 21:57:13.451] [info] CMC::computeControls, t = 1.581
[2023-08-15 21:57:13.467] [info] CMC::computeControls, t = 1.582
[2023-08-15 21:57:13.483] [info] CMC::computeControls, t = 1.583
[2023-08-15 21:57:13.499] [info] CMC::computeControls, t = 1.584
[2023-08-15 21:57:13.515] [info] CMC::computeControls, t = 1.585
[2023-08-15 21:57:13.531] [info] CMC::computeControls, t = 1.586
[2023-08-15 21:57:13.547] [info] CMC::computeControls, t = 1.587
[2023-08-15 21:57:13.563] [info] CMC::computeControls, t = 1.588
[2023-08-15 21:57:13.579] [info] CMC::computeControls, t = 1.589
[2023-08-15 21:57:13.596] [info] CMC::computeControls, t = 1.59
[2023-08-15 21:57:13.612] [info] CMC::computeControls, t = 1.591
[2023-08-15 21:57:13.627] [info] CMC::computeControls, t = 1.592
[2023-08-15 21:57:13.643] [info] CMC::computeControls, t = 1.593
[2023-08-15 21:57:13.660] [info] CMC::computeControls, t = 1.594
[2023-08-15 21:57:13.676] [info] CMC::computeControls, t = 1.595
[2023-08-15 21:57:13.691] [info] CMC::computeControls, t = 1.596
[2023-08-15 21:57:13.706] [info] CMC::computeControls, t = 1.597
[2023-08-15 21:57:13.721] [info] CMC::computeControls, t = 1.598
[2023-08-15 21:57:13.737] [info] CMC::computeControls, t = 1.599
[2023-08-15 21:57:13.753] [info] CMC::computeControls, t = 1.6
[2023-08-15 21:57:13.769] [info] CMC::computeControls, t = 1.60100
[2023-08-15 21:57:13.785] [info] CMC::computeControls, t = 1.60200
[2023-08-15 21:57:13.801] [info] CMC::computeControls, t = 1.60300
[2023-08-15 21:57:13.817] [info] CMC::computeControls, t = 1.60400
[2023-08-15 21:57:13.833] [info] CMC::computeControls, t = 1.60500
[2023-08-15 21:57:13.853] [info] CMC::computeControls, t = 1.60600
[2023-08-15 21:57:13.870] [info] CMC::computeControls, t = 1.60700
[2023-08-15 21:57:13.885] [info] CMC::computeControls, t = 1.60800
[2023-08-15 21:57:13.901] [info] CMC::computeControls, t = 1.60900
[2023-08-15 21:57:13.920] [info] CMC::computeControls, t = 1.61
[2023-08-15 21:57:13.935] [info] CMC::computeControls, t = 1.611
[2023-08-15 21:57:13.951] [info] CMC::computeControls, t = 1.612
[2023-08-15 21:57:13.970] [info] CMC::computeControls, t = 1.613
[2023-08-15 21:57:13.986] [info] CMC::computeControls, t = 1.614
[2023-08-15 21:57:14.003] [info] CMC::computeControls, t = 1.615
[2023-08-15 21:57:14.019] [info] CMC::computeControls, t = 1.616
[2023-08-15 21:57:14.035] [info] CMC::computeControls, t = 1.617
[2023-08-15 21:57:14.051] [info] CMC::computeControls, t = 1.618
[2023-08-15 21:57:14.067] [info] CMC::computeControls, t = 1.619
[2023-08-15 21:57:14.084] [info] CMC::computeControls, t = 1.62
[2023-08-15 21:57:14.100] [info] CMC::computeControls, t = 1.621
[2023-08-15 21:57:14.116] [info] CMC::computeControls, t = 1.622
[2023-08-15 21:57:14.132] [info] CMC::computeControls, t = 1.623
[2023-08-15 21:57:14.148] [info] CMC::computeControls, t = 1.624
[2023-08-15 21:57:14.164] [info] CMC::computeControls, t = 1.625
[2023-08-15 21:57:14.180] [info] CMC::computeControls, t = 1.626
[2023-08-15 21:57:14.196] [info] CMC::computeControls, t = 1.627
[2023-08-15 21:57:14.211] [info] CMC::computeControls, t = 1.628
[2023-08-15 21:57:14.227] [info] CMC::computeControls, t = 1.629
[2023-08-15 21:57:14.244] [info] CMC::computeControls, t = 1.63
[2023-08-15 21:57:14.259] [info] CMC::computeControls, t = 1.631
[2023-08-15 21:57:14.275] [info] CMC::computeControls, t = 1.632
[2023-08-15 21:57:14.292] [info] CMC::computeControls, t = 1.633
[2023-08-15 21:57:14.308] [info] CMC::computeControls, t = 1.634
[2023-08-15 21:57:14.324] [info] CMC::computeControls, t = 1.635
[2023-08-15 21:57:14.340] [info] CMC::computeControls, t = 1.636
[2023-08-15 21:57:14.356] [info] CMC::computeControls, t = 1.637
[2023-08-15 21:57:14.372] [info] CMC::computeControls, t = 1.638
[2023-08-15 21:57:14.388] [info] CMC::computeControls, t = 1.639
[2023-08-15 21:57:14.404] [info] CMC::computeControls, t = 1.64
[2023-08-15 21:57:14.420] [info] CMC::computeControls, t = 1.641
[2023-08-15 21:57:14.436] [info] CMC::computeControls, t = 1.642
[2023-08-15 21:57:14.452] [info] CMC::computeControls, t = 1.643
[2023-08-15 21:57:14.468] [info] CMC::computeControls, t = 1.644
[2023-08-15 21:57:14.484] [info] CMC::computeControls, t = 1.645
[2023-08-15 21:57:14.501] [info] CMC::computeControls, t = 1.646
[2023-08-15 21:57:14.516] [info] CMC::computeControls, t = 1.647
[2023-08-15 21:57:14.531] [info] CMC::computeControls, t = 1.648
[2023-08-15 21:57:14.546] [info] CMC::computeControls, t = 1.649
[2023-08-15 21:57:14.561] [info] CMC::computeControls, t = 1.65
[2023-08-15 21:57:14.577] [info] CMC::computeControls, t = 1.651
[2023-08-15 21:57:14.592] [info] CMC::computeControls, t = 1.652
[2023-08-15 21:57:14.607] [info] CMC::computeControls, t = 1.653
[2023-08-15 21:57:14.628] [info] CMC::computeControls, t = 1.654
[2023-08-15 21:57:14.643] [info] CMC::computeControls, t = 1.655
[2023-08-15 21:57:14.658] [info] CMC::computeControls, t = 1.656
[2023-08-15 21:57:14.674] [info] CMC::computeControls, t = 1.657
[2023-08-15 21:57:14.689] [info] CMC::computeControls, t = 1.658
[2023-08-15 21:57:14.704] [info] CMC::computeControls, t = 1.659
[2023-08-15 21:57:14.719] [info] CMC::computeControls, t = 1.66
[2023-08-15 21:57:14.740] [info] CMC::computeControls, t = 1.661
[2023-08-15 21:57:14.755] [info] CMC::computeControls, t = 1.662
[2023-08-15 21:57:14.771] [info] CMC::computeControls, t = 1.663
[2023-08-15 21:57:14.786] [info] CMC::computeControls, t = 1.664
[2023-08-15 21:57:14.802] [info] CMC::computeControls, t = 1.665
[2023-08-15 21:57:14.818] [info] CMC::computeControls, t = 1.666
[2023-08-15 21:57:14.833] [info] CMC::computeControls, t = 1.667
[2023-08-15 21:57:14.849] [info] CMC::computeControls, t = 1.668
[2023-08-15 21:57:14.865] [info] CMC::computeControls, t = 1.669
[2023-08-15 21:57:14.881] [info] CMC::computeControls, t = 1.67
[2023-08-15 21:57:14.896] [info] CMC::computeControls, t = 1.671
[2023-08-15 21:57:14.912] [info] CMC::computeControls, t = 1.672
[2023-08-15 21:57:14.929] [info] CMC::computeControls, t = 1.673
[2023-08-15 21:57:14.946] [info] CMC::computeControls, t = 1.674
[2023-08-15 21:57:14.963] [info] CMC::computeControls, t = 1.675
[2023-08-15 21:57:14.980] [info] CMC::computeControls, t = 1.676
[2023-08-15 21:57:14.996] [info] CMC::computeControls, t = 1.677
[2023-08-15 21:57:15.012] [info] CMC::computeControls, t = 1.678
[2023-08-15 21:57:15.029] [info] CMC::computeControls, t = 1.679
[2023-08-15 21:57:15.045] [info] CMC::computeControls, t = 1.68
[2023-08-15 21:57:15.061] [info] CMC::computeControls, t = 1.681
[2023-08-15 21:57:15.078] [info] CMC::computeControls, t = 1.682
[2023-08-15 21:57:15.094] [info] CMC::computeControls, t = 1.683
[2023-08-15 21:57:15.110] [info] CMC::computeControls, t = 1.684
[2023-08-15 21:57:15.126] [info] CMC::computeControls, t = 1.685
[2023-08-15 21:57:15.143] [info] CMC::computeControls, t = 1.686
[2023-08-15 21:57:15.159] [info] CMC::computeControls, t = 1.687
[2023-08-15 21:57:15.175] [info] CMC::computeControls, t = 1.688
[2023-08-15 21:57:15.191] [info] CMC::computeControls, t = 1.689
[2023-08-15 21:57:15.207] [info] CMC::computeControls, t = 1.69
[2023-08-15 21:57:15.223] [info] CMC::computeControls, t = 1.691
[2023-08-15 21:57:15.239] [info] CMC::computeControls, t = 1.692
[2023-08-15 21:57:15.255] [info] CMC::computeControls, t = 1.693
[2023-08-15 21:57:15.271] [info] CMC::computeControls, t = 1.694
[2023-08-15 21:57:15.287] [info] CMC::computeControls, t = 1.695
[2023-08-15 21:57:15.303] [info] CMC::computeControls, t = 1.696
[2023-08-15 21:57:15.320] [info] CMC::computeControls, t = 1.697
[2023-08-15 21:57:15.341] [info] CMC::computeControls, t = 1.698
[2023-08-15 21:57:15.359] [info] CMC::computeControls, t = 1.699
[2023-08-15 21:57:15.377] [info] CMC::computeControls, t = 1.7
[2023-08-15 21:57:15.396] [info] CMC::computeControls, t = 1.70100
[2023-08-15 21:57:15.414] [info] CMC::computeControls, t = 1.70200
[2023-08-15 21:57:15.432] [info] CMC::computeControls, t = 1.70300
[2023-08-15 21:57:15.449] [info] CMC::computeControls, t = 1.70400
[2023-08-15 21:57:15.465] [info] CMC::computeControls, t = 1.70500
[2023-08-15 21:57:15.481] [info] CMC::computeControls, t = 1.70600
[2023-08-15 21:57:15.497] [info] CMC::computeControls, t = 1.70700
[2023-08-15 21:57:15.513] [info] CMC::computeControls, t = 1.70800
[2023-08-15 21:57:15.529] [info] CMC::computeControls, t = 1.70900
[2023-08-15 21:57:15.546] [info] CMC::computeControls, t = 1.71
[2023-08-15 21:57:15.562] [info] CMC::computeControls, t = 1.711
[2023-08-15 21:57:15.578] [info] CMC::computeControls, t = 1.712
[2023-08-15 21:57:15.593] [info] CMC::computeControls, t = 1.713
[2023-08-15 21:57:15.610] [info] CMC::computeControls, t = 1.714
[2023-08-15 21:57:15.626] [info] CMC::computeControls, t = 1.715
[2023-08-15 21:57:15.642] [info] CMC::computeControls, t = 1.716
[2023-08-15 21:57:15.658] [info] CMC::computeControls, t = 1.717
[2023-08-15 21:57:15.674] [info] CMC::computeControls, t = 1.718
[2023-08-15 21:57:15.690] [info] CMC::computeControls, t = 1.719
[2023-08-15 21:57:15.705] [info] CMC::computeControls, t = 1.72
[2023-08-15 21:57:15.721] [info] CMC::computeControls, t = 1.721
[2023-08-15 21:57:15.736] [info] CMC::computeControls, t = 1.722
[2023-08-15 21:57:15.751] [info] CMC::computeControls, t = 1.723
[2023-08-15 21:57:15.767] [info] CMC::computeControls, t = 1.724
[2023-08-15 21:57:15.783] [info] CMC::computeControls, t = 1.725
[2023-08-15 21:57:15.799] [info] CMC::computeControls, t = 1.726
[2023-08-15 21:57:15.815] [info] CMC::computeControls, t = 1.727
[2023-08-15 21:57:15.831] [info] CMC::computeControls, t = 1.728
[2023-08-15 21:57:15.847] [info] CMC::computeControls, t = 1.729
[2023-08-15 21:57:15.863] [info] CMC::computeControls, t = 1.73
[2023-08-15 21:57:15.879] [info] CMC::computeControls, t = 1.731
[2023-08-15 21:57:15.895] [info] CMC::computeControls, t = 1.732
[2023-08-15 21:57:15.912] [info] CMC::computeControls, t = 1.733
[2023-08-15 21:57:15.928] [info] CMC::computeControls, t = 1.734
[2023-08-15 21:57:15.946] [info] CMC::computeControls, t = 1.735
[2023-08-15 21:57:15.961] [info] CMC::computeControls, t = 1.736
[2023-08-15 21:57:15.978] [info] CMC::computeControls, t = 1.737
[2023-08-15 21:57:15.993] [info] CMC::computeControls, t = 1.738
[2023-08-15 21:57:16.009] [info] CMC::computeControls, t = 1.739
[2023-08-15 21:57:16.025] [info] CMC::computeControls, t = 1.74
[2023-08-15 21:57:16.040] [info] CMC::computeControls, t = 1.741
[2023-08-15 21:57:16.056] [info] CMC::computeControls, t = 1.742
[2023-08-15 21:57:16.074] [info] CMC::computeControls, t = 1.743
[2023-08-15 21:57:16.090] [info] CMC::computeControls, t = 1.744
[2023-08-15 21:57:16.106] [info] CMC::computeControls, t = 1.745
[2023-08-15 21:57:16.122] [info] CMC::computeControls, t = 1.746
[2023-08-15 21:57:16.137] [info] CMC::computeControls, t = 1.747
[2023-08-15 21:57:16.153] [info] CMC::computeControls, t = 1.748
[2023-08-15 21:57:16.168] [info] CMC::computeControls, t = 1.749
[2023-08-15 21:57:16.184] [info] CMC::computeControls, t = 1.75
[2023-08-15 21:57:16.203] [info] CMC::computeControls, t = 1.751
[2023-08-15 21:57:16.218] [info] CMC::computeControls, t = 1.752
[2023-08-15 21:57:16.233] [info] CMC::computeControls, t = 1.753
[2023-08-15 21:57:16.249] [info] CMC::computeControls, t = 1.754
[2023-08-15 21:57:16.264] [info] CMC::computeControls, t = 1.755
[2023-08-15 21:57:16.280] [info] CMC::computeControls, t = 1.756
[2023-08-15 21:57:16.296] [info] CMC::computeControls, t = 1.757
[2023-08-15 21:57:16.312] [info] CMC::computeControls, t = 1.758
[2023-08-15 21:57:16.328] [info] CMC::computeControls, t = 1.759
[2023-08-15 21:57:16.344] [info] CMC::computeControls, t = 1.76
[2023-08-15 21:57:16.361] [info] CMC::computeControls, t = 1.761
[2023-08-15 21:57:16.377] [info] CMC::computeControls, t = 1.762
[2023-08-15 21:57:16.393] [info] CMC::computeControls, t = 1.763
[2023-08-15 21:57:16.410] [info] CMC::computeControls, t = 1.764
[2023-08-15 21:57:16.426] [info] CMC::computeControls, t = 1.765
[2023-08-15 21:57:16.442] [info] CMC::computeControls, t = 1.766
[2023-08-15 21:57:16.458] [info] CMC::computeControls, t = 1.767
[2023-08-15 21:57:16.474] [info] CMC::computeControls, t = 1.768
[2023-08-15 21:57:16.490] [info] CMC::computeControls, t = 1.769
[2023-08-15 21:57:16.506] [info] CMC::computeControls, t = 1.77
[2023-08-15 21:57:16.521] [info] CMC::computeControls, t = 1.771
[2023-08-15 21:57:16.537] [info] CMC::computeControls, t = 1.772
[2023-08-15 21:57:16.554] [info] CMC::computeControls, t = 1.773
[2023-08-15 21:57:16.570] [info] CMC::computeControls, t = 1.774
[2023-08-15 21:57:16.589] [info] CMC::computeControls, t = 1.775
[2023-08-15 21:57:16.607] [info] CMC::computeControls, t = 1.776
[2023-08-15 21:57:16.623] [info] -------------------------------------------
[2023-08-15 21:57:16.623] [info] Finished tracking the specified kinematics:
[2023-08-15 21:57:16.623] [info] -------------------------------------------
[2023-08-15 21:57:16.623] [info]  -- Start time = Tue Aug 15 21:57:06 2023
[2023-08-15 21:57:16.623] [info]  -- Finish time = Tue Aug 15 21:57:16 2023
[2023-08-15 21:57:16.623] [info]  -- Elapsed time = 10.0 seconds.
[2023-08-15 21:57:16.623] [info] -------------------------------------------
[2023-08-15 21:57:16.623] [info] 
[2023-08-15 21:57:16.623] [info] Printing results of investigation subject01_run5_cycle2 to cycle2/
[2023-08-15 21:57:16.986] [info] 

************************************************************
*      Summary of Mass Adjustments to Reduce Residuals     *
************************************************************
* Body adjusted: torso
* Mass Center (COM) adjustment: dx =-0.0429099, dz =0.0099879
* New COM location: ~[0.0120859,0.32879,-0.0099879]
************************************************************
* Recommended mass adjustments:                             
*  Total mass change: 0.276555
*  pelvis: orig mass = 11.4128, new mass = 11.4561
*  femur_r: orig mass = 9.01374, new mass = 9.04796
*  tibia_r: orig mass = 3.59284, new mass = 3.60648
*  talus_r: orig mass = 0.0969073, new mass = 0.0972753
*  calcn_r: orig mass = 1.21134, new mass = 1.21594
*  toes_r: orig mass = 0.209901, new mass = 0.210698
*  femur_l: orig mass = 9.01374, new mass = 9.04796
*  tibia_l: orig mass = 3.59284, new mass = 3.60648
*  talus_l: orig mass = 0.0969073, new mass = 0.0972753
*  calcn_l: orig mass = 1.21134, new mass = 1.21594
*  toes_l: orig mass = 0.209901, new mass = 0.210698
*  torso: orig mass = 25.9969, new mass = 26.0956
*  humerus_r: orig mass = 1.96964, new mass = 1.97712
*  ulna_r: orig mass = 0.588712, new mass = 0.590947
*  radius_r: orig mass = 0.588712, new mass = 0.590947
*  hand_r: orig mass = 0.443351, new mass = 0.445034
*  humerus_l: orig mass = 1.96964, new mass = 1.97712
*  ulna_l: orig mass = 0.588712, new mass = 0.590947
*  radius_l: orig mass = 0.588712, new mass = 0.590947
*  hand_l: orig mass = 0.443351, new mass = 0.445034
************************************************************
* Note: Edit the model to make recommended adjustments to  *
*       mass properties.                                   *
************************************************************

* Average residuals before adjusting torso COM:
*  FX=-0.895446 FY=-2.71208 FZ=-3.62353
*  MX=-2.54634 MY=3.22512 MZ=-10.9396
************************************************************
* Average residuals after adjusting torso COM:
*  FX=-0.877894 FY=-3.04104 FZ=-3.85851
*  MX=-0.850728 MY=3.41217 MZ=-0.722073
************************************************************


[2023-08-15 21:57:16.986] [info] 
************************************************************
*                   Final Average Residuals                *
************************************************************
* After torso COM and Kinematics adjustments:
*  FX=3.56977 FY=0.925955 FZ=1.22456
*  MX=-5.19931 MY=-2.88123 MZ=5.15465
************************************************************


