[2023-08-15 22:24:55.747] [info] AbstractTool subject11_run5_cycle2 loading model ..\..\model\subject11_adjusted_scaled.osim
[2023-08-15 22:24:55.794] [info] Loaded model subject11_scaled from file ..\..\model\subject11_adjusted_scaled.osim
[2023-08-15 22:24:55.825] [info] Adding force object set from subject11_run5_RRA_Actuators.xml
[2023-08-15 22:24:55.829] [info] Running tool subject11_run5_cycle2.
[2023-08-15 22:24:55.841] [warning] ExternalLoads 'externalloads' has subcomponents with duplicate name 'externalforce'. The duplicate is being renamed to 'externalforce_0'.
[2023-08-15 22:24:55.857] [info] 	taskSet size = 29.
[2023-08-15 22:24:55.914] [info] ExternalForce::externalforce Data source being set to Run_500 02_newCOP3_v24.mot
[2023-08-15 22:24:55.914] [info] ExternalForce::externalforce_0 Data source being set to Run_500 02_newCOP3_v24.mot
[2023-08-15 22:24:55.920] [warning] A desired points file was not specified.
[2023-08-15 22:24:55.920] [info] Loading desired kinematics from file '..\..\ik\Run_5.mot'...
[2023-08-15 22:24:55.920] [info] Old version storage/motion file encountered
[2023-08-15 22:24:55.920] [info] Storage: read data file = ..\..\ik\Run_5.mot (nr=499 nc=164)
[2023-08-15 22:24:55.920] [info] .. assuming rotations in Degrees..
[2023-08-15 22:24:55.969] [info] Low-pass filtering desired kinematics with a cutoff frequency of 15.0...
[2023-08-15 22:24:56.143] [cout] [info] MODEL: subject11_scaled

numStates = 74
numCoordinates = 37
numSpeeds = 37
numActuators = 29
numBodies = 20
numConstraints = 0
numProbes = 0

ANALYSES (total: 0)

BODIES (total: 20)
body[0] = pelvis. mass: 10.8666
              moments of inertia:  ~[0.102664,0.102664,0.0553689]
              products of inertia: ~[0,0,0]
body[1] = femur_r. mass: 8.58239
              moments of inertia:  ~[0.146581,0.0384242,0.154572]
              products of inertia: ~[0,0,0]
body[2] = tibia_r. mass: 3.42091
              moments of inertia:  ~[0.0517688,0.00523851,0.0524878]
              products of inertia: ~[0,0,0]
body[3] = talus_r. mass: 0.0922699
              moments of inertia:  ~[0.00101755,0.00101755,0.00101755]
              products of inertia: ~[0,0,0]
body[4] = calcn_r. mass: 1.15337
              moments of inertia:  ~[0.00142456,0.00396843,0.00417194]
              products of inertia: ~[0,0,0]
body[5] = toes_r. mass: 0.199857
              moments of inertia:  ~[0.000101755,0.000203509,0.00101755]
              products of inertia: ~[0,0,0]
body[6] = femur_l. mass: 8.58239
              moments of inertia:  ~[0.146581,0.0384242,0.154572]
              products of inertia: ~[0,0,0]
body[7] = tibia_l. mass: 3.42091
              moments of inertia:  ~[0.0515932,0.00488727,0.0515932]
              products of inertia: ~[0,0,0]
body[8] = talus_l. mass: 0.0922699
              moments of inertia:  ~[0.00101755,0.00101755,0.00101755]
              products of inertia: ~[0,0,0]
body[9] = calcn_l. mass: 1.15337
              moments of inertia:  ~[0.00142456,0.00396843,0.00417194]
              products of inertia: ~[0,0,0]
body[10] = toes_l. mass: 0.199857
              moments of inertia:  ~[0.000101755,0.000203509,0.00101755]
              products of inertia: ~[0,0,0]
body[11] = torso. mass: 24.7529
              moments of inertia:  ~[1.3655,0.69965,1.32558]
              products of inertia: ~[0,0,0]
body[12] = humerus_r. mass: 1.87538
              moments of inertia:  ~[0.0119378,0.00411816,0.0133998]
              products of inertia: ~[0,0,0]
body[13] = ulna_r. mass: 0.560539
              moments of inertia:  ~[0.00286409,0.000597571,0.00310679]
              products of inertia: ~[0,0,0]
body[14] = radius_r. mass: 0.560539
              moments of inertia:  ~[0.00286409,0.000597571,0.00310679]
              products of inertia: ~[0,0,0]
body[15] = hand_r. mass: 0.422135
              moments of inertia:  ~[0.000862513,0.000528918,0.0012957]
              products of inertia: ~[0,0,0]
body[16] = humerus_l. mass: 1.87538
              moments of inertia:  ~[0.0119378,0.00411816,0.0133998]
              products of inertia: ~[0,0,0]
body[17] = ulna_l. mass: 0.560539
              moments of inertia:  ~[0.00286409,0.000597571,0.00310679]
              products of inertia: ~[0,0,0]
body[18] = radius_l. mass: 0.560539
              moments of inertia:  ~[0.00286409,0.000597571,0.00310679]
              products of inertia: ~[0,0,0]
body[19] = hand_l. mass: 0.422135
              moments of inertia:  ~[0.000862513,0.000528918,0.0012957]
              products of inertia: ~[0,0,0]

JOINTS (total: 20)
joint[0] = ground_pelvis. parent: ground_offset, child: pelvis_offset
joint[1] = hip_r. parent: pelvis_offset, child: femur_r_offset
joint[2] = knee_r. parent: femur_r_offset, child: tibia_r_offset
joint[3] = ankle_r. parent: tibia_r_offset, child: talus_r_offset
joint[4] = subtalar_r. parent: talus_r_offset, child: calcn_r_offset
joint[5] = mtp_r. parent: calcn_r_offset, child: toes_r_offset
joint[6] = hip_l. parent: pelvis_offset, child: femur_l_offset
joint[7] = knee_l. parent: femur_l_offset, child: tibia_l_offset
joint[8] = ankle_l. parent: tibia_l_offset, child: talus_l_offset
joint[9] = subtalar_l. parent: talus_l_offset, child: calcn_l_offset
joint[10] = mtp_l. parent: calcn_l_offset, child: toes_l_offset
joint[11] = back. parent: pelvis_offset, child: torso_offset
joint[12] = acromial_r. parent: torso_offset, child: humerus_r_offset
joint[13] = elbow_r. parent: humerus_r_offset, child: ulna_r_offset
joint[14] = radioulnar_r. parent: ulna_r_offset, child: radius_r_offset
joint[15] = radius_hand_r. parent: radius_r_offset, child: hand_r_offset
joint[16] = acromial_l. parent: torso_offset, child: humerus_l_offset
joint[17] = elbow_l. parent: humerus_l_offset, child: ulna_l_offset
joint[18] = radioulnar_l. parent: ulna_l_offset, child: radius_l_offset
joint[19] = radius_hand_l. parent: radius_l_offset, child: hand_l_offset

ACTUATORS (total: 29)
actuator[0] = FX
actuator[1] = FY
actuator[2] = FZ
actuator[3] = MZ
actuator[4] = MX
actuator[5] = MY
actuator[6] = hip_flexion_r
actuator[7] = hip_adduction_r
actuator[8] = hip_rotation_r
actuator[9] = knee_angle_r
actuator[10] = ankle_angle_r
actuator[11] = hip_flexion_l
actuator[12] = hip_adduction_l
actuator[13] = hip_rotation_l
actuator[14] = knee_angle_l
actuator[15] = ankle_angle_l
actuator[16] = lumbar_extension
actuator[17] = lumbar_bending
actuator[18] = lumbar_rotation
actuator[19] = arm_flex_r
actuator[20] = arm_add_r
actuator[21] = arm_rot_r
actuator[22] = elbow_flex_r
actuator[23] = pro_sup_r
actuator[24] = arm_flex_l
actuator[25] = arm_add_l
actuator[26] = arm_rot_l
actuator[27] = elbow_flex_l
actuator[28] = pro_sup_l

STATES (total: 74)
y[0] = /jointset/ground_pelvis/pelvis_tilt/value
y[1] = /jointset/ground_pelvis/pelvis_tilt/speed
y[2] = /jointset/ground_pelvis/pelvis_list/value
y[3] = /jointset/ground_pelvis/pelvis_list/speed
y[4] = /jointset/ground_pelvis/pelvis_rotation/value
y[5] = /jointset/ground_pelvis/pelvis_rotation/speed
y[6] = /jointset/ground_pelvis/pelvis_tx/value
y[7] = /jointset/ground_pelvis/pelvis_tx/speed
y[8] = /jointset/ground_pelvis/pelvis_ty/value
y[9] = /jointset/ground_pelvis/pelvis_ty/speed
y[10] = /jointset/ground_pelvis/pelvis_tz/value
y[11] = /jointset/ground_pelvis/pelvis_tz/speed
y[12] = /jointset/hip_r/hip_flexion_r/value
y[13] = /jointset/hip_r/hip_flexion_r/speed
y[14] = /jointset/hip_r/hip_adduction_r/value
y[15] = /jointset/hip_r/hip_adduction_r/speed
y[16] = /jointset/hip_r/hip_rotation_r/value
y[17] = /jointset/hip_r/hip_rotation_r/speed
y[18] = /jointset/knee_r/knee_angle_r/value
y[19] = /jointset/knee_r/knee_angle_r/speed
y[20] = /jointset/ankle_r/ankle_angle_r/value
y[21] = /jointset/ankle_r/ankle_angle_r/speed
y[22] = /jointset/subtalar_r/subtalar_angle_r/value
y[23] = /jointset/subtalar_r/subtalar_angle_r/speed
y[24] = /jointset/mtp_r/mtp_angle_r/value
y[25] = /jointset/mtp_r/mtp_angle_r/speed
y[26] = /jointset/hip_l/hip_flexion_l/value
y[27] = /jointset/hip_l/hip_flexion_l/speed
y[28] = /jointset/hip_l/hip_adduction_l/value
y[29] = /jointset/hip_l/hip_adduction_l/speed
y[30] = /jointset/hip_l/hip_rotation_l/value
y[31] = /jointset/hip_l/hip_rotation_l/speed
y[32] = /jointset/knee_l/knee_angle_l/value
y[33] = /jointset/knee_l/knee_angle_l/speed
y[34] = /jointset/ankle_l/ankle_angle_l/value
y[35] = /jointset/ankle_l/ankle_angle_l/speed
y[36] = /jointset/subtalar_l/subtalar_angle_l/value
y[37] = /jointset/subtalar_l/subtalar_angle_l/speed
y[38] = /jointset/mtp_l/mtp_angle_l/value
y[39] = /jointset/mtp_l/mtp_angle_l/speed
y[40] = /jointset/back/lumbar_extension/value
y[41] = /jointset/back/lumbar_extension/speed
y[42] = /jointset/back/lumbar_bending/value
y[43] = /jointset/back/lumbar_bending/speed
y[44] = /jointset/back/lumbar_rotation/value
y[45] = /jointset/back/lumbar_rotation/speed
y[46] = /jointset/acromial_r/arm_flex_r/value
y[47] = /jointset/acromial_r/arm_flex_r/speed
y[48] = /jointset/acromial_r/arm_add_r/value
y[49] = /jointset/acromial_r/arm_add_r/speed
y[50] = /jointset/acromial_r/arm_rot_r/value
y[51] = /jointset/acromial_r/arm_rot_r/speed
y[52] = /jointset/elbow_r/elbow_flex_r/value
y[53] = /jointset/elbow_r/elbow_flex_r/speed
y[54] = /jointset/radioulnar_r/pro_sup_r/value
y[55] = /jointset/radioulnar_r/pro_sup_r/speed
y[56] = /jointset/radius_hand_r/wrist_flex_r/value
y[57] = /jointset/radius_hand_r/wrist_flex_r/speed
y[58] = /jointset/radius_hand_r/wrist_dev_r/value
y[59] = /jointset/radius_hand_r/wrist_dev_r/speed
y[60] = /jointset/acromial_l/arm_flex_l/value
y[61] = /jointset/acromial_l/arm_flex_l/speed
y[62] = /jointset/acromial_l/arm_add_l/value
y[63] = /jointset/acromial_l/arm_add_l/speed
y[64] = /jointset/acromial_l/arm_rot_l/value
y[65] = /jointset/acromial_l/arm_rot_l/speed
y[66] = /jointset/elbow_l/elbow_flex_l/value
y[67] = /jointset/elbow_l/elbow_flex_l/speed
y[68] = /jointset/radioulnar_l/pro_sup_l/value
y[69] = /jointset/radioulnar_l/pro_sup_l/speed
y[70] = /jointset/radius_hand_l/wrist_flex_l/value
y[71] = /jointset/radius_hand_l/wrist_flex_l/speed
y[72] = /jointset/radius_hand_l/wrist_dev_l/value
y[73] = /jointset/radius_hand_l/wrist_dev_l/speed

[2023-08-15 22:24:56.555] [info] Requested COM adjustment time range 0.691 to 1.248, clamped to nearest available data times: 0.69 to 1.24.
[2023-08-15 22:24:56.555] [info] Computing average residuals between 0.69 and 1.24...
[2023-08-15 22:24:56.623] [info] ExternalForce::externalforce Data source being set to Run_500 02_newCOP3_v24.mot
[2023-08-15 22:24:56.623] [info] ExternalForce::externalforce_0 Data source being set to Run_500 02_newCOP3_v24.mot
[2023-08-15 22:24:56.683] [info] ExternalForce::externalforce Data source being set to Run_500 02_newCOP3_v24.mot
[2023-08-15 22:24:56.684] [info] ExternalForce::externalforce_0 Data source being set to Run_500 02_newCOP3_v24.mot
[2023-08-15 22:24:57.857] [info] ExternalForce::externalforce Data source being set to Run_500 02_newCOP3_v24.mot
[2023-08-15 22:24:57.857] [info] ExternalForce::externalforce_0 Data source being set to Run_500 02_newCOP3_v24.mot
[2023-08-15 22:24:57.862] [info] Computing average residuals between 0.69 and 1.24...
[2023-08-15 22:24:57.966] [info] ExternalForce::externalforce Data source being set to Run_500 02_newCOP3_v24.mot
[2023-08-15 22:24:57.966] [info] ExternalForce::externalforce_0 Data source being set to Run_500 02_newCOP3_v24.mot
[2023-08-15 22:24:58.021] [info] ExternalForce::externalforce Data source being set to Run_500 02_newCOP3_v24.mot
[2023-08-15 22:24:58.021] [info] ExternalForce::externalforce_0 Data source being set to Run_500 02_newCOP3_v24.mot
[2023-08-15 22:24:59.151] [info] Constructing function set for tracking desired kinematics...
[2023-08-15 22:24:59.827] [warning] No Actuation analysis found in analysis set, adding one...
[2023-08-15 22:24:59.827] [warning] No Kinematics analysis found in analysis set, adding one...
[2023-08-15 22:24:59.829] [info] Using the generalized coordinates specified in '..\..\ik\Run_5.mot' to set the initial configuration.
[2023-08-15 22:25:00.001] [info] Using IPOPT optimizer algorithm.
[2023-08-15 22:25:00.001] [info] Setting optimizer print level to 0.
[2023-08-15 22:25:00.001] [info] Setting optimizer convergence tolerance to 1.0e-05.
[2023-08-15 22:25:00.001] [info] Setting optimizer maximum iterations to 2000.
[2023-08-15 22:25:00.001] [info] Setting cmc controller to not use verbose printing.

[2023-08-15 22:25:00.002] [info] CMC::computeControls, t = 0.691
[2023-08-15 22:25:00.813] [info] --------------------------------------------
[2023-08-15 22:25:00.813] [info] Using CMC to track the specified kinematics:
[2023-08-15 22:25:00.813] [info] --------------------------------------------
[2023-08-15 22:25:00.813] [info]  -- Integrating from 0.691 to 1.248
[2023-08-15 22:25:00.813] [info]  -- Start time = Tue Aug 15 22:25:00 2023
[2023-08-15 22:25:00.813] [info] --------------------------------------------
[2023-08-15 22:25:00.813] [info] 
[2023-08-15 22:25:00.818] [info] CMC::computeControls, t = 0.691
[2023-08-15 22:25:00.848] [info] CMC::computeControls, t = 0.692
[2023-08-15 22:25:00.848] [warning] Coordinate.setValue:  coordinate subtalar_angle_r is locked. Unable to change its value.
[2023-08-15 22:25:00.848] [warning] Coordinate.setValue:  coordinate mtp_angle_r is locked. Unable to change its value.
[2023-08-15 22:25:00.848] [warning] Coordinate.setValue:  coordinate subtalar_angle_l is locked. Unable to change its value.
[2023-08-15 22:25:00.848] [warning] Coordinate.setValue:  coordinate mtp_angle_l is locked. Unable to change its value.
[2023-08-15 22:25:00.848] [warning] Coordinate.setValue:  coordinate wrist_flex_r is locked. Unable to change its value.
[2023-08-15 22:25:00.848] [warning] Coordinate.setValue:  coordinate wrist_dev_r is locked. Unable to change its value.
[2023-08-15 22:25:00.848] [warning] Coordinate.setValue:  coordinate wrist_flex_l is locked. Unable to change its value.
[2023-08-15 22:25:00.848] [warning] Coordinate.setValue:  coordinate wrist_dev_l is locked. Unable to change its value.
[2023-08-15 22:25:00.909] [info] CMC::computeControls, t = 0.693
[2023-08-15 22:25:00.932] [info] CMC::computeControls, t = 0.694
[2023-08-15 22:25:00.982] [info] CMC::computeControls, t = 0.695
[2023-08-15 22:25:01.014] [info] CMC::computeControls, t = 0.696
[2023-08-15 22:25:01.046] [info] CMC::computeControls, t = 0.697
[2023-08-15 22:25:01.062] [info] CMC::computeControls, t = 0.698
[2023-08-15 22:25:01.089] [info] CMC::computeControls, t = 0.699
[2023-08-15 22:25:01.110] [info] CMC::computeControls, t = 0.7
[2023-08-15 22:25:01.131] [info] CMC::computeControls, t = 0.701000
[2023-08-15 22:25:01.163] [info] CMC::computeControls, t = 0.702000
[2023-08-15 22:25:01.186] [info] CMC::computeControls, t = 0.703000
[2023-08-15 22:25:01.211] [info] CMC::computeControls, t = 0.704000
[2023-08-15 22:25:01.229] [info] CMC::computeControls, t = 0.705000
[2023-08-15 22:25:01.248] [info] CMC::computeControls, t = 0.706000
[2023-08-15 22:25:01.279] [info] CMC::computeControls, t = 0.707000
[2023-08-15 22:25:01.294] [info] CMC::computeControls, t = 0.708000
[2023-08-15 22:25:01.312] [info] CMC::computeControls, t = 0.709000
[2023-08-15 22:25:01.342] [info] CMC::computeControls, t = 0.71
[2023-08-15 22:25:01.371] [info] CMC::computeControls, t = 0.711
[2023-08-15 22:25:01.392] [info] CMC::computeControls, t = 0.712
[2023-08-15 22:25:01.418] [info] CMC::computeControls, t = 0.713
[2023-08-15 22:25:01.441] [info] CMC::computeControls, t = 0.714
[2023-08-15 22:25:01.463] [info] CMC::computeControls, t = 0.715
[2023-08-15 22:25:01.494] [info] CMC::computeControls, t = 0.716
[2023-08-15 22:25:01.512] [info] CMC::computeControls, t = 0.717
[2023-08-15 22:25:01.537] [info] CMC::computeControls, t = 0.718
[2023-08-15 22:25:01.565] [info] CMC::computeControls, t = 0.719
[2023-08-15 22:25:01.592] [info] CMC::computeControls, t = 0.72
[2023-08-15 22:25:01.620] [info] CMC::computeControls, t = 0.721
[2023-08-15 22:25:01.647] [info] CMC::computeControls, t = 0.722
[2023-08-15 22:25:01.675] [info] CMC::computeControls, t = 0.723
[2023-08-15 22:25:01.711] [info] CMC::computeControls, t = 0.724
[2023-08-15 22:25:01.727] [info] CMC::computeControls, t = 0.725
[2023-08-15 22:25:01.760] [info] CMC::computeControls, t = 0.726
[2023-08-15 22:25:01.776] [info] CMC::computeControls, t = 0.727
[2023-08-15 22:25:01.804] [info] CMC::computeControls, t = 0.728
[2023-08-15 22:25:01.839] [info] CMC::computeControls, t = 0.729
[2023-08-15 22:25:01.865] [info] CMC::computeControls, t = 0.73
[2023-08-15 22:25:01.903] [info] CMC::computeControls, t = 0.731
[2023-08-15 22:25:01.925] [info] CMC::computeControls, t = 0.732
[2023-08-15 22:25:01.945] [info] CMC::computeControls, t = 0.733
[2023-08-15 22:25:01.966] [info] CMC::computeControls, t = 0.734
[2023-08-15 22:25:01.993] [info] CMC::computeControls, t = 0.735
[2023-08-15 22:25:02.025] [info] CMC::computeControls, t = 0.736
[2023-08-15 22:25:02.042] [info] CMC::computeControls, t = 0.737
[2023-08-15 22:25:02.059] [info] CMC::computeControls, t = 0.738
[2023-08-15 22:25:02.085] [info] CMC::computeControls, t = 0.739
[2023-08-15 22:25:02.118] [info] CMC::computeControls, t = 0.74
[2023-08-15 22:25:02.141] [info] CMC::computeControls, t = 0.741
[2023-08-15 22:25:02.170] [info] CMC::computeControls, t = 0.742
[2023-08-15 22:25:02.199] [info] CMC::computeControls, t = 0.743
[2023-08-15 22:25:02.223] [info] CMC::computeControls, t = 0.744
[2023-08-15 22:25:02.252] [info] CMC::computeControls, t = 0.745
[2023-08-15 22:25:02.284] [info] CMC::computeControls, t = 0.746
[2023-08-15 22:25:02.316] [info] CMC::computeControls, t = 0.747
[2023-08-15 22:25:02.345] [info] CMC::computeControls, t = 0.748
[2023-08-15 22:25:02.371] [info] CMC::computeControls, t = 0.749
[2023-08-15 22:25:02.401] [info] CMC::computeControls, t = 0.75
[2023-08-15 22:25:02.434] [info] CMC::computeControls, t = 0.751
[2023-08-15 22:25:02.459] [info] CMC::computeControls, t = 0.752
[2023-08-15 22:25:02.486] [info] CMC::computeControls, t = 0.753
[2023-08-15 22:25:02.511] [info] CMC::computeControls, t = 0.754
[2023-08-15 22:25:02.545] [info] CMC::computeControls, t = 0.755
[2023-08-15 22:25:02.573] [info] CMC::computeControls, t = 0.756
[2023-08-15 22:25:02.617] [info] CMC::computeControls, t = 0.757
[2023-08-15 22:25:02.673] [info] CMC::computeControls, t = 0.758
[2023-08-15 22:25:02.727] [info] CMC::computeControls, t = 0.759
[2023-08-15 22:25:02.751] [info] CMC::computeControls, t = 0.76
[2023-08-15 22:25:02.821] [info] CMC::computeControls, t = 0.761
[2023-08-15 22:25:02.866] [info] CMC::computeControls, t = 0.762
[2023-08-15 22:25:02.917] [info] CMC::computeControls, t = 0.763
[2023-08-15 22:25:02.971] [info] CMC::computeControls, t = 0.764
[2023-08-15 22:25:02.999] [info] CMC::computeControls, t = 0.765
[2023-08-15 22:25:03.021] [info] CMC::computeControls, t = 0.766
[2023-08-15 22:25:03.067] [info] CMC::computeControls, t = 0.767
[2023-08-15 22:25:03.103] [info] CMC::computeControls, t = 0.768
[2023-08-15 22:25:03.153] [info] CMC::computeControls, t = 0.769
[2023-08-15 22:25:03.209] [info] CMC::computeControls, t = 0.77
[2023-08-15 22:25:03.261] [info] CMC::computeControls, t = 0.771
[2023-08-15 22:25:03.304] [info] CMC::computeControls, t = 0.772
[2023-08-15 22:25:03.349] [info] CMC::computeControls, t = 0.773
[2023-08-15 22:25:03.410] [info] CMC::computeControls, t = 0.774
[2023-08-15 22:25:03.476] [info] CMC::computeControls, t = 0.775
[2023-08-15 22:25:03.528] [info] CMC::computeControls, t = 0.776
[2023-08-15 22:25:03.566] [info] CMC::computeControls, t = 0.777
[2023-08-15 22:25:03.603] [info] CMC::computeControls, t = 0.778
[2023-08-15 22:25:03.640] [info] CMC::computeControls, t = 0.779
[2023-08-15 22:25:03.677] [info] CMC::computeControls, t = 0.78
[2023-08-15 22:25:03.723] [info] CMC::computeControls, t = 0.781
[2023-08-15 22:25:03.776] [info] CMC::computeControls, t = 0.782
[2023-08-15 22:25:03.822] [info] CMC::computeControls, t = 0.783
[2023-08-15 22:25:03.886] [info] CMC::computeControls, t = 0.784
[2023-08-15 22:25:03.943] [info] CMC::computeControls, t = 0.785
[2023-08-15 22:25:03.991] [info] CMC::computeControls, t = 0.786
[2023-08-15 22:25:04.027] [info] CMC::computeControls, t = 0.787
[2023-08-15 22:25:04.093] [info] CMC::computeControls, t = 0.788
[2023-08-15 22:25:04.154] [info] CMC::computeControls, t = 0.789
[2023-08-15 22:25:04.207] [info] CMC::computeControls, t = 0.79
[2023-08-15 22:25:04.244] [info] CMC::computeControls, t = 0.791
[2023-08-15 22:25:04.278] [info] CMC::computeControls, t = 0.792
[2023-08-15 22:25:04.329] [info] CMC::computeControls, t = 0.793
[2023-08-15 22:25:04.357] [info] CMC::computeControls, t = 0.794
[2023-08-15 22:25:04.405] [info] CMC::computeControls, t = 0.795
[2023-08-15 22:25:04.447] [info] CMC::computeControls, t = 0.796
[2023-08-15 22:25:04.502] [info] CMC::computeControls, t = 0.797
[2023-08-15 22:25:04.549] [info] CMC::computeControls, t = 0.798
[2023-08-15 22:25:04.567] [info] CMC::computeControls, t = 0.799
[2023-08-15 22:25:04.597] [info] CMC::computeControls, t = 0.8
[2023-08-15 22:25:04.617] [info] CMC::computeControls, t = 0.801000
[2023-08-15 22:25:04.632] [info] CMC::computeControls, t = 0.802000
[2023-08-15 22:25:04.650] [info] CMC::computeControls, t = 0.803000
[2023-08-15 22:25:04.687] [info] CMC::computeControls, t = 0.804000
[2023-08-15 22:25:04.710] [info] CMC::computeControls, t = 0.805000
[2023-08-15 22:25:04.733] [info] CMC::computeControls, t = 0.806000
[2023-08-15 22:25:04.749] [info] CMC::computeControls, t = 0.807000
[2023-08-15 22:25:04.772] [info] CMC::computeControls, t = 0.808000
[2023-08-15 22:25:04.788] [info] CMC::computeControls, t = 0.809000
[2023-08-15 22:25:04.825] [info] CMC::computeControls, t = 0.81
[2023-08-15 22:25:04.841] [info] CMC::computeControls, t = 0.811
[2023-08-15 22:25:04.857] [info] CMC::computeControls, t = 0.812
[2023-08-15 22:25:04.887] [info] CMC::computeControls, t = 0.813
[2023-08-15 22:25:04.904] [info] CMC::computeControls, t = 0.814
[2023-08-15 22:25:04.937] [info] CMC::computeControls, t = 0.815
[2023-08-15 22:25:04.964] [info] CMC::computeControls, t = 0.816
[2023-08-15 22:25:04.998] [info] CMC::computeControls, t = 0.817
[2023-08-15 22:25:05.030] [info] CMC::computeControls, t = 0.818
[2023-08-15 22:25:05.054] [info] CMC::computeControls, t = 0.819
[2023-08-15 22:25:05.072] [info] CMC::computeControls, t = 0.82
[2023-08-15 22:25:05.096] [info] CMC::computeControls, t = 0.821
[2023-08-15 22:25:05.124] [info] CMC::computeControls, t = 0.822
[2023-08-15 22:25:05.145] [info] CMC::computeControls, t = 0.823
[2023-08-15 22:25:05.178] [info] CMC::computeControls, t = 0.824
[2023-08-15 22:25:05.203] [info] CMC::computeControls, t = 0.825
[2023-08-15 22:25:05.227] [info] CMC::computeControls, t = 0.826
[2023-08-15 22:25:05.256] [info] CMC::computeControls, t = 0.827
[2023-08-15 22:25:05.279] [info] CMC::computeControls, t = 0.828
[2023-08-15 22:25:05.295] [info] CMC::computeControls, t = 0.829
[2023-08-15 22:25:05.314] [info] CMC::computeControls, t = 0.83
[2023-08-15 22:25:05.343] [info] CMC::computeControls, t = 0.831
[2023-08-15 22:25:05.366] [info] CMC::computeControls, t = 0.832
[2023-08-15 22:25:05.403] [info] CMC::computeControls, t = 0.833
[2023-08-15 22:25:05.442] [info] CMC::computeControls, t = 0.834
[2023-08-15 22:25:05.479] [info] CMC::computeControls, t = 0.835
[2023-08-15 22:25:05.512] [info] CMC::computeControls, t = 0.836
[2023-08-15 22:25:05.539] [info] CMC::computeControls, t = 0.837
[2023-08-15 22:25:05.559] [info] CMC::computeControls, t = 0.838
[2023-08-15 22:25:05.577] [info] CMC::computeControls, t = 0.839
[2023-08-15 22:25:05.601] [info] CMC::computeControls, t = 0.84
[2023-08-15 22:25:05.624] [info] CMC::computeControls, t = 0.841
[2023-08-15 22:25:05.650] [info] CMC::computeControls, t = 0.842
[2023-08-15 22:25:05.668] [info] CMC::computeControls, t = 0.843
[2023-08-15 22:25:05.690] [info] CMC::computeControls, t = 0.844
[2023-08-15 22:25:05.714] [info] CMC::computeControls, t = 0.845
[2023-08-15 22:25:05.741] [info] CMC::computeControls, t = 0.846
[2023-08-15 22:25:05.771] [info] CMC::computeControls, t = 0.847
[2023-08-15 22:25:05.798] [info] CMC::computeControls, t = 0.848
[2023-08-15 22:25:05.823] [info] CMC::computeControls, t = 0.849
[2023-08-15 22:25:05.849] [info] CMC::computeControls, t = 0.85
[2023-08-15 22:25:05.877] [info] CMC::computeControls, t = 0.851
[2023-08-15 22:25:05.904] [info] CMC::computeControls, t = 0.852
[2023-08-15 22:25:05.930] [info] CMC::computeControls, t = 0.853
[2023-08-15 22:25:05.954] [info] CMC::computeControls, t = 0.854
[2023-08-15 22:25:05.983] [info] CMC::computeControls, t = 0.855
[2023-08-15 22:25:06.007] [info] CMC::computeControls, t = 0.856
[2023-08-15 22:25:06.037] [info] CMC::computeControls, t = 0.857
[2023-08-15 22:25:06.066] [info] CMC::computeControls, t = 0.858
[2023-08-15 22:25:06.083] [info] CMC::computeControls, t = 0.859
[2023-08-15 22:25:06.109] [info] CMC::computeControls, t = 0.86
[2023-08-15 22:25:06.125] [info] CMC::computeControls, t = 0.861
[2023-08-15 22:25:06.143] [info] CMC::computeControls, t = 0.862
[2023-08-15 22:25:06.158] [info] CMC::computeControls, t = 0.863
[2023-08-15 22:25:06.186] [info] CMC::computeControls, t = 0.864
[2023-08-15 22:25:06.206] [info] CMC::computeControls, t = 0.865
[2023-08-15 22:25:06.231] [info] CMC::computeControls, t = 0.866
[2023-08-15 22:25:06.250] [info] CMC::computeControls, t = 0.867
[2023-08-15 22:25:06.269] [info] CMC::computeControls, t = 0.868
[2023-08-15 22:25:06.285] [info] CMC::computeControls, t = 0.869
[2023-08-15 22:25:06.312] [info] CMC::computeControls, t = 0.87
[2023-08-15 22:25:06.350] [info] CMC::computeControls, t = 0.871
[2023-08-15 22:25:06.383] [info] CMC::computeControls, t = 0.872
[2023-08-15 22:25:06.414] [info] CMC::computeControls, t = 0.873
[2023-08-15 22:25:06.438] [info] CMC::computeControls, t = 0.874
[2023-08-15 22:25:06.454] [info] CMC::computeControls, t = 0.875
[2023-08-15 22:25:06.487] [info] CMC::computeControls, t = 0.876
[2023-08-15 22:25:06.515] [info] CMC::computeControls, t = 0.877
[2023-08-15 22:25:06.530] [info] CMC::computeControls, t = 0.878
[2023-08-15 22:25:06.546] [info] CMC::computeControls, t = 0.879
[2023-08-15 22:25:06.561] [info] CMC::computeControls, t = 0.88
[2023-08-15 22:25:06.580] [info] CMC::computeControls, t = 0.881
[2023-08-15 22:25:06.595] [info] CMC::computeControls, t = 0.882
[2023-08-15 22:25:06.611] [info] CMC::computeControls, t = 0.883
[2023-08-15 22:25:06.632] [info] CMC::computeControls, t = 0.884
[2023-08-15 22:25:06.648] [info] CMC::computeControls, t = 0.885
[2023-08-15 22:25:06.678] [info] CMC::computeControls, t = 0.886
[2023-08-15 22:25:06.712] [info] CMC::computeControls, t = 0.887
[2023-08-15 22:25:06.733] [info] CMC::computeControls, t = 0.888
[2023-08-15 22:25:06.754] [info] CMC::computeControls, t = 0.889
[2023-08-15 22:25:06.770] [info] CMC::computeControls, t = 0.89
[2023-08-15 22:25:06.796] [info] CMC::computeControls, t = 0.891
[2023-08-15 22:25:06.820] [info] CMC::computeControls, t = 0.892
[2023-08-15 22:25:06.850] [info] CMC::computeControls, t = 0.893
[2023-08-15 22:25:06.875] [info] CMC::computeControls, t = 0.894
[2023-08-15 22:25:06.903] [info] CMC::computeControls, t = 0.895
[2023-08-15 22:25:06.925] [info] CMC::computeControls, t = 0.896
[2023-08-15 22:25:06.961] [info] CMC::computeControls, t = 0.897
[2023-08-15 22:25:07.003] [info] CMC::computeControls, t = 0.898
[2023-08-15 22:25:07.028] [info] CMC::computeControls, t = 0.899
[2023-08-15 22:25:07.058] [info] CMC::computeControls, t = 0.9
[2023-08-15 22:25:07.080] [info] CMC::computeControls, t = 0.901000
[2023-08-15 22:25:07.102] [info] CMC::computeControls, t = 0.902000
[2023-08-15 22:25:07.120] [info] CMC::computeControls, t = 0.903000
[2023-08-15 22:25:07.145] [info] CMC::computeControls, t = 0.904000
[2023-08-15 22:25:07.176] [info] CMC::computeControls, t = 0.905000
[2023-08-15 22:25:07.207] [info] CMC::computeControls, t = 0.906000
[2023-08-15 22:25:07.230] [info] CMC::computeControls, t = 0.907000
[2023-08-15 22:25:07.249] [info] CMC::computeControls, t = 0.908000
[2023-08-15 22:25:07.268] [info] CMC::computeControls, t = 0.909000
[2023-08-15 22:25:07.296] [info] CMC::computeControls, t = 0.91
[2023-08-15 22:25:07.323] [info] CMC::computeControls, t = 0.911
[2023-08-15 22:25:07.349] [info] CMC::computeControls, t = 0.912
[2023-08-15 22:25:07.384] [info] CMC::computeControls, t = 0.913
[2023-08-15 22:25:07.411] [info] CMC::computeControls, t = 0.914
[2023-08-15 22:25:07.443] [info] CMC::computeControls, t = 0.915
[2023-08-15 22:25:07.467] [info] CMC::computeControls, t = 0.916
[2023-08-15 22:25:07.492] [info] CMC::computeControls, t = 0.917
[2023-08-15 22:25:07.516] [info] CMC::computeControls, t = 0.918
[2023-08-15 22:25:07.541] [info] CMC::computeControls, t = 0.919
[2023-08-15 22:25:07.568] [info] CMC::computeControls, t = 0.92
[2023-08-15 22:25:07.602] [info] CMC::computeControls, t = 0.921
[2023-08-15 22:25:07.636] [info] CMC::computeControls, t = 0.922
[2023-08-15 22:25:07.663] [info] CMC::computeControls, t = 0.923
[2023-08-15 22:25:07.689] [info] CMC::computeControls, t = 0.924
[2023-08-15 22:25:07.704] [info] CMC::computeControls, t = 0.925
[2023-08-15 22:25:07.731] [info] CMC::computeControls, t = 0.926
[2023-08-15 22:25:07.759] [info] CMC::computeControls, t = 0.927
[2023-08-15 22:25:07.792] [info] CMC::computeControls, t = 0.928
[2023-08-15 22:25:07.826] [info] CMC::computeControls, t = 0.929
[2023-08-15 22:25:07.851] [info] CMC::computeControls, t = 0.93
[2023-08-15 22:25:07.879] [info] CMC::computeControls, t = 0.931
[2023-08-15 22:25:07.895] [info] CMC::computeControls, t = 0.932
[2023-08-15 22:25:07.910] [info] CMC::computeControls, t = 0.933
[2023-08-15 22:25:07.936] [info] CMC::computeControls, t = 0.934
[2023-08-15 22:25:07.963] [info] CMC::computeControls, t = 0.935
[2023-08-15 22:25:07.988] [info] CMC::computeControls, t = 0.936
[2023-08-15 22:25:08.003] [info] CMC::computeControls, t = 0.937
[2023-08-15 22:25:08.018] [info] CMC::computeControls, t = 0.938
[2023-08-15 22:25:08.036] [info] CMC::computeControls, t = 0.939
[2023-08-15 22:25:08.054] [info] CMC::computeControls, t = 0.94
[2023-08-15 22:25:08.073] [info] CMC::computeControls, t = 0.941
[2023-08-15 22:25:08.112] [info] CMC::computeControls, t = 0.942
[2023-08-15 22:25:08.141] [info] CMC::computeControls, t = 0.943
[2023-08-15 22:25:08.183] [info] CMC::computeControls, t = 0.944
[2023-08-15 22:25:08.210] [info] CMC::computeControls, t = 0.945
[2023-08-15 22:25:08.238] [info] CMC::computeControls, t = 0.946
[2023-08-15 22:25:08.262] [info] CMC::computeControls, t = 0.947
[2023-08-15 22:25:08.278] [info] CMC::computeControls, t = 0.948
[2023-08-15 22:25:08.316] [info] CMC::computeControls, t = 0.949
[2023-08-15 22:25:08.338] [info] CMC::computeControls, t = 0.95
[2023-08-15 22:25:08.370] [info] CMC::computeControls, t = 0.951
[2023-08-15 22:25:08.395] [info] CMC::computeControls, t = 0.952
[2023-08-15 22:25:08.412] [info] CMC::computeControls, t = 0.953
[2023-08-15 22:25:08.429] [info] CMC::computeControls, t = 0.954
[2023-08-15 22:25:08.460] [info] CMC::computeControls, t = 0.955
[2023-08-15 22:25:08.482] [info] CMC::computeControls, t = 0.956
[2023-08-15 22:25:08.498] [info] CMC::computeControls, t = 0.957
[2023-08-15 22:25:08.524] [info] CMC::computeControls, t = 0.958
[2023-08-15 22:25:08.550] [info] CMC::computeControls, t = 0.959
[2023-08-15 22:25:08.575] [info] CMC::computeControls, t = 0.96
[2023-08-15 22:25:08.601] [info] CMC::computeControls, t = 0.961
[2023-08-15 22:25:08.617] [info] CMC::computeControls, t = 0.962
[2023-08-15 22:25:08.639] [info] CMC::computeControls, t = 0.963
[2023-08-15 22:25:08.679] [info] CMC::computeControls, t = 0.964
[2023-08-15 22:25:08.712] [info] CMC::computeControls, t = 0.965
[2023-08-15 22:25:08.751] [info] CMC::computeControls, t = 0.966
[2023-08-15 22:25:08.800] [info] CMC::computeControls, t = 0.967
[2023-08-15 22:25:08.836] [info] CMC::computeControls, t = 0.968
[2023-08-15 22:25:08.874] [info] CMC::computeControls, t = 0.969
[2023-08-15 22:25:08.934] [info] CMC::computeControls, t = 0.97
[2023-08-15 22:25:08.977] [info] CMC::computeControls, t = 0.971
[2023-08-15 22:25:09.020] [info] CMC::computeControls, t = 0.972
[2023-08-15 22:25:09.055] [info] CMC::computeControls, t = 0.973
[2023-08-15 22:25:09.087] [info] CMC::computeControls, t = 0.974
[2023-08-15 22:25:09.118] [info] CMC::computeControls, t = 0.975
[2023-08-15 22:25:09.148] [info] CMC::computeControls, t = 0.976
[2023-08-15 22:25:09.167] [info] CMC::computeControls, t = 0.977
[2023-08-15 22:25:09.184] [info] CMC::computeControls, t = 0.978
[2023-08-15 22:25:09.209] [info] CMC::computeControls, t = 0.979
[2023-08-15 22:25:09.233] [info] CMC::computeControls, t = 0.98
[2023-08-15 22:25:09.267] [info] CMC::computeControls, t = 0.981
[2023-08-15 22:25:09.317] [info] CMC::computeControls, t = 0.982
[2023-08-15 22:25:09.348] [info] CMC::computeControls, t = 0.983
[2023-08-15 22:25:09.375] [info] CMC::computeControls, t = 0.984
[2023-08-15 22:25:09.392] [info] CMC::computeControls, t = 0.985
[2023-08-15 22:25:09.410] [info] CMC::computeControls, t = 0.986
[2023-08-15 22:25:09.434] [info] CMC::computeControls, t = 0.987
[2023-08-15 22:25:09.486] [info] CMC::computeControls, t = 0.988
[2023-08-15 22:25:09.518] [info] CMC::computeControls, t = 0.989
[2023-08-15 22:25:09.561] [info] CMC::computeControls, t = 0.99
[2023-08-15 22:25:09.595] [info] CMC::computeControls, t = 0.991
[2023-08-15 22:25:09.628] [info] CMC::computeControls, t = 0.992
[2023-08-15 22:25:09.656] [info] CMC::computeControls, t = 0.993
[2023-08-15 22:25:09.676] [info] CMC::computeControls, t = 0.994
[2023-08-15 22:25:09.700] [info] CMC::computeControls, t = 0.995
[2023-08-15 22:25:09.725] [info] CMC::computeControls, t = 0.996
[2023-08-15 22:25:09.744] [info] CMC::computeControls, t = 0.997
[2023-08-15 22:25:09.764] [info] CMC::computeControls, t = 0.998
[2023-08-15 22:25:09.782] [info] CMC::computeControls, t = 0.999
[2023-08-15 22:25:09.800] [info] CMC::computeControls, t = 1.0
[2023-08-15 22:25:09.823] [info] CMC::computeControls, t = 1.00100
[2023-08-15 22:25:09.844] [info] CMC::computeControls, t = 1.00200
[2023-08-15 22:25:09.868] [info] CMC::computeControls, t = 1.00300
[2023-08-15 22:25:09.885] [info] CMC::computeControls, t = 1.00400
[2023-08-15 22:25:09.916] [info] CMC::computeControls, t = 1.00500
[2023-08-15 22:25:09.946] [info] CMC::computeControls, t = 1.00600
[2023-08-15 22:25:09.962] [info] CMC::computeControls, t = 1.00700
[2023-08-15 22:25:09.993] [info] CMC::computeControls, t = 1.00800
[2023-08-15 22:25:10.017] [info] CMC::computeControls, t = 1.00900
[2023-08-15 22:25:10.063] [info] CMC::computeControls, t = 1.01
[2023-08-15 22:25:10.099] [info] CMC::computeControls, t = 1.011
[2023-08-15 22:25:10.133] [info] CMC::computeControls, t = 1.012
[2023-08-15 22:25:10.187] [info] CMC::computeControls, t = 1.013
[2023-08-15 22:25:10.230] [info] CMC::computeControls, t = 1.014
[2023-08-15 22:25:10.267] [info] CMC::computeControls, t = 1.015
[2023-08-15 22:25:10.299] [info] CMC::computeControls, t = 1.016
[2023-08-15 22:25:10.323] [info] CMC::computeControls, t = 1.017
[2023-08-15 22:25:10.347] [info] CMC::computeControls, t = 1.018
[2023-08-15 22:25:10.372] [info] CMC::computeControls, t = 1.019
[2023-08-15 22:25:10.418] [info] CMC::computeControls, t = 1.02
[2023-08-15 22:25:10.475] [info] CMC::computeControls, t = 1.021
[2023-08-15 22:25:10.527] [info] CMC::computeControls, t = 1.022
[2023-08-15 22:25:10.590] [info] CMC::computeControls, t = 1.023
[2023-08-15 22:25:10.634] [info] CMC::computeControls, t = 1.024
[2023-08-15 22:25:10.671] [info] CMC::computeControls, t = 1.025
[2023-08-15 22:25:10.704] [info] CMC::computeControls, t = 1.026
[2023-08-15 22:25:10.733] [info] CMC::computeControls, t = 1.027
[2023-08-15 22:25:10.767] [info] CMC::computeControls, t = 1.028
[2023-08-15 22:25:10.801] [info] CMC::computeControls, t = 1.029
[2023-08-15 22:25:10.836] [info] CMC::computeControls, t = 1.03
[2023-08-15 22:25:10.872] [info] CMC::computeControls, t = 1.031
[2023-08-15 22:25:10.910] [info] CMC::computeControls, t = 1.032
[2023-08-15 22:25:10.936] [info] CMC::computeControls, t = 1.033
[2023-08-15 22:25:10.964] [info] CMC::computeControls, t = 1.034
[2023-08-15 22:25:10.993] [info] CMC::computeControls, t = 1.035
[2023-08-15 22:25:11.022] [info] CMC::computeControls, t = 1.036
[2023-08-15 22:25:11.051] [info] CMC::computeControls, t = 1.037
[2023-08-15 22:25:11.080] [info] CMC::computeControls, t = 1.038
[2023-08-15 22:25:11.108] [info] CMC::computeControls, t = 1.039
[2023-08-15 22:25:11.134] [info] CMC::computeControls, t = 1.04
[2023-08-15 22:25:11.163] [info] CMC::computeControls, t = 1.041
[2023-08-15 22:25:11.224] [info] CMC::computeControls, t = 1.042
[2023-08-15 22:25:11.258] [info] CMC::computeControls, t = 1.043
[2023-08-15 22:25:11.289] [info] CMC::computeControls, t = 1.044
[2023-08-15 22:25:11.317] [info] CMC::computeControls, t = 1.045
[2023-08-15 22:25:11.347] [info] CMC::computeControls, t = 1.046
[2023-08-15 22:25:11.374] [info] CMC::computeControls, t = 1.047
[2023-08-15 22:25:11.392] [info] CMC::computeControls, t = 1.048
[2023-08-15 22:25:11.418] [info] CMC::computeControls, t = 1.049
[2023-08-15 22:25:11.443] [info] CMC::computeControls, t = 1.05
[2023-08-15 22:25:11.464] [info] CMC::computeControls, t = 1.051
[2023-08-15 22:25:11.493] [info] CMC::computeControls, t = 1.052
[2023-08-15 22:25:11.515] [info] CMC::computeControls, t = 1.053
[2023-08-15 22:25:11.535] [info] CMC::computeControls, t = 1.054
[2023-08-15 22:25:11.554] [info] CMC::computeControls, t = 1.055
[2023-08-15 22:25:11.579] [info] CMC::computeControls, t = 1.056
[2023-08-15 22:25:11.598] [info] CMC::computeControls, t = 1.057
[2023-08-15 22:25:11.619] [info] CMC::computeControls, t = 1.058
[2023-08-15 22:25:11.637] [info] CMC::computeControls, t = 1.059
[2023-08-15 22:25:11.658] [info] CMC::computeControls, t = 1.06
[2023-08-15 22:25:11.681] [info] CMC::computeControls, t = 1.061
[2023-08-15 22:25:11.702] [info] CMC::computeControls, t = 1.062
[2023-08-15 22:25:11.725] [info] CMC::computeControls, t = 1.063
[2023-08-15 22:25:11.752] [info] CMC::computeControls, t = 1.064
[2023-08-15 22:25:11.771] [info] CMC::computeControls, t = 1.065
[2023-08-15 22:25:11.787] [info] CMC::computeControls, t = 1.066
[2023-08-15 22:25:11.808] [info] CMC::computeControls, t = 1.067
[2023-08-15 22:25:11.843] [info] CMC::computeControls, t = 1.068
[2023-08-15 22:25:11.873] [info] CMC::computeControls, t = 1.069
[2023-08-15 22:25:11.898] [info] CMC::computeControls, t = 1.07
[2023-08-15 22:25:11.927] [info] CMC::computeControls, t = 1.071
[2023-08-15 22:25:11.964] [info] CMC::computeControls, t = 1.072
[2023-08-15 22:25:12.009] [info] CMC::computeControls, t = 1.073
[2023-08-15 22:25:12.039] [info] CMC::computeControls, t = 1.074
[2023-08-15 22:25:12.070] [info] CMC::computeControls, t = 1.075
[2023-08-15 22:25:12.103] [info] CMC::computeControls, t = 1.076
[2023-08-15 22:25:12.132] [info] CMC::computeControls, t = 1.077
[2023-08-15 22:25:12.172] [info] CMC::computeControls, t = 1.078
[2023-08-15 22:25:12.222] [info] CMC::computeControls, t = 1.079
[2023-08-15 22:25:12.279] [info] CMC::computeControls, t = 1.08
[2023-08-15 22:25:12.310] [info] CMC::computeControls, t = 1.081
[2023-08-15 22:25:12.363] [info] CMC::computeControls, t = 1.082
[2023-08-15 22:25:12.401] [info] CMC::computeControls, t = 1.083
[2023-08-15 22:25:12.474] [info] CMC::computeControls, t = 1.084
[2023-08-15 22:25:12.513] [info] CMC::computeControls, t = 1.085
[2023-08-15 22:25:12.541] [info] CMC::computeControls, t = 1.086
[2023-08-15 22:25:12.572] [info] CMC::computeControls, t = 1.087
[2023-08-15 22:25:12.602] [info] CMC::computeControls, t = 1.088
[2023-08-15 22:25:12.635] [info] CMC::computeControls, t = 1.089
[2023-08-15 22:25:12.666] [info] CMC::computeControls, t = 1.09
[2023-08-15 22:25:12.705] [info] CMC::computeControls, t = 1.091
[2023-08-15 22:25:12.742] [info] CMC::computeControls, t = 1.092
[2023-08-15 22:25:12.783] [info] CMC::computeControls, t = 1.093
[2023-08-15 22:25:12.816] [info] CMC::computeControls, t = 1.094
[2023-08-15 22:25:12.843] [info] CMC::computeControls, t = 1.095
[2023-08-15 22:25:12.881] [info] CMC::computeControls, t = 1.096
[2023-08-15 22:25:12.919] [info] CMC::computeControls, t = 1.097
[2023-08-15 22:25:12.945] [info] CMC::computeControls, t = 1.098
[2023-08-15 22:25:12.979] [info] CMC::computeControls, t = 1.099
[2023-08-15 22:25:13.012] [info] CMC::computeControls, t = 1.1
[2023-08-15 22:25:13.038] [info] CMC::computeControls, t = 1.10100
[2023-08-15 22:25:13.062] [info] CMC::computeControls, t = 1.10200
[2023-08-15 22:25:13.084] [info] CMC::computeControls, t = 1.10300
[2023-08-15 22:25:13.121] [info] CMC::computeControls, t = 1.10400
[2023-08-15 22:25:13.160] [info] CMC::computeControls, t = 1.10500
[2023-08-15 22:25:13.204] [info] CMC::computeControls, t = 1.10600
[2023-08-15 22:25:13.245] [info] CMC::computeControls, t = 1.10700
[2023-08-15 22:25:13.304] [info] CMC::computeControls, t = 1.10800
[2023-08-15 22:25:13.326] [info] CMC::computeControls, t = 1.10900
[2023-08-15 22:25:13.362] [info] CMC::computeControls, t = 1.11
[2023-08-15 22:25:13.398] [info] CMC::computeControls, t = 1.111
[2023-08-15 22:25:13.443] [info] CMC::computeControls, t = 1.112
[2023-08-15 22:25:13.481] [info] CMC::computeControls, t = 1.113
[2023-08-15 22:25:13.510] [info] CMC::computeControls, t = 1.114
[2023-08-15 22:25:13.550] [info] CMC::computeControls, t = 1.115
[2023-08-15 22:25:13.568] [info] CMC::computeControls, t = 1.116
[2023-08-15 22:25:13.609] [info] CMC::computeControls, t = 1.117
[2023-08-15 22:25:13.641] [info] CMC::computeControls, t = 1.118
[2023-08-15 22:25:13.668] [info] CMC::computeControls, t = 1.119
[2023-08-15 22:25:13.699] [info] CMC::computeControls, t = 1.12
[2023-08-15 22:25:13.728] [info] CMC::computeControls, t = 1.121
[2023-08-15 22:25:13.757] [info] CMC::computeControls, t = 1.122
[2023-08-15 22:25:13.789] [info] CMC::computeControls, t = 1.123
[2023-08-15 22:25:13.825] [info] CMC::computeControls, t = 1.124
[2023-08-15 22:25:13.856] [info] CMC::computeControls, t = 1.125
[2023-08-15 22:25:13.886] [info] CMC::computeControls, t = 1.126
[2023-08-15 22:25:13.930] [info] CMC::computeControls, t = 1.127
[2023-08-15 22:25:13.970] [info] CMC::computeControls, t = 1.128
[2023-08-15 22:25:14.024] [info] CMC::computeControls, t = 1.129
[2023-08-15 22:25:14.059] [info] CMC::computeControls, t = 1.13
[2023-08-15 22:25:14.089] [info] CMC::computeControls, t = 1.131
[2023-08-15 22:25:14.113] [info] CMC::computeControls, t = 1.132
[2023-08-15 22:25:14.151] [info] CMC::computeControls, t = 1.133
[2023-08-15 22:25:14.184] [info] CMC::computeControls, t = 1.134
[2023-08-15 22:25:14.221] [info] CMC::computeControls, t = 1.135
[2023-08-15 22:25:14.252] [info] CMC::computeControls, t = 1.136
[2023-08-15 22:25:14.285] [info] CMC::computeControls, t = 1.137
[2023-08-15 22:25:14.316] [info] CMC::computeControls, t = 1.138
[2023-08-15 22:25:14.345] [info] CMC::computeControls, t = 1.139
[2023-08-15 22:25:14.377] [info] CMC::computeControls, t = 1.14
[2023-08-15 22:25:14.406] [info] CMC::computeControls, t = 1.141
[2023-08-15 22:25:14.436] [info] CMC::computeControls, t = 1.142
[2023-08-15 22:25:14.468] [info] CMC::computeControls, t = 1.143
[2023-08-15 22:25:14.498] [info] CMC::computeControls, t = 1.144
[2023-08-15 22:25:14.530] [info] CMC::computeControls, t = 1.145
[2023-08-15 22:25:14.593] [info] CMC::computeControls, t = 1.146
[2023-08-15 22:25:14.667] [info] CMC::computeControls, t = 1.147
[2023-08-15 22:25:14.706] [info] CMC::computeControls, t = 1.148
[2023-08-15 22:25:14.761] [info] CMC::computeControls, t = 1.149
[2023-08-15 22:25:14.803] [info] CMC::computeControls, t = 1.15
[2023-08-15 22:25:14.838] [info] CMC::computeControls, t = 1.151
[2023-08-15 22:25:14.881] [info] CMC::computeControls, t = 1.152
[2023-08-15 22:25:14.907] [info] CMC::computeControls, t = 1.153
[2023-08-15 22:25:14.932] [info] CMC::computeControls, t = 1.154
[2023-08-15 22:25:14.969] [info] CMC::computeControls, t = 1.155
[2023-08-15 22:25:15.007] [info] CMC::computeControls, t = 1.156
[2023-08-15 22:25:15.067] [info] CMC::computeControls, t = 1.157
[2023-08-15 22:25:15.087] [info] CMC::computeControls, t = 1.158
[2023-08-15 22:25:15.107] [info] CMC::computeControls, t = 1.159
[2023-08-15 22:25:15.143] [info] CMC::computeControls, t = 1.16
[2023-08-15 22:25:15.178] [info] CMC::computeControls, t = 1.161
[2023-08-15 22:25:15.210] [info] CMC::computeControls, t = 1.162
[2023-08-15 22:25:15.231] [info] CMC::computeControls, t = 1.163
[2023-08-15 22:25:15.260] [info] CMC::computeControls, t = 1.164
[2023-08-15 22:25:15.284] [info] CMC::computeControls, t = 1.165
[2023-08-15 22:25:15.319] [info] CMC::computeControls, t = 1.166
[2023-08-15 22:25:15.344] [info] CMC::computeControls, t = 1.167
[2023-08-15 22:25:15.370] [info] CMC::computeControls, t = 1.168
[2023-08-15 22:25:15.394] [info] CMC::computeControls, t = 1.169
[2023-08-15 22:25:15.414] [info] CMC::computeControls, t = 1.17
[2023-08-15 22:25:15.439] [info] CMC::computeControls, t = 1.171
[2023-08-15 22:25:15.475] [info] CMC::computeControls, t = 1.172
[2023-08-15 22:25:15.497] [info] CMC::computeControls, t = 1.173
[2023-08-15 22:25:15.515] [info] CMC::computeControls, t = 1.174
[2023-08-15 22:25:15.534] [info] CMC::computeControls, t = 1.175
[2023-08-15 22:25:15.563] [info] CMC::computeControls, t = 1.176
[2023-08-15 22:25:15.590] [info] CMC::computeControls, t = 1.177
[2023-08-15 22:25:15.621] [info] CMC::computeControls, t = 1.178
[2023-08-15 22:25:15.642] [info] CMC::computeControls, t = 1.179
[2023-08-15 22:25:15.668] [info] CMC::computeControls, t = 1.18
[2023-08-15 22:25:15.700] [info] CMC::computeControls, t = 1.181
[2023-08-15 22:25:15.743] [info] CMC::computeControls, t = 1.182
[2023-08-15 22:25:15.768] [info] CMC::computeControls, t = 1.183
[2023-08-15 22:25:15.786] [info] CMC::computeControls, t = 1.184
[2023-08-15 22:25:15.818] [info] CMC::computeControls, t = 1.185
[2023-08-15 22:25:15.846] [info] CMC::computeControls, t = 1.186
[2023-08-15 22:25:15.870] [info] CMC::computeControls, t = 1.187
[2023-08-15 22:25:15.915] [info] CMC::computeControls, t = 1.188
[2023-08-15 22:25:15.940] [info] CMC::computeControls, t = 1.189
[2023-08-15 22:25:15.966] [info] CMC::computeControls, t = 1.19
[2023-08-15 22:25:15.987] [info] CMC::computeControls, t = 1.191
[2023-08-15 22:25:16.014] [info] CMC::computeControls, t = 1.192
[2023-08-15 22:25:16.046] [info] CMC::computeControls, t = 1.193
[2023-08-15 22:25:16.073] [info] CMC::computeControls, t = 1.194
[2023-08-15 22:25:16.091] [info] CMC::computeControls, t = 1.195
[2023-08-15 22:25:16.107] [info] CMC::computeControls, t = 1.196
[2023-08-15 22:25:16.137] [info] CMC::computeControls, t = 1.197
[2023-08-15 22:25:16.155] [info] CMC::computeControls, t = 1.198
[2023-08-15 22:25:16.173] [info] CMC::computeControls, t = 1.199
[2023-08-15 22:25:16.194] [info] CMC::computeControls, t = 1.2
[2023-08-15 22:25:16.215] [info] CMC::computeControls, t = 1.20100
[2023-08-15 22:25:16.233] [info] CMC::computeControls, t = 1.20200
[2023-08-15 22:25:16.251] [info] CMC::computeControls, t = 1.20300
[2023-08-15 22:25:16.268] [info] CMC::computeControls, t = 1.20400
[2023-08-15 22:25:16.288] [info] CMC::computeControls, t = 1.20500
[2023-08-15 22:25:16.307] [info] CMC::computeControls, t = 1.20600
[2023-08-15 22:25:16.327] [info] CMC::computeControls, t = 1.20700
[2023-08-15 22:25:16.349] [info] CMC::computeControls, t = 1.20800
[2023-08-15 22:25:16.370] [info] CMC::computeControls, t = 1.20900
[2023-08-15 22:25:16.394] [info] CMC::computeControls, t = 1.21
[2023-08-15 22:25:16.422] [info] CMC::computeControls, t = 1.211
[2023-08-15 22:25:16.442] [info] CMC::computeControls, t = 1.212
[2023-08-15 22:25:16.471] [info] CMC::computeControls, t = 1.213
[2023-08-15 22:25:16.498] [info] CMC::computeControls, t = 1.214
[2023-08-15 22:25:16.528] [info] CMC::computeControls, t = 1.215
[2023-08-15 22:25:16.565] [info] CMC::computeControls, t = 1.216
[2023-08-15 22:25:16.593] [info] CMC::computeControls, t = 1.217
[2023-08-15 22:25:16.620] [info] CMC::computeControls, t = 1.218
[2023-08-15 22:25:16.647] [info] CMC::computeControls, t = 1.219
[2023-08-15 22:25:16.677] [info] CMC::computeControls, t = 1.22
[2023-08-15 22:25:16.711] [info] CMC::computeControls, t = 1.221
[2023-08-15 22:25:16.727] [info] CMC::computeControls, t = 1.222
[2023-08-15 22:25:16.743] [info] CMC::computeControls, t = 1.223
[2023-08-15 22:25:16.760] [info] CMC::computeControls, t = 1.224
[2023-08-15 22:25:16.775] [info] CMC::computeControls, t = 1.225
[2023-08-15 22:25:16.799] [info] CMC::computeControls, t = 1.226
[2023-08-15 22:25:16.823] [info] CMC::computeControls, t = 1.227
[2023-08-15 22:25:16.842] [info] CMC::computeControls, t = 1.228
[2023-08-15 22:25:16.861] [info] CMC::computeControls, t = 1.229
[2023-08-15 22:25:16.884] [info] CMC::computeControls, t = 1.23
[2023-08-15 22:25:16.913] [info] CMC::computeControls, t = 1.231
[2023-08-15 22:25:16.935] [info] CMC::computeControls, t = 1.232
[2023-08-15 22:25:16.952] [info] CMC::computeControls, t = 1.233
[2023-08-15 22:25:16.977] [info] CMC::computeControls, t = 1.234
[2023-08-15 22:25:17.000] [info] CMC::computeControls, t = 1.235
[2023-08-15 22:25:17.023] [info] CMC::computeControls, t = 1.236
[2023-08-15 22:25:17.043] [info] CMC::computeControls, t = 1.237
[2023-08-15 22:25:17.068] [info] CMC::computeControls, t = 1.238
[2023-08-15 22:25:17.099] [info] CMC::computeControls, t = 1.239
[2023-08-15 22:25:17.121] [info] CMC::computeControls, t = 1.24
[2023-08-15 22:25:17.147] [info] CMC::computeControls, t = 1.241
[2023-08-15 22:25:17.169] [info] CMC::computeControls, t = 1.242
[2023-08-15 22:25:17.186] [info] CMC::computeControls, t = 1.243
[2023-08-15 22:25:17.215] [info] CMC::computeControls, t = 1.244
[2023-08-15 22:25:17.246] [info] CMC::computeControls, t = 1.245
[2023-08-15 22:25:17.292] [info] CMC::computeControls, t = 1.246
[2023-08-15 22:25:17.333] [info] CMC::computeControls, t = 1.247
[2023-08-15 22:25:17.363] [info] -------------------------------------------
[2023-08-15 22:25:17.363] [info] Finished tracking the specified kinematics:
[2023-08-15 22:25:17.363] [info] -------------------------------------------
[2023-08-15 22:25:17.363] [info]  -- Start time = Tue Aug 15 22:25:00 2023
[2023-08-15 22:25:17.364] [info]  -- Finish time = Tue Aug 15 22:25:17 2023
[2023-08-15 22:25:17.364] [info]  -- Elapsed time = 17.0 seconds.
[2023-08-15 22:25:17.364] [info] -------------------------------------------
[2023-08-15 22:25:17.364] [info] 
[2023-08-15 22:25:17.364] [info] Printing results of investigation subject11_run5_cycle2 to cycle2/
[2023-08-15 22:25:18.079] [info] 

************************************************************
*      Summary of Mass Adjustments to Reduce Residuals     *
************************************************************
* Body adjusted: torso
* Mass Center (COM) adjustment: dx =-0.0818887, dz =-0.00365696
* New COM location: ~[0.0518338,0.320585,0.00365696]
************************************************************
* Recommended mass adjustments:                             
*  Total mass change: 1.66638
*  pelvis: orig mass = 10.8666, new mass = 11.1277
*  femur_r: orig mass = 8.58239, new mass = 8.7886
*  tibia_r: orig mass = 3.42091, new mass = 3.5031
*  talus_r: orig mass = 0.0922699, new mass = 0.0944868
*  calcn_r: orig mass = 1.15337, new mass = 1.18109
*  toes_r: orig mass = 0.199857, new mass = 0.204658
*  femur_l: orig mass = 8.58239, new mass = 8.7886
*  tibia_l: orig mass = 3.42091, new mass = 3.5031
*  talus_l: orig mass = 0.0922699, new mass = 0.0944868
*  calcn_l: orig mass = 1.15337, new mass = 1.18109
*  toes_l: orig mass = 0.199857, new mass = 0.204658
*  torso: orig mass = 24.7529, new mass = 25.3476
*  humerus_r: orig mass = 1.87538, new mass = 1.92044
*  ulna_r: orig mass = 0.560539, new mass = 0.574008
*  radius_r: orig mass = 0.560539, new mass = 0.574008
*  hand_r: orig mass = 0.422135, new mass = 0.432277
*  humerus_l: orig mass = 1.87538, new mass = 1.92044
*  ulna_l: orig mass = 0.560539, new mass = 0.574008
*  radius_l: orig mass = 0.560539, new mass = 0.574008
*  hand_l: orig mass = 0.422135, new mass = 0.432277
************************************************************
* Note: Edit the model to make recommended adjustments to  *
*       mass properties.                                   *
************************************************************

* Average residuals before adjusting torso COM:
*  FX=-4.982 FY=-16.3416 FZ=-1.53917
*  MX=0.887701 MY=2.66209 MZ=-19.8779
************************************************************
* Average residuals after adjusting torso COM:
*  FX=-4.74718 FY=-16.2139 FZ=-0.611508
*  MX=0.200553 MY=2.1417 MZ=-1.3107
************************************************************


[2023-08-15 22:25:18.079] [info] 
************************************************************
*                   Final Average Residuals                *
************************************************************
* After torso COM and Kinematics adjustments:
*  FX=7.90416 FY=-6.2978 FZ=-0.593865
*  MX=-1.13728 MY=-1.93481 MZ=10.4797
************************************************************


