[2023-08-15 22:25:19.689] [info] AbstractTool subject11_run5_cycle3 loading model ..\..\model\subject11_adjusted_scaled.osim
[2023-08-15 22:25:19.755] [info] Loaded model subject11_scaled from file ..\..\model\subject11_adjusted_scaled.osim
[2023-08-15 22:25:19.810] [info] Adding force object set from subject11_run5_RRA_Actuators.xml
[2023-08-15 22:25:19.817] [info] Running tool subject11_run5_cycle3.
[2023-08-15 22:25:19.836] [warning] ExternalLoads 'externalloads' has subcomponents with duplicate name 'externalforce'. The duplicate is being renamed to 'externalforce_0'.
[2023-08-15 22:25:19.857] [info] 	taskSet size = 29.
[2023-08-15 22:25:19.930] [info] ExternalForce::externalforce Data source being set to Run_500 02_newCOP3_v24.mot
[2023-08-15 22:25:19.930] [info] ExternalForce::externalforce_0 Data source being set to Run_500 02_newCOP3_v24.mot
[2023-08-15 22:25:19.935] [warning] A desired points file was not specified.
[2023-08-15 22:25:19.935] [info] Loading desired kinematics from file '..\..\ik\Run_5.mot'...
[2023-08-15 22:25:19.936] [info] Old version storage/motion file encountered
[2023-08-15 22:25:19.936] [info] Storage: read data file = ..\..\ik\Run_5.mot (nr=499 nc=164)
[2023-08-15 22:25:19.936] [info] .. assuming rotations in Degrees..
[2023-08-15 22:25:20.005] [info] Low-pass filtering desired kinematics with a cutoff frequency of 15.0...
[2023-08-15 22:25:20.254] [cout] [info] MODEL: subject11_scaled

numStates = 74
numCoordinates = 37
numSpeeds = 37
numActuators = 29
numBodies = 20
numConstraints = 0
numProbes = 0

ANALYSES (total: 0)

BODIES (total: 20)
body[0] = pelvis. mass: 10.8666
              moments of inertia:  ~[0.102664,0.102664,0.0553689]
              products of inertia: ~[0,0,0]
body[1] = femur_r. mass: 8.58239
              moments of inertia:  ~[0.146581,0.0384242,0.154572]
              products of inertia: ~[0,0,0]
body[2] = tibia_r. mass: 3.42091
              moments of inertia:  ~[0.0517688,0.00523851,0.0524878]
              products of inertia: ~[0,0,0]
body[3] = talus_r. mass: 0.0922699
              moments of inertia:  ~[0.00101755,0.00101755,0.00101755]
              products of inertia: ~[0,0,0]
body[4] = calcn_r. mass: 1.15337
              moments of inertia:  ~[0.00142456,0.00396843,0.00417194]
              products of inertia: ~[0,0,0]
body[5] = toes_r. mass: 0.199857
              moments of inertia:  ~[0.000101755,0.000203509,0.00101755]
              products of inertia: ~[0,0,0]
body[6] = femur_l. mass: 8.58239
              moments of inertia:  ~[0.146581,0.0384242,0.154572]
              products of inertia: ~[0,0,0]
body[7] = tibia_l. mass: 3.42091
              moments of inertia:  ~[0.0515932,0.00488727,0.0515932]
              products of inertia: ~[0,0,0]
body[8] = talus_l. mass: 0.0922699
              moments of inertia:  ~[0.00101755,0.00101755,0.00101755]
              products of inertia: ~[0,0,0]
body[9] = calcn_l. mass: 1.15337
              moments of inertia:  ~[0.00142456,0.00396843,0.00417194]
              products of inertia: ~[0,0,0]
body[10] = toes_l. mass: 0.199857
              moments of inertia:  ~[0.000101755,0.000203509,0.00101755]
              products of inertia: ~[0,0,0]
body[11] = torso. mass: 24.7529
              moments of inertia:  ~[1.3655,0.69965,1.32558]
              products of inertia: ~[0,0,0]
body[12] = humerus_r. mass: 1.87538
              moments of inertia:  ~[0.0119378,0.00411816,0.0133998]
              products of inertia: ~[0,0,0]
body[13] = ulna_r. mass: 0.560539
              moments of inertia:  ~[0.00286409,0.000597571,0.00310679]
              products of inertia: ~[0,0,0]
body[14] = radius_r. mass: 0.560539
              moments of inertia:  ~[0.00286409,0.000597571,0.00310679]
              products of inertia: ~[0,0,0]
body[15] = hand_r. mass: 0.422135
              moments of inertia:  ~[0.000862513,0.000528918,0.0012957]
              products of inertia: ~[0,0,0]
body[16] = humerus_l. mass: 1.87538
              moments of inertia:  ~[0.0119378,0.00411816,0.0133998]
              products of inertia: ~[0,0,0]
body[17] = ulna_l. mass: 0.560539
              moments of inertia:  ~[0.00286409,0.000597571,0.00310679]
              products of inertia: ~[0,0,0]
body[18] = radius_l. mass: 0.560539
              moments of inertia:  ~[0.00286409,0.000597571,0.00310679]
              products of inertia: ~[0,0,0]
body[19] = hand_l. mass: 0.422135
              moments of inertia:  ~[0.000862513,0.000528918,0.0012957]
              products of inertia: ~[0,0,0]

JOINTS (total: 20)
joint[0] = ground_pelvis. parent: ground_offset, child: pelvis_offset
joint[1] = hip_r. parent: pelvis_offset, child: femur_r_offset
joint[2] = knee_r. parent: femur_r_offset, child: tibia_r_offset
joint[3] = ankle_r. parent: tibia_r_offset, child: talus_r_offset
joint[4] = subtalar_r. parent: talus_r_offset, child: calcn_r_offset
joint[5] = mtp_r. parent: calcn_r_offset, child: toes_r_offset
joint[6] = hip_l. parent: pelvis_offset, child: femur_l_offset
joint[7] = knee_l. parent: femur_l_offset, child: tibia_l_offset
joint[8] = ankle_l. parent: tibia_l_offset, child: talus_l_offset
joint[9] = subtalar_l. parent: talus_l_offset, child: calcn_l_offset
joint[10] = mtp_l. parent: calcn_l_offset, child: toes_l_offset
joint[11] = back. parent: pelvis_offset, child: torso_offset
joint[12] = acromial_r. parent: torso_offset, child: humerus_r_offset
joint[13] = elbow_r. parent: humerus_r_offset, child: ulna_r_offset
joint[14] = radioulnar_r. parent: ulna_r_offset, child: radius_r_offset
joint[15] = radius_hand_r. parent: radius_r_offset, child: hand_r_offset
joint[16] = acromial_l. parent: torso_offset, child: humerus_l_offset
joint[17] = elbow_l. parent: humerus_l_offset, child: ulna_l_offset
joint[18] = radioulnar_l. parent: ulna_l_offset, child: radius_l_offset
joint[19] = radius_hand_l. parent: radius_l_offset, child: hand_l_offset

ACTUATORS (total: 29)
actuator[0] = FX
actuator[1] = FY
actuator[2] = FZ
actuator[3] = MZ
actuator[4] = MX
actuator[5] = MY
actuator[6] = hip_flexion_r
actuator[7] = hip_adduction_r
actuator[8] = hip_rotation_r
actuator[9] = knee_angle_r
actuator[10] = ankle_angle_r
actuator[11] = hip_flexion_l
actuator[12] = hip_adduction_l
actuator[13] = hip_rotation_l
actuator[14] = knee_angle_l
actuator[15] = ankle_angle_l
actuator[16] = lumbar_extension
actuator[17] = lumbar_bending
actuator[18] = lumbar_rotation
actuator[19] = arm_flex_r
actuator[20] = arm_add_r
actuator[21] = arm_rot_r
actuator[22] = elbow_flex_r
actuator[23] = pro_sup_r
actuator[24] = arm_flex_l
actuator[25] = arm_add_l
actuator[26] = arm_rot_l
actuator[27] = elbow_flex_l
actuator[28] = pro_sup_l

STATES (total: 74)
y[0] = /jointset/ground_pelvis/pelvis_tilt/value
y[1] = /jointset/ground_pelvis/pelvis_tilt/speed
y[2] = /jointset/ground_pelvis/pelvis_list/value
y[3] = /jointset/ground_pelvis/pelvis_list/speed
y[4] = /jointset/ground_pelvis/pelvis_rotation/value
y[5] = /jointset/ground_pelvis/pelvis_rotation/speed
y[6] = /jointset/ground_pelvis/pelvis_tx/value
y[7] = /jointset/ground_pelvis/pelvis_tx/speed
y[8] = /jointset/ground_pelvis/pelvis_ty/value
y[9] = /jointset/ground_pelvis/pelvis_ty/speed
y[10] = /jointset/ground_pelvis/pelvis_tz/value
y[11] = /jointset/ground_pelvis/pelvis_tz/speed
y[12] = /jointset/hip_r/hip_flexion_r/value
y[13] = /jointset/hip_r/hip_flexion_r/speed
y[14] = /jointset/hip_r/hip_adduction_r/value
y[15] = /jointset/hip_r/hip_adduction_r/speed
y[16] = /jointset/hip_r/hip_rotation_r/value
y[17] = /jointset/hip_r/hip_rotation_r/speed
y[18] = /jointset/knee_r/knee_angle_r/value
y[19] = /jointset/knee_r/knee_angle_r/speed
y[20] = /jointset/ankle_r/ankle_angle_r/value
y[21] = /jointset/ankle_r/ankle_angle_r/speed
y[22] = /jointset/subtalar_r/subtalar_angle_r/value
y[23] = /jointset/subtalar_r/subtalar_angle_r/speed
y[24] = /jointset/mtp_r/mtp_angle_r/value
y[25] = /jointset/mtp_r/mtp_angle_r/speed
y[26] = /jointset/hip_l/hip_flexion_l/value
y[27] = /jointset/hip_l/hip_flexion_l/speed
y[28] = /jointset/hip_l/hip_adduction_l/value
y[29] = /jointset/hip_l/hip_adduction_l/speed
y[30] = /jointset/hip_l/hip_rotation_l/value
y[31] = /jointset/hip_l/hip_rotation_l/speed
y[32] = /jointset/knee_l/knee_angle_l/value
y[33] = /jointset/knee_l/knee_angle_l/speed
y[34] = /jointset/ankle_l/ankle_angle_l/value
y[35] = /jointset/ankle_l/ankle_angle_l/speed
y[36] = /jointset/subtalar_l/subtalar_angle_l/value
y[37] = /jointset/subtalar_l/subtalar_angle_l/speed
y[38] = /jointset/mtp_l/mtp_angle_l/value
y[39] = /jointset/mtp_l/mtp_angle_l/speed
y[40] = /jointset/back/lumbar_extension/value
y[41] = /jointset/back/lumbar_extension/speed
y[42] = /jointset/back/lumbar_bending/value
y[43] = /jointset/back/lumbar_bending/speed
y[44] = /jointset/back/lumbar_rotation/value
y[45] = /jointset/back/lumbar_rotation/speed
y[46] = /jointset/acromial_r/arm_flex_r/value
y[47] = /jointset/acromial_r/arm_flex_r/speed
y[48] = /jointset/acromial_r/arm_add_r/value
y[49] = /jointset/acromial_r/arm_add_r/speed
y[50] = /jointset/acromial_r/arm_rot_r/value
y[51] = /jointset/acromial_r/arm_rot_r/speed
y[52] = /jointset/elbow_r/elbow_flex_r/value
y[53] = /jointset/elbow_r/elbow_flex_r/speed
y[54] = /jointset/radioulnar_r/pro_sup_r/value
y[55] = /jointset/radioulnar_r/pro_sup_r/speed
y[56] = /jointset/radius_hand_r/wrist_flex_r/value
y[57] = /jointset/radius_hand_r/wrist_flex_r/speed
y[58] = /jointset/radius_hand_r/wrist_dev_r/value
y[59] = /jointset/radius_hand_r/wrist_dev_r/speed
y[60] = /jointset/acromial_l/arm_flex_l/value
y[61] = /jointset/acromial_l/arm_flex_l/speed
y[62] = /jointset/acromial_l/arm_add_l/value
y[63] = /jointset/acromial_l/arm_add_l/speed
y[64] = /jointset/acromial_l/arm_rot_l/value
y[65] = /jointset/acromial_l/arm_rot_l/speed
y[66] = /jointset/elbow_l/elbow_flex_l/value
y[67] = /jointset/elbow_l/elbow_flex_l/speed
y[68] = /jointset/radioulnar_l/pro_sup_l/value
y[69] = /jointset/radioulnar_l/pro_sup_l/speed
y[70] = /jointset/radius_hand_l/wrist_flex_l/value
y[71] = /jointset/radius_hand_l/wrist_flex_l/speed
y[72] = /jointset/radius_hand_l/wrist_dev_l/value
y[73] = /jointset/radius_hand_l/wrist_dev_l/speed

[2023-08-15 22:25:20.819] [info] Requested COM adjustment time range 1.248 to 1.812, clamped to nearest available data times: 1.24 to 1.81.
[2023-08-15 22:25:20.819] [info] Computing average residuals between 1.24 and 1.81...
[2023-08-15 22:25:20.928] [info] ExternalForce::externalforce Data source being set to Run_500 02_newCOP3_v24.mot
[2023-08-15 22:25:20.928] [info] ExternalForce::externalforce_0 Data source being set to Run_500 02_newCOP3_v24.mot
[2023-08-15 22:25:20.996] [info] ExternalForce::externalforce Data source being set to Run_500 02_newCOP3_v24.mot
[2023-08-15 22:25:20.997] [info] ExternalForce::externalforce_0 Data source being set to Run_500 02_newCOP3_v24.mot
[2023-08-15 22:25:22.478] [info] ExternalForce::externalforce Data source being set to Run_500 02_newCOP3_v24.mot
[2023-08-15 22:25:22.478] [info] ExternalForce::externalforce_0 Data source being set to Run_500 02_newCOP3_v24.mot
[2023-08-15 22:25:22.491] [info] Computing average residuals between 1.24 and 1.81...
[2023-08-15 22:25:22.596] [info] ExternalForce::externalforce Data source being set to Run_500 02_newCOP3_v24.mot
[2023-08-15 22:25:22.596] [info] ExternalForce::externalforce_0 Data source being set to Run_500 02_newCOP3_v24.mot
[2023-08-15 22:25:22.674] [info] ExternalForce::externalforce Data source being set to Run_500 02_newCOP3_v24.mot
[2023-08-15 22:25:22.674] [info] ExternalForce::externalforce_0 Data source being set to Run_500 02_newCOP3_v24.mot
[2023-08-15 22:25:24.021] [info] Constructing function set for tracking desired kinematics...
[2023-08-15 22:25:24.818] [warning] No Actuation analysis found in analysis set, adding one...
[2023-08-15 22:25:24.818] [warning] No Kinematics analysis found in analysis set, adding one...
[2023-08-15 22:25:24.825] [info] Using the generalized coordinates specified in '..\..\ik\Run_5.mot' to set the initial configuration.
[2023-08-15 22:25:25.000] [info] Using IPOPT optimizer algorithm.
[2023-08-15 22:25:25.000] [info] Setting optimizer print level to 0.
[2023-08-15 22:25:25.000] [info] Setting optimizer convergence tolerance to 1.0e-05.
[2023-08-15 22:25:25.000] [info] Setting optimizer maximum iterations to 2000.
[2023-08-15 22:25:25.000] [info] Setting cmc controller to not use verbose printing.

[2023-08-15 22:25:25.001] [info] CMC::computeControls, t = 1.248
[2023-08-15 22:25:25.937] [info] --------------------------------------------
[2023-08-15 22:25:25.937] [info] Using CMC to track the specified kinematics:
[2023-08-15 22:25:25.937] [info] --------------------------------------------
[2023-08-15 22:25:25.937] [info]  -- Integrating from 1.248 to 1.812
[2023-08-15 22:25:25.937] [info]  -- Start time = Tue Aug 15 22:25:25 2023
[2023-08-15 22:25:25.937] [info] --------------------------------------------
[2023-08-15 22:25:25.937] [info] 
[2023-08-15 22:25:25.941] [info] CMC::computeControls, t = 1.248
[2023-08-15 22:25:25.979] [info] CMC::computeControls, t = 1.249
[2023-08-15 22:25:25.979] [warning] Coordinate.setValue:  coordinate subtalar_angle_r is locked. Unable to change its value.
[2023-08-15 22:25:25.979] [warning] Coordinate.setValue:  coordinate mtp_angle_r is locked. Unable to change its value.
[2023-08-15 22:25:25.979] [warning] Coordinate.setValue:  coordinate subtalar_angle_l is locked. Unable to change its value.
[2023-08-15 22:25:25.979] [warning] Coordinate.setValue:  coordinate mtp_angle_l is locked. Unable to change its value.
[2023-08-15 22:25:25.980] [warning] Coordinate.setValue:  coordinate wrist_flex_r is locked. Unable to change its value.
[2023-08-15 22:25:25.980] [warning] Coordinate.setValue:  coordinate wrist_dev_r is locked. Unable to change its value.
[2023-08-15 22:25:25.980] [warning] Coordinate.setValue:  coordinate wrist_flex_l is locked. Unable to change its value.
[2023-08-15 22:25:25.980] [warning] Coordinate.setValue:  coordinate wrist_dev_l is locked. Unable to change its value.
[2023-08-15 22:25:26.011] [info] CMC::computeControls, t = 1.25
[2023-08-15 22:25:26.048] [info] CMC::computeControls, t = 1.251
[2023-08-15 22:25:26.079] [info] CMC::computeControls, t = 1.252
[2023-08-15 22:25:26.119] [info] CMC::computeControls, t = 1.253
[2023-08-15 22:25:26.157] [info] CMC::computeControls, t = 1.254
[2023-08-15 22:25:26.194] [info] CMC::computeControls, t = 1.255
[2023-08-15 22:25:26.232] [info] CMC::computeControls, t = 1.256
[2023-08-15 22:25:26.257] [info] CMC::computeControls, t = 1.257
[2023-08-15 22:25:26.281] [info] CMC::computeControls, t = 1.258
[2023-08-15 22:25:26.313] [info] CMC::computeControls, t = 1.259
[2023-08-15 22:25:26.339] [info] CMC::computeControls, t = 1.26
[2023-08-15 22:25:26.362] [info] CMC::computeControls, t = 1.261
[2023-08-15 22:25:26.385] [info] CMC::computeControls, t = 1.262
[2023-08-15 22:25:26.413] [info] CMC::computeControls, t = 1.263
[2023-08-15 22:25:26.443] [info] CMC::computeControls, t = 1.264
[2023-08-15 22:25:26.475] [info] CMC::computeControls, t = 1.265
[2023-08-15 22:25:26.500] [info] CMC::computeControls, t = 1.266
[2023-08-15 22:25:26.532] [info] CMC::computeControls, t = 1.267
[2023-08-15 22:25:26.564] [info] CMC::computeControls, t = 1.268
[2023-08-15 22:25:26.592] [info] CMC::computeControls, t = 1.269
[2023-08-15 22:25:26.614] [info] CMC::computeControls, t = 1.27
[2023-08-15 22:25:26.665] [info] CMC::computeControls, t = 1.271
[2023-08-15 22:25:26.710] [info] CMC::computeControls, t = 1.272
[2023-08-15 22:25:26.732] [info] CMC::computeControls, t = 1.273
[2023-08-15 22:25:26.767] [info] CMC::computeControls, t = 1.274
[2023-08-15 22:25:26.802] [info] CMC::computeControls, t = 1.275
[2023-08-15 22:25:26.833] [info] CMC::computeControls, t = 1.276
[2023-08-15 22:25:26.863] [info] CMC::computeControls, t = 1.277
[2023-08-15 22:25:26.898] [info] CMC::computeControls, t = 1.278
[2023-08-15 22:25:26.928] [info] CMC::computeControls, t = 1.279
[2023-08-15 22:25:26.959] [info] CMC::computeControls, t = 1.28
[2023-08-15 22:25:26.984] [info] CMC::computeControls, t = 1.281
[2023-08-15 22:25:27.014] [info] CMC::computeControls, t = 1.282
[2023-08-15 22:25:27.049] [info] CMC::computeControls, t = 1.283
[2023-08-15 22:25:27.092] [info] CMC::computeControls, t = 1.284
[2023-08-15 22:25:27.141] [info] CMC::computeControls, t = 1.285
[2023-08-15 22:25:27.166] [info] CMC::computeControls, t = 1.286
[2023-08-15 22:25:27.204] [info] CMC::computeControls, t = 1.287
[2023-08-15 22:25:27.235] [info] CMC::computeControls, t = 1.288
[2023-08-15 22:25:27.271] [info] CMC::computeControls, t = 1.289
[2023-08-15 22:25:27.299] [info] CMC::computeControls, t = 1.29
[2023-08-15 22:25:27.335] [info] CMC::computeControls, t = 1.291
[2023-08-15 22:25:27.372] [info] CMC::computeControls, t = 1.292
[2023-08-15 22:25:27.397] [info] CMC::computeControls, t = 1.293
[2023-08-15 22:25:27.421] [info] CMC::computeControls, t = 1.294
[2023-08-15 22:25:27.467] [info] CMC::computeControls, t = 1.295
[2023-08-15 22:25:27.517] [info] CMC::computeControls, t = 1.296
[2023-08-15 22:25:27.550] [info] CMC::computeControls, t = 1.297
[2023-08-15 22:25:27.582] [info] CMC::computeControls, t = 1.298
[2023-08-15 22:25:27.608] [info] CMC::computeControls, t = 1.299
[2023-08-15 22:25:27.645] [info] CMC::computeControls, t = 1.3
[2023-08-15 22:25:27.677] [info] CMC::computeControls, t = 1.30100
[2023-08-15 22:25:27.706] [info] CMC::computeControls, t = 1.30200
[2023-08-15 22:25:27.735] [info] CMC::computeControls, t = 1.30300
[2023-08-15 22:25:27.760] [info] CMC::computeControls, t = 1.30400
[2023-08-15 22:25:27.781] [info] CMC::computeControls, t = 1.30500
[2023-08-15 22:25:27.823] [info] CMC::computeControls, t = 1.30600
[2023-08-15 22:25:27.861] [info] CMC::computeControls, t = 1.30700
[2023-08-15 22:25:27.897] [info] CMC::computeControls, t = 1.30800
[2023-08-15 22:25:27.929] [info] CMC::computeControls, t = 1.30900
[2023-08-15 22:25:27.958] [info] CMC::computeControls, t = 1.31
[2023-08-15 22:25:27.984] [info] CMC::computeControls, t = 1.311
[2023-08-15 22:25:28.012] [info] CMC::computeControls, t = 1.312
[2023-08-15 22:25:28.041] [info] CMC::computeControls, t = 1.313
[2023-08-15 22:25:28.075] [info] CMC::computeControls, t = 1.314
[2023-08-15 22:25:28.110] [info] CMC::computeControls, t = 1.315
[2023-08-15 22:25:28.139] [info] CMC::computeControls, t = 1.316
[2023-08-15 22:25:28.169] [info] CMC::computeControls, t = 1.317
[2023-08-15 22:25:28.205] [info] CMC::computeControls, t = 1.318
[2023-08-15 22:25:28.236] [info] CMC::computeControls, t = 1.319
[2023-08-15 22:25:28.278] [info] CMC::computeControls, t = 1.32
[2023-08-15 22:25:28.329] [info] CMC::computeControls, t = 1.321
[2023-08-15 22:25:28.369] [info] CMC::computeControls, t = 1.322
[2023-08-15 22:25:28.402] [info] CMC::computeControls, t = 1.323
[2023-08-15 22:25:28.426] [info] CMC::computeControls, t = 1.324
[2023-08-15 22:25:28.456] [info] CMC::computeControls, t = 1.325
[2023-08-15 22:25:28.485] [info] CMC::computeControls, t = 1.326
[2023-08-15 22:25:28.516] [info] CMC::computeControls, t = 1.327
[2023-08-15 22:25:28.549] [info] CMC::computeControls, t = 1.328
[2023-08-15 22:25:28.585] [info] CMC::computeControls, t = 1.329
[2023-08-15 22:25:28.622] [info] CMC::computeControls, t = 1.33
[2023-08-15 22:25:28.676] [info] CMC::computeControls, t = 1.331
[2023-08-15 22:25:28.737] [info] CMC::computeControls, t = 1.332
[2023-08-15 22:25:28.786] [info] CMC::computeControls, t = 1.333
[2023-08-15 22:25:28.819] [info] CMC::computeControls, t = 1.334
[2023-08-15 22:25:28.852] [info] CMC::computeControls, t = 1.335
[2023-08-15 22:25:28.885] [info] CMC::computeControls, t = 1.336
[2023-08-15 22:25:28.912] [info] CMC::computeControls, t = 1.337
[2023-08-15 22:25:28.935] [info] CMC::computeControls, t = 1.338
[2023-08-15 22:25:28.961] [info] CMC::computeControls, t = 1.339
[2023-08-15 22:25:28.989] [info] CMC::computeControls, t = 1.34
[2023-08-15 22:25:29.024] [info] CMC::computeControls, t = 1.341
[2023-08-15 22:25:29.065] [info] CMC::computeControls, t = 1.342
[2023-08-15 22:25:29.119] [info] CMC::computeControls, t = 1.343
[2023-08-15 22:25:29.154] [info] CMC::computeControls, t = 1.344
[2023-08-15 22:25:29.191] [info] CMC::computeControls, t = 1.345
[2023-08-15 22:25:29.233] [info] CMC::computeControls, t = 1.346
[2023-08-15 22:25:29.274] [info] CMC::computeControls, t = 1.347
[2023-08-15 22:25:29.312] [info] CMC::computeControls, t = 1.348
[2023-08-15 22:25:29.341] [info] CMC::computeControls, t = 1.349
[2023-08-15 22:25:29.372] [info] CMC::computeControls, t = 1.35
[2023-08-15 22:25:29.401] [info] CMC::computeControls, t = 1.351
[2023-08-15 22:25:29.424] [info] CMC::computeControls, t = 1.352
[2023-08-15 22:25:29.443] [info] CMC::computeControls, t = 1.353
[2023-08-15 22:25:29.469] [info] CMC::computeControls, t = 1.354
[2023-08-15 22:25:29.495] [info] CMC::computeControls, t = 1.355
[2023-08-15 22:25:29.526] [info] CMC::computeControls, t = 1.356
[2023-08-15 22:25:29.550] [info] CMC::computeControls, t = 1.357
[2023-08-15 22:25:29.574] [info] CMC::computeControls, t = 1.358
[2023-08-15 22:25:29.597] [info] CMC::computeControls, t = 1.359
[2023-08-15 22:25:29.628] [info] CMC::computeControls, t = 1.36
[2023-08-15 22:25:29.673] [info] CMC::computeControls, t = 1.361
[2023-08-15 22:25:29.718] [info] CMC::computeControls, t = 1.362
[2023-08-15 22:25:29.754] [info] CMC::computeControls, t = 1.363
[2023-08-15 22:25:29.790] [info] CMC::computeControls, t = 1.364
[2023-08-15 22:25:29.826] [info] CMC::computeControls, t = 1.365
[2023-08-15 22:25:29.862] [info] CMC::computeControls, t = 1.366
[2023-08-15 22:25:29.899] [info] CMC::computeControls, t = 1.367
[2023-08-15 22:25:29.933] [info] CMC::computeControls, t = 1.368
[2023-08-15 22:25:29.967] [info] CMC::computeControls, t = 1.369
[2023-08-15 22:25:29.998] [info] CMC::computeControls, t = 1.37
[2023-08-15 22:25:30.031] [info] CMC::computeControls, t = 1.371
[2023-08-15 22:25:30.061] [info] CMC::computeControls, t = 1.372
[2023-08-15 22:25:30.098] [info] CMC::computeControls, t = 1.373
[2023-08-15 22:25:30.131] [info] CMC::computeControls, t = 1.374
[2023-08-15 22:25:30.165] [info] CMC::computeControls, t = 1.375
[2023-08-15 22:25:30.199] [info] CMC::computeControls, t = 1.376
[2023-08-15 22:25:30.246] [info] CMC::computeControls, t = 1.377
[2023-08-15 22:25:30.288] [info] CMC::computeControls, t = 1.378
[2023-08-15 22:25:30.336] [info] CMC::computeControls, t = 1.379
[2023-08-15 22:25:30.375] [info] CMC::computeControls, t = 1.38
[2023-08-15 22:25:30.410] [info] CMC::computeControls, t = 1.381
[2023-08-15 22:25:30.444] [info] CMC::computeControls, t = 1.382
[2023-08-15 22:25:30.480] [info] CMC::computeControls, t = 1.383
[2023-08-15 22:25:30.510] [info] CMC::computeControls, t = 1.384
[2023-08-15 22:25:30.547] [info] CMC::computeControls, t = 1.385
[2023-08-15 22:25:30.579] [info] CMC::computeControls, t = 1.386
[2023-08-15 22:25:30.612] [info] CMC::computeControls, t = 1.387
[2023-08-15 22:25:30.645] [info] CMC::computeControls, t = 1.388
[2023-08-15 22:25:30.671] [info] CMC::computeControls, t = 1.389
[2023-08-15 22:25:30.701] [info] CMC::computeControls, t = 1.39
[2023-08-15 22:25:30.733] [info] CMC::computeControls, t = 1.391
[2023-08-15 22:25:30.766] [info] CMC::computeControls, t = 1.392
[2023-08-15 22:25:30.794] [info] CMC::computeControls, t = 1.393
[2023-08-15 22:25:30.823] [info] CMC::computeControls, t = 1.394
[2023-08-15 22:25:30.856] [info] CMC::computeControls, t = 1.395
[2023-08-15 22:25:30.890] [info] CMC::computeControls, t = 1.396
[2023-08-15 22:25:30.919] [info] CMC::computeControls, t = 1.397
[2023-08-15 22:25:30.946] [info] CMC::computeControls, t = 1.398
[2023-08-15 22:25:30.976] [info] CMC::computeControls, t = 1.399
[2023-08-15 22:25:31.013] [info] CMC::computeControls, t = 1.4
[2023-08-15 22:25:31.045] [info] CMC::computeControls, t = 1.40100
[2023-08-15 22:25:31.079] [info] CMC::computeControls, t = 1.40200
[2023-08-15 22:25:31.119] [info] CMC::computeControls, t = 1.40300
[2023-08-15 22:25:31.156] [info] CMC::computeControls, t = 1.40400
[2023-08-15 22:25:31.194] [info] CMC::computeControls, t = 1.40500
[2023-08-15 22:25:31.227] [info] CMC::computeControls, t = 1.40600
[2023-08-15 22:25:31.258] [info] CMC::computeControls, t = 1.40700
[2023-08-15 22:25:31.317] [info] CMC::computeControls, t = 1.40800
[2023-08-15 22:25:31.341] [info] CMC::computeControls, t = 1.40900
[2023-08-15 22:25:31.362] [info] CMC::computeControls, t = 1.41
[2023-08-15 22:25:31.404] [info] CMC::computeControls, t = 1.411
[2023-08-15 22:25:31.435] [info] CMC::computeControls, t = 1.412
[2023-08-15 22:25:31.464] [info] CMC::computeControls, t = 1.413
[2023-08-15 22:25:31.499] [info] CMC::computeControls, t = 1.414
[2023-08-15 22:25:31.525] [info] CMC::computeControls, t = 1.415
[2023-08-15 22:25:31.547] [info] CMC::computeControls, t = 1.416
[2023-08-15 22:25:31.577] [info] CMC::computeControls, t = 1.417
[2023-08-15 22:25:31.608] [info] CMC::computeControls, t = 1.418
[2023-08-15 22:25:31.643] [info] CMC::computeControls, t = 1.419
[2023-08-15 22:25:31.670] [info] CMC::computeControls, t = 1.42
[2023-08-15 22:25:31.700] [info] CMC::computeControls, t = 1.421
[2023-08-15 22:25:31.736] [info] CMC::computeControls, t = 1.422
[2023-08-15 22:25:31.766] [info] CMC::computeControls, t = 1.423
[2023-08-15 22:25:31.798] [info] CMC::computeControls, t = 1.424
[2023-08-15 22:25:31.826] [info] CMC::computeControls, t = 1.425
[2023-08-15 22:25:31.876] [info] CMC::computeControls, t = 1.426
[2023-08-15 22:25:31.929] [info] CMC::computeControls, t = 1.427
[2023-08-15 22:25:31.979] [info] CMC::computeControls, t = 1.428
[2023-08-15 22:25:32.004] [info] CMC::computeControls, t = 1.429
[2023-08-15 22:25:32.027] [info] CMC::computeControls, t = 1.43
[2023-08-15 22:25:32.056] [info] CMC::computeControls, t = 1.431
[2023-08-15 22:25:32.086] [info] CMC::computeControls, t = 1.432
[2023-08-15 22:25:32.115] [info] CMC::computeControls, t = 1.433
[2023-08-15 22:25:32.146] [info] CMC::computeControls, t = 1.434
[2023-08-15 22:25:32.178] [info] CMC::computeControls, t = 1.435
[2023-08-15 22:25:32.216] [info] CMC::computeControls, t = 1.436
[2023-08-15 22:25:32.250] [info] CMC::computeControls, t = 1.437
[2023-08-15 22:25:32.281] [info] CMC::computeControls, t = 1.438
[2023-08-15 22:25:32.311] [info] CMC::computeControls, t = 1.439
[2023-08-15 22:25:32.329] [info] CMC::computeControls, t = 1.44
[2023-08-15 22:25:32.351] [info] CMC::computeControls, t = 1.441
[2023-08-15 22:25:32.373] [info] CMC::computeControls, t = 1.442
[2023-08-15 22:25:32.399] [info] CMC::computeControls, t = 1.443
[2023-08-15 22:25:32.428] [info] CMC::computeControls, t = 1.444
[2023-08-15 22:25:32.449] [info] CMC::computeControls, t = 1.445
[2023-08-15 22:25:32.481] [info] CMC::computeControls, t = 1.446
[2023-08-15 22:25:32.503] [info] CMC::computeControls, t = 1.447
[2023-08-15 22:25:32.531] [info] CMC::computeControls, t = 1.448
[2023-08-15 22:25:32.562] [info] CMC::computeControls, t = 1.449
[2023-08-15 22:25:32.586] [info] CMC::computeControls, t = 1.45
[2023-08-15 22:25:32.618] [info] CMC::computeControls, t = 1.451
[2023-08-15 22:25:32.650] [info] CMC::computeControls, t = 1.452
[2023-08-15 22:25:32.680] [info] CMC::computeControls, t = 1.453
[2023-08-15 22:25:32.709] [info] CMC::computeControls, t = 1.454
[2023-08-15 22:25:32.735] [info] CMC::computeControls, t = 1.455
[2023-08-15 22:25:32.769] [info] CMC::computeControls, t = 1.456
[2023-08-15 22:25:32.808] [info] CMC::computeControls, t = 1.457
[2023-08-15 22:25:32.877] [info] CMC::computeControls, t = 1.458
[2023-08-15 22:25:32.948] [info] CMC::computeControls, t = 1.459
[2023-08-15 22:25:32.987] [info] CMC::computeControls, t = 1.46
[2023-08-15 22:25:33.018] [info] CMC::computeControls, t = 1.461
[2023-08-15 22:25:33.051] [info] CMC::computeControls, t = 1.462
[2023-08-15 22:25:33.077] [info] CMC::computeControls, t = 1.463
[2023-08-15 22:25:33.105] [info] CMC::computeControls, t = 1.464
[2023-08-15 22:25:33.127] [info] CMC::computeControls, t = 1.465
[2023-08-15 22:25:33.152] [info] CMC::computeControls, t = 1.466
[2023-08-15 22:25:33.191] [info] CMC::computeControls, t = 1.467
[2023-08-15 22:25:33.224] [info] CMC::computeControls, t = 1.468
[2023-08-15 22:25:33.257] [info] CMC::computeControls, t = 1.469
[2023-08-15 22:25:33.285] [info] CMC::computeControls, t = 1.47
[2023-08-15 22:25:33.313] [info] CMC::computeControls, t = 1.471
[2023-08-15 22:25:33.341] [info] CMC::computeControls, t = 1.472
[2023-08-15 22:25:33.375] [info] CMC::computeControls, t = 1.473
[2023-08-15 22:25:33.411] [info] CMC::computeControls, t = 1.474
[2023-08-15 22:25:33.459] [info] CMC::computeControls, t = 1.475
[2023-08-15 22:25:33.501] [info] CMC::computeControls, t = 1.476
[2023-08-15 22:25:33.524] [info] CMC::computeControls, t = 1.477
[2023-08-15 22:25:33.560] [info] CMC::computeControls, t = 1.478
[2023-08-15 22:25:33.599] [info] CMC::computeControls, t = 1.479
[2023-08-15 22:25:33.628] [info] CMC::computeControls, t = 1.48
[2023-08-15 22:25:33.658] [info] CMC::computeControls, t = 1.481
[2023-08-15 22:25:33.691] [info] CMC::computeControls, t = 1.482
[2023-08-15 22:25:33.726] [info] CMC::computeControls, t = 1.483
[2023-08-15 22:25:33.754] [info] CMC::computeControls, t = 1.484
[2023-08-15 22:25:33.789] [info] CMC::computeControls, t = 1.485
[2023-08-15 22:25:33.819] [info] CMC::computeControls, t = 1.486
[2023-08-15 22:25:33.849] [info] CMC::computeControls, t = 1.487
[2023-08-15 22:25:33.879] [info] CMC::computeControls, t = 1.488
[2023-08-15 22:25:33.942] [info] CMC::computeControls, t = 1.489
[2023-08-15 22:25:33.965] [info] CMC::computeControls, t = 1.49
[2023-08-15 22:25:33.994] [info] CMC::computeControls, t = 1.491
[2023-08-15 22:25:34.033] [info] CMC::computeControls, t = 1.492
[2023-08-15 22:25:34.056] [info] CMC::computeControls, t = 1.493
[2023-08-15 22:25:34.121] [info] CMC::computeControls, t = 1.494
[2023-08-15 22:25:34.180] [info] CMC::computeControls, t = 1.495
[2023-08-15 22:25:34.219] [info] CMC::computeControls, t = 1.496
[2023-08-15 22:25:34.247] [info] CMC::computeControls, t = 1.497
[2023-08-15 22:25:34.278] [info] CMC::computeControls, t = 1.498
[2023-08-15 22:25:34.307] [info] CMC::computeControls, t = 1.499
[2023-08-15 22:25:34.332] [info] CMC::computeControls, t = 1.5
[2023-08-15 22:25:34.358] [info] CMC::computeControls, t = 1.50100
[2023-08-15 22:25:34.399] [info] CMC::computeControls, t = 1.50200
[2023-08-15 22:25:34.464] [info] CMC::computeControls, t = 1.50300
[2023-08-15 22:25:34.509] [info] CMC::computeControls, t = 1.50400
[2023-08-15 22:25:34.534] [info] CMC::computeControls, t = 1.50500
[2023-08-15 22:25:34.564] [info] CMC::computeControls, t = 1.50600
[2023-08-15 22:25:34.593] [info] CMC::computeControls, t = 1.50700
[2023-08-15 22:25:34.617] [info] CMC::computeControls, t = 1.50800
[2023-08-15 22:25:34.645] [info] CMC::computeControls, t = 1.50900
[2023-08-15 22:25:34.669] [info] CMC::computeControls, t = 1.51
[2023-08-15 22:25:34.688] [info] CMC::computeControls, t = 1.511
[2023-08-15 22:25:34.712] [info] CMC::computeControls, t = 1.512
[2023-08-15 22:25:34.735] [info] CMC::computeControls, t = 1.513
[2023-08-15 22:25:34.766] [info] CMC::computeControls, t = 1.514
[2023-08-15 22:25:34.790] [info] CMC::computeControls, t = 1.515
[2023-08-15 22:25:34.817] [info] CMC::computeControls, t = 1.516
[2023-08-15 22:25:34.853] [info] CMC::computeControls, t = 1.517
[2023-08-15 22:25:34.883] [info] CMC::computeControls, t = 1.518
[2023-08-15 22:25:34.918] [info] CMC::computeControls, t = 1.519
[2023-08-15 22:25:34.945] [info] CMC::computeControls, t = 1.52
[2023-08-15 22:25:34.968] [info] CMC::computeControls, t = 1.521
[2023-08-15 22:25:34.991] [info] CMC::computeControls, t = 1.522
[2023-08-15 22:25:35.020] [info] CMC::computeControls, t = 1.523
[2023-08-15 22:25:35.050] [info] CMC::computeControls, t = 1.524
[2023-08-15 22:25:35.091] [info] CMC::computeControls, t = 1.525
[2023-08-15 22:25:35.112] [info] CMC::computeControls, t = 1.526
[2023-08-15 22:25:35.141] [info] CMC::computeControls, t = 1.527
[2023-08-15 22:25:35.171] [info] CMC::computeControls, t = 1.528
[2023-08-15 22:25:35.202] [info] CMC::computeControls, t = 1.529
[2023-08-15 22:25:35.229] [info] CMC::computeControls, t = 1.53
[2023-08-15 22:25:35.254] [info] CMC::computeControls, t = 1.531
[2023-08-15 22:25:35.275] [info] CMC::computeControls, t = 1.532
[2023-08-15 22:25:35.299] [info] CMC::computeControls, t = 1.533
[2023-08-15 22:25:35.329] [info] CMC::computeControls, t = 1.534
[2023-08-15 22:25:35.349] [info] CMC::computeControls, t = 1.535
[2023-08-15 22:25:35.374] [info] CMC::computeControls, t = 1.536
[2023-08-15 22:25:35.403] [info] CMC::computeControls, t = 1.537
[2023-08-15 22:25:35.439] [info] CMC::computeControls, t = 1.538
[2023-08-15 22:25:35.461] [info] CMC::computeControls, t = 1.539
[2023-08-15 22:25:35.493] [info] CMC::computeControls, t = 1.54
[2023-08-15 22:25:35.540] [info] CMC::computeControls, t = 1.541
[2023-08-15 22:25:35.591] [info] CMC::computeControls, t = 1.542
[2023-08-15 22:25:35.675] [info] CMC::computeControls, t = 1.543
[2023-08-15 22:25:35.726] [info] CMC::computeControls, t = 1.544
[2023-08-15 22:25:35.750] [info] CMC::computeControls, t = 1.545
[2023-08-15 22:25:35.785] [info] CMC::computeControls, t = 1.546
[2023-08-15 22:25:35.819] [info] CMC::computeControls, t = 1.547
[2023-08-15 22:25:35.852] [info] CMC::computeControls, t = 1.548
[2023-08-15 22:25:35.877] [info] CMC::computeControls, t = 1.549
[2023-08-15 22:25:35.895] [info] CMC::computeControls, t = 1.55
[2023-08-15 22:25:35.926] [info] CMC::computeControls, t = 1.551
[2023-08-15 22:25:35.947] [info] CMC::computeControls, t = 1.552
[2023-08-15 22:25:35.972] [info] CMC::computeControls, t = 1.553
[2023-08-15 22:25:36.007] [info] CMC::computeControls, t = 1.554
[2023-08-15 22:25:36.028] [info] CMC::computeControls, t = 1.555
[2023-08-15 22:25:36.049] [info] CMC::computeControls, t = 1.556
[2023-08-15 22:25:36.078] [info] CMC::computeControls, t = 1.557
[2023-08-15 22:25:36.101] [info] CMC::computeControls, t = 1.558
[2023-08-15 22:25:36.131] [info] CMC::computeControls, t = 1.559
[2023-08-15 22:25:36.161] [info] CMC::computeControls, t = 1.56
[2023-08-15 22:25:36.190] [info] CMC::computeControls, t = 1.561
[2023-08-15 22:25:36.225] [info] CMC::computeControls, t = 1.562
[2023-08-15 22:25:36.256] [info] CMC::computeControls, t = 1.563
[2023-08-15 22:25:36.284] [info] CMC::computeControls, t = 1.564
[2023-08-15 22:25:36.320] [info] CMC::computeControls, t = 1.565
[2023-08-15 22:25:36.355] [info] CMC::computeControls, t = 1.566
[2023-08-15 22:25:36.382] [info] CMC::computeControls, t = 1.567
[2023-08-15 22:25:36.425] [info] CMC::computeControls, t = 1.568
[2023-08-15 22:25:36.453] [info] CMC::computeControls, t = 1.569
[2023-08-15 22:25:36.477] [info] CMC::computeControls, t = 1.57
[2023-08-15 22:25:36.498] [info] CMC::computeControls, t = 1.571
[2023-08-15 22:25:36.529] [info] CMC::computeControls, t = 1.572
[2023-08-15 22:25:36.559] [info] CMC::computeControls, t = 1.573
[2023-08-15 22:25:36.583] [info] CMC::computeControls, t = 1.574
[2023-08-15 22:25:36.604] [info] CMC::computeControls, t = 1.575
[2023-08-15 22:25:36.628] [info] CMC::computeControls, t = 1.576
[2023-08-15 22:25:36.654] [info] CMC::computeControls, t = 1.577
[2023-08-15 22:25:36.680] [info] CMC::computeControls, t = 1.578
[2023-08-15 22:25:36.705] [info] CMC::computeControls, t = 1.579
[2023-08-15 22:25:36.730] [info] CMC::computeControls, t = 1.58
[2023-08-15 22:25:36.760] [info] CMC::computeControls, t = 1.581
[2023-08-15 22:25:36.791] [info] CMC::computeControls, t = 1.582
[2023-08-15 22:25:36.822] [info] CMC::computeControls, t = 1.583
[2023-08-15 22:25:36.850] [info] CMC::computeControls, t = 1.584
[2023-08-15 22:25:36.893] [info] CMC::computeControls, t = 1.585
[2023-08-15 22:25:36.940] [info] CMC::computeControls, t = 1.586
[2023-08-15 22:25:36.964] [info] CMC::computeControls, t = 1.587
[2023-08-15 22:25:37.004] [info] CMC::computeControls, t = 1.588
[2023-08-15 22:25:37.030] [info] CMC::computeControls, t = 1.589
[2023-08-15 22:25:37.053] [info] CMC::computeControls, t = 1.59
[2023-08-15 22:25:37.089] [info] CMC::computeControls, t = 1.591
[2023-08-15 22:25:37.119] [info] CMC::computeControls, t = 1.592
[2023-08-15 22:25:37.153] [info] CMC::computeControls, t = 1.593
[2023-08-15 22:25:37.190] [info] CMC::computeControls, t = 1.594
[2023-08-15 22:25:37.217] [info] CMC::computeControls, t = 1.595
[2023-08-15 22:25:37.242] [info] CMC::computeControls, t = 1.596
[2023-08-15 22:25:37.270] [info] CMC::computeControls, t = 1.597
[2023-08-15 22:25:37.299] [info] CMC::computeControls, t = 1.598
[2023-08-15 22:25:37.325] [info] CMC::computeControls, t = 1.599
[2023-08-15 22:25:37.364] [info] CMC::computeControls, t = 1.6
[2023-08-15 22:25:37.398] [info] CMC::computeControls, t = 1.60100
[2023-08-15 22:25:37.428] [info] CMC::computeControls, t = 1.60200
[2023-08-15 22:25:37.454] [info] CMC::computeControls, t = 1.60300
[2023-08-15 22:25:37.479] [info] CMC::computeControls, t = 1.60400
[2023-08-15 22:25:37.532] [info] CMC::computeControls, t = 1.60500
[2023-08-15 22:25:37.556] [info] CMC::computeControls, t = 1.60600
[2023-08-15 22:25:37.575] [info] CMC::computeControls, t = 1.60700
[2023-08-15 22:25:37.629] [info] CMC::computeControls, t = 1.60800
[2023-08-15 22:25:37.674] [info] CMC::computeControls, t = 1.60900
[2023-08-15 22:25:37.713] [info] CMC::computeControls, t = 1.61
[2023-08-15 22:25:37.741] [info] CMC::computeControls, t = 1.611
[2023-08-15 22:25:37.781] [info] CMC::computeControls, t = 1.612
[2023-08-15 22:25:37.833] [info] CMC::computeControls, t = 1.613
[2023-08-15 22:25:37.867] [info] CMC::computeControls, t = 1.614
[2023-08-15 22:25:37.894] [info] CMC::computeControls, t = 1.615
[2023-08-15 22:25:37.923] [info] CMC::computeControls, t = 1.616
[2023-08-15 22:25:37.952] [info] CMC::computeControls, t = 1.617
[2023-08-15 22:25:37.981] [info] CMC::computeControls, t = 1.618
[2023-08-15 22:25:38.011] [info] CMC::computeControls, t = 1.619
[2023-08-15 22:25:38.048] [info] CMC::computeControls, t = 1.62
[2023-08-15 22:25:38.080] [info] CMC::computeControls, t = 1.621
[2023-08-15 22:25:38.109] [info] CMC::computeControls, t = 1.622
[2023-08-15 22:25:38.149] [info] CMC::computeControls, t = 1.623
[2023-08-15 22:25:38.194] [info] CMC::computeControls, t = 1.624
[2023-08-15 22:25:38.223] [info] CMC::computeControls, t = 1.625
[2023-08-15 22:25:38.251] [info] CMC::computeControls, t = 1.626
[2023-08-15 22:25:38.282] [info] CMC::computeControls, t = 1.627
[2023-08-15 22:25:38.323] [info] CMC::computeControls, t = 1.628
[2023-08-15 22:25:38.352] [info] CMC::computeControls, t = 1.629
[2023-08-15 22:25:38.402] [info] CMC::computeControls, t = 1.63
[2023-08-15 22:25:38.437] [info] CMC::computeControls, t = 1.631
[2023-08-15 22:25:38.471] [info] CMC::computeControls, t = 1.632
[2023-08-15 22:25:38.503] [info] CMC::computeControls, t = 1.633
[2023-08-15 22:25:38.540] [info] CMC::computeControls, t = 1.634
[2023-08-15 22:25:38.579] [info] CMC::computeControls, t = 1.635
[2023-08-15 22:25:38.612] [info] CMC::computeControls, t = 1.636
[2023-08-15 22:25:38.641] [info] CMC::computeControls, t = 1.637
[2023-08-15 22:25:38.694] [info] CMC::computeControls, t = 1.638
[2023-08-15 22:25:38.752] [info] CMC::computeControls, t = 1.639
[2023-08-15 22:25:38.803] [info] CMC::computeControls, t = 1.64
[2023-08-15 22:25:38.845] [info] CMC::computeControls, t = 1.641
[2023-08-15 22:25:38.868] [info] CMC::computeControls, t = 1.642
[2023-08-15 22:25:38.915] [info] CMC::computeControls, t = 1.643
[2023-08-15 22:25:38.946] [info] CMC::computeControls, t = 1.644
[2023-08-15 22:25:38.977] [info] CMC::computeControls, t = 1.645
[2023-08-15 22:25:39.012] [info] CMC::computeControls, t = 1.646
[2023-08-15 22:25:39.044] [info] CMC::computeControls, t = 1.647
[2023-08-15 22:25:39.072] [info] CMC::computeControls, t = 1.648
[2023-08-15 22:25:39.102] [info] CMC::computeControls, t = 1.649
[2023-08-15 22:25:39.135] [info] CMC::computeControls, t = 1.65
[2023-08-15 22:25:39.166] [info] CMC::computeControls, t = 1.651
[2023-08-15 22:25:39.198] [info] CMC::computeControls, t = 1.652
[2023-08-15 22:25:39.227] [info] CMC::computeControls, t = 1.653
[2023-08-15 22:25:39.256] [info] CMC::computeControls, t = 1.654
[2023-08-15 22:25:39.288] [info] CMC::computeControls, t = 1.655
[2023-08-15 22:25:39.323] [info] CMC::computeControls, t = 1.656
[2023-08-15 22:25:39.356] [info] CMC::computeControls, t = 1.657
[2023-08-15 22:25:39.380] [info] CMC::computeControls, t = 1.658
[2023-08-15 22:25:39.418] [info] CMC::computeControls, t = 1.659
[2023-08-15 22:25:39.449] [info] CMC::computeControls, t = 1.66
[2023-08-15 22:25:39.481] [info] CMC::computeControls, t = 1.661
[2023-08-15 22:25:39.511] [info] CMC::computeControls, t = 1.662
[2023-08-15 22:25:39.541] [info] CMC::computeControls, t = 1.663
[2023-08-15 22:25:39.589] [info] CMC::computeControls, t = 1.664
[2023-08-15 22:25:39.613] [info] CMC::computeControls, t = 1.665
[2023-08-15 22:25:39.656] [info] CMC::computeControls, t = 1.666
[2023-08-15 22:25:39.685] [info] CMC::computeControls, t = 1.667
[2023-08-15 22:25:39.713] [info] CMC::computeControls, t = 1.668
[2023-08-15 22:25:39.764] [info] CMC::computeControls, t = 1.669
[2023-08-15 22:25:39.802] [info] CMC::computeControls, t = 1.67
[2023-08-15 22:25:39.832] [info] CMC::computeControls, t = 1.671
[2023-08-15 22:25:39.865] [info] CMC::computeControls, t = 1.672
[2023-08-15 22:25:39.890] [info] CMC::computeControls, t = 1.673
[2023-08-15 22:25:39.913] [info] CMC::computeControls, t = 1.674
[2023-08-15 22:25:39.943] [info] CMC::computeControls, t = 1.675
[2023-08-15 22:25:39.970] [info] CMC::computeControls, t = 1.676
[2023-08-15 22:25:39.998] [info] CMC::computeControls, t = 1.677
[2023-08-15 22:25:40.045] [info] CMC::computeControls, t = 1.678
[2023-08-15 22:25:40.075] [info] CMC::computeControls, t = 1.679
[2023-08-15 22:25:40.102] [info] CMC::computeControls, t = 1.68
[2023-08-15 22:25:40.141] [info] CMC::computeControls, t = 1.681
[2023-08-15 22:25:40.164] [info] CMC::computeControls, t = 1.682
[2023-08-15 22:25:40.195] [info] CMC::computeControls, t = 1.683
[2023-08-15 22:25:40.242] [info] CMC::computeControls, t = 1.684
[2023-08-15 22:25:40.288] [info] CMC::computeControls, t = 1.685
[2023-08-15 22:25:40.347] [info] CMC::computeControls, t = 1.686
[2023-08-15 22:25:40.382] [info] CMC::computeControls, t = 1.687
[2023-08-15 22:25:40.413] [info] CMC::computeControls, t = 1.688
[2023-08-15 22:25:40.444] [info] CMC::computeControls, t = 1.689
[2023-08-15 22:25:40.465] [info] CMC::computeControls, t = 1.69
[2023-08-15 22:25:40.496] [info] CMC::computeControls, t = 1.691
[2023-08-15 22:25:40.532] [info] CMC::computeControls, t = 1.692
[2023-08-15 22:25:40.602] [info] CMC::computeControls, t = 1.693
[2023-08-15 22:25:40.635] [info] CMC::computeControls, t = 1.694
[2023-08-15 22:25:40.681] [info] CMC::computeControls, t = 1.695
[2023-08-15 22:25:40.723] [info] CMC::computeControls, t = 1.696
[2023-08-15 22:25:40.754] [info] CMC::computeControls, t = 1.697
[2023-08-15 22:25:40.810] [info] CMC::computeControls, t = 1.698
[2023-08-15 22:25:40.834] [info] CMC::computeControls, t = 1.699
[2023-08-15 22:25:40.861] [info] CMC::computeControls, t = 1.7
[2023-08-15 22:25:40.893] [info] CMC::computeControls, t = 1.70100
[2023-08-15 22:25:40.945] [info] CMC::computeControls, t = 1.70200
[2023-08-15 22:25:40.978] [info] CMC::computeControls, t = 1.70300
[2023-08-15 22:25:41.016] [info] CMC::computeControls, t = 1.70400
[2023-08-15 22:25:41.052] [info] CMC::computeControls, t = 1.70500
[2023-08-15 22:25:41.090] [info] CMC::computeControls, t = 1.70600
[2023-08-15 22:25:41.122] [info] CMC::computeControls, t = 1.70700
[2023-08-15 22:25:41.152] [info] CMC::computeControls, t = 1.70800
[2023-08-15 22:25:41.181] [info] CMC::computeControls, t = 1.70900
[2023-08-15 22:25:41.209] [info] CMC::computeControls, t = 1.71
[2023-08-15 22:25:41.241] [info] CMC::computeControls, t = 1.711
[2023-08-15 22:25:41.271] [info] CMC::computeControls, t = 1.712
[2023-08-15 22:25:41.300] [info] CMC::computeControls, t = 1.713
[2023-08-15 22:25:41.329] [info] CMC::computeControls, t = 1.714
[2023-08-15 22:25:41.367] [info] CMC::computeControls, t = 1.715
[2023-08-15 22:25:41.395] [info] CMC::computeControls, t = 1.716
[2023-08-15 22:25:41.464] [info] CMC::computeControls, t = 1.717
[2023-08-15 22:25:41.505] [info] CMC::computeControls, t = 1.718
[2023-08-15 22:25:41.541] [info] CMC::computeControls, t = 1.719
[2023-08-15 22:25:41.589] [info] CMC::computeControls, t = 1.72
[2023-08-15 22:25:41.628] [info] CMC::computeControls, t = 1.721
[2023-08-15 22:25:41.657] [info] CMC::computeControls, t = 1.722
[2023-08-15 22:25:41.687] [info] CMC::computeControls, t = 1.723
[2023-08-15 22:25:41.713] [info] CMC::computeControls, t = 1.724
[2023-08-15 22:25:41.731] [info] CMC::computeControls, t = 1.725
[2023-08-15 22:25:41.761] [info] CMC::computeControls, t = 1.726
[2023-08-15 22:25:41.797] [info] CMC::computeControls, t = 1.727
[2023-08-15 22:25:41.830] [info] CMC::computeControls, t = 1.728
[2023-08-15 22:25:41.869] [info] CMC::computeControls, t = 1.729
[2023-08-15 22:25:41.894] [info] CMC::computeControls, t = 1.73
[2023-08-15 22:25:41.919] [info] CMC::computeControls, t = 1.731
[2023-08-15 22:25:41.940] [info] CMC::computeControls, t = 1.732
[2023-08-15 22:25:41.964] [info] CMC::computeControls, t = 1.733
[2023-08-15 22:25:42.006] [info] CMC::computeControls, t = 1.734
[2023-08-15 22:25:42.030] [info] CMC::computeControls, t = 1.735
[2023-08-15 22:25:42.050] [info] CMC::computeControls, t = 1.736
[2023-08-15 22:25:42.072] [info] CMC::computeControls, t = 1.737
[2023-08-15 22:25:42.108] [info] CMC::computeControls, t = 1.738
[2023-08-15 22:25:42.142] [info] CMC::computeControls, t = 1.739
[2023-08-15 22:25:42.176] [info] CMC::computeControls, t = 1.74
[2023-08-15 22:25:42.219] [info] CMC::computeControls, t = 1.741
[2023-08-15 22:25:42.258] [info] CMC::computeControls, t = 1.742
[2023-08-15 22:25:42.295] [info] CMC::computeControls, t = 1.743
[2023-08-15 22:25:42.326] [info] CMC::computeControls, t = 1.744
[2023-08-15 22:25:42.352] [info] CMC::computeControls, t = 1.745
[2023-08-15 22:25:42.370] [info] CMC::computeControls, t = 1.746
[2023-08-15 22:25:42.391] [info] CMC::computeControls, t = 1.747
[2023-08-15 22:25:42.424] [info] CMC::computeControls, t = 1.748
[2023-08-15 22:25:42.466] [info] CMC::computeControls, t = 1.749
[2023-08-15 22:25:42.520] [info] CMC::computeControls, t = 1.75
[2023-08-15 22:25:42.546] [info] CMC::computeControls, t = 1.751
[2023-08-15 22:25:42.573] [info] CMC::computeControls, t = 1.752
[2023-08-15 22:25:42.614] [info] CMC::computeControls, t = 1.753
[2023-08-15 22:25:42.636] [info] CMC::computeControls, t = 1.754
[2023-08-15 22:25:42.670] [info] CMC::computeControls, t = 1.755
[2023-08-15 22:25:42.705] [info] CMC::computeControls, t = 1.756
[2023-08-15 22:25:42.737] [info] CMC::computeControls, t = 1.757
[2023-08-15 22:25:42.764] [info] CMC::computeControls, t = 1.758
[2023-08-15 22:25:42.787] [info] CMC::computeControls, t = 1.759
[2023-08-15 22:25:42.816] [info] CMC::computeControls, t = 1.76
[2023-08-15 22:25:42.848] [info] CMC::computeControls, t = 1.761
[2023-08-15 22:25:42.873] [info] CMC::computeControls, t = 1.762
[2023-08-15 22:25:42.915] [info] CMC::computeControls, t = 1.763
[2023-08-15 22:25:42.969] [info] CMC::computeControls, t = 1.764
[2023-08-15 22:25:43.041] [info] CMC::computeControls, t = 1.765
[2023-08-15 22:25:43.105] [info] CMC::computeControls, t = 1.766
[2023-08-15 22:25:43.152] [info] CMC::computeControls, t = 1.767
[2023-08-15 22:25:43.181] [info] CMC::computeControls, t = 1.768
[2023-08-15 22:25:43.212] [info] CMC::computeControls, t = 1.769
[2023-08-15 22:25:43.253] [info] CMC::computeControls, t = 1.77
[2023-08-15 22:25:43.291] [info] CMC::computeControls, t = 1.771
[2023-08-15 22:25:43.324] [info] CMC::computeControls, t = 1.772
[2023-08-15 22:25:43.359] [info] CMC::computeControls, t = 1.773
[2023-08-15 22:25:43.391] [info] CMC::computeControls, t = 1.774
[2023-08-15 22:25:43.424] [info] CMC::computeControls, t = 1.775
[2023-08-15 22:25:43.449] [info] CMC::computeControls, t = 1.776
[2023-08-15 22:25:43.477] [info] CMC::computeControls, t = 1.777
[2023-08-15 22:25:43.509] [info] CMC::computeControls, t = 1.778
[2023-08-15 22:25:43.536] [info] CMC::computeControls, t = 1.779
[2023-08-15 22:25:43.568] [info] CMC::computeControls, t = 1.78
[2023-08-15 22:25:43.596] [info] CMC::computeControls, t = 1.781
[2023-08-15 22:25:43.624] [info] CMC::computeControls, t = 1.782
[2023-08-15 22:25:43.687] [info] CMC::computeControls, t = 1.783
[2023-08-15 22:25:43.750] [info] CMC::computeControls, t = 1.784
[2023-08-15 22:25:43.804] [info] CMC::computeControls, t = 1.785
[2023-08-15 22:25:43.835] [info] CMC::computeControls, t = 1.786
[2023-08-15 22:25:43.891] [info] CMC::computeControls, t = 1.787
[2023-08-15 22:25:43.930] [info] CMC::computeControls, t = 1.788
[2023-08-15 22:25:43.961] [info] CMC::computeControls, t = 1.789
[2023-08-15 22:25:43.992] [info] CMC::computeControls, t = 1.79
[2023-08-15 22:25:44.022] [info] CMC::computeControls, t = 1.791
[2023-08-15 22:25:44.047] [info] CMC::computeControls, t = 1.792
[2023-08-15 22:25:44.074] [info] CMC::computeControls, t = 1.793
[2023-08-15 22:25:44.133] [info] CMC::computeControls, t = 1.794
[2023-08-15 22:25:44.176] [info] CMC::computeControls, t = 1.795
[2023-08-15 22:25:44.204] [info] CMC::computeControls, t = 1.796
[2023-08-15 22:25:44.234] [info] CMC::computeControls, t = 1.797
[2023-08-15 22:25:44.258] [info] CMC::computeControls, t = 1.798
[2023-08-15 22:25:44.279] [info] CMC::computeControls, t = 1.799
[2023-08-15 22:25:44.301] [info] CMC::computeControls, t = 1.8
[2023-08-15 22:25:44.358] [info] CMC::computeControls, t = 1.80100
[2023-08-15 22:25:44.418] [info] CMC::computeControls, t = 1.80200
[2023-08-15 22:25:44.468] [info] CMC::computeControls, t = 1.80300
[2023-08-15 22:25:44.512] [info] CMC::computeControls, t = 1.80400
[2023-08-15 22:25:44.545] [info] CMC::computeControls, t = 1.80500
[2023-08-15 22:25:44.580] [info] CMC::computeControls, t = 1.80600
[2023-08-15 22:25:44.637] [info] CMC::computeControls, t = 1.80700
[2023-08-15 22:25:44.677] [info] CMC::computeControls, t = 1.80800
[2023-08-15 22:25:44.711] [info] CMC::computeControls, t = 1.80900
[2023-08-15 22:25:44.740] [info] CMC::computeControls, t = 1.81
[2023-08-15 22:25:44.806] [info] CMC::computeControls, t = 1.811
[2023-08-15 22:25:44.866] [info] -------------------------------------------
[2023-08-15 22:25:44.867] [info] Finished tracking the specified kinematics:
[2023-08-15 22:25:44.867] [info] -------------------------------------------
[2023-08-15 22:25:44.867] [info]  -- Start time = Tue Aug 15 22:25:25 2023
[2023-08-15 22:25:44.867] [info]  -- Finish time = Tue Aug 15 22:25:44 2023
[2023-08-15 22:25:44.867] [info]  -- Elapsed time = 19.0 seconds.
[2023-08-15 22:25:44.867] [info] -------------------------------------------
[2023-08-15 22:25:44.867] [info] 
[2023-08-15 22:25:44.867] [info] Printing results of investigation subject11_run5_cycle3 to cycle3/
[2023-08-15 22:25:45.545] [info] 

************************************************************
*      Summary of Mass Adjustments to Reduce Residuals     *
************************************************************
* Body adjusted: torso
* Mass Center (COM) adjustment: dx =-0.1, dz =-0.00137523
* New COM location: ~[0.0699452,0.320585,0.00137523]
************************************************************
* Recommended mass adjustments:                             
*  Total mass change: 1.8292
*  pelvis: orig mass = 10.8666, new mass = 11.1532
*  femur_r: orig mass = 8.58239, new mass = 8.80875
*  tibia_r: orig mass = 3.42091, new mass = 3.51113
*  talus_r: orig mass = 0.0922699, new mass = 0.0947035
*  calcn_r: orig mass = 1.15337, new mass = 1.18379
*  toes_r: orig mass = 0.199857, new mass = 0.205128
*  femur_l: orig mass = 8.58239, new mass = 8.80875
*  tibia_l: orig mass = 3.42091, new mass = 3.51113
*  talus_l: orig mass = 0.0922699, new mass = 0.0947035
*  calcn_l: orig mass = 1.15337, new mass = 1.18379
*  toes_l: orig mass = 0.199857, new mass = 0.205128
*  torso: orig mass = 24.7529, new mass = 25.4057
*  humerus_r: orig mass = 1.87538, new mass = 1.92485
*  ulna_r: orig mass = 0.560539, new mass = 0.575324
*  radius_r: orig mass = 0.560539, new mass = 0.575324
*  hand_r: orig mass = 0.422135, new mass = 0.433268
*  humerus_l: orig mass = 1.87538, new mass = 1.92485
*  ulna_l: orig mass = 0.560539, new mass = 0.575324
*  radius_l: orig mass = 0.560539, new mass = 0.575324
*  hand_l: orig mass = 0.422135, new mass = 0.433268
************************************************************
* Note: Edit the model to make recommended adjustments to  *
*       mass properties.                                   *
************************************************************

* Average residuals before adjusting torso COM:
*  FX=1.96723 FY=-17.9384 FZ=-1.96075
*  MX=0.333827 MY=2.20701 MZ=-25.948
************************************************************
* Average residuals after adjusting torso COM:
*  FX=2.33857 FY=-17.5147 FZ=-3.54846
*  MX=-4.50076 MY=3.65433 MZ=-3.48486
************************************************************


[2023-08-15 22:25:45.546] [info] 
************************************************************
*                   Final Average Residuals                *
************************************************************
* After torso COM and Kinematics adjustments:
*  FX=8.76373 FY=-5.94033 FZ=0.0562148
*  MX=-3.46731 MY=-3.22938 MZ=11.4053
************************************************************


