[2023-08-15 22:00:01.099] [info] AbstractTool subject02_run5_cycle1 loading model ..\..\model\subject02_adjusted_scaled.osim
[2023-08-15 22:00:01.142] [info] Loaded model subject02_scaled from file ..\..\model\subject02_adjusted_scaled.osim
[2023-08-15 22:00:01.178] [info] Adding force object set from subject02_run5_RRA_Actuators.xml
[2023-08-15 22:00:01.198] [info] Running tool subject02_run5_cycle1.
[2023-08-15 22:00:01.212] [warning] ExternalLoads 'externalloads' has subcomponents with duplicate name 'externalforce'. The duplicate is being renamed to 'externalforce_0'.
[2023-08-15 22:00:01.244] [info] 	taskSet size = 29.
[2023-08-15 22:00:01.321] [info] ExternalForce::externalforce Data source being set to Run_500 02_newCOP3_v24.mot
[2023-08-15 22:00:01.321] [info] ExternalForce::externalforce_0 Data source being set to Run_500 02_newCOP3_v24.mot
[2023-08-15 22:00:01.323] [warning] A desired points file was not specified.
[2023-08-15 22:00:01.323] [info] Loading desired kinematics from file '..\..\ik\Run_5.mot'...
[2023-08-15 22:00:01.333] [info] Old version storage/motion file encountered
[2023-08-15 22:00:01.333] [info] Storage: read data file = ..\..\ik\Run_5.mot (nr=450 nc=164)
[2023-08-15 22:00:01.333] [info] .. assuming rotations in Degrees..
[2023-08-15 22:00:01.373] [info] Low-pass filtering desired kinematics with a cutoff frequency of 15.0...
[2023-08-15 22:00:02.422] [cout] [info] MODEL: subject02_scaled

numStates = 74
numCoordinates = 37
numSpeeds = 37
numActuators = 29
numBodies = 20
numConstraints = 0
numProbes = 0

ANALYSES (total: 0)

BODIES (total: 20)
body[0] = pelvis. mass: 11.9824
              moments of inertia:  ~[0.115611,0.115611,0.0685758]
              products of inertia: ~[0,0,0]
body[1] = femur_r. mass: 9.46364
              moments of inertia:  ~[0.207019,0.0542672,0.218306]
              products of inertia: ~[0,0,0]
body[2] = tibia_r. mass: 3.77217
              moments of inertia:  ~[0.0585182,0.00469735,0.0585182]
              products of inertia: ~[0,0,0]
body[3] = talus_r. mass: 0.101744
              moments of inertia:  ~[0.00119979,0.00119979,0.00119979]
              products of inertia: ~[0,0,0]
body[4] = calcn_r. mass: 1.2718
              moments of inertia:  ~[0.00167971,0.0046792,0.00491916]
              products of inertia: ~[0,0,0]
body[5] = toes_r. mass: 0.220378
              moments of inertia:  ~[0.000119979,0.000239959,0.00119979]
              products of inertia: ~[0,0,0]
body[6] = femur_l. mass: 9.46364
              moments of inertia:  ~[0.207019,0.0542672,0.218306]
              products of inertia: ~[0,0,0]
body[7] = tibia_l. mass: 3.77217
              moments of inertia:  ~[0.0585182,0.00469735,0.0585182]
              products of inertia: ~[0,0,0]
body[8] = talus_l. mass: 0.101744
              moments of inertia:  ~[0.00119979,0.00119979,0.00119979]
              products of inertia: ~[0,0,0]
body[9] = calcn_l. mass: 1.2718
              moments of inertia:  ~[0.00167971,0.0046792,0.00491916]
              products of inertia: ~[0,0,0]
body[10] = toes_l. mass: 0.220378
              moments of inertia:  ~[0.000119979,0.000239959,0.00119979]
              products of inertia: ~[0,0,0]
body[11] = torso. mass: 27.2945
              moments of inertia:  ~[1.51131,0.774358,1.46713]
              products of inertia: ~[0,0,0]
body[12] = humerus_r. mass: 2.06795
              moments of inertia:  ~[0.0151604,0.00522986,0.017017]
              products of inertia: ~[0,0,0]
body[13] = ulna_r. mass: 0.618096
              moments of inertia:  ~[0.00393111,0.000820198,0.00426423]
              products of inertia: ~[0,0,0]
body[14] = radius_r. mass: 0.618096
              moments of inertia:  ~[0.00393111,0.000820198,0.00426423]
              products of inertia: ~[0,0,0]
body[15] = hand_r. mass: 0.46548
              moments of inertia:  ~[0.00118385,0.000725968,0.00177842]
              products of inertia: ~[0,0,0]
body[16] = humerus_l. mass: 2.06795
              moments of inertia:  ~[0.0151604,0.00522986,0.017017]
              products of inertia: ~[0,0,0]
body[17] = ulna_l. mass: 0.618096
              moments of inertia:  ~[0.00393111,0.000820198,0.00426423]
              products of inertia: ~[0,0,0]
body[18] = radius_l. mass: 0.618096
              moments of inertia:  ~[0.00393111,0.000820198,0.00426423]
              products of inertia: ~[0,0,0]
body[19] = hand_l. mass: 0.46548
              moments of inertia:  ~[0.00118385,0.000725968,0.00177842]
              products of inertia: ~[0,0,0]

JOINTS (total: 20)
joint[0] = ground_pelvis. parent: ground_offset, child: pelvis_offset
joint[1] = hip_r. parent: pelvis_offset, child: femur_r_offset
joint[2] = knee_r. parent: femur_r_offset, child: tibia_r_offset
joint[3] = ankle_r. parent: tibia_r_offset, child: talus_r_offset
joint[4] = subtalar_r. parent: talus_r_offset, child: calcn_r_offset
joint[5] = mtp_r. parent: calcn_r_offset, child: toes_r_offset
joint[6] = hip_l. parent: pelvis_offset, child: femur_l_offset
joint[7] = knee_l. parent: femur_l_offset, child: tibia_l_offset
joint[8] = ankle_l. parent: tibia_l_offset, child: talus_l_offset
joint[9] = subtalar_l. parent: talus_l_offset, child: calcn_l_offset
joint[10] = mtp_l. parent: calcn_l_offset, child: toes_l_offset
joint[11] = back. parent: pelvis_offset, child: torso_offset
joint[12] = acromial_r. parent: torso_offset, child: humerus_r_offset
joint[13] = elbow_r. parent: humerus_r_offset, child: ulna_r_offset
joint[14] = radioulnar_r. parent: ulna_r_offset, child: radius_r_offset
joint[15] = radius_hand_r. parent: radius_r_offset, child: hand_r_offset
joint[16] = acromial_l. parent: torso_offset, child: humerus_l_offset
joint[17] = elbow_l. parent: humerus_l_offset, child: ulna_l_offset
joint[18] = radioulnar_l. parent: ulna_l_offset, child: radius_l_offset
joint[19] = radius_hand_l. parent: radius_l_offset, child: hand_l_offset

ACTUATORS (total: 29)
actuator[0] = FX
actuator[1] = FY
actuator[2] = FZ
actuator[3] = MZ
actuator[4] = MX
actuator[5] = MY
actuator[6] = hip_flexion_r
actuator[7] = hip_adduction_r
actuator[8] = hip_rotation_r
actuator[9] = knee_angle_r
actuator[10] = ankle_angle_r
actuator[11] = hip_flexion_l
actuator[12] = hip_adduction_l
actuator[13] = hip_rotation_l
actuator[14] = knee_angle_l
actuator[15] = ankle_angle_l
actuator[16] = lumbar_extension
actuator[17] = lumbar_bending
actuator[18] = lumbar_rotation
actuator[19] = arm_flex_r
actuator[20] = arm_add_r
actuator[21] = arm_rot_r
actuator[22] = elbow_flex_r
actuator[23] = pro_sup_r
actuator[24] = arm_flex_l
actuator[25] = arm_add_l
actuator[26] = arm_rot_l
actuator[27] = elbow_flex_l
actuator[28] = pro_sup_l

STATES (total: 74)
y[0] = /jointset/ground_pelvis/pelvis_tilt/value
y[1] = /jointset/ground_pelvis/pelvis_tilt/speed
y[2] = /jointset/ground_pelvis/pelvis_list/value
y[3] = /jointset/ground_pelvis/pelvis_list/speed
y[4] = /jointset/ground_pelvis/pelvis_rotation/value
y[5] = /jointset/ground_pelvis/pelvis_rotation/speed
y[6] = /jointset/ground_pelvis/pelvis_tx/value
y[7] = /jointset/ground_pelvis/pelvis_tx/speed
y[8] = /jointset/ground_pelvis/pelvis_ty/value
y[9] = /jointset/ground_pelvis/pelvis_ty/speed
y[10] = /jointset/ground_pelvis/pelvis_tz/value
y[11] = /jointset/ground_pelvis/pelvis_tz/speed
y[12] = /jointset/hip_r/hip_flexion_r/value
y[13] = /jointset/hip_r/hip_flexion_r/speed
y[14] = /jointset/hip_r/hip_adduction_r/value
y[15] = /jointset/hip_r/hip_adduction_r/speed
y[16] = /jointset/hip_r/hip_rotation_r/value
y[17] = /jointset/hip_r/hip_rotation_r/speed
y[18] = /jointset/knee_r/knee_angle_r/value
y[19] = /jointset/knee_r/knee_angle_r/speed
y[20] = /jointset/ankle_r/ankle_angle_r/value
y[21] = /jointset/ankle_r/ankle_angle_r/speed
y[22] = /jointset/subtalar_r/subtalar_angle_r/value
y[23] = /jointset/subtalar_r/subtalar_angle_r/speed
y[24] = /jointset/mtp_r/mtp_angle_r/value
y[25] = /jointset/mtp_r/mtp_angle_r/speed
y[26] = /jointset/hip_l/hip_flexion_l/value
y[27] = /jointset/hip_l/hip_flexion_l/speed
y[28] = /jointset/hip_l/hip_adduction_l/value
y[29] = /jointset/hip_l/hip_adduction_l/speed
y[30] = /jointset/hip_l/hip_rotation_l/value
y[31] = /jointset/hip_l/hip_rotation_l/speed
y[32] = /jointset/knee_l/knee_angle_l/value
y[33] = /jointset/knee_l/knee_angle_l/speed
y[34] = /jointset/ankle_l/ankle_angle_l/value
y[35] = /jointset/ankle_l/ankle_angle_l/speed
y[36] = /jointset/subtalar_l/subtalar_angle_l/value
y[37] = /jointset/subtalar_l/subtalar_angle_l/speed
y[38] = /jointset/mtp_l/mtp_angle_l/value
y[39] = /jointset/mtp_l/mtp_angle_l/speed
y[40] = /jointset/back/lumbar_extension/value
y[41] = /jointset/back/lumbar_extension/speed
y[42] = /jointset/back/lumbar_bending/value
y[43] = /jointset/back/lumbar_bending/speed
y[44] = /jointset/back/lumbar_rotation/value
y[45] = /jointset/back/lumbar_rotation/speed
y[46] = /jointset/acromial_r/arm_flex_r/value
y[47] = /jointset/acromial_r/arm_flex_r/speed
y[48] = /jointset/acromial_r/arm_add_r/value
y[49] = /jointset/acromial_r/arm_add_r/speed
y[50] = /jointset/acromial_r/arm_rot_r/value
y[51] = /jointset/acromial_r/arm_rot_r/speed
y[52] = /jointset/elbow_r/elbow_flex_r/value
y[53] = /jointset/elbow_r/elbow_flex_r/speed
y[54] = /jointset/radioulnar_r/pro_sup_r/value
y[55] = /jointset/radioulnar_r/pro_sup_r/speed
y[56] = /jointset/radius_hand_r/wrist_flex_r/value
y[57] = /jointset/radius_hand_r/wrist_flex_r/speed
y[58] = /jointset/radius_hand_r/wrist_dev_r/value
y[59] = /jointset/radius_hand_r/wrist_dev_r/speed
y[60] = /jointset/acromial_l/arm_flex_l/value
y[61] = /jointset/acromial_l/arm_flex_l/speed
y[62] = /jointset/acromial_l/arm_add_l/value
y[63] = /jointset/acromial_l/arm_add_l/speed
y[64] = /jointset/acromial_l/arm_rot_l/value
y[65] = /jointset/acromial_l/arm_rot_l/speed
y[66] = /jointset/elbow_l/elbow_flex_l/value
y[67] = /jointset/elbow_l/elbow_flex_l/speed
y[68] = /jointset/radioulnar_l/pro_sup_l/value
y[69] = /jointset/radioulnar_l/pro_sup_l/speed
y[70] = /jointset/radius_hand_l/wrist_flex_l/value
y[71] = /jointset/radius_hand_l/wrist_flex_l/speed
y[72] = /jointset/radius_hand_l/wrist_dev_l/value
y[73] = /jointset/radius_hand_l/wrist_dev_l/speed

[2023-08-15 22:00:02.665] [info] Requested COM adjustment time range 0.1625 to 0.81563, clamped to nearest available data times: 0.158309 to 0.808283.
[2023-08-15 22:00:02.665] [info] Computing average residuals between 0.158309 and 0.808283...
[2023-08-15 22:00:02.710] [info] ExternalForce::externalforce Data source being set to Run_500 02_newCOP3_v24.mot
[2023-08-15 22:00:02.710] [info] ExternalForce::externalforce_0 Data source being set to Run_500 02_newCOP3_v24.mot
[2023-08-15 22:00:02.745] [info] ExternalForce::externalforce Data source being set to Run_500 02_newCOP3_v24.mot
[2023-08-15 22:00:02.746] [info] ExternalForce::externalforce_0 Data source being set to Run_500 02_newCOP3_v24.mot
[2023-08-15 22:00:03.510] [info] ExternalForce::externalforce Data source being set to Run_500 02_newCOP3_v24.mot
[2023-08-15 22:00:03.510] [info] ExternalForce::externalforce_0 Data source being set to Run_500 02_newCOP3_v24.mot
[2023-08-15 22:00:03.513] [info] Computing average residuals between 0.158309 and 0.808283...
[2023-08-15 22:00:03.558] [info] ExternalForce::externalforce Data source being set to Run_500 02_newCOP3_v24.mot
[2023-08-15 22:00:03.558] [info] ExternalForce::externalforce_0 Data source being set to Run_500 02_newCOP3_v24.mot
[2023-08-15 22:00:03.593] [info] ExternalForce::externalforce Data source being set to Run_500 02_newCOP3_v24.mot
[2023-08-15 22:00:03.594] [info] ExternalForce::externalforce_0 Data source being set to Run_500 02_newCOP3_v24.mot
[2023-08-15 22:00:04.316] [info] Constructing function set for tracking desired kinematics...
[2023-08-15 22:00:04.743] [warning] No Actuation analysis found in analysis set, adding one...
[2023-08-15 22:00:04.744] [warning] No Kinematics analysis found in analysis set, adding one...
[2023-08-15 22:00:04.746] [info] Using the generalized coordinates specified in '..\..\ik\Run_5.mot' to set the initial configuration.
[2023-08-15 22:00:04.846] [info] Using IPOPT optimizer algorithm.
[2023-08-15 22:00:04.846] [info] Setting optimizer print level to 0.
[2023-08-15 22:00:04.846] [info] Setting optimizer convergence tolerance to 1.0e-05.
[2023-08-15 22:00:04.846] [info] Setting optimizer maximum iterations to 2000.
[2023-08-15 22:00:04.846] [info] Setting cmc controller to not use verbose printing.

[2023-08-15 22:00:04.847] [info] CMC::computeControls, t = 0.1625
[2023-08-15 22:00:05.326] [info] --------------------------------------------
[2023-08-15 22:00:05.326] [info] Using CMC to track the specified kinematics:
[2023-08-15 22:00:05.326] [info] --------------------------------------------
[2023-08-15 22:00:05.326] [info]  -- Integrating from 0.1625 to 0.81563
[2023-08-15 22:00:05.326] [info]  -- Start time = Tue Aug 15 22:00:05 2023
[2023-08-15 22:00:05.326] [info] --------------------------------------------
[2023-08-15 22:00:05.326] [info] 
[2023-08-15 22:00:05.329] [info] CMC::computeControls, t = 0.1625
[2023-08-15 22:00:05.352] [info] CMC::computeControls, t = 0.1635
[2023-08-15 22:00:05.352] [warning] Coordinate.setValue:  coordinate subtalar_angle_r is locked. Unable to change its value.
[2023-08-15 22:00:05.352] [warning] Coordinate.setValue:  coordinate mtp_angle_r is locked. Unable to change its value.
[2023-08-15 22:00:05.352] [warning] Coordinate.setValue:  coordinate subtalar_angle_l is locked. Unable to change its value.
[2023-08-15 22:00:05.352] [warning] Coordinate.setValue:  coordinate mtp_angle_l is locked. Unable to change its value.
[2023-08-15 22:00:05.352] [warning] Coordinate.setValue:  coordinate wrist_flex_r is locked. Unable to change its value.
[2023-08-15 22:00:05.352] [warning] Coordinate.setValue:  coordinate wrist_dev_r is locked. Unable to change its value.
[2023-08-15 22:00:05.352] [warning] Coordinate.setValue:  coordinate wrist_flex_l is locked. Unable to change its value.
[2023-08-15 22:00:05.352] [warning] Coordinate.setValue:  coordinate wrist_dev_l is locked. Unable to change its value.
[2023-08-15 22:00:05.373] [info] CMC::computeControls, t = 0.1645
[2023-08-15 22:00:05.391] [info] CMC::computeControls, t = 0.1655
[2023-08-15 22:00:05.409] [info] CMC::computeControls, t = 0.1665
[2023-08-15 22:00:05.426] [info] CMC::computeControls, t = 0.1675
[2023-08-15 22:00:05.443] [info] CMC::computeControls, t = 0.1685
[2023-08-15 22:00:05.459] [info] CMC::computeControls, t = 0.1695
[2023-08-15 22:00:05.476] [info] CMC::computeControls, t = 0.170500
[2023-08-15 22:00:05.493] [info] CMC::computeControls, t = 0.1715
[2023-08-15 22:00:05.513] [info] CMC::computeControls, t = 0.1725
[2023-08-15 22:00:05.530] [info] CMC::computeControls, t = 0.1735
[2023-08-15 22:00:05.547] [info] CMC::computeControls, t = 0.1745
[2023-08-15 22:00:05.564] [info] CMC::computeControls, t = 0.1755
[2023-08-15 22:00:05.581] [info] CMC::computeControls, t = 0.1765
[2023-08-15 22:00:05.598] [info] CMC::computeControls, t = 0.1775
[2023-08-15 22:00:05.615] [info] CMC::computeControls, t = 0.1785
[2023-08-15 22:00:05.632] [info] CMC::computeControls, t = 0.1795
[2023-08-15 22:00:05.649] [info] CMC::computeControls, t = 0.180500
[2023-08-15 22:00:05.665] [info] CMC::computeControls, t = 0.1815
[2023-08-15 22:00:05.682] [info] CMC::computeControls, t = 0.1825
[2023-08-15 22:00:05.699] [info] CMC::computeControls, t = 0.1835
[2023-08-15 22:00:05.716] [info] CMC::computeControls, t = 0.1845
[2023-08-15 22:00:05.733] [info] CMC::computeControls, t = 0.1855
[2023-08-15 22:00:05.749] [info] CMC::computeControls, t = 0.1865
[2023-08-15 22:00:05.766] [info] CMC::computeControls, t = 0.1875
[2023-08-15 22:00:05.783] [info] CMC::computeControls, t = 0.1885
[2023-08-15 22:00:05.800] [info] CMC::computeControls, t = 0.1895
[2023-08-15 22:00:05.817] [info] CMC::computeControls, t = 0.190500
[2023-08-15 22:00:05.834] [info] CMC::computeControls, t = 0.1915
[2023-08-15 22:00:05.850] [info] CMC::computeControls, t = 0.1925
[2023-08-15 22:00:05.867] [info] CMC::computeControls, t = 0.1935
[2023-08-15 22:00:05.883] [info] CMC::computeControls, t = 0.1945
[2023-08-15 22:00:05.900] [info] CMC::computeControls, t = 0.1955
[2023-08-15 22:00:05.916] [info] CMC::computeControls, t = 0.1965
[2023-08-15 22:00:05.933] [info] CMC::computeControls, t = 0.1975
[2023-08-15 22:00:05.949] [info] CMC::computeControls, t = 0.1985
[2023-08-15 22:00:05.965] [info] CMC::computeControls, t = 0.1995
[2023-08-15 22:00:05.982] [info] CMC::computeControls, t = 0.200500
[2023-08-15 22:00:05.998] [info] CMC::computeControls, t = 0.201500
[2023-08-15 22:00:06.015] [info] CMC::computeControls, t = 0.202500
[2023-08-15 22:00:06.032] [info] CMC::computeControls, t = 0.203500
[2023-08-15 22:00:06.048] [info] CMC::computeControls, t = 0.204500
[2023-08-15 22:00:06.064] [info] CMC::computeControls, t = 0.205500
[2023-08-15 22:00:06.080] [info] CMC::computeControls, t = 0.206500
[2023-08-15 22:00:06.096] [info] CMC::computeControls, t = 0.207500
[2023-08-15 22:00:06.112] [info] CMC::computeControls, t = 0.208500
[2023-08-15 22:00:06.128] [info] CMC::computeControls, t = 0.209500
[2023-08-15 22:00:06.144] [info] CMC::computeControls, t = 0.210500
[2023-08-15 22:00:06.160] [info] CMC::computeControls, t = 0.2115
[2023-08-15 22:00:06.176] [info] CMC::computeControls, t = 0.2125
[2023-08-15 22:00:06.191] [info] CMC::computeControls, t = 0.2135
[2023-08-15 22:00:06.207] [info] CMC::computeControls, t = 0.2145
[2023-08-15 22:00:06.223] [info] CMC::computeControls, t = 0.2155
[2023-08-15 22:00:06.239] [info] CMC::computeControls, t = 0.2165
[2023-08-15 22:00:06.255] [info] CMC::computeControls, t = 0.2175
[2023-08-15 22:00:06.271] [info] CMC::computeControls, t = 0.2185
[2023-08-15 22:00:06.286] [info] CMC::computeControls, t = 0.2195
[2023-08-15 22:00:06.302] [info] CMC::computeControls, t = 0.220500
[2023-08-15 22:00:06.318] [info] CMC::computeControls, t = 0.2215
[2023-08-15 22:00:06.334] [info] CMC::computeControls, t = 0.2225
[2023-08-15 22:00:06.349] [info] CMC::computeControls, t = 0.2235
[2023-08-15 22:00:06.365] [info] CMC::computeControls, t = 0.2245
[2023-08-15 22:00:06.382] [info] CMC::computeControls, t = 0.2255
[2023-08-15 22:00:06.398] [info] CMC::computeControls, t = 0.2265
[2023-08-15 22:00:06.414] [info] CMC::computeControls, t = 0.2275
[2023-08-15 22:00:06.429] [info] CMC::computeControls, t = 0.2285
[2023-08-15 22:00:06.452] [info] CMC::computeControls, t = 0.2295
[2023-08-15 22:00:06.467] [info] CMC::computeControls, t = 0.230500
[2023-08-15 22:00:06.483] [info] CMC::computeControls, t = 0.2315
[2023-08-15 22:00:06.500] [info] CMC::computeControls, t = 0.2325
[2023-08-15 22:00:06.517] [info] CMC::computeControls, t = 0.2335
[2023-08-15 22:00:06.533] [info] CMC::computeControls, t = 0.2345
[2023-08-15 22:00:06.549] [info] CMC::computeControls, t = 0.2355
[2023-08-15 22:00:06.565] [info] CMC::computeControls, t = 0.2365
[2023-08-15 22:00:06.582] [info] CMC::computeControls, t = 0.2375
[2023-08-15 22:00:06.598] [info] CMC::computeControls, t = 0.2385
[2023-08-15 22:00:06.614] [info] CMC::computeControls, t = 0.2395
[2023-08-15 22:00:06.631] [info] CMC::computeControls, t = 0.240500
[2023-08-15 22:00:06.648] [info] CMC::computeControls, t = 0.2415
[2023-08-15 22:00:06.664] [info] CMC::computeControls, t = 0.2425
[2023-08-15 22:00:06.680] [info] CMC::computeControls, t = 0.2435
[2023-08-15 22:00:06.696] [info] CMC::computeControls, t = 0.2445
[2023-08-15 22:00:06.712] [info] CMC::computeControls, t = 0.2455
[2023-08-15 22:00:06.728] [info] CMC::computeControls, t = 0.2465
[2023-08-15 22:00:06.744] [info] CMC::computeControls, t = 0.2475
[2023-08-15 22:00:06.760] [info] CMC::computeControls, t = 0.2485
[2023-08-15 22:00:06.776] [info] CMC::computeControls, t = 0.2495
[2023-08-15 22:00:06.792] [info] CMC::computeControls, t = 0.250500
[2023-08-15 22:00:06.807] [info] CMC::computeControls, t = 0.2515
[2023-08-15 22:00:06.823] [info] CMC::computeControls, t = 0.2525
[2023-08-15 22:00:06.839] [info] CMC::computeControls, t = 0.2535
[2023-08-15 22:00:06.868] [info] CMC::computeControls, t = 0.2545
[2023-08-15 22:00:06.885] [info] CMC::computeControls, t = 0.2555
[2023-08-15 22:00:06.901] [info] CMC::computeControls, t = 0.2565
[2023-08-15 22:00:06.917] [info] CMC::computeControls, t = 0.2575
[2023-08-15 22:00:06.933] [info] CMC::computeControls, t = 0.2585
[2023-08-15 22:00:06.949] [info] CMC::computeControls, t = 0.2595
[2023-08-15 22:00:06.968] [info] CMC::computeControls, t = 0.260500
[2023-08-15 22:00:06.984] [info] CMC::computeControls, t = 0.2615
[2023-08-15 22:00:07.000] [info] CMC::computeControls, t = 0.2625
[2023-08-15 22:00:07.016] [info] CMC::computeControls, t = 0.2635
[2023-08-15 22:00:07.032] [info] CMC::computeControls, t = 0.2645
[2023-08-15 22:00:07.048] [info] CMC::computeControls, t = 0.2655
[2023-08-15 22:00:07.064] [info] CMC::computeControls, t = 0.2665
[2023-08-15 22:00:07.080] [info] CMC::computeControls, t = 0.2675
[2023-08-15 22:00:07.096] [info] CMC::computeControls, t = 0.2685
[2023-08-15 22:00:07.112] [info] CMC::computeControls, t = 0.2695
[2023-08-15 22:00:07.128] [info] CMC::computeControls, t = 0.270500
[2023-08-15 22:00:07.144] [info] CMC::computeControls, t = 0.2715
[2023-08-15 22:00:07.160] [info] CMC::computeControls, t = 0.2725
[2023-08-15 22:00:07.176] [info] CMC::computeControls, t = 0.2735
[2023-08-15 22:00:07.192] [info] CMC::computeControls, t = 0.2745
[2023-08-15 22:00:07.208] [info] CMC::computeControls, t = 0.2755
[2023-08-15 22:00:07.224] [info] CMC::computeControls, t = 0.2765
[2023-08-15 22:00:07.241] [info] CMC::computeControls, t = 0.2775
[2023-08-15 22:00:07.257] [info] CMC::computeControls, t = 0.2785
[2023-08-15 22:00:07.273] [info] CMC::computeControls, t = 0.2795
[2023-08-15 22:00:07.289] [info] CMC::computeControls, t = 0.280500
[2023-08-15 22:00:07.305] [info] CMC::computeControls, t = 0.2815
[2023-08-15 22:00:07.321] [info] CMC::computeControls, t = 0.2825
[2023-08-15 22:00:07.337] [info] CMC::computeControls, t = 0.2835
[2023-08-15 22:00:07.353] [info] CMC::computeControls, t = 0.2845
[2023-08-15 22:00:07.368] [info] CMC::computeControls, t = 0.2855
[2023-08-15 22:00:07.384] [info] CMC::computeControls, t = 0.2865
[2023-08-15 22:00:07.401] [info] CMC::computeControls, t = 0.2875
[2023-08-15 22:00:07.417] [info] CMC::computeControls, t = 0.2885
[2023-08-15 22:00:07.433] [info] CMC::computeControls, t = 0.2895
[2023-08-15 22:00:07.452] [info] CMC::computeControls, t = 0.290500
[2023-08-15 22:00:07.468] [info] CMC::computeControls, t = 0.2915
[2023-08-15 22:00:07.485] [info] CMC::computeControls, t = 0.2925
[2023-08-15 22:00:07.501] [info] CMC::computeControls, t = 0.2935
[2023-08-15 22:00:07.518] [info] CMC::computeControls, t = 0.2945
[2023-08-15 22:00:07.534] [info] CMC::computeControls, t = 0.2955
[2023-08-15 22:00:07.550] [info] CMC::computeControls, t = 0.2965
[2023-08-15 22:00:07.565] [info] CMC::computeControls, t = 0.2975
[2023-08-15 22:00:07.581] [info] CMC::computeControls, t = 0.2985
[2023-08-15 22:00:07.598] [info] CMC::computeControls, t = 0.2995
[2023-08-15 22:00:07.616] [info] CMC::computeControls, t = 0.300500
[2023-08-15 22:00:07.632] [info] CMC::computeControls, t = 0.301500
[2023-08-15 22:00:07.648] [info] CMC::computeControls, t = 0.302500
[2023-08-15 22:00:07.664] [info] CMC::computeControls, t = 0.303500
[2023-08-15 22:00:07.680] [info] CMC::computeControls, t = 0.304500
[2023-08-15 22:00:07.695] [info] CMC::computeControls, t = 0.305500
[2023-08-15 22:00:07.711] [info] CMC::computeControls, t = 0.306500
[2023-08-15 22:00:07.727] [info] CMC::computeControls, t = 0.307500
[2023-08-15 22:00:07.743] [info] CMC::computeControls, t = 0.308500
[2023-08-15 22:00:07.759] [info] CMC::computeControls, t = 0.309500
[2023-08-15 22:00:07.775] [info] CMC::computeControls, t = 0.310500
[2023-08-15 22:00:07.791] [info] CMC::computeControls, t = 0.3115
[2023-08-15 22:00:07.807] [info] CMC::computeControls, t = 0.3125
[2023-08-15 22:00:07.823] [info] CMC::computeControls, t = 0.3135
[2023-08-15 22:00:07.840] [info] CMC::computeControls, t = 0.3145
[2023-08-15 22:00:07.856] [info] CMC::computeControls, t = 0.3155
[2023-08-15 22:00:07.872] [info] CMC::computeControls, t = 0.3165
[2023-08-15 22:00:07.889] [info] CMC::computeControls, t = 0.3175
[2023-08-15 22:00:07.905] [info] CMC::computeControls, t = 0.3185
[2023-08-15 22:00:07.922] [info] CMC::computeControls, t = 0.3195
[2023-08-15 22:00:07.938] [info] CMC::computeControls, t = 0.320500
[2023-08-15 22:00:07.956] [info] CMC::computeControls, t = 0.3215
[2023-08-15 22:00:07.975] [info] CMC::computeControls, t = 0.3225
[2023-08-15 22:00:07.992] [info] CMC::computeControls, t = 0.3235
[2023-08-15 22:00:08.008] [info] CMC::computeControls, t = 0.3245
[2023-08-15 22:00:08.029] [info] CMC::computeControls, t = 0.3255
[2023-08-15 22:00:08.045] [info] CMC::computeControls, t = 0.3265
[2023-08-15 22:00:08.065] [info] CMC::computeControls, t = 0.3275
[2023-08-15 22:00:08.081] [info] CMC::computeControls, t = 0.3285
[2023-08-15 22:00:08.098] [info] CMC::computeControls, t = 0.3295
[2023-08-15 22:00:08.119] [info] CMC::computeControls, t = 0.330500
[2023-08-15 22:00:08.138] [info] CMC::computeControls, t = 0.3315
[2023-08-15 22:00:08.154] [info] CMC::computeControls, t = 0.3325
[2023-08-15 22:00:08.171] [info] CMC::computeControls, t = 0.3335
[2023-08-15 22:00:08.188] [info] CMC::computeControls, t = 0.3345
[2023-08-15 22:00:08.204] [info] CMC::computeControls, t = 0.3355
[2023-08-15 22:00:08.221] [info] CMC::computeControls, t = 0.3365
[2023-08-15 22:00:08.237] [info] CMC::computeControls, t = 0.3375
[2023-08-15 22:00:08.254] [info] CMC::computeControls, t = 0.3385
[2023-08-15 22:00:08.270] [info] CMC::computeControls, t = 0.3395
[2023-08-15 22:00:08.286] [info] CMC::computeControls, t = 0.340500
[2023-08-15 22:00:08.303] [info] CMC::computeControls, t = 0.3415
[2023-08-15 22:00:08.320] [info] CMC::computeControls, t = 0.3425
[2023-08-15 22:00:08.337] [info] CMC::computeControls, t = 0.3435
[2023-08-15 22:00:08.354] [info] CMC::computeControls, t = 0.3445
[2023-08-15 22:00:08.371] [info] CMC::computeControls, t = 0.3455
[2023-08-15 22:00:08.388] [info] CMC::computeControls, t = 0.3465
[2023-08-15 22:00:08.405] [info] CMC::computeControls, t = 0.3475
[2023-08-15 22:00:08.422] [info] CMC::computeControls, t = 0.3485
[2023-08-15 22:00:08.438] [info] CMC::computeControls, t = 0.3495
[2023-08-15 22:00:08.456] [info] CMC::computeControls, t = 0.350500
[2023-08-15 22:00:08.473] [info] CMC::computeControls, t = 0.3515
[2023-08-15 22:00:08.489] [info] CMC::computeControls, t = 0.3525
[2023-08-15 22:00:08.521] [info] CMC::computeControls, t = 0.3535
[2023-08-15 22:00:08.538] [info] CMC::computeControls, t = 0.3545
[2023-08-15 22:00:08.555] [info] CMC::computeControls, t = 0.3555
[2023-08-15 22:00:08.571] [info] CMC::computeControls, t = 0.3565
[2023-08-15 22:00:08.588] [info] CMC::computeControls, t = 0.3575
[2023-08-15 22:00:08.604] [info] CMC::computeControls, t = 0.3585
[2023-08-15 22:00:08.621] [info] CMC::computeControls, t = 0.3595
[2023-08-15 22:00:08.638] [info] CMC::computeControls, t = 0.360500
[2023-08-15 22:00:08.655] [info] CMC::computeControls, t = 0.3615
[2023-08-15 22:00:08.671] [info] CMC::computeControls, t = 0.3625
[2023-08-15 22:00:08.688] [info] CMC::computeControls, t = 0.3635
[2023-08-15 22:00:08.704] [info] CMC::computeControls, t = 0.3645
[2023-08-15 22:00:08.721] [info] CMC::computeControls, t = 0.3655
[2023-08-15 22:00:08.738] [info] CMC::computeControls, t = 0.3665
[2023-08-15 22:00:08.754] [info] CMC::computeControls, t = 0.3675
[2023-08-15 22:00:08.771] [info] CMC::computeControls, t = 0.3685
[2023-08-15 22:00:08.788] [info] CMC::computeControls, t = 0.3695
[2023-08-15 22:00:08.804] [info] CMC::computeControls, t = 0.370500
[2023-08-15 22:00:08.821] [info] CMC::computeControls, t = 0.3715
[2023-08-15 22:00:08.838] [info] CMC::computeControls, t = 0.3725
[2023-08-15 22:00:08.854] [info] CMC::computeControls, t = 0.3735
[2023-08-15 22:00:08.871] [info] CMC::computeControls, t = 0.3745
[2023-08-15 22:00:08.887] [info] CMC::computeControls, t = 0.3755
[2023-08-15 22:00:08.903] [info] CMC::computeControls, t = 0.3765
[2023-08-15 22:00:08.919] [info] CMC::computeControls, t = 0.3775
[2023-08-15 22:00:08.935] [info] CMC::computeControls, t = 0.3785
[2023-08-15 22:00:08.952] [info] CMC::computeControls, t = 0.3795
[2023-08-15 22:00:08.975] [info] CMC::computeControls, t = 0.380500
[2023-08-15 22:00:08.991] [info] CMC::computeControls, t = 0.3815
[2023-08-15 22:00:09.008] [info] CMC::computeControls, t = 0.3825
[2023-08-15 22:00:09.028] [info] CMC::computeControls, t = 0.3835
[2023-08-15 22:00:09.045] [info] CMC::computeControls, t = 0.3845
[2023-08-15 22:00:09.061] [info] CMC::computeControls, t = 0.3855
[2023-08-15 22:00:09.078] [info] CMC::computeControls, t = 0.3865
[2023-08-15 22:00:09.094] [info] CMC::computeControls, t = 0.3875
[2023-08-15 22:00:09.110] [info] CMC::computeControls, t = 0.3885
[2023-08-15 22:00:09.127] [info] CMC::computeControls, t = 0.3895
[2023-08-15 22:00:09.144] [info] CMC::computeControls, t = 0.390500
[2023-08-15 22:00:09.160] [info] CMC::computeControls, t = 0.3915
[2023-08-15 22:00:09.176] [info] CMC::computeControls, t = 0.3925
[2023-08-15 22:00:09.192] [info] CMC::computeControls, t = 0.3935
[2023-08-15 22:00:09.208] [info] CMC::computeControls, t = 0.3945
[2023-08-15 22:00:09.225] [info] CMC::computeControls, t = 0.3955
[2023-08-15 22:00:09.241] [info] CMC::computeControls, t = 0.3965
[2023-08-15 22:00:09.257] [info] CMC::computeControls, t = 0.3975
[2023-08-15 22:00:09.273] [info] CMC::computeControls, t = 0.3985
[2023-08-15 22:00:09.289] [info] CMC::computeControls, t = 0.3995
[2023-08-15 22:00:09.305] [info] CMC::computeControls, t = 0.400500
[2023-08-15 22:00:09.327] [info] CMC::computeControls, t = 0.401500
[2023-08-15 22:00:09.344] [info] CMC::computeControls, t = 0.402500
[2023-08-15 22:00:09.360] [info] CMC::computeControls, t = 0.403500
[2023-08-15 22:00:09.376] [info] CMC::computeControls, t = 0.404500
[2023-08-15 22:00:09.392] [info] CMC::computeControls, t = 0.405500
[2023-08-15 22:00:09.408] [info] CMC::computeControls, t = 0.406500
[2023-08-15 22:00:09.425] [info] CMC::computeControls, t = 0.407500
[2023-08-15 22:00:09.444] [info] CMC::computeControls, t = 0.408500
[2023-08-15 22:00:09.464] [info] CMC::computeControls, t = 0.409500
[2023-08-15 22:00:09.484] [info] CMC::computeControls, t = 0.410500
[2023-08-15 22:00:09.504] [info] CMC::computeControls, t = 0.4115
[2023-08-15 22:00:09.523] [info] CMC::computeControls, t = 0.4125
[2023-08-15 22:00:09.544] [info] CMC::computeControls, t = 0.4135
[2023-08-15 22:00:09.564] [info] CMC::computeControls, t = 0.4145
[2023-08-15 22:00:09.583] [info] CMC::computeControls, t = 0.4155
[2023-08-15 22:00:09.608] [info] CMC::computeControls, t = 0.4165
[2023-08-15 22:00:09.629] [info] CMC::computeControls, t = 0.4175
[2023-08-15 22:00:09.654] [info] CMC::computeControls, t = 0.4185
[2023-08-15 22:00:09.681] [info] CMC::computeControls, t = 0.4195
[2023-08-15 22:00:09.703] [info] CMC::computeControls, t = 0.420500
[2023-08-15 22:00:09.724] [info] CMC::computeControls, t = 0.4215
[2023-08-15 22:00:09.744] [info] CMC::computeControls, t = 0.4225
[2023-08-15 22:00:09.763] [info] CMC::computeControls, t = 0.4235
[2023-08-15 22:00:09.782] [info] CMC::computeControls, t = 0.4245
[2023-08-15 22:00:09.801] [info] CMC::computeControls, t = 0.4255
[2023-08-15 22:00:09.821] [info] CMC::computeControls, t = 0.4265
[2023-08-15 22:00:09.840] [info] CMC::computeControls, t = 0.4275
[2023-08-15 22:00:09.859] [info] CMC::computeControls, t = 0.4285
[2023-08-15 22:00:09.878] [info] CMC::computeControls, t = 0.4295
[2023-08-15 22:00:09.898] [info] CMC::computeControls, t = 0.430500
[2023-08-15 22:00:09.917] [info] CMC::computeControls, t = 0.4315
[2023-08-15 22:00:09.936] [info] CMC::computeControls, t = 0.4325
[2023-08-15 22:00:09.955] [info] CMC::computeControls, t = 0.4335
[2023-08-15 22:00:09.974] [info] CMC::computeControls, t = 0.4345
[2023-08-15 22:00:09.995] [info] CMC::computeControls, t = 0.4355
[2023-08-15 22:00:10.015] [info] CMC::computeControls, t = 0.4365
[2023-08-15 22:00:10.034] [info] CMC::computeControls, t = 0.4375
[2023-08-15 22:00:10.052] [info] CMC::computeControls, t = 0.4385
[2023-08-15 22:00:10.071] [info] CMC::computeControls, t = 0.4395
[2023-08-15 22:00:10.090] [info] CMC::computeControls, t = 0.440500
[2023-08-15 22:00:10.108] [info] CMC::computeControls, t = 0.4415
[2023-08-15 22:00:10.126] [info] CMC::computeControls, t = 0.4425
[2023-08-15 22:00:10.143] [info] CMC::computeControls, t = 0.4435
[2023-08-15 22:00:10.161] [info] CMC::computeControls, t = 0.4445
[2023-08-15 22:00:10.179] [info] CMC::computeControls, t = 0.4455
[2023-08-15 22:00:10.197] [info] CMC::computeControls, t = 0.4465
[2023-08-15 22:00:10.214] [info] CMC::computeControls, t = 0.4475
[2023-08-15 22:00:10.232] [info] CMC::computeControls, t = 0.4485
[2023-08-15 22:00:10.249] [info] CMC::computeControls, t = 0.4495
[2023-08-15 22:00:10.267] [info] CMC::computeControls, t = 0.450500
[2023-08-15 22:00:10.284] [info] CMC::computeControls, t = 0.4515
[2023-08-15 22:00:10.304] [info] CMC::computeControls, t = 0.4525
[2023-08-15 22:00:10.321] [info] CMC::computeControls, t = 0.4535
[2023-08-15 22:00:10.338] [info] CMC::computeControls, t = 0.4545
[2023-08-15 22:00:10.356] [info] CMC::computeControls, t = 0.4555
[2023-08-15 22:00:10.373] [info] CMC::computeControls, t = 0.4565
[2023-08-15 22:00:10.391] [info] CMC::computeControls, t = 0.4575
[2023-08-15 22:00:10.408] [info] CMC::computeControls, t = 0.4585
[2023-08-15 22:00:10.426] [info] CMC::computeControls, t = 0.4595
[2023-08-15 22:00:10.448] [info] CMC::computeControls, t = 0.460500
[2023-08-15 22:00:10.465] [info] CMC::computeControls, t = 0.4615
[2023-08-15 22:00:10.483] [info] CMC::computeControls, t = 0.4625
[2023-08-15 22:00:10.503] [info] CMC::computeControls, t = 0.4635
[2023-08-15 22:00:10.522] [info] CMC::computeControls, t = 0.4645
[2023-08-15 22:00:10.540] [info] CMC::computeControls, t = 0.4655
[2023-08-15 22:00:10.557] [info] CMC::computeControls, t = 0.4665
[2023-08-15 22:00:10.574] [info] CMC::computeControls, t = 0.4675
[2023-08-15 22:00:10.592] [info] CMC::computeControls, t = 0.4685
[2023-08-15 22:00:10.610] [info] CMC::computeControls, t = 0.4695
[2023-08-15 22:00:10.627] [info] CMC::computeControls, t = 0.470500
[2023-08-15 22:00:10.645] [info] CMC::computeControls, t = 0.4715
[2023-08-15 22:00:10.664] [info] CMC::computeControls, t = 0.4725
[2023-08-15 22:00:10.681] [info] CMC::computeControls, t = 0.4735
[2023-08-15 22:00:10.698] [info] CMC::computeControls, t = 0.4745
[2023-08-15 22:00:10.716] [info] CMC::computeControls, t = 0.4755
[2023-08-15 22:00:10.733] [info] CMC::computeControls, t = 0.4765
[2023-08-15 22:00:10.751] [info] CMC::computeControls, t = 0.4775
[2023-08-15 22:00:10.768] [info] CMC::computeControls, t = 0.4785
[2023-08-15 22:00:10.786] [info] CMC::computeControls, t = 0.4795
[2023-08-15 22:00:10.803] [info] CMC::computeControls, t = 0.480500
[2023-08-15 22:00:10.821] [info] CMC::computeControls, t = 0.4815
[2023-08-15 22:00:10.839] [info] CMC::computeControls, t = 0.4825
[2023-08-15 22:00:10.856] [info] CMC::computeControls, t = 0.4835
[2023-08-15 22:00:10.873] [info] CMC::computeControls, t = 0.4845
[2023-08-15 22:00:10.893] [info] CMC::computeControls, t = 0.4855
[2023-08-15 22:00:10.912] [info] CMC::computeControls, t = 0.4865
[2023-08-15 22:00:10.932] [info] CMC::computeControls, t = 0.4875
[2023-08-15 22:00:10.954] [info] CMC::computeControls, t = 0.4885
[2023-08-15 22:00:10.973] [info] CMC::computeControls, t = 0.4895
[2023-08-15 22:00:10.992] [info] CMC::computeControls, t = 0.490500
[2023-08-15 22:00:11.011] [info] CMC::computeControls, t = 0.4915
[2023-08-15 22:00:11.030] [info] CMC::computeControls, t = 0.4925
[2023-08-15 22:00:11.047] [info] CMC::computeControls, t = 0.4935
[2023-08-15 22:00:11.065] [info] CMC::computeControls, t = 0.4945
[2023-08-15 22:00:11.083] [info] CMC::computeControls, t = 0.4955
[2023-08-15 22:00:11.100] [info] CMC::computeControls, t = 0.4965
[2023-08-15 22:00:11.117] [info] CMC::computeControls, t = 0.4975
[2023-08-15 22:00:11.135] [info] CMC::computeControls, t = 0.4985
[2023-08-15 22:00:11.154] [info] CMC::computeControls, t = 0.4995
[2023-08-15 22:00:11.173] [info] CMC::computeControls, t = 0.500500
[2023-08-15 22:00:11.192] [info] CMC::computeControls, t = 0.501500
[2023-08-15 22:00:11.211] [info] CMC::computeControls, t = 0.502500
[2023-08-15 22:00:11.230] [info] CMC::computeControls, t = 0.503500
[2023-08-15 22:00:11.248] [info] CMC::computeControls, t = 0.504500
[2023-08-15 22:00:11.267] [info] CMC::computeControls, t = 0.505500
[2023-08-15 22:00:11.285] [info] CMC::computeControls, t = 0.506500
[2023-08-15 22:00:11.304] [info] CMC::computeControls, t = 0.507500
[2023-08-15 22:00:11.323] [info] CMC::computeControls, t = 0.508500
[2023-08-15 22:00:11.341] [info] CMC::computeControls, t = 0.509500
[2023-08-15 22:00:11.360] [info] CMC::computeControls, t = 0.510500
[2023-08-15 22:00:11.378] [info] CMC::computeControls, t = 0.5115
[2023-08-15 22:00:11.397] [info] CMC::computeControls, t = 0.5125
[2023-08-15 22:00:11.416] [info] CMC::computeControls, t = 0.5135
[2023-08-15 22:00:11.435] [info] CMC::computeControls, t = 0.5145
[2023-08-15 22:00:11.454] [info] CMC::computeControls, t = 0.5155
[2023-08-15 22:00:11.472] [info] CMC::computeControls, t = 0.5165
[2023-08-15 22:00:11.491] [info] CMC::computeControls, t = 0.5175
[2023-08-15 22:00:11.510] [info] CMC::computeControls, t = 0.5185
[2023-08-15 22:00:11.531] [info] CMC::computeControls, t = 0.5195
[2023-08-15 22:00:11.549] [info] CMC::computeControls, t = 0.520500
[2023-08-15 22:00:11.568] [info] CMC::computeControls, t = 0.5215
[2023-08-15 22:00:11.586] [info] CMC::computeControls, t = 0.5225
[2023-08-15 22:00:11.609] [info] CMC::computeControls, t = 0.5235
[2023-08-15 22:00:11.627] [info] CMC::computeControls, t = 0.5245
[2023-08-15 22:00:11.645] [info] CMC::computeControls, t = 0.5255
[2023-08-15 22:00:11.663] [info] CMC::computeControls, t = 0.5265
[2023-08-15 22:00:11.681] [info] CMC::computeControls, t = 0.5275
[2023-08-15 22:00:11.699] [info] CMC::computeControls, t = 0.5285
[2023-08-15 22:00:11.717] [info] CMC::computeControls, t = 0.5295
[2023-08-15 22:00:11.736] [info] CMC::computeControls, t = 0.530500
[2023-08-15 22:00:11.754] [info] CMC::computeControls, t = 0.5315
[2023-08-15 22:00:11.772] [info] CMC::computeControls, t = 0.5325
[2023-08-15 22:00:11.790] [info] CMC::computeControls, t = 0.5335
[2023-08-15 22:00:11.808] [info] CMC::computeControls, t = 0.5345
[2023-08-15 22:00:11.826] [info] CMC::computeControls, t = 0.5355
[2023-08-15 22:00:11.844] [info] CMC::computeControls, t = 0.5365
[2023-08-15 22:00:11.862] [info] CMC::computeControls, t = 0.5375
[2023-08-15 22:00:11.881] [info] CMC::computeControls, t = 0.5385
[2023-08-15 22:00:11.899] [info] CMC::computeControls, t = 0.5395
[2023-08-15 22:00:11.918] [info] CMC::computeControls, t = 0.540500
[2023-08-15 22:00:11.937] [info] CMC::computeControls, t = 0.5415
[2023-08-15 22:00:11.955] [info] CMC::computeControls, t = 0.5425
[2023-08-15 22:00:11.974] [info] CMC::computeControls, t = 0.5435
[2023-08-15 22:00:11.992] [info] CMC::computeControls, t = 0.5445
[2023-08-15 22:00:12.010] [info] CMC::computeControls, t = 0.5455
[2023-08-15 22:00:12.028] [info] CMC::computeControls, t = 0.5465
[2023-08-15 22:00:12.046] [info] CMC::computeControls, t = 0.5475
[2023-08-15 22:00:12.064] [info] CMC::computeControls, t = 0.5485
[2023-08-15 22:00:12.085] [info] CMC::computeControls, t = 0.5495
[2023-08-15 22:00:12.102] [info] CMC::computeControls, t = 0.550500
[2023-08-15 22:00:12.119] [info] CMC::computeControls, t = 0.5515
[2023-08-15 22:00:12.141] [info] CMC::computeControls, t = 0.5525
[2023-08-15 22:00:12.159] [info] CMC::computeControls, t = 0.5535
[2023-08-15 22:00:12.177] [info] CMC::computeControls, t = 0.5545
[2023-08-15 22:00:12.194] [info] CMC::computeControls, t = 0.5555
[2023-08-15 22:00:12.211] [info] CMC::computeControls, t = 0.5565
[2023-08-15 22:00:12.228] [info] CMC::computeControls, t = 0.5575
[2023-08-15 22:00:12.246] [info] CMC::computeControls, t = 0.5585
[2023-08-15 22:00:12.263] [info] CMC::computeControls, t = 0.5595
[2023-08-15 22:00:12.279] [info] CMC::computeControls, t = 0.560500
[2023-08-15 22:00:12.296] [info] CMC::computeControls, t = 0.5615
[2023-08-15 22:00:12.312] [info] CMC::computeControls, t = 0.5625
[2023-08-15 22:00:12.329] [info] CMC::computeControls, t = 0.5635
[2023-08-15 22:00:12.346] [info] CMC::computeControls, t = 0.5645
[2023-08-15 22:00:12.362] [info] CMC::computeControls, t = 0.5655
[2023-08-15 22:00:12.378] [info] CMC::computeControls, t = 0.5665
[2023-08-15 22:00:12.395] [info] CMC::computeControls, t = 0.5675
[2023-08-15 22:00:12.412] [info] CMC::computeControls, t = 0.5685
[2023-08-15 22:00:12.428] [info] CMC::computeControls, t = 0.5695
[2023-08-15 22:00:12.445] [info] CMC::computeControls, t = 0.570500
[2023-08-15 22:00:12.467] [info] CMC::computeControls, t = 0.5715
[2023-08-15 22:00:12.484] [info] CMC::computeControls, t = 0.5725
[2023-08-15 22:00:12.500] [info] CMC::computeControls, t = 0.5735
[2023-08-15 22:00:12.517] [info] CMC::computeControls, t = 0.5745
[2023-08-15 22:00:12.533] [info] CMC::computeControls, t = 0.5755
[2023-08-15 22:00:12.550] [info] CMC::computeControls, t = 0.5765
[2023-08-15 22:00:12.566] [info] CMC::computeControls, t = 0.5775
[2023-08-15 22:00:12.583] [info] CMC::computeControls, t = 0.5785
[2023-08-15 22:00:12.600] [info] CMC::computeControls, t = 0.5795
[2023-08-15 22:00:12.616] [info] CMC::computeControls, t = 0.580500
[2023-08-15 22:00:12.633] [info] CMC::computeControls, t = 0.5815
[2023-08-15 22:00:12.649] [info] CMC::computeControls, t = 0.5825
[2023-08-15 22:00:12.666] [info] CMC::computeControls, t = 0.5835
[2023-08-15 22:00:12.682] [info] CMC::computeControls, t = 0.5845
[2023-08-15 22:00:12.699] [info] CMC::computeControls, t = 0.5855
[2023-08-15 22:00:12.715] [info] CMC::computeControls, t = 0.5865
[2023-08-15 22:00:12.732] [info] CMC::computeControls, t = 0.5875
[2023-08-15 22:00:12.748] [info] CMC::computeControls, t = 0.5885
[2023-08-15 22:00:12.765] [info] CMC::computeControls, t = 0.5895
[2023-08-15 22:00:12.783] [info] CMC::computeControls, t = 0.590500
[2023-08-15 22:00:12.799] [info] CMC::computeControls, t = 0.5915
[2023-08-15 22:00:12.816] [info] CMC::computeControls, t = 0.5925
[2023-08-15 22:00:12.832] [info] CMC::computeControls, t = 0.5935
[2023-08-15 22:00:12.848] [info] CMC::computeControls, t = 0.5945
[2023-08-15 22:00:12.865] [info] CMC::computeControls, t = 0.5955
[2023-08-15 22:00:12.881] [info] CMC::computeControls, t = 0.5965
[2023-08-15 22:00:12.898] [info] CMC::computeControls, t = 0.5975
[2023-08-15 22:00:12.914] [info] CMC::computeControls, t = 0.5985
[2023-08-15 22:00:12.930] [info] CMC::computeControls, t = 0.5995
[2023-08-15 22:00:12.947] [info] CMC::computeControls, t = 0.600500
[2023-08-15 22:00:12.963] [info] CMC::computeControls, t = 0.601500
[2023-08-15 22:00:12.986] [info] CMC::computeControls, t = 0.602500
[2023-08-15 22:00:13.002] [info] CMC::computeControls, t = 0.603500
[2023-08-15 22:00:13.019] [info] CMC::computeControls, t = 0.604500
[2023-08-15 22:00:13.036] [info] CMC::computeControls, t = 0.605500
[2023-08-15 22:00:13.053] [info] CMC::computeControls, t = 0.606500
[2023-08-15 22:00:13.069] [info] CMC::computeControls, t = 0.607500
[2023-08-15 22:00:13.086] [info] CMC::computeControls, t = 0.608500
[2023-08-15 22:00:13.103] [info] CMC::computeControls, t = 0.609500
[2023-08-15 22:00:13.120] [info] CMC::computeControls, t = 0.610500
[2023-08-15 22:00:13.137] [info] CMC::computeControls, t = 0.6115
[2023-08-15 22:00:13.154] [info] CMC::computeControls, t = 0.6125
[2023-08-15 22:00:13.171] [info] CMC::computeControls, t = 0.6135
[2023-08-15 22:00:13.188] [info] CMC::computeControls, t = 0.6145
[2023-08-15 22:00:13.204] [info] CMC::computeControls, t = 0.6155
[2023-08-15 22:00:13.221] [info] CMC::computeControls, t = 0.6165
[2023-08-15 22:00:13.238] [info] CMC::computeControls, t = 0.6175
[2023-08-15 22:00:13.255] [info] CMC::computeControls, t = 0.6185
[2023-08-15 22:00:13.272] [info] CMC::computeControls, t = 0.6195
[2023-08-15 22:00:13.289] [info] CMC::computeControls, t = 0.620500
[2023-08-15 22:00:13.306] [info] CMC::computeControls, t = 0.6215
[2023-08-15 22:00:13.323] [info] CMC::computeControls, t = 0.6225
[2023-08-15 22:00:13.340] [info] CMC::computeControls, t = 0.6235
[2023-08-15 22:00:13.357] [info] CMC::computeControls, t = 0.6245
[2023-08-15 22:00:13.374] [info] CMC::computeControls, t = 0.6255
[2023-08-15 22:00:13.391] [info] CMC::computeControls, t = 0.6265
[2023-08-15 22:00:13.408] [info] CMC::computeControls, t = 0.6275
[2023-08-15 22:00:13.425] [info] CMC::computeControls, t = 0.6285
[2023-08-15 22:00:13.443] [info] CMC::computeControls, t = 0.6295
[2023-08-15 22:00:13.460] [info] CMC::computeControls, t = 0.630500
[2023-08-15 22:00:13.476] [info] CMC::computeControls, t = 0.6315
[2023-08-15 22:00:13.493] [info] CMC::computeControls, t = 0.6325
[2023-08-15 22:00:13.510] [info] CMC::computeControls, t = 0.6335
[2023-08-15 22:00:13.527] [info] CMC::computeControls, t = 0.6345
[2023-08-15 22:00:13.545] [info] CMC::computeControls, t = 0.6355
[2023-08-15 22:00:13.562] [info] CMC::computeControls, t = 0.6365
[2023-08-15 22:00:13.579] [info] CMC::computeControls, t = 0.6375
[2023-08-15 22:00:13.597] [info] CMC::computeControls, t = 0.6385
[2023-08-15 22:00:13.613] [info] CMC::computeControls, t = 0.6395
[2023-08-15 22:00:13.630] [info] CMC::computeControls, t = 0.640500
[2023-08-15 22:00:13.647] [info] CMC::computeControls, t = 0.6415
[2023-08-15 22:00:13.664] [info] CMC::computeControls, t = 0.6425
[2023-08-15 22:00:13.681] [info] CMC::computeControls, t = 0.6435
[2023-08-15 22:00:13.698] [info] CMC::computeControls, t = 0.6445
[2023-08-15 22:00:13.715] [info] CMC::computeControls, t = 0.6455
[2023-08-15 22:00:13.732] [info] CMC::computeControls, t = 0.6465
[2023-08-15 22:00:13.748] [info] CMC::computeControls, t = 0.6475
[2023-08-15 22:00:13.766] [info] CMC::computeControls, t = 0.6485
[2023-08-15 22:00:13.783] [info] CMC::computeControls, t = 0.6495
[2023-08-15 22:00:13.800] [info] CMC::computeControls, t = 0.650500
[2023-08-15 22:00:13.817] [info] CMC::computeControls, t = 0.6515
[2023-08-15 22:00:13.833] [info] CMC::computeControls, t = 0.6525
[2023-08-15 22:00:13.850] [info] CMC::computeControls, t = 0.6535
[2023-08-15 22:00:13.868] [info] CMC::computeControls, t = 0.6545
[2023-08-15 22:00:13.885] [info] CMC::computeControls, t = 0.6555
[2023-08-15 22:00:13.902] [info] CMC::computeControls, t = 0.6565
[2023-08-15 22:00:13.918] [info] CMC::computeControls, t = 0.6575
[2023-08-15 22:00:13.935] [info] CMC::computeControls, t = 0.6585
[2023-08-15 22:00:13.952] [info] CMC::computeControls, t = 0.6595
[2023-08-15 22:00:13.970] [info] CMC::computeControls, t = 0.660500
[2023-08-15 22:00:13.987] [info] CMC::computeControls, t = 0.6615
[2023-08-15 22:00:14.005] [info] CMC::computeControls, t = 0.6625
[2023-08-15 22:00:14.025] [info] CMC::computeControls, t = 0.6635
[2023-08-15 22:00:14.043] [info] CMC::computeControls, t = 0.6645
[2023-08-15 22:00:14.063] [info] CMC::computeControls, t = 0.6655
[2023-08-15 22:00:14.081] [info] CMC::computeControls, t = 0.6665
[2023-08-15 22:00:14.099] [info] CMC::computeControls, t = 0.6675
[2023-08-15 22:00:14.117] [info] CMC::computeControls, t = 0.6685
[2023-08-15 22:00:14.135] [info] CMC::computeControls, t = 0.6695
[2023-08-15 22:00:14.153] [info] CMC::computeControls, t = 0.670500
[2023-08-15 22:00:14.170] [info] CMC::computeControls, t = 0.6715
[2023-08-15 22:00:14.187] [info] CMC::computeControls, t = 0.6725
[2023-08-15 22:00:14.206] [info] CMC::computeControls, t = 0.6735
[2023-08-15 22:00:14.223] [info] CMC::computeControls, t = 0.6745
[2023-08-15 22:00:14.239] [info] CMC::computeControls, t = 0.6755
[2023-08-15 22:00:14.255] [info] CMC::computeControls, t = 0.6765
[2023-08-15 22:00:14.271] [info] CMC::computeControls, t = 0.6775
[2023-08-15 22:00:14.291] [info] CMC::computeControls, t = 0.6785
[2023-08-15 22:00:14.307] [info] CMC::computeControls, t = 0.6795
[2023-08-15 22:00:14.326] [info] CMC::computeControls, t = 0.680500
[2023-08-15 22:00:14.342] [info] CMC::computeControls, t = 0.6815
[2023-08-15 22:00:14.357] [info] CMC::computeControls, t = 0.6825
[2023-08-15 22:00:14.373] [info] CMC::computeControls, t = 0.6835
[2023-08-15 22:00:14.389] [info] CMC::computeControls, t = 0.6845
[2023-08-15 22:00:14.405] [info] CMC::computeControls, t = 0.6855
[2023-08-15 22:00:14.421] [info] CMC::computeControls, t = 0.6865
[2023-08-15 22:00:14.437] [info] CMC::computeControls, t = 0.6875
[2023-08-15 22:00:14.453] [info] CMC::computeControls, t = 0.6885
[2023-08-15 22:00:14.471] [info] CMC::computeControls, t = 0.6895
[2023-08-15 22:00:14.489] [info] CMC::computeControls, t = 0.690500
[2023-08-15 22:00:14.505] [info] CMC::computeControls, t = 0.6915
[2023-08-15 22:00:14.521] [info] CMC::computeControls, t = 0.6925
[2023-08-15 22:00:14.537] [info] CMC::computeControls, t = 0.6935
[2023-08-15 22:00:14.558] [info] CMC::computeControls, t = 0.6945
[2023-08-15 22:00:14.574] [info] CMC::computeControls, t = 0.6955
[2023-08-15 22:00:14.591] [info] CMC::computeControls, t = 0.6965
[2023-08-15 22:00:14.607] [info] CMC::computeControls, t = 0.6975
[2023-08-15 22:00:14.622] [info] CMC::computeControls, t = 0.6985
[2023-08-15 22:00:14.638] [info] CMC::computeControls, t = 0.6995
[2023-08-15 22:00:14.654] [info] CMC::computeControls, t = 0.700500
[2023-08-15 22:00:14.671] [info] CMC::computeControls, t = 0.701500
[2023-08-15 22:00:14.687] [info] CMC::computeControls, t = 0.702500
[2023-08-15 22:00:14.703] [info] CMC::computeControls, t = 0.703500
[2023-08-15 22:00:14.719] [info] CMC::computeControls, t = 0.704500
[2023-08-15 22:00:14.734] [info] CMC::computeControls, t = 0.705500
[2023-08-15 22:00:14.750] [info] CMC::computeControls, t = 0.706500
[2023-08-15 22:00:14.766] [info] CMC::computeControls, t = 0.707500
[2023-08-15 22:00:14.782] [info] CMC::computeControls, t = 0.708500
[2023-08-15 22:00:14.798] [info] CMC::computeControls, t = 0.709500
[2023-08-15 22:00:14.814] [info] CMC::computeControls, t = 0.710500
[2023-08-15 22:00:14.831] [info] CMC::computeControls, t = 0.7115
[2023-08-15 22:00:14.850] [info] CMC::computeControls, t = 0.7125
[2023-08-15 22:00:14.866] [info] CMC::computeControls, t = 0.7135
[2023-08-15 22:00:14.882] [info] CMC::computeControls, t = 0.7145
[2023-08-15 22:00:14.907] [info] CMC::computeControls, t = 0.7155
[2023-08-15 22:00:14.923] [info] CMC::computeControls, t = 0.7165
[2023-08-15 22:00:14.940] [info] CMC::computeControls, t = 0.7175
[2023-08-15 22:00:14.956] [info] CMC::computeControls, t = 0.7185
[2023-08-15 22:00:14.972] [info] CMC::computeControls, t = 0.7195
[2023-08-15 22:00:14.988] [info] CMC::computeControls, t = 0.720500
[2023-08-15 22:00:15.007] [info] CMC::computeControls, t = 0.7215
[2023-08-15 22:00:15.024] [info] CMC::computeControls, t = 0.7225
[2023-08-15 22:00:15.040] [info] CMC::computeControls, t = 0.7235
[2023-08-15 22:00:15.057] [info] CMC::computeControls, t = 0.7245
[2023-08-15 22:00:15.074] [info] CMC::computeControls, t = 0.7255
[2023-08-15 22:00:15.091] [info] CMC::computeControls, t = 0.7265
[2023-08-15 22:00:15.107] [info] CMC::computeControls, t = 0.7275
[2023-08-15 22:00:15.124] [info] CMC::computeControls, t = 0.7285
[2023-08-15 22:00:15.140] [info] CMC::computeControls, t = 0.7295
[2023-08-15 22:00:15.157] [info] CMC::computeControls, t = 0.730500
[2023-08-15 22:00:15.174] [info] CMC::computeControls, t = 0.7315
[2023-08-15 22:00:15.191] [info] CMC::computeControls, t = 0.7325
[2023-08-15 22:00:15.207] [info] CMC::computeControls, t = 0.7335
[2023-08-15 22:00:15.224] [info] CMC::computeControls, t = 0.7345
[2023-08-15 22:00:15.241] [info] CMC::computeControls, t = 0.7355
[2023-08-15 22:00:15.257] [info] CMC::computeControls, t = 0.7365
[2023-08-15 22:00:15.274] [info] CMC::computeControls, t = 0.7375
[2023-08-15 22:00:15.290] [info] CMC::computeControls, t = 0.7385
[2023-08-15 22:00:15.307] [info] CMC::computeControls, t = 0.7395
[2023-08-15 22:00:15.323] [info] CMC::computeControls, t = 0.740500
[2023-08-15 22:00:15.342] [info] CMC::computeControls, t = 0.7415
[2023-08-15 22:00:15.359] [info] CMC::computeControls, t = 0.7425
[2023-08-15 22:00:15.375] [info] CMC::computeControls, t = 0.7435
[2023-08-15 22:00:15.396] [info] CMC::computeControls, t = 0.7445
[2023-08-15 22:00:15.414] [info] CMC::computeControls, t = 0.7455
[2023-08-15 22:00:15.432] [info] CMC::computeControls, t = 0.7465
[2023-08-15 22:00:15.456] [info] CMC::computeControls, t = 0.7475
[2023-08-15 22:00:15.476] [info] CMC::computeControls, t = 0.7485
[2023-08-15 22:00:15.496] [info] CMC::computeControls, t = 0.7495
[2023-08-15 22:00:15.515] [info] CMC::computeControls, t = 0.750500
[2023-08-15 22:00:15.534] [info] CMC::computeControls, t = 0.7515
[2023-08-15 22:00:15.552] [info] CMC::computeControls, t = 0.7525
[2023-08-15 22:00:15.570] [info] CMC::computeControls, t = 0.7535
[2023-08-15 22:00:15.586] [info] CMC::computeControls, t = 0.7545
[2023-08-15 22:00:15.603] [info] CMC::computeControls, t = 0.7555
[2023-08-15 22:00:15.619] [info] CMC::computeControls, t = 0.7565
[2023-08-15 22:00:15.636] [info] CMC::computeControls, t = 0.7575
[2023-08-15 22:00:15.652] [info] CMC::computeControls, t = 0.7585
[2023-08-15 22:00:15.669] [info] CMC::computeControls, t = 0.7595
[2023-08-15 22:00:15.686] [info] CMC::computeControls, t = 0.760500
[2023-08-15 22:00:15.702] [info] CMC::computeControls, t = 0.7615
[2023-08-15 22:00:15.719] [info] CMC::computeControls, t = 0.7625
[2023-08-15 22:00:15.736] [info] CMC::computeControls, t = 0.7635
[2023-08-15 22:00:15.752] [info] CMC::computeControls, t = 0.7645
[2023-08-15 22:00:15.769] [info] CMC::computeControls, t = 0.7655
[2023-08-15 22:00:15.786] [info] CMC::computeControls, t = 0.7665
[2023-08-15 22:00:15.803] [info] CMC::computeControls, t = 0.7675
[2023-08-15 22:00:15.819] [info] CMC::computeControls, t = 0.7685
[2023-08-15 22:00:15.836] [info] CMC::computeControls, t = 0.7695
[2023-08-15 22:00:15.853] [info] CMC::computeControls, t = 0.770500
[2023-08-15 22:00:15.870] [info] CMC::computeControls, t = 0.7715
[2023-08-15 22:00:15.887] [info] CMC::computeControls, t = 0.7725
[2023-08-15 22:00:15.908] [info] CMC::computeControls, t = 0.7735
[2023-08-15 22:00:15.925] [info] CMC::computeControls, t = 0.7745
[2023-08-15 22:00:15.941] [info] CMC::computeControls, t = 0.7755
[2023-08-15 22:00:15.958] [info] CMC::computeControls, t = 0.7765
[2023-08-15 22:00:15.975] [info] CMC::computeControls, t = 0.7775
[2023-08-15 22:00:15.992] [info] CMC::computeControls, t = 0.7785
[2023-08-15 22:00:16.008] [info] CMC::computeControls, t = 0.7795
[2023-08-15 22:00:16.025] [info] CMC::computeControls, t = 0.780500
[2023-08-15 22:00:16.042] [info] CMC::computeControls, t = 0.7815
[2023-08-15 22:00:16.059] [info] CMC::computeControls, t = 0.7825
[2023-08-15 22:00:16.076] [info] CMC::computeControls, t = 0.7835
[2023-08-15 22:00:16.092] [info] CMC::computeControls, t = 0.7845
[2023-08-15 22:00:16.112] [info] CMC::computeControls, t = 0.7855
[2023-08-15 22:00:16.128] [info] CMC::computeControls, t = 0.7865
[2023-08-15 22:00:16.144] [info] CMC::computeControls, t = 0.7875
[2023-08-15 22:00:16.160] [info] CMC::computeControls, t = 0.7885
[2023-08-15 22:00:16.175] [info] CMC::computeControls, t = 0.7895
[2023-08-15 22:00:16.191] [info] CMC::computeControls, t = 0.790500
[2023-08-15 22:00:16.208] [info] CMC::computeControls, t = 0.7915
[2023-08-15 22:00:16.223] [info] CMC::computeControls, t = 0.7925
[2023-08-15 22:00:16.239] [info] CMC::computeControls, t = 0.7935
[2023-08-15 22:00:16.255] [info] CMC::computeControls, t = 0.7945
[2023-08-15 22:00:16.270] [info] CMC::computeControls, t = 0.7955
[2023-08-15 22:00:16.287] [info] CMC::computeControls, t = 0.7965
[2023-08-15 22:00:16.302] [info] CMC::computeControls, t = 0.7975
[2023-08-15 22:00:16.318] [info] CMC::computeControls, t = 0.7985
[2023-08-15 22:00:16.334] [info] CMC::computeControls, t = 0.7995
[2023-08-15 22:00:16.350] [info] CMC::computeControls, t = 0.800500
[2023-08-15 22:00:16.365] [info] CMC::computeControls, t = 0.801500
[2023-08-15 22:00:16.382] [info] CMC::computeControls, t = 0.802500
[2023-08-15 22:00:16.397] [info] CMC::computeControls, t = 0.803500
[2023-08-15 22:00:16.413] [info] CMC::computeControls, t = 0.804500
[2023-08-15 22:00:16.430] [info] CMC::computeControls, t = 0.805500
[2023-08-15 22:00:16.450] [info] CMC::computeControls, t = 0.806500
[2023-08-15 22:00:16.468] [info] CMC::computeControls, t = 0.807500
[2023-08-15 22:00:16.485] [info] CMC::computeControls, t = 0.808500
[2023-08-15 22:00:16.503] [info] CMC::computeControls, t = 0.809500
[2023-08-15 22:00:16.519] [info] CMC::computeControls, t = 0.810500
[2023-08-15 22:00:16.535] [info] CMC::computeControls, t = 0.8115
[2023-08-15 22:00:16.555] [info] CMC::computeControls, t = 0.8125
[2023-08-15 22:00:16.573] [info] CMC::computeControls, t = 0.8135
[2023-08-15 22:00:16.596] [info] CMC::computeControls, t = 0.8145
[2023-08-15 22:00:16.614] [info] -------------------------------------------
[2023-08-15 22:00:16.614] [info] Finished tracking the specified kinematics:
[2023-08-15 22:00:16.614] [info] -------------------------------------------
[2023-08-15 22:00:16.614] [info]  -- Start time = Tue Aug 15 22:00:05 2023
[2023-08-15 22:00:16.614] [info]  -- Finish time = Tue Aug 15 22:00:16 2023
[2023-08-15 22:00:16.614] [info]  -- Elapsed time = 11.0 seconds.
[2023-08-15 22:00:16.614] [info] -------------------------------------------
[2023-08-15 22:00:16.614] [info] 
[2023-08-15 22:00:16.614] [info] Printing results of investigation subject02_run5_cycle1 to cycle1/
[2023-08-15 22:00:16.994] [info] 

************************************************************
*      Summary of Mass Adjustments to Reduce Residuals     *
************************************************************
* Body adjusted: torso
* Mass Center (COM) adjustment: dx =-0.1, dz =0.00368405
* New COM location: ~[0.0698894,0.32118,-0.00368405]
************************************************************
* Recommended mass adjustments:                             
*  Total mass change: 1.54465
*  pelvis: orig mass = 11.9824, new mass = 12.2244
*  femur_r: orig mass = 9.46364, new mass = 9.65479
*  tibia_r: orig mass = 3.77217, new mass = 3.84836
*  talus_r: orig mass = 0.101744, new mass = 0.103799
*  calcn_r: orig mass = 1.2718, new mass = 1.29749
*  toes_r: orig mass = 0.220378, new mass = 0.224829
*  femur_l: orig mass = 9.46364, new mass = 9.65479
*  tibia_l: orig mass = 3.77217, new mass = 3.84836
*  talus_l: orig mass = 0.101744, new mass = 0.103799
*  calcn_l: orig mass = 1.2718, new mass = 1.29749
*  toes_l: orig mass = 0.220378, new mass = 0.224829
*  torso: orig mass = 27.2945, new mass = 27.8458
*  humerus_r: orig mass = 2.06795, new mass = 2.10972
*  ulna_r: orig mass = 0.618096, new mass = 0.630581
*  radius_r: orig mass = 0.618096, new mass = 0.630581
*  hand_r: orig mass = 0.46548, new mass = 0.474882
*  humerus_l: orig mass = 2.06795, new mass = 2.10972
*  ulna_l: orig mass = 0.618096, new mass = 0.630581
*  radius_l: orig mass = 0.618096, new mass = 0.630581
*  hand_l: orig mass = 0.46548, new mass = 0.474882
************************************************************
* Note: Edit the model to make recommended adjustments to  *
*       mass properties.                                   *
************************************************************

* Average residuals before adjusting torso COM:
*  FX=2.20699 FY=-15.1479 FZ=-1.98507
*  MX=-0.986102 MY=-1.44493 MZ=-26.8183
************************************************************
* Average residuals after adjusting torso COM:
*  FX=1.99278 FY=-14.1164 FZ=-1.98467
*  MX=-1.35724 MY=-1.43475 MZ=-0.445423
************************************************************


[2023-08-15 22:00:16.994] [info] 
************************************************************
*                   Final Average Residuals                *
************************************************************
* After torso COM and Kinematics adjustments:
*  FX=4.26576 FY=-7.836 FZ=-1.25492
*  MX=-3.64648 MY=-4.7681 MZ=7.52634
************************************************************


