[2023-08-15 22:30:11.401] [info] AbstractTool subject17_run5_cycle1 loading model ..\..\model\subject17_adjusted_scaled.osim
[2023-08-15 22:30:11.460] [info] Loaded model subject17_scaled from file ..\..\model\subject17_adjusted_scaled.osim
[2023-08-15 22:30:11.502] [info] Adding force object set from subject17_run5_RRA_Actuators.xml
[2023-08-15 22:30:11.516] [info] Running tool subject17_run5_cycle1.
[2023-08-15 22:30:11.546] [warning] ExternalLoads 'externalloads' has subcomponents with duplicate name 'externalforce'. The duplicate is being renamed to 'externalforce_0'.
[2023-08-15 22:30:11.576] [info] 	taskSet size = 29.
[2023-08-15 22:30:11.669] [info] ExternalForce::externalforce Data source being set to Run_500 01_newCOP3_v24.mot
[2023-08-15 22:30:11.669] [info] ExternalForce::externalforce_0 Data source being set to Run_500 01_newCOP3_v24.mot
[2023-08-15 22:30:11.675] [warning] A desired points file was not specified.
[2023-08-15 22:30:11.675] [info] Loading desired kinematics from file '..\..\ik\Run_5.mot'...
[2023-08-15 22:30:11.690] [info] Old version storage/motion file encountered
[2023-08-15 22:30:11.690] [info] Storage: read data file = ..\..\ik\Run_5.mot (nr=565 nc=164)
[2023-08-15 22:30:11.690] [info] .. assuming rotations in Degrees..
[2023-08-15 22:30:11.812] [info] Low-pass filtering desired kinematics with a cutoff frequency of 15.0...
[2023-08-15 22:30:14.446] [cout] [info] MODEL: subject17_scaled

numStates = 74
numCoordinates = 37
numSpeeds = 37
numActuators = 29
numBodies = 20
numConstraints = 0
numProbes = 0

ANALYSES (total: 0)

BODIES (total: 20)
body[0] = pelvis. mass: 10.7245
              moments of inertia:  ~[0.0849368,0.0719649,0.0478389]
              products of inertia: ~[0,0,0]
body[1] = femur_r. mass: 8.47013
              moments of inertia:  ~[0.121748,0.0319145,0.128385]
              products of inertia: ~[0,0,0]
body[2] = tibia_r. mass: 3.37616
              moments of inertia:  ~[0.0479256,0.00484962,0.0485912]
              products of inertia: ~[0,0,0]
body[3] = talus_r. mass: 0.0910629
              moments of inertia:  ~[0.000951746,0.000951746,0.000951746]
              products of inertia: ~[0,0,0]
body[4] = calcn_r. mass: 1.13829
              moments of inertia:  ~[0.00133244,0.00371181,0.00390216]
              products of inertia: ~[0,0,0]
body[5] = toes_r. mass: 0.197242
              moments of inertia:  ~[9.51746e-05,0.000190349,0.000951746]
              products of inertia: ~[0,0,0]
body[6] = femur_l. mass: 8.47013
              moments of inertia:  ~[0.121748,0.0319145,0.128385]
              products of inertia: ~[0,0,0]
body[7] = tibia_l. mass: 3.37616
              moments of inertia:  ~[0.0476422,0.00428282,0.0476422]
              products of inertia: ~[0,0,0]
body[8] = talus_l. mass: 0.0910629
              moments of inertia:  ~[0.000951746,0.000951746,0.000951746]
              products of inertia: ~[0,0,0]
body[9] = calcn_l. mass: 1.13829
              moments of inertia:  ~[0.00133244,0.00371181,0.00390216]
              products of inertia: ~[0,0,0]
body[10] = toes_l. mass: 0.197242
              moments of inertia:  ~[9.51746e-05,0.000190349,0.000951746]
              products of inertia: ~[0,0,0]
body[11] = torso. mass: 24.4291
              moments of inertia:  ~[1.22035,0.625277,1.18467]
              products of inertia: ~[0,0,0]
body[12] = humerus_r. mass: 1.85085
              moments of inertia:  ~[0.00976019,0.00336696,0.0109555]
              products of inertia: ~[0,0,0]
body[13] = ulna_r. mass: 0.553207
              moments of inertia:  ~[0.00260446,0.000543402,0.00282516]
              products of inertia: ~[0,0,0]
body[14] = radius_r. mass: 0.553207
              moments of inertia:  ~[0.00260446,0.000543402,0.00282516]
              products of inertia: ~[0,0,0]
body[15] = hand_r. mass: 0.416613
              moments of inertia:  ~[0.000784328,0.000480972,0.00117825]
              products of inertia: ~[0,0,0]
body[16] = humerus_l. mass: 1.85085
              moments of inertia:  ~[0.00976019,0.00336696,0.0109555]
              products of inertia: ~[0,0,0]
body[17] = ulna_l. mass: 0.553207
              moments of inertia:  ~[0.00260446,0.000543402,0.00282516]
              products of inertia: ~[0,0,0]
body[18] = radius_l. mass: 0.553207
              moments of inertia:  ~[0.00260446,0.000543402,0.00282516]
              products of inertia: ~[0,0,0]
body[19] = hand_l. mass: 0.416613
              moments of inertia:  ~[0.000784328,0.000480972,0.00117825]
              products of inertia: ~[0,0,0]

JOINTS (total: 20)
joint[0] = ground_pelvis. parent: ground_offset, child: pelvis_offset
joint[1] = hip_r. parent: pelvis_offset, child: femur_r_offset
joint[2] = knee_r. parent: femur_r_offset, child: tibia_r_offset
joint[3] = ankle_r. parent: tibia_r_offset, child: talus_r_offset
joint[4] = subtalar_r. parent: talus_r_offset, child: calcn_r_offset
joint[5] = mtp_r. parent: calcn_r_offset, child: toes_r_offset
joint[6] = hip_l. parent: pelvis_offset, child: femur_l_offset
joint[7] = knee_l. parent: femur_l_offset, child: tibia_l_offset
joint[8] = ankle_l. parent: tibia_l_offset, child: talus_l_offset
joint[9] = subtalar_l. parent: talus_l_offset, child: calcn_l_offset
joint[10] = mtp_l. parent: calcn_l_offset, child: toes_l_offset
joint[11] = back. parent: pelvis_offset, child: torso_offset
joint[12] = acromial_r. parent: torso_offset, child: humerus_r_offset
joint[13] = elbow_r. parent: humerus_r_offset, child: ulna_r_offset
joint[14] = radioulnar_r. parent: ulna_r_offset, child: radius_r_offset
joint[15] = radius_hand_r. parent: radius_r_offset, child: hand_r_offset
joint[16] = acromial_l. parent: torso_offset, child: humerus_l_offset
joint[17] = elbow_l. parent: humerus_l_offset, child: ulna_l_offset
joint[18] = radioulnar_l. parent: ulna_l_offset, child: radius_l_offset
joint[19] = radius_hand_l. parent: radius_l_offset, child: hand_l_offset

ACTUATORS (total: 29)
actuator[0] = FX
actuator[1] = FY
actuator[2] = FZ
actuator[3] = MZ
actuator[4] = MX
actuator[5] = MY
actuator[6] = hip_flexion_r
actuator[7] = hip_adduction_r
actuator[8] = hip_rotation_r
actuator[9] = knee_angle_r
actuator[10] = ankle_angle_r
actuator[11] = hip_flexion_l
actuator[12] = hip_adduction_l
actuator[13] = hip_rotation_l
actuator[14] = knee_angle_l
actuator[15] = ankle_angle_l
actuator[16] = lumbar_extension
actuator[17] = lumbar_bending
actuator[18] = lumbar_rotation
actuator[19] = arm_flex_r
actuator[20] = arm_add_r
actuator[21] = arm_rot_r
actuator[22] = elbow_flex_r
actuator[23] = pro_sup_r
actuator[24] = arm_flex_l
actuator[25] = arm_add_l
actuator[26] = arm_rot_l
actuator[27] = elbow_flex_l
actuator[28] = pro_sup_l

STATES (total: 74)
y[0] = /jointset/ground_pelvis/pelvis_tilt/value
y[1] = /jointset/ground_pelvis/pelvis_tilt/speed
y[2] = /jointset/ground_pelvis/pelvis_list/value
y[3] = /jointset/ground_pelvis/pelvis_list/speed
y[4] = /jointset/ground_pelvis/pelvis_rotation/value
y[5] = /jointset/ground_pelvis/pelvis_rotation/speed
y[6] = /jointset/ground_pelvis/pelvis_tx/value
y[7] = /jointset/ground_pelvis/pelvis_tx/speed
y[8] = /jointset/ground_pelvis/pelvis_ty/value
y[9] = /jointset/ground_pelvis/pelvis_ty/speed
y[10] = /jointset/ground_pelvis/pelvis_tz/value
y[11] = /jointset/ground_pelvis/pelvis_tz/speed
y[12] = /jointset/hip_r/hip_flexion_r/value
y[13] = /jointset/hip_r/hip_flexion_r/speed
y[14] = /jointset/hip_r/hip_adduction_r/value
y[15] = /jointset/hip_r/hip_adduction_r/speed
y[16] = /jointset/hip_r/hip_rotation_r/value
y[17] = /jointset/hip_r/hip_rotation_r/speed
y[18] = /jointset/knee_r/knee_angle_r/value
y[19] = /jointset/knee_r/knee_angle_r/speed
y[20] = /jointset/ankle_r/ankle_angle_r/value
y[21] = /jointset/ankle_r/ankle_angle_r/speed
y[22] = /jointset/subtalar_r/subtalar_angle_r/value
y[23] = /jointset/subtalar_r/subtalar_angle_r/speed
y[24] = /jointset/mtp_r/mtp_angle_r/value
y[25] = /jointset/mtp_r/mtp_angle_r/speed
y[26] = /jointset/hip_l/hip_flexion_l/value
y[27] = /jointset/hip_l/hip_flexion_l/speed
y[28] = /jointset/hip_l/hip_adduction_l/value
y[29] = /jointset/hip_l/hip_adduction_l/speed
y[30] = /jointset/hip_l/hip_rotation_l/value
y[31] = /jointset/hip_l/hip_rotation_l/speed
y[32] = /jointset/knee_l/knee_angle_l/value
y[33] = /jointset/knee_l/knee_angle_l/speed
y[34] = /jointset/ankle_l/ankle_angle_l/value
y[35] = /jointset/ankle_l/ankle_angle_l/speed
y[36] = /jointset/subtalar_l/subtalar_angle_l/value
y[37] = /jointset/subtalar_l/subtalar_angle_l/speed
y[38] = /jointset/mtp_l/mtp_angle_l/value
y[39] = /jointset/mtp_l/mtp_angle_l/speed
y[40] = /jointset/back/lumbar_extension/value
y[41] = /jointset/back/lumbar_extension/speed
y[42] = /jointset/back/lumbar_bending/value
y[43] = /jointset/back/lumbar_bending/speed
y[44] = /jointset/back/lumbar_rotation/value
y[45] = /jointset/back/lumbar_rotation/speed
y[46] = /jointset/acromial_r/arm_flex_r/value
y[47] = /jointset/acromial_r/arm_flex_r/speed
y[48] = /jointset/acromial_r/arm_add_r/value
y[49] = /jointset/acromial_r/arm_add_r/speed
y[50] = /jointset/acromial_r/arm_rot_r/value
y[51] = /jointset/acromial_r/arm_rot_r/speed
y[52] = /jointset/elbow_r/elbow_flex_r/value
y[53] = /jointset/elbow_r/elbow_flex_r/speed
y[54] = /jointset/radioulnar_r/pro_sup_r/value
y[55] = /jointset/radioulnar_r/pro_sup_r/speed
y[56] = /jointset/radius_hand_r/wrist_flex_r/value
y[57] = /jointset/radius_hand_r/wrist_flex_r/speed
y[58] = /jointset/radius_hand_r/wrist_dev_r/value
y[59] = /jointset/radius_hand_r/wrist_dev_r/speed
y[60] = /jointset/acromial_l/arm_flex_l/value
y[61] = /jointset/acromial_l/arm_flex_l/speed
y[62] = /jointset/acromial_l/arm_add_l/value
y[63] = /jointset/acromial_l/arm_add_l/speed
y[64] = /jointset/acromial_l/arm_rot_l/value
y[65] = /jointset/acromial_l/arm_rot_l/speed
y[66] = /jointset/elbow_l/elbow_flex_l/value
y[67] = /jointset/elbow_l/elbow_flex_l/speed
y[68] = /jointset/radioulnar_l/pro_sup_l/value
y[69] = /jointset/radioulnar_l/pro_sup_l/speed
y[70] = /jointset/radius_hand_l/wrist_flex_l/value
y[71] = /jointset/radius_hand_l/wrist_flex_l/speed
y[72] = /jointset/radius_hand_l/wrist_dev_l/value
y[73] = /jointset/radius_hand_l/wrist_dev_l/speed

[2023-08-15 22:30:15.073] [info] Requested COM adjustment time range 0.25 to 0.92188, clamped to nearest available data times: 0.249971 to 0.916611.
[2023-08-15 22:30:15.073] [info] Computing average residuals between 0.249971 and 0.916611...
[2023-08-15 22:30:15.162] [info] ExternalForce::externalforce Data source being set to Run_500 01_newCOP3_v24.mot
[2023-08-15 22:30:15.162] [info] ExternalForce::externalforce_0 Data source being set to Run_500 01_newCOP3_v24.mot
[2023-08-15 22:30:15.262] [info] ExternalForce::externalforce Data source being set to Run_500 01_newCOP3_v24.mot
[2023-08-15 22:30:15.262] [info] ExternalForce::externalforce_0 Data source being set to Run_500 01_newCOP3_v24.mot
[2023-08-15 22:30:17.009] [info] ExternalForce::externalforce Data source being set to Run_500 01_newCOP3_v24.mot
[2023-08-15 22:30:17.009] [info] ExternalForce::externalforce_0 Data source being set to Run_500 01_newCOP3_v24.mot
[2023-08-15 22:30:17.017] [info] Computing average residuals between 0.249971 and 0.916611...
[2023-08-15 22:30:17.143] [info] ExternalForce::externalforce Data source being set to Run_500 01_newCOP3_v24.mot
[2023-08-15 22:30:17.143] [info] ExternalForce::externalforce_0 Data source being set to Run_500 01_newCOP3_v24.mot
[2023-08-15 22:30:17.238] [info] ExternalForce::externalforce Data source being set to Run_500 01_newCOP3_v24.mot
[2023-08-15 22:30:17.238] [info] ExternalForce::externalforce_0 Data source being set to Run_500 01_newCOP3_v24.mot
[2023-08-15 22:30:19.250] [info] Constructing function set for tracking desired kinematics...
[2023-08-15 22:30:20.227] [warning] No Actuation analysis found in analysis set, adding one...
[2023-08-15 22:30:20.228] [warning] No Kinematics analysis found in analysis set, adding one...
[2023-08-15 22:30:20.231] [info] Using the generalized coordinates specified in '..\..\ik\Run_5.mot' to set the initial configuration.
[2023-08-15 22:30:20.477] [info] Using IPOPT optimizer algorithm.
[2023-08-15 22:30:20.477] [info] Setting optimizer print level to 0.
[2023-08-15 22:30:20.477] [info] Setting optimizer convergence tolerance to 1.0e-05.
[2023-08-15 22:30:20.478] [info] Setting optimizer maximum iterations to 2000.
[2023-08-15 22:30:20.478] [info] Setting cmc controller to not use verbose printing.

[2023-08-15 22:30:20.479] [info] CMC::computeControls, t = 0.25
[2023-08-15 22:30:21.647] [info] --------------------------------------------
[2023-08-15 22:30:21.647] [info] Using CMC to track the specified kinematics:
[2023-08-15 22:30:21.647] [info] --------------------------------------------
[2023-08-15 22:30:21.647] [info]  -- Integrating from 0.25 to 0.92188
[2023-08-15 22:30:21.647] [info]  -- Start time = Tue Aug 15 22:30:21 2023
[2023-08-15 22:30:21.647] [info] --------------------------------------------
[2023-08-15 22:30:21.647] [info] 
[2023-08-15 22:30:21.652] [info] CMC::computeControls, t = 0.25
[2023-08-15 22:30:21.694] [info] CMC::computeControls, t = 0.251
[2023-08-15 22:30:21.695] [warning] Coordinate.setValue:  coordinate subtalar_angle_r is locked. Unable to change its value.
[2023-08-15 22:30:21.695] [warning] Coordinate.setValue:  coordinate mtp_angle_r is locked. Unable to change its value.
[2023-08-15 22:30:21.695] [warning] Coordinate.setValue:  coordinate subtalar_angle_l is locked. Unable to change its value.
[2023-08-15 22:30:21.695] [warning] Coordinate.setValue:  coordinate mtp_angle_l is locked. Unable to change its value.
[2023-08-15 22:30:21.696] [warning] Coordinate.setValue:  coordinate wrist_flex_r is locked. Unable to change its value.
[2023-08-15 22:30:21.696] [warning] Coordinate.setValue:  coordinate wrist_dev_r is locked. Unable to change its value.
[2023-08-15 22:30:21.696] [warning] Coordinate.setValue:  coordinate wrist_flex_l is locked. Unable to change its value.
[2023-08-15 22:30:21.696] [warning] Coordinate.setValue:  coordinate wrist_dev_l is locked. Unable to change its value.
[2023-08-15 22:30:21.741] [info] CMC::computeControls, t = 0.252
[2023-08-15 22:30:21.772] [info] CMC::computeControls, t = 0.253
[2023-08-15 22:30:21.814] [info] CMC::computeControls, t = 0.254
[2023-08-15 22:30:21.845] [info] CMC::computeControls, t = 0.255
[2023-08-15 22:30:21.875] [info] CMC::computeControls, t = 0.256
[2023-08-15 22:30:21.916] [info] CMC::computeControls, t = 0.257
[2023-08-15 22:30:21.948] [info] CMC::computeControls, t = 0.258
[2023-08-15 22:30:21.973] [info] CMC::computeControls, t = 0.259
[2023-08-15 22:30:21.999] [info] CMC::computeControls, t = 0.26
[2023-08-15 22:30:22.036] [info] CMC::computeControls, t = 0.261
[2023-08-15 22:30:22.069] [info] CMC::computeControls, t = 0.262
[2023-08-15 22:30:22.097] [info] CMC::computeControls, t = 0.263
[2023-08-15 22:30:22.126] [info] CMC::computeControls, t = 0.264
[2023-08-15 22:30:22.163] [info] CMC::computeControls, t = 0.265
[2023-08-15 22:30:22.187] [info] CMC::computeControls, t = 0.266
[2023-08-15 22:30:22.220] [info] CMC::computeControls, t = 0.267
[2023-08-15 22:30:22.255] [info] CMC::computeControls, t = 0.268
[2023-08-15 22:30:22.288] [info] CMC::computeControls, t = 0.269
[2023-08-15 22:30:22.312] [info] CMC::computeControls, t = 0.27
[2023-08-15 22:30:22.351] [info] CMC::computeControls, t = 0.271
[2023-08-15 22:30:22.382] [info] CMC::computeControls, t = 0.272
[2023-08-15 22:30:22.422] [info] CMC::computeControls, t = 0.273
[2023-08-15 22:30:22.452] [info] CMC::computeControls, t = 0.274
[2023-08-15 22:30:22.482] [info] CMC::computeControls, t = 0.275
[2023-08-15 22:30:22.507] [info] CMC::computeControls, t = 0.276
[2023-08-15 22:30:22.540] [info] CMC::computeControls, t = 0.277
[2023-08-15 22:30:22.574] [info] CMC::computeControls, t = 0.278
[2023-08-15 22:30:22.600] [info] CMC::computeControls, t = 0.279
[2023-08-15 22:30:22.629] [info] CMC::computeControls, t = 0.28
[2023-08-15 22:30:22.665] [info] CMC::computeControls, t = 0.281
[2023-08-15 22:30:22.703] [info] CMC::computeControls, t = 0.282
[2023-08-15 22:30:22.736] [info] CMC::computeControls, t = 0.283
[2023-08-15 22:30:22.766] [info] CMC::computeControls, t = 0.284
[2023-08-15 22:30:22.797] [info] CMC::computeControls, t = 0.285
[2023-08-15 22:30:22.832] [info] CMC::computeControls, t = 0.286
[2023-08-15 22:30:22.857] [info] CMC::computeControls, t = 0.287
[2023-08-15 22:30:22.884] [info] CMC::computeControls, t = 0.288
[2023-08-15 22:30:22.915] [info] CMC::computeControls, t = 0.289
[2023-08-15 22:30:22.947] [info] CMC::computeControls, t = 0.29
[2023-08-15 22:30:22.991] [info] CMC::computeControls, t = 0.291
[2023-08-15 22:30:23.019] [info] CMC::computeControls, t = 0.292
[2023-08-15 22:30:23.062] [info] CMC::computeControls, t = 0.293
[2023-08-15 22:30:23.096] [info] CMC::computeControls, t = 0.294
[2023-08-15 22:30:23.122] [info] CMC::computeControls, t = 0.295
[2023-08-15 22:30:23.151] [info] CMC::computeControls, t = 0.296
[2023-08-15 22:30:23.182] [info] CMC::computeControls, t = 0.297
[2023-08-15 22:30:23.216] [info] CMC::computeControls, t = 0.298
[2023-08-15 22:30:23.250] [info] CMC::computeControls, t = 0.299
[2023-08-15 22:30:23.284] [info] CMC::computeControls, t = 0.3
[2023-08-15 22:30:23.314] [info] CMC::computeControls, t = 0.301000
[2023-08-15 22:30:23.336] [info] CMC::computeControls, t = 0.302000
[2023-08-15 22:30:23.364] [info] CMC::computeControls, t = 0.303000
[2023-08-15 22:30:23.399] [info] CMC::computeControls, t = 0.304000
[2023-08-15 22:30:23.427] [info] CMC::computeControls, t = 0.305000
[2023-08-15 22:30:23.450] [info] CMC::computeControls, t = 0.306000
[2023-08-15 22:30:23.481] [info] CMC::computeControls, t = 0.307000
[2023-08-15 22:30:23.514] [info] CMC::computeControls, t = 0.308000
[2023-08-15 22:30:23.543] [info] CMC::computeControls, t = 0.309000
[2023-08-15 22:30:23.570] [info] CMC::computeControls, t = 0.31
[2023-08-15 22:30:23.614] [info] CMC::computeControls, t = 0.311
[2023-08-15 22:30:23.642] [info] CMC::computeControls, t = 0.312
[2023-08-15 22:30:23.673] [info] CMC::computeControls, t = 0.313
[2023-08-15 22:30:23.705] [info] CMC::computeControls, t = 0.314
[2023-08-15 22:30:23.738] [info] CMC::computeControls, t = 0.315
[2023-08-15 22:30:23.767] [info] CMC::computeControls, t = 0.316
[2023-08-15 22:30:23.797] [info] CMC::computeControls, t = 0.317
[2023-08-15 22:30:23.826] [info] CMC::computeControls, t = 0.318
[2023-08-15 22:30:23.863] [info] CMC::computeControls, t = 0.319
[2023-08-15 22:30:23.890] [info] CMC::computeControls, t = 0.32
[2023-08-15 22:30:23.916] [info] CMC::computeControls, t = 0.321
[2023-08-15 22:30:23.950] [info] CMC::computeControls, t = 0.322
[2023-08-15 22:30:23.977] [info] CMC::computeControls, t = 0.323
[2023-08-15 22:30:24.003] [info] CMC::computeControls, t = 0.324
[2023-08-15 22:30:24.034] [info] CMC::computeControls, t = 0.325
[2023-08-15 22:30:24.061] [info] CMC::computeControls, t = 0.326
[2023-08-15 22:30:24.086] [info] CMC::computeControls, t = 0.327
[2023-08-15 22:30:24.116] [info] CMC::computeControls, t = 0.328
[2023-08-15 22:30:24.145] [info] CMC::computeControls, t = 0.329
[2023-08-15 22:30:24.204] [info] CMC::computeControls, t = 0.33
[2023-08-15 22:30:24.237] [info] CMC::computeControls, t = 0.331
[2023-08-15 22:30:24.261] [info] CMC::computeControls, t = 0.332
[2023-08-15 22:30:24.296] [info] CMC::computeControls, t = 0.333
[2023-08-15 22:30:24.325] [info] CMC::computeControls, t = 0.334
[2023-08-15 22:30:24.353] [info] CMC::computeControls, t = 0.335
[2023-08-15 22:30:24.379] [info] CMC::computeControls, t = 0.336
[2023-08-15 22:30:24.406] [info] CMC::computeControls, t = 0.337
[2023-08-15 22:30:24.427] [info] CMC::computeControls, t = 0.338
[2023-08-15 22:30:24.462] [info] CMC::computeControls, t = 0.339
[2023-08-15 22:30:24.496] [info] CMC::computeControls, t = 0.34
[2023-08-15 22:30:24.539] [info] CMC::computeControls, t = 0.341
[2023-08-15 22:30:24.565] [info] CMC::computeControls, t = 0.342
[2023-08-15 22:30:24.587] [info] CMC::computeControls, t = 0.343
[2023-08-15 22:30:24.627] [info] CMC::computeControls, t = 0.344
[2023-08-15 22:30:24.645] [info] CMC::computeControls, t = 0.345
[2023-08-15 22:30:24.678] [info] CMC::computeControls, t = 0.346
[2023-08-15 22:30:24.707] [info] CMC::computeControls, t = 0.347
[2023-08-15 22:30:24.742] [info] CMC::computeControls, t = 0.348
[2023-08-15 22:30:24.778] [info] CMC::computeControls, t = 0.349
[2023-08-15 22:30:24.822] [info] CMC::computeControls, t = 0.35
[2023-08-15 22:30:24.843] [info] CMC::computeControls, t = 0.351
[2023-08-15 22:30:24.872] [info] CMC::computeControls, t = 0.352
[2023-08-15 22:30:24.893] [info] CMC::computeControls, t = 0.353
[2023-08-15 22:30:24.921] [info] CMC::computeControls, t = 0.354
[2023-08-15 22:30:24.945] [info] CMC::computeControls, t = 0.355
[2023-08-15 22:30:24.976] [info] CMC::computeControls, t = 0.356
[2023-08-15 22:30:25.001] [info] CMC::computeControls, t = 0.357
[2023-08-15 22:30:25.028] [info] CMC::computeControls, t = 0.358
[2023-08-15 22:30:25.063] [info] CMC::computeControls, t = 0.359
[2023-08-15 22:30:25.083] [info] CMC::computeControls, t = 0.36
[2023-08-15 22:30:25.112] [info] CMC::computeControls, t = 0.361
[2023-08-15 22:30:25.132] [info] CMC::computeControls, t = 0.362
[2023-08-15 22:30:25.153] [info] CMC::computeControls, t = 0.363
[2023-08-15 22:30:25.176] [info] CMC::computeControls, t = 0.364
[2023-08-15 22:30:25.205] [info] CMC::computeControls, t = 0.365
[2023-08-15 22:30:25.232] [info] CMC::computeControls, t = 0.366
[2023-08-15 22:30:25.264] [info] CMC::computeControls, t = 0.367
[2023-08-15 22:30:25.290] [info] CMC::computeControls, t = 0.368
[2023-08-15 22:30:25.313] [info] CMC::computeControls, t = 0.369
[2023-08-15 22:30:25.335] [info] CMC::computeControls, t = 0.37
[2023-08-15 22:30:25.358] [info] CMC::computeControls, t = 0.371
[2023-08-15 22:30:25.386] [info] CMC::computeControls, t = 0.372
[2023-08-15 22:30:25.417] [info] CMC::computeControls, t = 0.373
[2023-08-15 22:30:25.443] [info] CMC::computeControls, t = 0.374
[2023-08-15 22:30:25.484] [info] CMC::computeControls, t = 0.375
[2023-08-15 22:30:25.520] [info] CMC::computeControls, t = 0.376
[2023-08-15 22:30:25.543] [info] CMC::computeControls, t = 0.377
[2023-08-15 22:30:25.572] [info] CMC::computeControls, t = 0.378
[2023-08-15 22:30:25.610] [info] CMC::computeControls, t = 0.379
[2023-08-15 22:30:25.647] [info] CMC::computeControls, t = 0.38
[2023-08-15 22:30:25.683] [info] CMC::computeControls, t = 0.381
[2023-08-15 22:30:25.708] [info] CMC::computeControls, t = 0.382
[2023-08-15 22:30:25.731] [info] CMC::computeControls, t = 0.383
[2023-08-15 22:30:25.767] [info] CMC::computeControls, t = 0.384
[2023-08-15 22:30:25.799] [info] CMC::computeControls, t = 0.385
[2023-08-15 22:30:25.829] [info] CMC::computeControls, t = 0.386
[2023-08-15 22:30:25.861] [info] CMC::computeControls, t = 0.387
[2023-08-15 22:30:25.899] [info] CMC::computeControls, t = 0.388
[2023-08-15 22:30:25.935] [info] CMC::computeControls, t = 0.389
[2023-08-15 22:30:25.957] [info] CMC::computeControls, t = 0.39
[2023-08-15 22:30:25.983] [info] CMC::computeControls, t = 0.391
[2023-08-15 22:30:26.007] [info] CMC::computeControls, t = 0.392
[2023-08-15 22:30:26.040] [info] CMC::computeControls, t = 0.393
[2023-08-15 22:30:26.073] [info] CMC::computeControls, t = 0.394
[2023-08-15 22:30:26.107] [info] CMC::computeControls, t = 0.395
[2023-08-15 22:30:26.135] [info] CMC::computeControls, t = 0.396
[2023-08-15 22:30:26.161] [info] CMC::computeControls, t = 0.397
[2023-08-15 22:30:26.192] [info] CMC::computeControls, t = 0.398
[2023-08-15 22:30:26.228] [info] CMC::computeControls, t = 0.399
[2023-08-15 22:30:26.263] [info] CMC::computeControls, t = 0.4
[2023-08-15 22:30:26.293] [info] CMC::computeControls, t = 0.401000
[2023-08-15 22:30:26.338] [info] CMC::computeControls, t = 0.402000
[2023-08-15 22:30:26.369] [info] CMC::computeControls, t = 0.403000
[2023-08-15 22:30:26.399] [info] CMC::computeControls, t = 0.404000
[2023-08-15 22:30:26.439] [info] CMC::computeControls, t = 0.405000
[2023-08-15 22:30:26.463] [info] CMC::computeControls, t = 0.406000
[2023-08-15 22:30:26.499] [info] CMC::computeControls, t = 0.407000
[2023-08-15 22:30:26.526] [info] CMC::computeControls, t = 0.408000
[2023-08-15 22:30:26.557] [info] CMC::computeControls, t = 0.409000
[2023-08-15 22:30:26.579] [info] CMC::computeControls, t = 0.41
[2023-08-15 22:30:26.603] [info] CMC::computeControls, t = 0.411
[2023-08-15 22:30:26.632] [info] CMC::computeControls, t = 0.412
[2023-08-15 22:30:26.659] [info] CMC::computeControls, t = 0.413
[2023-08-15 22:30:26.681] [info] CMC::computeControls, t = 0.414
[2023-08-15 22:30:26.706] [info] CMC::computeControls, t = 0.415
[2023-08-15 22:30:26.731] [info] CMC::computeControls, t = 0.416
[2023-08-15 22:30:26.755] [info] CMC::computeControls, t = 0.417
[2023-08-15 22:30:26.787] [info] CMC::computeControls, t = 0.418
[2023-08-15 22:30:26.812] [info] CMC::computeControls, t = 0.419
[2023-08-15 22:30:26.841] [info] CMC::computeControls, t = 0.42
[2023-08-15 22:30:26.866] [info] CMC::computeControls, t = 0.421
[2023-08-15 22:30:26.888] [info] CMC::computeControls, t = 0.422
[2023-08-15 22:30:26.922] [info] CMC::computeControls, t = 0.423
[2023-08-15 22:30:26.954] [info] CMC::computeControls, t = 0.424
[2023-08-15 22:30:26.984] [info] CMC::computeControls, t = 0.425
[2023-08-15 22:30:27.010] [info] CMC::computeControls, t = 0.426
[2023-08-15 22:30:27.032] [info] CMC::computeControls, t = 0.427
[2023-08-15 22:30:27.061] [info] CMC::computeControls, t = 0.428
[2023-08-15 22:30:27.084] [info] CMC::computeControls, t = 0.429
[2023-08-15 22:30:27.132] [info] CMC::computeControls, t = 0.43
[2023-08-15 22:30:27.177] [info] CMC::computeControls, t = 0.431
[2023-08-15 22:30:27.204] [info] CMC::computeControls, t = 0.432
[2023-08-15 22:30:27.228] [info] CMC::computeControls, t = 0.433
[2023-08-15 22:30:27.261] [info] CMC::computeControls, t = 0.434
[2023-08-15 22:30:27.300] [info] CMC::computeControls, t = 0.435
[2023-08-15 22:30:27.329] [info] CMC::computeControls, t = 0.436
[2023-08-15 22:30:27.358] [info] CMC::computeControls, t = 0.437
[2023-08-15 22:30:27.381] [info] CMC::computeControls, t = 0.438
[2023-08-15 22:30:27.415] [info] CMC::computeControls, t = 0.439
[2023-08-15 22:30:27.448] [info] CMC::computeControls, t = 0.44
[2023-08-15 22:30:27.474] [info] CMC::computeControls, t = 0.441
[2023-08-15 22:30:27.500] [info] CMC::computeControls, t = 0.442
[2023-08-15 22:30:27.528] [info] CMC::computeControls, t = 0.443
[2023-08-15 22:30:27.561] [info] CMC::computeControls, t = 0.444
[2023-08-15 22:30:27.589] [info] CMC::computeControls, t = 0.445
[2023-08-15 22:30:27.616] [info] CMC::computeControls, t = 0.446
[2023-08-15 22:30:27.655] [info] CMC::computeControls, t = 0.447
[2023-08-15 22:30:27.687] [info] CMC::computeControls, t = 0.448
[2023-08-15 22:30:27.721] [info] CMC::computeControls, t = 0.449
[2023-08-15 22:30:27.756] [info] CMC::computeControls, t = 0.45
[2023-08-15 22:30:27.800] [info] CMC::computeControls, t = 0.451
[2023-08-15 22:30:27.828] [info] CMC::computeControls, t = 0.452
[2023-08-15 22:30:27.858] [info] CMC::computeControls, t = 0.453
[2023-08-15 22:30:27.888] [info] CMC::computeControls, t = 0.454
[2023-08-15 22:30:27.911] [info] CMC::computeControls, t = 0.455
[2023-08-15 22:30:27.938] [info] CMC::computeControls, t = 0.456
[2023-08-15 22:30:27.977] [info] CMC::computeControls, t = 0.457
[2023-08-15 22:30:28.016] [info] CMC::computeControls, t = 0.458
[2023-08-15 22:30:28.041] [info] CMC::computeControls, t = 0.459
[2023-08-15 22:30:28.072] [info] CMC::computeControls, t = 0.46
[2023-08-15 22:30:28.105] [info] CMC::computeControls, t = 0.461
[2023-08-15 22:30:28.128] [info] CMC::computeControls, t = 0.462
[2023-08-15 22:30:28.149] [info] CMC::computeControls, t = 0.463
[2023-08-15 22:30:28.174] [info] CMC::computeControls, t = 0.464
[2023-08-15 22:30:28.197] [info] CMC::computeControls, t = 0.465
[2023-08-15 22:30:28.225] [info] CMC::computeControls, t = 0.466
[2023-08-15 22:30:28.251] [info] CMC::computeControls, t = 0.467
[2023-08-15 22:30:28.277] [info] CMC::computeControls, t = 0.468
[2023-08-15 22:30:28.302] [info] CMC::computeControls, t = 0.469
[2023-08-15 22:30:28.329] [info] CMC::computeControls, t = 0.47
[2023-08-15 22:30:28.354] [info] CMC::computeControls, t = 0.471
[2023-08-15 22:30:28.384] [info] CMC::computeControls, t = 0.472
[2023-08-15 22:30:28.419] [info] CMC::computeControls, t = 0.473
[2023-08-15 22:30:28.454] [info] CMC::computeControls, t = 0.474
[2023-08-15 22:30:28.488] [info] CMC::computeControls, t = 0.475
[2023-08-15 22:30:28.517] [info] CMC::computeControls, t = 0.476
[2023-08-15 22:30:28.543] [info] CMC::computeControls, t = 0.477
[2023-08-15 22:30:28.579] [info] CMC::computeControls, t = 0.478
[2023-08-15 22:30:28.602] [info] CMC::computeControls, t = 0.479
[2023-08-15 22:30:28.636] [info] CMC::computeControls, t = 0.48
[2023-08-15 22:30:28.669] [info] CMC::computeControls, t = 0.481
[2023-08-15 22:30:28.704] [info] CMC::computeControls, t = 0.482
[2023-08-15 22:30:28.733] [info] CMC::computeControls, t = 0.483
[2023-08-15 22:30:28.766] [info] CMC::computeControls, t = 0.484
[2023-08-15 22:30:28.805] [info] CMC::computeControls, t = 0.485
[2023-08-15 22:30:28.832] [info] CMC::computeControls, t = 0.486
[2023-08-15 22:30:28.863] [info] CMC::computeControls, t = 0.487
[2023-08-15 22:30:28.901] [info] CMC::computeControls, t = 0.488
[2023-08-15 22:30:28.929] [info] CMC::computeControls, t = 0.489
[2023-08-15 22:30:28.955] [info] CMC::computeControls, t = 0.49
[2023-08-15 22:30:28.987] [info] CMC::computeControls, t = 0.491
[2023-08-15 22:30:29.015] [info] CMC::computeControls, t = 0.492
[2023-08-15 22:30:29.037] [info] CMC::computeControls, t = 0.493
[2023-08-15 22:30:29.082] [info] CMC::computeControls, t = 0.494
[2023-08-15 22:30:29.117] [info] CMC::computeControls, t = 0.495
[2023-08-15 22:30:29.153] [info] CMC::computeControls, t = 0.496
[2023-08-15 22:30:29.193] [info] CMC::computeControls, t = 0.497
[2023-08-15 22:30:29.228] [info] CMC::computeControls, t = 0.498
[2023-08-15 22:30:29.261] [info] CMC::computeControls, t = 0.499
[2023-08-15 22:30:29.294] [info] CMC::computeControls, t = 0.5
[2023-08-15 22:30:29.335] [info] CMC::computeControls, t = 0.501000
[2023-08-15 22:30:29.378] [info] CMC::computeControls, t = 0.502000
[2023-08-15 22:30:29.415] [info] CMC::computeControls, t = 0.503000
[2023-08-15 22:30:29.454] [info] CMC::computeControls, t = 0.504000
[2023-08-15 22:30:29.491] [info] CMC::computeControls, t = 0.505000
[2023-08-15 22:30:29.520] [info] CMC::computeControls, t = 0.506000
[2023-08-15 22:30:29.559] [info] CMC::computeControls, t = 0.507000
[2023-08-15 22:30:29.597] [info] CMC::computeControls, t = 0.508000
[2023-08-15 22:30:29.622] [info] CMC::computeControls, t = 0.509000
[2023-08-15 22:30:29.657] [info] CMC::computeControls, t = 0.51
[2023-08-15 22:30:29.680] [info] CMC::computeControls, t = 0.511
[2023-08-15 22:30:29.703] [info] CMC::computeControls, t = 0.512
[2023-08-15 22:30:29.742] [info] CMC::computeControls, t = 0.513
[2023-08-15 22:30:29.780] [info] CMC::computeControls, t = 0.514
[2023-08-15 22:30:29.827] [info] CMC::computeControls, t = 0.515
[2023-08-15 22:30:29.871] [info] CMC::computeControls, t = 0.516
[2023-08-15 22:30:29.920] [info] CMC::computeControls, t = 0.517
[2023-08-15 22:30:29.970] [info] CMC::computeControls, t = 0.518
[2023-08-15 22:30:30.002] [info] CMC::computeControls, t = 0.519
[2023-08-15 22:30:30.035] [info] CMC::computeControls, t = 0.52
[2023-08-15 22:30:30.077] [info] CMC::computeControls, t = 0.521
[2023-08-15 22:30:30.111] [info] CMC::computeControls, t = 0.522
[2023-08-15 22:30:30.156] [info] CMC::computeControls, t = 0.523
[2023-08-15 22:30:30.204] [info] CMC::computeControls, t = 0.524
[2023-08-15 22:30:30.240] [info] CMC::computeControls, t = 0.525
[2023-08-15 22:30:30.281] [info] CMC::computeControls, t = 0.526
[2023-08-15 22:30:30.308] [info] CMC::computeControls, t = 0.527
[2023-08-15 22:30:30.343] [info] CMC::computeControls, t = 0.528
[2023-08-15 22:30:30.371] [info] CMC::computeControls, t = 0.529
[2023-08-15 22:30:30.408] [info] CMC::computeControls, t = 0.53
[2023-08-15 22:30:30.442] [info] CMC::computeControls, t = 0.531
[2023-08-15 22:30:30.484] [info] CMC::computeControls, t = 0.532
[2023-08-15 22:30:30.523] [info] CMC::computeControls, t = 0.533
[2023-08-15 22:30:30.564] [info] CMC::computeControls, t = 0.534
[2023-08-15 22:30:30.597] [info] CMC::computeControls, t = 0.535
[2023-08-15 22:30:30.639] [info] CMC::computeControls, t = 0.536
[2023-08-15 22:30:30.680] [info] CMC::computeControls, t = 0.537
[2023-08-15 22:30:30.711] [info] CMC::computeControls, t = 0.538
[2023-08-15 22:30:30.740] [info] CMC::computeControls, t = 0.539
[2023-08-15 22:30:30.772] [info] CMC::computeControls, t = 0.54
[2023-08-15 22:30:30.811] [info] CMC::computeControls, t = 0.541
[2023-08-15 22:30:30.854] [info] CMC::computeControls, t = 0.542
[2023-08-15 22:30:30.888] [info] CMC::computeControls, t = 0.543
[2023-08-15 22:30:30.926] [info] CMC::computeControls, t = 0.544
[2023-08-15 22:30:30.950] [info] CMC::computeControls, t = 0.545
[2023-08-15 22:30:30.993] [info] CMC::computeControls, t = 0.546
[2023-08-15 22:30:31.022] [info] CMC::computeControls, t = 0.547
[2023-08-15 22:30:31.069] [info] CMC::computeControls, t = 0.548
[2023-08-15 22:30:31.105] [info] CMC::computeControls, t = 0.549
[2023-08-15 22:30:31.136] [info] CMC::computeControls, t = 0.55
[2023-08-15 22:30:31.182] [info] CMC::computeControls, t = 0.551
[2023-08-15 22:30:31.225] [info] CMC::computeControls, t = 0.552
[2023-08-15 22:30:31.272] [info] CMC::computeControls, t = 0.553
[2023-08-15 22:30:31.305] [info] CMC::computeControls, t = 0.554
[2023-08-15 22:30:31.344] [info] CMC::computeControls, t = 0.555
[2023-08-15 22:30:31.384] [info] CMC::computeControls, t = 0.556
[2023-08-15 22:30:31.415] [info] CMC::computeControls, t = 0.557
[2023-08-15 22:30:31.441] [info] CMC::computeControls, t = 0.558
[2023-08-15 22:30:31.484] [info] CMC::computeControls, t = 0.559
[2023-08-15 22:30:31.508] [info] CMC::computeControls, t = 0.56
[2023-08-15 22:30:31.540] [info] CMC::computeControls, t = 0.561
[2023-08-15 22:30:31.578] [info] CMC::computeControls, t = 0.562
[2023-08-15 22:30:31.621] [info] CMC::computeControls, t = 0.563
[2023-08-15 22:30:31.659] [info] CMC::computeControls, t = 0.564
[2023-08-15 22:30:31.699] [info] CMC::computeControls, t = 0.565
[2023-08-15 22:30:31.730] [info] CMC::computeControls, t = 0.566
[2023-08-15 22:30:31.773] [info] CMC::computeControls, t = 0.567
[2023-08-15 22:30:31.826] [info] CMC::computeControls, t = 0.568
[2023-08-15 22:30:31.863] [info] CMC::computeControls, t = 0.569
[2023-08-15 22:30:31.902] [info] CMC::computeControls, t = 0.57
[2023-08-15 22:30:31.939] [info] CMC::computeControls, t = 0.571
[2023-08-15 22:30:31.971] [info] CMC::computeControls, t = 0.572
[2023-08-15 22:30:32.006] [info] CMC::computeControls, t = 0.573
[2023-08-15 22:30:32.034] [info] CMC::computeControls, t = 0.574
[2023-08-15 22:30:32.067] [info] CMC::computeControls, t = 0.575
[2023-08-15 22:30:32.108] [info] CMC::computeControls, t = 0.576
[2023-08-15 22:30:32.141] [info] CMC::computeControls, t = 0.577
[2023-08-15 22:30:32.174] [info] CMC::computeControls, t = 0.578
[2023-08-15 22:30:32.203] [info] CMC::computeControls, t = 0.579
[2023-08-15 22:30:32.236] [info] CMC::computeControls, t = 0.58
[2023-08-15 22:30:32.269] [info] CMC::computeControls, t = 0.581
[2023-08-15 22:30:32.309] [info] CMC::computeControls, t = 0.582
[2023-08-15 22:30:32.340] [info] CMC::computeControls, t = 0.583
[2023-08-15 22:30:32.382] [info] CMC::computeControls, t = 0.584
[2023-08-15 22:30:32.433] [info] CMC::computeControls, t = 0.585
[2023-08-15 22:30:32.457] [info] CMC::computeControls, t = 0.586
[2023-08-15 22:30:32.491] [info] CMC::computeControls, t = 0.587
[2023-08-15 22:30:32.529] [info] CMC::computeControls, t = 0.588
[2023-08-15 22:30:32.566] [info] CMC::computeControls, t = 0.589
[2023-08-15 22:30:32.600] [info] CMC::computeControls, t = 0.59
[2023-08-15 22:30:32.639] [info] CMC::computeControls, t = 0.591
[2023-08-15 22:30:32.668] [info] CMC::computeControls, t = 0.592
[2023-08-15 22:30:32.699] [info] CMC::computeControls, t = 0.593
[2023-08-15 22:30:32.728] [info] CMC::computeControls, t = 0.594
[2023-08-15 22:30:32.760] [info] CMC::computeControls, t = 0.595
[2023-08-15 22:30:32.786] [info] CMC::computeControls, t = 0.596
[2023-08-15 22:30:32.815] [info] CMC::computeControls, t = 0.597
[2023-08-15 22:30:32.840] [info] CMC::computeControls, t = 0.598
[2023-08-15 22:30:32.861] [info] CMC::computeControls, t = 0.599
[2023-08-15 22:30:32.883] [info] CMC::computeControls, t = 0.6
[2023-08-15 22:30:32.910] [info] CMC::computeControls, t = 0.601000
[2023-08-15 22:30:32.936] [info] CMC::computeControls, t = 0.602000
[2023-08-15 22:30:32.968] [info] CMC::computeControls, t = 0.603000
[2023-08-15 22:30:32.999] [info] CMC::computeControls, t = 0.604000
[2023-08-15 22:30:33.032] [info] CMC::computeControls, t = 0.605000
[2023-08-15 22:30:33.060] [info] CMC::computeControls, t = 0.606000
[2023-08-15 22:30:33.089] [info] CMC::computeControls, t = 0.607000
[2023-08-15 22:30:33.112] [info] CMC::computeControls, t = 0.608000
[2023-08-15 22:30:33.143] [info] CMC::computeControls, t = 0.609000
[2023-08-15 22:30:33.168] [info] CMC::computeControls, t = 0.61
[2023-08-15 22:30:33.205] [info] CMC::computeControls, t = 0.611
[2023-08-15 22:30:33.235] [info] CMC::computeControls, t = 0.612
[2023-08-15 22:30:33.267] [info] CMC::computeControls, t = 0.613
[2023-08-15 22:30:33.292] [info] CMC::computeControls, t = 0.614
[2023-08-15 22:30:33.317] [info] CMC::computeControls, t = 0.615
[2023-08-15 22:30:33.345] [info] CMC::computeControls, t = 0.616
[2023-08-15 22:30:33.374] [info] CMC::computeControls, t = 0.617
[2023-08-15 22:30:33.395] [info] CMC::computeControls, t = 0.618
[2023-08-15 22:30:33.422] [info] CMC::computeControls, t = 0.619
[2023-08-15 22:30:33.444] [info] CMC::computeControls, t = 0.62
[2023-08-15 22:30:33.480] [info] CMC::computeControls, t = 0.621
[2023-08-15 22:30:33.509] [info] CMC::computeControls, t = 0.622
[2023-08-15 22:30:33.539] [info] CMC::computeControls, t = 0.623
[2023-08-15 22:30:33.573] [info] CMC::computeControls, t = 0.624
[2023-08-15 22:30:33.610] [info] CMC::computeControls, t = 0.625
[2023-08-15 22:30:33.635] [info] CMC::computeControls, t = 0.626
[2023-08-15 22:30:33.657] [info] CMC::computeControls, t = 0.627
[2023-08-15 22:30:33.681] [info] CMC::computeControls, t = 0.628
[2023-08-15 22:30:33.712] [info] CMC::computeControls, t = 0.629
[2023-08-15 22:30:33.746] [info] CMC::computeControls, t = 0.63
[2023-08-15 22:30:33.773] [info] CMC::computeControls, t = 0.631
[2023-08-15 22:30:33.799] [info] CMC::computeControls, t = 0.632
[2023-08-15 22:30:33.834] [info] CMC::computeControls, t = 0.633
[2023-08-15 22:30:33.869] [info] CMC::computeControls, t = 0.634
[2023-08-15 22:30:33.903] [info] CMC::computeControls, t = 0.635
[2023-08-15 22:30:33.944] [info] CMC::computeControls, t = 0.636
[2023-08-15 22:30:33.974] [info] CMC::computeControls, t = 0.637
[2023-08-15 22:30:33.996] [info] CMC::computeControls, t = 0.638
[2023-08-15 22:30:34.020] [info] CMC::computeControls, t = 0.639
[2023-08-15 22:30:34.050] [info] CMC::computeControls, t = 0.64
[2023-08-15 22:30:34.091] [info] CMC::computeControls, t = 0.641
[2023-08-15 22:30:34.121] [info] CMC::computeControls, t = 0.642
[2023-08-15 22:30:34.154] [info] CMC::computeControls, t = 0.643
[2023-08-15 22:30:34.176] [info] CMC::computeControls, t = 0.644
[2023-08-15 22:30:34.209] [info] CMC::computeControls, t = 0.645
[2023-08-15 22:30:34.232] [info] CMC::computeControls, t = 0.646
[2023-08-15 22:30:34.284] [info] CMC::computeControls, t = 0.647
[2023-08-15 22:30:34.315] [info] CMC::computeControls, t = 0.648
[2023-08-15 22:30:34.345] [info] CMC::computeControls, t = 0.649
[2023-08-15 22:30:34.376] [info] CMC::computeControls, t = 0.65
[2023-08-15 22:30:34.401] [info] CMC::computeControls, t = 0.651
[2023-08-15 22:30:34.418] [info] CMC::computeControls, t = 0.652
[2023-08-15 22:30:34.440] [info] CMC::computeControls, t = 0.653
[2023-08-15 22:30:34.468] [info] CMC::computeControls, t = 0.654
[2023-08-15 22:30:34.498] [info] CMC::computeControls, t = 0.655
[2023-08-15 22:30:34.533] [info] CMC::computeControls, t = 0.656
[2023-08-15 22:30:34.554] [info] CMC::computeControls, t = 0.657
[2023-08-15 22:30:34.583] [info] CMC::computeControls, t = 0.658
[2023-08-15 22:30:34.611] [info] CMC::computeControls, t = 0.659
[2023-08-15 22:30:34.642] [info] CMC::computeControls, t = 0.66
[2023-08-15 22:30:34.666] [info] CMC::computeControls, t = 0.661
[2023-08-15 22:30:34.690] [info] CMC::computeControls, t = 0.662
[2023-08-15 22:30:34.712] [info] CMC::computeControls, t = 0.663
[2023-08-15 22:30:34.740] [info] CMC::computeControls, t = 0.664
[2023-08-15 22:30:34.763] [info] CMC::computeControls, t = 0.665
[2023-08-15 22:30:34.790] [info] CMC::computeControls, t = 0.666
[2023-08-15 22:30:34.821] [info] CMC::computeControls, t = 0.667
[2023-08-15 22:30:34.846] [info] CMC::computeControls, t = 0.668
[2023-08-15 22:30:34.870] [info] CMC::computeControls, t = 0.669
[2023-08-15 22:30:34.906] [info] CMC::computeControls, t = 0.67
[2023-08-15 22:30:34.947] [info] CMC::computeControls, t = 0.671
[2023-08-15 22:30:34.977] [info] CMC::computeControls, t = 0.672
[2023-08-15 22:30:35.016] [info] CMC::computeControls, t = 0.673
[2023-08-15 22:30:35.039] [info] CMC::computeControls, t = 0.674
[2023-08-15 22:30:35.081] [info] CMC::computeControls, t = 0.675
[2023-08-15 22:30:35.103] [info] CMC::computeControls, t = 0.676
[2023-08-15 22:30:35.126] [info] CMC::computeControls, t = 0.677
[2023-08-15 22:30:35.149] [info] CMC::computeControls, t = 0.678
[2023-08-15 22:30:35.173] [info] CMC::computeControls, t = 0.679
[2023-08-15 22:30:35.192] [info] CMC::computeControls, t = 0.68
[2023-08-15 22:30:35.216] [info] CMC::computeControls, t = 0.681
[2023-08-15 22:30:35.237] [info] CMC::computeControls, t = 0.682
[2023-08-15 22:30:35.260] [info] CMC::computeControls, t = 0.683
[2023-08-15 22:30:35.292] [info] CMC::computeControls, t = 0.684
[2023-08-15 22:30:35.319] [info] CMC::computeControls, t = 0.685
[2023-08-15 22:30:35.338] [info] CMC::computeControls, t = 0.686
[2023-08-15 22:30:35.359] [info] CMC::computeControls, t = 0.687
[2023-08-15 22:30:35.405] [info] CMC::computeControls, t = 0.688
[2023-08-15 22:30:35.432] [info] CMC::computeControls, t = 0.689
[2023-08-15 22:30:35.452] [info] CMC::computeControls, t = 0.69
[2023-08-15 22:30:35.478] [info] CMC::computeControls, t = 0.691
[2023-08-15 22:30:35.503] [info] CMC::computeControls, t = 0.692
[2023-08-15 22:30:35.535] [info] CMC::computeControls, t = 0.693
[2023-08-15 22:30:35.561] [info] CMC::computeControls, t = 0.694
[2023-08-15 22:30:35.589] [info] CMC::computeControls, t = 0.695
[2023-08-15 22:30:35.609] [info] CMC::computeControls, t = 0.696
[2023-08-15 22:30:35.633] [info] CMC::computeControls, t = 0.697
[2023-08-15 22:30:35.665] [info] CMC::computeControls, t = 0.698
[2023-08-15 22:30:35.695] [info] CMC::computeControls, t = 0.699
[2023-08-15 22:30:35.713] [info] CMC::computeControls, t = 0.7
[2023-08-15 22:30:35.737] [info] CMC::computeControls, t = 0.701000
[2023-08-15 22:30:35.764] [info] CMC::computeControls, t = 0.702000
[2023-08-15 22:30:35.787] [info] CMC::computeControls, t = 0.703000
[2023-08-15 22:30:35.815] [info] CMC::computeControls, t = 0.704000
[2023-08-15 22:30:35.833] [info] CMC::computeControls, t = 0.705000
[2023-08-15 22:30:35.853] [info] CMC::computeControls, t = 0.706000
[2023-08-15 22:30:35.884] [info] CMC::computeControls, t = 0.707000
[2023-08-15 22:30:35.912] [info] CMC::computeControls, t = 0.708000
[2023-08-15 22:30:35.932] [info] CMC::computeControls, t = 0.709000
[2023-08-15 22:30:35.953] [info] CMC::computeControls, t = 0.71
[2023-08-15 22:30:35.978] [info] CMC::computeControls, t = 0.711
[2023-08-15 22:30:36.001] [info] CMC::computeControls, t = 0.712
[2023-08-15 22:30:36.036] [info] CMC::computeControls, t = 0.713
[2023-08-15 22:30:36.064] [info] CMC::computeControls, t = 0.714
[2023-08-15 22:30:36.085] [info] CMC::computeControls, t = 0.715
[2023-08-15 22:30:36.108] [info] CMC::computeControls, t = 0.716
[2023-08-15 22:30:36.140] [info] CMC::computeControls, t = 0.717
[2023-08-15 22:30:36.162] [info] CMC::computeControls, t = 0.718
[2023-08-15 22:30:36.188] [info] CMC::computeControls, t = 0.719
[2023-08-15 22:30:36.209] [info] CMC::computeControls, t = 0.72
[2023-08-15 22:30:36.237] [info] CMC::computeControls, t = 0.721
[2023-08-15 22:30:36.265] [info] CMC::computeControls, t = 0.722
[2023-08-15 22:30:36.290] [info] CMC::computeControls, t = 0.723
[2023-08-15 22:30:36.318] [info] CMC::computeControls, t = 0.724
[2023-08-15 22:30:36.339] [info] CMC::computeControls, t = 0.725
[2023-08-15 22:30:36.369] [info] CMC::computeControls, t = 0.726
[2023-08-15 22:30:36.397] [info] CMC::computeControls, t = 0.727
[2023-08-15 22:30:36.423] [info] CMC::computeControls, t = 0.728
[2023-08-15 22:30:36.455] [info] CMC::computeControls, t = 0.729
[2023-08-15 22:30:36.482] [info] CMC::computeControls, t = 0.73
[2023-08-15 22:30:36.514] [info] CMC::computeControls, t = 0.731
[2023-08-15 22:30:36.533] [info] CMC::computeControls, t = 0.732
[2023-08-15 22:30:36.559] [info] CMC::computeControls, t = 0.733
[2023-08-15 22:30:36.585] [info] CMC::computeControls, t = 0.734
[2023-08-15 22:30:36.602] [info] CMC::computeControls, t = 0.735
[2023-08-15 22:30:36.625] [info] CMC::computeControls, t = 0.736
[2023-08-15 22:30:36.645] [info] CMC::computeControls, t = 0.737
[2023-08-15 22:30:36.678] [info] CMC::computeControls, t = 0.738
[2023-08-15 22:30:36.702] [info] CMC::computeControls, t = 0.739
[2023-08-15 22:30:36.728] [info] CMC::computeControls, t = 0.74
[2023-08-15 22:30:36.758] [info] CMC::computeControls, t = 0.741
[2023-08-15 22:30:36.777] [info] CMC::computeControls, t = 0.742
[2023-08-15 22:30:36.796] [info] CMC::computeControls, t = 0.743
[2023-08-15 22:30:36.821] [info] CMC::computeControls, t = 0.744
[2023-08-15 22:30:36.841] [info] CMC::computeControls, t = 0.745
[2023-08-15 22:30:36.858] [info] CMC::computeControls, t = 0.746
[2023-08-15 22:30:36.877] [info] CMC::computeControls, t = 0.747
[2023-08-15 22:30:36.908] [info] CMC::computeControls, t = 0.748
[2023-08-15 22:30:36.937] [info] CMC::computeControls, t = 0.749
[2023-08-15 22:30:36.969] [info] CMC::computeControls, t = 0.75
[2023-08-15 22:30:37.002] [info] CMC::computeControls, t = 0.751
[2023-08-15 22:30:37.041] [info] CMC::computeControls, t = 0.752
[2023-08-15 22:30:37.069] [info] CMC::computeControls, t = 0.753
[2023-08-15 22:30:37.100] [info] CMC::computeControls, t = 0.754
[2023-08-15 22:30:37.129] [info] CMC::computeControls, t = 0.755
[2023-08-15 22:30:37.148] [info] CMC::computeControls, t = 0.756
[2023-08-15 22:30:37.172] [info] CMC::computeControls, t = 0.757
[2023-08-15 22:30:37.228] [info] CMC::computeControls, t = 0.758
[2023-08-15 22:30:37.251] [info] CMC::computeControls, t = 0.759
[2023-08-15 22:30:37.278] [info] CMC::computeControls, t = 0.76
[2023-08-15 22:30:37.307] [info] CMC::computeControls, t = 0.761
[2023-08-15 22:30:37.336] [info] CMC::computeControls, t = 0.762
[2023-08-15 22:30:37.368] [info] CMC::computeControls, t = 0.763
[2023-08-15 22:30:37.401] [info] CMC::computeControls, t = 0.764
[2023-08-15 22:30:37.425] [info] CMC::computeControls, t = 0.765
[2023-08-15 22:30:37.454] [info] CMC::computeControls, t = 0.766
[2023-08-15 22:30:37.484] [info] CMC::computeControls, t = 0.767
[2023-08-15 22:30:37.514] [info] CMC::computeControls, t = 0.768
[2023-08-15 22:30:37.534] [info] CMC::computeControls, t = 0.769
[2023-08-15 22:30:37.553] [info] CMC::computeControls, t = 0.77
[2023-08-15 22:30:37.587] [info] CMC::computeControls, t = 0.771
[2023-08-15 22:30:37.625] [info] CMC::computeControls, t = 0.772
[2023-08-15 22:30:37.653] [info] CMC::computeControls, t = 0.773
[2023-08-15 22:30:37.675] [info] CMC::computeControls, t = 0.774
[2023-08-15 22:30:37.710] [info] CMC::computeControls, t = 0.775
[2023-08-15 22:30:37.751] [info] CMC::computeControls, t = 0.776
[2023-08-15 22:30:37.795] [info] CMC::computeControls, t = 0.777
[2023-08-15 22:30:37.828] [info] CMC::computeControls, t = 0.778
[2023-08-15 22:30:37.850] [info] CMC::computeControls, t = 0.779
[2023-08-15 22:30:37.878] [info] CMC::computeControls, t = 0.78
[2023-08-15 22:30:37.902] [info] CMC::computeControls, t = 0.781
[2023-08-15 22:30:37.932] [info] CMC::computeControls, t = 0.782
[2023-08-15 22:30:37.961] [info] CMC::computeControls, t = 0.783
[2023-08-15 22:30:37.988] [info] CMC::computeControls, t = 0.784
[2023-08-15 22:30:38.013] [info] CMC::computeControls, t = 0.785
[2023-08-15 22:30:38.043] [info] CMC::computeControls, t = 0.786
[2023-08-15 22:30:38.070] [info] CMC::computeControls, t = 0.787
[2023-08-15 22:30:38.102] [info] CMC::computeControls, t = 0.788
[2023-08-15 22:30:38.133] [info] CMC::computeControls, t = 0.789
[2023-08-15 22:30:38.168] [info] CMC::computeControls, t = 0.79
[2023-08-15 22:30:38.209] [info] CMC::computeControls, t = 0.791
[2023-08-15 22:30:38.243] [info] CMC::computeControls, t = 0.792
[2023-08-15 22:30:38.273] [info] CMC::computeControls, t = 0.793
[2023-08-15 22:30:38.305] [info] CMC::computeControls, t = 0.794
[2023-08-15 22:30:38.328] [info] CMC::computeControls, t = 0.795
[2023-08-15 22:30:38.352] [info] CMC::computeControls, t = 0.796
[2023-08-15 22:30:38.385] [info] CMC::computeControls, t = 0.797
[2023-08-15 22:30:38.419] [info] CMC::computeControls, t = 0.798
[2023-08-15 22:30:38.454] [info] CMC::computeControls, t = 0.799
[2023-08-15 22:30:38.472] [info] CMC::computeControls, t = 0.8
[2023-08-15 22:30:38.503] [info] CMC::computeControls, t = 0.801000
[2023-08-15 22:30:38.532] [info] CMC::computeControls, t = 0.802000
[2023-08-15 22:30:38.558] [info] CMC::computeControls, t = 0.803000
[2023-08-15 22:30:38.577] [info] CMC::computeControls, t = 0.804000
[2023-08-15 22:30:38.596] [info] CMC::computeControls, t = 0.805000
[2023-08-15 22:30:38.616] [info] CMC::computeControls, t = 0.806000
[2023-08-15 22:30:38.644] [info] CMC::computeControls, t = 0.807000
[2023-08-15 22:30:38.665] [info] CMC::computeControls, t = 0.808000
[2023-08-15 22:30:38.684] [info] CMC::computeControls, t = 0.809000
[2023-08-15 22:30:38.712] [info] CMC::computeControls, t = 0.81
[2023-08-15 22:30:38.732] [info] CMC::computeControls, t = 0.811
[2023-08-15 22:30:38.755] [info] CMC::computeControls, t = 0.812
[2023-08-15 22:30:38.784] [info] CMC::computeControls, t = 0.813
[2023-08-15 22:30:38.811] [info] CMC::computeControls, t = 0.814
[2023-08-15 22:30:38.836] [info] CMC::computeControls, t = 0.815
[2023-08-15 22:30:38.861] [info] CMC::computeControls, t = 0.816
[2023-08-15 22:30:38.893] [info] CMC::computeControls, t = 0.817
[2023-08-15 22:30:38.913] [info] CMC::computeControls, t = 0.818
[2023-08-15 22:30:38.934] [info] CMC::computeControls, t = 0.819
[2023-08-15 22:30:38.960] [info] CMC::computeControls, t = 0.82
[2023-08-15 22:30:38.984] [info] CMC::computeControls, t = 0.821
[2023-08-15 22:30:39.004] [info] CMC::computeControls, t = 0.822
[2023-08-15 22:30:39.032] [info] CMC::computeControls, t = 0.823
[2023-08-15 22:30:39.056] [info] CMC::computeControls, t = 0.824
[2023-08-15 22:30:39.074] [info] CMC::computeControls, t = 0.825
[2023-08-15 22:30:39.131] [info] CMC::computeControls, t = 0.826
[2023-08-15 22:30:39.164] [info] CMC::computeControls, t = 0.827
[2023-08-15 22:30:39.193] [info] CMC::computeControls, t = 0.828
[2023-08-15 22:30:39.222] [info] CMC::computeControls, t = 0.829
[2023-08-15 22:30:39.251] [info] CMC::computeControls, t = 0.83
[2023-08-15 22:30:39.275] [info] CMC::computeControls, t = 0.831
[2023-08-15 22:30:39.309] [info] CMC::computeControls, t = 0.832
[2023-08-15 22:30:39.334] [info] CMC::computeControls, t = 0.833
[2023-08-15 22:30:39.365] [info] CMC::computeControls, t = 0.834
[2023-08-15 22:30:39.383] [info] CMC::computeControls, t = 0.835
[2023-08-15 22:30:39.409] [info] CMC::computeControls, t = 0.836
[2023-08-15 22:30:39.434] [info] CMC::computeControls, t = 0.837
[2023-08-15 22:30:39.468] [info] CMC::computeControls, t = 0.838
[2023-08-15 22:30:39.487] [info] CMC::computeControls, t = 0.839
[2023-08-15 22:30:39.504] [info] CMC::computeControls, t = 0.84
[2023-08-15 22:30:39.550] [info] CMC::computeControls, t = 0.841
[2023-08-15 22:30:39.569] [info] CMC::computeControls, t = 0.842
[2023-08-15 22:30:39.591] [info] CMC::computeControls, t = 0.843
[2023-08-15 22:30:39.616] [info] CMC::computeControls, t = 0.844
[2023-08-15 22:30:39.642] [info] CMC::computeControls, t = 0.845
[2023-08-15 22:30:39.667] [info] CMC::computeControls, t = 0.846
[2023-08-15 22:30:39.697] [info] CMC::computeControls, t = 0.847
[2023-08-15 22:30:39.715] [info] CMC::computeControls, t = 0.848
[2023-08-15 22:30:39.736] [info] CMC::computeControls, t = 0.849
[2023-08-15 22:30:39.765] [info] CMC::computeControls, t = 0.85
[2023-08-15 22:30:39.792] [info] CMC::computeControls, t = 0.851
[2023-08-15 22:30:39.816] [info] CMC::computeControls, t = 0.852
[2023-08-15 22:30:39.851] [info] CMC::computeControls, t = 0.853
[2023-08-15 22:30:39.880] [info] CMC::computeControls, t = 0.854
[2023-08-15 22:30:39.906] [info] CMC::computeControls, t = 0.855
[2023-08-15 22:30:39.930] [info] CMC::computeControls, t = 0.856
[2023-08-15 22:30:39.955] [info] CMC::computeControls, t = 0.857
[2023-08-15 22:30:39.978] [info] CMC::computeControls, t = 0.858
[2023-08-15 22:30:40.005] [info] CMC::computeControls, t = 0.859
[2023-08-15 22:30:40.024] [info] CMC::computeControls, t = 0.86
[2023-08-15 22:30:40.045] [info] CMC::computeControls, t = 0.861
[2023-08-15 22:30:40.068] [info] CMC::computeControls, t = 0.862
[2023-08-15 22:30:40.094] [info] CMC::computeControls, t = 0.863
[2023-08-15 22:30:40.121] [info] CMC::computeControls, t = 0.864
[2023-08-15 22:30:40.154] [info] CMC::computeControls, t = 0.865
[2023-08-15 22:30:40.191] [info] CMC::computeControls, t = 0.866
[2023-08-15 22:30:40.217] [info] CMC::computeControls, t = 0.867
[2023-08-15 22:30:40.243] [info] CMC::computeControls, t = 0.868
[2023-08-15 22:30:40.264] [info] CMC::computeControls, t = 0.869
[2023-08-15 22:30:40.287] [info] CMC::computeControls, t = 0.87
[2023-08-15 22:30:40.308] [info] CMC::computeControls, t = 0.871
[2023-08-15 22:30:40.334] [info] CMC::computeControls, t = 0.872
[2023-08-15 22:30:40.369] [info] CMC::computeControls, t = 0.873
[2023-08-15 22:30:40.393] [info] CMC::computeControls, t = 0.874
[2023-08-15 22:30:40.416] [info] CMC::computeControls, t = 0.875
[2023-08-15 22:30:40.447] [info] CMC::computeControls, t = 0.876
[2023-08-15 22:30:40.483] [info] CMC::computeControls, t = 0.877
[2023-08-15 22:30:40.501] [info] CMC::computeControls, t = 0.878
[2023-08-15 22:30:40.526] [info] CMC::computeControls, t = 0.879
[2023-08-15 22:30:40.551] [info] CMC::computeControls, t = 0.88
[2023-08-15 22:30:40.575] [info] CMC::computeControls, t = 0.881
[2023-08-15 22:30:40.602] [info] CMC::computeControls, t = 0.882
[2023-08-15 22:30:40.632] [info] CMC::computeControls, t = 0.883
[2023-08-15 22:30:40.656] [info] CMC::computeControls, t = 0.884
[2023-08-15 22:30:40.683] [info] CMC::computeControls, t = 0.885
[2023-08-15 22:30:40.711] [info] CMC::computeControls, t = 0.886
[2023-08-15 22:30:40.735] [info] CMC::computeControls, t = 0.887
[2023-08-15 22:30:40.770] [info] CMC::computeControls, t = 0.888
[2023-08-15 22:30:40.800] [info] CMC::computeControls, t = 0.889
[2023-08-15 22:30:40.829] [info] CMC::computeControls, t = 0.89
[2023-08-15 22:30:40.857] [info] CMC::computeControls, t = 0.891
[2023-08-15 22:30:40.888] [info] CMC::computeControls, t = 0.892
[2023-08-15 22:30:40.921] [info] CMC::computeControls, t = 0.893
[2023-08-15 22:30:40.955] [info] CMC::computeControls, t = 0.894
[2023-08-15 22:30:40.988] [info] CMC::computeControls, t = 0.895
[2023-08-15 22:30:41.014] [info] CMC::computeControls, t = 0.896
[2023-08-15 22:30:41.043] [info] CMC::computeControls, t = 0.897
[2023-08-15 22:30:41.066] [info] CMC::computeControls, t = 0.898
[2023-08-15 22:30:41.112] [info] CMC::computeControls, t = 0.899
[2023-08-15 22:30:41.138] [info] CMC::computeControls, t = 0.9
[2023-08-15 22:30:41.173] [info] CMC::computeControls, t = 0.901000
[2023-08-15 22:30:41.201] [info] CMC::computeControls, t = 0.902000
[2023-08-15 22:30:41.233] [info] CMC::computeControls, t = 0.903000
[2023-08-15 22:30:41.275] [info] CMC::computeControls, t = 0.904000
[2023-08-15 22:30:41.308] [info] CMC::computeControls, t = 0.905000
[2023-08-15 22:30:41.335] [info] CMC::computeControls, t = 0.906000
[2023-08-15 22:30:41.362] [info] CMC::computeControls, t = 0.907000
[2023-08-15 22:30:41.385] [info] CMC::computeControls, t = 0.908000
[2023-08-15 22:30:41.413] [info] CMC::computeControls, t = 0.909000
[2023-08-15 22:30:41.438] [info] CMC::computeControls, t = 0.91
[2023-08-15 22:30:41.472] [info] CMC::computeControls, t = 0.911
[2023-08-15 22:30:41.504] [info] CMC::computeControls, t = 0.912
[2023-08-15 22:30:41.541] [info] CMC::computeControls, t = 0.913
[2023-08-15 22:30:41.573] [info] CMC::computeControls, t = 0.914
[2023-08-15 22:30:41.604] [info] CMC::computeControls, t = 0.915
[2023-08-15 22:30:41.630] [info] CMC::computeControls, t = 0.916
[2023-08-15 22:30:41.662] [info] CMC::computeControls, t = 0.917
[2023-08-15 22:30:41.686] [info] CMC::computeControls, t = 0.918
[2023-08-15 22:30:41.720] [info] CMC::computeControls, t = 0.919
[2023-08-15 22:30:41.747] [info] CMC::computeControls, t = 0.92
[2023-08-15 22:30:41.785] [info] -------------------------------------------
[2023-08-15 22:30:41.785] [info] Finished tracking the specified kinematics:
[2023-08-15 22:30:41.785] [info] -------------------------------------------
[2023-08-15 22:30:41.785] [info]  -- Start time = Tue Aug 15 22:30:21 2023
[2023-08-15 22:30:41.785] [info]  -- Finish time = Tue Aug 15 22:30:41 2023
[2023-08-15 22:30:41.785] [info]  -- Elapsed time = 20.0 seconds.
[2023-08-15 22:30:41.785] [info] -------------------------------------------
[2023-08-15 22:30:41.785] [info] 
[2023-08-15 22:30:41.785] [info] Printing results of investigation subject17_run5_cycle1 to cycle1/
[2023-08-15 22:30:42.444] [info] 

************************************************************
*      Summary of Mass Adjustments to Reduce Residuals     *
************************************************************
* Body adjusted: torso
* Mass Center (COM) adjustment: dx =-0.1, dz =0.00484402
* New COM location: ~[0.0713998,0.305069,-0.00484402]
************************************************************
* Recommended mass adjustments:                             
*  Total mass change: 2.06643
*  pelvis: orig mass = 10.7245, new mass = 11.0483
*  femur_r: orig mass = 8.47013, new mass = 8.72584
*  tibia_r: orig mass = 3.37616, new mass = 3.47808
*  talus_r: orig mass = 0.0910629, new mass = 0.0938121
*  calcn_r: orig mass = 1.13829, new mass = 1.17265
*  toes_r: orig mass = 0.197242, new mass = 0.203197
*  femur_l: orig mass = 8.47013, new mass = 8.72584
*  tibia_l: orig mass = 3.37616, new mass = 3.47808
*  talus_l: orig mass = 0.0910629, new mass = 0.0938121
*  calcn_l: orig mass = 1.13829, new mass = 1.17265
*  toes_l: orig mass = 0.197242, new mass = 0.203197
*  torso: orig mass = 24.4291, new mass = 25.1666
*  humerus_r: orig mass = 1.85085, new mass = 1.90673
*  ulna_r: orig mass = 0.553207, new mass = 0.569909
*  radius_r: orig mass = 0.553207, new mass = 0.569909
*  hand_r: orig mass = 0.416613, new mass = 0.429191
*  humerus_l: orig mass = 1.85085, new mass = 1.90673
*  ulna_l: orig mass = 0.553207, new mass = 0.569909
*  radius_l: orig mass = 0.553207, new mass = 0.569909
*  hand_l: orig mass = 0.416613, new mass = 0.429191
************************************************************
* Note: Edit the model to make recommended adjustments to  *
*       mass properties.                                   *
************************************************************

* Average residuals before adjusting torso COM:
*  FX=-1.70467 FY=-20.2647 FZ=-2.18176
*  MX=-1.16047 MY=3.39302 MZ=-32.0609
************************************************************
* Average residuals after adjusting torso COM:
*  FX=-1.60088 FY=-21.2352 FZ=-3.04685
*  MX=-5.0526 MY=4.07825 MZ=-9.98091
************************************************************


[2023-08-15 22:30:42.444] [info] 
************************************************************
*                   Final Average Residuals                *
************************************************************
* After torso COM and Kinematics adjustments:
*  FX=6.78259 FY=-8.64168 FZ=1.79506
*  MX=-6.53263 MY=-3.45193 MZ=10.0473
************************************************************


