[2024-03-05 12:29:12.818] [info] AbstractTool subject01_run3_cycle3 loading model ..\..\model\subject01_adjusted_scaled.osim
[2024-03-05 12:29:12.864] [info] Loaded model subject01_scaled from file ..\..\model\subject01_adjusted_scaled.osim
[2024-03-05 12:29:12.897] [info] Adding force object set from subject01_run3_RRA_Actuators.xml
[2024-03-05 12:29:12.901] [info] Running tool subject01_run3_cycle3.
[2024-03-05 12:29:12.916] [warning] ExternalLoads 'externalloads' has subcomponents with duplicate name 'externalforce'. The duplicate is being renamed to 'externalforce_0'.
[2024-03-05 12:29:12.920] [info] 	taskSet size = 29.
[2024-03-05 12:29:12.979] [info] ExternalForce::externalforce Data source being set to Run_300 02_newCOP3_v24.mot
[2024-03-05 12:29:12.980] [info] ExternalForce::externalforce_0 Data source being set to Run_300 02_newCOP3_v24.mot
[2024-03-05 12:29:12.982] [warning] A desired points file was not specified.
[2024-03-05 12:29:12.982] [info] Loading desired kinematics from file '..\..\ik\Run_3.mot'...
[2024-03-05 12:29:12.983] [info] Old version storage/motion file encountered
[2024-03-05 12:29:12.983] [info] Storage: read data file = ..\..\ik\Run_3.mot (nr=475 nc=164)
[2024-03-05 12:29:12.983] [info] .. assuming rotations in Degrees..
[2024-03-05 12:29:13.032] [info] Low-pass filtering desired kinematics with a cutoff frequency of 15.0...
[2024-03-05 12:29:13.248] [cout] [info] MODEL: subject01_scaled

numStates = 74
numCoordinates = 37
numSpeeds = 37
numActuators = 29
numBodies = 20
numConstraints = 0
numProbes = 0

ANALYSES (total: 0)

BODIES (total: 20)
body[0] = pelvis. mass: 11.4128
              moments of inertia:  ~[0.0967035,0.0967035,0.0562156]
              products of inertia: ~[0,0,0]
body[1] = femur_r. mass: 9.01374
              moments of inertia:  ~[0.170153,0.0446031,0.179429]
              products of inertia: ~[0,0,0]
body[2] = tibia_r. mass: 3.59284
              moments of inertia:  ~[0.0546712,0.0055322,0.0554305]
              products of inertia: ~[0,0,0]
body[3] = talus_r. mass: 0.0969073
              moments of inertia:  ~[0.00142711,0.00142711,0.00142711]
              products of inertia: ~[0,0,0]
body[4] = calcn_r. mass: 1.21134
              moments of inertia:  ~[0.00199795,0.00556571,0.00585113]
              products of inertia: ~[0,0,0]
body[5] = toes_r. mass: 0.209901
              moments of inertia:  ~[0.000142711,0.000285421,0.00142711]
              products of inertia: ~[0,0,0]
body[6] = femur_l. mass: 9.01374
              moments of inertia:  ~[0.170153,0.0446031,0.179429]
              products of inertia: ~[0,0,0]
body[7] = tibia_l. mass: 3.59284
              moments of inertia:  ~[0.0546712,0.0055322,0.0554305]
              products of inertia: ~[0,0,0]
body[8] = talus_l. mass: 0.0969073
              moments of inertia:  ~[0.00142711,0.00142711,0.00142711]
              products of inertia: ~[0,0,0]
body[9] = calcn_l. mass: 1.21134
              moments of inertia:  ~[0.00199795,0.00556571,0.00585113]
              products of inertia: ~[0,0,0]
body[10] = toes_l. mass: 0.209901
              moments of inertia:  ~[0.000142711,0.000285421,0.00142711]
              products of inertia: ~[0,0,0]
body[11] = torso. mass: 25.9969
              moments of inertia:  ~[1.50848,0.77291,1.46439]
              products of inertia: ~[0,0,0]
body[12] = humerus_r. mass: 1.96964
              moments of inertia:  ~[0.0141243,0.00487245,0.0158541]
              products of inertia: ~[0,0,0]
body[13] = ulna_r. mass: 0.588712
              moments of inertia:  ~[0.00354855,0.00074038,0.00384926]
              products of inertia: ~[0,0,0]
body[14] = radius_r. mass: 0.588712
              moments of inertia:  ~[0.00354855,0.00074038,0.00384926]
              products of inertia: ~[0,0,0]
body[15] = hand_r. mass: 0.443351
              moments of inertia:  ~[0.00106864,0.00065532,0.00160535]
              products of inertia: ~[0,0,0]
body[16] = humerus_l. mass: 1.96964
              moments of inertia:  ~[0.0143116,0.00493706,0.0160643]
              products of inertia: ~[0,0,0]
body[17] = ulna_l. mass: 0.588712
              moments of inertia:  ~[0.00354855,0.00074038,0.00384926]
              products of inertia: ~[0,0,0]
body[18] = radius_l. mass: 0.588712
              moments of inertia:  ~[0.00354855,0.00074038,0.00384926]
              products of inertia: ~[0,0,0]
body[19] = hand_l. mass: 0.443351
              moments of inertia:  ~[0.00106864,0.00065532,0.00160535]
              products of inertia: ~[0,0,0]

JOINTS (total: 20)
joint[0] = ground_pelvis. parent: ground_offset, child: pelvis_offset
joint[1] = hip_r. parent: pelvis_offset, child: femur_r_offset
joint[2] = knee_r. parent: femur_r_offset, child: tibia_r_offset
joint[3] = ankle_r. parent: tibia_r_offset, child: talus_r_offset
joint[4] = subtalar_r. parent: talus_r_offset, child: calcn_r_offset
joint[5] = mtp_r. parent: calcn_r_offset, child: toes_r_offset
joint[6] = hip_l. parent: pelvis_offset, child: femur_l_offset
joint[7] = knee_l. parent: femur_l_offset, child: tibia_l_offset
joint[8] = ankle_l. parent: tibia_l_offset, child: talus_l_offset
joint[9] = subtalar_l. parent: talus_l_offset, child: calcn_l_offset
joint[10] = mtp_l. parent: calcn_l_offset, child: toes_l_offset
joint[11] = back. parent: pelvis_offset, child: torso_offset
joint[12] = acromial_r. parent: torso_offset, child: humerus_r_offset
joint[13] = elbow_r. parent: humerus_r_offset, child: ulna_r_offset
joint[14] = radioulnar_r. parent: ulna_r_offset, child: radius_r_offset
joint[15] = radius_hand_r. parent: radius_r_offset, child: hand_r_offset
joint[16] = acromial_l. parent: torso_offset, child: humerus_l_offset
joint[17] = elbow_l. parent: humerus_l_offset, child: ulna_l_offset
joint[18] = radioulnar_l. parent: ulna_l_offset, child: radius_l_offset
joint[19] = radius_hand_l. parent: radius_l_offset, child: hand_l_offset

ACTUATORS (total: 29)
actuator[0] = FX
actuator[1] = FY
actuator[2] = FZ
actuator[3] = MZ
actuator[4] = MX
actuator[5] = MY
actuator[6] = hip_flexion_r
actuator[7] = hip_adduction_r
actuator[8] = hip_rotation_r
actuator[9] = knee_angle_r
actuator[10] = ankle_angle_r
actuator[11] = hip_flexion_l
actuator[12] = hip_adduction_l
actuator[13] = hip_rotation_l
actuator[14] = knee_angle_l
actuator[15] = ankle_angle_l
actuator[16] = lumbar_extension
actuator[17] = lumbar_bending
actuator[18] = lumbar_rotation
actuator[19] = arm_flex_r
actuator[20] = arm_add_r
actuator[21] = arm_rot_r
actuator[22] = elbow_flex_r
actuator[23] = pro_sup_r
actuator[24] = arm_flex_l
actuator[25] = arm_add_l
actuator[26] = arm_rot_l
actuator[27] = elbow_flex_l
actuator[28] = pro_sup_l

STATES (total: 74)
y[0] = /jointset/ground_pelvis/pelvis_tilt/value
y[1] = /jointset/ground_pelvis/pelvis_tilt/speed
y[2] = /jointset/ground_pelvis/pelvis_list/value
y[3] = /jointset/ground_pelvis/pelvis_list/speed
y[4] = /jointset/ground_pelvis/pelvis_rotation/value
y[5] = /jointset/ground_pelvis/pelvis_rotation/speed
y[6] = /jointset/ground_pelvis/pelvis_tx/value
y[7] = /jointset/ground_pelvis/pelvis_tx/speed
y[8] = /jointset/ground_pelvis/pelvis_ty/value
y[9] = /jointset/ground_pelvis/pelvis_ty/speed
y[10] = /jointset/ground_pelvis/pelvis_tz/value
y[11] = /jointset/ground_pelvis/pelvis_tz/speed
y[12] = /jointset/hip_r/hip_flexion_r/value
y[13] = /jointset/hip_r/hip_flexion_r/speed
y[14] = /jointset/hip_r/hip_adduction_r/value
y[15] = /jointset/hip_r/hip_adduction_r/speed
y[16] = /jointset/hip_r/hip_rotation_r/value
y[17] = /jointset/hip_r/hip_rotation_r/speed
y[18] = /jointset/knee_r/knee_angle_r/value
y[19] = /jointset/knee_r/knee_angle_r/speed
y[20] = /jointset/ankle_r/ankle_angle_r/value
y[21] = /jointset/ankle_r/ankle_angle_r/speed
y[22] = /jointset/subtalar_r/subtalar_angle_r/value
y[23] = /jointset/subtalar_r/subtalar_angle_r/speed
y[24] = /jointset/mtp_r/mtp_angle_r/value
y[25] = /jointset/mtp_r/mtp_angle_r/speed
y[26] = /jointset/hip_l/hip_flexion_l/value
y[27] = /jointset/hip_l/hip_flexion_l/speed
y[28] = /jointset/hip_l/hip_adduction_l/value
y[29] = /jointset/hip_l/hip_adduction_l/speed
y[30] = /jointset/hip_l/hip_rotation_l/value
y[31] = /jointset/hip_l/hip_rotation_l/speed
y[32] = /jointset/knee_l/knee_angle_l/value
y[33] = /jointset/knee_l/knee_angle_l/speed
y[34] = /jointset/ankle_l/ankle_angle_l/value
y[35] = /jointset/ankle_l/ankle_angle_l/speed
y[36] = /jointset/subtalar_l/subtalar_angle_l/value
y[37] = /jointset/subtalar_l/subtalar_angle_l/speed
y[38] = /jointset/mtp_l/mtp_angle_l/value
y[39] = /jointset/mtp_l/mtp_angle_l/speed
y[40] = /jointset/back/lumbar_extension/value
y[41] = /jointset/back/lumbar_extension/speed
y[42] = /jointset/back/lumbar_bending/value
y[43] = /jointset/back/lumbar_bending/speed
y[44] = /jointset/back/lumbar_rotation/value
y[45] = /jointset/back/lumbar_rotation/speed
y[46] = /jointset/acromial_r/arm_flex_r/value
y[47] = /jointset/acromial_r/arm_flex_r/speed
y[48] = /jointset/acromial_r/arm_add_r/value
y[49] = /jointset/acromial_r/arm_add_r/speed
y[50] = /jointset/acromial_r/arm_rot_r/value
y[51] = /jointset/acromial_r/arm_rot_r/speed
y[52] = /jointset/elbow_r/elbow_flex_r/value
y[53] = /jointset/elbow_r/elbow_flex_r/speed
y[54] = /jointset/radioulnar_r/pro_sup_r/value
y[55] = /jointset/radioulnar_r/pro_sup_r/speed
y[56] = /jointset/radius_hand_r/wrist_flex_r/value
y[57] = /jointset/radius_hand_r/wrist_flex_r/speed
y[58] = /jointset/radius_hand_r/wrist_dev_r/value
y[59] = /jointset/radius_hand_r/wrist_dev_r/speed
y[60] = /jointset/acromial_l/arm_flex_l/value
y[61] = /jointset/acromial_l/arm_flex_l/speed
y[62] = /jointset/acromial_l/arm_add_l/value
y[63] = /jointset/acromial_l/arm_add_l/speed
y[64] = /jointset/acromial_l/arm_rot_l/value
y[65] = /jointset/acromial_l/arm_rot_l/speed
y[66] = /jointset/elbow_l/elbow_flex_l/value
y[67] = /jointset/elbow_l/elbow_flex_l/speed
y[68] = /jointset/radioulnar_l/pro_sup_l/value
y[69] = /jointset/radioulnar_l/pro_sup_l/speed
y[70] = /jointset/radius_hand_l/wrist_flex_l/value
y[71] = /jointset/radius_hand_l/wrist_flex_l/speed
y[72] = /jointset/radius_hand_l/wrist_dev_l/value
y[73] = /jointset/radius_hand_l/wrist_dev_l/speed

[2024-03-05 12:29:13.569] [info] Requested COM adjustment time range 1.954 to 2.674, clamped to nearest available data times: 1.95 to 2.67.
[2024-03-05 12:29:13.569] [info] Computing average residuals between 1.95 and 2.67...
[2024-03-05 12:29:13.624] [info] ExternalForce::externalforce Data source being set to Run_300 02_newCOP3_v24.mot
[2024-03-05 12:29:13.624] [info] ExternalForce::externalforce_0 Data source being set to Run_300 02_newCOP3_v24.mot
[2024-03-05 12:29:13.658] [info] ExternalForce::externalforce Data source being set to Run_300 02_newCOP3_v24.mot
[2024-03-05 12:29:13.659] [info] ExternalForce::externalforce_0 Data source being set to Run_300 02_newCOP3_v24.mot
[2024-03-05 12:29:14.748] [info] ExternalForce::externalforce Data source being set to Run_300 02_newCOP3_v24.mot
[2024-03-05 12:29:14.748] [info] ExternalForce::externalforce_0 Data source being set to Run_300 02_newCOP3_v24.mot
[2024-03-05 12:29:14.751] [info] Computing average residuals between 1.95 and 2.67...
[2024-03-05 12:29:14.817] [info] ExternalForce::externalforce Data source being set to Run_300 02_newCOP3_v24.mot
[2024-03-05 12:29:14.817] [info] ExternalForce::externalforce_0 Data source being set to Run_300 02_newCOP3_v24.mot
[2024-03-05 12:29:14.867] [info] ExternalForce::externalforce Data source being set to Run_300 02_newCOP3_v24.mot
[2024-03-05 12:29:14.867] [info] ExternalForce::externalforce_0 Data source being set to Run_300 02_newCOP3_v24.mot
[2024-03-05 12:29:15.836] [info] Constructing function set for tracking desired kinematics...
[2024-03-05 12:29:16.377] [warning] No Actuation analysis found in analysis set, adding one...
[2024-03-05 12:29:16.377] [warning] No Kinematics analysis found in analysis set, adding one...
[2024-03-05 12:29:16.379] [info] Using the generalized coordinates specified in '..\..\ik\Run_3.mot' to set the initial configuration.
[2024-03-05 12:29:16.508] [info] Using IPOPT optimizer algorithm.
[2024-03-05 12:29:16.509] [info] Setting optimizer print level to 0.
[2024-03-05 12:29:16.509] [info] Setting optimizer convergence tolerance to 1.0e-05.
[2024-03-05 12:29:16.509] [info] Setting optimizer maximum iterations to 2000.
[2024-03-05 12:29:16.509] [info] Setting cmc controller to not use verbose printing.

[2024-03-05 12:29:16.509] [info] CMC::computeControls, t = 1.954
[2024-03-05 12:29:17.240] [info] --------------------------------------------
[2024-03-05 12:29:17.240] [info] Using CMC to track the specified kinematics:
[2024-03-05 12:29:17.240] [info] --------------------------------------------
[2024-03-05 12:29:17.240] [info]  -- Integrating from 1.954 to 2.674
[2024-03-05 12:29:17.240] [info]  -- Start time = Tue Mar  5 12:29:17 2024
[2024-03-05 12:29:17.240] [info] --------------------------------------------
[2024-03-05 12:29:17.240] [info] 
[2024-03-05 12:29:17.247] [info] CMC::computeControls, t = 1.954
[2024-03-05 12:29:17.287] [info] CMC::computeControls, t = 1.955
[2024-03-05 12:29:17.288] [warning] Coordinate.setValue:  coordinate subtalar_angle_r is locked. Unable to change its value.
[2024-03-05 12:29:17.288] [warning] Coordinate.setValue:  coordinate mtp_angle_r is locked. Unable to change its value.
[2024-03-05 12:29:17.288] [warning] Coordinate.setValue:  coordinate subtalar_angle_l is locked. Unable to change its value.
[2024-03-05 12:29:17.288] [warning] Coordinate.setValue:  coordinate mtp_angle_l is locked. Unable to change its value.
[2024-03-05 12:29:17.288] [warning] Coordinate.setValue:  coordinate wrist_flex_r is locked. Unable to change its value.
[2024-03-05 12:29:17.288] [warning] Coordinate.setValue:  coordinate wrist_dev_r is locked. Unable to change its value.
[2024-03-05 12:29:17.288] [warning] Coordinate.setValue:  coordinate wrist_flex_l is locked. Unable to change its value.
[2024-03-05 12:29:17.288] [warning] Coordinate.setValue:  coordinate wrist_dev_l is locked. Unable to change its value.
[2024-03-05 12:29:17.307] [info] CMC::computeControls, t = 1.956
[2024-03-05 12:29:17.329] [info] CMC::computeControls, t = 1.957
[2024-03-05 12:29:17.345] [info] CMC::computeControls, t = 1.958
[2024-03-05 12:29:17.368] [info] CMC::computeControls, t = 1.959
[2024-03-05 12:29:17.387] [info] CMC::computeControls, t = 1.96
[2024-03-05 12:29:17.411] [info] CMC::computeControls, t = 1.961
[2024-03-05 12:29:17.434] [info] CMC::computeControls, t = 1.962
[2024-03-05 12:29:17.449] [info] CMC::computeControls, t = 1.963
[2024-03-05 12:29:17.465] [info] CMC::computeControls, t = 1.964
[2024-03-05 12:29:17.488] [info] CMC::computeControls, t = 1.965
[2024-03-05 12:29:17.505] [info] CMC::computeControls, t = 1.966
[2024-03-05 12:29:17.530] [info] CMC::computeControls, t = 1.967
[2024-03-05 12:29:17.546] [info] CMC::computeControls, t = 1.968
[2024-03-05 12:29:17.569] [info] CMC::computeControls, t = 1.969
[2024-03-05 12:29:17.586] [info] CMC::computeControls, t = 1.97
[2024-03-05 12:29:17.612] [info] CMC::computeControls, t = 1.971
[2024-03-05 12:29:17.632] [info] CMC::computeControls, t = 1.972
[2024-03-05 12:29:17.656] [info] CMC::computeControls, t = 1.973
[2024-03-05 12:29:17.672] [info] CMC::computeControls, t = 1.974
[2024-03-05 12:29:17.688] [info] CMC::computeControls, t = 1.975
[2024-03-05 12:29:17.723] [info] CMC::computeControls, t = 1.976
[2024-03-05 12:29:17.739] [info] CMC::computeControls, t = 1.977
[2024-03-05 12:29:17.755] [info] CMC::computeControls, t = 1.978
[2024-03-05 12:29:17.776] [info] CMC::computeControls, t = 1.979
[2024-03-05 12:29:17.805] [info] CMC::computeControls, t = 1.98
[2024-03-05 12:29:17.820] [info] CMC::computeControls, t = 1.981
[2024-03-05 12:29:17.836] [info] CMC::computeControls, t = 1.982
[2024-03-05 12:29:17.852] [info] CMC::computeControls, t = 1.983
[2024-03-05 12:29:17.877] [info] CMC::computeControls, t = 1.984
[2024-03-05 12:29:17.892] [info] CMC::computeControls, t = 1.985
[2024-03-05 12:29:17.917] [info] CMC::computeControls, t = 1.986
[2024-03-05 12:29:17.932] [info] CMC::computeControls, t = 1.987
[2024-03-05 12:29:17.948] [info] CMC::computeControls, t = 1.988
[2024-03-05 12:29:17.971] [info] CMC::computeControls, t = 1.989
[2024-03-05 12:29:17.988] [info] CMC::computeControls, t = 1.99
[2024-03-05 12:29:18.004] [info] CMC::computeControls, t = 1.991
[2024-03-05 12:29:18.036] [info] CMC::computeControls, t = 1.992
[2024-03-05 12:29:18.052] [info] CMC::computeControls, t = 1.993
[2024-03-05 12:29:18.075] [info] CMC::computeControls, t = 1.994
[2024-03-05 12:29:18.092] [info] CMC::computeControls, t = 1.995
[2024-03-05 12:29:18.117] [info] CMC::computeControls, t = 1.996
[2024-03-05 12:29:18.134] [info] CMC::computeControls, t = 1.997
[2024-03-05 12:29:18.150] [info] CMC::computeControls, t = 1.998
[2024-03-05 12:29:18.168] [info] CMC::computeControls, t = 1.999
[2024-03-05 12:29:18.197] [info] CMC::computeControls, t = 2.0
[2024-03-05 12:29:18.214] [info] CMC::computeControls, t = 2.00100
[2024-03-05 12:29:18.230] [info] CMC::computeControls, t = 2.00200
[2024-03-05 12:29:18.245] [info] CMC::computeControls, t = 2.00300
[2024-03-05 12:29:18.264] [info] CMC::computeControls, t = 2.00400
[2024-03-05 12:29:18.281] [info] CMC::computeControls, t = 2.00500
[2024-03-05 12:29:18.298] [info] CMC::computeControls, t = 2.00600
[2024-03-05 12:29:18.314] [info] CMC::computeControls, t = 2.00700
[2024-03-05 12:29:18.331] [info] CMC::computeControls, t = 2.00800
[2024-03-05 12:29:18.351] [info] CMC::computeControls, t = 2.00900
[2024-03-05 12:29:18.368] [info] CMC::computeControls, t = 2.01
[2024-03-05 12:29:18.384] [info] CMC::computeControls, t = 2.011
[2024-03-05 12:29:18.403] [info] CMC::computeControls, t = 2.012
[2024-03-05 12:29:18.420] [info] CMC::computeControls, t = 2.013
[2024-03-05 12:29:18.436] [info] CMC::computeControls, t = 2.014
[2024-03-05 12:29:18.452] [info] CMC::computeControls, t = 2.015
[2024-03-05 12:29:18.470] [info] CMC::computeControls, t = 2.016
[2024-03-05 12:29:18.486] [info] CMC::computeControls, t = 2.017
[2024-03-05 12:29:18.503] [info] CMC::computeControls, t = 2.018
[2024-03-05 12:29:18.525] [info] CMC::computeControls, t = 2.019
[2024-03-05 12:29:18.541] [info] CMC::computeControls, t = 2.02
[2024-03-05 12:29:18.558] [info] CMC::computeControls, t = 2.021
[2024-03-05 12:29:18.574] [info] CMC::computeControls, t = 2.022
[2024-03-05 12:29:18.590] [info] CMC::computeControls, t = 2.023
[2024-03-05 12:29:18.607] [info] CMC::computeControls, t = 2.024
[2024-03-05 12:29:18.631] [info] CMC::computeControls, t = 2.025
[2024-03-05 12:29:18.652] [info] CMC::computeControls, t = 2.026
[2024-03-05 12:29:18.668] [info] CMC::computeControls, t = 2.027
[2024-03-05 12:29:18.685] [info] CMC::computeControls, t = 2.028
[2024-03-05 12:29:18.701] [info] CMC::computeControls, t = 2.029
[2024-03-05 12:29:18.717] [info] CMC::computeControls, t = 2.03
[2024-03-05 12:29:18.734] [info] CMC::computeControls, t = 2.031
[2024-03-05 12:29:18.751] [info] CMC::computeControls, t = 2.032
[2024-03-05 12:29:18.767] [info] CMC::computeControls, t = 2.033
[2024-03-05 12:29:18.795] [info] CMC::computeControls, t = 2.034
[2024-03-05 12:29:18.822] [info] CMC::computeControls, t = 2.035
[2024-03-05 12:29:18.837] [info] CMC::computeControls, t = 2.036
[2024-03-05 12:29:18.858] [info] CMC::computeControls, t = 2.037
[2024-03-05 12:29:18.888] [info] CMC::computeControls, t = 2.038
[2024-03-05 12:29:18.903] [info] CMC::computeControls, t = 2.039
[2024-03-05 12:29:18.920] [info] CMC::computeControls, t = 2.04
[2024-03-05 12:29:18.935] [info] CMC::computeControls, t = 2.041
[2024-03-05 12:29:18.951] [info] CMC::computeControls, t = 2.042
[2024-03-05 12:29:18.966] [info] CMC::computeControls, t = 2.043
[2024-03-05 12:29:18.982] [info] CMC::computeControls, t = 2.044
[2024-03-05 12:29:18.998] [info] CMC::computeControls, t = 2.045
[2024-03-05 12:29:19.013] [info] CMC::computeControls, t = 2.046
[2024-03-05 12:29:19.043] [info] CMC::computeControls, t = 2.047
[2024-03-05 12:29:19.079] [info] CMC::computeControls, t = 2.048
[2024-03-05 12:29:19.112] [info] CMC::computeControls, t = 2.049
[2024-03-05 12:29:19.128] [info] CMC::computeControls, t = 2.05
[2024-03-05 12:29:19.146] [info] CMC::computeControls, t = 2.051
[2024-03-05 12:29:19.167] [info] CMC::computeControls, t = 2.052
[2024-03-05 12:29:19.183] [info] CMC::computeControls, t = 2.053
[2024-03-05 12:29:19.201] [info] CMC::computeControls, t = 2.054
[2024-03-05 12:29:19.231] [info] CMC::computeControls, t = 2.055
[2024-03-05 12:29:19.249] [info] CMC::computeControls, t = 2.056
[2024-03-05 12:29:19.267] [info] CMC::computeControls, t = 2.057
[2024-03-05 12:29:19.282] [info] CMC::computeControls, t = 2.058
[2024-03-05 12:29:19.298] [info] CMC::computeControls, t = 2.059
[2024-03-05 12:29:19.314] [info] CMC::computeControls, t = 2.06
[2024-03-05 12:29:19.329] [info] CMC::computeControls, t = 2.061
[2024-03-05 12:29:19.345] [info] CMC::computeControls, t = 2.062
[2024-03-05 12:29:19.364] [info] CMC::computeControls, t = 2.063
[2024-03-05 12:29:19.391] [info] CMC::computeControls, t = 2.064
[2024-03-05 12:29:19.410] [info] CMC::computeControls, t = 2.065
[2024-03-05 12:29:19.425] [info] CMC::computeControls, t = 2.066
[2024-03-05 12:29:19.441] [info] CMC::computeControls, t = 2.067
[2024-03-05 12:29:19.456] [info] CMC::computeControls, t = 2.068
[2024-03-05 12:29:19.486] [info] CMC::computeControls, t = 2.069
[2024-03-05 12:29:19.506] [info] CMC::computeControls, t = 2.07
[2024-03-05 12:29:19.544] [info] CMC::computeControls, t = 2.071
[2024-03-05 12:29:19.578] [info] CMC::computeControls, t = 2.072
[2024-03-05 12:29:19.596] [info] CMC::computeControls, t = 2.073
[2024-03-05 12:29:19.611] [info] CMC::computeControls, t = 2.074
[2024-03-05 12:29:19.636] [info] CMC::computeControls, t = 2.075
[2024-03-05 12:29:19.651] [info] CMC::computeControls, t = 2.076
[2024-03-05 12:29:19.669] [info] CMC::computeControls, t = 2.077
[2024-03-05 12:29:19.691] [info] CMC::computeControls, t = 2.078
[2024-03-05 12:29:19.707] [info] CMC::computeControls, t = 2.079
[2024-03-05 12:29:19.730] [info] CMC::computeControls, t = 2.08
[2024-03-05 12:29:19.748] [info] CMC::computeControls, t = 2.081
[2024-03-05 12:29:19.764] [info] CMC::computeControls, t = 2.082
[2024-03-05 12:29:19.780] [info] CMC::computeControls, t = 2.083
[2024-03-05 12:29:19.795] [info] CMC::computeControls, t = 2.084
[2024-03-05 12:29:19.826] [info] CMC::computeControls, t = 2.085
[2024-03-05 12:29:19.851] [info] CMC::computeControls, t = 2.086
[2024-03-05 12:29:19.879] [info] CMC::computeControls, t = 2.087
[2024-03-05 12:29:19.904] [info] CMC::computeControls, t = 2.088
[2024-03-05 12:29:19.920] [info] CMC::computeControls, t = 2.089
[2024-03-05 12:29:19.935] [info] CMC::computeControls, t = 2.09
[2024-03-05 12:29:19.959] [info] CMC::computeControls, t = 2.091
[2024-03-05 12:29:19.979] [info] CMC::computeControls, t = 2.092
[2024-03-05 12:29:20.005] [info] CMC::computeControls, t = 2.093
[2024-03-05 12:29:20.022] [info] CMC::computeControls, t = 2.094
[2024-03-05 12:29:20.038] [info] CMC::computeControls, t = 2.095
[2024-03-05 12:29:20.066] [info] CMC::computeControls, t = 2.096
[2024-03-05 12:29:20.098] [info] CMC::computeControls, t = 2.097
[2024-03-05 12:29:20.133] [info] CMC::computeControls, t = 2.098
[2024-03-05 12:29:20.154] [info] CMC::computeControls, t = 2.099
[2024-03-05 12:29:20.181] [info] CMC::computeControls, t = 2.1
[2024-03-05 12:29:20.214] [info] CMC::computeControls, t = 2.10100
[2024-03-05 12:29:20.243] [info] CMC::computeControls, t = 2.10200
[2024-03-05 12:29:20.278] [info] CMC::computeControls, t = 2.10300
[2024-03-05 12:29:20.295] [info] CMC::computeControls, t = 2.10400
[2024-03-05 12:29:20.310] [info] CMC::computeControls, t = 2.10500
[2024-03-05 12:29:20.326] [info] CMC::computeControls, t = 2.10600
[2024-03-05 12:29:20.350] [info] CMC::computeControls, t = 2.10700
[2024-03-05 12:29:20.366] [info] CMC::computeControls, t = 2.10800
[2024-03-05 12:29:20.409] [info] CMC::computeControls, t = 2.10900
[2024-03-05 12:29:20.425] [info] CMC::computeControls, t = 2.11
[2024-03-05 12:29:20.443] [info] CMC::computeControls, t = 2.111
[2024-03-05 12:29:20.458] [info] CMC::computeControls, t = 2.112
[2024-03-05 12:29:20.494] [info] CMC::computeControls, t = 2.113
[2024-03-05 12:29:20.513] [info] CMC::computeControls, t = 2.114
[2024-03-05 12:29:20.539] [info] CMC::computeControls, t = 2.115
[2024-03-05 12:29:20.560] [info] CMC::computeControls, t = 2.116
[2024-03-05 12:29:20.582] [info] CMC::computeControls, t = 2.117
[2024-03-05 12:29:20.607] [info] CMC::computeControls, t = 2.118
[2024-03-05 12:29:20.623] [info] CMC::computeControls, t = 2.119
[2024-03-05 12:29:20.638] [info] CMC::computeControls, t = 2.12
[2024-03-05 12:29:20.653] [info] CMC::computeControls, t = 2.121
[2024-03-05 12:29:20.674] [info] CMC::computeControls, t = 2.122
[2024-03-05 12:29:20.701] [info] CMC::computeControls, t = 2.123
[2024-03-05 12:29:20.726] [info] CMC::computeControls, t = 2.124
[2024-03-05 12:29:20.742] [info] CMC::computeControls, t = 2.125
[2024-03-05 12:29:20.757] [info] CMC::computeControls, t = 2.126
[2024-03-05 12:29:20.775] [info] CMC::computeControls, t = 2.127
[2024-03-05 12:29:20.790] [info] CMC::computeControls, t = 2.128
[2024-03-05 12:29:20.813] [info] CMC::computeControls, t = 2.129
[2024-03-05 12:29:20.847] [info] CMC::computeControls, t = 2.13
[2024-03-05 12:29:20.878] [info] CMC::computeControls, t = 2.131
[2024-03-05 12:29:20.904] [info] CMC::computeControls, t = 2.132
[2024-03-05 12:29:20.920] [info] CMC::computeControls, t = 2.133
[2024-03-05 12:29:20.936] [info] CMC::computeControls, t = 2.134
[2024-03-05 12:29:20.952] [info] CMC::computeControls, t = 2.135
[2024-03-05 12:29:20.972] [info] CMC::computeControls, t = 2.136
[2024-03-05 12:29:20.987] [info] CMC::computeControls, t = 2.137
[2024-03-05 12:29:21.006] [info] CMC::computeControls, t = 2.138
[2024-03-05 12:29:21.032] [info] CMC::computeControls, t = 2.139
[2024-03-05 12:29:21.058] [info] CMC::computeControls, t = 2.14
[2024-03-05 12:29:21.084] [info] CMC::computeControls, t = 2.141
[2024-03-05 12:29:21.117] [info] CMC::computeControls, t = 2.142
[2024-03-05 12:29:21.132] [info] CMC::computeControls, t = 2.143
[2024-03-05 12:29:21.159] [info] CMC::computeControls, t = 2.144
[2024-03-05 12:29:21.186] [info] CMC::computeControls, t = 2.145
[2024-03-05 12:29:21.212] [info] CMC::computeControls, t = 2.146
[2024-03-05 12:29:21.248] [info] CMC::computeControls, t = 2.147
[2024-03-05 12:29:21.270] [info] CMC::computeControls, t = 2.148
[2024-03-05 12:29:21.286] [info] CMC::computeControls, t = 2.149
[2024-03-05 12:29:21.312] [info] CMC::computeControls, t = 2.15
[2024-03-05 12:29:21.340] [info] CMC::computeControls, t = 2.151
[2024-03-05 12:29:21.365] [info] CMC::computeControls, t = 2.152
[2024-03-05 12:29:21.396] [info] CMC::computeControls, t = 2.153
[2024-03-05 12:29:21.421] [info] CMC::computeControls, t = 2.154
[2024-03-05 12:29:21.444] [info] CMC::computeControls, t = 2.155
[2024-03-05 12:29:21.467] [info] CMC::computeControls, t = 2.156
[2024-03-05 12:29:21.483] [info] CMC::computeControls, t = 2.157
[2024-03-05 12:29:21.512] [info] CMC::computeControls, t = 2.158
[2024-03-05 12:29:21.536] [info] CMC::computeControls, t = 2.159
[2024-03-05 12:29:21.557] [info] CMC::computeControls, t = 2.16
[2024-03-05 12:29:21.572] [info] CMC::computeControls, t = 2.161
[2024-03-05 12:29:21.598] [info] CMC::computeControls, t = 2.162
[2024-03-05 12:29:21.625] [info] CMC::computeControls, t = 2.163
[2024-03-05 12:29:21.642] [info] CMC::computeControls, t = 2.164
[2024-03-05 12:29:21.658] [info] CMC::computeControls, t = 2.165
[2024-03-05 12:29:21.675] [info] CMC::computeControls, t = 2.166
[2024-03-05 12:29:21.692] [info] CMC::computeControls, t = 2.167
[2024-03-05 12:29:21.710] [info] CMC::computeControls, t = 2.168
[2024-03-05 12:29:21.727] [info] CMC::computeControls, t = 2.169
[2024-03-05 12:29:21.744] [info] CMC::computeControls, t = 2.17
[2024-03-05 12:29:21.762] [info] CMC::computeControls, t = 2.171
[2024-03-05 12:29:21.778] [info] CMC::computeControls, t = 2.172
[2024-03-05 12:29:21.795] [info] CMC::computeControls, t = 2.173
[2024-03-05 12:29:21.812] [info] CMC::computeControls, t = 2.174
[2024-03-05 12:29:21.828] [info] CMC::computeControls, t = 2.175
[2024-03-05 12:29:21.845] [info] CMC::computeControls, t = 2.176
[2024-03-05 12:29:21.862] [info] CMC::computeControls, t = 2.177
[2024-03-05 12:29:21.879] [info] CMC::computeControls, t = 2.178
[2024-03-05 12:29:21.895] [info] CMC::computeControls, t = 2.179
[2024-03-05 12:29:21.912] [info] CMC::computeControls, t = 2.18
[2024-03-05 12:29:21.928] [info] CMC::computeControls, t = 2.181
[2024-03-05 12:29:21.945] [info] CMC::computeControls, t = 2.182
[2024-03-05 12:29:21.962] [info] CMC::computeControls, t = 2.183
[2024-03-05 12:29:21.980] [info] CMC::computeControls, t = 2.184
[2024-03-05 12:29:21.998] [info] CMC::computeControls, t = 2.185
[2024-03-05 12:29:22.014] [info] CMC::computeControls, t = 2.186
[2024-03-05 12:29:22.031] [info] CMC::computeControls, t = 2.187
[2024-03-05 12:29:22.047] [info] CMC::computeControls, t = 2.188
[2024-03-05 12:29:22.064] [info] CMC::computeControls, t = 2.189
[2024-03-05 12:29:22.081] [info] CMC::computeControls, t = 2.19
[2024-03-05 12:29:22.098] [info] CMC::computeControls, t = 2.191
[2024-03-05 12:29:22.117] [info] CMC::computeControls, t = 2.192
[2024-03-05 12:29:22.134] [info] CMC::computeControls, t = 2.193
[2024-03-05 12:29:22.150] [info] CMC::computeControls, t = 2.194
[2024-03-05 12:29:22.167] [info] CMC::computeControls, t = 2.195
[2024-03-05 12:29:22.183] [info] CMC::computeControls, t = 2.196
[2024-03-05 12:29:22.209] [info] CMC::computeControls, t = 2.197
[2024-03-05 12:29:22.235] [info] CMC::computeControls, t = 2.198
[2024-03-05 12:29:22.251] [info] CMC::computeControls, t = 2.199
[2024-03-05 12:29:22.268] [info] CMC::computeControls, t = 2.2
[2024-03-05 12:29:22.284] [info] CMC::computeControls, t = 2.20100
[2024-03-05 12:29:22.301] [info] CMC::computeControls, t = 2.20200
[2024-03-05 12:29:22.326] [info] CMC::computeControls, t = 2.20300
[2024-03-05 12:29:22.351] [info] CMC::computeControls, t = 2.20400
[2024-03-05 12:29:22.368] [info] CMC::computeControls, t = 2.20500
[2024-03-05 12:29:22.384] [info] CMC::computeControls, t = 2.20600
[2024-03-05 12:29:22.401] [info] CMC::computeControls, t = 2.20700
[2024-03-05 12:29:22.417] [info] CMC::computeControls, t = 2.20800
[2024-03-05 12:29:22.434] [info] CMC::computeControls, t = 2.20900
[2024-03-05 12:29:22.451] [info] CMC::computeControls, t = 2.21
[2024-03-05 12:29:22.467] [info] CMC::computeControls, t = 2.211
[2024-03-05 12:29:22.487] [info] CMC::computeControls, t = 2.212
[2024-03-05 12:29:22.510] [info] CMC::computeControls, t = 2.213
[2024-03-05 12:29:22.533] [info] CMC::computeControls, t = 2.214
[2024-03-05 12:29:22.561] [info] CMC::computeControls, t = 2.215
[2024-03-05 12:29:22.584] [info] CMC::computeControls, t = 2.216
[2024-03-05 12:29:22.610] [info] CMC::computeControls, t = 2.217
[2024-03-05 12:29:22.642] [info] CMC::computeControls, t = 2.218
[2024-03-05 12:29:22.658] [info] CMC::computeControls, t = 2.219
[2024-03-05 12:29:22.674] [info] CMC::computeControls, t = 2.22
[2024-03-05 12:29:22.713] [info] CMC::computeControls, t = 2.221
[2024-03-05 12:29:22.745] [info] CMC::computeControls, t = 2.222
[2024-03-05 12:29:22.760] [info] CMC::computeControls, t = 2.223
[2024-03-05 12:29:22.775] [info] CMC::computeControls, t = 2.224
[2024-03-05 12:29:22.805] [info] CMC::computeControls, t = 2.225
[2024-03-05 12:29:22.833] [info] CMC::computeControls, t = 2.226
[2024-03-05 12:29:22.865] [info] CMC::computeControls, t = 2.227
[2024-03-05 12:29:22.898] [info] CMC::computeControls, t = 2.228
[2024-03-05 12:29:22.914] [info] CMC::computeControls, t = 2.229
[2024-03-05 12:29:22.929] [info] CMC::computeControls, t = 2.23
[2024-03-05 12:29:22.953] [info] CMC::computeControls, t = 2.231
[2024-03-05 12:29:22.977] [info] CMC::computeControls, t = 2.232
[2024-03-05 12:29:23.003] [info] CMC::computeControls, t = 2.233
[2024-03-05 12:29:23.027] [info] CMC::computeControls, t = 2.234
[2024-03-05 12:29:23.048] [info] CMC::computeControls, t = 2.235
[2024-03-05 12:29:23.074] [info] CMC::computeControls, t = 2.236
[2024-03-05 12:29:23.111] [info] CMC::computeControls, t = 2.237
[2024-03-05 12:29:23.137] [info] CMC::computeControls, t = 2.238
[2024-03-05 12:29:23.156] [info] CMC::computeControls, t = 2.239
[2024-03-05 12:29:23.184] [info] CMC::computeControls, t = 2.24
[2024-03-05 12:29:23.208] [info] CMC::computeControls, t = 2.241
[2024-03-05 12:29:23.226] [info] CMC::computeControls, t = 2.242
[2024-03-05 12:29:23.255] [info] CMC::computeControls, t = 2.243
[2024-03-05 12:29:23.275] [info] CMC::computeControls, t = 2.244
[2024-03-05 12:29:23.304] [info] CMC::computeControls, t = 2.245
[2024-03-05 12:29:23.333] [info] CMC::computeControls, t = 2.246
[2024-03-05 12:29:23.357] [info] CMC::computeControls, t = 2.247
[2024-03-05 12:29:23.390] [info] CMC::computeControls, t = 2.248
[2024-03-05 12:29:23.414] [info] CMC::computeControls, t = 2.249
[2024-03-05 12:29:23.430] [info] CMC::computeControls, t = 2.25
[2024-03-05 12:29:23.462] [info] CMC::computeControls, t = 2.251
[2024-03-05 12:29:23.486] [info] CMC::computeControls, t = 2.252
[2024-03-05 12:29:23.501] [info] CMC::computeControls, t = 2.253
[2024-03-05 12:29:23.522] [info] CMC::computeControls, t = 2.254
[2024-03-05 12:29:23.544] [info] CMC::computeControls, t = 2.255
[2024-03-05 12:29:23.576] [info] CMC::computeControls, t = 2.256
[2024-03-05 12:29:23.592] [info] CMC::computeControls, t = 2.257
[2024-03-05 12:29:23.607] [info] CMC::computeControls, t = 2.258
[2024-03-05 12:29:23.631] [info] CMC::computeControls, t = 2.259
[2024-03-05 12:29:23.646] [info] CMC::computeControls, t = 2.26
[2024-03-05 12:29:23.663] [info] CMC::computeControls, t = 2.261
[2024-03-05 12:29:23.688] [info] CMC::computeControls, t = 2.262
[2024-03-05 12:29:23.708] [info] CMC::computeControls, t = 2.263
[2024-03-05 12:29:23.729] [info] CMC::computeControls, t = 2.264
[2024-03-05 12:29:23.756] [info] CMC::computeControls, t = 2.265
[2024-03-05 12:29:23.779] [info] CMC::computeControls, t = 2.266
[2024-03-05 12:29:23.811] [info] CMC::computeControls, t = 2.267
[2024-03-05 12:29:23.834] [info] CMC::computeControls, t = 2.268
[2024-03-05 12:29:23.853] [info] CMC::computeControls, t = 2.269
[2024-03-05 12:29:23.868] [info] CMC::computeControls, t = 2.27
[2024-03-05 12:29:23.892] [info] CMC::computeControls, t = 2.271
[2024-03-05 12:29:23.914] [info] CMC::computeControls, t = 2.272
[2024-03-05 12:29:23.932] [info] CMC::computeControls, t = 2.273
[2024-03-05 12:29:23.956] [info] CMC::computeControls, t = 2.274
[2024-03-05 12:29:23.979] [info] CMC::computeControls, t = 2.275
[2024-03-05 12:29:23.995] [info] CMC::computeControls, t = 2.276
[2024-03-05 12:29:24.010] [info] CMC::computeControls, t = 2.277
[2024-03-05 12:29:24.050] [info] CMC::computeControls, t = 2.278
[2024-03-05 12:29:24.077] [info] CMC::computeControls, t = 2.279
[2024-03-05 12:29:24.099] [info] CMC::computeControls, t = 2.28
[2024-03-05 12:29:24.123] [info] CMC::computeControls, t = 2.281
[2024-03-05 12:29:24.141] [info] CMC::computeControls, t = 2.282
[2024-03-05 12:29:24.160] [info] CMC::computeControls, t = 2.283
[2024-03-05 12:29:24.181] [info] CMC::computeControls, t = 2.284
[2024-03-05 12:29:24.210] [info] CMC::computeControls, t = 2.285
[2024-03-05 12:29:24.240] [info] CMC::computeControls, t = 2.286
[2024-03-05 12:29:24.263] [info] CMC::computeControls, t = 2.287
[2024-03-05 12:29:24.288] [info] CMC::computeControls, t = 2.288
[2024-03-05 12:29:24.312] [info] CMC::computeControls, t = 2.289
[2024-03-05 12:29:24.337] [info] CMC::computeControls, t = 2.29
[2024-03-05 12:29:24.358] [info] CMC::computeControls, t = 2.291
[2024-03-05 12:29:24.393] [info] CMC::computeControls, t = 2.292
[2024-03-05 12:29:24.422] [info] CMC::computeControls, t = 2.293
[2024-03-05 12:29:24.445] [info] CMC::computeControls, t = 2.294
[2024-03-05 12:29:24.472] [info] CMC::computeControls, t = 2.295
[2024-03-05 12:29:24.491] [info] CMC::computeControls, t = 2.296
[2024-03-05 12:29:24.509] [info] CMC::computeControls, t = 2.297
[2024-03-05 12:29:24.526] [info] CMC::computeControls, t = 2.298
[2024-03-05 12:29:24.550] [info] CMC::computeControls, t = 2.299
[2024-03-05 12:29:24.572] [info] CMC::computeControls, t = 2.3
[2024-03-05 12:29:24.592] [info] CMC::computeControls, t = 2.30100
[2024-03-05 12:29:24.613] [info] CMC::computeControls, t = 2.30200
[2024-03-05 12:29:24.633] [info] CMC::computeControls, t = 2.30300
[2024-03-05 12:29:24.655] [info] CMC::computeControls, t = 2.30400
[2024-03-05 12:29:24.686] [info] CMC::computeControls, t = 2.30500
[2024-03-05 12:29:24.718] [info] CMC::computeControls, t = 2.30600
[2024-03-05 12:29:24.741] [info] CMC::computeControls, t = 2.30700
[2024-03-05 12:29:24.764] [info] CMC::computeControls, t = 2.30800
[2024-03-05 12:29:24.786] [info] CMC::computeControls, t = 2.30900
[2024-03-05 12:29:24.813] [info] CMC::computeControls, t = 2.31
[2024-03-05 12:29:24.862] [info] CMC::computeControls, t = 2.311
[2024-03-05 12:29:24.896] [info] CMC::computeControls, t = 2.312
[2024-03-05 12:29:24.921] [info] CMC::computeControls, t = 2.313
[2024-03-05 12:29:24.952] [info] CMC::computeControls, t = 2.314
[2024-03-05 12:29:24.986] [info] CMC::computeControls, t = 2.315
[2024-03-05 12:29:25.013] [info] CMC::computeControls, t = 2.316
[2024-03-05 12:29:25.037] [info] CMC::computeControls, t = 2.317
[2024-03-05 12:29:25.056] [info] CMC::computeControls, t = 2.318
[2024-03-05 12:29:25.074] [info] CMC::computeControls, t = 2.319
[2024-03-05 12:29:25.095] [info] CMC::computeControls, t = 2.32
[2024-03-05 12:29:25.114] [info] CMC::computeControls, t = 2.321
[2024-03-05 12:29:25.143] [info] CMC::computeControls, t = 2.322
[2024-03-05 12:29:25.165] [info] CMC::computeControls, t = 2.323
[2024-03-05 12:29:25.182] [info] CMC::computeControls, t = 2.324
[2024-03-05 12:29:25.199] [info] CMC::computeControls, t = 2.325
[2024-03-05 12:29:25.216] [info] CMC::computeControls, t = 2.326
[2024-03-05 12:29:25.234] [info] CMC::computeControls, t = 2.327
[2024-03-05 12:29:25.255] [info] CMC::computeControls, t = 2.328
[2024-03-05 12:29:25.275] [info] CMC::computeControls, t = 2.329
[2024-03-05 12:29:25.293] [info] CMC::computeControls, t = 2.33
[2024-03-05 12:29:25.315] [info] CMC::computeControls, t = 2.331
[2024-03-05 12:29:25.341] [info] CMC::computeControls, t = 2.332
[2024-03-05 12:29:25.363] [info] CMC::computeControls, t = 2.333
[2024-03-05 12:29:25.383] [info] CMC::computeControls, t = 2.334
[2024-03-05 12:29:25.411] [info] CMC::computeControls, t = 2.335
[2024-03-05 12:29:25.432] [info] CMC::computeControls, t = 2.336
[2024-03-05 12:29:25.466] [info] CMC::computeControls, t = 2.337
[2024-03-05 12:29:25.499] [info] CMC::computeControls, t = 2.338
[2024-03-05 12:29:25.523] [info] CMC::computeControls, t = 2.339
[2024-03-05 12:29:25.542] [info] CMC::computeControls, t = 2.34
[2024-03-05 12:29:25.559] [info] CMC::computeControls, t = 2.341
[2024-03-05 12:29:25.577] [info] CMC::computeControls, t = 2.342
[2024-03-05 12:29:25.597] [info] CMC::computeControls, t = 2.343
[2024-03-05 12:29:25.617] [info] CMC::computeControls, t = 2.344
[2024-03-05 12:29:25.637] [info] CMC::computeControls, t = 2.345
[2024-03-05 12:29:25.656] [info] CMC::computeControls, t = 2.346
[2024-03-05 12:29:25.675] [info] CMC::computeControls, t = 2.347
[2024-03-05 12:29:25.694] [info] CMC::computeControls, t = 2.348
[2024-03-05 12:29:25.711] [info] CMC::computeControls, t = 2.349
[2024-03-05 12:29:25.730] [info] CMC::computeControls, t = 2.35
[2024-03-05 12:29:25.747] [info] CMC::computeControls, t = 2.351
[2024-03-05 12:29:25.764] [info] CMC::computeControls, t = 2.352
[2024-03-05 12:29:25.781] [info] CMC::computeControls, t = 2.353
[2024-03-05 12:29:25.801] [info] CMC::computeControls, t = 2.354
[2024-03-05 12:29:25.845] [info] CMC::computeControls, t = 2.355
[2024-03-05 12:29:25.867] [info] CMC::computeControls, t = 2.356
[2024-03-05 12:29:25.883] [info] CMC::computeControls, t = 2.357
[2024-03-05 12:29:25.903] [info] CMC::computeControls, t = 2.358
[2024-03-05 12:29:25.936] [info] CMC::computeControls, t = 2.359
[2024-03-05 12:29:25.953] [info] CMC::computeControls, t = 2.36
[2024-03-05 12:29:25.974] [info] CMC::computeControls, t = 2.361
[2024-03-05 12:29:26.001] [info] CMC::computeControls, t = 2.362
[2024-03-05 12:29:26.033] [info] CMC::computeControls, t = 2.363
[2024-03-05 12:29:26.060] [info] CMC::computeControls, t = 2.364
[2024-03-05 12:29:26.084] [info] CMC::computeControls, t = 2.365
[2024-03-05 12:29:26.103] [info] CMC::computeControls, t = 2.366
[2024-03-05 12:29:26.128] [info] CMC::computeControls, t = 2.367
[2024-03-05 12:29:26.159] [info] CMC::computeControls, t = 2.368
[2024-03-05 12:29:26.178] [info] CMC::computeControls, t = 2.369
[2024-03-05 12:29:26.197] [info] CMC::computeControls, t = 2.37
[2024-03-05 12:29:26.214] [info] CMC::computeControls, t = 2.371
[2024-03-05 12:29:26.232] [info] CMC::computeControls, t = 2.372
[2024-03-05 12:29:26.253] [info] CMC::computeControls, t = 2.373
[2024-03-05 12:29:26.274] [info] CMC::computeControls, t = 2.374
[2024-03-05 12:29:26.299] [info] CMC::computeControls, t = 2.375
[2024-03-05 12:29:26.316] [info] CMC::computeControls, t = 2.376
[2024-03-05 12:29:26.344] [info] CMC::computeControls, t = 2.377
[2024-03-05 12:29:26.374] [info] CMC::computeControls, t = 2.378
[2024-03-05 12:29:26.406] [info] CMC::computeControls, t = 2.379
[2024-03-05 12:29:26.429] [info] CMC::computeControls, t = 2.38
[2024-03-05 12:29:26.454] [info] CMC::computeControls, t = 2.381
[2024-03-05 12:29:26.470] [info] CMC::computeControls, t = 2.382
[2024-03-05 12:29:26.497] [info] CMC::computeControls, t = 2.383
[2024-03-05 12:29:26.526] [info] CMC::computeControls, t = 2.384
[2024-03-05 12:29:26.545] [info] CMC::computeControls, t = 2.385
[2024-03-05 12:29:26.567] [info] CMC::computeControls, t = 2.386
[2024-03-05 12:29:26.588] [info] CMC::computeControls, t = 2.387
[2024-03-05 12:29:26.616] [info] CMC::computeControls, t = 2.388
[2024-03-05 12:29:26.636] [info] CMC::computeControls, t = 2.389
[2024-03-05 12:29:26.660] [info] CMC::computeControls, t = 2.39
[2024-03-05 12:29:26.676] [info] CMC::computeControls, t = 2.391
[2024-03-05 12:29:26.693] [info] CMC::computeControls, t = 2.392
[2024-03-05 12:29:26.712] [info] CMC::computeControls, t = 2.393
[2024-03-05 12:29:26.728] [info] CMC::computeControls, t = 2.394
[2024-03-05 12:29:26.753] [info] CMC::computeControls, t = 2.395
[2024-03-05 12:29:26.782] [info] CMC::computeControls, t = 2.396
[2024-03-05 12:29:26.809] [info] CMC::computeControls, t = 2.397
[2024-03-05 12:29:26.828] [info] CMC::computeControls, t = 2.398
[2024-03-05 12:29:26.850] [info] CMC::computeControls, t = 2.399
[2024-03-05 12:29:26.870] [info] CMC::computeControls, t = 2.4
[2024-03-05 12:29:26.893] [info] CMC::computeControls, t = 2.40100
[2024-03-05 12:29:26.911] [info] CMC::computeControls, t = 2.40200
[2024-03-05 12:29:26.928] [info] CMC::computeControls, t = 2.40300
[2024-03-05 12:29:26.944] [info] CMC::computeControls, t = 2.40400
[2024-03-05 12:29:26.967] [info] CMC::computeControls, t = 2.40500
[2024-03-05 12:29:26.985] [info] CMC::computeControls, t = 2.40600
[2024-03-05 12:29:27.001] [info] CMC::computeControls, t = 2.40700
[2024-03-05 12:29:27.016] [info] CMC::computeControls, t = 2.40800
[2024-03-05 12:29:27.032] [info] CMC::computeControls, t = 2.40900
[2024-03-05 12:29:27.048] [info] CMC::computeControls, t = 2.41
[2024-03-05 12:29:27.063] [info] CMC::computeControls, t = 2.411
[2024-03-05 12:29:27.087] [info] CMC::computeControls, t = 2.412
[2024-03-05 12:29:27.110] [info] CMC::computeControls, t = 2.413
[2024-03-05 12:29:27.142] [info] CMC::computeControls, t = 2.414
[2024-03-05 12:29:27.173] [info] CMC::computeControls, t = 2.415
[2024-03-05 12:29:27.189] [info] CMC::computeControls, t = 2.416
[2024-03-05 12:29:27.224] [info] CMC::computeControls, t = 2.417
[2024-03-05 12:29:27.255] [info] CMC::computeControls, t = 2.418
[2024-03-05 12:29:27.270] [info] CMC::computeControls, t = 2.419
[2024-03-05 12:29:27.286] [info] CMC::computeControls, t = 2.42
[2024-03-05 12:29:27.311] [info] CMC::computeControls, t = 2.421
[2024-03-05 12:29:27.340] [info] CMC::computeControls, t = 2.422
[2024-03-05 12:29:27.372] [info] CMC::computeControls, t = 2.423
[2024-03-05 12:29:27.390] [info] CMC::computeControls, t = 2.424
[2024-03-05 12:29:27.407] [info] CMC::computeControls, t = 2.425
[2024-03-05 12:29:27.431] [info] CMC::computeControls, t = 2.426
[2024-03-05 12:29:27.446] [info] CMC::computeControls, t = 2.427
[2024-03-05 12:29:27.463] [info] CMC::computeControls, t = 2.428
[2024-03-05 12:29:27.479] [info] CMC::computeControls, t = 2.429
[2024-03-05 12:29:27.495] [info] CMC::computeControls, t = 2.43
[2024-03-05 12:29:27.520] [info] CMC::computeControls, t = 2.431
[2024-03-05 12:29:27.536] [info] CMC::computeControls, t = 2.432
[2024-03-05 12:29:27.571] [info] CMC::computeControls, t = 2.433
[2024-03-05 12:29:27.599] [info] CMC::computeControls, t = 2.434
[2024-03-05 12:29:27.623] [info] CMC::computeControls, t = 2.435
[2024-03-05 12:29:27.638] [info] CMC::computeControls, t = 2.436
[2024-03-05 12:29:27.654] [info] CMC::computeControls, t = 2.437
[2024-03-05 12:29:27.671] [info] CMC::computeControls, t = 2.438
[2024-03-05 12:29:27.705] [info] CMC::computeControls, t = 2.439
[2024-03-05 12:29:27.723] [info] CMC::computeControls, t = 2.44
[2024-03-05 12:29:27.742] [info] CMC::computeControls, t = 2.441
[2024-03-05 12:29:27.768] [info] CMC::computeControls, t = 2.442
[2024-03-05 12:29:27.784] [info] CMC::computeControls, t = 2.443
[2024-03-05 12:29:27.800] [info] CMC::computeControls, t = 2.444
[2024-03-05 12:29:27.823] [info] CMC::computeControls, t = 2.445
[2024-03-05 12:29:27.843] [info] CMC::computeControls, t = 2.446
[2024-03-05 12:29:27.861] [info] CMC::computeControls, t = 2.447
[2024-03-05 12:29:27.879] [info] CMC::computeControls, t = 2.448
[2024-03-05 12:29:27.898] [info] CMC::computeControls, t = 2.449
[2024-03-05 12:29:27.925] [info] CMC::computeControls, t = 2.45
[2024-03-05 12:29:27.940] [info] CMC::computeControls, t = 2.451
[2024-03-05 12:29:27.956] [info] CMC::computeControls, t = 2.452
[2024-03-05 12:29:27.977] [info] CMC::computeControls, t = 2.453
[2024-03-05 12:29:28.000] [info] CMC::computeControls, t = 2.454
[2024-03-05 12:29:28.015] [info] CMC::computeControls, t = 2.455
[2024-03-05 12:29:28.048] [info] CMC::computeControls, t = 2.456
[2024-03-05 12:29:28.066] [info] CMC::computeControls, t = 2.457
[2024-03-05 12:29:28.090] [info] CMC::computeControls, t = 2.458
[2024-03-05 12:29:28.108] [info] CMC::computeControls, t = 2.459
[2024-03-05 12:29:28.125] [info] CMC::computeControls, t = 2.46
[2024-03-05 12:29:28.141] [info] CMC::computeControls, t = 2.461
[2024-03-05 12:29:28.159] [info] CMC::computeControls, t = 2.462
[2024-03-05 12:29:28.176] [info] CMC::computeControls, t = 2.463
[2024-03-05 12:29:28.192] [info] CMC::computeControls, t = 2.464
[2024-03-05 12:29:28.210] [info] CMC::computeControls, t = 2.465
[2024-03-05 12:29:28.226] [info] CMC::computeControls, t = 2.466
[2024-03-05 12:29:28.251] [info] CMC::computeControls, t = 2.467
[2024-03-05 12:29:28.269] [info] CMC::computeControls, t = 2.468
[2024-03-05 12:29:28.303] [info] CMC::computeControls, t = 2.469
[2024-03-05 12:29:28.338] [info] CMC::computeControls, t = 2.47
[2024-03-05 12:29:28.368] [info] CMC::computeControls, t = 2.471
[2024-03-05 12:29:28.393] [info] CMC::computeControls, t = 2.472
[2024-03-05 12:29:28.420] [info] CMC::computeControls, t = 2.473
[2024-03-05 12:29:28.437] [info] CMC::computeControls, t = 2.474
[2024-03-05 12:29:28.467] [info] CMC::computeControls, t = 2.475
[2024-03-05 12:29:28.489] [info] CMC::computeControls, t = 2.476
[2024-03-05 12:29:28.523] [info] CMC::computeControls, t = 2.477
[2024-03-05 12:29:28.539] [info] CMC::computeControls, t = 2.478
[2024-03-05 12:29:28.581] [info] CMC::computeControls, t = 2.479
[2024-03-05 12:29:28.600] [info] CMC::computeControls, t = 2.48
[2024-03-05 12:29:28.626] [info] CMC::computeControls, t = 2.481
[2024-03-05 12:29:28.644] [info] CMC::computeControls, t = 2.482
[2024-03-05 12:29:28.667] [info] CMC::computeControls, t = 2.483
[2024-03-05 12:29:28.690] [info] CMC::computeControls, t = 2.484
[2024-03-05 12:29:28.715] [info] CMC::computeControls, t = 2.485
[2024-03-05 12:29:28.743] [info] CMC::computeControls, t = 2.486
[2024-03-05 12:29:28.760] [info] CMC::computeControls, t = 2.487
[2024-03-05 12:29:28.777] [info] CMC::computeControls, t = 2.488
[2024-03-05 12:29:28.794] [info] CMC::computeControls, t = 2.489
[2024-03-05 12:29:28.811] [info] CMC::computeControls, t = 2.49
[2024-03-05 12:29:28.827] [info] CMC::computeControls, t = 2.491
[2024-03-05 12:29:28.844] [info] CMC::computeControls, t = 2.492
[2024-03-05 12:29:28.867] [info] CMC::computeControls, t = 2.493
[2024-03-05 12:29:28.884] [info] CMC::computeControls, t = 2.494
[2024-03-05 12:29:28.911] [info] CMC::computeControls, t = 2.495
[2024-03-05 12:29:28.940] [info] CMC::computeControls, t = 2.496
[2024-03-05 12:29:28.959] [info] CMC::computeControls, t = 2.497
[2024-03-05 12:29:28.975] [info] CMC::computeControls, t = 2.498
[2024-03-05 12:29:28.992] [info] CMC::computeControls, t = 2.499
[2024-03-05 12:29:29.009] [info] CMC::computeControls, t = 2.5
[2024-03-05 12:29:29.032] [info] CMC::computeControls, t = 2.50100
[2024-03-05 12:29:29.049] [info] CMC::computeControls, t = 2.50200
[2024-03-05 12:29:29.066] [info] CMC::computeControls, t = 2.50300
[2024-03-05 12:29:29.083] [info] CMC::computeControls, t = 2.50400
[2024-03-05 12:29:29.101] [info] CMC::computeControls, t = 2.50500
[2024-03-05 12:29:29.127] [info] CMC::computeControls, t = 2.50600
[2024-03-05 12:29:29.144] [info] CMC::computeControls, t = 2.50700
[2024-03-05 12:29:29.161] [info] CMC::computeControls, t = 2.50800
[2024-03-05 12:29:29.178] [info] CMC::computeControls, t = 2.50900
[2024-03-05 12:29:29.195] [info] CMC::computeControls, t = 2.51
[2024-03-05 12:29:29.216] [info] CMC::computeControls, t = 2.511
[2024-03-05 12:29:29.234] [info] CMC::computeControls, t = 2.512
[2024-03-05 12:29:29.252] [info] CMC::computeControls, t = 2.513
[2024-03-05 12:29:29.270] [info] CMC::computeControls, t = 2.514
[2024-03-05 12:29:29.287] [info] CMC::computeControls, t = 2.515
[2024-03-05 12:29:29.304] [info] CMC::computeControls, t = 2.516
[2024-03-05 12:29:29.322] [info] CMC::computeControls, t = 2.517
[2024-03-05 12:29:29.338] [info] CMC::computeControls, t = 2.518
[2024-03-05 12:29:29.355] [info] CMC::computeControls, t = 2.519
[2024-03-05 12:29:29.372] [info] CMC::computeControls, t = 2.52
[2024-03-05 12:29:29.390] [info] CMC::computeControls, t = 2.521
[2024-03-05 12:29:29.407] [info] CMC::computeControls, t = 2.522
[2024-03-05 12:29:29.423] [info] CMC::computeControls, t = 2.523
[2024-03-05 12:29:29.442] [info] CMC::computeControls, t = 2.524
[2024-03-05 12:29:29.461] [info] CMC::computeControls, t = 2.525
[2024-03-05 12:29:29.477] [info] CMC::computeControls, t = 2.526
[2024-03-05 12:29:29.493] [info] CMC::computeControls, t = 2.527
[2024-03-05 12:29:29.513] [info] CMC::computeControls, t = 2.528
[2024-03-05 12:29:29.538] [info] CMC::computeControls, t = 2.529
[2024-03-05 12:29:29.558] [info] CMC::computeControls, t = 2.53
[2024-03-05 12:29:29.591] [info] CMC::computeControls, t = 2.531
[2024-03-05 12:29:29.617] [info] CMC::computeControls, t = 2.532
[2024-03-05 12:29:29.643] [info] CMC::computeControls, t = 2.533
[2024-03-05 12:29:29.684] [info] CMC::computeControls, t = 2.534
[2024-03-05 12:29:29.710] [info] CMC::computeControls, t = 2.535
[2024-03-05 12:29:29.726] [info] CMC::computeControls, t = 2.536
[2024-03-05 12:29:29.757] [info] CMC::computeControls, t = 2.537
[2024-03-05 12:29:29.794] [info] CMC::computeControls, t = 2.538
[2024-03-05 12:29:29.818] [info] CMC::computeControls, t = 2.539
[2024-03-05 12:29:29.848] [info] CMC::computeControls, t = 2.54
[2024-03-05 12:29:29.868] [info] CMC::computeControls, t = 2.541
[2024-03-05 12:29:29.884] [info] CMC::computeControls, t = 2.542
[2024-03-05 12:29:29.900] [info] CMC::computeControls, t = 2.543
[2024-03-05 12:29:29.927] [info] CMC::computeControls, t = 2.544
[2024-03-05 12:29:29.943] [info] CMC::computeControls, t = 2.545
[2024-03-05 12:29:29.963] [info] CMC::computeControls, t = 2.546
[2024-03-05 12:29:29.984] [info] CMC::computeControls, t = 2.547
[2024-03-05 12:29:30.007] [info] CMC::computeControls, t = 2.548
[2024-03-05 12:29:30.029] [info] CMC::computeControls, t = 2.549
[2024-03-05 12:29:30.045] [info] CMC::computeControls, t = 2.55
[2024-03-05 12:29:30.070] [info] CMC::computeControls, t = 2.551
[2024-03-05 12:29:30.097] [info] CMC::computeControls, t = 2.552
[2024-03-05 12:29:30.123] [info] CMC::computeControls, t = 2.553
[2024-03-05 12:29:30.147] [info] CMC::computeControls, t = 2.554
[2024-03-05 12:29:30.163] [info] CMC::computeControls, t = 2.555
[2024-03-05 12:29:30.185] [info] CMC::computeControls, t = 2.556
[2024-03-05 12:29:30.201] [info] CMC::computeControls, t = 2.557
[2024-03-05 12:29:30.227] [info] CMC::computeControls, t = 2.558
[2024-03-05 12:29:30.251] [info] CMC::computeControls, t = 2.559
[2024-03-05 12:29:30.273] [info] CMC::computeControls, t = 2.56
[2024-03-05 12:29:30.292] [info] CMC::computeControls, t = 2.561
[2024-03-05 12:29:30.309] [info] CMC::computeControls, t = 2.562
[2024-03-05 12:29:30.328] [info] CMC::computeControls, t = 2.563
[2024-03-05 12:29:30.354] [info] CMC::computeControls, t = 2.564
[2024-03-05 12:29:30.369] [info] CMC::computeControls, t = 2.565
[2024-03-05 12:29:30.385] [info] CMC::computeControls, t = 2.566
[2024-03-05 12:29:30.419] [info] CMC::computeControls, t = 2.567
[2024-03-05 12:29:30.454] [info] CMC::computeControls, t = 2.568
[2024-03-05 12:29:30.481] [info] CMC::computeControls, t = 2.569
[2024-03-05 12:29:30.499] [info] CMC::computeControls, t = 2.57
[2024-03-05 12:29:30.514] [info] CMC::computeControls, t = 2.571
[2024-03-05 12:29:30.539] [info] CMC::computeControls, t = 2.572
[2024-03-05 12:29:30.566] [info] CMC::computeControls, t = 2.573
[2024-03-05 12:29:30.590] [info] CMC::computeControls, t = 2.574
[2024-03-05 12:29:30.606] [info] CMC::computeControls, t = 2.575
[2024-03-05 12:29:30.629] [info] CMC::computeControls, t = 2.576
[2024-03-05 12:29:30.661] [info] CMC::computeControls, t = 2.577
[2024-03-05 12:29:30.678] [info] CMC::computeControls, t = 2.578
[2024-03-05 12:29:30.698] [info] CMC::computeControls, t = 2.579
[2024-03-05 12:29:30.722] [info] CMC::computeControls, t = 2.58
[2024-03-05 12:29:30.748] [info] CMC::computeControls, t = 2.581
[2024-03-05 12:29:30.776] [info] CMC::computeControls, t = 2.582
[2024-03-05 12:29:30.793] [info] CMC::computeControls, t = 2.583
[2024-03-05 12:29:30.809] [info] CMC::computeControls, t = 2.584
[2024-03-05 12:29:30.830] [info] CMC::computeControls, t = 2.585
[2024-03-05 12:29:30.859] [info] CMC::computeControls, t = 2.586
[2024-03-05 12:29:30.884] [info] CMC::computeControls, t = 2.587
[2024-03-05 12:29:30.900] [info] CMC::computeControls, t = 2.588
[2024-03-05 12:29:30.921] [info] CMC::computeControls, t = 2.589
[2024-03-05 12:29:30.950] [info] CMC::computeControls, t = 2.59
[2024-03-05 12:29:30.970] [info] CMC::computeControls, t = 2.591
[2024-03-05 12:29:30.989] [info] CMC::computeControls, t = 2.592
[2024-03-05 12:29:31.005] [info] CMC::computeControls, t = 2.593
[2024-03-05 12:29:31.021] [info] CMC::computeControls, t = 2.594
[2024-03-05 12:29:31.038] [info] CMC::computeControls, t = 2.595
[2024-03-05 12:29:31.055] [info] CMC::computeControls, t = 2.596
[2024-03-05 12:29:31.071] [info] CMC::computeControls, t = 2.597
[2024-03-05 12:29:31.088] [info] CMC::computeControls, t = 2.598
[2024-03-05 12:29:31.104] [info] CMC::computeControls, t = 2.599
[2024-03-05 12:29:31.144] [info] CMC::computeControls, t = 2.6
[2024-03-05 12:29:31.167] [info] CMC::computeControls, t = 2.60100
[2024-03-05 12:29:31.190] [info] CMC::computeControls, t = 2.60200
[2024-03-05 12:29:31.212] [info] CMC::computeControls, t = 2.60300
[2024-03-05 12:29:31.233] [info] CMC::computeControls, t = 2.60400
[2024-03-05 12:29:31.252] [info] CMC::computeControls, t = 2.60500
[2024-03-05 12:29:31.270] [info] CMC::computeControls, t = 2.60600
[2024-03-05 12:29:31.288] [info] CMC::computeControls, t = 2.60700
[2024-03-05 12:29:31.310] [info] CMC::computeControls, t = 2.60800
[2024-03-05 12:29:31.328] [info] CMC::computeControls, t = 2.60900
[2024-03-05 12:29:31.345] [info] CMC::computeControls, t = 2.61
[2024-03-05 12:29:31.362] [info] CMC::computeControls, t = 2.611
[2024-03-05 12:29:31.379] [info] CMC::computeControls, t = 2.612
[2024-03-05 12:29:31.396] [info] CMC::computeControls, t = 2.613
[2024-03-05 12:29:31.417] [info] CMC::computeControls, t = 2.614
[2024-03-05 12:29:31.434] [info] CMC::computeControls, t = 2.615
[2024-03-05 12:29:31.451] [info] CMC::computeControls, t = 2.616
[2024-03-05 12:29:31.467] [info] CMC::computeControls, t = 2.617
[2024-03-05 12:29:31.484] [info] CMC::computeControls, t = 2.618
[2024-03-05 12:29:31.502] [info] CMC::computeControls, t = 2.619
[2024-03-05 12:29:31.519] [info] CMC::computeControls, t = 2.62
[2024-03-05 12:29:31.536] [info] CMC::computeControls, t = 2.621
[2024-03-05 12:29:31.555] [info] CMC::computeControls, t = 2.622
[2024-03-05 12:29:31.572] [info] CMC::computeControls, t = 2.623
[2024-03-05 12:29:31.589] [info] CMC::computeControls, t = 2.624
[2024-03-05 12:29:31.608] [info] CMC::computeControls, t = 2.625
[2024-03-05 12:29:31.625] [info] CMC::computeControls, t = 2.626
[2024-03-05 12:29:31.645] [info] CMC::computeControls, t = 2.627
[2024-03-05 12:29:31.664] [info] CMC::computeControls, t = 2.628
[2024-03-05 12:29:31.686] [info] CMC::computeControls, t = 2.629
[2024-03-05 12:29:31.703] [info] CMC::computeControls, t = 2.63
[2024-03-05 12:29:31.729] [info] CMC::computeControls, t = 2.631
[2024-03-05 12:29:31.764] [info] CMC::computeControls, t = 2.632
[2024-03-05 12:29:31.781] [info] CMC::computeControls, t = 2.633
[2024-03-05 12:29:31.798] [info] CMC::computeControls, t = 2.634
[2024-03-05 12:29:31.815] [info] CMC::computeControls, t = 2.635
[2024-03-05 12:29:31.832] [info] CMC::computeControls, t = 2.636
[2024-03-05 12:29:31.850] [info] CMC::computeControls, t = 2.637
[2024-03-05 12:29:31.868] [info] CMC::computeControls, t = 2.638
[2024-03-05 12:29:31.886] [info] CMC::computeControls, t = 2.639
[2024-03-05 12:29:31.927] [info] CMC::computeControls, t = 2.64
[2024-03-05 12:29:31.942] [info] CMC::computeControls, t = 2.641
[2024-03-05 12:29:31.971] [info] CMC::computeControls, t = 2.642
[2024-03-05 12:29:31.987] [info] CMC::computeControls, t = 2.643
[2024-03-05 12:29:32.008] [info] CMC::computeControls, t = 2.644
[2024-03-05 12:29:32.032] [info] CMC::computeControls, t = 2.645
[2024-03-05 12:29:32.050] [info] CMC::computeControls, t = 2.646
[2024-03-05 12:29:32.077] [info] CMC::computeControls, t = 2.647
[2024-03-05 12:29:32.102] [info] CMC::computeControls, t = 2.648
[2024-03-05 12:29:32.128] [info] CMC::computeControls, t = 2.649
[2024-03-05 12:29:32.143] [info] CMC::computeControls, t = 2.65
[2024-03-05 12:29:32.165] [info] CMC::computeControls, t = 2.651
[2024-03-05 12:29:32.190] [info] CMC::computeControls, t = 2.652
[2024-03-05 12:29:32.206] [info] CMC::computeControls, t = 2.653
[2024-03-05 12:29:32.233] [info] CMC::computeControls, t = 2.654
[2024-03-05 12:29:32.248] [info] CMC::computeControls, t = 2.655
[2024-03-05 12:29:32.264] [info] CMC::computeControls, t = 2.656
[2024-03-05 12:29:32.289] [info] CMC::computeControls, t = 2.657
[2024-03-05 12:29:32.307] [info] CMC::computeControls, t = 2.658
[2024-03-05 12:29:32.323] [info] CMC::computeControls, t = 2.659
[2024-03-05 12:29:32.342] [info] CMC::computeControls, t = 2.66
[2024-03-05 12:29:32.369] [info] CMC::computeControls, t = 2.661
[2024-03-05 12:29:32.390] [info] CMC::computeControls, t = 2.662
[2024-03-05 12:29:32.421] [info] CMC::computeControls, t = 2.663
[2024-03-05 12:29:32.438] [info] CMC::computeControls, t = 2.664
[2024-03-05 12:29:32.456] [info] CMC::computeControls, t = 2.665
[2024-03-05 12:29:32.473] [info] CMC::computeControls, t = 2.666
[2024-03-05 12:29:32.490] [info] CMC::computeControls, t = 2.667
[2024-03-05 12:29:32.507] [info] CMC::computeControls, t = 2.668
[2024-03-05 12:29:32.524] [info] CMC::computeControls, t = 2.669
[2024-03-05 12:29:32.541] [info] CMC::computeControls, t = 2.67
[2024-03-05 12:29:32.559] [info] CMC::computeControls, t = 2.671
[2024-03-05 12:29:32.583] [info] CMC::computeControls, t = 2.672
[2024-03-05 12:29:32.603] [info] CMC::computeControls, t = 2.673
[2024-03-05 12:29:32.620] [info] -------------------------------------------
[2024-03-05 12:29:32.620] [info] Finished tracking the specified kinematics:
[2024-03-05 12:29:32.621] [info] -------------------------------------------
[2024-03-05 12:29:32.621] [info]  -- Start time = Tue Mar  5 12:29:17 2024
[2024-03-05 12:29:32.621] [info]  -- Finish time = Tue Mar  5 12:29:32 2024
[2024-03-05 12:29:32.621] [info]  -- Elapsed time = 15.0 seconds.
[2024-03-05 12:29:32.621] [info] -------------------------------------------
[2024-03-05 12:29:32.621] [info] 
[2024-03-05 12:29:32.621] [info] Printing results of investigation subject01_run3_cycle3 to cycle3/
[2024-03-05 12:29:33.078] [info] 

************************************************************
*      Summary of Mass Adjustments to Reduce Residuals     *
************************************************************
* Body adjusted: torso
* Mass Center (COM) adjustment: dx =-0.0386873, dz =-0.00275733
* New COM location: ~[0.00786324,0.32879,0.00275733]
************************************************************
* Recommended mass adjustments:                             
*  Total mass change: 0.268379
*  pelvis: orig mass = 11.4128, new mass = 11.4548
*  femur_r: orig mass = 9.01374, new mass = 9.04695
*  tibia_r: orig mass = 3.59284, new mass = 3.60608
*  talus_r: orig mass = 0.0969073, new mass = 0.0972644
*  calcn_r: orig mass = 1.21134, new mass = 1.2158
*  toes_r: orig mass = 0.209901, new mass = 0.210675
*  femur_l: orig mass = 9.01374, new mass = 9.04695
*  tibia_l: orig mass = 3.59284, new mass = 3.60608
*  talus_l: orig mass = 0.0969073, new mass = 0.0972644
*  calcn_l: orig mass = 1.21134, new mass = 1.2158
*  toes_l: orig mass = 0.209901, new mass = 0.210675
*  torso: orig mass = 25.9969, new mass = 26.0927
*  humerus_r: orig mass = 1.96964, new mass = 1.9769
*  ulna_r: orig mass = 0.588712, new mass = 0.590881
*  radius_r: orig mass = 0.588712, new mass = 0.590881
*  hand_r: orig mass = 0.443351, new mass = 0.444985
*  humerus_l: orig mass = 1.96964, new mass = 1.9769
*  ulna_l: orig mass = 0.588712, new mass = 0.590881
*  radius_l: orig mass = 0.588712, new mass = 0.590881
*  hand_l: orig mass = 0.443351, new mass = 0.444985
************************************************************
* Note: Edit the model to make recommended adjustments to  *
*       mass properties.                                   *
************************************************************

* Average residuals before adjusting torso COM:
*  FX=-0.124801 FY=-2.6319 FZ=-1.46516
*  MX=0.702961 MY=0.681174 MZ=-9.86306
************************************************************
* Average residuals after adjusting torso COM:
*  FX=-0.0607624 FY=-2.67396 FZ=-1.6381
*  MX=0.097812 MY=0.764585 MZ=-0.370002
************************************************************


[2024-03-05 12:29:33.078] [info] 
************************************************************
*                   Final Average Residuals                *
************************************************************
* After torso COM and Kinematics adjustments:
*  FX=3.84939 FY=-1.1107 FZ=-0.576709
*  MX=-1.30914 MY=-1.68015 MZ=5.13981
************************************************************


