[2023-03-11 04:11:25.202] [info] Old version storage/motion file encountered
[2023-03-11 04:11:25.202] [info] Storage: read data file = ..\..\ik\Run_5.mot (nr=647 nc=164)
[2023-03-11 04:11:25.203] [info] .. assuming rotations in Degrees..
[2023-03-11 04:11:25.285] [info] Old version storage/motion file encountered
[2023-03-11 04:11:25.285] [info] Storage: read data file = ..\..\ik\Run_5.mot (nr=647 nc=164)
[2023-03-11 04:11:25.285] [info] .. assuming rotations in Degrees..
[2023-03-11 04:11:27.144] [info] Loaded model subject20_scaled from file ..\..\model\subject20_adjusted_scaled.osim
[2023-03-11 04:11:27.418] [info] Loaded model subject20_scaled from file ..\..\model\subject20_adjusted_scaled.osim
[2023-03-11 04:11:27.511] [warning] ExternalLoads 'externalloads' has subcomponents with duplicate name 'externalforce'. The duplicate is being renamed to 'externalforce_0'.
[2023-03-11 04:11:27.611] [info] ExternalForce::externalforce Data source being set to Run_500 02_newCOP3_v24.mot
[2023-03-11 04:11:27.611] [info] ExternalForce::externalforce_0 Data source being set to Run_500 02_newCOP3_v24.mot
[2023-03-11 04:11:27.740] [info] ExternalForce::externalforce Data source being set to Run_500 02_newCOP3_v24.mot
[2023-03-11 04:11:27.740] [info] ExternalForce::externalforce_0 Data source being set to Run_500 02_newCOP3_v24.mot
[2023-03-11 04:11:27.845] [info] ExternalForce::externalforce Data source being set to Run_500 02_newCOP3_v24.mot
[2023-03-11 04:11:27.846] [info] ExternalForce::externalforce_0 Data source being set to Run_500 02_newCOP3_v24.mot
[2023-03-11 04:11:27.993] [info] ExternalForce::externalforce Data source being set to Run_500 02_newCOP3_v24.mot
[2023-03-11 04:11:27.993] [info] ExternalForce::externalforce_0 Data source being set to Run_500 02_newCOP3_v24.mot
[2023-12-06 06:51:52.225] [info] Old version storage/motion file encountered
[2023-12-06 06:51:52.226] [info] Storage: read data file = ..\..\ik\Run_5.mot (nr=647 nc=164)
[2023-12-06 06:51:52.226] [info] .. assuming rotations in Degrees..
[2023-12-06 06:51:52.306] [info] Old version storage/motion file encountered
[2023-12-06 06:51:52.306] [info] Storage: read data file = ..\..\ik\Run_5.mot (nr=647 nc=164)
[2023-12-06 06:51:52.306] [info] .. assuming rotations in Degrees..
[2023-12-06 06:51:53.915] [info] Loaded model subject20_scaled from file ..\..\model\subject20_adjusted_scaled.osim
[2023-12-06 06:51:55.300] [info] Loaded model subject20_scaled from file ..\..\model\subject20_adjusted_scaled.osim
[2023-12-06 06:51:55.349] [warning] ExternalLoads 'externalloads' has subcomponents with duplicate name 'externalforce'. The duplicate is being renamed to 'externalforce_0'.
[2023-12-06 06:51:55.408] [info] ExternalForce::externalforce Data source being set to Run_500 02_newCOP3_v24.mot
[2023-12-06 06:51:55.408] [info] ExternalForce::externalforce_0 Data source being set to Run_500 02_newCOP3_v24.mot
[2023-12-06 06:51:55.478] [info] ExternalForce::externalforce Data source being set to Run_500 02_newCOP3_v24.mot
[2023-12-06 06:51:55.479] [info] ExternalForce::externalforce_0 Data source being set to Run_500 02_newCOP3_v24.mot
[2023-12-06 06:51:55.519] [info] ExternalForce::externalforce Data source being set to Run_500 02_newCOP3_v24.mot
[2023-12-06 06:51:55.519] [info] ExternalForce::externalforce_0 Data source being set to Run_500 02_newCOP3_v24.mot
[2023-12-06 06:51:55.577] [info] ExternalForce::externalforce Data source being set to Run_500 02_newCOP3_v24.mot
[2023-12-06 06:51:55.577] [info] ExternalForce::externalforce_0 Data source being set to Run_500 02_newCOP3_v24.mot
