[2023-03-10 21:11:37.828] [info] ExternalForce::externalforce Data source being set to Run_500 03_newCOP3_v24.mot
[2023-03-10 21:11:37.828] [info] ExternalForce::externalforce_0 Data source being set to Run_500 03_newCOP3_v24.mot
[2023-03-10 21:11:38.117] [info] ExternalForce::externalforce Data source being set to Run_500 03_newCOP3_v24.mot
[2023-03-10 21:11:38.117] [info] ExternalForce::externalforce_0 Data source being set to Run_500 03_newCOP3_v24.mot
[2023-03-10 21:11:38.350] [info] ExternalForce::externalforce Data source being set to Run_500 03_newCOP3_v24.mot
[2023-03-10 21:11:38.350] [info] ExternalForce::externalforce_0 Data source being set to Run_500 03_newCOP3_v24.mot
[2023-03-10 21:11:38.586] [info] ExternalForce::externalforce Data source being set to Run_500 03_newCOP3_v24.mot
[2023-03-10 21:11:38.586] [info] ExternalForce::externalforce_0 Data source being set to Run_500 03_newCOP3_v24.mot
[2023-03-10 21:11:38.744] [info] ExternalForce::externalforce Data source being set to Run_500 03_newCOP3_v24.mot
[2023-03-10 21:11:38.744] [info] ExternalForce::externalforce_0 Data source being set to Run_500 03_newCOP3_v24.mot
[2023-03-10 21:11:38.897] [info] ExternalForce::externalforce Data source being set to Run_500 03_newCOP3_v24.mot
[2023-03-10 21:11:38.897] [info] ExternalForce::externalforce_0 Data source being set to Run_500 03_newCOP3_v24.mot
[2023-03-10 21:11:39.066] [info] ExternalForce::externalforce Data source being set to Run_500 03_newCOP3_v24.mot
[2023-03-10 21:11:39.066] [info] ExternalForce::externalforce_0 Data source being set to Run_500 03_newCOP3_v24.mot
[2023-03-10 21:11:39.268] [info] ExternalForce::externalforce Data source being set to Run_500 03_newCOP3_v24.mot
[2023-03-10 21:11:39.269] [info] ExternalForce::externalforce_0 Data source being set to Run_500 03_newCOP3_v24.mot
[2023-03-10 21:11:39.448] [info] ExternalForce::externalforce Data source being set to Run_500 03_newCOP3_v24.mot
[2023-03-10 21:11:39.448] [info] ExternalForce::externalforce_0 Data source being set to Run_500 03_newCOP3_v24.mot
[2023-03-10 21:11:39.652] [info] ExternalForce::externalforce Data source being set to Run_500 03_newCOP3_v24.mot
[2023-03-10 21:11:39.652] [info] ExternalForce::externalforce_0 Data source being set to Run_500 03_newCOP3_v24.mot
[2023-03-10 21:11:39.838] [info] ExternalForce::externalforce Data source being set to Run_500 03_newCOP3_v24.mot
[2023-03-10 21:11:39.838] [info] ExternalForce::externalforce_0 Data source being set to Run_500 03_newCOP3_v24.mot
[2023-03-10 21:11:40.036] [info] ExternalForce::externalforce Data source being set to Run_500 03_newCOP3_v24.mot
[2023-03-10 21:11:40.036] [info] ExternalForce::externalforce_0 Data source being set to Run_500 03_newCOP3_v24.mot
[2023-03-10 21:11:40.225] [info] ExternalForce::externalforce Data source being set to Run_500 03_newCOP3_v24.mot
[2023-03-10 21:11:40.225] [info] ExternalForce::externalforce_0 Data source being set to Run_500 03_newCOP3_v24.mot
[2023-03-10 21:11:40.376] [info] ExternalForce::externalforce Data source being set to Run_500 03_newCOP3_v24.mot
[2023-03-10 21:11:40.376] [info] ExternalForce::externalforce_0 Data source being set to Run_500 03_newCOP3_v24.mot
[2023-03-10 21:11:40.510] [info] ExternalForce::externalforce Data source being set to Run_500 03_newCOP3_v24.mot
[2023-03-10 21:11:40.510] [info] ExternalForce::externalforce_0 Data source being set to Run_500 03_newCOP3_v24.mot
[2023-03-10 21:11:40.716] [info] ExternalForce::externalforce Data source being set to Run_500 03_newCOP3_v24.mot
[2023-03-10 21:11:40.716] [info] ExternalForce::externalforce_0 Data source being set to Run_500 03_newCOP3_v24.mot
[2023-03-10 21:11:40.870] [info] ExternalForce::externalforce Data source being set to Run_500 03_newCOP3_v24.mot
[2023-03-10 21:11:40.870] [info] ExternalForce::externalforce_0 Data source being set to Run_500 03_newCOP3_v24.mot
[2023-03-10 21:11:41.014] [info] ExternalForce::externalforce Data source being set to Run_500 03_newCOP3_v24.mot
[2023-03-10 21:11:41.014] [info] ExternalForce::externalforce_0 Data source being set to Run_500 03_newCOP3_v24.mot
[2023-03-10 21:11:41.175] [info] ExternalForce::externalforce Data source being set to Run_500 03_newCOP3_v24.mot
[2023-03-10 21:11:41.175] [info] ExternalForce::externalforce_0 Data source being set to Run_500 03_newCOP3_v24.mot
[2023-03-10 21:11:41.352] [info] ExternalForce::externalforce Data source being set to Run_500 03_newCOP3_v24.mot
[2023-03-10 21:11:41.352] [info] ExternalForce::externalforce_0 Data source being set to Run_500 03_newCOP3_v24.mot
[2023-03-10 21:11:41.509] [info] ExternalForce::externalforce Data source being set to Run_500 03_newCOP3_v24.mot
[2023-03-10 21:11:41.509] [info] ExternalForce::externalforce_0 Data source being set to Run_500 03_newCOP3_v24.mot
[2023-03-10 21:11:41.655] [info] ExternalForce::externalforce Data source being set to Run_500 03_newCOP3_v24.mot
[2023-03-10 21:11:41.655] [info] ExternalForce::externalforce_0 Data source being set to Run_500 03_newCOP3_v24.mot
[2023-03-10 21:11:42.238] [info] ExternalForce::externalforce Data source being set to Run_500 03_newCOP3_v24.mot
[2023-03-10 21:11:42.238] [info] ExternalForce::externalforce_0 Data source being set to Run_500 03_newCOP3_v24.mot
[2023-03-10 21:11:42.451] [info] ExternalForce::externalforce Data source being set to Run_500 03_newCOP3_v24.mot
[2023-03-10 21:11:42.451] [info] ExternalForce::externalforce_0 Data source being set to Run_500 03_newCOP3_v24.mot
[2023-03-10 21:11:42.629] [info] ExternalForce::externalforce Data source being set to Run_500 03_newCOP3_v24.mot
[2023-03-10 21:11:42.629] [info] ExternalForce::externalforce_0 Data source being set to Run_500 03_newCOP3_v24.mot
[2023-03-10 21:11:42.761] [info] ExternalForce::externalforce Data source being set to Run_500 03_newCOP3_v24.mot
[2023-03-10 21:11:42.761] [info] ExternalForce::externalforce_0 Data source being set to Run_500 03_newCOP3_v24.mot
[2023-03-10 21:11:43.008] [info] ExternalForce::externalforce Data source being set to Run_500 03_newCOP3_v24.mot
[2023-03-10 21:11:43.008] [info] ExternalForce::externalforce_0 Data source being set to Run_500 03_newCOP3_v24.mot
[2023-03-10 21:11:43.193] [info] ExternalForce::externalforce Data source being set to Run_500 03_newCOP3_v24.mot
[2023-03-10 21:11:43.193] [info] ExternalForce::externalforce_0 Data source being set to Run_500 03_newCOP3_v24.mot
[2023-03-10 21:11:43.370] [info] ExternalForce::externalforce Data source being set to Run_500 03_newCOP3_v24.mot
[2023-03-10 21:11:43.370] [info] ExternalForce::externalforce_0 Data source being set to Run_500 03_newCOP3_v24.mot
[2023-03-10 21:11:43.518] [info] ExternalForce::externalforce Data source being set to Run_500 03_newCOP3_v24.mot
[2023-03-10 21:11:43.519] [info] ExternalForce::externalforce_0 Data source being set to Run_500 03_newCOP3_v24.mot
[2023-03-10 21:11:43.550] [info] ========================================================================
[2023-03-10 21:11:43.550] [info] MocoCasADiSolver starting.
[2023-03-10 21:11:43.550] [info] Fri Mar 10 21:11:43 2023
[2023-03-10 21:11:43.550] [info] ------------------------------------------------------------------------
[2023-03-10 21:11:43.550] [cout] [info] Costs: (total: 2)
[2023-03-10 21:11:43.550] [cout] [info]   state_tracking. MocoStateTrackingGoal, enabled: true, mode: cost, weight: 1.0
[2023-03-10 21:11:43.550] [cout] [info]         state: /jointset/ground_pelvis/pelvis_tilt/value, weight: 750.0
[2023-03-10 21:11:43.550] [cout] [info]         state: /jointset/ground_pelvis/pelvis_list/value, weight: 250.0
[2023-03-10 21:11:43.550] [cout] [info]         state: /jointset/ground_pelvis/pelvis_rotation/value, weight: 50.0
[2023-03-10 21:11:43.550] [cout] [info]         state: /jointset/ground_pelvis/pelvis_tx/value, weight: 25.0
[2023-03-10 21:11:43.550] [cout] [info]         state: /jointset/ground_pelvis/pelvis_ty/value, weight: 100.0
[2023-03-10 21:11:43.550] [cout] [info]         state: /jointset/ground_pelvis/pelvis_tz/value, weight: 25.0
[2023-03-10 21:11:43.550] [cout] [info]         state: /jointset/hip_r/hip_flexion_r/value, weight: 75.0
[2023-03-10 21:11:43.550] [cout] [info]         state: /jointset/hip_r/hip_adduction_r/value, weight: 50.0
[2023-03-10 21:11:43.550] [cout] [info]         state: /jointset/hip_r/hip_rotation_r/value, weight: 10.0
[2023-03-10 21:11:43.550] [cout] [info]         state: /jointset/knee_r/knee_angle_r/value, weight: 10.0
[2023-03-10 21:11:43.550] [cout] [info]         state: /jointset/ankle_r/ankle_angle_r/value, weight: 10.0
[2023-03-10 21:11:43.550] [cout] [info]         state: /jointset/hip_l/hip_flexion_l/value, weight: 75.0
[2023-03-10 21:11:43.550] [cout] [info]         state: /jointset/hip_l/hip_adduction_l/value, weight: 50.0
[2023-03-10 21:11:43.550] [cout] [info]         state: /jointset/hip_l/hip_rotation_l/value, weight: 10.0
[2023-03-10 21:11:43.550] [cout] [info]         state: /jointset/knee_l/knee_angle_l/value, weight: 10.0
[2023-03-10 21:11:43.550] [cout] [info]         state: /jointset/ankle_l/ankle_angle_l/value, weight: 10.0
[2023-03-10 21:11:43.550] [cout] [info]         state: /jointset/back/lumbar_extension/value, weight: 75.0
[2023-03-10 21:11:43.551] [cout] [info]         state: /jointset/back/lumbar_bending/value, weight: 50.0
[2023-03-10 21:11:43.551] [cout] [info]         state: /jointset/back/lumbar_rotation/value, weight: 25.0
[2023-03-10 21:11:43.551] [cout] [info]         state: /jointset/acromial_r/arm_flex_r/value, weight: 1.0
[2023-03-10 21:11:43.551] [cout] [info]         state: /jointset/acromial_r/arm_add_r/value, weight: 1.0
[2023-03-10 21:11:43.551] [cout] [info]         state: /jointset/acromial_r/arm_rot_r/value, weight: 1.0
[2023-03-10 21:11:43.551] [cout] [info]         state: /jointset/elbow_r/elbow_flex_r/value, weight: 1.0
[2023-03-10 21:11:43.551] [cout] [info]         state: /jointset/radioulnar_r/pro_sup_r/value, weight: 1.0
[2023-03-10 21:11:43.551] [cout] [info]         state: /jointset/acromial_l/arm_flex_l/value, weight: 1.0
[2023-03-10 21:11:43.551] [cout] [info]         state: /jointset/acromial_l/arm_add_l/value, weight: 1.0
[2023-03-10 21:11:43.551] [cout] [info]         state: /jointset/acromial_l/arm_rot_l/value, weight: 1.0
[2023-03-10 21:11:43.551] [cout] [info]         state: /jointset/elbow_l/elbow_flex_l/value, weight: 1.0
[2023-03-10 21:11:43.551] [cout] [info]         state: /jointset/radioulnar_l/pro_sup_l/value, weight: 1.0
[2023-03-10 21:11:43.551] [cout] [info]         state: /jointset/subtalar_r/subtalar_angle_r/value, weight: 0.0
[2023-03-10 21:11:43.551] [cout] [info]         state: /jointset/mtp_r/mtp_angle_r/value, weight: 0.0
[2023-03-10 21:11:43.551] [cout] [info]         state: /jointset/subtalar_l/subtalar_angle_l/value, weight: 0.0
[2023-03-10 21:11:43.551] [cout] [info]         state: /jointset/mtp_l/mtp_angle_l/value, weight: 0.0
[2023-03-10 21:11:43.551] [cout] [info]         state: /jointset/radius_hand_r/wrist_flex_r/value, weight: 0.0
[2023-03-10 21:11:43.551] [cout] [info]         state: /jointset/radius_hand_r/wrist_dev_r/value, weight: 0.0
[2023-03-10 21:11:43.551] [cout] [info]         state: /jointset/radius_hand_l/wrist_flex_l/value, weight: 0.0
[2023-03-10 21:11:43.551] [cout] [info]         state: /jointset/radius_hand_l/wrist_dev_l/value, weight: 0.0
[2023-03-10 21:11:43.551] [cout] [info]   control_effort. MocoControlGoal, enabled: true, mode: cost, weight: 0.00100000
[2023-03-10 21:11:43.551] [cout] [info]         control: /forceset/pelvis_tx_actuator, weight: 1.0
[2023-03-10 21:11:43.551] [cout] [info]         control: /forceset/pelvis_ty_actuator, weight: 1.0
[2023-03-10 21:11:43.551] [cout] [info]         control: /forceset/pelvis_tz_actuator, weight: 1.0
[2023-03-10 21:11:43.552] [cout] [info]         control: /forceset/pelvis_tilt_actuator, weight: 1.0
[2023-03-10 21:11:43.552] [cout] [info]         control: /forceset/pelvis_list_actuator, weight: 1.0
[2023-03-10 21:11:43.552] [cout] [info]         control: /forceset/pelvis_rotation_actuator, weight: 1.0
[2023-03-10 21:11:43.552] [cout] [info]         control: /forceset/hip_flexion_r_actuator, weight: 1.0
[2023-03-10 21:11:43.552] [cout] [info]         control: /forceset/hip_adduction_r_actuator, weight: 1.0
[2023-03-10 21:11:43.552] [cout] [info]         control: /forceset/hip_rotation_r_actuator, weight: 1.0
[2023-03-10 21:11:43.552] [cout] [info]         control: /forceset/knee_angle_r_actuator, weight: 1.0
[2023-03-10 21:11:43.552] [cout] [info]         control: /forceset/ankle_angle_r_actuator, weight: 1.0
[2023-03-10 21:11:43.552] [cout] [info]         control: /forceset/hip_flexion_l_actuator, weight: 1.0
[2023-03-10 21:11:43.552] [cout] [info]         control: /forceset/hip_adduction_l_actuator, weight: 1.0
[2023-03-10 21:11:43.552] [cout] [info]         control: /forceset/hip_rotation_l_actuator, weight: 1.0
[2023-03-10 21:11:43.552] [cout] [info]         control: /forceset/knee_angle_l_actuator, weight: 1.0
[2023-03-10 21:11:43.552] [cout] [info]         control: /forceset/ankle_angle_l_actuator, weight: 1.0
[2023-03-10 21:11:43.552] [cout] [info]         control: /forceset/lumbar_extension_actuator, weight: 1.0
[2023-03-10 21:11:43.552] [cout] [info]         control: /forceset/lumbar_bending_actuator, weight: 1.0
[2023-03-10 21:11:43.552] [cout] [info]         control: /forceset/lumbar_rotation_actuator, weight: 1.0
[2023-03-10 21:11:43.552] [cout] [info]         control: /forceset/arm_flex_r_actuator, weight: 1.0
[2023-03-10 21:11:43.552] [cout] [info]         control: /forceset/arm_add_r_actuator, weight: 1.0
[2023-03-10 21:11:43.552] [cout] [info]         control: /forceset/arm_rot_r_actuator, weight: 1.0
[2023-03-10 21:11:43.552] [cout] [info]         control: /forceset/elbow_flex_r_actuator, weight: 1.0
[2023-03-10 21:11:43.552] [cout] [info]         control: /forceset/pro_sup_r_actuator, weight: 1.0
[2023-03-10 21:11:43.552] [cout] [info]         control: /forceset/arm_flex_l_actuator, weight: 1.0
[2023-03-10 21:11:43.553] [cout] [info]         control: /forceset/arm_add_l_actuator, weight: 1.0
[2023-03-10 21:11:43.553] [cout] [info]         control: /forceset/arm_rot_l_actuator, weight: 1.0
[2023-03-10 21:11:43.553] [cout] [info]         control: /forceset/elbow_flex_l_actuator, weight: 1.0
[2023-03-10 21:11:43.553] [cout] [info]         control: /forceset/pro_sup_l_actuator, weight: 1.0
[2023-03-10 21:11:43.553] [cout] [info] Endpoint constraints: none
[2023-03-10 21:11:43.553] [cout] [info] Kinematic constraints: (total: 8)
[2023-03-10 21:11:43.553] [cout] [info]   kinematic_constraint_cid27. MocoConstraintInfo. number of scalar equations: 3. bounds: 0, 0, 0
[2023-03-10 21:11:43.553] [cout] [info]   kinematic_constraint_cid28. MocoConstraintInfo. number of scalar equations: 3. bounds: 0, 0, 0
[2023-03-10 21:11:43.553] [cout] [info]   kinematic_constraint_cid31. MocoConstraintInfo. number of scalar equations: 3. bounds: 0, 0, 0
[2023-03-10 21:11:43.553] [cout] [info]   kinematic_constraint_cid32. MocoConstraintInfo. number of scalar equations: 3. bounds: 0, 0, 0
[2023-03-10 21:11:43.553] [cout] [info]   kinematic_constraint_cid33. MocoConstraintInfo. number of scalar equations: 3. bounds: 0, 0, 0
[2023-03-10 21:11:43.553] [cout] [info]   kinematic_constraint_cid34. MocoConstraintInfo. number of scalar equations: 3. bounds: 0, 0, 0
[2023-03-10 21:11:43.553] [cout] [info]   kinematic_constraint_cid35. MocoConstraintInfo. number of scalar equations: 3. bounds: 0, 0, 0
[2023-03-10 21:11:43.553] [cout] [info]   kinematic_constraint_cid36. MocoConstraintInfo. number of scalar equations: 3. bounds: 0, 0, 0
[2023-03-10 21:11:43.553] [cout] [info] Path constraints: none
[2023-03-10 21:11:43.553] [cout] [info] States: (total: 74)
[2023-03-10 21:11:43.553] [cout] [info]   /jointset/ground_pelvis/pelvis_tilt/value. bounds: [-0.374062, 0.134487]
[2023-03-10 21:11:43.553] [cout] [info]   /jointset/ground_pelvis/pelvis_list/value. bounds: [-0.31441, 0.301673]
[2023-03-10 21:11:43.553] [cout] [info]   /jointset/radioulnar_r/pro_sup_r/value. bounds: [1.47892, 1.99532]
[2023-03-10 21:11:43.554] [cout] [info]   /jointset/ground_pelvis/pelvis_rotation/value. bounds: [-0.260349, 0.34966]
[2023-03-10 21:11:43.554] [cout] [info]   /jointset/ground_pelvis/pelvis_tx/value. bounds: [0.658706, 1.1446]
[2023-03-10 21:11:43.554] [cout] [info]   /jointset/elbow_r/elbow_flex_r/value. bounds: [1.29516, 2.55398]
[2023-03-10 21:11:43.554] [cout] [info]   /jointset/ground_pelvis/pelvis_ty/value. bounds: [0.857467, 1.161]
[2023-03-10 21:11:43.554] [cout] [info]   /jointset/radius_hand_l/wrist_flex_l/speed. bounds: [-50, 50]
[2023-03-10 21:11:43.554] [cout] [info]   /jointset/ground_pelvis/pelvis_tz/value. bounds: [-0.572207, -0.127763]
[2023-03-10 21:11:43.554] [cout] [info]   /jointset/hip_r/hip_adduction_r/speed. bounds: [-50, 50]
[2023-03-10 21:11:43.554] [cout] [info]   /jointset/ankle_r/ankle_angle_r/value. bounds: [-0.647617, 0.684005]
[2023-03-10 21:11:43.554] [cout] [info]   /jointset/hip_r/hip_flexion_r/value. bounds: [-0.552611, 1.17956]
[2023-03-10 21:11:43.554] [cout] [info]   /jointset/hip_r/hip_adduction_r/value. bounds: [-0.163445, 0.398732]
[2023-03-10 21:11:43.554] [cout] [info]   /jointset/back/lumbar_rotation/speed. bounds: [-50, 50]
[2023-03-10 21:11:43.554] [cout] [info]   /jointset/hip_r/hip_rotation_r/value. bounds: [-0.220955, 0.274792]
[2023-03-10 21:11:43.554] [cout] [info]   /jointset/mtp_l/mtp_angle_l/speed. bounds: [-50, 50]
[2023-03-10 21:11:43.554] [cout] [info]   /jointset/knee_r/knee_angle_r/value. bounds: [-2.44544, 0.113937]
[2023-03-10 21:11:43.554] [cout] [info]   /jointset/subtalar_r/subtalar_angle_r/value. bounds: [-1.5708, 1.5708]
[2023-03-10 21:11:43.554] [cout] [info]   /jointset/hip_l/hip_flexion_l/value. bounds: [-0.561503, 1.11188]
[2023-03-10 21:11:43.554] [cout] [info]   /jointset/hip_l/hip_adduction_l/value. bounds: [-0.184277, 0.412735]
[2023-03-10 21:11:43.555] [cout] [info]   /jointset/hip_l/hip_rotation_l/value. bounds: [-0.164216, 0.306189]
[2023-03-10 21:11:43.555] [cout] [info]   /jointset/knee_l/knee_angle_l/value. bounds: [-2.32107, 0.0896753]
[2023-03-10 21:11:43.555] [cout] [info]   /jointset/knee_r/knee_angle_r/speed. bounds: [-50, 50]
[2023-03-10 21:11:43.555] [cout] [info]   /jointset/ankle_l/ankle_angle_l/value. bounds: [-0.631969, 0.660855]
[2023-03-10 21:11:43.555] [cout] [info]   /jointset/back/lumbar_extension/value. bounds: [-0.337027, 0.26866]
[2023-03-10 21:11:43.555] [cout] [info]   /jointset/back/lumbar_bending/value. bounds: [-0.241819, 0.325234]
[2023-03-10 21:11:43.555] [cout] [info]   /jointset/back/lumbar_rotation/value. bounds: [-0.359124, 0.444165]
[2023-03-10 21:11:43.555] [cout] [info]   /jointset/acromial_r/arm_flex_r/value. bounds: [-1.04096, -0.210398]
[2023-03-10 21:11:43.555] [cout] [info]   /jointset/acromial_r/arm_add_r/value. bounds: [-0.538091, -0.0567304]
[2023-03-10 21:11:43.555] [cout] [info]   /jointset/acromial_r/arm_rot_r/value. bounds: [-0.607827, 0.17132]
[2023-03-10 21:11:43.555] [cout] [info]   /jointset/acromial_l/arm_flex_l/value. bounds: [-1.0001, -0.0971289]
[2023-03-10 21:11:43.555] [cout] [info]   /jointset/acromial_l/arm_add_l/value. bounds: [-0.584124, -0.0584312]
[2023-03-10 21:11:43.555] [cout] [info]   /jointset/acromial_l/arm_rot_l/value. bounds: [-0.364836, 0.27665]
[2023-03-10 21:11:43.555] [cout] [info]   /jointset/elbow_l/elbow_flex_l/value. bounds: [1.51495, 2.70244]
[2023-03-10 21:11:43.555] [cout] [info]   /jointset/radioulnar_l/pro_sup_l/value. bounds: [1.38252, 1.91421]
[2023-03-10 21:11:43.555] [cout] [info]   /jointset/ground_pelvis/pelvis_tilt/speed. bounds: [-50, 50]
[2023-03-10 21:11:43.555] [cout] [info]   /jointset/ground_pelvis/pelvis_list/speed. bounds: [-50, 50]
[2023-03-10 21:11:43.555] [cout] [info]   /jointset/radioulnar_r/pro_sup_r/speed. bounds: [-50, 50]
[2023-03-10 21:11:43.555] [cout] [info]   /jointset/ground_pelvis/pelvis_rotation/speed. bounds: [-50, 50]
[2023-03-10 21:11:43.555] [cout] [info]   /jointset/ground_pelvis/pelvis_tx/speed. bounds: [-50, 50]
[2023-03-10 21:11:43.555] [cout] [info]   /jointset/elbow_r/elbow_flex_r/speed. bounds: [-50, 50]
[2023-03-10 21:11:43.556] [cout] [info]   /jointset/ground_pelvis/pelvis_ty/speed. bounds: [-50, 50]
[2023-03-10 21:11:43.556] [cout] [info]   /jointset/ground_pelvis/pelvis_tz/speed. bounds: [-50, 50]
[2023-03-10 21:11:43.556] [cout] [info]   /jointset/ankle_r/ankle_angle_r/speed. bounds: [-50, 50]
[2023-03-10 21:11:43.556] [cout] [info]   /jointset/hip_r/hip_flexion_r/speed. bounds: [-50, 50]
[2023-03-10 21:11:43.556] [cout] [info]   /jointset/hip_r/hip_rotation_r/speed. bounds: [-50, 50]
[2023-03-10 21:11:43.556] [cout] [info]   /jointset/hip_l/hip_flexion_l/speed. bounds: [-50, 50]
[2023-03-10 21:11:43.556] [cout] [info]   /jointset/subtalar_r/subtalar_angle_r/speed. bounds: [-50, 50]
[2023-03-10 21:11:43.556] [cout] [info]   /jointset/mtp_r/mtp_angle_r/value. bounds: [-1.5708, 1.5708]
[2023-03-10 21:11:43.556] [cout] [info]   /jointset/mtp_r/mtp_angle_r/speed. bounds: [-50, 50]
[2023-03-10 21:11:43.556] [cout] [info]   /jointset/hip_l/hip_adduction_l/speed. bounds: [-50, 50]
[2023-03-10 21:11:43.556] [cout] [info]   /jointset/hip_l/hip_rotation_l/speed. bounds: [-50, 50]
[2023-03-10 21:11:43.556] [cout] [info]   /jointset/knee_l/knee_angle_l/speed. bounds: [-50, 50]
[2023-03-10 21:11:43.556] [cout] [info]   /jointset/ankle_l/ankle_angle_l/speed. bounds: [-50, 50]
[2023-03-10 21:11:43.556] [cout] [info]   /jointset/subtalar_l/subtalar_angle_l/value. bounds: [-1.5708, 1.5708]
[2023-03-10 21:11:43.556] [cout] [info]   /jointset/subtalar_l/subtalar_angle_l/speed. bounds: [-50, 50]
[2023-03-10 21:11:43.556] [cout] [info]   /jointset/mtp_l/mtp_angle_l/value. bounds: [-1.0472, 1.0472]
[2023-03-10 21:11:43.556] [cout] [info]   /jointset/back/lumbar_extension/speed. bounds: [-50, 50]
[2023-03-10 21:11:43.556] [cout] [info]   /jointset/back/lumbar_bending/speed. bounds: [-50, 50]
[2023-03-10 21:11:43.556] [cout] [info]   /jointset/acromial_r/arm_flex_r/speed. bounds: [-50, 50]
[2023-03-10 21:11:43.556] [cout] [info]   /jointset/acromial_r/arm_add_r/speed. bounds: [-50, 50]
[2023-03-10 21:11:43.556] [cout] [info]   /jointset/acromial_r/arm_rot_r/speed. bounds: [-50, 50]
[2023-03-10 21:11:43.557] [cout] [info]   /jointset/radius_hand_r/wrist_flex_r/value. bounds: [-1.22173, 1.22173]
[2023-03-10 21:11:43.557] [cout] [info]   /jointset/radius_hand_r/wrist_flex_r/speed. bounds: [-50, 50]
[2023-03-10 21:11:43.557] [cout] [info]   /jointset/radius_hand_r/wrist_dev_r/value. bounds: [-0.436332, 0.610865]
[2023-03-10 21:11:43.557] [cout] [info]   /jointset/radius_hand_r/wrist_dev_r/speed. bounds: [-50, 50]
[2023-03-10 21:11:43.557] [cout] [info]   /jointset/acromial_l/arm_flex_l/speed. bounds: [-50, 50]
[2023-03-10 21:11:43.557] [cout] [info]   /jointset/acromial_l/arm_add_l/speed. bounds: [-50, 50]
[2023-03-10 21:11:43.557] [cout] [info]   /jointset/acromial_l/arm_rot_l/speed. bounds: [-50, 50]
[2023-03-10 21:11:43.557] [cout] [info]   /jointset/elbow_l/elbow_flex_l/speed. bounds: [-50, 50]
[2023-03-10 21:11:43.557] [cout] [info]   /jointset/radioulnar_l/pro_sup_l/speed. bounds: [-50, 50]
[2023-03-10 21:11:43.557] [cout] [info]   /jointset/radius_hand_l/wrist_flex_l/value. bounds: [-1.22173, 1.22173]
[2023-03-10 21:11:43.557] [cout] [info]   /jointset/radius_hand_l/wrist_dev_l/value. bounds: [-0.436332, 0.610865]
[2023-03-10 21:11:43.557] [cout] [info]   /jointset/radius_hand_l/wrist_dev_l/speed. bounds: [-50, 50]
[2023-03-10 21:11:43.557] [cout] [info] Controls: (total: 29)
[2023-03-10 21:11:43.557] [cout] [info]   /forceset/pelvis_tx_actuator. bounds: [-10000, 10000]
[2023-03-10 21:11:43.557] [cout] [info]   /forceset/pelvis_ty_actuator. bounds: [-10000, 10000]
[2023-03-10 21:11:43.557] [cout] [info]   /forceset/pelvis_tz_actuator. bounds: [-10000, 10000]
[2023-03-10 21:11:43.557] [cout] [info]   /forceset/arm_flex_r_actuator. bounds: [-1, 1]
[2023-03-10 21:11:43.557] [cout] [info]   /forceset/hip_rotation_r_actuator. bounds: [-1, 1]
[2023-03-10 21:11:43.557] [cout] [info]   /forceset/pelvis_tilt_actuator. bounds: [-10000, 10000]
[2023-03-10 21:11:43.557] [cout] [info]   /forceset/pelvis_list_actuator. bounds: [-10000, 10000]
[2023-03-10 21:11:43.558] [cout] [info]   /forceset/pelvis_rotation_actuator. bounds: [-10000, 10000]
[2023-03-10 21:11:43.558] [cout] [info]   /forceset/elbow_flex_l_actuator. bounds: [-1, 1]
[2023-03-10 21:11:43.558] [cout] [info]   /forceset/hip_adduction_l_actuator. bounds: [-1, 1]
[2023-03-10 21:11:43.558] [cout] [info]   /forceset/hip_flexion_r_actuator. bounds: [-1, 1]
[2023-03-10 21:11:43.558] [cout] [info]   /forceset/elbow_flex_r_actuator. bounds: [-1, 1]
[2023-03-10 21:11:43.558] [cout] [info]   /forceset/hip_flexion_l_actuator. bounds: [-1, 1]
[2023-03-10 21:11:43.558] [cout] [info]   /forceset/hip_adduction_r_actuator. bounds: [-1, 1]
[2023-03-10 21:11:43.558] [cout] [info]   /forceset/knee_angle_r_actuator. bounds: [-1, 1]
[2023-03-10 21:11:43.558] [cout] [info]   /forceset/lumbar_rotation_actuator. bounds: [-1, 1]
[2023-03-10 21:11:43.558] [cout] [info]   /forceset/ankle_angle_r_actuator. bounds: [-1, 1]
[2023-03-10 21:11:43.558] [cout] [info]   /forceset/arm_flex_l_actuator. bounds: [-1, 1]
[2023-03-10 21:11:43.558] [cout] [info]   /forceset/hip_rotation_l_actuator. bounds: [-1, 1]
[2023-03-10 21:11:43.558] [cout] [info]   /forceset/knee_angle_l_actuator. bounds: [-1, 1]
[2023-03-10 21:11:43.558] [cout] [info]   /forceset/ankle_angle_l_actuator. bounds: [-1, 1]
[2023-03-10 21:11:43.558] [cout] [info]   /forceset/lumbar_extension_actuator. bounds: [-1, 1]
[2023-03-10 21:11:43.558] [cout] [info]   /forceset/lumbar_bending_actuator. bounds: [-1, 1]
[2023-03-10 21:11:43.558] [cout] [info]   /forceset/arm_add_r_actuator. bounds: [-1, 1]
[2023-03-10 21:11:43.558] [cout] [info]   /forceset/arm_rot_r_actuator. bounds: [-1, 1]
[2023-03-10 21:11:43.558] [cout] [info]   /forceset/pro_sup_r_actuator. bounds: [-1, 1]
[2023-03-10 21:11:43.558] [cout] [info]   /forceset/arm_add_l_actuator. bounds: [-1, 1]
[2023-03-10 21:11:43.558] [cout] [info]   /forceset/arm_rot_l_actuator. bounds: [-1, 1]
[2023-03-10 21:11:43.558] [cout] [info]   /forceset/pro_sup_l_actuator. bounds: [-1, 1]
[2023-03-10 21:11:43.559] [cout] [info] Parameters: none
[2023-03-10 21:11:43.719] [info] ExternalForce::externalforce Data source being set to Run_500 03_newCOP3_v24.mot
[2023-03-10 21:11:43.719] [info] ExternalForce::externalforce_0 Data source being set to Run_500 03_newCOP3_v24.mot
[2023-03-10 21:11:43.897] [info] ExternalForce::externalforce Data source being set to Run_500 03_newCOP3_v24.mot
[2023-03-10 21:11:43.897] [info] ExternalForce::externalforce_0 Data source being set to Run_500 03_newCOP3_v24.mot
[2023-03-10 21:11:44.057] [info] ExternalForce::externalforce Data source being set to Run_500 03_newCOP3_v24.mot
[2023-03-10 21:11:44.057] [info] ExternalForce::externalforce_0 Data source being set to Run_500 03_newCOP3_v24.mot
[2023-03-10 21:11:44.213] [info] ExternalForce::externalforce Data source being set to Run_500 03_newCOP3_v24.mot
[2023-03-10 21:11:44.213] [info] ExternalForce::externalforce_0 Data source being set to Run_500 03_newCOP3_v24.mot
[2023-03-10 21:11:44.366] [info] ExternalForce::externalforce Data source being set to Run_500 03_newCOP3_v24.mot
[2023-03-10 21:11:44.366] [info] ExternalForce::externalforce_0 Data source being set to Run_500 03_newCOP3_v24.mot
[2023-03-10 21:11:44.508] [info] ExternalForce::externalforce Data source being set to Run_500 03_newCOP3_v24.mot
[2023-03-10 21:11:44.508] [info] ExternalForce::externalforce_0 Data source being set to Run_500 03_newCOP3_v24.mot
[2023-03-10 21:11:44.644] [info] ExternalForce::externalforce Data source being set to Run_500 03_newCOP3_v24.mot
[2023-03-10 21:11:44.644] [info] ExternalForce::externalforce_0 Data source being set to Run_500 03_newCOP3_v24.mot
[2023-03-10 21:11:44.833] [info] ExternalForce::externalforce Data source being set to Run_500 03_newCOP3_v24.mot
[2023-03-10 21:11:44.834] [info] ExternalForce::externalforce_0 Data source being set to Run_500 03_newCOP3_v24.mot
[2023-03-10 21:11:44.982] [info] ExternalForce::externalforce Data source being set to Run_500 03_newCOP3_v24.mot
[2023-03-10 21:11:44.982] [info] ExternalForce::externalforce_0 Data source being set to Run_500 03_newCOP3_v24.mot
[2023-03-10 21:11:45.130] [info] ExternalForce::externalforce Data source being set to Run_500 03_newCOP3_v24.mot
[2023-03-10 21:11:45.130] [info] ExternalForce::externalforce_0 Data source being set to Run_500 03_newCOP3_v24.mot
[2023-03-10 21:11:45.243] [info] ExternalForce::externalforce Data source being set to Run_500 03_newCOP3_v24.mot
[2023-03-10 21:11:45.243] [info] ExternalForce::externalforce_0 Data source being set to Run_500 03_newCOP3_v24.mot
[2023-03-10 21:11:45.411] [info] ExternalForce::externalforce Data source being set to Run_500 03_newCOP3_v24.mot
[2023-03-10 21:11:45.411] [info] ExternalForce::externalforce_0 Data source being set to Run_500 03_newCOP3_v24.mot
[2023-03-10 21:11:45.546] [info] ExternalForce::externalforce Data source being set to Run_500 03_newCOP3_v24.mot
[2023-03-10 21:11:45.546] [info] ExternalForce::externalforce_0 Data source being set to Run_500 03_newCOP3_v24.mot
[2023-03-10 21:11:45.723] [info] ExternalForce::externalforce Data source being set to Run_500 03_newCOP3_v24.mot
[2023-03-10 21:11:45.723] [info] ExternalForce::externalforce_0 Data source being set to Run_500 03_newCOP3_v24.mot
[2023-03-10 21:11:45.882] [info] ExternalForce::externalforce Data source being set to Run_500 03_newCOP3_v24.mot
[2023-03-10 21:11:45.882] [info] ExternalForce::externalforce_0 Data source being set to Run_500 03_newCOP3_v24.mot
[2023-03-10 21:11:46.073] [info] ExternalForce::externalforce Data source being set to Run_500 03_newCOP3_v24.mot
[2023-03-10 21:11:46.073] [info] ExternalForce::externalforce_0 Data source being set to Run_500 03_newCOP3_v24.mot
[2023-03-10 21:11:46.091] [info] Number of threads: 8
[2023-03-10 21:39:58.125] [info] Set log level to Info.
[2023-03-10 21:39:58.157] [info] ------------------------------------------------------------------------
[2023-03-10 21:39:58.158] [info] Elapsed real time: 1695 second(s) (28 minute(s), 15 second(s)).
[2023-03-10 21:39:58.158] [info] Fri Mar 10 21:39:58 2023
[2023-03-10 21:39:58.158] [info] MocoCasADiSolver succeeded!
[2023-03-10 21:39:58.158] [info] ========================================================================
[2023-03-10 21:39:58.615] [info] Loaded model subject03_scaled from file ..\..\model\subject03_adjusted_scaled.osim
[2023-03-10 21:39:59.709] [cout] [info] 
               MODEL: subject03_scaled
         coordinates: 37
              forces: 92
           actuators: 92
             muscles: 92
            analyses: 0
              probes: 0
              bodies: 20
              joints: 20
         constraints: 0
             markers: 56
         controllers: 0
  contact geometries: 0
misc modelcomponents: 0
[2023-03-10 21:39:59.709] [info] Running tool subject10_scaled...
[2023-03-10 21:39:59.767] [warning] ExternalLoads 'externalloads' has subcomponents with duplicate name 'externalforce'. The duplicate is being renamed to 'externalforce_0'.
[2023-03-10 21:39:59.967] [info] ExternalForce::externalforce Data source being set to Run_500 03_newCOP3_v24.mot
[2023-03-10 21:39:59.967] [info] ExternalForce::externalforce_0 Data source being set to Run_500 03_newCOP3_v24.mot
[2023-03-10 21:40:01.270] [info] InverseDynamicsTool: 129 time frames in 1 second(s).
[2023-12-05 23:25:47.915] [info] ExternalForce::externalforce Data source being set to Run_500 03_newCOP3_v24.mot
[2023-12-05 23:25:47.917] [info] ExternalForce::externalforce_0 Data source being set to Run_500 03_newCOP3_v24.mot
[2023-12-05 23:25:48.882] [info] ExternalForce::externalforce Data source being set to Run_500 03_newCOP3_v24.mot
[2023-12-05 23:25:48.882] [info] ExternalForce::externalforce_0 Data source being set to Run_500 03_newCOP3_v24.mot
[2023-12-05 23:25:49.001] [info] ExternalForce::externalforce Data source being set to Run_500 03_newCOP3_v24.mot
[2023-12-05 23:25:49.001] [info] ExternalForce::externalforce_0 Data source being set to Run_500 03_newCOP3_v24.mot
[2023-12-05 23:25:49.081] [info] ExternalForce::externalforce Data source being set to Run_500 03_newCOP3_v24.mot
[2023-12-05 23:25:49.081] [info] ExternalForce::externalforce_0 Data source being set to Run_500 03_newCOP3_v24.mot
[2023-12-05 23:25:49.173] [info] ExternalForce::externalforce Data source being set to Run_500 03_newCOP3_v24.mot
[2023-12-05 23:25:49.173] [info] ExternalForce::externalforce_0 Data source being set to Run_500 03_newCOP3_v24.mot
[2023-12-05 23:25:49.253] [info] ExternalForce::externalforce Data source being set to Run_500 03_newCOP3_v24.mot
[2023-12-05 23:25:49.253] [info] ExternalForce::externalforce_0 Data source being set to Run_500 03_newCOP3_v24.mot
[2023-12-05 23:25:49.346] [info] ExternalForce::externalforce Data source being set to Run_500 03_newCOP3_v24.mot
[2023-12-05 23:25:49.346] [info] ExternalForce::externalforce_0 Data source being set to Run_500 03_newCOP3_v24.mot
[2023-12-05 23:25:49.420] [info] ExternalForce::externalforce Data source being set to Run_500 03_newCOP3_v24.mot
[2023-12-05 23:25:49.420] [info] ExternalForce::externalforce_0 Data source being set to Run_500 03_newCOP3_v24.mot
[2023-12-05 23:25:49.504] [info] ExternalForce::externalforce Data source being set to Run_500 03_newCOP3_v24.mot
[2023-12-05 23:25:49.504] [info] ExternalForce::externalforce_0 Data source being set to Run_500 03_newCOP3_v24.mot
[2023-12-05 23:25:49.579] [info] ExternalForce::externalforce Data source being set to Run_500 03_newCOP3_v24.mot
[2023-12-05 23:25:49.579] [info] ExternalForce::externalforce_0 Data source being set to Run_500 03_newCOP3_v24.mot
[2023-12-05 23:25:49.667] [info] ExternalForce::externalforce Data source being set to Run_500 03_newCOP3_v24.mot
[2023-12-05 23:25:49.667] [info] ExternalForce::externalforce_0 Data source being set to Run_500 03_newCOP3_v24.mot
[2023-12-05 23:25:49.750] [info] ExternalForce::externalforce Data source being set to Run_500 03_newCOP3_v24.mot
[2023-12-05 23:25:49.750] [info] ExternalForce::externalforce_0 Data source being set to Run_500 03_newCOP3_v24.mot
[2023-12-05 23:25:49.837] [info] ExternalForce::externalforce Data source being set to Run_500 03_newCOP3_v24.mot
[2023-12-05 23:25:49.837] [info] ExternalForce::externalforce_0 Data source being set to Run_500 03_newCOP3_v24.mot
[2023-12-05 23:25:49.924] [info] ExternalForce::externalforce Data source being set to Run_500 03_newCOP3_v24.mot
[2023-12-05 23:25:49.924] [info] ExternalForce::externalforce_0 Data source being set to Run_500 03_newCOP3_v24.mot
[2023-12-05 23:25:50.015] [info] ExternalForce::externalforce Data source being set to Run_500 03_newCOP3_v24.mot
[2023-12-05 23:25:50.015] [info] ExternalForce::externalforce_0 Data source being set to Run_500 03_newCOP3_v24.mot
[2023-12-05 23:25:50.103] [info] ExternalForce::externalforce Data source being set to Run_500 03_newCOP3_v24.mot
[2023-12-05 23:25:50.103] [info] ExternalForce::externalforce_0 Data source being set to Run_500 03_newCOP3_v24.mot
[2023-12-05 23:25:50.190] [info] ExternalForce::externalforce Data source being set to Run_500 03_newCOP3_v24.mot
[2023-12-05 23:25:50.190] [info] ExternalForce::externalforce_0 Data source being set to Run_500 03_newCOP3_v24.mot
[2023-12-05 23:25:50.267] [info] ExternalForce::externalforce Data source being set to Run_500 03_newCOP3_v24.mot
[2023-12-05 23:25:50.267] [info] ExternalForce::externalforce_0 Data source being set to Run_500 03_newCOP3_v24.mot
[2023-12-05 23:25:50.347] [info] ExternalForce::externalforce Data source being set to Run_500 03_newCOP3_v24.mot
[2023-12-05 23:25:50.347] [info] ExternalForce::externalforce_0 Data source being set to Run_500 03_newCOP3_v24.mot
[2023-12-05 23:25:50.417] [info] ExternalForce::externalforce Data source being set to Run_500 03_newCOP3_v24.mot
[2023-12-05 23:25:50.417] [info] ExternalForce::externalforce_0 Data source being set to Run_500 03_newCOP3_v24.mot
[2023-12-05 23:25:50.501] [info] ExternalForce::externalforce Data source being set to Run_500 03_newCOP3_v24.mot
[2023-12-05 23:25:50.501] [info] ExternalForce::externalforce_0 Data source being set to Run_500 03_newCOP3_v24.mot
[2023-12-05 23:25:50.574] [info] ExternalForce::externalforce Data source being set to Run_500 03_newCOP3_v24.mot
[2023-12-05 23:25:50.574] [info] ExternalForce::externalforce_0 Data source being set to Run_500 03_newCOP3_v24.mot
[2023-12-05 23:25:50.933] [info] ExternalForce::externalforce Data source being set to Run_500 03_newCOP3_v24.mot
[2023-12-05 23:25:50.933] [info] ExternalForce::externalforce_0 Data source being set to Run_500 03_newCOP3_v24.mot
[2023-12-05 23:25:51.008] [info] ExternalForce::externalforce Data source being set to Run_500 03_newCOP3_v24.mot
[2023-12-05 23:25:51.008] [info] ExternalForce::externalforce_0 Data source being set to Run_500 03_newCOP3_v24.mot
[2023-12-05 23:25:51.084] [info] ExternalForce::externalforce Data source being set to Run_500 03_newCOP3_v24.mot
[2023-12-05 23:25:51.084] [info] ExternalForce::externalforce_0 Data source being set to Run_500 03_newCOP3_v24.mot
[2023-12-05 23:25:51.154] [info] ExternalForce::externalforce Data source being set to Run_500 03_newCOP3_v24.mot
[2023-12-05 23:25:51.154] [info] ExternalForce::externalforce_0 Data source being set to Run_500 03_newCOP3_v24.mot
[2023-12-05 23:25:51.264] [info] ExternalForce::externalforce Data source being set to Run_500 03_newCOP3_v24.mot
[2023-12-05 23:25:51.264] [info] ExternalForce::externalforce_0 Data source being set to Run_500 03_newCOP3_v24.mot
[2023-12-05 23:25:51.331] [info] ExternalForce::externalforce Data source being set to Run_500 03_newCOP3_v24.mot
[2023-12-05 23:25:51.331] [info] ExternalForce::externalforce_0 Data source being set to Run_500 03_newCOP3_v24.mot
[2023-12-05 23:25:51.413] [info] ExternalForce::externalforce Data source being set to Run_500 03_newCOP3_v24.mot
[2023-12-05 23:25:51.413] [info] ExternalForce::externalforce_0 Data source being set to Run_500 03_newCOP3_v24.mot
[2023-12-05 23:25:51.482] [info] ExternalForce::externalforce Data source being set to Run_500 03_newCOP3_v24.mot
[2023-12-05 23:25:51.482] [info] ExternalForce::externalforce_0 Data source being set to Run_500 03_newCOP3_v24.mot
[2023-12-05 23:25:51.499] [info] ========================================================================
[2023-12-05 23:25:51.499] [info] MocoCasADiSolver starting.
[2023-12-05 23:25:51.499] [info] Tue Dec  5 23:25:51 2023
[2023-12-05 23:25:51.499] [info] ------------------------------------------------------------------------
[2023-12-05 23:25:51.499] [cout] [info] Costs: (total: 2)
[2023-12-05 23:25:51.499] [cout] [info]   state_tracking. MocoStateTrackingGoal, enabled: true, mode: cost, weight: 1.0
[2023-12-05 23:25:51.499] [cout] [info]         state: /jointset/ground_pelvis/pelvis_tilt/value, weight: 750.0
[2023-12-05 23:25:51.499] [cout] [info]         state: /jointset/ground_pelvis/pelvis_list/value, weight: 250.0
[2023-12-05 23:25:51.499] [cout] [info]         state: /jointset/ground_pelvis/pelvis_rotation/value, weight: 50.0
[2023-12-05 23:25:51.499] [cout] [info]         state: /jointset/ground_pelvis/pelvis_tx/value, weight: 25.0
[2023-12-05 23:25:51.499] [cout] [info]         state: /jointset/ground_pelvis/pelvis_ty/value, weight: 100.0
[2023-12-05 23:25:51.499] [cout] [info]         state: /jointset/ground_pelvis/pelvis_tz/value, weight: 25.0
[2023-12-05 23:25:51.499] [cout] [info]         state: /jointset/hip_r/hip_flexion_r/value, weight: 75.0
[2023-12-05 23:25:51.499] [cout] [info]         state: /jointset/hip_r/hip_adduction_r/value, weight: 50.0
[2023-12-05 23:25:51.499] [cout] [info]         state: /jointset/hip_r/hip_rotation_r/value, weight: 10.0
[2023-12-05 23:25:51.499] [cout] [info]         state: /jointset/knee_r/knee_angle_r/value, weight: 10.0
[2023-12-05 23:25:51.499] [cout] [info]         state: /jointset/ankle_r/ankle_angle_r/value, weight: 10.0
[2023-12-05 23:25:51.499] [cout] [info]         state: /jointset/hip_l/hip_flexion_l/value, weight: 75.0
[2023-12-05 23:25:51.499] [cout] [info]         state: /jointset/hip_l/hip_adduction_l/value, weight: 50.0
[2023-12-05 23:25:51.499] [cout] [info]         state: /jointset/hip_l/hip_rotation_l/value, weight: 10.0
[2023-12-05 23:25:51.499] [cout] [info]         state: /jointset/knee_l/knee_angle_l/value, weight: 10.0
[2023-12-05 23:25:51.499] [cout] [info]         state: /jointset/ankle_l/ankle_angle_l/value, weight: 10.0
[2023-12-05 23:25:51.499] [cout] [info]         state: /jointset/back/lumbar_extension/value, weight: 75.0
[2023-12-05 23:25:51.499] [cout] [info]         state: /jointset/back/lumbar_bending/value, weight: 50.0
[2023-12-05 23:25:51.499] [cout] [info]         state: /jointset/back/lumbar_rotation/value, weight: 25.0
[2023-12-05 23:25:51.499] [cout] [info]         state: /jointset/acromial_r/arm_flex_r/value, weight: 1.0
[2023-12-05 23:25:51.499] [cout] [info]         state: /jointset/acromial_r/arm_add_r/value, weight: 1.0
[2023-12-05 23:25:51.499] [cout] [info]         state: /jointset/acromial_r/arm_rot_r/value, weight: 1.0
[2023-12-05 23:25:51.499] [cout] [info]         state: /jointset/elbow_r/elbow_flex_r/value, weight: 1.0
[2023-12-05 23:25:51.499] [cout] [info]         state: /jointset/radioulnar_r/pro_sup_r/value, weight: 1.0
[2023-12-05 23:25:51.499] [cout] [info]         state: /jointset/acromial_l/arm_flex_l/value, weight: 1.0
[2023-12-05 23:25:51.499] [cout] [info]         state: /jointset/acromial_l/arm_add_l/value, weight: 1.0
[2023-12-05 23:25:51.499] [cout] [info]         state: /jointset/acromial_l/arm_rot_l/value, weight: 1.0
[2023-12-05 23:25:51.499] [cout] [info]         state: /jointset/elbow_l/elbow_flex_l/value, weight: 1.0
[2023-12-05 23:25:51.499] [cout] [info]         state: /jointset/radioulnar_l/pro_sup_l/value, weight: 1.0
[2023-12-05 23:25:51.499] [cout] [info]         state: /jointset/subtalar_r/subtalar_angle_r/value, weight: 0.0
[2023-12-05 23:25:51.499] [cout] [info]         state: /jointset/mtp_r/mtp_angle_r/value, weight: 0.0
[2023-12-05 23:25:51.499] [cout] [info]         state: /jointset/subtalar_l/subtalar_angle_l/value, weight: 0.0
[2023-12-05 23:25:51.500] [cout] [info]         state: /jointset/mtp_l/mtp_angle_l/value, weight: 0.0
[2023-12-05 23:25:51.500] [cout] [info]         state: /jointset/radius_hand_r/wrist_flex_r/value, weight: 0.0
[2023-12-05 23:25:51.500] [cout] [info]         state: /jointset/radius_hand_r/wrist_dev_r/value, weight: 0.0
[2023-12-05 23:25:51.500] [cout] [info]         state: /jointset/radius_hand_l/wrist_flex_l/value, weight: 0.0
[2023-12-05 23:25:51.500] [cout] [info]         state: /jointset/radius_hand_l/wrist_dev_l/value, weight: 0.0
[2023-12-05 23:25:51.500] [cout] [info]         state: /jointset/ground_pelvis/pelvis_tilt/speed, weight: 7.5
[2023-12-05 23:25:51.500] [cout] [info]         state: /jointset/ground_pelvis/pelvis_list/speed, weight: 2.5
[2023-12-05 23:25:51.500] [cout] [info]         state: /jointset/ground_pelvis/pelvis_rotation/speed, weight: 0.5
[2023-12-05 23:25:51.500] [cout] [info]         state: /jointset/ground_pelvis/pelvis_tx/speed, weight: 0.25
[2023-12-05 23:25:51.500] [cout] [info]         state: /jointset/ground_pelvis/pelvis_ty/speed, weight: 1.0
[2023-12-05 23:25:51.500] [cout] [info]         state: /jointset/ground_pelvis/pelvis_tz/speed, weight: 0.25
[2023-12-05 23:25:51.500] [cout] [info]         state: /jointset/hip_r/hip_flexion_r/speed, weight: 0.75
[2023-12-05 23:25:51.500] [cout] [info]         state: /jointset/hip_r/hip_adduction_r/speed, weight: 0.5
[2023-12-05 23:25:51.500] [cout] [info]         state: /jointset/hip_r/hip_rotation_r/speed, weight: 0.1
[2023-12-05 23:25:51.500] [cout] [info]         state: /jointset/knee_r/knee_angle_r/speed, weight: 0.1
[2023-12-05 23:25:51.500] [cout] [info]         state: /jointset/ankle_r/ankle_angle_r/speed, weight: 0.1
[2023-12-05 23:25:51.500] [cout] [info]         state: /jointset/subtalar_r/subtalar_angle_r/speed, weight: 0.0
[2023-12-05 23:25:51.500] [cout] [info]         state: /jointset/mtp_r/mtp_angle_r/speed, weight: 0.0
[2023-12-05 23:25:51.500] [cout] [info]         state: /jointset/hip_l/hip_flexion_l/speed, weight: 0.75
[2023-12-05 23:25:51.500] [cout] [info]         state: /jointset/hip_l/hip_adduction_l/speed, weight: 0.5
[2023-12-05 23:25:51.500] [cout] [info]         state: /jointset/hip_l/hip_rotation_l/speed, weight: 0.1
[2023-12-05 23:25:51.500] [cout] [info]         state: /jointset/knee_l/knee_angle_l/speed, weight: 0.1
[2023-12-05 23:25:51.500] [cout] [info]         state: /jointset/ankle_l/ankle_angle_l/speed, weight: 0.1
[2023-12-05 23:25:51.500] [cout] [info]         state: /jointset/subtalar_l/subtalar_angle_l/speed, weight: 0.0
[2023-12-05 23:25:51.500] [cout] [info]         state: /jointset/mtp_l/mtp_angle_l/speed, weight: 0.0
[2023-12-05 23:25:51.500] [cout] [info]         state: /jointset/back/lumbar_extension/speed, weight: 0.75
[2023-12-05 23:25:51.500] [cout] [info]         state: /jointset/back/lumbar_bending/speed, weight: 0.5
[2023-12-05 23:25:51.500] [cout] [info]         state: /jointset/back/lumbar_rotation/speed, weight: 0.25
[2023-12-05 23:25:51.500] [cout] [info]         state: /jointset/acromial_r/arm_flex_r/speed, weight: 0.01
[2023-12-05 23:25:51.500] [cout] [info]         state: /jointset/acromial_r/arm_add_r/speed, weight: 0.01
[2023-12-05 23:25:51.500] [cout] [info]         state: /jointset/acromial_r/arm_rot_r/speed, weight: 0.01
[2023-12-05 23:25:51.500] [cout] [info]         state: /jointset/elbow_r/elbow_flex_r/speed, weight: 0.01
[2023-12-05 23:25:51.500] [cout] [info]         state: /jointset/radioulnar_r/pro_sup_r/speed, weight: 0.01
[2023-12-05 23:25:51.500] [cout] [info]         state: /jointset/radius_hand_r/wrist_flex_r/speed, weight: 0.0
[2023-12-05 23:25:51.500] [cout] [info]         state: /jointset/radius_hand_r/wrist_dev_r/speed, weight: 0.0
[2023-12-05 23:25:51.500] [cout] [info]         state: /jointset/acromial_l/arm_flex_l/speed, weight: 0.01
[2023-12-05 23:25:51.500] [cout] [info]         state: /jointset/acromial_l/arm_add_l/speed, weight: 0.01
[2023-12-05 23:25:51.500] [cout] [info]         state: /jointset/acromial_l/arm_rot_l/speed, weight: 0.01
[2023-12-05 23:25:51.500] [cout] [info]         state: /jointset/elbow_l/elbow_flex_l/speed, weight: 0.01
[2023-12-05 23:25:51.500] [cout] [info]         state: /jointset/radioulnar_l/pro_sup_l/speed, weight: 0.01
[2023-12-05 23:25:51.500] [cout] [info]         state: /jointset/radius_hand_l/wrist_flex_l/speed, weight: 0.0
[2023-12-05 23:25:51.500] [cout] [info]         state: /jointset/radius_hand_l/wrist_dev_l/speed, weight: 0.0
[2023-12-05 23:25:51.500] [cout] [info]   control_effort. MocoControlGoal, enabled: true, mode: cost, weight: 0.00100000
[2023-12-05 23:25:51.500] [cout] [info]         control: /forceset/pelvis_tx_actuator, weight: 1.0
[2023-12-05 23:25:51.500] [cout] [info]         control: /forceset/pelvis_ty_actuator, weight: 1.0
[2023-12-05 23:25:51.500] [cout] [info]         control: /forceset/pelvis_tz_actuator, weight: 1.0
[2023-12-05 23:25:51.500] [cout] [info]         control: /forceset/pelvis_tilt_actuator, weight: 1.0
[2023-12-05 23:25:51.500] [cout] [info]         control: /forceset/pelvis_list_actuator, weight: 1.0
[2023-12-05 23:25:51.500] [cout] [info]         control: /forceset/pelvis_rotation_actuator, weight: 1.0
[2023-12-05 23:25:51.500] [cout] [info]         control: /forceset/hip_flexion_r_actuator, weight: 1.0
[2023-12-05 23:25:51.500] [cout] [info]         control: /forceset/hip_adduction_r_actuator, weight: 1.0
[2023-12-05 23:25:51.500] [cout] [info]         control: /forceset/hip_rotation_r_actuator, weight: 1.0
[2023-12-05 23:25:51.500] [cout] [info]         control: /forceset/knee_angle_r_actuator, weight: 1.0
[2023-12-05 23:25:51.500] [cout] [info]         control: /forceset/ankle_angle_r_actuator, weight: 1.0
[2023-12-05 23:25:51.500] [cout] [info]         control: /forceset/hip_flexion_l_actuator, weight: 1.0
[2023-12-05 23:25:51.500] [cout] [info]         control: /forceset/hip_adduction_l_actuator, weight: 1.0
[2023-12-05 23:25:51.500] [cout] [info]         control: /forceset/hip_rotation_l_actuator, weight: 1.0
[2023-12-05 23:25:51.500] [cout] [info]         control: /forceset/knee_angle_l_actuator, weight: 1.0
[2023-12-05 23:25:51.500] [cout] [info]         control: /forceset/ankle_angle_l_actuator, weight: 1.0
[2023-12-05 23:25:51.500] [cout] [info]         control: /forceset/lumbar_extension_actuator, weight: 1.0
[2023-12-05 23:25:51.500] [cout] [info]         control: /forceset/lumbar_bending_actuator, weight: 1.0
[2023-12-05 23:25:51.500] [cout] [info]         control: /forceset/lumbar_rotation_actuator, weight: 1.0
[2023-12-05 23:25:51.500] [cout] [info]         control: /forceset/arm_flex_r_actuator, weight: 1.0
[2023-12-05 23:25:51.500] [cout] [info]         control: /forceset/arm_add_r_actuator, weight: 1.0
[2023-12-05 23:25:51.500] [cout] [info]         control: /forceset/arm_rot_r_actuator, weight: 1.0
[2023-12-05 23:25:51.500] [cout] [info]         control: /forceset/elbow_flex_r_actuator, weight: 1.0
[2023-12-05 23:25:51.500] [cout] [info]         control: /forceset/pro_sup_r_actuator, weight: 1.0
[2023-12-05 23:25:51.500] [cout] [info]         control: /forceset/arm_flex_l_actuator, weight: 1.0
[2023-12-05 23:25:51.500] [cout] [info]         control: /forceset/arm_add_l_actuator, weight: 1.0
[2023-12-05 23:25:51.500] [cout] [info]         control: /forceset/arm_rot_l_actuator, weight: 1.0
[2023-12-05 23:25:51.500] [cout] [info]         control: /forceset/elbow_flex_l_actuator, weight: 1.0
[2023-12-05 23:25:51.500] [cout] [info]         control: /forceset/pro_sup_l_actuator, weight: 1.0
[2023-12-05 23:25:51.500] [cout] [info] Endpoint constraints: none
[2023-12-05 23:25:51.500] [cout] [info] Kinematic constraints: (total: 8)
[2023-12-05 23:25:51.500] [cout] [info]   kinematic_constraint_cid27. MocoConstraintInfo. number of scalar equations: 3. bounds: 0, 0, 0
[2023-12-05 23:25:51.500] [cout] [info]   kinematic_constraint_cid28. MocoConstraintInfo. number of scalar equations: 3. bounds: 0, 0, 0
[2023-12-05 23:25:51.500] [cout] [info]   kinematic_constraint_cid31. MocoConstraintInfo. number of scalar equations: 3. bounds: 0, 0, 0
[2023-12-05 23:25:51.500] [cout] [info]   kinematic_constraint_cid32. MocoConstraintInfo. number of scalar equations: 3. bounds: 0, 0, 0
[2023-12-05 23:25:51.500] [cout] [info]   kinematic_constraint_cid33. MocoConstraintInfo. number of scalar equations: 3. bounds: 0, 0, 0
[2023-12-05 23:25:51.500] [cout] [info]   kinematic_constraint_cid34. MocoConstraintInfo. number of scalar equations: 3. bounds: 0, 0, 0
[2023-12-05 23:25:51.500] [cout] [info]   kinematic_constraint_cid35. MocoConstraintInfo. number of scalar equations: 3. bounds: 0, 0, 0
[2023-12-05 23:25:51.500] [cout] [info]   kinematic_constraint_cid36. MocoConstraintInfo. number of scalar equations: 3. bounds: 0, 0, 0
[2023-12-05 23:25:51.500] [cout] [info] Path constraints: none
[2023-12-05 23:25:51.500] [cout] [info] States: (total: 74)
[2023-12-05 23:25:51.500] [cout] [info]   /jointset/ground_pelvis/pelvis_tilt/value. bounds: [-0.374062, 0.134487]
[2023-12-05 23:25:51.500] [cout] [info]   /jointset/ground_pelvis/pelvis_list/value. bounds: [-0.31441, 0.301673]
[2023-12-05 23:25:51.500] [cout] [info]   /jointset/radioulnar_r/pro_sup_r/value. bounds: [1.47892, 1.99532]
[2023-12-05 23:25:51.500] [cout] [info]   /jointset/ground_pelvis/pelvis_rotation/value. bounds: [-0.260349, 0.34966]
[2023-12-05 23:25:51.500] [cout] [info]   /jointset/ground_pelvis/pelvis_tx/value. bounds: [0.658706, 1.1446]
[2023-12-05 23:25:51.500] [cout] [info]   /jointset/elbow_r/elbow_flex_r/value. bounds: [1.29516, 2.55398]
[2023-12-05 23:25:51.500] [cout] [info]   /jointset/ground_pelvis/pelvis_ty/value. bounds: [0.857467, 1.161]
[2023-12-05 23:25:51.500] [cout] [info]   /jointset/radius_hand_l/wrist_flex_l/speed. bounds: [-50, 50]
[2023-12-05 23:25:51.500] [cout] [info]   /jointset/ground_pelvis/pelvis_tz/value. bounds: [-0.572207, -0.127763]
[2023-12-05 23:25:51.500] [cout] [info]   /jointset/hip_r/hip_adduction_r/speed. bounds: [-50, 50]
[2023-12-05 23:25:51.500] [cout] [info]   /jointset/ankle_r/ankle_angle_r/value. bounds: [-0.647617, 0.684005]
[2023-12-05 23:25:51.500] [cout] [info]   /jointset/hip_r/hip_flexion_r/value. bounds: [-0.552611, 1.17956]
[2023-12-05 23:25:51.501] [cout] [info]   /jointset/hip_r/hip_adduction_r/value. bounds: [-0.163445, 0.398732]
[2023-12-05 23:25:51.501] [cout] [info]   /jointset/back/lumbar_rotation/speed. bounds: [-50, 50]
[2023-12-05 23:25:51.501] [cout] [info]   /jointset/hip_r/hip_rotation_r/value. bounds: [-0.220955, 0.274792]
[2023-12-05 23:25:51.501] [cout] [info]   /jointset/mtp_l/mtp_angle_l/speed. bounds: [-50, 50]
[2023-12-05 23:25:51.501] [cout] [info]   /jointset/knee_r/knee_angle_r/value. bounds: [-2.44544, 0.113937]
[2023-12-05 23:25:51.501] [cout] [info]   /jointset/subtalar_r/subtalar_angle_r/value. bounds: [-1.5708, 1.5708]
[2023-12-05 23:25:51.501] [cout] [info]   /jointset/hip_l/hip_flexion_l/value. bounds: [-0.561503, 1.11188]
[2023-12-05 23:25:51.501] [cout] [info]   /jointset/hip_l/hip_adduction_l/value. bounds: [-0.184277, 0.412735]
[2023-12-05 23:25:51.501] [cout] [info]   /jointset/hip_l/hip_rotation_l/value. bounds: [-0.164216, 0.306189]
[2023-12-05 23:25:51.501] [cout] [info]   /jointset/knee_l/knee_angle_l/value. bounds: [-2.32107, 0.0896753]
[2023-12-05 23:25:51.501] [cout] [info]   /jointset/knee_r/knee_angle_r/speed. bounds: [-50, 50]
[2023-12-05 23:25:51.501] [cout] [info]   /jointset/ankle_l/ankle_angle_l/value. bounds: [-0.631969, 0.660855]
[2023-12-05 23:25:51.501] [cout] [info]   /jointset/back/lumbar_extension/value. bounds: [-0.337027, 0.26866]
[2023-12-05 23:25:51.501] [cout] [info]   /jointset/back/lumbar_bending/value. bounds: [-0.241819, 0.325234]
[2023-12-05 23:25:51.501] [cout] [info]   /jointset/back/lumbar_rotation/value. bounds: [-0.359124, 0.444165]
[2023-12-05 23:25:51.501] [cout] [info]   /jointset/acromial_r/arm_flex_r/value. bounds: [-1.04096, -0.210398]
[2023-12-05 23:25:51.501] [cout] [info]   /jointset/acromial_r/arm_add_r/value. bounds: [-0.538091, -0.0567304]
[2023-12-05 23:25:51.501] [cout] [info]   /jointset/acromial_r/arm_rot_r/value. bounds: [-0.607827, 0.17132]
[2023-12-05 23:25:51.501] [cout] [info]   /jointset/acromial_l/arm_flex_l/value. bounds: [-1.0001, -0.0971289]
[2023-12-05 23:25:51.501] [cout] [info]   /jointset/acromial_l/arm_add_l/value. bounds: [-0.584124, -0.0584312]
[2023-12-05 23:25:51.501] [cout] [info]   /jointset/acromial_l/arm_rot_l/value. bounds: [-0.364836, 0.27665]
[2023-12-05 23:25:51.501] [cout] [info]   /jointset/elbow_l/elbow_flex_l/value. bounds: [1.51495, 2.70244]
[2023-12-05 23:25:51.501] [cout] [info]   /jointset/radioulnar_l/pro_sup_l/value. bounds: [1.38252, 1.91421]
[2023-12-05 23:25:51.501] [cout] [info]   /jointset/ground_pelvis/pelvis_tilt/speed. bounds: [-50, 50]
[2023-12-05 23:25:51.501] [cout] [info]   /jointset/ground_pelvis/pelvis_list/speed. bounds: [-50, 50]
[2023-12-05 23:25:51.501] [cout] [info]   /jointset/radioulnar_r/pro_sup_r/speed. bounds: [-50, 50]
[2023-12-05 23:25:51.501] [cout] [info]   /jointset/ground_pelvis/pelvis_rotation/speed. bounds: [-50, 50]
[2023-12-05 23:25:51.501] [cout] [info]   /jointset/ground_pelvis/pelvis_tx/speed. bounds: [-50, 50]
[2023-12-05 23:25:51.501] [cout] [info]   /jointset/elbow_r/elbow_flex_r/speed. bounds: [-50, 50]
[2023-12-05 23:25:51.501] [cout] [info]   /jointset/ground_pelvis/pelvis_ty/speed. bounds: [-50, 50]
[2023-12-05 23:25:51.501] [cout] [info]   /jointset/ground_pelvis/pelvis_tz/speed. bounds: [-50, 50]
[2023-12-05 23:25:51.501] [cout] [info]   /jointset/ankle_r/ankle_angle_r/speed. bounds: [-50, 50]
[2023-12-05 23:25:51.501] [cout] [info]   /jointset/hip_r/hip_flexion_r/speed. bounds: [-50, 50]
[2023-12-05 23:25:51.501] [cout] [info]   /jointset/hip_r/hip_rotation_r/speed. bounds: [-50, 50]
[2023-12-05 23:25:51.501] [cout] [info]   /jointset/hip_l/hip_flexion_l/speed. bounds: [-50, 50]
[2023-12-05 23:25:51.501] [cout] [info]   /jointset/subtalar_r/subtalar_angle_r/speed. bounds: [-50, 50]
[2023-12-05 23:25:51.501] [cout] [info]   /jointset/mtp_r/mtp_angle_r/value. bounds: [-1.5708, 1.5708]
[2023-12-05 23:25:51.501] [cout] [info]   /jointset/mtp_r/mtp_angle_r/speed. bounds: [-50, 50]
[2023-12-05 23:25:51.501] [cout] [info]   /jointset/hip_l/hip_adduction_l/speed. bounds: [-50, 50]
[2023-12-05 23:25:51.501] [cout] [info]   /jointset/hip_l/hip_rotation_l/speed. bounds: [-50, 50]
[2023-12-05 23:25:51.501] [cout] [info]   /jointset/knee_l/knee_angle_l/speed. bounds: [-50, 50]
[2023-12-05 23:25:51.501] [cout] [info]   /jointset/ankle_l/ankle_angle_l/speed. bounds: [-50, 50]
[2023-12-05 23:25:51.501] [cout] [info]   /jointset/subtalar_l/subtalar_angle_l/value. bounds: [-1.5708, 1.5708]
[2023-12-05 23:25:51.501] [cout] [info]   /jointset/subtalar_l/subtalar_angle_l/speed. bounds: [-50, 50]
[2023-12-05 23:25:51.501] [cout] [info]   /jointset/mtp_l/mtp_angle_l/value. bounds: [-1.0472, 1.0472]
[2023-12-05 23:25:51.501] [cout] [info]   /jointset/back/lumbar_extension/speed. bounds: [-50, 50]
[2023-12-05 23:25:51.501] [cout] [info]   /jointset/back/lumbar_bending/speed. bounds: [-50, 50]
[2023-12-05 23:25:51.501] [cout] [info]   /jointset/acromial_r/arm_flex_r/speed. bounds: [-50, 50]
[2023-12-05 23:25:51.501] [cout] [info]   /jointset/acromial_r/arm_add_r/speed. bounds: [-50, 50]
[2023-12-05 23:25:51.501] [cout] [info]   /jointset/acromial_r/arm_rot_r/speed. bounds: [-50, 50]
[2023-12-05 23:25:51.501] [cout] [info]   /jointset/radius_hand_r/wrist_flex_r/value. bounds: [-1.22173, 1.22173]
[2023-12-05 23:25:51.501] [cout] [info]   /jointset/radius_hand_r/wrist_flex_r/speed. bounds: [-50, 50]
[2023-12-05 23:25:51.501] [cout] [info]   /jointset/radius_hand_r/wrist_dev_r/value. bounds: [-0.436332, 0.610865]
[2023-12-05 23:25:51.501] [cout] [info]   /jointset/radius_hand_r/wrist_dev_r/speed. bounds: [-50, 50]
[2023-12-05 23:25:51.501] [cout] [info]   /jointset/acromial_l/arm_flex_l/speed. bounds: [-50, 50]
[2023-12-05 23:25:51.501] [cout] [info]   /jointset/acromial_l/arm_add_l/speed. bounds: [-50, 50]
[2023-12-05 23:25:51.501] [cout] [info]   /jointset/acromial_l/arm_rot_l/speed. bounds: [-50, 50]
[2023-12-05 23:25:51.501] [cout] [info]   /jointset/elbow_l/elbow_flex_l/speed. bounds: [-50, 50]
[2023-12-05 23:25:51.501] [cout] [info]   /jointset/radioulnar_l/pro_sup_l/speed. bounds: [-50, 50]
[2023-12-05 23:25:51.501] [cout] [info]   /jointset/radius_hand_l/wrist_flex_l/value. bounds: [-1.22173, 1.22173]
[2023-12-05 23:25:51.501] [cout] [info]   /jointset/radius_hand_l/wrist_dev_l/value. bounds: [-0.436332, 0.610865]
[2023-12-05 23:25:51.501] [cout] [info]   /jointset/radius_hand_l/wrist_dev_l/speed. bounds: [-50, 50]
[2023-12-05 23:25:51.501] [cout] [info] Controls: (total: 29)
[2023-12-05 23:25:51.501] [cout] [info]   /forceset/pelvis_tx_actuator. bounds: [-10000, 10000]
[2023-12-05 23:25:51.501] [cout] [info]   /forceset/pelvis_ty_actuator. bounds: [-10000, 10000]
[2023-12-05 23:25:51.501] [cout] [info]   /forceset/pelvis_tz_actuator. bounds: [-10000, 10000]
[2023-12-05 23:25:51.501] [cout] [info]   /forceset/arm_flex_r_actuator. bounds: [-1, 1]
[2023-12-05 23:25:51.501] [cout] [info]   /forceset/hip_rotation_r_actuator. bounds: [-1, 1]
[2023-12-05 23:25:51.501] [cout] [info]   /forceset/pelvis_tilt_actuator. bounds: [-10000, 10000]
[2023-12-05 23:25:51.501] [cout] [info]   /forceset/pelvis_list_actuator. bounds: [-10000, 10000]
[2023-12-05 23:25:51.501] [cout] [info]   /forceset/pelvis_rotation_actuator. bounds: [-10000, 10000]
[2023-12-05 23:25:51.501] [cout] [info]   /forceset/elbow_flex_l_actuator. bounds: [-1, 1]
[2023-12-05 23:25:51.501] [cout] [info]   /forceset/hip_adduction_l_actuator. bounds: [-1, 1]
[2023-12-05 23:25:51.501] [cout] [info]   /forceset/hip_flexion_r_actuator. bounds: [-1, 1]
[2023-12-05 23:25:51.501] [cout] [info]   /forceset/elbow_flex_r_actuator. bounds: [-1, 1]
[2023-12-05 23:25:51.501] [cout] [info]   /forceset/hip_flexion_l_actuator. bounds: [-1, 1]
[2023-12-05 23:25:51.501] [cout] [info]   /forceset/hip_adduction_r_actuator. bounds: [-1, 1]
[2023-12-05 23:25:51.501] [cout] [info]   /forceset/knee_angle_r_actuator. bounds: [-1, 1]
[2023-12-05 23:25:51.501] [cout] [info]   /forceset/lumbar_rotation_actuator. bounds: [-1, 1]
[2023-12-05 23:25:51.501] [cout] [info]   /forceset/ankle_angle_r_actuator. bounds: [-1, 1]
[2023-12-05 23:25:51.501] [cout] [info]   /forceset/arm_flex_l_actuator. bounds: [-1, 1]
[2023-12-05 23:25:51.501] [cout] [info]   /forceset/hip_rotation_l_actuator. bounds: [-1, 1]
[2023-12-05 23:25:51.501] [cout] [info]   /forceset/knee_angle_l_actuator. bounds: [-1, 1]
[2023-12-05 23:25:51.501] [cout] [info]   /forceset/ankle_angle_l_actuator. bounds: [-1, 1]
[2023-12-05 23:25:51.501] [cout] [info]   /forceset/lumbar_extension_actuator. bounds: [-1, 1]
[2023-12-05 23:25:51.502] [cout] [info]   /forceset/lumbar_bending_actuator. bounds: [-1, 1]
[2023-12-05 23:25:51.502] [cout] [info]   /forceset/arm_add_r_actuator. bounds: [-1, 1]
[2023-12-05 23:25:51.502] [cout] [info]   /forceset/arm_rot_r_actuator. bounds: [-1, 1]
[2023-12-05 23:25:51.502] [cout] [info]   /forceset/pro_sup_r_actuator. bounds: [-1, 1]
[2023-12-05 23:25:51.502] [cout] [info]   /forceset/arm_add_l_actuator. bounds: [-1, 1]
[2023-12-05 23:25:51.502] [cout] [info]   /forceset/arm_rot_l_actuator. bounds: [-1, 1]
[2023-12-05 23:25:51.502] [cout] [info]   /forceset/pro_sup_l_actuator. bounds: [-1, 1]
[2023-12-05 23:25:51.502] [cout] [info] Parameters: none
[2023-12-05 23:25:51.564] [info] ExternalForce::externalforce Data source being set to Run_500 03_newCOP3_v24.mot
[2023-12-05 23:25:51.565] [info] ExternalForce::externalforce_0 Data source being set to Run_500 03_newCOP3_v24.mot
[2023-12-05 23:25:51.634] [info] ExternalForce::externalforce Data source being set to Run_500 03_newCOP3_v24.mot
[2023-12-05 23:25:51.634] [info] ExternalForce::externalforce_0 Data source being set to Run_500 03_newCOP3_v24.mot
[2023-12-05 23:25:51.713] [info] ExternalForce::externalforce Data source being set to Run_500 03_newCOP3_v24.mot
[2023-12-05 23:25:51.713] [info] ExternalForce::externalforce_0 Data source being set to Run_500 03_newCOP3_v24.mot
[2023-12-05 23:25:51.783] [info] ExternalForce::externalforce Data source being set to Run_500 03_newCOP3_v24.mot
[2023-12-05 23:25:51.783] [info] ExternalForce::externalforce_0 Data source being set to Run_500 03_newCOP3_v24.mot
[2023-12-05 23:25:51.864] [info] ExternalForce::externalforce Data source being set to Run_500 03_newCOP3_v24.mot
[2023-12-05 23:25:51.864] [info] ExternalForce::externalforce_0 Data source being set to Run_500 03_newCOP3_v24.mot
[2023-12-05 23:25:51.935] [info] ExternalForce::externalforce Data source being set to Run_500 03_newCOP3_v24.mot
[2023-12-05 23:25:51.935] [info] ExternalForce::externalforce_0 Data source being set to Run_500 03_newCOP3_v24.mot
[2023-12-05 23:25:52.016] [info] ExternalForce::externalforce Data source being set to Run_500 03_newCOP3_v24.mot
[2023-12-05 23:25:52.016] [info] ExternalForce::externalforce_0 Data source being set to Run_500 03_newCOP3_v24.mot
[2023-12-05 23:25:52.092] [info] ExternalForce::externalforce Data source being set to Run_500 03_newCOP3_v24.mot
[2023-12-05 23:25:52.092] [info] ExternalForce::externalforce_0 Data source being set to Run_500 03_newCOP3_v24.mot
[2023-12-05 23:25:52.173] [info] ExternalForce::externalforce Data source being set to Run_500 03_newCOP3_v24.mot
[2023-12-05 23:25:52.173] [info] ExternalForce::externalforce_0 Data source being set to Run_500 03_newCOP3_v24.mot
[2023-12-05 23:25:52.249] [info] ExternalForce::externalforce Data source being set to Run_500 03_newCOP3_v24.mot
[2023-12-05 23:25:52.249] [info] ExternalForce::externalforce_0 Data source being set to Run_500 03_newCOP3_v24.mot
[2023-12-05 23:25:52.330] [info] ExternalForce::externalforce Data source being set to Run_500 03_newCOP3_v24.mot
[2023-12-05 23:25:52.330] [info] ExternalForce::externalforce_0 Data source being set to Run_500 03_newCOP3_v24.mot
[2023-12-05 23:25:52.402] [info] ExternalForce::externalforce Data source being set to Run_500 03_newCOP3_v24.mot
[2023-12-05 23:25:52.402] [info] ExternalForce::externalforce_0 Data source being set to Run_500 03_newCOP3_v24.mot
[2023-12-05 23:25:52.483] [info] ExternalForce::externalforce Data source being set to Run_500 03_newCOP3_v24.mot
[2023-12-05 23:25:52.483] [info] ExternalForce::externalforce_0 Data source being set to Run_500 03_newCOP3_v24.mot
[2023-12-05 23:25:52.555] [info] ExternalForce::externalforce Data source being set to Run_500 03_newCOP3_v24.mot
[2023-12-05 23:25:52.555] [info] ExternalForce::externalforce_0 Data source being set to Run_500 03_newCOP3_v24.mot
[2023-12-05 23:25:52.637] [info] ExternalForce::externalforce Data source being set to Run_500 03_newCOP3_v24.mot
[2023-12-05 23:25:52.638] [info] ExternalForce::externalforce_0 Data source being set to Run_500 03_newCOP3_v24.mot
[2023-12-05 23:25:52.709] [info] ExternalForce::externalforce Data source being set to Run_500 03_newCOP3_v24.mot
[2023-12-05 23:25:52.709] [info] ExternalForce::externalforce_0 Data source being set to Run_500 03_newCOP3_v24.mot
[2023-12-05 23:25:52.727] [info] Number of threads: 8
[2023-12-05 23:47:24.189] [info] Set log level to Info.
[2023-12-05 23:47:24.212] [info] ------------------------------------------------------------------------
[2023-12-05 23:47:24.212] [info] Elapsed real time: 1293 second(s) (21 minute(s), 33 second(s)).
[2023-12-05 23:47:24.212] [info] Tue Dec  5 23:47:24 2023
[2023-12-05 23:47:24.212] [info] MocoCasADiSolver succeeded!
[2023-12-05 23:47:24.212] [info] ========================================================================
