[2023-03-10 16:44:39.610] [info] Old version storage/motion file encountered
[2023-03-10 16:44:39.610] [info] Storage: read data file = ..\..\ik\Run_5.mot (nr=393 nc=164)
[2023-03-10 16:44:39.610] [info] .. assuming rotations in Degrees..
[2023-03-10 16:44:39.644] [info] Old version storage/motion file encountered
[2023-03-10 16:44:39.644] [info] Storage: read data file = ..\..\ik\Run_5.mot (nr=393 nc=164)
[2023-03-10 16:44:39.644] [info] .. assuming rotations in Degrees..
[2023-03-10 16:44:39.724] [info] Loaded model subject01_scaled from file ..\..\model\subject01_adjusted_scaled.osim
[2023-03-10 16:44:39.844] [info] Loaded model subject01_scaled from file ..\..\model\subject01_adjusted_scaled.osim
[2023-03-10 16:44:39.912] [warning] ExternalLoads 'externalloads' has subcomponents with duplicate name 'externalforce'. The duplicate is being renamed to 'externalforce_0'.
[2023-03-10 16:44:39.962] [info] ExternalForce::externalforce Data source being set to Run_500 02_newCOP3_v24.mot
[2023-03-10 16:44:39.963] [info] ExternalForce::externalforce_0 Data source being set to Run_500 02_newCOP3_v24.mot
[2023-03-10 16:44:40.012] [info] ExternalForce::externalforce Data source being set to Run_500 02_newCOP3_v24.mot
[2023-03-10 16:44:40.012] [info] ExternalForce::externalforce_0 Data source being set to Run_500 02_newCOP3_v24.mot
[2023-03-10 16:44:40.052] [info] ExternalForce::externalforce Data source being set to Run_500 02_newCOP3_v24.mot
[2023-03-10 16:44:40.052] [info] ExternalForce::externalforce_0 Data source being set to Run_500 02_newCOP3_v24.mot
[2023-03-10 16:44:40.099] [info] ExternalForce::externalforce Data source being set to Run_500 02_newCOP3_v24.mot
[2023-03-10 16:44:40.099] [info] ExternalForce::externalforce_0 Data source being set to Run_500 02_newCOP3_v24.mot
[2023-12-05 20:43:56.860] [info] Old version storage/motion file encountered
[2023-12-05 20:43:56.861] [info] Storage: read data file = ..\..\ik\Run_5.mot (nr=393 nc=164)
[2023-12-05 20:43:56.861] [info] .. assuming rotations in Degrees..
[2023-12-05 20:43:56.892] [info] Old version storage/motion file encountered
[2023-12-05 20:43:56.892] [info] Storage: read data file = ..\..\ik\Run_5.mot (nr=393 nc=164)
[2023-12-05 20:43:56.892] [info] .. assuming rotations in Degrees..
[2023-12-05 20:43:57.013] [info] Loaded model subject01_scaled from file ..\..\model\subject01_adjusted_scaled.osim
[2023-12-05 20:43:58.027] [info] Loaded model subject01_scaled from file ..\..\model\subject01_adjusted_scaled.osim
[2023-12-05 20:43:58.071] [warning] ExternalLoads 'externalloads' has subcomponents with duplicate name 'externalforce'. The duplicate is being renamed to 'externalforce_0'.
[2023-12-05 20:43:58.108] [info] ExternalForce::externalforce Data source being set to Run_500 02_newCOP3_v24.mot
[2023-12-05 20:43:58.108] [info] ExternalForce::externalforce_0 Data source being set to Run_500 02_newCOP3_v24.mot
[2023-12-05 20:43:58.152] [info] ExternalForce::externalforce Data source being set to Run_500 02_newCOP3_v24.mot
[2023-12-05 20:43:58.152] [info] ExternalForce::externalforce_0 Data source being set to Run_500 02_newCOP3_v24.mot
[2023-12-05 20:43:58.186] [info] ExternalForce::externalforce Data source being set to Run_500 02_newCOP3_v24.mot
[2023-12-05 20:43:58.186] [info] ExternalForce::externalforce_0 Data source being set to Run_500 02_newCOP3_v24.mot
[2023-12-05 20:43:58.229] [info] ExternalForce::externalforce Data source being set to Run_500 02_newCOP3_v24.mot
[2023-12-05 20:43:58.229] [info] ExternalForce::externalforce_0 Data source being set to Run_500 02_newCOP3_v24.mot
