[2023-03-10 19:53:06.169] [info] Old version storage/motion file encountered
[2023-03-10 19:53:06.170] [info] Storage: read data file = ..\..\ik\Run_5.mot (nr=450 nc=164)
[2023-03-10 19:53:06.170] [info] .. assuming rotations in Degrees..
[2023-03-10 19:53:06.229] [info] Old version storage/motion file encountered
[2023-03-10 19:53:06.229] [info] Storage: read data file = ..\..\ik\Run_5.mot (nr=450 nc=164)
[2023-03-10 19:53:06.229] [info] .. assuming rotations in Degrees..
[2023-03-10 19:53:07.394] [info] Loaded model subject02_scaled from file ..\..\model\subject02_adjusted_scaled.osim
[2023-03-10 19:53:07.567] [info] Loaded model subject02_scaled from file ..\..\model\subject02_adjusted_scaled.osim
[2023-03-10 19:53:07.643] [warning] ExternalLoads 'externalloads' has subcomponents with duplicate name 'externalforce'. The duplicate is being renamed to 'externalforce_0'.
[2023-03-10 19:53:07.722] [info] ExternalForce::externalforce Data source being set to Run_500 02_newCOP3_v24.mot
[2023-03-10 19:53:07.722] [info] ExternalForce::externalforce_0 Data source being set to Run_500 02_newCOP3_v24.mot
[2023-03-10 19:53:07.766] [info] ExternalForce::externalforce Data source being set to Run_500 02_newCOP3_v24.mot
[2023-03-10 19:53:07.766] [info] ExternalForce::externalforce_0 Data source being set to Run_500 02_newCOP3_v24.mot
[2023-03-10 19:53:07.801] [info] ExternalForce::externalforce Data source being set to Run_500 02_newCOP3_v24.mot
[2023-03-10 19:53:07.802] [info] ExternalForce::externalforce_0 Data source being set to Run_500 02_newCOP3_v24.mot
[2023-03-10 19:53:07.844] [info] ExternalForce::externalforce Data source being set to Run_500 02_newCOP3_v24.mot
[2023-03-10 19:53:07.844] [info] ExternalForce::externalforce_0 Data source being set to Run_500 02_newCOP3_v24.mot
[2023-12-05 21:49:41.491] [info] Old version storage/motion file encountered
[2023-12-05 21:49:41.491] [info] Storage: read data file = ..\..\ik\Run_5.mot (nr=450 nc=164)
[2023-12-05 21:49:41.491] [info] .. assuming rotations in Degrees..
[2023-12-05 21:49:41.564] [info] Old version storage/motion file encountered
[2023-12-05 21:49:41.564] [info] Storage: read data file = ..\..\ik\Run_5.mot (nr=450 nc=164)
[2023-12-05 21:49:41.564] [info] .. assuming rotations in Degrees..
[2023-12-05 21:49:43.025] [info] Loaded model subject02_scaled from file ..\..\model\subject02_adjusted_scaled.osim
[2023-12-05 21:49:44.496] [info] Loaded model subject02_scaled from file ..\..\model\subject02_adjusted_scaled.osim
[2023-12-05 21:49:44.553] [warning] ExternalLoads 'externalloads' has subcomponents with duplicate name 'externalforce'. The duplicate is being renamed to 'externalforce_0'.
[2023-12-05 21:49:44.604] [info] ExternalForce::externalforce Data source being set to Run_500 02_newCOP3_v24.mot
[2023-12-05 21:49:44.604] [info] ExternalForce::externalforce_0 Data source being set to Run_500 02_newCOP3_v24.mot
[2023-12-05 21:49:44.663] [info] ExternalForce::externalforce Data source being set to Run_500 02_newCOP3_v24.mot
[2023-12-05 21:49:44.663] [info] ExternalForce::externalforce_0 Data source being set to Run_500 02_newCOP3_v24.mot
[2023-12-05 21:49:44.696] [info] ExternalForce::externalforce Data source being set to Run_500 02_newCOP3_v24.mot
[2023-12-05 21:49:44.696] [info] ExternalForce::externalforce_0 Data source being set to Run_500 02_newCOP3_v24.mot
[2023-12-05 21:49:44.747] [info] ExternalForce::externalforce Data source being set to Run_500 02_newCOP3_v24.mot
[2023-12-05 21:49:44.747] [info] ExternalForce::externalforce_0 Data source being set to Run_500 02_newCOP3_v24.mot
