[2023-03-10 22:29:25.110] [info] ExternalForce::externalforce Data source being set to Run_500 04_newCOP3_v24.mot
[2023-03-10 22:29:25.110] [info] ExternalForce::externalforce_0 Data source being set to Run_500 04_newCOP3_v24.mot
[2023-03-10 22:29:25.559] [info] ExternalForce::externalforce Data source being set to Run_500 04_newCOP3_v24.mot
[2023-03-10 22:29:25.559] [info] ExternalForce::externalforce_0 Data source being set to Run_500 04_newCOP3_v24.mot
[2023-03-10 22:29:25.904] [info] ExternalForce::externalforce Data source being set to Run_500 04_newCOP3_v24.mot
[2023-03-10 22:29:25.904] [info] ExternalForce::externalforce_0 Data source being set to Run_500 04_newCOP3_v24.mot
[2023-03-10 22:29:26.140] [info] ExternalForce::externalforce Data source being set to Run_500 04_newCOP3_v24.mot
[2023-03-10 22:29:26.140] [info] ExternalForce::externalforce_0 Data source being set to Run_500 04_newCOP3_v24.mot
[2023-03-10 22:29:26.377] [info] ExternalForce::externalforce Data source being set to Run_500 04_newCOP3_v24.mot
[2023-03-10 22:29:26.377] [info] ExternalForce::externalforce_0 Data source being set to Run_500 04_newCOP3_v24.mot
[2023-03-10 22:29:26.593] [info] ExternalForce::externalforce Data source being set to Run_500 04_newCOP3_v24.mot
[2023-03-10 22:29:26.593] [info] ExternalForce::externalforce_0 Data source being set to Run_500 04_newCOP3_v24.mot
[2023-03-10 22:29:26.825] [info] ExternalForce::externalforce Data source being set to Run_500 04_newCOP3_v24.mot
[2023-03-10 22:29:26.825] [info] ExternalForce::externalforce_0 Data source being set to Run_500 04_newCOP3_v24.mot
[2023-03-10 22:29:27.050] [info] ExternalForce::externalforce Data source being set to Run_500 04_newCOP3_v24.mot
[2023-03-10 22:29:27.050] [info] ExternalForce::externalforce_0 Data source being set to Run_500 04_newCOP3_v24.mot
[2023-03-10 22:29:27.249] [info] ExternalForce::externalforce Data source being set to Run_500 04_newCOP3_v24.mot
[2023-03-10 22:29:27.249] [info] ExternalForce::externalforce_0 Data source being set to Run_500 04_newCOP3_v24.mot
[2023-03-10 22:29:27.452] [info] ExternalForce::externalforce Data source being set to Run_500 04_newCOP3_v24.mot
[2023-03-10 22:29:27.452] [info] ExternalForce::externalforce_0 Data source being set to Run_500 04_newCOP3_v24.mot
[2023-03-10 22:29:27.675] [info] ExternalForce::externalforce Data source being set to Run_500 04_newCOP3_v24.mot
[2023-03-10 22:29:27.675] [info] ExternalForce::externalforce_0 Data source being set to Run_500 04_newCOP3_v24.mot
[2023-03-10 22:29:27.853] [info] ExternalForce::externalforce Data source being set to Run_500 04_newCOP3_v24.mot
[2023-03-10 22:29:27.853] [info] ExternalForce::externalforce_0 Data source being set to Run_500 04_newCOP3_v24.mot
[2023-03-10 22:29:28.034] [info] ExternalForce::externalforce Data source being set to Run_500 04_newCOP3_v24.mot
[2023-03-10 22:29:28.034] [info] ExternalForce::externalforce_0 Data source being set to Run_500 04_newCOP3_v24.mot
[2023-03-10 22:29:28.251] [info] ExternalForce::externalforce Data source being set to Run_500 04_newCOP3_v24.mot
[2023-03-10 22:29:28.251] [info] ExternalForce::externalforce_0 Data source being set to Run_500 04_newCOP3_v24.mot
[2023-03-10 22:29:28.428] [info] ExternalForce::externalforce Data source being set to Run_500 04_newCOP3_v24.mot
[2023-03-10 22:29:28.428] [info] ExternalForce::externalforce_0 Data source being set to Run_500 04_newCOP3_v24.mot
[2023-03-10 22:29:28.623] [info] ExternalForce::externalforce Data source being set to Run_500 04_newCOP3_v24.mot
[2023-03-10 22:29:28.623] [info] ExternalForce::externalforce_0 Data source being set to Run_500 04_newCOP3_v24.mot
[2023-03-10 22:29:28.858] [info] ExternalForce::externalforce Data source being set to Run_500 04_newCOP3_v24.mot
[2023-03-10 22:29:28.858] [info] ExternalForce::externalforce_0 Data source being set to Run_500 04_newCOP3_v24.mot
[2023-03-10 22:29:29.049] [info] ExternalForce::externalforce Data source being set to Run_500 04_newCOP3_v24.mot
[2023-03-10 22:29:29.050] [info] ExternalForce::externalforce_0 Data source being set to Run_500 04_newCOP3_v24.mot
[2023-03-10 22:29:29.276] [info] ExternalForce::externalforce Data source being set to Run_500 04_newCOP3_v24.mot
[2023-03-10 22:29:29.276] [info] ExternalForce::externalforce_0 Data source being set to Run_500 04_newCOP3_v24.mot
[2023-03-10 22:29:29.484] [info] ExternalForce::externalforce Data source being set to Run_500 04_newCOP3_v24.mot
[2023-03-10 22:29:29.484] [info] ExternalForce::externalforce_0 Data source being set to Run_500 04_newCOP3_v24.mot
[2023-03-10 22:29:29.670] [info] ExternalForce::externalforce Data source being set to Run_500 04_newCOP3_v24.mot
[2023-03-10 22:29:29.670] [info] ExternalForce::externalforce_0 Data source being set to Run_500 04_newCOP3_v24.mot
[2023-03-10 22:29:29.861] [info] ExternalForce::externalforce Data source being set to Run_500 04_newCOP3_v24.mot
[2023-03-10 22:29:29.861] [info] ExternalForce::externalforce_0 Data source being set to Run_500 04_newCOP3_v24.mot
[2023-03-10 22:29:30.522] [info] ExternalForce::externalforce Data source being set to Run_500 04_newCOP3_v24.mot
[2023-03-10 22:29:30.522] [info] ExternalForce::externalforce_0 Data source being set to Run_500 04_newCOP3_v24.mot
[2023-03-10 22:29:30.715] [info] ExternalForce::externalforce Data source being set to Run_500 04_newCOP3_v24.mot
[2023-03-10 22:29:30.715] [info] ExternalForce::externalforce_0 Data source being set to Run_500 04_newCOP3_v24.mot
[2023-03-10 22:29:30.878] [info] ExternalForce::externalforce Data source being set to Run_500 04_newCOP3_v24.mot
[2023-03-10 22:29:30.878] [info] ExternalForce::externalforce_0 Data source being set to Run_500 04_newCOP3_v24.mot
[2023-03-10 22:29:31.128] [info] ExternalForce::externalforce Data source being set to Run_500 04_newCOP3_v24.mot
[2023-03-10 22:29:31.129] [info] ExternalForce::externalforce_0 Data source being set to Run_500 04_newCOP3_v24.mot
[2023-03-10 22:29:31.342] [info] ExternalForce::externalforce Data source being set to Run_500 04_newCOP3_v24.mot
[2023-03-10 22:29:31.342] [info] ExternalForce::externalforce_0 Data source being set to Run_500 04_newCOP3_v24.mot
[2023-03-10 22:29:31.528] [info] ExternalForce::externalforce Data source being set to Run_500 04_newCOP3_v24.mot
[2023-03-10 22:29:31.528] [info] ExternalForce::externalforce_0 Data source being set to Run_500 04_newCOP3_v24.mot
[2023-03-10 22:29:31.784] [info] ExternalForce::externalforce Data source being set to Run_500 04_newCOP3_v24.mot
[2023-03-10 22:29:31.784] [info] ExternalForce::externalforce_0 Data source being set to Run_500 04_newCOP3_v24.mot
[2023-03-10 22:29:31.955] [info] ExternalForce::externalforce Data source being set to Run_500 04_newCOP3_v24.mot
[2023-03-10 22:29:31.955] [info] ExternalForce::externalforce_0 Data source being set to Run_500 04_newCOP3_v24.mot
[2023-03-10 22:29:32.002] [info] ========================================================================
[2023-03-10 22:29:32.002] [info] MocoCasADiSolver starting.
[2023-03-10 22:29:32.003] [info] Fri Mar 10 22:29:32 2023
[2023-03-10 22:29:32.003] [info] ------------------------------------------------------------------------
[2023-03-10 22:29:32.003] [cout] [info] Costs: (total: 2)
[2023-03-10 22:29:32.003] [cout] [info]   state_tracking. MocoStateTrackingGoal, enabled: true, mode: cost, weight: 1.0
[2023-03-10 22:29:32.003] [cout] [info]         state: /jointset/ground_pelvis/pelvis_tilt/value, weight: 750.0
[2023-03-10 22:29:32.003] [cout] [info]         state: /jointset/ground_pelvis/pelvis_list/value, weight: 250.0
[2023-03-10 22:29:32.003] [cout] [info]         state: /jointset/ground_pelvis/pelvis_rotation/value, weight: 50.0
[2023-03-10 22:29:32.003] [cout] [info]         state: /jointset/ground_pelvis/pelvis_tx/value, weight: 25.0
[2023-03-10 22:29:32.003] [cout] [info]         state: /jointset/ground_pelvis/pelvis_ty/value, weight: 100.0
[2023-03-10 22:29:32.003] [cout] [info]         state: /jointset/ground_pelvis/pelvis_tz/value, weight: 25.0
[2023-03-10 22:29:32.003] [cout] [info]         state: /jointset/hip_r/hip_flexion_r/value, weight: 75.0
[2023-03-10 22:29:32.004] [cout] [info]         state: /jointset/hip_r/hip_adduction_r/value, weight: 50.0
[2023-03-10 22:29:32.004] [cout] [info]         state: /jointset/hip_r/hip_rotation_r/value, weight: 10.0
[2023-03-10 22:29:32.004] [cout] [info]         state: /jointset/knee_r/knee_angle_r/value, weight: 10.0
[2023-03-10 22:29:32.004] [cout] [info]         state: /jointset/ankle_r/ankle_angle_r/value, weight: 10.0
[2023-03-10 22:29:32.004] [cout] [info]         state: /jointset/hip_l/hip_flexion_l/value, weight: 75.0
[2023-03-10 22:29:32.004] [cout] [info]         state: /jointset/hip_l/hip_adduction_l/value, weight: 50.0
[2023-03-10 22:29:32.004] [cout] [info]         state: /jointset/hip_l/hip_rotation_l/value, weight: 10.0
[2023-03-10 22:29:32.004] [cout] [info]         state: /jointset/knee_l/knee_angle_l/value, weight: 10.0
[2023-03-10 22:29:32.004] [cout] [info]         state: /jointset/ankle_l/ankle_angle_l/value, weight: 10.0
[2023-03-10 22:29:32.004] [cout] [info]         state: /jointset/back/lumbar_extension/value, weight: 75.0
[2023-03-10 22:29:32.004] [cout] [info]         state: /jointset/back/lumbar_bending/value, weight: 50.0
[2023-03-10 22:29:32.004] [cout] [info]         state: /jointset/back/lumbar_rotation/value, weight: 25.0
[2023-03-10 22:29:32.004] [cout] [info]         state: /jointset/acromial_r/arm_flex_r/value, weight: 1.0
[2023-03-10 22:29:32.005] [cout] [info]         state: /jointset/acromial_r/arm_add_r/value, weight: 1.0
[2023-03-10 22:29:32.005] [cout] [info]         state: /jointset/acromial_r/arm_rot_r/value, weight: 1.0
[2023-03-10 22:29:32.005] [cout] [info]         state: /jointset/elbow_r/elbow_flex_r/value, weight: 1.0
[2023-03-10 22:29:32.005] [cout] [info]         state: /jointset/radioulnar_r/pro_sup_r/value, weight: 1.0
[2023-03-10 22:29:32.005] [cout] [info]         state: /jointset/acromial_l/arm_flex_l/value, weight: 1.0
[2023-03-10 22:29:32.005] [cout] [info]         state: /jointset/acromial_l/arm_add_l/value, weight: 1.0
[2023-03-10 22:29:32.005] [cout] [info]         state: /jointset/acromial_l/arm_rot_l/value, weight: 1.0
[2023-03-10 22:29:32.005] [cout] [info]         state: /jointset/elbow_l/elbow_flex_l/value, weight: 1.0
[2023-03-10 22:29:32.005] [cout] [info]         state: /jointset/radioulnar_l/pro_sup_l/value, weight: 1.0
[2023-03-10 22:29:32.005] [cout] [info]         state: /jointset/subtalar_r/subtalar_angle_r/value, weight: 0.0
[2023-03-10 22:29:32.005] [cout] [info]         state: /jointset/mtp_r/mtp_angle_r/value, weight: 0.0
[2023-03-10 22:29:32.005] [cout] [info]         state: /jointset/subtalar_l/subtalar_angle_l/value, weight: 0.0
[2023-03-10 22:29:32.005] [cout] [info]         state: /jointset/mtp_l/mtp_angle_l/value, weight: 0.0
[2023-03-10 22:29:32.006] [cout] [info]         state: /jointset/radius_hand_r/wrist_flex_r/value, weight: 0.0
[2023-03-10 22:29:32.006] [cout] [info]         state: /jointset/radius_hand_r/wrist_dev_r/value, weight: 0.0
[2023-03-10 22:29:32.006] [cout] [info]         state: /jointset/radius_hand_l/wrist_flex_l/value, weight: 0.0
[2023-03-10 22:29:32.006] [cout] [info]         state: /jointset/radius_hand_l/wrist_dev_l/value, weight: 0.0
[2023-03-10 22:29:32.006] [cout] [info]   control_effort. MocoControlGoal, enabled: true, mode: cost, weight: 0.00100000
[2023-03-10 22:29:32.006] [cout] [info]         control: /forceset/pelvis_tx_actuator, weight: 1.0
[2023-03-10 22:29:32.006] [cout] [info]         control: /forceset/pelvis_ty_actuator, weight: 1.0
[2023-03-10 22:29:32.006] [cout] [info]         control: /forceset/pelvis_tz_actuator, weight: 1.0
[2023-03-10 22:29:32.006] [cout] [info]         control: /forceset/pelvis_tilt_actuator, weight: 1.0
[2023-03-10 22:29:32.006] [cout] [info]         control: /forceset/pelvis_list_actuator, weight: 1.0
[2023-03-10 22:29:32.006] [cout] [info]         control: /forceset/pelvis_rotation_actuator, weight: 1.0
[2023-03-10 22:29:32.006] [cout] [info]         control: /forceset/hip_flexion_r_actuator, weight: 1.0
[2023-03-10 22:29:32.006] [cout] [info]         control: /forceset/hip_adduction_r_actuator, weight: 1.0
[2023-03-10 22:29:32.007] [cout] [info]         control: /forceset/hip_rotation_r_actuator, weight: 1.0
[2023-03-10 22:29:32.007] [cout] [info]         control: /forceset/knee_angle_r_actuator, weight: 1.0
[2023-03-10 22:29:32.007] [cout] [info]         control: /forceset/ankle_angle_r_actuator, weight: 1.0
[2023-03-10 22:29:32.007] [cout] [info]         control: /forceset/hip_flexion_l_actuator, weight: 1.0
[2023-03-10 22:29:32.007] [cout] [info]         control: /forceset/hip_adduction_l_actuator, weight: 1.0
[2023-03-10 22:29:32.007] [cout] [info]         control: /forceset/hip_rotation_l_actuator, weight: 1.0
[2023-03-10 22:29:32.007] [cout] [info]         control: /forceset/knee_angle_l_actuator, weight: 1.0
[2023-03-10 22:29:32.007] [cout] [info]         control: /forceset/ankle_angle_l_actuator, weight: 1.0
[2023-03-10 22:29:32.007] [cout] [info]         control: /forceset/lumbar_extension_actuator, weight: 1.0
[2023-03-10 22:29:32.007] [cout] [info]         control: /forceset/lumbar_bending_actuator, weight: 1.0
[2023-03-10 22:29:32.007] [cout] [info]         control: /forceset/lumbar_rotation_actuator, weight: 1.0
[2023-03-10 22:29:32.007] [cout] [info]         control: /forceset/arm_flex_r_actuator, weight: 1.0
[2023-03-10 22:29:32.007] [cout] [info]         control: /forceset/arm_add_r_actuator, weight: 1.0
[2023-03-10 22:29:32.008] [cout] [info]         control: /forceset/arm_rot_r_actuator, weight: 1.0
[2023-03-10 22:29:32.008] [cout] [info]         control: /forceset/elbow_flex_r_actuator, weight: 1.0
[2023-03-10 22:29:32.008] [cout] [info]         control: /forceset/pro_sup_r_actuator, weight: 1.0
[2023-03-10 22:29:32.008] [cout] [info]         control: /forceset/arm_flex_l_actuator, weight: 1.0
[2023-03-10 22:29:32.008] [cout] [info]         control: /forceset/arm_add_l_actuator, weight: 1.0
[2023-03-10 22:29:32.008] [cout] [info]         control: /forceset/arm_rot_l_actuator, weight: 1.0
[2023-03-10 22:29:32.008] [cout] [info]         control: /forceset/elbow_flex_l_actuator, weight: 1.0
[2023-03-10 22:29:32.008] [cout] [info]         control: /forceset/pro_sup_l_actuator, weight: 1.0
[2023-03-10 22:29:32.008] [cout] [info] Endpoint constraints: none
[2023-03-10 22:29:32.008] [cout] [info] Kinematic constraints: (total: 8)
[2023-03-10 22:29:32.008] [cout] [info]   kinematic_constraint_cid27. MocoConstraintInfo. number of scalar equations: 3. bounds: 0, 0, 0
[2023-03-10 22:29:32.008] [cout] [info]   kinematic_constraint_cid28. MocoConstraintInfo. number of scalar equations: 3. bounds: 0, 0, 0
[2023-03-10 22:29:32.009] [cout] [info]   kinematic_constraint_cid31. MocoConstraintInfo. number of scalar equations: 3. bounds: 0, 0, 0
[2023-03-10 22:29:32.009] [cout] [info]   kinematic_constraint_cid32. MocoConstraintInfo. number of scalar equations: 3. bounds: 0, 0, 0
[2023-03-10 22:29:32.009] [cout] [info]   kinematic_constraint_cid33. MocoConstraintInfo. number of scalar equations: 3. bounds: 0, 0, 0
[2023-03-10 22:29:32.009] [cout] [info]   kinematic_constraint_cid34. MocoConstraintInfo. number of scalar equations: 3. bounds: 0, 0, 0
[2023-03-10 22:29:32.009] [cout] [info]   kinematic_constraint_cid35. MocoConstraintInfo. number of scalar equations: 3. bounds: 0, 0, 0
[2023-03-10 22:29:32.009] [cout] [info]   kinematic_constraint_cid36. MocoConstraintInfo. number of scalar equations: 3. bounds: 0, 0, 0
[2023-03-10 22:29:32.009] [cout] [info] Path constraints: none
[2023-03-10 22:29:32.009] [cout] [info] States: (total: 74)
[2023-03-10 22:29:32.009] [cout] [info]   /jointset/ground_pelvis/pelvis_tilt/value. bounds: [-0.416282, 0.186644]
[2023-03-10 22:29:32.009] [cout] [info]   /jointset/ground_pelvis/pelvis_list/value. bounds: [-0.368943, 0.315709]
[2023-03-10 22:29:32.009] [cout] [info]   /jointset/radioulnar_r/pro_sup_r/value. bounds: [1.4108, 1.85761]
[2023-03-10 22:29:32.009] [cout] [info]   /jointset/ground_pelvis/pelvis_rotation/value. bounds: [-0.320658, 0.210013]
[2023-03-10 22:29:32.010] [cout] [info]   /jointset/ground_pelvis/pelvis_tx/value. bounds: [0.881607, 1.39768]
[2023-03-10 22:29:32.010] [cout] [info]   /jointset/elbow_r/elbow_flex_r/value. bounds: [1.36221, 2.79253]
[2023-03-10 22:29:32.010] [cout] [info]   /jointset/ground_pelvis/pelvis_ty/value. bounds: [0.820694, 1.0971]
[2023-03-10 22:29:32.010] [cout] [info]   /jointset/radius_hand_l/wrist_flex_l/speed. bounds: [-50, 50]
[2023-03-10 22:29:32.010] [cout] [info]   /jointset/ground_pelvis/pelvis_tz/value. bounds: [-0.648056, -0.201095]
[2023-03-10 22:29:32.010] [cout] [info]   /jointset/hip_r/hip_adduction_r/speed. bounds: [-50, 50]
[2023-03-10 22:29:32.010] [cout] [info]   /jointset/ankle_r/ankle_angle_r/value. bounds: [-0.727354, 0.682097]
[2023-03-10 22:29:32.010] [cout] [info]   /jointset/hip_r/hip_flexion_r/value. bounds: [-0.656584, 1.21665]
[2023-03-10 22:29:32.010] [cout] [info]   /jointset/hip_r/hip_adduction_r/value. bounds: [-0.190042, 0.413633]
[2023-03-10 22:29:32.010] [cout] [info]   /jointset/back/lumbar_rotation/speed. bounds: [-50, 50]
[2023-03-10 22:29:32.010] [cout] [info]   /jointset/hip_r/hip_rotation_r/value. bounds: [-0.232903, 0.363426]
[2023-03-10 22:29:32.011] [cout] [info]   /jointset/mtp_l/mtp_angle_l/speed. bounds: [-50, 50]
[2023-03-10 22:29:32.011] [cout] [info]   /jointset/knee_r/knee_angle_r/value. bounds: [-2.49807, 0.222118]
[2023-03-10 22:29:32.011] [cout] [info]   /jointset/subtalar_r/subtalar_angle_r/value. bounds: [-1.5708, 1.5708]
[2023-03-10 22:29:32.011] [cout] [info]   /jointset/hip_l/hip_flexion_l/value. bounds: [-0.654154, 1.04363]
[2023-03-10 22:29:32.011] [cout] [info]   /jointset/hip_l/hip_adduction_l/value. bounds: [-0.210134, 0.371171]
[2023-03-10 22:29:32.011] [cout] [info]   /jointset/hip_l/hip_rotation_l/value. bounds: [-0.261228, 0.452448]
[2023-03-10 22:29:32.011] [cout] [info]   /jointset/knee_l/knee_angle_l/value. bounds: [-2.37148, 0.264994]
[2023-03-10 22:29:32.011] [cout] [info]   /jointset/knee_r/knee_angle_r/speed. bounds: [-50, 50]
[2023-03-10 22:29:32.011] [cout] [info]   /jointset/ankle_l/ankle_angle_l/value. bounds: [-0.552348, 0.66507]
[2023-03-10 22:29:32.011] [cout] [info]   /jointset/back/lumbar_extension/value. bounds: [-0.564053, 0.15528]
[2023-03-10 22:29:32.011] [cout] [info]   /jointset/back/lumbar_bending/value. bounds: [-0.264627, 0.376048]
[2023-03-10 22:29:32.011] [cout] [info]   /jointset/back/lumbar_rotation/value. bounds: [-0.364722, 0.489145]
[2023-03-10 22:29:32.011] [cout] [info]   /jointset/acromial_r/arm_flex_r/value. bounds: [-1.35476, -0.0511101]
[2023-03-10 22:29:32.012] [cout] [info]   /jointset/acromial_r/arm_add_r/value. bounds: [-0.668113, -0.0583365]
[2023-03-10 22:29:32.012] [cout] [info]   /jointset/acromial_r/arm_rot_r/value. bounds: [-0.554685, 0.182056]
[2023-03-10 22:29:32.012] [cout] [info]   /jointset/acromial_l/arm_flex_l/value. bounds: [-1.41238, 0.0586855]
[2023-03-10 22:29:32.012] [cout] [info]   /jointset/acromial_l/arm_add_l/value. bounds: [-0.545058, -0.0678364]
[2023-03-10 22:29:32.012] [cout] [info]   /jointset/acromial_l/arm_rot_l/value. bounds: [-0.60252, 0.266614]
[2023-03-10 22:29:32.012] [cout] [info]   /jointset/elbow_l/elbow_flex_l/value. bounds: [1.44296, 2.72146]
[2023-03-10 22:29:32.012] [cout] [info]   /jointset/radioulnar_l/pro_sup_l/value. bounds: [1.42847, 1.86324]
[2023-03-10 22:29:32.012] [cout] [info]   /jointset/ground_pelvis/pelvis_tilt/speed. bounds: [-50, 50]
[2023-03-10 22:29:32.012] [cout] [info]   /jointset/ground_pelvis/pelvis_list/speed. bounds: [-50, 50]
[2023-03-10 22:29:32.012] [cout] [info]   /jointset/radioulnar_r/pro_sup_r/speed. bounds: [-50, 50]
[2023-03-10 22:29:32.012] [cout] [info]   /jointset/ground_pelvis/pelvis_rotation/speed. bounds: [-50, 50]
[2023-03-10 22:29:32.012] [cout] [info]   /jointset/ground_pelvis/pelvis_tx/speed. bounds: [-50, 50]
[2023-03-10 22:29:32.012] [cout] [info]   /jointset/elbow_r/elbow_flex_r/speed. bounds: [-50, 50]
[2023-03-10 22:29:32.012] [cout] [info]   /jointset/ground_pelvis/pelvis_ty/speed. bounds: [-50, 50]
[2023-03-10 22:29:32.012] [cout] [info]   /jointset/ground_pelvis/pelvis_tz/speed. bounds: [-50, 50]
[2023-03-10 22:29:32.012] [cout] [info]   /jointset/ankle_r/ankle_angle_r/speed. bounds: [-50, 50]
[2023-03-10 22:29:32.013] [cout] [info]   /jointset/hip_r/hip_flexion_r/speed. bounds: [-50, 50]
[2023-03-10 22:29:32.013] [cout] [info]   /jointset/hip_r/hip_rotation_r/speed. bounds: [-50, 50]
[2023-03-10 22:29:32.013] [cout] [info]   /jointset/hip_l/hip_flexion_l/speed. bounds: [-50, 50]
[2023-03-10 22:29:32.013] [cout] [info]   /jointset/subtalar_r/subtalar_angle_r/speed. bounds: [-50, 50]
[2023-03-10 22:29:32.013] [cout] [info]   /jointset/mtp_r/mtp_angle_r/value. bounds: [-1.5708, 1.5708]
[2023-03-10 22:29:32.013] [cout] [info]   /jointset/mtp_r/mtp_angle_r/speed. bounds: [-50, 50]
[2023-03-10 22:29:32.013] [cout] [info]   /jointset/hip_l/hip_adduction_l/speed. bounds: [-50, 50]
[2023-03-10 22:29:32.013] [cout] [info]   /jointset/hip_l/hip_rotation_l/speed. bounds: [-50, 50]
[2023-03-10 22:29:32.013] [cout] [info]   /jointset/knee_l/knee_angle_l/speed. bounds: [-50, 50]
[2023-03-10 22:29:32.013] [cout] [info]   /jointset/ankle_l/ankle_angle_l/speed. bounds: [-50, 50]
[2023-03-10 22:29:32.013] [cout] [info]   /jointset/subtalar_l/subtalar_angle_l/value. bounds: [-1.5708, 1.5708]
[2023-03-10 22:29:32.013] [cout] [info]   /jointset/subtalar_l/subtalar_angle_l/speed. bounds: [-50, 50]
[2023-03-10 22:29:32.013] [cout] [info]   /jointset/mtp_l/mtp_angle_l/value. bounds: [-1.0472, 1.0472]
[2023-03-10 22:29:32.013] [cout] [info]   /jointset/back/lumbar_extension/speed. bounds: [-50, 50]
[2023-03-10 22:29:32.013] [cout] [info]   /jointset/back/lumbar_bending/speed. bounds: [-50, 50]
[2023-03-10 22:29:32.013] [cout] [info]   /jointset/acromial_r/arm_flex_r/speed. bounds: [-50, 50]
[2023-03-10 22:29:32.014] [cout] [info]   /jointset/acromial_r/arm_add_r/speed. bounds: [-50, 50]
[2023-03-10 22:29:32.014] [cout] [info]   /jointset/acromial_r/arm_rot_r/speed. bounds: [-50, 50]
[2023-03-10 22:29:32.014] [cout] [info]   /jointset/radius_hand_r/wrist_flex_r/value. bounds: [-1.22173, 1.22173]
[2023-03-10 22:29:32.014] [cout] [info]   /jointset/radius_hand_r/wrist_flex_r/speed. bounds: [-50, 50]
[2023-03-10 22:29:32.014] [cout] [info]   /jointset/radius_hand_r/wrist_dev_r/value. bounds: [-0.436332, 0.610865]
[2023-03-10 22:29:32.014] [cout] [info]   /jointset/radius_hand_r/wrist_dev_r/speed. bounds: [-50, 50]
[2023-03-10 22:29:32.014] [cout] [info]   /jointset/acromial_l/arm_flex_l/speed. bounds: [-50, 50]
[2023-03-10 22:29:32.014] [cout] [info]   /jointset/acromial_l/arm_add_l/speed. bounds: [-50, 50]
[2023-03-10 22:29:32.014] [cout] [info]   /jointset/acromial_l/arm_rot_l/speed. bounds: [-50, 50]
[2023-03-10 22:29:32.014] [cout] [info]   /jointset/elbow_l/elbow_flex_l/speed. bounds: [-50, 50]
[2023-03-10 22:29:32.014] [cout] [info]   /jointset/radioulnar_l/pro_sup_l/speed. bounds: [-50, 50]
[2023-03-10 22:29:32.014] [cout] [info]   /jointset/radius_hand_l/wrist_flex_l/value. bounds: [-1.22173, 1.22173]
[2023-03-10 22:29:32.014] [cout] [info]   /jointset/radius_hand_l/wrist_dev_l/value. bounds: [-0.436332, 0.610865]
[2023-03-10 22:29:32.014] [cout] [info]   /jointset/radius_hand_l/wrist_dev_l/speed. bounds: [-50, 50]
[2023-03-10 22:29:32.014] [cout] [info] Controls: (total: 29)
[2023-03-10 22:29:32.014] [cout] [info]   /forceset/pelvis_tx_actuator. bounds: [-10000, 10000]
[2023-03-10 22:29:32.014] [cout] [info]   /forceset/pelvis_ty_actuator. bounds: [-10000, 10000]
[2023-03-10 22:29:32.015] [cout] [info]   /forceset/pelvis_tz_actuator. bounds: [-10000, 10000]
[2023-03-10 22:29:32.015] [cout] [info]   /forceset/arm_flex_r_actuator. bounds: [-1, 1]
[2023-03-10 22:29:32.015] [cout] [info]   /forceset/hip_rotation_r_actuator. bounds: [-1, 1]
[2023-03-10 22:29:32.015] [cout] [info]   /forceset/pelvis_tilt_actuator. bounds: [-10000, 10000]
[2023-03-10 22:29:32.015] [cout] [info]   /forceset/pelvis_list_actuator. bounds: [-10000, 10000]
[2023-03-10 22:29:32.015] [cout] [info]   /forceset/pelvis_rotation_actuator. bounds: [-10000, 10000]
[2023-03-10 22:29:32.015] [cout] [info]   /forceset/elbow_flex_l_actuator. bounds: [-1, 1]
[2023-03-10 22:29:32.015] [cout] [info]   /forceset/hip_adduction_l_actuator. bounds: [-1, 1]
[2023-03-10 22:29:32.015] [cout] [info]   /forceset/hip_flexion_r_actuator. bounds: [-1, 1]
[2023-03-10 22:29:32.015] [cout] [info]   /forceset/elbow_flex_r_actuator. bounds: [-1, 1]
[2023-03-10 22:29:32.015] [cout] [info]   /forceset/hip_flexion_l_actuator. bounds: [-1, 1]
[2023-03-10 22:29:32.015] [cout] [info]   /forceset/hip_adduction_r_actuator. bounds: [-1, 1]
[2023-03-10 22:29:32.015] [cout] [info]   /forceset/knee_angle_r_actuator. bounds: [-1, 1]
[2023-03-10 22:29:32.015] [cout] [info]   /forceset/lumbar_rotation_actuator. bounds: [-1, 1]
[2023-03-10 22:29:32.015] [cout] [info]   /forceset/ankle_angle_r_actuator. bounds: [-1, 1]
[2023-03-10 22:29:32.015] [cout] [info]   /forceset/arm_flex_l_actuator. bounds: [-1, 1]
[2023-03-10 22:29:32.015] [cout] [info]   /forceset/hip_rotation_l_actuator. bounds: [-1, 1]
[2023-03-10 22:29:32.015] [cout] [info]   /forceset/knee_angle_l_actuator. bounds: [-1, 1]
[2023-03-10 22:29:32.015] [cout] [info]   /forceset/ankle_angle_l_actuator. bounds: [-1, 1]
[2023-03-10 22:29:32.015] [cout] [info]   /forceset/lumbar_extension_actuator. bounds: [-1, 1]
[2023-03-10 22:29:32.015] [cout] [info]   /forceset/lumbar_bending_actuator. bounds: [-1, 1]
[2023-03-10 22:29:32.015] [cout] [info]   /forceset/arm_add_r_actuator. bounds: [-1, 1]
[2023-03-10 22:29:32.016] [cout] [info]   /forceset/arm_rot_r_actuator. bounds: [-1, 1]
[2023-03-10 22:29:32.016] [cout] [info]   /forceset/pro_sup_r_actuator. bounds: [-1, 1]
[2023-03-10 22:29:32.016] [cout] [info]   /forceset/arm_add_l_actuator. bounds: [-1, 1]
[2023-03-10 22:29:32.016] [cout] [info]   /forceset/arm_rot_l_actuator. bounds: [-1, 1]
[2023-03-10 22:29:32.016] [cout] [info]   /forceset/pro_sup_l_actuator. bounds: [-1, 1]
[2023-03-10 22:29:32.016] [cout] [info] Parameters: none
[2023-03-10 22:29:32.188] [info] ExternalForce::externalforce Data source being set to Run_500 04_newCOP3_v24.mot
[2023-03-10 22:29:32.188] [info] ExternalForce::externalforce_0 Data source being set to Run_500 04_newCOP3_v24.mot
[2023-03-10 22:29:32.425] [info] ExternalForce::externalforce Data source being set to Run_500 04_newCOP3_v24.mot
[2023-03-10 22:29:32.425] [info] ExternalForce::externalforce_0 Data source being set to Run_500 04_newCOP3_v24.mot
[2023-03-10 22:29:32.602] [info] ExternalForce::externalforce Data source being set to Run_500 04_newCOP3_v24.mot
[2023-03-10 22:29:32.602] [info] ExternalForce::externalforce_0 Data source being set to Run_500 04_newCOP3_v24.mot
[2023-03-10 22:29:32.782] [info] ExternalForce::externalforce Data source being set to Run_500 04_newCOP3_v24.mot
[2023-03-10 22:29:32.782] [info] ExternalForce::externalforce_0 Data source being set to Run_500 04_newCOP3_v24.mot
[2023-03-10 22:29:33.021] [info] ExternalForce::externalforce Data source being set to Run_500 04_newCOP3_v24.mot
[2023-03-10 22:29:33.021] [info] ExternalForce::externalforce_0 Data source being set to Run_500 04_newCOP3_v24.mot
[2023-03-10 22:29:33.180] [info] ExternalForce::externalforce Data source being set to Run_500 04_newCOP3_v24.mot
[2023-03-10 22:29:33.180] [info] ExternalForce::externalforce_0 Data source being set to Run_500 04_newCOP3_v24.mot
[2023-03-10 22:29:33.338] [info] ExternalForce::externalforce Data source being set to Run_500 04_newCOP3_v24.mot
[2023-03-10 22:29:33.338] [info] ExternalForce::externalforce_0 Data source being set to Run_500 04_newCOP3_v24.mot
[2023-03-10 22:29:33.587] [info] ExternalForce::externalforce Data source being set to Run_500 04_newCOP3_v24.mot
[2023-03-10 22:29:33.587] [info] ExternalForce::externalforce_0 Data source being set to Run_500 04_newCOP3_v24.mot
[2023-03-10 22:29:33.768] [info] ExternalForce::externalforce Data source being set to Run_500 04_newCOP3_v24.mot
[2023-03-10 22:29:33.768] [info] ExternalForce::externalforce_0 Data source being set to Run_500 04_newCOP3_v24.mot
[2023-03-10 22:29:33.948] [info] ExternalForce::externalforce Data source being set to Run_500 04_newCOP3_v24.mot
[2023-03-10 22:29:33.948] [info] ExternalForce::externalforce_0 Data source being set to Run_500 04_newCOP3_v24.mot
[2023-03-10 22:29:34.107] [info] ExternalForce::externalforce Data source being set to Run_500 04_newCOP3_v24.mot
[2023-03-10 22:29:34.107] [info] ExternalForce::externalforce_0 Data source being set to Run_500 04_newCOP3_v24.mot
[2023-03-10 22:29:34.312] [info] ExternalForce::externalforce Data source being set to Run_500 04_newCOP3_v24.mot
[2023-03-10 22:29:34.312] [info] ExternalForce::externalforce_0 Data source being set to Run_500 04_newCOP3_v24.mot
[2023-03-10 22:29:34.512] [info] ExternalForce::externalforce Data source being set to Run_500 04_newCOP3_v24.mot
[2023-03-10 22:29:34.513] [info] ExternalForce::externalforce_0 Data source being set to Run_500 04_newCOP3_v24.mot
[2023-03-10 22:29:34.742] [info] ExternalForce::externalforce Data source being set to Run_500 04_newCOP3_v24.mot
[2023-03-10 22:29:34.743] [info] ExternalForce::externalforce_0 Data source being set to Run_500 04_newCOP3_v24.mot
[2023-03-10 22:29:34.920] [info] ExternalForce::externalforce Data source being set to Run_500 04_newCOP3_v24.mot
[2023-03-10 22:29:34.920] [info] ExternalForce::externalforce_0 Data source being set to Run_500 04_newCOP3_v24.mot
[2023-03-10 22:29:35.087] [info] ExternalForce::externalforce Data source being set to Run_500 04_newCOP3_v24.mot
[2023-03-10 22:29:35.087] [info] ExternalForce::externalforce_0 Data source being set to Run_500 04_newCOP3_v24.mot
[2023-03-10 22:29:35.121] [info] Number of threads: 8
[2023-03-10 22:45:50.446] [info] Set log level to Info.
[2023-03-10 22:45:50.475] [info] ------------------------------------------------------------------------
[2023-03-10 22:45:50.475] [info] Elapsed real time: 978 second(s) (16 minute(s), 18 second(s)).
[2023-03-10 22:45:50.475] [info] Fri Mar 10 22:45:50 2023
[2023-03-10 22:45:50.475] [info] MocoCasADiSolver succeeded!
[2023-03-10 22:45:50.476] [info] ========================================================================
[2023-03-10 22:45:50.926] [info] Loaded model subject04_scaled from file ..\..\model\subject04_adjusted_scaled.osim
[2023-03-10 22:45:51.009] [cout] [info] 
               MODEL: subject04_scaled
         coordinates: 37
              forces: 92
           actuators: 92
             muscles: 92
            analyses: 0
              probes: 0
              bodies: 20
              joints: 20
         constraints: 0
             markers: 56
         controllers: 0
  contact geometries: 0
misc modelcomponents: 0
[2023-03-10 22:45:51.010] [info] Running tool subject10_scaled...
[2023-03-10 22:45:51.056] [warning] ExternalLoads 'externalloads' has subcomponents with duplicate name 'externalforce'. The duplicate is being renamed to 'externalforce_0'.
[2023-03-10 22:45:51.258] [info] ExternalForce::externalforce Data source being set to Run_500 04_newCOP3_v24.mot
[2023-03-10 22:45:51.258] [info] ExternalForce::externalforce_0 Data source being set to Run_500 04_newCOP3_v24.mot
[2023-03-10 22:45:52.925] [info] InverseDynamicsTool: 127 time frames in 2 second(s).
[2023-12-06 00:27:34.024] [info] ExternalForce::externalforce Data source being set to Run_500 04_newCOP3_v24.mot
[2023-12-06 00:27:34.024] [info] ExternalForce::externalforce_0 Data source being set to Run_500 04_newCOP3_v24.mot
[2023-12-06 00:27:34.595] [info] ExternalForce::externalforce Data source being set to Run_500 04_newCOP3_v24.mot
[2023-12-06 00:27:34.595] [info] ExternalForce::externalforce_0 Data source being set to Run_500 04_newCOP3_v24.mot
[2023-12-06 00:27:34.809] [info] ExternalForce::externalforce Data source being set to Run_500 04_newCOP3_v24.mot
[2023-12-06 00:27:34.810] [info] ExternalForce::externalforce_0 Data source being set to Run_500 04_newCOP3_v24.mot
[2023-12-06 00:27:34.958] [info] ExternalForce::externalforce Data source being set to Run_500 04_newCOP3_v24.mot
[2023-12-06 00:27:34.958] [info] ExternalForce::externalforce_0 Data source being set to Run_500 04_newCOP3_v24.mot
[2023-12-06 00:27:35.118] [info] ExternalForce::externalforce Data source being set to Run_500 04_newCOP3_v24.mot
[2023-12-06 00:27:35.119] [info] ExternalForce::externalforce_0 Data source being set to Run_500 04_newCOP3_v24.mot
[2023-12-06 00:27:35.261] [info] ExternalForce::externalforce Data source being set to Run_500 04_newCOP3_v24.mot
[2023-12-06 00:27:35.261] [info] ExternalForce::externalforce_0 Data source being set to Run_500 04_newCOP3_v24.mot
[2023-12-06 00:27:35.413] [info] ExternalForce::externalforce Data source being set to Run_500 04_newCOP3_v24.mot
[2023-12-06 00:27:35.413] [info] ExternalForce::externalforce_0 Data source being set to Run_500 04_newCOP3_v24.mot
[2023-12-06 00:27:35.537] [info] ExternalForce::externalforce Data source being set to Run_500 04_newCOP3_v24.mot
[2023-12-06 00:27:35.537] [info] ExternalForce::externalforce_0 Data source being set to Run_500 04_newCOP3_v24.mot
[2023-12-06 00:27:35.674] [info] ExternalForce::externalforce Data source being set to Run_500 04_newCOP3_v24.mot
[2023-12-06 00:27:35.674] [info] ExternalForce::externalforce_0 Data source being set to Run_500 04_newCOP3_v24.mot
[2023-12-06 00:27:35.801] [info] ExternalForce::externalforce Data source being set to Run_500 04_newCOP3_v24.mot
[2023-12-06 00:27:35.801] [info] ExternalForce::externalforce_0 Data source being set to Run_500 04_newCOP3_v24.mot
[2023-12-06 00:27:35.942] [info] ExternalForce::externalforce Data source being set to Run_500 04_newCOP3_v24.mot
[2023-12-06 00:27:35.942] [info] ExternalForce::externalforce_0 Data source being set to Run_500 04_newCOP3_v24.mot
[2023-12-06 00:27:36.063] [info] ExternalForce::externalforce Data source being set to Run_500 04_newCOP3_v24.mot
[2023-12-06 00:27:36.063] [info] ExternalForce::externalforce_0 Data source being set to Run_500 04_newCOP3_v24.mot
[2023-12-06 00:27:36.196] [info] ExternalForce::externalforce Data source being set to Run_500 04_newCOP3_v24.mot
[2023-12-06 00:27:36.196] [info] ExternalForce::externalforce_0 Data source being set to Run_500 04_newCOP3_v24.mot
[2023-12-06 00:27:36.319] [info] ExternalForce::externalforce Data source being set to Run_500 04_newCOP3_v24.mot
[2023-12-06 00:27:36.319] [info] ExternalForce::externalforce_0 Data source being set to Run_500 04_newCOP3_v24.mot
[2023-12-06 00:27:36.452] [info] ExternalForce::externalforce Data source being set to Run_500 04_newCOP3_v24.mot
[2023-12-06 00:27:36.452] [info] ExternalForce::externalforce_0 Data source being set to Run_500 04_newCOP3_v24.mot
[2023-12-06 00:27:36.567] [info] ExternalForce::externalforce Data source being set to Run_500 04_newCOP3_v24.mot
[2023-12-06 00:27:36.567] [info] ExternalForce::externalforce_0 Data source being set to Run_500 04_newCOP3_v24.mot
[2023-12-06 00:27:36.694] [info] ExternalForce::externalforce Data source being set to Run_500 04_newCOP3_v24.mot
[2023-12-06 00:27:36.694] [info] ExternalForce::externalforce_0 Data source being set to Run_500 04_newCOP3_v24.mot
[2023-12-06 00:27:36.808] [info] ExternalForce::externalforce Data source being set to Run_500 04_newCOP3_v24.mot
[2023-12-06 00:27:36.808] [info] ExternalForce::externalforce_0 Data source being set to Run_500 04_newCOP3_v24.mot
[2023-12-06 00:27:36.935] [info] ExternalForce::externalforce Data source being set to Run_500 04_newCOP3_v24.mot
[2023-12-06 00:27:36.935] [info] ExternalForce::externalforce_0 Data source being set to Run_500 04_newCOP3_v24.mot
[2023-12-06 00:27:37.046] [info] ExternalForce::externalforce Data source being set to Run_500 04_newCOP3_v24.mot
[2023-12-06 00:27:37.046] [info] ExternalForce::externalforce_0 Data source being set to Run_500 04_newCOP3_v24.mot
[2023-12-06 00:27:37.171] [info] ExternalForce::externalforce Data source being set to Run_500 04_newCOP3_v24.mot
[2023-12-06 00:27:37.171] [info] ExternalForce::externalforce_0 Data source being set to Run_500 04_newCOP3_v24.mot
[2023-12-06 00:27:37.284] [info] ExternalForce::externalforce Data source being set to Run_500 04_newCOP3_v24.mot
[2023-12-06 00:27:37.284] [info] ExternalForce::externalforce_0 Data source being set to Run_500 04_newCOP3_v24.mot
[2023-12-06 00:27:37.738] [info] ExternalForce::externalforce Data source being set to Run_500 04_newCOP3_v24.mot
[2023-12-06 00:27:37.738] [info] ExternalForce::externalforce_0 Data source being set to Run_500 04_newCOP3_v24.mot
[2023-12-06 00:27:37.844] [info] ExternalForce::externalforce Data source being set to Run_500 04_newCOP3_v24.mot
[2023-12-06 00:27:37.844] [info] ExternalForce::externalforce_0 Data source being set to Run_500 04_newCOP3_v24.mot
[2023-12-06 00:27:37.960] [info] ExternalForce::externalforce Data source being set to Run_500 04_newCOP3_v24.mot
[2023-12-06 00:27:37.960] [info] ExternalForce::externalforce_0 Data source being set to Run_500 04_newCOP3_v24.mot
[2023-12-06 00:27:38.071] [info] ExternalForce::externalforce Data source being set to Run_500 04_newCOP3_v24.mot
[2023-12-06 00:27:38.071] [info] ExternalForce::externalforce_0 Data source being set to Run_500 04_newCOP3_v24.mot
[2023-12-06 00:27:38.209] [info] ExternalForce::externalforce Data source being set to Run_500 04_newCOP3_v24.mot
[2023-12-06 00:27:38.210] [info] ExternalForce::externalforce_0 Data source being set to Run_500 04_newCOP3_v24.mot
[2023-12-06 00:27:38.312] [info] ExternalForce::externalforce Data source being set to Run_500 04_newCOP3_v24.mot
[2023-12-06 00:27:38.312] [info] ExternalForce::externalforce_0 Data source being set to Run_500 04_newCOP3_v24.mot
[2023-12-06 00:27:38.435] [info] ExternalForce::externalforce Data source being set to Run_500 04_newCOP3_v24.mot
[2023-12-06 00:27:38.435] [info] ExternalForce::externalforce_0 Data source being set to Run_500 04_newCOP3_v24.mot
[2023-12-06 00:27:38.538] [info] ExternalForce::externalforce Data source being set to Run_500 04_newCOP3_v24.mot
[2023-12-06 00:27:38.538] [info] ExternalForce::externalforce_0 Data source being set to Run_500 04_newCOP3_v24.mot
[2023-12-06 00:27:38.560] [info] ========================================================================
[2023-12-06 00:27:38.560] [info] MocoCasADiSolver starting.
[2023-12-06 00:27:38.560] [info] Wed Dec  6 00:27:38 2023
[2023-12-06 00:27:38.560] [info] ------------------------------------------------------------------------
[2023-12-06 00:27:38.560] [cout] [info] Costs: (total: 2)
[2023-12-06 00:27:38.560] [cout] [info]   state_tracking. MocoStateTrackingGoal, enabled: true, mode: cost, weight: 1.0
[2023-12-06 00:27:38.560] [cout] [info]         state: /jointset/ground_pelvis/pelvis_tilt/value, weight: 750.0
[2023-12-06 00:27:38.561] [cout] [info]         state: /jointset/ground_pelvis/pelvis_list/value, weight: 250.0
[2023-12-06 00:27:38.561] [cout] [info]         state: /jointset/ground_pelvis/pelvis_rotation/value, weight: 50.0
[2023-12-06 00:27:38.561] [cout] [info]         state: /jointset/ground_pelvis/pelvis_tx/value, weight: 25.0
[2023-12-06 00:27:38.561] [cout] [info]         state: /jointset/ground_pelvis/pelvis_ty/value, weight: 100.0
[2023-12-06 00:27:38.561] [cout] [info]         state: /jointset/ground_pelvis/pelvis_tz/value, weight: 25.0
[2023-12-06 00:27:38.561] [cout] [info]         state: /jointset/hip_r/hip_flexion_r/value, weight: 75.0
[2023-12-06 00:27:38.561] [cout] [info]         state: /jointset/hip_r/hip_adduction_r/value, weight: 50.0
[2023-12-06 00:27:38.561] [cout] [info]         state: /jointset/hip_r/hip_rotation_r/value, weight: 10.0
[2023-12-06 00:27:38.561] [cout] [info]         state: /jointset/knee_r/knee_angle_r/value, weight: 10.0
[2023-12-06 00:27:38.561] [cout] [info]         state: /jointset/ankle_r/ankle_angle_r/value, weight: 10.0
[2023-12-06 00:27:38.561] [cout] [info]         state: /jointset/hip_l/hip_flexion_l/value, weight: 75.0
[2023-12-06 00:27:38.561] [cout] [info]         state: /jointset/hip_l/hip_adduction_l/value, weight: 50.0
[2023-12-06 00:27:38.561] [cout] [info]         state: /jointset/hip_l/hip_rotation_l/value, weight: 10.0
[2023-12-06 00:27:38.561] [cout] [info]         state: /jointset/knee_l/knee_angle_l/value, weight: 10.0
[2023-12-06 00:27:38.561] [cout] [info]         state: /jointset/ankle_l/ankle_angle_l/value, weight: 10.0
[2023-12-06 00:27:38.561] [cout] [info]         state: /jointset/back/lumbar_extension/value, weight: 75.0
[2023-12-06 00:27:38.561] [cout] [info]         state: /jointset/back/lumbar_bending/value, weight: 50.0
[2023-12-06 00:27:38.561] [cout] [info]         state: /jointset/back/lumbar_rotation/value, weight: 25.0
[2023-12-06 00:27:38.561] [cout] [info]         state: /jointset/acromial_r/arm_flex_r/value, weight: 1.0
[2023-12-06 00:27:38.561] [cout] [info]         state: /jointset/acromial_r/arm_add_r/value, weight: 1.0
[2023-12-06 00:27:38.561] [cout] [info]         state: /jointset/acromial_r/arm_rot_r/value, weight: 1.0
[2023-12-06 00:27:38.561] [cout] [info]         state: /jointset/elbow_r/elbow_flex_r/value, weight: 1.0
[2023-12-06 00:27:38.561] [cout] [info]         state: /jointset/radioulnar_r/pro_sup_r/value, weight: 1.0
[2023-12-06 00:27:38.561] [cout] [info]         state: /jointset/acromial_l/arm_flex_l/value, weight: 1.0
[2023-12-06 00:27:38.561] [cout] [info]         state: /jointset/acromial_l/arm_add_l/value, weight: 1.0
[2023-12-06 00:27:38.561] [cout] [info]         state: /jointset/acromial_l/arm_rot_l/value, weight: 1.0
[2023-12-06 00:27:38.561] [cout] [info]         state: /jointset/elbow_l/elbow_flex_l/value, weight: 1.0
[2023-12-06 00:27:38.561] [cout] [info]         state: /jointset/radioulnar_l/pro_sup_l/value, weight: 1.0
[2023-12-06 00:27:38.561] [cout] [info]         state: /jointset/subtalar_r/subtalar_angle_r/value, weight: 0.0
[2023-12-06 00:27:38.561] [cout] [info]         state: /jointset/mtp_r/mtp_angle_r/value, weight: 0.0
[2023-12-06 00:27:38.561] [cout] [info]         state: /jointset/subtalar_l/subtalar_angle_l/value, weight: 0.0
[2023-12-06 00:27:38.561] [cout] [info]         state: /jointset/mtp_l/mtp_angle_l/value, weight: 0.0
[2023-12-06 00:27:38.561] [cout] [info]         state: /jointset/radius_hand_r/wrist_flex_r/value, weight: 0.0
[2023-12-06 00:27:38.561] [cout] [info]         state: /jointset/radius_hand_r/wrist_dev_r/value, weight: 0.0
[2023-12-06 00:27:38.561] [cout] [info]         state: /jointset/radius_hand_l/wrist_flex_l/value, weight: 0.0
[2023-12-06 00:27:38.561] [cout] [info]         state: /jointset/radius_hand_l/wrist_dev_l/value, weight: 0.0
[2023-12-06 00:27:38.561] [cout] [info]         state: /jointset/ground_pelvis/pelvis_tilt/speed, weight: 7.5
[2023-12-06 00:27:38.561] [cout] [info]         state: /jointset/ground_pelvis/pelvis_list/speed, weight: 2.5
[2023-12-06 00:27:38.561] [cout] [info]         state: /jointset/ground_pelvis/pelvis_rotation/speed, weight: 0.5
[2023-12-06 00:27:38.561] [cout] [info]         state: /jointset/ground_pelvis/pelvis_tx/speed, weight: 0.25
[2023-12-06 00:27:38.561] [cout] [info]         state: /jointset/ground_pelvis/pelvis_ty/speed, weight: 1.0
[2023-12-06 00:27:38.561] [cout] [info]         state: /jointset/ground_pelvis/pelvis_tz/speed, weight: 0.25
[2023-12-06 00:27:38.561] [cout] [info]         state: /jointset/hip_r/hip_flexion_r/speed, weight: 0.75
[2023-12-06 00:27:38.561] [cout] [info]         state: /jointset/hip_r/hip_adduction_r/speed, weight: 0.5
[2023-12-06 00:27:38.561] [cout] [info]         state: /jointset/hip_r/hip_rotation_r/speed, weight: 0.1
[2023-12-06 00:27:38.561] [cout] [info]         state: /jointset/knee_r/knee_angle_r/speed, weight: 0.1
[2023-12-06 00:27:38.561] [cout] [info]         state: /jointset/ankle_r/ankle_angle_r/speed, weight: 0.1
[2023-12-06 00:27:38.561] [cout] [info]         state: /jointset/subtalar_r/subtalar_angle_r/speed, weight: 0.0
[2023-12-06 00:27:38.561] [cout] [info]         state: /jointset/mtp_r/mtp_angle_r/speed, weight: 0.0
[2023-12-06 00:27:38.561] [cout] [info]         state: /jointset/hip_l/hip_flexion_l/speed, weight: 0.75
[2023-12-06 00:27:38.561] [cout] [info]         state: /jointset/hip_l/hip_adduction_l/speed, weight: 0.5
[2023-12-06 00:27:38.561] [cout] [info]         state: /jointset/hip_l/hip_rotation_l/speed, weight: 0.1
[2023-12-06 00:27:38.561] [cout] [info]         state: /jointset/knee_l/knee_angle_l/speed, weight: 0.1
[2023-12-06 00:27:38.561] [cout] [info]         state: /jointset/ankle_l/ankle_angle_l/speed, weight: 0.1
[2023-12-06 00:27:38.561] [cout] [info]         state: /jointset/subtalar_l/subtalar_angle_l/speed, weight: 0.0
[2023-12-06 00:27:38.561] [cout] [info]         state: /jointset/mtp_l/mtp_angle_l/speed, weight: 0.0
[2023-12-06 00:27:38.561] [cout] [info]         state: /jointset/back/lumbar_extension/speed, weight: 0.75
[2023-12-06 00:27:38.561] [cout] [info]         state: /jointset/back/lumbar_bending/speed, weight: 0.5
[2023-12-06 00:27:38.561] [cout] [info]         state: /jointset/back/lumbar_rotation/speed, weight: 0.25
[2023-12-06 00:27:38.561] [cout] [info]         state: /jointset/acromial_r/arm_flex_r/speed, weight: 0.01
[2023-12-06 00:27:38.561] [cout] [info]         state: /jointset/acromial_r/arm_add_r/speed, weight: 0.01
[2023-12-06 00:27:38.561] [cout] [info]         state: /jointset/acromial_r/arm_rot_r/speed, weight: 0.01
[2023-12-06 00:27:38.561] [cout] [info]         state: /jointset/elbow_r/elbow_flex_r/speed, weight: 0.01
[2023-12-06 00:27:38.561] [cout] [info]         state: /jointset/radioulnar_r/pro_sup_r/speed, weight: 0.01
[2023-12-06 00:27:38.561] [cout] [info]         state: /jointset/radius_hand_r/wrist_flex_r/speed, weight: 0.0
[2023-12-06 00:27:38.561] [cout] [info]         state: /jointset/radius_hand_r/wrist_dev_r/speed, weight: 0.0
[2023-12-06 00:27:38.561] [cout] [info]         state: /jointset/acromial_l/arm_flex_l/speed, weight: 0.01
[2023-12-06 00:27:38.561] [cout] [info]         state: /jointset/acromial_l/arm_add_l/speed, weight: 0.01
[2023-12-06 00:27:38.561] [cout] [info]         state: /jointset/acromial_l/arm_rot_l/speed, weight: 0.01
[2023-12-06 00:27:38.561] [cout] [info]         state: /jointset/elbow_l/elbow_flex_l/speed, weight: 0.01
[2023-12-06 00:27:38.561] [cout] [info]         state: /jointset/radioulnar_l/pro_sup_l/speed, weight: 0.01
[2023-12-06 00:27:38.561] [cout] [info]         state: /jointset/radius_hand_l/wrist_flex_l/speed, weight: 0.0
[2023-12-06 00:27:38.561] [cout] [info]         state: /jointset/radius_hand_l/wrist_dev_l/speed, weight: 0.0
[2023-12-06 00:27:38.561] [cout] [info]   control_effort. MocoControlGoal, enabled: true, mode: cost, weight: 0.00100000
[2023-12-06 00:27:38.561] [cout] [info]         control: /forceset/pelvis_tx_actuator, weight: 1.0
[2023-12-06 00:27:38.561] [cout] [info]         control: /forceset/pelvis_ty_actuator, weight: 1.0
[2023-12-06 00:27:38.561] [cout] [info]         control: /forceset/pelvis_tz_actuator, weight: 1.0
[2023-12-06 00:27:38.561] [cout] [info]         control: /forceset/pelvis_tilt_actuator, weight: 1.0
[2023-12-06 00:27:38.561] [cout] [info]         control: /forceset/pelvis_list_actuator, weight: 1.0
[2023-12-06 00:27:38.561] [cout] [info]         control: /forceset/pelvis_rotation_actuator, weight: 1.0
[2023-12-06 00:27:38.561] [cout] [info]         control: /forceset/hip_flexion_r_actuator, weight: 1.0
[2023-12-06 00:27:38.561] [cout] [info]         control: /forceset/hip_adduction_r_actuator, weight: 1.0
[2023-12-06 00:27:38.561] [cout] [info]         control: /forceset/hip_rotation_r_actuator, weight: 1.0
[2023-12-06 00:27:38.561] [cout] [info]         control: /forceset/knee_angle_r_actuator, weight: 1.0
[2023-12-06 00:27:38.561] [cout] [info]         control: /forceset/ankle_angle_r_actuator, weight: 1.0
[2023-12-06 00:27:38.561] [cout] [info]         control: /forceset/hip_flexion_l_actuator, weight: 1.0
[2023-12-06 00:27:38.561] [cout] [info]         control: /forceset/hip_adduction_l_actuator, weight: 1.0
[2023-12-06 00:27:38.561] [cout] [info]         control: /forceset/hip_rotation_l_actuator, weight: 1.0
[2023-12-06 00:27:38.561] [cout] [info]         control: /forceset/knee_angle_l_actuator, weight: 1.0
[2023-12-06 00:27:38.561] [cout] [info]         control: /forceset/ankle_angle_l_actuator, weight: 1.0
[2023-12-06 00:27:38.561] [cout] [info]         control: /forceset/lumbar_extension_actuator, weight: 1.0
[2023-12-06 00:27:38.561] [cout] [info]         control: /forceset/lumbar_bending_actuator, weight: 1.0
[2023-12-06 00:27:38.561] [cout] [info]         control: /forceset/lumbar_rotation_actuator, weight: 1.0
[2023-12-06 00:27:38.561] [cout] [info]         control: /forceset/arm_flex_r_actuator, weight: 1.0
[2023-12-06 00:27:38.561] [cout] [info]         control: /forceset/arm_add_r_actuator, weight: 1.0
[2023-12-06 00:27:38.561] [cout] [info]         control: /forceset/arm_rot_r_actuator, weight: 1.0
[2023-12-06 00:27:38.561] [cout] [info]         control: /forceset/elbow_flex_r_actuator, weight: 1.0
[2023-12-06 00:27:38.561] [cout] [info]         control: /forceset/pro_sup_r_actuator, weight: 1.0
[2023-12-06 00:27:38.561] [cout] [info]         control: /forceset/arm_flex_l_actuator, weight: 1.0
[2023-12-06 00:27:38.561] [cout] [info]         control: /forceset/arm_add_l_actuator, weight: 1.0
[2023-12-06 00:27:38.561] [cout] [info]         control: /forceset/arm_rot_l_actuator, weight: 1.0
[2023-12-06 00:27:38.561] [cout] [info]         control: /forceset/elbow_flex_l_actuator, weight: 1.0
[2023-12-06 00:27:38.561] [cout] [info]         control: /forceset/pro_sup_l_actuator, weight: 1.0
[2023-12-06 00:27:38.561] [cout] [info] Endpoint constraints: none
[2023-12-06 00:27:38.561] [cout] [info] Kinematic constraints: (total: 8)
[2023-12-06 00:27:38.562] [cout] [info]   kinematic_constraint_cid27. MocoConstraintInfo. number of scalar equations: 3. bounds: 0, 0, 0
[2023-12-06 00:27:38.562] [cout] [info]   kinematic_constraint_cid28. MocoConstraintInfo. number of scalar equations: 3. bounds: 0, 0, 0
[2023-12-06 00:27:38.562] [cout] [info]   kinematic_constraint_cid31. MocoConstraintInfo. number of scalar equations: 3. bounds: 0, 0, 0
[2023-12-06 00:27:38.562] [cout] [info]   kinematic_constraint_cid32. MocoConstraintInfo. number of scalar equations: 3. bounds: 0, 0, 0
[2023-12-06 00:27:38.562] [cout] [info]   kinematic_constraint_cid33. MocoConstraintInfo. number of scalar equations: 3. bounds: 0, 0, 0
[2023-12-06 00:27:38.562] [cout] [info]   kinematic_constraint_cid34. MocoConstraintInfo. number of scalar equations: 3. bounds: 0, 0, 0
[2023-12-06 00:27:38.562] [cout] [info]   kinematic_constraint_cid35. MocoConstraintInfo. number of scalar equations: 3. bounds: 0, 0, 0
[2023-12-06 00:27:38.562] [cout] [info]   kinematic_constraint_cid36. MocoConstraintInfo. number of scalar equations: 3. bounds: 0, 0, 0
[2023-12-06 00:27:38.562] [cout] [info] Path constraints: none
[2023-12-06 00:27:38.562] [cout] [info] States: (total: 74)
[2023-12-06 00:27:38.562] [cout] [info]   /jointset/ground_pelvis/pelvis_tilt/value. bounds: [-0.416282, 0.186644]
[2023-12-06 00:27:38.562] [cout] [info]   /jointset/ground_pelvis/pelvis_list/value. bounds: [-0.368943, 0.315709]
[2023-12-06 00:27:38.562] [cout] [info]   /jointset/radioulnar_r/pro_sup_r/value. bounds: [1.4108, 1.85761]
[2023-12-06 00:27:38.562] [cout] [info]   /jointset/ground_pelvis/pelvis_rotation/value. bounds: [-0.320658, 0.210013]
[2023-12-06 00:27:38.562] [cout] [info]   /jointset/ground_pelvis/pelvis_tx/value. bounds: [0.881607, 1.39768]
[2023-12-06 00:27:38.562] [cout] [info]   /jointset/elbow_r/elbow_flex_r/value. bounds: [1.36221, 2.79253]
[2023-12-06 00:27:38.562] [cout] [info]   /jointset/ground_pelvis/pelvis_ty/value. bounds: [0.820694, 1.0971]
[2023-12-06 00:27:38.562] [cout] [info]   /jointset/radius_hand_l/wrist_flex_l/speed. bounds: [-50, 50]
[2023-12-06 00:27:38.562] [cout] [info]   /jointset/ground_pelvis/pelvis_tz/value. bounds: [-0.648056, -0.201095]
[2023-12-06 00:27:38.562] [cout] [info]   /jointset/hip_r/hip_adduction_r/speed. bounds: [-50, 50]
[2023-12-06 00:27:38.562] [cout] [info]   /jointset/ankle_r/ankle_angle_r/value. bounds: [-0.727354, 0.682097]
[2023-12-06 00:27:38.562] [cout] [info]   /jointset/hip_r/hip_flexion_r/value. bounds: [-0.656584, 1.21665]
[2023-12-06 00:27:38.562] [cout] [info]   /jointset/hip_r/hip_adduction_r/value. bounds: [-0.190042, 0.413633]
[2023-12-06 00:27:38.562] [cout] [info]   /jointset/back/lumbar_rotation/speed. bounds: [-50, 50]
[2023-12-06 00:27:38.562] [cout] [info]   /jointset/hip_r/hip_rotation_r/value. bounds: [-0.232903, 0.363426]
[2023-12-06 00:27:38.562] [cout] [info]   /jointset/mtp_l/mtp_angle_l/speed. bounds: [-50, 50]
[2023-12-06 00:27:38.562] [cout] [info]   /jointset/knee_r/knee_angle_r/value. bounds: [-2.49807, 0.222118]
[2023-12-06 00:27:38.562] [cout] [info]   /jointset/subtalar_r/subtalar_angle_r/value. bounds: [-1.5708, 1.5708]
[2023-12-06 00:27:38.562] [cout] [info]   /jointset/hip_l/hip_flexion_l/value. bounds: [-0.654154, 1.04363]
[2023-12-06 00:27:38.562] [cout] [info]   /jointset/hip_l/hip_adduction_l/value. bounds: [-0.210134, 0.371171]
[2023-12-06 00:27:38.562] [cout] [info]   /jointset/hip_l/hip_rotation_l/value. bounds: [-0.261228, 0.452448]
[2023-12-06 00:27:38.562] [cout] [info]   /jointset/knee_l/knee_angle_l/value. bounds: [-2.37148, 0.264994]
[2023-12-06 00:27:38.562] [cout] [info]   /jointset/knee_r/knee_angle_r/speed. bounds: [-50, 50]
[2023-12-06 00:27:38.562] [cout] [info]   /jointset/ankle_l/ankle_angle_l/value. bounds: [-0.552348, 0.66507]
[2023-12-06 00:27:38.562] [cout] [info]   /jointset/back/lumbar_extension/value. bounds: [-0.564053, 0.15528]
[2023-12-06 00:27:38.562] [cout] [info]   /jointset/back/lumbar_bending/value. bounds: [-0.264627, 0.376048]
[2023-12-06 00:27:38.562] [cout] [info]   /jointset/back/lumbar_rotation/value. bounds: [-0.364722, 0.489145]
[2023-12-06 00:27:38.562] [cout] [info]   /jointset/acromial_r/arm_flex_r/value. bounds: [-1.35476, -0.0511101]
[2023-12-06 00:27:38.562] [cout] [info]   /jointset/acromial_r/arm_add_r/value. bounds: [-0.668113, -0.0583365]
[2023-12-06 00:27:38.562] [cout] [info]   /jointset/acromial_r/arm_rot_r/value. bounds: [-0.554685, 0.182056]
[2023-12-06 00:27:38.562] [cout] [info]   /jointset/acromial_l/arm_flex_l/value. bounds: [-1.41238, 0.0586855]
[2023-12-06 00:27:38.562] [cout] [info]   /jointset/acromial_l/arm_add_l/value. bounds: [-0.545058, -0.0678364]
[2023-12-06 00:27:38.562] [cout] [info]   /jointset/acromial_l/arm_rot_l/value. bounds: [-0.60252, 0.266614]
[2023-12-06 00:27:38.562] [cout] [info]   /jointset/elbow_l/elbow_flex_l/value. bounds: [1.44296, 2.72146]
[2023-12-06 00:27:38.562] [cout] [info]   /jointset/radioulnar_l/pro_sup_l/value. bounds: [1.42847, 1.86324]
[2023-12-06 00:27:38.562] [cout] [info]   /jointset/ground_pelvis/pelvis_tilt/speed. bounds: [-50, 50]
[2023-12-06 00:27:38.562] [cout] [info]   /jointset/ground_pelvis/pelvis_list/speed. bounds: [-50, 50]
[2023-12-06 00:27:38.562] [cout] [info]   /jointset/radioulnar_r/pro_sup_r/speed. bounds: [-50, 50]
[2023-12-06 00:27:38.562] [cout] [info]   /jointset/ground_pelvis/pelvis_rotation/speed. bounds: [-50, 50]
[2023-12-06 00:27:38.562] [cout] [info]   /jointset/ground_pelvis/pelvis_tx/speed. bounds: [-50, 50]
[2023-12-06 00:27:38.562] [cout] [info]   /jointset/elbow_r/elbow_flex_r/speed. bounds: [-50, 50]
[2023-12-06 00:27:38.562] [cout] [info]   /jointset/ground_pelvis/pelvis_ty/speed. bounds: [-50, 50]
[2023-12-06 00:27:38.562] [cout] [info]   /jointset/ground_pelvis/pelvis_tz/speed. bounds: [-50, 50]
[2023-12-06 00:27:38.562] [cout] [info]   /jointset/ankle_r/ankle_angle_r/speed. bounds: [-50, 50]
[2023-12-06 00:27:38.562] [cout] [info]   /jointset/hip_r/hip_flexion_r/speed. bounds: [-50, 50]
[2023-12-06 00:27:38.562] [cout] [info]   /jointset/hip_r/hip_rotation_r/speed. bounds: [-50, 50]
[2023-12-06 00:27:38.562] [cout] [info]   /jointset/hip_l/hip_flexion_l/speed. bounds: [-50, 50]
[2023-12-06 00:27:38.562] [cout] [info]   /jointset/subtalar_r/subtalar_angle_r/speed. bounds: [-50, 50]
[2023-12-06 00:27:38.562] [cout] [info]   /jointset/mtp_r/mtp_angle_r/value. bounds: [-1.5708, 1.5708]
[2023-12-06 00:27:38.562] [cout] [info]   /jointset/mtp_r/mtp_angle_r/speed. bounds: [-50, 50]
[2023-12-06 00:27:38.562] [cout] [info]   /jointset/hip_l/hip_adduction_l/speed. bounds: [-50, 50]
[2023-12-06 00:27:38.562] [cout] [info]   /jointset/hip_l/hip_rotation_l/speed. bounds: [-50, 50]
[2023-12-06 00:27:38.562] [cout] [info]   /jointset/knee_l/knee_angle_l/speed. bounds: [-50, 50]
[2023-12-06 00:27:38.562] [cout] [info]   /jointset/ankle_l/ankle_angle_l/speed. bounds: [-50, 50]
[2023-12-06 00:27:38.562] [cout] [info]   /jointset/subtalar_l/subtalar_angle_l/value. bounds: [-1.5708, 1.5708]
[2023-12-06 00:27:38.562] [cout] [info]   /jointset/subtalar_l/subtalar_angle_l/speed. bounds: [-50, 50]
[2023-12-06 00:27:38.562] [cout] [info]   /jointset/mtp_l/mtp_angle_l/value. bounds: [-1.0472, 1.0472]
[2023-12-06 00:27:38.563] [cout] [info]   /jointset/back/lumbar_extension/speed. bounds: [-50, 50]
[2023-12-06 00:27:38.563] [cout] [info]   /jointset/back/lumbar_bending/speed. bounds: [-50, 50]
[2023-12-06 00:27:38.563] [cout] [info]   /jointset/acromial_r/arm_flex_r/speed. bounds: [-50, 50]
[2023-12-06 00:27:38.563] [cout] [info]   /jointset/acromial_r/arm_add_r/speed. bounds: [-50, 50]
[2023-12-06 00:27:38.563] [cout] [info]   /jointset/acromial_r/arm_rot_r/speed. bounds: [-50, 50]
[2023-12-06 00:27:38.563] [cout] [info]   /jointset/radius_hand_r/wrist_flex_r/value. bounds: [-1.22173, 1.22173]
[2023-12-06 00:27:38.563] [cout] [info]   /jointset/radius_hand_r/wrist_flex_r/speed. bounds: [-50, 50]
[2023-12-06 00:27:38.563] [cout] [info]   /jointset/radius_hand_r/wrist_dev_r/value. bounds: [-0.436332, 0.610865]
[2023-12-06 00:27:38.563] [cout] [info]   /jointset/radius_hand_r/wrist_dev_r/speed. bounds: [-50, 50]
[2023-12-06 00:27:38.563] [cout] [info]   /jointset/acromial_l/arm_flex_l/speed. bounds: [-50, 50]
[2023-12-06 00:27:38.563] [cout] [info]   /jointset/acromial_l/arm_add_l/speed. bounds: [-50, 50]
[2023-12-06 00:27:38.563] [cout] [info]   /jointset/acromial_l/arm_rot_l/speed. bounds: [-50, 50]
[2023-12-06 00:27:38.563] [cout] [info]   /jointset/elbow_l/elbow_flex_l/speed. bounds: [-50, 50]
[2023-12-06 00:27:38.563] [cout] [info]   /jointset/radioulnar_l/pro_sup_l/speed. bounds: [-50, 50]
[2023-12-06 00:27:38.563] [cout] [info]   /jointset/radius_hand_l/wrist_flex_l/value. bounds: [-1.22173, 1.22173]
[2023-12-06 00:27:38.563] [cout] [info]   /jointset/radius_hand_l/wrist_dev_l/value. bounds: [-0.436332, 0.610865]
[2023-12-06 00:27:38.563] [cout] [info]   /jointset/radius_hand_l/wrist_dev_l/speed. bounds: [-50, 50]
[2023-12-06 00:27:38.563] [cout] [info] Controls: (total: 29)
[2023-12-06 00:27:38.563] [cout] [info]   /forceset/pelvis_tx_actuator. bounds: [-10000, 10000]
[2023-12-06 00:27:38.563] [cout] [info]   /forceset/pelvis_ty_actuator. bounds: [-10000, 10000]
[2023-12-06 00:27:38.563] [cout] [info]   /forceset/pelvis_tz_actuator. bounds: [-10000, 10000]
[2023-12-06 00:27:38.563] [cout] [info]   /forceset/arm_flex_r_actuator. bounds: [-1, 1]
[2023-12-06 00:27:38.563] [cout] [info]   /forceset/hip_rotation_r_actuator. bounds: [-1, 1]
[2023-12-06 00:27:38.563] [cout] [info]   /forceset/pelvis_tilt_actuator. bounds: [-10000, 10000]
[2023-12-06 00:27:38.563] [cout] [info]   /forceset/pelvis_list_actuator. bounds: [-10000, 10000]
[2023-12-06 00:27:38.563] [cout] [info]   /forceset/pelvis_rotation_actuator. bounds: [-10000, 10000]
[2023-12-06 00:27:38.563] [cout] [info]   /forceset/elbow_flex_l_actuator. bounds: [-1, 1]
[2023-12-06 00:27:38.563] [cout] [info]   /forceset/hip_adduction_l_actuator. bounds: [-1, 1]
[2023-12-06 00:27:38.563] [cout] [info]   /forceset/hip_flexion_r_actuator. bounds: [-1, 1]
[2023-12-06 00:27:38.563] [cout] [info]   /forceset/elbow_flex_r_actuator. bounds: [-1, 1]
[2023-12-06 00:27:38.563] [cout] [info]   /forceset/hip_flexion_l_actuator. bounds: [-1, 1]
[2023-12-06 00:27:38.563] [cout] [info]   /forceset/hip_adduction_r_actuator. bounds: [-1, 1]
[2023-12-06 00:27:38.563] [cout] [info]   /forceset/knee_angle_r_actuator. bounds: [-1, 1]
[2023-12-06 00:27:38.563] [cout] [info]   /forceset/lumbar_rotation_actuator. bounds: [-1, 1]
[2023-12-06 00:27:38.563] [cout] [info]   /forceset/ankle_angle_r_actuator. bounds: [-1, 1]
[2023-12-06 00:27:38.563] [cout] [info]   /forceset/arm_flex_l_actuator. bounds: [-1, 1]
[2023-12-06 00:27:38.563] [cout] [info]   /forceset/hip_rotation_l_actuator. bounds: [-1, 1]
[2023-12-06 00:27:38.563] [cout] [info]   /forceset/knee_angle_l_actuator. bounds: [-1, 1]
[2023-12-06 00:27:38.563] [cout] [info]   /forceset/ankle_angle_l_actuator. bounds: [-1, 1]
[2023-12-06 00:27:38.563] [cout] [info]   /forceset/lumbar_extension_actuator. bounds: [-1, 1]
[2023-12-06 00:27:38.563] [cout] [info]   /forceset/lumbar_bending_actuator. bounds: [-1, 1]
[2023-12-06 00:27:38.563] [cout] [info]   /forceset/arm_add_r_actuator. bounds: [-1, 1]
[2023-12-06 00:27:38.563] [cout] [info]   /forceset/arm_rot_r_actuator. bounds: [-1, 1]
[2023-12-06 00:27:38.563] [cout] [info]   /forceset/pro_sup_r_actuator. bounds: [-1, 1]
[2023-12-06 00:27:38.563] [cout] [info]   /forceset/arm_add_l_actuator. bounds: [-1, 1]
[2023-12-06 00:27:38.563] [cout] [info]   /forceset/arm_rot_l_actuator. bounds: [-1, 1]
[2023-12-06 00:27:38.563] [cout] [info]   /forceset/pro_sup_l_actuator. bounds: [-1, 1]
[2023-12-06 00:27:38.563] [cout] [info] Parameters: none
[2023-12-06 00:27:38.657] [info] ExternalForce::externalforce Data source being set to Run_500 04_newCOP3_v24.mot
[2023-12-06 00:27:38.657] [info] ExternalForce::externalforce_0 Data source being set to Run_500 04_newCOP3_v24.mot
[2023-12-06 00:27:38.758] [info] ExternalForce::externalforce Data source being set to Run_500 04_newCOP3_v24.mot
[2023-12-06 00:27:38.758] [info] ExternalForce::externalforce_0 Data source being set to Run_500 04_newCOP3_v24.mot
[2023-12-06 00:27:38.876] [info] ExternalForce::externalforce Data source being set to Run_500 04_newCOP3_v24.mot
[2023-12-06 00:27:38.876] [info] ExternalForce::externalforce_0 Data source being set to Run_500 04_newCOP3_v24.mot
[2023-12-06 00:27:38.981] [info] ExternalForce::externalforce Data source being set to Run_500 04_newCOP3_v24.mot
[2023-12-06 00:27:38.981] [info] ExternalForce::externalforce_0 Data source being set to Run_500 04_newCOP3_v24.mot
[2023-12-06 00:27:39.098] [info] ExternalForce::externalforce Data source being set to Run_500 04_newCOP3_v24.mot
[2023-12-06 00:27:39.098] [info] ExternalForce::externalforce_0 Data source being set to Run_500 04_newCOP3_v24.mot
[2023-12-06 00:27:39.206] [info] ExternalForce::externalforce Data source being set to Run_500 04_newCOP3_v24.mot
[2023-12-06 00:27:39.206] [info] ExternalForce::externalforce_0 Data source being set to Run_500 04_newCOP3_v24.mot
[2023-12-06 00:27:39.321] [info] ExternalForce::externalforce Data source being set to Run_500 04_newCOP3_v24.mot
[2023-12-06 00:27:39.321] [info] ExternalForce::externalforce_0 Data source being set to Run_500 04_newCOP3_v24.mot
[2023-12-06 00:27:39.428] [info] ExternalForce::externalforce Data source being set to Run_500 04_newCOP3_v24.mot
[2023-12-06 00:27:39.428] [info] ExternalForce::externalforce_0 Data source being set to Run_500 04_newCOP3_v24.mot
[2023-12-06 00:27:39.549] [info] ExternalForce::externalforce Data source being set to Run_500 04_newCOP3_v24.mot
[2023-12-06 00:27:39.549] [info] ExternalForce::externalforce_0 Data source being set to Run_500 04_newCOP3_v24.mot
[2023-12-06 00:27:39.659] [info] ExternalForce::externalforce Data source being set to Run_500 04_newCOP3_v24.mot
[2023-12-06 00:27:39.659] [info] ExternalForce::externalforce_0 Data source being set to Run_500 04_newCOP3_v24.mot
[2023-12-06 00:27:39.783] [info] ExternalForce::externalforce Data source being set to Run_500 04_newCOP3_v24.mot
[2023-12-06 00:27:39.783] [info] ExternalForce::externalforce_0 Data source being set to Run_500 04_newCOP3_v24.mot
[2023-12-06 00:27:39.893] [info] ExternalForce::externalforce Data source being set to Run_500 04_newCOP3_v24.mot
[2023-12-06 00:27:39.893] [info] ExternalForce::externalforce_0 Data source being set to Run_500 04_newCOP3_v24.mot
[2023-12-06 00:27:40.013] [info] ExternalForce::externalforce Data source being set to Run_500 04_newCOP3_v24.mot
[2023-12-06 00:27:40.013] [info] ExternalForce::externalforce_0 Data source being set to Run_500 04_newCOP3_v24.mot
[2023-12-06 00:27:40.121] [info] ExternalForce::externalforce Data source being set to Run_500 04_newCOP3_v24.mot
[2023-12-06 00:27:40.121] [info] ExternalForce::externalforce_0 Data source being set to Run_500 04_newCOP3_v24.mot
[2023-12-06 00:27:40.242] [info] ExternalForce::externalforce Data source being set to Run_500 04_newCOP3_v24.mot
[2023-12-06 00:27:40.242] [info] ExternalForce::externalforce_0 Data source being set to Run_500 04_newCOP3_v24.mot
[2023-12-06 00:27:40.350] [info] ExternalForce::externalforce Data source being set to Run_500 04_newCOP3_v24.mot
[2023-12-06 00:27:40.350] [info] ExternalForce::externalforce_0 Data source being set to Run_500 04_newCOP3_v24.mot
[2023-12-06 00:27:40.375] [info] Number of threads: 8
[2023-12-06 00:51:17.004] [info] Set log level to Info.
[2023-12-06 00:51:17.022] [info] ------------------------------------------------------------------------
[2023-12-06 00:51:17.023] [info] Elapsed real time: 1418 second(s) (23 minute(s), 38 second(s)).
[2023-12-06 00:51:17.023] [info] Wed Dec  6 00:51:17 2023
[2023-12-06 00:51:17.023] [info] MocoCasADiSolver succeeded!
[2023-12-06 00:51:17.023] [info] ========================================================================
