[2023-08-15 22:08:46.587] [info] AbstractTool subject04_run5_cycle2 loading model ..\..\model\subject04_adjusted_scaled.osim
[2023-08-15 22:08:46.636] [info] Loaded model subject04_scaled from file ..\..\model\subject04_adjusted_scaled.osim
[2023-08-15 22:08:46.686] [info] Adding force object set from subject04_run5_RRA_Actuators.xml
[2023-08-15 22:08:46.690] [info] Running tool subject04_run5_cycle2.
[2023-08-15 22:08:46.705] [warning] ExternalLoads 'externalloads' has subcomponents with duplicate name 'externalforce'. The duplicate is being renamed to 'externalforce_0'.
[2023-08-15 22:08:46.716] [info] 	taskSet size = 29.
[2023-08-15 22:08:46.816] [info] ExternalForce::externalforce Data source being set to Run_500 04_newCOP3_v24.mot
[2023-08-15 22:08:46.816] [info] ExternalForce::externalforce_0 Data source being set to Run_500 04_newCOP3_v24.mot
[2023-08-15 22:08:46.821] [warning] A desired points file was not specified.
[2023-08-15 22:08:46.821] [info] Loading desired kinematics from file '..\..\ik\Run_5.mot'...
[2023-08-15 22:08:46.821] [info] Old version storage/motion file encountered
[2023-08-15 22:08:46.821] [info] Storage: read data file = ..\..\ik\Run_5.mot (nr=539 nc=161)
[2023-08-15 22:08:46.821] [info] .. assuming rotations in Degrees..
[2023-08-15 22:08:46.883] [info] Low-pass filtering desired kinematics with a cutoff frequency of 15.0...
[2023-08-15 22:08:47.077] [cout] [info] MODEL: subject04_scaled

numStates = 74
numCoordinates = 37
numSpeeds = 37
numActuators = 29
numBodies = 20
numConstraints = 0
numProbes = 0

ANALYSES (total: 0)

BODIES (total: 20)
body[0] = pelvis. mass: 12.6078
              moments of inertia:  ~[0.136614,0.136614,0.0719522]
              products of inertia: ~[0,0,0]
body[1] = femur_r. mass: 9.95759
              moments of inertia:  ~[0.163733,0.0429204,0.17266]
              products of inertia: ~[0,0,0]
body[2] = tibia_r. mass: 3.96906
              moments of inertia:  ~[0.0559152,0.00548772,0.0559152]
              products of inertia: ~[0,0,0]
body[3] = talus_r. mass: 0.107055
              moments of inertia:  ~[0.00128643,0.00128643,0.00128643]
              products of inertia: ~[0,0,0]
body[4] = calcn_r. mass: 1.33818
              moments of inertia:  ~[0.00180101,0.00501709,0.00527437]
              products of inertia: ~[0,0,0]
body[5] = toes_r. mass: 0.231881
              moments of inertia:  ~[0.000128643,0.000257286,0.00128643]
              products of inertia: ~[0,0,0]
body[6] = femur_l. mass: 9.95759
              moments of inertia:  ~[0.163733,0.0429204,0.17266]
              products of inertia: ~[0,0,0]
body[7] = tibia_l. mass: 3.96906
              moments of inertia:  ~[0.0559152,0.00548772,0.0559152]
              products of inertia: ~[0,0,0]
body[8] = talus_l. mass: 0.107055
              moments of inertia:  ~[0.00128643,0.00128643,0.00128643]
              products of inertia: ~[0,0,0]
body[9] = calcn_l. mass: 1.33818
              moments of inertia:  ~[0.00180101,0.00501709,0.00527437]
              products of inertia: ~[0,0,0]
body[10] = toes_l. mass: 0.231881
              moments of inertia:  ~[0.000128643,0.000257286,0.00128643]
              products of inertia: ~[0,0,0]
body[11] = torso. mass: 28.7192
              moments of inertia:  ~[1.85026,0.948032,1.79618]
              products of inertia: ~[0,0,0]
body[12] = humerus_r. mass: 2.17589
              moments of inertia:  ~[0.0130105,0.00448823,0.0146039]
              products of inertia: ~[0,0,0]
body[13] = ulna_r. mass: 0.650358
              moments of inertia:  ~[0.00363471,0.000758357,0.00394272]
              products of inertia: ~[0,0,0]
body[14] = radius_r. mass: 0.650358
              moments of inertia:  ~[0.00363471,0.000758357,0.00394272]
              products of inertia: ~[0,0,0]
body[15] = hand_r. mass: 0.489776
              moments of inertia:  ~[0.00109459,0.000671231,0.00164433]
              products of inertia: ~[0,0,0]
body[16] = humerus_l. mass: 2.17589
              moments of inertia:  ~[0.0130105,0.00448823,0.0146039]
              products of inertia: ~[0,0,0]
body[17] = ulna_l. mass: 0.650358
              moments of inertia:  ~[0.00363471,0.000758357,0.00394272]
              products of inertia: ~[0,0,0]
body[18] = radius_l. mass: 0.650358
              moments of inertia:  ~[0.00363471,0.000758357,0.00394272]
              products of inertia: ~[0,0,0]
body[19] = hand_l. mass: 0.489776
              moments of inertia:  ~[0.00109459,0.000671231,0.00164433]
              products of inertia: ~[0,0,0]

JOINTS (total: 20)
joint[0] = ground_pelvis. parent: ground_offset, child: pelvis_offset
joint[1] = hip_r. parent: pelvis_offset, child: femur_r_offset
joint[2] = knee_r. parent: femur_r_offset, child: tibia_r_offset
joint[3] = ankle_r. parent: tibia_r_offset, child: talus_r_offset
joint[4] = subtalar_r. parent: talus_r_offset, child: calcn_r_offset
joint[5] = mtp_r. parent: calcn_r_offset, child: toes_r_offset
joint[6] = hip_l. parent: pelvis_offset, child: femur_l_offset
joint[7] = knee_l. parent: femur_l_offset, child: tibia_l_offset
joint[8] = ankle_l. parent: tibia_l_offset, child: talus_l_offset
joint[9] = subtalar_l. parent: talus_l_offset, child: calcn_l_offset
joint[10] = mtp_l. parent: calcn_l_offset, child: toes_l_offset
joint[11] = back. parent: pelvis_offset, child: torso_offset
joint[12] = acromial_r. parent: torso_offset, child: humerus_r_offset
joint[13] = elbow_r. parent: humerus_r_offset, child: ulna_r_offset
joint[14] = radioulnar_r. parent: ulna_r_offset, child: radius_r_offset
joint[15] = radius_hand_r. parent: radius_r_offset, child: hand_r_offset
joint[16] = acromial_l. parent: torso_offset, child: humerus_l_offset
joint[17] = elbow_l. parent: humerus_l_offset, child: ulna_l_offset
joint[18] = radioulnar_l. parent: ulna_l_offset, child: radius_l_offset
joint[19] = radius_hand_l. parent: radius_l_offset, child: hand_l_offset

ACTUATORS (total: 29)
actuator[0] = FX
actuator[1] = FY
actuator[2] = FZ
actuator[3] = MZ
actuator[4] = MX
actuator[5] = MY
actuator[6] = hip_flexion_r
actuator[7] = hip_adduction_r
actuator[8] = hip_rotation_r
actuator[9] = knee_angle_r
actuator[10] = ankle_angle_r
actuator[11] = hip_flexion_l
actuator[12] = hip_adduction_l
actuator[13] = hip_rotation_l
actuator[14] = knee_angle_l
actuator[15] = ankle_angle_l
actuator[16] = lumbar_extension
actuator[17] = lumbar_bending
actuator[18] = lumbar_rotation
actuator[19] = arm_flex_r
actuator[20] = arm_add_r
actuator[21] = arm_rot_r
actuator[22] = elbow_flex_r
actuator[23] = pro_sup_r
actuator[24] = arm_flex_l
actuator[25] = arm_add_l
actuator[26] = arm_rot_l
actuator[27] = elbow_flex_l
actuator[28] = pro_sup_l

STATES (total: 74)
y[0] = /jointset/ground_pelvis/pelvis_tilt/value
y[1] = /jointset/ground_pelvis/pelvis_tilt/speed
y[2] = /jointset/ground_pelvis/pelvis_list/value
y[3] = /jointset/ground_pelvis/pelvis_list/speed
y[4] = /jointset/ground_pelvis/pelvis_rotation/value
y[5] = /jointset/ground_pelvis/pelvis_rotation/speed
y[6] = /jointset/ground_pelvis/pelvis_tx/value
y[7] = /jointset/ground_pelvis/pelvis_tx/speed
y[8] = /jointset/ground_pelvis/pelvis_ty/value
y[9] = /jointset/ground_pelvis/pelvis_ty/speed
y[10] = /jointset/ground_pelvis/pelvis_tz/value
y[11] = /jointset/ground_pelvis/pelvis_tz/speed
y[12] = /jointset/hip_r/hip_flexion_r/value
y[13] = /jointset/hip_r/hip_flexion_r/speed
y[14] = /jointset/hip_r/hip_adduction_r/value
y[15] = /jointset/hip_r/hip_adduction_r/speed
y[16] = /jointset/hip_r/hip_rotation_r/value
y[17] = /jointset/hip_r/hip_rotation_r/speed
y[18] = /jointset/knee_r/knee_angle_r/value
y[19] = /jointset/knee_r/knee_angle_r/speed
y[20] = /jointset/ankle_r/ankle_angle_r/value
y[21] = /jointset/ankle_r/ankle_angle_r/speed
y[22] = /jointset/subtalar_r/subtalar_angle_r/value
y[23] = /jointset/subtalar_r/subtalar_angle_r/speed
y[24] = /jointset/mtp_r/mtp_angle_r/value
y[25] = /jointset/mtp_r/mtp_angle_r/speed
y[26] = /jointset/hip_l/hip_flexion_l/value
y[27] = /jointset/hip_l/hip_flexion_l/speed
y[28] = /jointset/hip_l/hip_adduction_l/value
y[29] = /jointset/hip_l/hip_adduction_l/speed
y[30] = /jointset/hip_l/hip_rotation_l/value
y[31] = /jointset/hip_l/hip_rotation_l/speed
y[32] = /jointset/knee_l/knee_angle_l/value
y[33] = /jointset/knee_l/knee_angle_l/speed
y[34] = /jointset/ankle_l/ankle_angle_l/value
y[35] = /jointset/ankle_l/ankle_angle_l/speed
y[36] = /jointset/subtalar_l/subtalar_angle_l/value
y[37] = /jointset/subtalar_l/subtalar_angle_l/speed
y[38] = /jointset/mtp_l/mtp_angle_l/value
y[39] = /jointset/mtp_l/mtp_angle_l/speed
y[40] = /jointset/back/lumbar_extension/value
y[41] = /jointset/back/lumbar_extension/speed
y[42] = /jointset/back/lumbar_bending/value
y[43] = /jointset/back/lumbar_bending/speed
y[44] = /jointset/back/lumbar_rotation/value
y[45] = /jointset/back/lumbar_rotation/speed
y[46] = /jointset/acromial_r/arm_flex_r/value
y[47] = /jointset/acromial_r/arm_flex_r/speed
y[48] = /jointset/acromial_r/arm_add_r/value
y[49] = /jointset/acromial_r/arm_add_r/speed
y[50] = /jointset/acromial_r/arm_rot_r/value
y[51] = /jointset/acromial_r/arm_rot_r/speed
y[52] = /jointset/elbow_r/elbow_flex_r/value
y[53] = /jointset/elbow_r/elbow_flex_r/speed
y[54] = /jointset/radioulnar_r/pro_sup_r/value
y[55] = /jointset/radioulnar_r/pro_sup_r/speed
y[56] = /jointset/radius_hand_r/wrist_flex_r/value
y[57] = /jointset/radius_hand_r/wrist_flex_r/speed
y[58] = /jointset/radius_hand_r/wrist_dev_r/value
y[59] = /jointset/radius_hand_r/wrist_dev_r/speed
y[60] = /jointset/acromial_l/arm_flex_l/value
y[61] = /jointset/acromial_l/arm_flex_l/speed
y[62] = /jointset/acromial_l/arm_add_l/value
y[63] = /jointset/acromial_l/arm_add_l/speed
y[64] = /jointset/acromial_l/arm_rot_l/value
y[65] = /jointset/acromial_l/arm_rot_l/speed
y[66] = /jointset/elbow_l/elbow_flex_l/value
y[67] = /jointset/elbow_l/elbow_flex_l/speed
y[68] = /jointset/radioulnar_l/pro_sup_l/value
y[69] = /jointset/radioulnar_l/pro_sup_l/speed
y[70] = /jointset/radius_hand_l/wrist_flex_l/value
y[71] = /jointset/radius_hand_l/wrist_flex_l/speed
y[72] = /jointset/radius_hand_l/wrist_dev_l/value
y[73] = /jointset/radius_hand_l/wrist_dev_l/speed

[2023-08-15 22:08:47.468] [info] Requested COM adjustment time range 0.879 to 1.4995, clamped to nearest available data times: 0.87 to 1.49.
[2023-08-15 22:08:47.469] [info] Computing average residuals between 0.87 and 1.49...
[2023-08-15 22:08:47.618] [info] ExternalForce::externalforce Data source being set to Run_500 04_newCOP3_v24.mot
[2023-08-15 22:08:47.618] [info] ExternalForce::externalforce_0 Data source being set to Run_500 04_newCOP3_v24.mot
[2023-08-15 22:08:47.725] [info] ExternalForce::externalforce Data source being set to Run_500 04_newCOP3_v24.mot
[2023-08-15 22:08:47.725] [info] ExternalForce::externalforce_0 Data source being set to Run_500 04_newCOP3_v24.mot
[2023-08-15 22:08:49.597] [info] ExternalForce::externalforce Data source being set to Run_500 04_newCOP3_v24.mot
[2023-08-15 22:08:49.597] [info] ExternalForce::externalforce_0 Data source being set to Run_500 04_newCOP3_v24.mot
[2023-08-15 22:08:49.603] [info] Computing average residuals between 0.87 and 1.49...
[2023-08-15 22:08:49.753] [info] ExternalForce::externalforce Data source being set to Run_500 04_newCOP3_v24.mot
[2023-08-15 22:08:49.753] [info] ExternalForce::externalforce_0 Data source being set to Run_500 04_newCOP3_v24.mot
[2023-08-15 22:08:49.856] [info] ExternalForce::externalforce Data source being set to Run_500 04_newCOP3_v24.mot
[2023-08-15 22:08:49.856] [info] ExternalForce::externalforce_0 Data source being set to Run_500 04_newCOP3_v24.mot
[2023-08-15 22:08:51.615] [info] Constructing function set for tracking desired kinematics...
[2023-08-15 22:08:52.339] [warning] No Actuation analysis found in analysis set, adding one...
[2023-08-15 22:08:52.340] [warning] No Kinematics analysis found in analysis set, adding one...
[2023-08-15 22:08:52.345] [info] Using the generalized coordinates specified in '..\..\ik\Run_5.mot' to set the initial configuration.
[2023-08-15 22:08:52.520] [info] Using IPOPT optimizer algorithm.
[2023-08-15 22:08:52.520] [info] Setting optimizer print level to 0.
[2023-08-15 22:08:52.520] [info] Setting optimizer convergence tolerance to 1.0e-05.
[2023-08-15 22:08:52.520] [info] Setting optimizer maximum iterations to 2000.
[2023-08-15 22:08:52.520] [info] Setting cmc controller to not use verbose printing.

[2023-08-15 22:08:52.521] [info] CMC::computeControls, t = 0.879
[2023-08-15 22:08:54.011] [info] --------------------------------------------
[2023-08-15 22:08:54.011] [info] Using CMC to track the specified kinematics:
[2023-08-15 22:08:54.011] [info] --------------------------------------------
[2023-08-15 22:08:54.011] [info]  -- Integrating from 0.879 to 1.4995
[2023-08-15 22:08:54.011] [info]  -- Start time = Tue Aug 15 22:08:54 2023
[2023-08-15 22:08:54.011] [info] --------------------------------------------
[2023-08-15 22:08:54.011] [info] 
[2023-08-15 22:08:54.016] [info] CMC::computeControls, t = 0.879
[2023-08-15 22:08:54.048] [info] CMC::computeControls, t = 0.88
[2023-08-15 22:08:54.048] [warning] Coordinate.setValue:  coordinate subtalar_angle_r is locked. Unable to change its value.
[2023-08-15 22:08:54.048] [warning] Coordinate.setValue:  coordinate mtp_angle_r is locked. Unable to change its value.
[2023-08-15 22:08:54.048] [warning] Coordinate.setValue:  coordinate subtalar_angle_l is locked. Unable to change its value.
[2023-08-15 22:08:54.048] [warning] Coordinate.setValue:  coordinate mtp_angle_l is locked. Unable to change its value.
[2023-08-15 22:08:54.048] [warning] Coordinate.setValue:  coordinate wrist_flex_r is locked. Unable to change its value.
[2023-08-15 22:08:54.048] [warning] Coordinate.setValue:  coordinate wrist_dev_r is locked. Unable to change its value.
[2023-08-15 22:08:54.048] [warning] Coordinate.setValue:  coordinate wrist_flex_l is locked. Unable to change its value.
[2023-08-15 22:08:54.048] [warning] Coordinate.setValue:  coordinate wrist_dev_l is locked. Unable to change its value.
[2023-08-15 22:08:54.076] [info] CMC::computeControls, t = 0.881
[2023-08-15 22:08:54.093] [info] CMC::computeControls, t = 0.882
[2023-08-15 22:08:54.128] [info] CMC::computeControls, t = 0.883
[2023-08-15 22:08:54.143] [info] CMC::computeControls, t = 0.884
[2023-08-15 22:08:54.157] [info] CMC::computeControls, t = 0.885
[2023-08-15 22:08:54.180] [info] CMC::computeControls, t = 0.886
[2023-08-15 22:08:54.213] [info] CMC::computeControls, t = 0.887
[2023-08-15 22:08:54.237] [info] CMC::computeControls, t = 0.888
[2023-08-15 22:08:54.254] [info] CMC::computeControls, t = 0.889
[2023-08-15 22:08:54.285] [info] CMC::computeControls, t = 0.89
[2023-08-15 22:08:54.322] [info] CMC::computeControls, t = 0.891
[2023-08-15 22:08:54.357] [info] CMC::computeControls, t = 0.892
[2023-08-15 22:08:54.378] [info] CMC::computeControls, t = 0.893
[2023-08-15 22:08:54.409] [info] CMC::computeControls, t = 0.894
[2023-08-15 22:08:54.437] [info] CMC::computeControls, t = 0.895
[2023-08-15 22:08:54.477] [info] CMC::computeControls, t = 0.896
[2023-08-15 22:08:54.497] [info] CMC::computeControls, t = 0.897
[2023-08-15 22:08:54.532] [info] CMC::computeControls, t = 0.898
[2023-08-15 22:08:54.559] [info] CMC::computeControls, t = 0.899
[2023-08-15 22:08:54.584] [info] CMC::computeControls, t = 0.9
[2023-08-15 22:08:54.616] [info] CMC::computeControls, t = 0.901000
[2023-08-15 22:08:54.642] [info] CMC::computeControls, t = 0.902000
[2023-08-15 22:08:54.662] [info] CMC::computeControls, t = 0.903000
[2023-08-15 22:08:54.687] [info] CMC::computeControls, t = 0.904000
[2023-08-15 22:08:54.717] [info] CMC::computeControls, t = 0.905000
[2023-08-15 22:08:54.746] [info] CMC::computeControls, t = 0.906000
[2023-08-15 22:08:54.767] [info] CMC::computeControls, t = 0.907000
[2023-08-15 22:08:54.800] [info] CMC::computeControls, t = 0.908000
[2023-08-15 22:08:54.829] [info] CMC::computeControls, t = 0.909000
[2023-08-15 22:08:54.863] [info] CMC::computeControls, t = 0.91
[2023-08-15 22:08:54.902] [info] CMC::computeControls, t = 0.911
[2023-08-15 22:08:54.941] [info] CMC::computeControls, t = 0.912
[2023-08-15 22:08:54.961] [info] CMC::computeControls, t = 0.913
[2023-08-15 22:08:54.993] [info] CMC::computeControls, t = 0.914
[2023-08-15 22:08:55.012] [info] CMC::computeControls, t = 0.915
[2023-08-15 22:08:55.040] [info] CMC::computeControls, t = 0.916
[2023-08-15 22:08:55.060] [info] CMC::computeControls, t = 0.917
[2023-08-15 22:08:55.101] [info] CMC::computeControls, t = 0.918
[2023-08-15 22:08:55.131] [info] CMC::computeControls, t = 0.919
[2023-08-15 22:08:55.158] [info] CMC::computeControls, t = 0.92
[2023-08-15 22:08:55.184] [info] CMC::computeControls, t = 0.921
[2023-08-15 22:08:55.215] [info] CMC::computeControls, t = 0.922
[2023-08-15 22:08:55.236] [info] CMC::computeControls, t = 0.923
[2023-08-15 22:08:55.254] [info] CMC::computeControls, t = 0.924
[2023-08-15 22:08:55.269] [info] CMC::computeControls, t = 0.925
[2023-08-15 22:08:55.299] [info] CMC::computeControls, t = 0.926
[2023-08-15 22:08:55.326] [info] CMC::computeControls, t = 0.927
[2023-08-15 22:08:55.346] [info] CMC::computeControls, t = 0.928
[2023-08-15 22:08:55.363] [info] CMC::computeControls, t = 0.929
[2023-08-15 22:08:55.378] [info] CMC::computeControls, t = 0.93
[2023-08-15 22:08:55.397] [info] CMC::computeControls, t = 0.931
[2023-08-15 22:08:55.422] [info] CMC::computeControls, t = 0.932
[2023-08-15 22:08:55.437] [info] CMC::computeControls, t = 0.933
[2023-08-15 22:08:55.462] [info] CMC::computeControls, t = 0.934
[2023-08-15 22:08:55.481] [info] CMC::computeControls, t = 0.935
[2023-08-15 22:08:55.499] [info] CMC::computeControls, t = 0.936
[2023-08-15 22:08:55.524] [info] CMC::computeControls, t = 0.937
[2023-08-15 22:08:55.544] [info] CMC::computeControls, t = 0.938
[2023-08-15 22:08:55.584] [info] CMC::computeControls, t = 0.939
[2023-08-15 22:08:55.616] [info] CMC::computeControls, t = 0.94
[2023-08-15 22:08:55.640] [info] CMC::computeControls, t = 0.941
[2023-08-15 22:08:55.662] [info] CMC::computeControls, t = 0.942
[2023-08-15 22:08:55.700] [info] CMC::computeControls, t = 0.943
[2023-08-15 22:08:55.723] [info] CMC::computeControls, t = 0.944
[2023-08-15 22:08:55.758] [info] CMC::computeControls, t = 0.945
[2023-08-15 22:08:55.774] [info] CMC::computeControls, t = 0.946
[2023-08-15 22:08:55.794] [info] CMC::computeControls, t = 0.947
[2023-08-15 22:08:55.822] [info] CMC::computeControls, t = 0.948
[2023-08-15 22:08:55.837] [info] CMC::computeControls, t = 0.949
[2023-08-15 22:08:55.861] [info] CMC::computeControls, t = 0.95
[2023-08-15 22:08:55.886] [info] CMC::computeControls, t = 0.951
[2023-08-15 22:08:55.904] [info] CMC::computeControls, t = 0.952
[2023-08-15 22:08:55.938] [info] CMC::computeControls, t = 0.953
[2023-08-15 22:08:55.971] [info] CMC::computeControls, t = 0.954
[2023-08-15 22:08:55.994] [info] CMC::computeControls, t = 0.955
[2023-08-15 22:08:56.023] [info] CMC::computeControls, t = 0.956
[2023-08-15 22:08:56.052] [info] CMC::computeControls, t = 0.957
[2023-08-15 22:08:56.071] [info] CMC::computeControls, t = 0.958
[2023-08-15 22:08:56.089] [info] CMC::computeControls, t = 0.959
[2023-08-15 22:08:56.119] [info] CMC::computeControls, t = 0.96
[2023-08-15 22:08:56.145] [info] CMC::computeControls, t = 0.961
[2023-08-15 22:08:56.160] [info] CMC::computeControls, t = 0.962
[2023-08-15 22:08:56.188] [info] CMC::computeControls, t = 0.963
[2023-08-15 22:08:56.220] [info] CMC::computeControls, t = 0.964
[2023-08-15 22:08:56.247] [info] CMC::computeControls, t = 0.965
[2023-08-15 22:08:56.268] [info] CMC::computeControls, t = 0.966
[2023-08-15 22:08:56.305] [info] CMC::computeControls, t = 0.967
[2023-08-15 22:08:56.334] [info] CMC::computeControls, t = 0.968
[2023-08-15 22:08:56.372] [info] CMC::computeControls, t = 0.969
[2023-08-15 22:08:56.410] [info] CMC::computeControls, t = 0.97
[2023-08-15 22:08:56.437] [info] CMC::computeControls, t = 0.971
[2023-08-15 22:08:56.465] [info] CMC::computeControls, t = 0.972
[2023-08-15 22:08:56.482] [info] CMC::computeControls, t = 0.973
[2023-08-15 22:08:56.501] [info] CMC::computeControls, t = 0.974
[2023-08-15 22:08:56.516] [info] CMC::computeControls, t = 0.975
[2023-08-15 22:08:56.535] [info] CMC::computeControls, t = 0.976
[2023-08-15 22:08:56.558] [info] CMC::computeControls, t = 0.977
[2023-08-15 22:08:56.575] [info] CMC::computeControls, t = 0.978
[2023-08-15 22:08:56.611] [info] CMC::computeControls, t = 0.979
[2023-08-15 22:08:56.637] [info] CMC::computeControls, t = 0.98
[2023-08-15 22:08:56.659] [info] CMC::computeControls, t = 0.981
[2023-08-15 22:08:56.676] [info] CMC::computeControls, t = 0.982
[2023-08-15 22:08:56.692] [info] CMC::computeControls, t = 0.983
[2023-08-15 22:08:56.718] [info] CMC::computeControls, t = 0.984
[2023-08-15 22:08:56.751] [info] CMC::computeControls, t = 0.985
[2023-08-15 22:08:56.773] [info] CMC::computeControls, t = 0.986
[2023-08-15 22:08:56.798] [info] CMC::computeControls, t = 0.987
[2023-08-15 22:08:56.822] [info] CMC::computeControls, t = 0.988
[2023-08-15 22:08:56.853] [info] CMC::computeControls, t = 0.989
[2023-08-15 22:08:56.883] [info] CMC::computeControls, t = 0.99
[2023-08-15 22:08:56.905] [info] CMC::computeControls, t = 0.991
[2023-08-15 22:08:56.941] [info] CMC::computeControls, t = 0.992
[2023-08-15 22:08:56.980] [info] CMC::computeControls, t = 0.993
[2023-08-15 22:08:57.004] [info] CMC::computeControls, t = 0.994
[2023-08-15 22:08:57.037] [info] CMC::computeControls, t = 0.995
[2023-08-15 22:08:57.056] [info] CMC::computeControls, t = 0.996
[2023-08-15 22:08:57.085] [info] CMC::computeControls, t = 0.997
[2023-08-15 22:08:57.119] [info] CMC::computeControls, t = 0.998
[2023-08-15 22:08:57.145] [info] CMC::computeControls, t = 0.999
[2023-08-15 22:08:57.179] [info] CMC::computeControls, t = 1.0
[2023-08-15 22:08:57.207] [info] CMC::computeControls, t = 1.00100
[2023-08-15 22:08:57.235] [info] CMC::computeControls, t = 1.00200
[2023-08-15 22:08:57.266] [info] CMC::computeControls, t = 1.00300
[2023-08-15 22:08:57.291] [info] CMC::computeControls, t = 1.00400
[2023-08-15 22:08:57.323] [info] CMC::computeControls, t = 1.00500
[2023-08-15 22:08:57.339] [info] CMC::computeControls, t = 1.00600
[2023-08-15 22:08:57.355] [info] CMC::computeControls, t = 1.00700
[2023-08-15 22:08:57.372] [info] CMC::computeControls, t = 1.00800
[2023-08-15 22:08:57.387] [info] CMC::computeControls, t = 1.00900
[2023-08-15 22:08:57.417] [info] CMC::computeControls, t = 1.01
[2023-08-15 22:08:57.438] [info] CMC::computeControls, t = 1.011
[2023-08-15 22:08:57.464] [info] CMC::computeControls, t = 1.012
[2023-08-15 22:08:57.487] [info] CMC::computeControls, t = 1.013
[2023-08-15 22:08:57.504] [info] CMC::computeControls, t = 1.014
[2023-08-15 22:08:57.520] [info] CMC::computeControls, t = 1.015
[2023-08-15 22:08:57.553] [info] CMC::computeControls, t = 1.016
[2023-08-15 22:08:57.568] [info] CMC::computeControls, t = 1.017
[2023-08-15 22:08:57.600] [info] CMC::computeControls, t = 1.018
[2023-08-15 22:08:57.636] [info] CMC::computeControls, t = 1.019
[2023-08-15 22:08:57.653] [info] CMC::computeControls, t = 1.02
[2023-08-15 22:08:57.680] [info] CMC::computeControls, t = 1.021
[2023-08-15 22:08:57.705] [info] CMC::computeControls, t = 1.022
[2023-08-15 22:08:57.735] [info] CMC::computeControls, t = 1.023
[2023-08-15 22:08:57.772] [info] CMC::computeControls, t = 1.024
[2023-08-15 22:08:57.793] [info] CMC::computeControls, t = 1.025
[2023-08-15 22:08:57.820] [info] CMC::computeControls, t = 1.026
[2023-08-15 22:08:57.844] [info] CMC::computeControls, t = 1.027
[2023-08-15 22:08:57.878] [info] CMC::computeControls, t = 1.028
[2023-08-15 22:08:57.893] [info] CMC::computeControls, t = 1.029
[2023-08-15 22:08:57.913] [info] CMC::computeControls, t = 1.03
[2023-08-15 22:08:57.942] [info] CMC::computeControls, t = 1.031
[2023-08-15 22:08:57.977] [info] CMC::computeControls, t = 1.032
[2023-08-15 22:08:57.998] [info] CMC::computeControls, t = 1.033
[2023-08-15 22:08:58.028] [info] CMC::computeControls, t = 1.034
[2023-08-15 22:08:58.054] [info] CMC::computeControls, t = 1.035
[2023-08-15 22:08:58.086] [info] CMC::computeControls, t = 1.036
[2023-08-15 22:08:58.119] [info] CMC::computeControls, t = 1.037
[2023-08-15 22:08:58.136] [info] CMC::computeControls, t = 1.038
[2023-08-15 22:08:58.170] [info] CMC::computeControls, t = 1.039
[2023-08-15 22:08:58.192] [info] CMC::computeControls, t = 1.04
[2023-08-15 22:08:58.208] [info] CMC::computeControls, t = 1.041
[2023-08-15 22:08:58.226] [info] CMC::computeControls, t = 1.042
[2023-08-15 22:08:58.241] [info] CMC::computeControls, t = 1.043
[2023-08-15 22:08:58.259] [info] CMC::computeControls, t = 1.044
[2023-08-15 22:08:58.283] [info] CMC::computeControls, t = 1.045
[2023-08-15 22:08:58.308] [info] CMC::computeControls, t = 1.046
[2023-08-15 22:08:58.327] [info] CMC::computeControls, t = 1.047
[2023-08-15 22:08:58.350] [info] CMC::computeControls, t = 1.048
[2023-08-15 22:08:58.365] [info] CMC::computeControls, t = 1.049
[2023-08-15 22:08:58.391] [info] CMC::computeControls, t = 1.05
[2023-08-15 22:08:58.416] [info] CMC::computeControls, t = 1.051
[2023-08-15 22:08:58.440] [info] CMC::computeControls, t = 1.052
[2023-08-15 22:08:58.465] [info] CMC::computeControls, t = 1.053
[2023-08-15 22:08:58.489] [info] CMC::computeControls, t = 1.054
[2023-08-15 22:08:58.517] [info] CMC::computeControls, t = 1.055
[2023-08-15 22:08:58.534] [info] CMC::computeControls, t = 1.056
[2023-08-15 22:08:58.581] [info] CMC::computeControls, t = 1.057
[2023-08-15 22:08:58.596] [info] CMC::computeControls, t = 1.058
[2023-08-15 22:08:58.619] [info] CMC::computeControls, t = 1.059
[2023-08-15 22:08:58.640] [info] CMC::computeControls, t = 1.06
[2023-08-15 22:08:58.671] [info] CMC::computeControls, t = 1.061
[2023-08-15 22:08:58.702] [info] CMC::computeControls, t = 1.062
[2023-08-15 22:08:58.733] [info] CMC::computeControls, t = 1.063
[2023-08-15 22:08:58.768] [info] CMC::computeControls, t = 1.064
[2023-08-15 22:08:58.794] [info] CMC::computeControls, t = 1.065
[2023-08-15 22:08:58.826] [info] CMC::computeControls, t = 1.066
[2023-08-15 22:08:58.859] [info] CMC::computeControls, t = 1.067
[2023-08-15 22:08:58.886] [info] CMC::computeControls, t = 1.068
[2023-08-15 22:08:58.911] [info] CMC::computeControls, t = 1.069
[2023-08-15 22:08:58.926] [info] CMC::computeControls, t = 1.07
[2023-08-15 22:08:58.944] [info] CMC::computeControls, t = 1.071
[2023-08-15 22:08:58.983] [info] CMC::computeControls, t = 1.072
[2023-08-15 22:08:59.012] [info] CMC::computeControls, t = 1.073
[2023-08-15 22:08:59.041] [info] CMC::computeControls, t = 1.074
[2023-08-15 22:08:59.076] [info] CMC::computeControls, t = 1.075
[2023-08-15 22:08:59.093] [info] CMC::computeControls, t = 1.076
[2023-08-15 22:08:59.130] [info] CMC::computeControls, t = 1.077
[2023-08-15 22:08:59.153] [info] CMC::computeControls, t = 1.078
[2023-08-15 22:08:59.179] [info] CMC::computeControls, t = 1.079
[2023-08-15 22:08:59.203] [info] CMC::computeControls, t = 1.08
[2023-08-15 22:08:59.231] [info] CMC::computeControls, t = 1.081
[2023-08-15 22:08:59.262] [info] CMC::computeControls, t = 1.082
[2023-08-15 22:08:59.300] [info] CMC::computeControls, t = 1.083
[2023-08-15 22:08:59.337] [info] CMC::computeControls, t = 1.084
[2023-08-15 22:08:59.353] [info] CMC::computeControls, t = 1.085
[2023-08-15 22:08:59.383] [info] CMC::computeControls, t = 1.086
[2023-08-15 22:08:59.407] [info] CMC::computeControls, t = 1.087
[2023-08-15 22:08:59.423] [info] CMC::computeControls, t = 1.088
[2023-08-15 22:08:59.454] [info] CMC::computeControls, t = 1.089
[2023-08-15 22:08:59.474] [info] CMC::computeControls, t = 1.09
[2023-08-15 22:08:59.490] [info] CMC::computeControls, t = 1.091
[2023-08-15 22:08:59.516] [info] CMC::computeControls, t = 1.092
[2023-08-15 22:08:59.543] [info] CMC::computeControls, t = 1.093
[2023-08-15 22:08:59.579] [info] CMC::computeControls, t = 1.094
[2023-08-15 22:08:59.622] [info] CMC::computeControls, t = 1.095
[2023-08-15 22:08:59.654] [info] CMC::computeControls, t = 1.096
[2023-08-15 22:08:59.681] [info] CMC::computeControls, t = 1.097
[2023-08-15 22:08:59.700] [info] CMC::computeControls, t = 1.098
[2023-08-15 22:08:59.731] [info] CMC::computeControls, t = 1.099
[2023-08-15 22:08:59.757] [info] CMC::computeControls, t = 1.1
[2023-08-15 22:08:59.785] [info] CMC::computeControls, t = 1.10100
[2023-08-15 22:08:59.808] [info] CMC::computeControls, t = 1.10200
[2023-08-15 22:08:59.823] [info] CMC::computeControls, t = 1.10300
[2023-08-15 22:08:59.841] [info] CMC::computeControls, t = 1.10400
[2023-08-15 22:08:59.876] [info] CMC::computeControls, t = 1.10500
[2023-08-15 22:08:59.897] [info] CMC::computeControls, t = 1.10600
[2023-08-15 22:08:59.922] [info] CMC::computeControls, t = 1.10700
[2023-08-15 22:08:59.948] [info] CMC::computeControls, t = 1.10800
[2023-08-15 22:08:59.975] [info] CMC::computeControls, t = 1.10900
[2023-08-15 22:08:59.997] [info] CMC::computeControls, t = 1.11
[2023-08-15 22:09:00.016] [info] CMC::computeControls, t = 1.111
[2023-08-15 22:09:00.035] [info] CMC::computeControls, t = 1.112
[2023-08-15 22:09:00.060] [info] CMC::computeControls, t = 1.113
[2023-08-15 22:09:00.084] [info] CMC::computeControls, t = 1.114
[2023-08-15 22:09:00.111] [info] CMC::computeControls, t = 1.115
[2023-08-15 22:09:00.136] [info] CMC::computeControls, t = 1.116
[2023-08-15 22:09:00.158] [info] CMC::computeControls, t = 1.117
[2023-08-15 22:09:00.174] [info] CMC::computeControls, t = 1.118
[2023-08-15 22:09:00.189] [info] CMC::computeControls, t = 1.119
[2023-08-15 22:09:00.215] [info] CMC::computeControls, t = 1.12
[2023-08-15 22:09:00.252] [info] CMC::computeControls, t = 1.121
[2023-08-15 22:09:00.283] [info] CMC::computeControls, t = 1.122
[2023-08-15 22:09:00.309] [info] CMC::computeControls, t = 1.123
[2023-08-15 22:09:00.336] [info] CMC::computeControls, t = 1.124
[2023-08-15 22:09:00.373] [info] CMC::computeControls, t = 1.125
[2023-08-15 22:09:00.400] [info] CMC::computeControls, t = 1.126
[2023-08-15 22:09:00.416] [info] CMC::computeControls, t = 1.127
[2023-08-15 22:09:00.436] [info] CMC::computeControls, t = 1.128
[2023-08-15 22:09:00.456] [info] CMC::computeControls, t = 1.129
[2023-08-15 22:09:00.481] [info] CMC::computeControls, t = 1.13
[2023-08-15 22:09:00.512] [info] CMC::computeControls, t = 1.131
[2023-08-15 22:09:00.534] [info] CMC::computeControls, t = 1.132
[2023-08-15 22:09:00.562] [info] CMC::computeControls, t = 1.133
[2023-08-15 22:09:00.595] [info] CMC::computeControls, t = 1.134
[2023-08-15 22:09:00.615] [info] CMC::computeControls, t = 1.135
[2023-08-15 22:09:00.647] [info] CMC::computeControls, t = 1.136
[2023-08-15 22:09:00.677] [info] CMC::computeControls, t = 1.137
[2023-08-15 22:09:00.694] [info] CMC::computeControls, t = 1.138
[2023-08-15 22:09:00.719] [info] CMC::computeControls, t = 1.139
[2023-08-15 22:09:00.751] [info] CMC::computeControls, t = 1.14
[2023-08-15 22:09:00.771] [info] CMC::computeControls, t = 1.141
[2023-08-15 22:09:00.792] [info] CMC::computeControls, t = 1.142
[2023-08-15 22:09:00.818] [info] CMC::computeControls, t = 1.143
[2023-08-15 22:09:00.836] [info] CMC::computeControls, t = 1.144
[2023-08-15 22:09:00.855] [info] CMC::computeControls, t = 1.145
[2023-08-15 22:09:00.876] [info] CMC::computeControls, t = 1.146
[2023-08-15 22:09:00.902] [info] CMC::computeControls, t = 1.147
[2023-08-15 22:09:00.923] [info] CMC::computeControls, t = 1.148
[2023-08-15 22:09:00.955] [info] CMC::computeControls, t = 1.149
[2023-08-15 22:09:00.974] [info] CMC::computeControls, t = 1.15
[2023-08-15 22:09:00.999] [info] CMC::computeControls, t = 1.151
[2023-08-15 22:09:01.015] [info] CMC::computeControls, t = 1.152
[2023-08-15 22:09:01.057] [info] CMC::computeControls, t = 1.153
[2023-08-15 22:09:01.093] [info] CMC::computeControls, t = 1.154
[2023-08-15 22:09:01.134] [info] CMC::computeControls, t = 1.155
[2023-08-15 22:09:01.165] [info] CMC::computeControls, t = 1.156
[2023-08-15 22:09:01.192] [info] CMC::computeControls, t = 1.157
[2023-08-15 22:09:01.211] [info] CMC::computeControls, t = 1.158
[2023-08-15 22:09:01.238] [info] CMC::computeControls, t = 1.159
[2023-08-15 22:09:01.258] [info] CMC::computeControls, t = 1.16
[2023-08-15 22:09:01.283] [info] CMC::computeControls, t = 1.161
[2023-08-15 22:09:01.304] [info] CMC::computeControls, t = 1.162
[2023-08-15 22:09:01.321] [info] CMC::computeControls, t = 1.163
[2023-08-15 22:09:01.347] [info] CMC::computeControls, t = 1.164
[2023-08-15 22:09:01.366] [info] CMC::computeControls, t = 1.165
[2023-08-15 22:09:01.392] [info] CMC::computeControls, t = 1.166
[2023-08-15 22:09:01.408] [info] CMC::computeControls, t = 1.167
[2023-08-15 22:09:01.423] [info] CMC::computeControls, t = 1.168
[2023-08-15 22:09:01.446] [info] CMC::computeControls, t = 1.169
[2023-08-15 22:09:01.474] [info] CMC::computeControls, t = 1.17
[2023-08-15 22:09:01.501] [info] CMC::computeControls, t = 1.171
[2023-08-15 22:09:01.524] [info] CMC::computeControls, t = 1.172
[2023-08-15 22:09:01.552] [info] CMC::computeControls, t = 1.173
[2023-08-15 22:09:01.584] [info] CMC::computeControls, t = 1.174
[2023-08-15 22:09:01.620] [info] CMC::computeControls, t = 1.175
[2023-08-15 22:09:01.642] [info] CMC::computeControls, t = 1.176
[2023-08-15 22:09:01.678] [info] CMC::computeControls, t = 1.177
[2023-08-15 22:09:01.712] [info] CMC::computeControls, t = 1.178
[2023-08-15 22:09:01.728] [info] CMC::computeControls, t = 1.179
[2023-08-15 22:09:01.748] [info] CMC::computeControls, t = 1.18
[2023-08-15 22:09:01.775] [info] CMC::computeControls, t = 1.181
[2023-08-15 22:09:01.791] [info] CMC::computeControls, t = 1.182
[2023-08-15 22:09:01.810] [info] CMC::computeControls, t = 1.183
[2023-08-15 22:09:01.829] [info] CMC::computeControls, t = 1.184
[2023-08-15 22:09:01.855] [info] CMC::computeControls, t = 1.185
[2023-08-15 22:09:01.886] [info] CMC::computeControls, t = 1.186
[2023-08-15 22:09:01.902] [info] CMC::computeControls, t = 1.187
[2023-08-15 22:09:01.928] [info] CMC::computeControls, t = 1.188
[2023-08-15 22:09:01.954] [info] CMC::computeControls, t = 1.189
[2023-08-15 22:09:01.986] [info] CMC::computeControls, t = 1.19
[2023-08-15 22:09:02.014] [info] CMC::computeControls, t = 1.191
[2023-08-15 22:09:02.056] [info] CMC::computeControls, t = 1.192
[2023-08-15 22:09:02.089] [info] CMC::computeControls, t = 1.193
[2023-08-15 22:09:02.139] [info] CMC::computeControls, t = 1.194
[2023-08-15 22:09:02.176] [info] CMC::computeControls, t = 1.195
[2023-08-15 22:09:02.210] [info] CMC::computeControls, t = 1.196
[2023-08-15 22:09:02.238] [info] CMC::computeControls, t = 1.197
[2023-08-15 22:09:02.268] [info] CMC::computeControls, t = 1.198
[2023-08-15 22:09:02.306] [info] CMC::computeControls, t = 1.199
[2023-08-15 22:09:02.333] [info] CMC::computeControls, t = 1.2
[2023-08-15 22:09:02.353] [info] CMC::computeControls, t = 1.20100
[2023-08-15 22:09:02.380] [info] CMC::computeControls, t = 1.20200
[2023-08-15 22:09:02.397] [info] CMC::computeControls, t = 1.20300
[2023-08-15 22:09:02.423] [info] CMC::computeControls, t = 1.20400
[2023-08-15 22:09:02.447] [info] CMC::computeControls, t = 1.20500
[2023-08-15 22:09:02.487] [info] CMC::computeControls, t = 1.20600
[2023-08-15 22:09:02.522] [info] CMC::computeControls, t = 1.20700
[2023-08-15 22:09:02.544] [info] CMC::computeControls, t = 1.20800
[2023-08-15 22:09:02.560] [info] CMC::computeControls, t = 1.20900
[2023-08-15 22:09:02.583] [info] CMC::computeControls, t = 1.21
[2023-08-15 22:09:02.600] [info] CMC::computeControls, t = 1.211
[2023-08-15 22:09:02.627] [info] CMC::computeControls, t = 1.212
[2023-08-15 22:09:02.664] [info] CMC::computeControls, t = 1.213
[2023-08-15 22:09:02.693] [info] CMC::computeControls, t = 1.214
[2023-08-15 22:09:02.713] [info] CMC::computeControls, t = 1.215
[2023-08-15 22:09:02.738] [info] CMC::computeControls, t = 1.216
[2023-08-15 22:09:02.754] [info] CMC::computeControls, t = 1.217
[2023-08-15 22:09:02.782] [info] CMC::computeControls, t = 1.218
[2023-08-15 22:09:02.815] [info] CMC::computeControls, t = 1.219
[2023-08-15 22:09:02.835] [info] CMC::computeControls, t = 1.22
[2023-08-15 22:09:02.870] [info] CMC::computeControls, t = 1.221
[2023-08-15 22:09:02.892] [info] CMC::computeControls, t = 1.222
[2023-08-15 22:09:02.920] [info] CMC::computeControls, t = 1.223
[2023-08-15 22:09:02.948] [info] CMC::computeControls, t = 1.224
[2023-08-15 22:09:02.975] [info] CMC::computeControls, t = 1.225
[2023-08-15 22:09:02.997] [info] CMC::computeControls, t = 1.226
[2023-08-15 22:09:03.036] [info] CMC::computeControls, t = 1.227
[2023-08-15 22:09:03.054] [info] CMC::computeControls, t = 1.228
[2023-08-15 22:09:03.082] [info] CMC::computeControls, t = 1.229
[2023-08-15 22:09:03.118] [info] CMC::computeControls, t = 1.23
[2023-08-15 22:09:03.143] [info] CMC::computeControls, t = 1.231
[2023-08-15 22:09:03.158] [info] CMC::computeControls, t = 1.232
[2023-08-15 22:09:03.193] [info] CMC::computeControls, t = 1.233
[2023-08-15 22:09:03.208] [info] CMC::computeControls, t = 1.234
[2023-08-15 22:09:03.234] [info] CMC::computeControls, t = 1.235
[2023-08-15 22:09:03.254] [info] CMC::computeControls, t = 1.236
[2023-08-15 22:09:03.269] [info] CMC::computeControls, t = 1.237
[2023-08-15 22:09:03.284] [info] CMC::computeControls, t = 1.238
[2023-08-15 22:09:03.305] [info] CMC::computeControls, t = 1.239
[2023-08-15 22:09:03.321] [info] CMC::computeControls, t = 1.24
[2023-08-15 22:09:03.343] [info] CMC::computeControls, t = 1.241
[2023-08-15 22:09:03.379] [info] CMC::computeControls, t = 1.242
[2023-08-15 22:09:03.402] [info] CMC::computeControls, t = 1.243
[2023-08-15 22:09:03.430] [info] CMC::computeControls, t = 1.244
[2023-08-15 22:09:03.448] [info] CMC::computeControls, t = 1.245
[2023-08-15 22:09:03.466] [info] CMC::computeControls, t = 1.246
[2023-08-15 22:09:03.493] [info] CMC::computeControls, t = 1.247
[2023-08-15 22:09:03.518] [info] CMC::computeControls, t = 1.248
[2023-08-15 22:09:03.538] [info] CMC::computeControls, t = 1.249
[2023-08-15 22:09:03.574] [info] CMC::computeControls, t = 1.25
[2023-08-15 22:09:03.591] [info] CMC::computeControls, t = 1.251
[2023-08-15 22:09:03.616] [info] CMC::computeControls, t = 1.252
[2023-08-15 22:09:03.637] [info] CMC::computeControls, t = 1.253
[2023-08-15 22:09:03.655] [info] CMC::computeControls, t = 1.254
[2023-08-15 22:09:03.684] [info] CMC::computeControls, t = 1.255
[2023-08-15 22:09:03.699] [info] CMC::computeControls, t = 1.256
[2023-08-15 22:09:03.714] [info] CMC::computeControls, t = 1.257
[2023-08-15 22:09:03.730] [info] CMC::computeControls, t = 1.258
[2023-08-15 22:09:03.759] [info] CMC::computeControls, t = 1.259
[2023-08-15 22:09:03.785] [info] CMC::computeControls, t = 1.26
[2023-08-15 22:09:03.809] [info] CMC::computeControls, t = 1.261
[2023-08-15 22:09:03.827] [info] CMC::computeControls, t = 1.262
[2023-08-15 22:09:03.843] [info] CMC::computeControls, t = 1.263
[2023-08-15 22:09:03.859] [info] CMC::computeControls, t = 1.264
[2023-08-15 22:09:03.892] [info] CMC::computeControls, t = 1.265
[2023-08-15 22:09:03.925] [info] CMC::computeControls, t = 1.266
[2023-08-15 22:09:03.949] [info] CMC::computeControls, t = 1.267
[2023-08-15 22:09:03.980] [info] CMC::computeControls, t = 1.268
[2023-08-15 22:09:04.002] [info] CMC::computeControls, t = 1.269
[2023-08-15 22:09:04.029] [info] CMC::computeControls, t = 1.27
[2023-08-15 22:09:04.062] [info] CMC::computeControls, t = 1.271
[2023-08-15 22:09:04.094] [info] CMC::computeControls, t = 1.272
[2023-08-15 22:09:04.123] [info] CMC::computeControls, t = 1.273
[2023-08-15 22:09:04.139] [info] CMC::computeControls, t = 1.274
[2023-08-15 22:09:04.166] [info] CMC::computeControls, t = 1.275
[2023-08-15 22:09:04.182] [info] CMC::computeControls, t = 1.276
[2023-08-15 22:09:04.210] [info] CMC::computeControls, t = 1.277
[2023-08-15 22:09:04.250] [info] CMC::computeControls, t = 1.278
[2023-08-15 22:09:04.266] [info] CMC::computeControls, t = 1.279
[2023-08-15 22:09:04.284] [info] CMC::computeControls, t = 1.28
[2023-08-15 22:09:04.304] [info] CMC::computeControls, t = 1.281
[2023-08-15 22:09:04.338] [info] CMC::computeControls, t = 1.282
[2023-08-15 22:09:04.354] [info] CMC::computeControls, t = 1.283
[2023-08-15 22:09:04.388] [info] CMC::computeControls, t = 1.284
[2023-08-15 22:09:04.426] [info] CMC::computeControls, t = 1.285
[2023-08-15 22:09:04.448] [info] CMC::computeControls, t = 1.286
[2023-08-15 22:09:04.464] [info] CMC::computeControls, t = 1.287
[2023-08-15 22:09:04.504] [info] CMC::computeControls, t = 1.288
[2023-08-15 22:09:04.546] [info] CMC::computeControls, t = 1.289
[2023-08-15 22:09:04.576] [info] CMC::computeControls, t = 1.29
[2023-08-15 22:09:04.605] [info] CMC::computeControls, t = 1.291
[2023-08-15 22:09:04.632] [info] CMC::computeControls, t = 1.292
[2023-08-15 22:09:04.669] [info] CMC::computeControls, t = 1.293
[2023-08-15 22:09:04.709] [info] CMC::computeControls, t = 1.294
[2023-08-15 22:09:04.750] [info] CMC::computeControls, t = 1.295
[2023-08-15 22:09:04.792] [info] CMC::computeControls, t = 1.296
[2023-08-15 22:09:04.824] [info] CMC::computeControls, t = 1.297
[2023-08-15 22:09:04.850] [info] CMC::computeControls, t = 1.298
[2023-08-15 22:09:04.887] [info] CMC::computeControls, t = 1.299
[2023-08-15 22:09:04.932] [info] CMC::computeControls, t = 1.3
[2023-08-15 22:09:04.958] [info] CMC::computeControls, t = 1.30100
[2023-08-15 22:09:04.983] [info] CMC::computeControls, t = 1.30200
[2023-08-15 22:09:05.006] [info] CMC::computeControls, t = 1.30300
[2023-08-15 22:09:05.028] [info] CMC::computeControls, t = 1.30400
[2023-08-15 22:09:05.052] [info] CMC::computeControls, t = 1.30500
[2023-08-15 22:09:05.076] [info] CMC::computeControls, t = 1.30600
[2023-08-15 22:09:05.099] [info] CMC::computeControls, t = 1.30700
[2023-08-15 22:09:05.125] [info] CMC::computeControls, t = 1.30800
[2023-08-15 22:09:05.148] [info] CMC::computeControls, t = 1.30900
[2023-08-15 22:09:05.179] [info] CMC::computeControls, t = 1.31
[2023-08-15 22:09:05.209] [info] CMC::computeControls, t = 1.311
[2023-08-15 22:09:05.243] [info] CMC::computeControls, t = 1.312
[2023-08-15 22:09:05.264] [info] CMC::computeControls, t = 1.313
[2023-08-15 22:09:05.289] [info] CMC::computeControls, t = 1.314
[2023-08-15 22:09:05.308] [info] CMC::computeControls, t = 1.315
[2023-08-15 22:09:05.333] [info] CMC::computeControls, t = 1.316
[2023-08-15 22:09:05.360] [info] CMC::computeControls, t = 1.317
[2023-08-15 22:09:05.389] [info] CMC::computeControls, t = 1.318
[2023-08-15 22:09:05.416] [info] CMC::computeControls, t = 1.319
[2023-08-15 22:09:05.441] [info] CMC::computeControls, t = 1.32
[2023-08-15 22:09:05.465] [info] CMC::computeControls, t = 1.321
[2023-08-15 22:09:05.489] [info] CMC::computeControls, t = 1.322
[2023-08-15 22:09:05.513] [info] CMC::computeControls, t = 1.323
[2023-08-15 22:09:05.538] [info] CMC::computeControls, t = 1.324
[2023-08-15 22:09:05.558] [info] CMC::computeControls, t = 1.325
[2023-08-15 22:09:05.594] [info] CMC::computeControls, t = 1.326
[2023-08-15 22:09:05.615] [info] CMC::computeControls, t = 1.327
[2023-08-15 22:09:05.636] [info] CMC::computeControls, t = 1.328
[2023-08-15 22:09:05.658] [info] CMC::computeControls, t = 1.329
[2023-08-15 22:09:05.691] [info] CMC::computeControls, t = 1.33
[2023-08-15 22:09:05.710] [info] CMC::computeControls, t = 1.331
[2023-08-15 22:09:05.734] [info] CMC::computeControls, t = 1.332
[2023-08-15 22:09:05.762] [info] CMC::computeControls, t = 1.333
[2023-08-15 22:09:05.790] [info] CMC::computeControls, t = 1.334
[2023-08-15 22:09:05.807] [info] CMC::computeControls, t = 1.335
[2023-08-15 22:09:05.832] [info] CMC::computeControls, t = 1.336
[2023-08-15 22:09:05.866] [info] CMC::computeControls, t = 1.337
[2023-08-15 22:09:05.882] [info] CMC::computeControls, t = 1.338
[2023-08-15 22:09:05.923] [info] CMC::computeControls, t = 1.339
[2023-08-15 22:09:05.957] [info] CMC::computeControls, t = 1.34
[2023-08-15 22:09:05.974] [info] CMC::computeControls, t = 1.341
[2023-08-15 22:09:05.999] [info] CMC::computeControls, t = 1.342
[2023-08-15 22:09:06.027] [info] CMC::computeControls, t = 1.343
[2023-08-15 22:09:06.046] [info] CMC::computeControls, t = 1.344
[2023-08-15 22:09:06.064] [info] CMC::computeControls, t = 1.345
[2023-08-15 22:09:06.099] [info] CMC::computeControls, t = 1.346
[2023-08-15 22:09:06.123] [info] CMC::computeControls, t = 1.347
[2023-08-15 22:09:06.140] [info] CMC::computeControls, t = 1.348
[2023-08-15 22:09:06.158] [info] CMC::computeControls, t = 1.349
[2023-08-15 22:09:06.198] [info] CMC::computeControls, t = 1.35
[2023-08-15 22:09:06.238] [info] CMC::computeControls, t = 1.351
[2023-08-15 22:09:06.268] [info] CMC::computeControls, t = 1.352
[2023-08-15 22:09:06.306] [info] CMC::computeControls, t = 1.353
[2023-08-15 22:09:06.332] [info] CMC::computeControls, t = 1.354
[2023-08-15 22:09:06.355] [info] CMC::computeControls, t = 1.355
[2023-08-15 22:09:06.374] [info] CMC::computeControls, t = 1.356
[2023-08-15 22:09:06.400] [info] CMC::computeControls, t = 1.357
[2023-08-15 22:09:06.415] [info] CMC::computeControls, t = 1.358
[2023-08-15 22:09:06.437] [info] CMC::computeControls, t = 1.359
[2023-08-15 22:09:06.464] [info] CMC::computeControls, t = 1.36
[2023-08-15 22:09:06.479] [info] CMC::computeControls, t = 1.361
[2023-08-15 22:09:06.502] [info] CMC::computeControls, t = 1.362
[2023-08-15 22:09:06.525] [info] CMC::computeControls, t = 1.363
[2023-08-15 22:09:06.541] [info] CMC::computeControls, t = 1.364
[2023-08-15 22:09:06.556] [info] CMC::computeControls, t = 1.365
[2023-08-15 22:09:06.571] [info] CMC::computeControls, t = 1.366
[2023-08-15 22:09:06.589] [info] CMC::computeControls, t = 1.367
[2023-08-15 22:09:06.614] [info] CMC::computeControls, t = 1.368
[2023-08-15 22:09:06.653] [info] CMC::computeControls, t = 1.369
[2023-08-15 22:09:06.681] [info] CMC::computeControls, t = 1.37
[2023-08-15 22:09:06.696] [info] CMC::computeControls, t = 1.371
[2023-08-15 22:09:06.722] [info] CMC::computeControls, t = 1.372
[2023-08-15 22:09:06.751] [info] CMC::computeControls, t = 1.373
[2023-08-15 22:09:06.785] [info] CMC::computeControls, t = 1.374
[2023-08-15 22:09:06.806] [info] CMC::computeControls, t = 1.375
[2023-08-15 22:09:06.842] [info] CMC::computeControls, t = 1.376
[2023-08-15 22:09:06.878] [info] CMC::computeControls, t = 1.377
[2023-08-15 22:09:06.916] [info] CMC::computeControls, t = 1.378
[2023-08-15 22:09:06.952] [info] CMC::computeControls, t = 1.379
[2023-08-15 22:09:06.983] [info] CMC::computeControls, t = 1.38
[2023-08-15 22:09:07.020] [info] CMC::computeControls, t = 1.381
[2023-08-15 22:09:07.049] [info] CMC::computeControls, t = 1.382
[2023-08-15 22:09:07.071] [info] CMC::computeControls, t = 1.383
[2023-08-15 22:09:07.097] [info] CMC::computeControls, t = 1.384
[2023-08-15 22:09:07.113] [info] CMC::computeControls, t = 1.385
[2023-08-15 22:09:07.142] [info] CMC::computeControls, t = 1.386
[2023-08-15 22:09:07.175] [info] CMC::computeControls, t = 1.387
[2023-08-15 22:09:07.197] [info] CMC::computeControls, t = 1.388
[2023-08-15 22:09:07.212] [info] CMC::computeControls, t = 1.389
[2023-08-15 22:09:07.242] [info] CMC::computeControls, t = 1.39
[2023-08-15 22:09:07.263] [info] CMC::computeControls, t = 1.391
[2023-08-15 22:09:07.287] [info] CMC::computeControls, t = 1.392
[2023-08-15 22:09:07.316] [info] CMC::computeControls, t = 1.393
[2023-08-15 22:09:07.341] [info] CMC::computeControls, t = 1.394
[2023-08-15 22:09:07.368] [info] CMC::computeControls, t = 1.395
[2023-08-15 22:09:07.384] [info] CMC::computeControls, t = 1.396
[2023-08-15 22:09:07.400] [info] CMC::computeControls, t = 1.397
[2023-08-15 22:09:07.422] [info] CMC::computeControls, t = 1.398
[2023-08-15 22:09:07.453] [info] CMC::computeControls, t = 1.399
[2023-08-15 22:09:07.479] [info] CMC::computeControls, t = 1.4
[2023-08-15 22:09:07.498] [info] CMC::computeControls, t = 1.40100
[2023-08-15 22:09:07.522] [info] CMC::computeControls, t = 1.40200
[2023-08-15 22:09:07.549] [info] CMC::computeControls, t = 1.40300
[2023-08-15 22:09:07.588] [info] CMC::computeControls, t = 1.40400
[2023-08-15 22:09:07.624] [info] CMC::computeControls, t = 1.40500
[2023-08-15 22:09:07.647] [info] CMC::computeControls, t = 1.40600
[2023-08-15 22:09:07.672] [info] CMC::computeControls, t = 1.40700
[2023-08-15 22:09:07.698] [info] CMC::computeControls, t = 1.40800
[2023-08-15 22:09:07.731] [info] CMC::computeControls, t = 1.40900
[2023-08-15 22:09:07.767] [info] CMC::computeControls, t = 1.41
[2023-08-15 22:09:07.799] [info] CMC::computeControls, t = 1.411
[2023-08-15 22:09:07.831] [info] CMC::computeControls, t = 1.412
[2023-08-15 22:09:07.852] [info] CMC::computeControls, t = 1.413
[2023-08-15 22:09:07.871] [info] CMC::computeControls, t = 1.414
[2023-08-15 22:09:07.901] [info] CMC::computeControls, t = 1.415
[2023-08-15 22:09:07.931] [info] CMC::computeControls, t = 1.416
[2023-08-15 22:09:07.960] [info] CMC::computeControls, t = 1.417
[2023-08-15 22:09:07.986] [info] CMC::computeControls, t = 1.418
[2023-08-15 22:09:08.018] [info] CMC::computeControls, t = 1.419
[2023-08-15 22:09:08.049] [info] CMC::computeControls, t = 1.42
[2023-08-15 22:09:08.077] [info] CMC::computeControls, t = 1.421
[2023-08-15 22:09:08.094] [info] CMC::computeControls, t = 1.422
[2023-08-15 22:09:08.110] [info] CMC::computeControls, t = 1.423
[2023-08-15 22:09:08.128] [info] CMC::computeControls, t = 1.424
[2023-08-15 22:09:08.164] [info] CMC::computeControls, t = 1.425
[2023-08-15 22:09:08.185] [info] CMC::computeControls, t = 1.426
[2023-08-15 22:09:08.202] [info] CMC::computeControls, t = 1.427
[2023-08-15 22:09:08.239] [info] CMC::computeControls, t = 1.428
[2023-08-15 22:09:08.257] [info] CMC::computeControls, t = 1.429
[2023-08-15 22:09:08.284] [info] CMC::computeControls, t = 1.43
[2023-08-15 22:09:08.305] [info] CMC::computeControls, t = 1.431
[2023-08-15 22:09:08.333] [info] CMC::computeControls, t = 1.432
[2023-08-15 22:09:08.348] [info] CMC::computeControls, t = 1.433
[2023-08-15 22:09:08.366] [info] CMC::computeControls, t = 1.434
[2023-08-15 22:09:08.395] [info] CMC::computeControls, t = 1.435
[2023-08-15 22:09:08.423] [info] CMC::computeControls, t = 1.436
[2023-08-15 22:09:08.445] [info] CMC::computeControls, t = 1.437
[2023-08-15 22:09:08.468] [info] CMC::computeControls, t = 1.438
[2023-08-15 22:09:08.490] [info] CMC::computeControls, t = 1.439
[2023-08-15 22:09:08.507] [info] CMC::computeControls, t = 1.44
[2023-08-15 22:09:08.543] [info] CMC::computeControls, t = 1.441
[2023-08-15 22:09:08.562] [info] CMC::computeControls, t = 1.442
[2023-08-15 22:09:08.590] [info] CMC::computeControls, t = 1.443
[2023-08-15 22:09:08.630] [info] CMC::computeControls, t = 1.444
[2023-08-15 22:09:08.681] [info] CMC::computeControls, t = 1.445
[2023-08-15 22:09:08.723] [info] CMC::computeControls, t = 1.446
[2023-08-15 22:09:08.741] [info] CMC::computeControls, t = 1.447
[2023-08-15 22:09:08.757] [info] CMC::computeControls, t = 1.448
[2023-08-15 22:09:08.778] [info] CMC::computeControls, t = 1.449
[2023-08-15 22:09:08.806] [info] CMC::computeControls, t = 1.45
[2023-08-15 22:09:08.827] [info] CMC::computeControls, t = 1.451
[2023-08-15 22:09:08.847] [info] CMC::computeControls, t = 1.452
[2023-08-15 22:09:08.874] [info] CMC::computeControls, t = 1.453
[2023-08-15 22:09:08.896] [info] CMC::computeControls, t = 1.454
[2023-08-15 22:09:08.918] [info] CMC::computeControls, t = 1.455
[2023-08-15 22:09:08.952] [info] CMC::computeControls, t = 1.456
[2023-08-15 22:09:08.968] [info] CMC::computeControls, t = 1.457
[2023-08-15 22:09:08.996] [info] CMC::computeControls, t = 1.458
[2023-08-15 22:09:09.022] [info] CMC::computeControls, t = 1.459
[2023-08-15 22:09:09.052] [info] CMC::computeControls, t = 1.46
[2023-08-15 22:09:09.078] [info] CMC::computeControls, t = 1.461
[2023-08-15 22:09:09.112] [info] CMC::computeControls, t = 1.462
[2023-08-15 22:09:09.147] [info] CMC::computeControls, t = 1.463
[2023-08-15 22:09:09.173] [info] CMC::computeControls, t = 1.464
[2023-08-15 22:09:09.204] [info] CMC::computeControls, t = 1.465
[2023-08-15 22:09:09.238] [info] CMC::computeControls, t = 1.466
[2023-08-15 22:09:09.259] [info] CMC::computeControls, t = 1.467
[2023-08-15 22:09:09.287] [info] CMC::computeControls, t = 1.468
[2023-08-15 22:09:09.317] [info] CMC::computeControls, t = 1.469
[2023-08-15 22:09:09.354] [info] CMC::computeControls, t = 1.47
[2023-08-15 22:09:09.394] [info] CMC::computeControls, t = 1.471
[2023-08-15 22:09:09.422] [info] CMC::computeControls, t = 1.472
[2023-08-15 22:09:09.452] [info] CMC::computeControls, t = 1.473
[2023-08-15 22:09:09.468] [info] CMC::computeControls, t = 1.474
[2023-08-15 22:09:09.494] [info] CMC::computeControls, t = 1.475
[2023-08-15 22:09:09.514] [info] CMC::computeControls, t = 1.476
[2023-08-15 22:09:09.537] [info] CMC::computeControls, t = 1.477
[2023-08-15 22:09:09.575] [info] CMC::computeControls, t = 1.478
[2023-08-15 22:09:09.596] [info] CMC::computeControls, t = 1.479
[2023-08-15 22:09:09.621] [info] CMC::computeControls, t = 1.48
[2023-08-15 22:09:09.644] [info] CMC::computeControls, t = 1.481
[2023-08-15 22:09:09.661] [info] CMC::computeControls, t = 1.482
[2023-08-15 22:09:09.688] [info] CMC::computeControls, t = 1.483
[2023-08-15 22:09:09.715] [info] CMC::computeControls, t = 1.484
[2023-08-15 22:09:09.730] [info] CMC::computeControls, t = 1.485
[2023-08-15 22:09:09.746] [info] CMC::computeControls, t = 1.486
[2023-08-15 22:09:09.761] [info] CMC::computeControls, t = 1.487
[2023-08-15 22:09:09.777] [info] CMC::computeControls, t = 1.488
[2023-08-15 22:09:09.801] [info] CMC::computeControls, t = 1.489
[2023-08-15 22:09:09.824] [info] CMC::computeControls, t = 1.49
[2023-08-15 22:09:09.862] [info] CMC::computeControls, t = 1.491
[2023-08-15 22:09:09.884] [info] CMC::computeControls, t = 1.492
[2023-08-15 22:09:09.908] [info] CMC::computeControls, t = 1.493
[2023-08-15 22:09:09.937] [info] CMC::computeControls, t = 1.494
[2023-08-15 22:09:09.953] [info] CMC::computeControls, t = 1.495
[2023-08-15 22:09:09.981] [info] CMC::computeControls, t = 1.496
[2023-08-15 22:09:09.997] [info] CMC::computeControls, t = 1.497
[2023-08-15 22:09:10.014] [info] CMC::computeControls, t = 1.498
[2023-08-15 22:09:10.038] [info] -------------------------------------------
[2023-08-15 22:09:10.038] [info] Finished tracking the specified kinematics:
[2023-08-15 22:09:10.038] [info] -------------------------------------------
[2023-08-15 22:09:10.038] [info]  -- Start time = Tue Aug 15 22:08:54 2023
[2023-08-15 22:09:10.038] [info]  -- Finish time = Tue Aug 15 22:09:10 2023
[2023-08-15 22:09:10.038] [info]  -- Elapsed time = 16.0 seconds.
[2023-08-15 22:09:10.038] [info] -------------------------------------------
[2023-08-15 22:09:10.038] [info] 
[2023-08-15 22:09:10.038] [info] Printing results of investigation subject04_run5_cycle2 to cycle2/
[2023-08-15 22:09:10.591] [info] 

************************************************************
*      Summary of Mass Adjustments to Reduce Residuals     *
************************************************************
* Body adjusted: torso
* Mass Center (COM) adjustment: dx =-0.0410156, dz =-0.004582
* New COM location: ~[0.00853587,0.34645,0.004582]
************************************************************
* Recommended mass adjustments:                             
*  Total mass change: 0.580354
*  pelvis: orig mass = 12.6078, new mass = 12.6988
*  femur_r: orig mass = 9.95759, new mass = 10.0294
*  tibia_r: orig mass = 3.96906, new mass = 3.99768
*  talus_r: orig mass = 0.107055, new mass = 0.107827
*  calcn_r: orig mass = 1.33818, new mass = 1.34784
*  toes_r: orig mass = 0.231881, new mass = 0.233553
*  femur_l: orig mass = 9.95759, new mass = 10.0294
*  tibia_l: orig mass = 3.96906, new mass = 3.99768
*  talus_l: orig mass = 0.107055, new mass = 0.107827
*  calcn_l: orig mass = 1.33818, new mass = 1.34784
*  toes_l: orig mass = 0.231881, new mass = 0.233553
*  torso: orig mass = 28.7192, new mass = 28.9263
*  humerus_r: orig mass = 2.17589, new mass = 2.19158
*  ulna_r: orig mass = 0.650358, new mass = 0.655048
*  radius_r: orig mass = 0.650358, new mass = 0.655048
*  hand_r: orig mass = 0.489776, new mass = 0.493308
*  humerus_l: orig mass = 2.17589, new mass = 2.19158
*  ulna_l: orig mass = 0.650358, new mass = 0.655048
*  radius_l: orig mass = 0.650358, new mass = 0.655048
*  hand_l: orig mass = 0.489776, new mass = 0.493308
************************************************************
* Note: Edit the model to make recommended adjustments to  *
*       mass properties.                                   *
************************************************************

* Average residuals before adjusting torso COM:
*  FX=5.77502 FY=-5.69133 FZ=5.34695
*  MX=1.29047 MY=-8.44877 MZ=-11.5516
************************************************************
* Average residuals after adjusting torso COM:
*  FX=5.62754 FY=-6.11643 FZ=5.53679
*  MX=0.344396 MY=-8.64372 MZ=-1.01777
************************************************************


[2023-08-15 22:09:10.591] [info] 
************************************************************
*                   Final Average Residuals                *
************************************************************
* After torso COM and Kinematics adjustments:
*  FX=6.27796 FY=-4.401 FZ=0.673082
*  MX=-4.25482 MY=-3.26942 MZ=8.37496
************************************************************


