[2024-03-05 12:30:08.890] [info] AbstractTool subject01_run5_cycle3 loading model ..\..\model\subject01_adjusted_scaled.osim
[2024-03-05 12:30:08.935] [info] Loaded model subject01_scaled from file ..\..\model\subject01_adjusted_scaled.osim
[2024-03-05 12:30:08.957] [info] Adding force object set from subject01_run5_RRA_Actuators.xml
[2024-03-05 12:30:08.961] [info] Running tool subject01_run5_cycle3.
[2024-03-05 12:30:08.974] [warning] ExternalLoads 'externalloads' has subcomponents with duplicate name 'externalforce'. The duplicate is being renamed to 'externalforce_0'.
[2024-03-05 12:30:08.977] [info] 	taskSet size = 29.
[2024-03-05 12:30:09.003] [info] ExternalForce::externalforce Data source being set to Run_500 02_newCOP3_v24.mot
[2024-03-05 12:30:09.003] [info] ExternalForce::externalforce_0 Data source being set to Run_500 02_newCOP3_v24.mot
[2024-03-05 12:30:09.005] [warning] A desired points file was not specified.
[2024-03-05 12:30:09.005] [info] Loading desired kinematics from file '..\..\ik\Run_5.mot'...
[2024-03-05 12:30:09.006] [info] Old version storage/motion file encountered
[2024-03-05 12:30:09.006] [info] Storage: read data file = ..\..\ik\Run_5.mot (nr=393 nc=164)
[2024-03-05 12:30:09.006] [info] .. assuming rotations in Degrees..
[2024-03-05 12:30:09.042] [info] Low-pass filtering desired kinematics with a cutoff frequency of 15.0...
[2024-03-05 12:30:09.173] [cout] [info] MODEL: subject01_scaled

numStates = 74
numCoordinates = 37
numSpeeds = 37
numActuators = 29
numBodies = 20
numConstraints = 0
numProbes = 0

ANALYSES (total: 0)

BODIES (total: 20)
body[0] = pelvis. mass: 11.4128
              moments of inertia:  ~[0.0967035,0.0967035,0.0562156]
              products of inertia: ~[0,0,0]
body[1] = femur_r. mass: 9.01374
              moments of inertia:  ~[0.170153,0.0446031,0.179429]
              products of inertia: ~[0,0,0]
body[2] = tibia_r. mass: 3.59284
              moments of inertia:  ~[0.0546712,0.0055322,0.0554305]
              products of inertia: ~[0,0,0]
body[3] = talus_r. mass: 0.0969073
              moments of inertia:  ~[0.00142711,0.00142711,0.00142711]
              products of inertia: ~[0,0,0]
body[4] = calcn_r. mass: 1.21134
              moments of inertia:  ~[0.00199795,0.00556571,0.00585113]
              products of inertia: ~[0,0,0]
body[5] = toes_r. mass: 0.209901
              moments of inertia:  ~[0.000142711,0.000285421,0.00142711]
              products of inertia: ~[0,0,0]
body[6] = femur_l. mass: 9.01374
              moments of inertia:  ~[0.170153,0.0446031,0.179429]
              products of inertia: ~[0,0,0]
body[7] = tibia_l. mass: 3.59284
              moments of inertia:  ~[0.0546712,0.0055322,0.0554305]
              products of inertia: ~[0,0,0]
body[8] = talus_l. mass: 0.0969073
              moments of inertia:  ~[0.00142711,0.00142711,0.00142711]
              products of inertia: ~[0,0,0]
body[9] = calcn_l. mass: 1.21134
              moments of inertia:  ~[0.00199795,0.00556571,0.00585113]
              products of inertia: ~[0,0,0]
body[10] = toes_l. mass: 0.209901
              moments of inertia:  ~[0.000142711,0.000285421,0.00142711]
              products of inertia: ~[0,0,0]
body[11] = torso. mass: 25.9969
              moments of inertia:  ~[1.50848,0.77291,1.46439]
              products of inertia: ~[0,0,0]
body[12] = humerus_r. mass: 1.96964
              moments of inertia:  ~[0.0141243,0.00487245,0.0158541]
              products of inertia: ~[0,0,0]
body[13] = ulna_r. mass: 0.588712
              moments of inertia:  ~[0.00354855,0.00074038,0.00384926]
              products of inertia: ~[0,0,0]
body[14] = radius_r. mass: 0.588712
              moments of inertia:  ~[0.00354855,0.00074038,0.00384926]
              products of inertia: ~[0,0,0]
body[15] = hand_r. mass: 0.443351
              moments of inertia:  ~[0.00106864,0.00065532,0.00160535]
              products of inertia: ~[0,0,0]
body[16] = humerus_l. mass: 1.96964
              moments of inertia:  ~[0.0143116,0.00493706,0.0160643]
              products of inertia: ~[0,0,0]
body[17] = ulna_l. mass: 0.588712
              moments of inertia:  ~[0.00354855,0.00074038,0.00384926]
              products of inertia: ~[0,0,0]
body[18] = radius_l. mass: 0.588712
              moments of inertia:  ~[0.00354855,0.00074038,0.00384926]
              products of inertia: ~[0,0,0]
body[19] = hand_l. mass: 0.443351
              moments of inertia:  ~[0.00106864,0.00065532,0.00160535]
              products of inertia: ~[0,0,0]

JOINTS (total: 20)
joint[0] = ground_pelvis. parent: ground_offset, child: pelvis_offset
joint[1] = hip_r. parent: pelvis_offset, child: femur_r_offset
joint[2] = knee_r. parent: femur_r_offset, child: tibia_r_offset
joint[3] = ankle_r. parent: tibia_r_offset, child: talus_r_offset
joint[4] = subtalar_r. parent: talus_r_offset, child: calcn_r_offset
joint[5] = mtp_r. parent: calcn_r_offset, child: toes_r_offset
joint[6] = hip_l. parent: pelvis_offset, child: femur_l_offset
joint[7] = knee_l. parent: femur_l_offset, child: tibia_l_offset
joint[8] = ankle_l. parent: tibia_l_offset, child: talus_l_offset
joint[9] = subtalar_l. parent: talus_l_offset, child: calcn_l_offset
joint[10] = mtp_l. parent: calcn_l_offset, child: toes_l_offset
joint[11] = back. parent: pelvis_offset, child: torso_offset
joint[12] = acromial_r. parent: torso_offset, child: humerus_r_offset
joint[13] = elbow_r. parent: humerus_r_offset, child: ulna_r_offset
joint[14] = radioulnar_r. parent: ulna_r_offset, child: radius_r_offset
joint[15] = radius_hand_r. parent: radius_r_offset, child: hand_r_offset
joint[16] = acromial_l. parent: torso_offset, child: humerus_l_offset
joint[17] = elbow_l. parent: humerus_l_offset, child: ulna_l_offset
joint[18] = radioulnar_l. parent: ulna_l_offset, child: radius_l_offset
joint[19] = radius_hand_l. parent: radius_l_offset, child: hand_l_offset

ACTUATORS (total: 29)
actuator[0] = FX
actuator[1] = FY
actuator[2] = FZ
actuator[3] = MZ
actuator[4] = MX
actuator[5] = MY
actuator[6] = hip_flexion_r
actuator[7] = hip_adduction_r
actuator[8] = hip_rotation_r
actuator[9] = knee_angle_r
actuator[10] = ankle_angle_r
actuator[11] = hip_flexion_l
actuator[12] = hip_adduction_l
actuator[13] = hip_rotation_l
actuator[14] = knee_angle_l
actuator[15] = ankle_angle_l
actuator[16] = lumbar_extension
actuator[17] = lumbar_bending
actuator[18] = lumbar_rotation
actuator[19] = arm_flex_r
actuator[20] = arm_add_r
actuator[21] = arm_rot_r
actuator[22] = elbow_flex_r
actuator[23] = pro_sup_r
actuator[24] = arm_flex_l
actuator[25] = arm_add_l
actuator[26] = arm_rot_l
actuator[27] = elbow_flex_l
actuator[28] = pro_sup_l

STATES (total: 74)
y[0] = /jointset/ground_pelvis/pelvis_tilt/value
y[1] = /jointset/ground_pelvis/pelvis_tilt/speed
y[2] = /jointset/ground_pelvis/pelvis_list/value
y[3] = /jointset/ground_pelvis/pelvis_list/speed
y[4] = /jointset/ground_pelvis/pelvis_rotation/value
y[5] = /jointset/ground_pelvis/pelvis_rotation/speed
y[6] = /jointset/ground_pelvis/pelvis_tx/value
y[7] = /jointset/ground_pelvis/pelvis_tx/speed
y[8] = /jointset/ground_pelvis/pelvis_ty/value
y[9] = /jointset/ground_pelvis/pelvis_ty/speed
y[10] = /jointset/ground_pelvis/pelvis_tz/value
y[11] = /jointset/ground_pelvis/pelvis_tz/speed
y[12] = /jointset/hip_r/hip_flexion_r/value
y[13] = /jointset/hip_r/hip_flexion_r/speed
y[14] = /jointset/hip_r/hip_adduction_r/value
y[15] = /jointset/hip_r/hip_adduction_r/speed
y[16] = /jointset/hip_r/hip_rotation_r/value
y[17] = /jointset/hip_r/hip_rotation_r/speed
y[18] = /jointset/knee_r/knee_angle_r/value
y[19] = /jointset/knee_r/knee_angle_r/speed
y[20] = /jointset/ankle_r/ankle_angle_r/value
y[21] = /jointset/ankle_r/ankle_angle_r/speed
y[22] = /jointset/subtalar_r/subtalar_angle_r/value
y[23] = /jointset/subtalar_r/subtalar_angle_r/speed
y[24] = /jointset/mtp_r/mtp_angle_r/value
y[25] = /jointset/mtp_r/mtp_angle_r/speed
y[26] = /jointset/hip_l/hip_flexion_l/value
y[27] = /jointset/hip_l/hip_flexion_l/speed
y[28] = /jointset/hip_l/hip_adduction_l/value
y[29] = /jointset/hip_l/hip_adduction_l/speed
y[30] = /jointset/hip_l/hip_rotation_l/value
y[31] = /jointset/hip_l/hip_rotation_l/speed
y[32] = /jointset/knee_l/knee_angle_l/value
y[33] = /jointset/knee_l/knee_angle_l/speed
y[34] = /jointset/ankle_l/ankle_angle_l/value
y[35] = /jointset/ankle_l/ankle_angle_l/speed
y[36] = /jointset/subtalar_l/subtalar_angle_l/value
y[37] = /jointset/subtalar_l/subtalar_angle_l/speed
y[38] = /jointset/mtp_l/mtp_angle_l/value
y[39] = /jointset/mtp_l/mtp_angle_l/speed
y[40] = /jointset/back/lumbar_extension/value
y[41] = /jointset/back/lumbar_extension/speed
y[42] = /jointset/back/lumbar_bending/value
y[43] = /jointset/back/lumbar_bending/speed
y[44] = /jointset/back/lumbar_rotation/value
y[45] = /jointset/back/lumbar_rotation/speed
y[46] = /jointset/acromial_r/arm_flex_r/value
y[47] = /jointset/acromial_r/arm_flex_r/speed
y[48] = /jointset/acromial_r/arm_add_r/value
y[49] = /jointset/acromial_r/arm_add_r/speed
y[50] = /jointset/acromial_r/arm_rot_r/value
y[51] = /jointset/acromial_r/arm_rot_r/speed
y[52] = /jointset/elbow_r/elbow_flex_r/value
y[53] = /jointset/elbow_r/elbow_flex_r/speed
y[54] = /jointset/radioulnar_r/pro_sup_r/value
y[55] = /jointset/radioulnar_r/pro_sup_r/speed
y[56] = /jointset/radius_hand_r/wrist_flex_r/value
y[57] = /jointset/radius_hand_r/wrist_flex_r/speed
y[58] = /jointset/radius_hand_r/wrist_dev_r/value
y[59] = /jointset/radius_hand_r/wrist_dev_r/speed
y[60] = /jointset/acromial_l/arm_flex_l/value
y[61] = /jointset/acromial_l/arm_flex_l/speed
y[62] = /jointset/acromial_l/arm_add_l/value
y[63] = /jointset/acromial_l/arm_add_l/speed
y[64] = /jointset/acromial_l/arm_rot_l/value
y[65] = /jointset/acromial_l/arm_rot_l/speed
y[66] = /jointset/elbow_l/elbow_flex_l/value
y[67] = /jointset/elbow_l/elbow_flex_l/speed
y[68] = /jointset/radioulnar_l/pro_sup_l/value
y[69] = /jointset/radioulnar_l/pro_sup_l/speed
y[70] = /jointset/radius_hand_l/wrist_flex_l/value
y[71] = /jointset/radius_hand_l/wrist_flex_l/speed
y[72] = /jointset/radius_hand_l/wrist_dev_l/value
y[73] = /jointset/radius_hand_l/wrist_dev_l/speed

[2024-03-05 12:30:09.404] [info] Requested COM adjustment time range 1.777 to 2.40200, clamped to nearest available data times: 1.77 to 2.4.
[2024-03-05 12:30:09.404] [info] Computing average residuals between 1.77 and 2.4...
[2024-03-05 12:30:09.442] [info] ExternalForce::externalforce Data source being set to Run_500 02_newCOP3_v24.mot
[2024-03-05 12:30:09.442] [info] ExternalForce::externalforce_0 Data source being set to Run_500 02_newCOP3_v24.mot
[2024-03-05 12:30:09.476] [info] ExternalForce::externalforce Data source being set to Run_500 02_newCOP3_v24.mot
[2024-03-05 12:30:09.476] [info] ExternalForce::externalforce_0 Data source being set to Run_500 02_newCOP3_v24.mot
[2024-03-05 12:30:10.438] [info] ExternalForce::externalforce Data source being set to Run_500 02_newCOP3_v24.mot
[2024-03-05 12:30:10.438] [info] ExternalForce::externalforce_0 Data source being set to Run_500 02_newCOP3_v24.mot
[2024-03-05 12:30:10.441] [info] Computing average residuals between 1.77 and 2.4...
[2024-03-05 12:30:10.500] [info] ExternalForce::externalforce Data source being set to Run_500 02_newCOP3_v24.mot
[2024-03-05 12:30:10.500] [info] ExternalForce::externalforce_0 Data source being set to Run_500 02_newCOP3_v24.mot
[2024-03-05 12:30:10.536] [info] ExternalForce::externalforce Data source being set to Run_500 02_newCOP3_v24.mot
[2024-03-05 12:30:10.536] [info] ExternalForce::externalforce_0 Data source being set to Run_500 02_newCOP3_v24.mot
[2024-03-05 12:30:11.362] [info] Constructing function set for tracking desired kinematics...
[2024-03-05 12:30:11.853] [warning] No Actuation analysis found in analysis set, adding one...
[2024-03-05 12:30:11.853] [warning] No Kinematics analysis found in analysis set, adding one...
[2024-03-05 12:30:11.856] [info] Using the generalized coordinates specified in '..\..\ik\Run_5.mot' to set the initial configuration.
[2024-03-05 12:30:11.974] [info] Using IPOPT optimizer algorithm.
[2024-03-05 12:30:11.974] [info] Setting optimizer print level to 0.
[2024-03-05 12:30:11.974] [info] Setting optimizer convergence tolerance to 1.0e-05.
[2024-03-05 12:30:11.974] [info] Setting optimizer maximum iterations to 2000.
[2024-03-05 12:30:11.974] [info] Setting cmc controller to not use verbose printing.

[2024-03-05 12:30:11.975] [info] CMC::computeControls, t = 1.777
[2024-03-05 12:30:12.557] [info] --------------------------------------------
[2024-03-05 12:30:12.557] [info] Using CMC to track the specified kinematics:
[2024-03-05 12:30:12.557] [info] --------------------------------------------
[2024-03-05 12:30:12.557] [info]  -- Integrating from 1.777 to 2.40200
[2024-03-05 12:30:12.557] [info]  -- Start time = Tue Mar  5 12:30:12 2024
[2024-03-05 12:30:12.557] [info] --------------------------------------------
[2024-03-05 12:30:12.557] [info] 
[2024-03-05 12:30:12.561] [info] CMC::computeControls, t = 1.777
[2024-03-05 12:30:12.586] [info] CMC::computeControls, t = 1.778
[2024-03-05 12:30:12.586] [warning] Coordinate.setValue:  coordinate subtalar_angle_r is locked. Unable to change its value.
[2024-03-05 12:30:12.586] [warning] Coordinate.setValue:  coordinate mtp_angle_r is locked. Unable to change its value.
[2024-03-05 12:30:12.586] [warning] Coordinate.setValue:  coordinate subtalar_angle_l is locked. Unable to change its value.
[2024-03-05 12:30:12.586] [warning] Coordinate.setValue:  coordinate mtp_angle_l is locked. Unable to change its value.
[2024-03-05 12:30:12.586] [warning] Coordinate.setValue:  coordinate wrist_flex_r is locked. Unable to change its value.
[2024-03-05 12:30:12.586] [warning] Coordinate.setValue:  coordinate wrist_dev_r is locked. Unable to change its value.
[2024-03-05 12:30:12.586] [warning] Coordinate.setValue:  coordinate wrist_flex_l is locked. Unable to change its value.
[2024-03-05 12:30:12.586] [warning] Coordinate.setValue:  coordinate wrist_dev_l is locked. Unable to change its value.
[2024-03-05 12:30:12.610] [info] CMC::computeControls, t = 1.779
[2024-03-05 12:30:12.627] [info] CMC::computeControls, t = 1.78
[2024-03-05 12:30:12.652] [info] CMC::computeControls, t = 1.781
[2024-03-05 12:30:12.671] [info] CMC::computeControls, t = 1.782
[2024-03-05 12:30:12.690] [info] CMC::computeControls, t = 1.783
[2024-03-05 12:30:12.705] [info] CMC::computeControls, t = 1.784
[2024-03-05 12:30:12.721] [info] CMC::computeControls, t = 1.785
[2024-03-05 12:30:12.746] [info] CMC::computeControls, t = 1.786
[2024-03-05 12:30:12.762] [info] CMC::computeControls, t = 1.787
[2024-03-05 12:30:12.778] [info] CMC::computeControls, t = 1.788
[2024-03-05 12:30:12.794] [info] CMC::computeControls, t = 1.789
[2024-03-05 12:30:12.822] [info] CMC::computeControls, t = 1.79
[2024-03-05 12:30:12.838] [info] CMC::computeControls, t = 1.791
[2024-03-05 12:30:12.871] [info] CMC::computeControls, t = 1.792
[2024-03-05 12:30:12.886] [info] CMC::computeControls, t = 1.793
[2024-03-05 12:30:12.909] [info] CMC::computeControls, t = 1.794
[2024-03-05 12:30:12.936] [info] CMC::computeControls, t = 1.795
[2024-03-05 12:30:12.953] [info] CMC::computeControls, t = 1.796
[2024-03-05 12:30:12.971] [info] CMC::computeControls, t = 1.797
[2024-03-05 12:30:12.989] [info] CMC::computeControls, t = 1.798
[2024-03-05 12:30:13.013] [info] CMC::computeControls, t = 1.799
[2024-03-05 12:30:13.037] [info] CMC::computeControls, t = 1.8
[2024-03-05 12:30:13.052] [info] CMC::computeControls, t = 1.80100
[2024-03-05 12:30:13.086] [info] CMC::computeControls, t = 1.80200
[2024-03-05 12:30:13.104] [info] CMC::computeControls, t = 1.80300
[2024-03-05 12:30:13.129] [info] CMC::computeControls, t = 1.80400
[2024-03-05 12:30:13.144] [info] CMC::computeControls, t = 1.80500
[2024-03-05 12:30:13.167] [info] CMC::computeControls, t = 1.80600
[2024-03-05 12:30:13.194] [info] CMC::computeControls, t = 1.80700
[2024-03-05 12:30:13.210] [info] CMC::computeControls, t = 1.80800
[2024-03-05 12:30:13.230] [info] CMC::computeControls, t = 1.80900
[2024-03-05 12:30:13.251] [info] CMC::computeControls, t = 1.81
[2024-03-05 12:30:13.276] [info] CMC::computeControls, t = 1.811
[2024-03-05 12:30:13.313] [info] CMC::computeControls, t = 1.812
[2024-03-05 12:30:13.333] [info] CMC::computeControls, t = 1.813
[2024-03-05 12:30:13.350] [info] CMC::computeControls, t = 1.814
[2024-03-05 12:30:13.365] [info] CMC::computeControls, t = 1.815
[2024-03-05 12:30:13.382] [info] CMC::computeControls, t = 1.816
[2024-03-05 12:30:13.401] [info] CMC::computeControls, t = 1.817
[2024-03-05 12:30:13.423] [info] CMC::computeControls, t = 1.818
[2024-03-05 12:30:13.451] [info] CMC::computeControls, t = 1.819
[2024-03-05 12:30:13.467] [info] CMC::computeControls, t = 1.82
[2024-03-05 12:30:13.482] [info] CMC::computeControls, t = 1.821
[2024-03-05 12:30:13.498] [info] CMC::computeControls, t = 1.822
[2024-03-05 12:30:13.524] [info] CMC::computeControls, t = 1.823
[2024-03-05 12:30:13.544] [info] CMC::computeControls, t = 1.824
[2024-03-05 12:30:13.574] [info] CMC::computeControls, t = 1.825
[2024-03-05 12:30:13.594] [info] CMC::computeControls, t = 1.826
[2024-03-05 12:30:13.617] [info] CMC::computeControls, t = 1.827
[2024-03-05 12:30:13.645] [info] CMC::computeControls, t = 1.828
[2024-03-05 12:30:13.661] [info] CMC::computeControls, t = 1.829
[2024-03-05 12:30:13.682] [info] CMC::computeControls, t = 1.83
[2024-03-05 12:30:13.700] [info] CMC::computeControls, t = 1.831
[2024-03-05 12:30:13.726] [info] CMC::computeControls, t = 1.832
[2024-03-05 12:30:13.744] [info] CMC::computeControls, t = 1.833
[2024-03-05 12:30:13.760] [info] CMC::computeControls, t = 1.834
[2024-03-05 12:30:13.778] [info] CMC::computeControls, t = 1.835
[2024-03-05 12:30:13.794] [info] CMC::computeControls, t = 1.836
[2024-03-05 12:30:13.812] [info] CMC::computeControls, t = 1.837
[2024-03-05 12:30:13.840] [info] CMC::computeControls, t = 1.838
[2024-03-05 12:30:13.859] [info] CMC::computeControls, t = 1.839
[2024-03-05 12:30:13.882] [info] CMC::computeControls, t = 1.84
[2024-03-05 12:30:13.899] [info] CMC::computeControls, t = 1.841
[2024-03-05 12:30:13.939] [info] CMC::computeControls, t = 1.842
[2024-03-05 12:30:13.955] [info] CMC::computeControls, t = 1.843
[2024-03-05 12:30:13.970] [info] CMC::computeControls, t = 1.844
[2024-03-05 12:30:13.985] [info] CMC::computeControls, t = 1.845
[2024-03-05 12:30:14.001] [info] CMC::computeControls, t = 1.846
[2024-03-05 12:30:14.017] [info] CMC::computeControls, t = 1.847
[2024-03-05 12:30:14.041] [info] CMC::computeControls, t = 1.848
[2024-03-05 12:30:14.066] [info] CMC::computeControls, t = 1.849
[2024-03-05 12:30:14.083] [info] CMC::computeControls, t = 1.85
[2024-03-05 12:30:14.099] [info] CMC::computeControls, t = 1.851
[2024-03-05 12:30:14.115] [info] CMC::computeControls, t = 1.852
[2024-03-05 12:30:14.132] [info] CMC::computeControls, t = 1.853
[2024-03-05 12:30:14.150] [info] CMC::computeControls, t = 1.854
[2024-03-05 12:30:14.166] [info] CMC::computeControls, t = 1.855
[2024-03-05 12:30:14.183] [info] CMC::computeControls, t = 1.856
[2024-03-05 12:30:14.199] [info] CMC::computeControls, t = 1.857
[2024-03-05 12:30:14.214] [info] CMC::computeControls, t = 1.858
[2024-03-05 12:30:14.238] [info] CMC::computeControls, t = 1.859
[2024-03-05 12:30:14.275] [info] CMC::computeControls, t = 1.86
[2024-03-05 12:30:14.299] [info] CMC::computeControls, t = 1.861
[2024-03-05 12:30:14.315] [info] CMC::computeControls, t = 1.862
[2024-03-05 12:30:14.338] [info] CMC::computeControls, t = 1.863
[2024-03-05 12:30:14.365] [info] CMC::computeControls, t = 1.864
[2024-03-05 12:30:14.396] [info] CMC::computeControls, t = 1.865
[2024-03-05 12:30:14.422] [info] CMC::computeControls, t = 1.866
[2024-03-05 12:30:14.458] [info] CMC::computeControls, t = 1.867
[2024-03-05 12:30:14.491] [info] CMC::computeControls, t = 1.868
[2024-03-05 12:30:14.509] [info] CMC::computeControls, t = 1.869
[2024-03-05 12:30:14.533] [info] CMC::computeControls, t = 1.87
[2024-03-05 12:30:14.548] [info] CMC::computeControls, t = 1.871
[2024-03-05 12:30:14.575] [info] CMC::computeControls, t = 1.872
[2024-03-05 12:30:14.600] [info] CMC::computeControls, t = 1.873
[2024-03-05 12:30:14.627] [info] CMC::computeControls, t = 1.874
[2024-03-05 12:30:14.642] [info] CMC::computeControls, t = 1.875
[2024-03-05 12:30:14.676] [info] CMC::computeControls, t = 1.876
[2024-03-05 12:30:14.691] [info] CMC::computeControls, t = 1.877
[2024-03-05 12:30:14.709] [info] CMC::computeControls, t = 1.878
[2024-03-05 12:30:14.729] [info] CMC::computeControls, t = 1.879
[2024-03-05 12:30:14.763] [info] CMC::computeControls, t = 1.88
[2024-03-05 12:30:14.779] [info] CMC::computeControls, t = 1.881
[2024-03-05 12:30:14.807] [info] CMC::computeControls, t = 1.882
[2024-03-05 12:30:14.823] [info] CMC::computeControls, t = 1.883
[2024-03-05 12:30:14.838] [info] CMC::computeControls, t = 1.884
[2024-03-05 12:30:14.860] [info] CMC::computeControls, t = 1.885
[2024-03-05 12:30:14.882] [info] CMC::computeControls, t = 1.886
[2024-03-05 12:30:14.898] [info] CMC::computeControls, t = 1.887
[2024-03-05 12:30:14.915] [info] CMC::computeControls, t = 1.888
[2024-03-05 12:30:14.941] [info] CMC::computeControls, t = 1.889
[2024-03-05 12:30:14.964] [info] CMC::computeControls, t = 1.89
[2024-03-05 12:30:14.979] [info] CMC::computeControls, t = 1.891
[2024-03-05 12:30:15.002] [info] CMC::computeControls, t = 1.892
[2024-03-05 12:30:15.018] [info] CMC::computeControls, t = 1.893
[2024-03-05 12:30:15.033] [info] CMC::computeControls, t = 1.894
[2024-03-05 12:30:15.049] [info] CMC::computeControls, t = 1.895
[2024-03-05 12:30:15.069] [info] CMC::computeControls, t = 1.896
[2024-03-05 12:30:15.099] [info] CMC::computeControls, t = 1.897
[2024-03-05 12:30:15.118] [info] CMC::computeControls, t = 1.898
[2024-03-05 12:30:15.141] [info] CMC::computeControls, t = 1.899
[2024-03-05 12:30:15.156] [info] CMC::computeControls, t = 1.9
[2024-03-05 12:30:15.176] [info] CMC::computeControls, t = 1.90100
[2024-03-05 12:30:15.202] [info] CMC::computeControls, t = 1.90200
[2024-03-05 12:30:15.223] [info] CMC::computeControls, t = 1.90300
[2024-03-05 12:30:15.238] [info] CMC::computeControls, t = 1.90400
[2024-03-05 12:30:15.260] [info] CMC::computeControls, t = 1.90500
[2024-03-05 12:30:15.279] [info] CMC::computeControls, t = 1.90600
[2024-03-05 12:30:15.300] [info] CMC::computeControls, t = 1.90700
[2024-03-05 12:30:15.316] [info] CMC::computeControls, t = 1.90800
[2024-03-05 12:30:15.332] [info] CMC::computeControls, t = 1.90900
[2024-03-05 12:30:15.347] [info] CMC::computeControls, t = 1.91
[2024-03-05 12:30:15.373] [info] CMC::computeControls, t = 1.911
[2024-03-05 12:30:15.389] [info] CMC::computeControls, t = 1.912
[2024-03-05 12:30:15.411] [info] CMC::computeControls, t = 1.913
[2024-03-05 12:30:15.435] [info] CMC::computeControls, t = 1.914
[2024-03-05 12:30:15.461] [info] CMC::computeControls, t = 1.915
[2024-03-05 12:30:15.487] [info] CMC::computeControls, t = 1.916
[2024-03-05 12:30:15.525] [info] CMC::computeControls, t = 1.917
[2024-03-05 12:30:15.557] [info] CMC::computeControls, t = 1.918
[2024-03-05 12:30:15.592] [info] CMC::computeControls, t = 1.919
[2024-03-05 12:30:15.616] [info] CMC::computeControls, t = 1.92
[2024-03-05 12:30:15.631] [info] CMC::computeControls, t = 1.921
[2024-03-05 12:30:15.659] [info] CMC::computeControls, t = 1.922
[2024-03-05 12:30:15.685] [info] CMC::computeControls, t = 1.923
[2024-03-05 12:30:15.702] [info] CMC::computeControls, t = 1.924
[2024-03-05 12:30:15.719] [info] CMC::computeControls, t = 1.925
[2024-03-05 12:30:15.735] [info] CMC::computeControls, t = 1.926
[2024-03-05 12:30:15.752] [info] CMC::computeControls, t = 1.927
[2024-03-05 12:30:15.770] [info] CMC::computeControls, t = 1.928
[2024-03-05 12:30:15.786] [info] CMC::computeControls, t = 1.929
[2024-03-05 12:30:15.802] [info] CMC::computeControls, t = 1.93
[2024-03-05 12:30:15.826] [info] CMC::computeControls, t = 1.931
[2024-03-05 12:30:15.849] [info] CMC::computeControls, t = 1.932
[2024-03-05 12:30:15.867] [info] CMC::computeControls, t = 1.933
[2024-03-05 12:30:15.891] [info] CMC::computeControls, t = 1.934
[2024-03-05 12:30:15.918] [info] CMC::computeControls, t = 1.935
[2024-03-05 12:30:15.934] [info] CMC::computeControls, t = 1.936
[2024-03-05 12:30:15.958] [info] CMC::computeControls, t = 1.937
[2024-03-05 12:30:15.973] [info] CMC::computeControls, t = 1.938
[2024-03-05 12:30:15.989] [info] CMC::computeControls, t = 1.939
[2024-03-05 12:30:16.005] [info] CMC::computeControls, t = 1.94
[2024-03-05 12:30:16.021] [info] CMC::computeControls, t = 1.941
[2024-03-05 12:30:16.043] [info] CMC::computeControls, t = 1.942
[2024-03-05 12:30:16.067] [info] CMC::computeControls, t = 1.943
[2024-03-05 12:30:16.083] [info] CMC::computeControls, t = 1.944
[2024-03-05 12:30:16.118] [info] CMC::computeControls, t = 1.945
[2024-03-05 12:30:16.135] [info] CMC::computeControls, t = 1.946
[2024-03-05 12:30:16.161] [info] CMC::computeControls, t = 1.947
[2024-03-05 12:30:16.185] [info] CMC::computeControls, t = 1.948
[2024-03-05 12:30:16.211] [info] CMC::computeControls, t = 1.949
[2024-03-05 12:30:16.234] [info] CMC::computeControls, t = 1.95
[2024-03-05 12:30:16.264] [info] CMC::computeControls, t = 1.951
[2024-03-05 12:30:16.290] [info] CMC::computeControls, t = 1.952
[2024-03-05 12:30:16.307] [info] CMC::computeControls, t = 1.953
[2024-03-05 12:30:16.322] [info] CMC::computeControls, t = 1.954
[2024-03-05 12:30:16.337] [info] CMC::computeControls, t = 1.955
[2024-03-05 12:30:16.353] [info] CMC::computeControls, t = 1.956
[2024-03-05 12:30:16.385] [info] CMC::computeControls, t = 1.957
[2024-03-05 12:30:16.402] [info] CMC::computeControls, t = 1.958
[2024-03-05 12:30:16.424] [info] CMC::computeControls, t = 1.959
[2024-03-05 12:30:16.441] [info] CMC::computeControls, t = 1.96
[2024-03-05 12:30:16.461] [info] CMC::computeControls, t = 1.961
[2024-03-05 12:30:16.486] [info] CMC::computeControls, t = 1.962
[2024-03-05 12:30:16.502] [info] CMC::computeControls, t = 1.963
[2024-03-05 12:30:16.517] [info] CMC::computeControls, t = 1.964
[2024-03-05 12:30:16.541] [info] CMC::computeControls, t = 1.965
[2024-03-05 12:30:16.556] [info] CMC::computeControls, t = 1.966
[2024-03-05 12:30:16.571] [info] CMC::computeControls, t = 1.967
[2024-03-05 12:30:16.595] [info] CMC::computeControls, t = 1.968
[2024-03-05 12:30:16.616] [info] CMC::computeControls, t = 1.969
[2024-03-05 12:30:16.631] [info] CMC::computeControls, t = 1.97
[2024-03-05 12:30:16.647] [info] CMC::computeControls, t = 1.971
[2024-03-05 12:30:16.665] [info] CMC::computeControls, t = 1.972
[2024-03-05 12:30:16.684] [info] CMC::computeControls, t = 1.973
[2024-03-05 12:30:16.700] [info] CMC::computeControls, t = 1.974
[2024-03-05 12:30:16.716] [info] CMC::computeControls, t = 1.975
[2024-03-05 12:30:16.731] [info] CMC::computeControls, t = 1.976
[2024-03-05 12:30:16.747] [info] CMC::computeControls, t = 1.977
[2024-03-05 12:30:16.770] [info] CMC::computeControls, t = 1.978
[2024-03-05 12:30:16.792] [info] CMC::computeControls, t = 1.979
[2024-03-05 12:30:16.817] [info] CMC::computeControls, t = 1.98
[2024-03-05 12:30:16.846] [info] CMC::computeControls, t = 1.981
[2024-03-05 12:30:16.871] [info] CMC::computeControls, t = 1.982
[2024-03-05 12:30:16.892] [info] CMC::computeControls, t = 1.983
[2024-03-05 12:30:16.907] [info] CMC::computeControls, t = 1.984
[2024-03-05 12:30:16.923] [info] CMC::computeControls, t = 1.985
[2024-03-05 12:30:16.939] [info] CMC::computeControls, t = 1.986
[2024-03-05 12:30:16.963] [info] CMC::computeControls, t = 1.987
[2024-03-05 12:30:16.980] [info] CMC::computeControls, t = 1.988
[2024-03-05 12:30:17.011] [info] CMC::computeControls, t = 1.989
[2024-03-05 12:30:17.049] [info] CMC::computeControls, t = 1.99
[2024-03-05 12:30:17.072] [info] CMC::computeControls, t = 1.991
[2024-03-05 12:30:17.087] [info] CMC::computeControls, t = 1.992
[2024-03-05 12:30:17.112] [info] CMC::computeControls, t = 1.993
[2024-03-05 12:30:17.128] [info] CMC::computeControls, t = 1.994
[2024-03-05 12:30:17.150] [info] CMC::computeControls, t = 1.995
[2024-03-05 12:30:17.166] [info] CMC::computeControls, t = 1.996
[2024-03-05 12:30:17.182] [info] CMC::computeControls, t = 1.997
[2024-03-05 12:30:17.199] [info] CMC::computeControls, t = 1.998
[2024-03-05 12:30:17.218] [info] CMC::computeControls, t = 1.999
[2024-03-05 12:30:17.237] [info] CMC::computeControls, t = 2.0
[2024-03-05 12:30:17.256] [info] CMC::computeControls, t = 2.00100
[2024-03-05 12:30:17.276] [info] CMC::computeControls, t = 2.00200
[2024-03-05 12:30:17.294] [info] CMC::computeControls, t = 2.00300
[2024-03-05 12:30:17.311] [info] CMC::computeControls, t = 2.00400
[2024-03-05 12:30:17.329] [info] CMC::computeControls, t = 2.00500
[2024-03-05 12:30:17.345] [info] CMC::computeControls, t = 2.00600
[2024-03-05 12:30:17.363] [info] CMC::computeControls, t = 2.00700
[2024-03-05 12:30:17.381] [info] CMC::computeControls, t = 2.00800
[2024-03-05 12:30:17.398] [info] CMC::computeControls, t = 2.00900
[2024-03-05 12:30:17.414] [info] CMC::computeControls, t = 2.01
[2024-03-05 12:30:17.437] [info] CMC::computeControls, t = 2.011
[2024-03-05 12:30:17.454] [info] CMC::computeControls, t = 2.012
[2024-03-05 12:30:17.478] [info] CMC::computeControls, t = 2.013
[2024-03-05 12:30:17.499] [info] CMC::computeControls, t = 2.014
[2024-03-05 12:30:17.514] [info] CMC::computeControls, t = 2.015
[2024-03-05 12:30:17.537] [info] CMC::computeControls, t = 2.016
[2024-03-05 12:30:17.552] [info] CMC::computeControls, t = 2.017
[2024-03-05 12:30:17.568] [info] CMC::computeControls, t = 2.018
[2024-03-05 12:30:17.591] [info] CMC::computeControls, t = 2.019
[2024-03-05 12:30:17.611] [info] CMC::computeControls, t = 2.02
[2024-03-05 12:30:17.634] [info] CMC::computeControls, t = 2.021
[2024-03-05 12:30:17.649] [info] CMC::computeControls, t = 2.022
[2024-03-05 12:30:17.676] [info] CMC::computeControls, t = 2.023
[2024-03-05 12:30:17.707] [info] CMC::computeControls, t = 2.024
[2024-03-05 12:30:17.725] [info] CMC::computeControls, t = 2.025
[2024-03-05 12:30:17.759] [info] CMC::computeControls, t = 2.026
[2024-03-05 12:30:17.783] [info] CMC::computeControls, t = 2.027
[2024-03-05 12:30:17.808] [info] CMC::computeControls, t = 2.028
[2024-03-05 12:30:17.832] [info] CMC::computeControls, t = 2.029
[2024-03-05 12:30:17.860] [info] CMC::computeControls, t = 2.03
[2024-03-05 12:30:17.893] [info] CMC::computeControls, t = 2.031
[2024-03-05 12:30:17.913] [info] CMC::computeControls, t = 2.032
[2024-03-05 12:30:17.929] [info] CMC::computeControls, t = 2.033
[2024-03-05 12:30:17.944] [info] CMC::computeControls, t = 2.034
[2024-03-05 12:30:17.973] [info] CMC::computeControls, t = 2.035
[2024-03-05 12:30:17.991] [info] CMC::computeControls, t = 2.036
[2024-03-05 12:30:18.007] [info] CMC::computeControls, t = 2.037
[2024-03-05 12:30:18.031] [info] CMC::computeControls, t = 2.038
[2024-03-05 12:30:18.047] [info] CMC::computeControls, t = 2.039
[2024-03-05 12:30:18.069] [info] CMC::computeControls, t = 2.04
[2024-03-05 12:30:18.094] [info] CMC::computeControls, t = 2.041
[2024-03-05 12:30:18.118] [info] CMC::computeControls, t = 2.042
[2024-03-05 12:30:18.146] [info] CMC::computeControls, t = 2.043
[2024-03-05 12:30:18.162] [info] CMC::computeControls, t = 2.044
[2024-03-05 12:30:18.178] [info] CMC::computeControls, t = 2.045
[2024-03-05 12:30:18.193] [info] CMC::computeControls, t = 2.046
[2024-03-05 12:30:18.215] [info] CMC::computeControls, t = 2.047
[2024-03-05 12:30:18.243] [info] CMC::computeControls, t = 2.048
[2024-03-05 12:30:18.267] [info] CMC::computeControls, t = 2.049
[2024-03-05 12:30:18.282] [info] CMC::computeControls, t = 2.05
[2024-03-05 12:30:18.297] [info] CMC::computeControls, t = 2.051
[2024-03-05 12:30:18.313] [info] CMC::computeControls, t = 2.052
[2024-03-05 12:30:18.329] [info] CMC::computeControls, t = 2.053
[2024-03-05 12:30:18.345] [info] CMC::computeControls, t = 2.054
[2024-03-05 12:30:18.361] [info] CMC::computeControls, t = 2.055
[2024-03-05 12:30:18.376] [info] CMC::computeControls, t = 2.056
[2024-03-05 12:30:18.392] [info] CMC::computeControls, t = 2.057
[2024-03-05 12:30:18.411] [info] CMC::computeControls, t = 2.058
[2024-03-05 12:30:18.427] [info] CMC::computeControls, t = 2.059
[2024-03-05 12:30:18.443] [info] CMC::computeControls, t = 2.06
[2024-03-05 12:30:18.462] [info] CMC::computeControls, t = 2.061
[2024-03-05 12:30:18.477] [info] CMC::computeControls, t = 2.062
[2024-03-05 12:30:18.493] [info] CMC::computeControls, t = 2.063
[2024-03-05 12:30:18.510] [info] CMC::computeControls, t = 2.064
[2024-03-05 12:30:18.526] [info] CMC::computeControls, t = 2.065
[2024-03-05 12:30:18.543] [info] CMC::computeControls, t = 2.066
[2024-03-05 12:30:18.566] [info] CMC::computeControls, t = 2.067
[2024-03-05 12:30:18.598] [info] CMC::computeControls, t = 2.068
[2024-03-05 12:30:18.621] [info] CMC::computeControls, t = 2.069
[2024-03-05 12:30:18.636] [info] CMC::computeControls, t = 2.07
[2024-03-05 12:30:18.656] [info] CMC::computeControls, t = 2.071
[2024-03-05 12:30:18.682] [info] CMC::computeControls, t = 2.072
[2024-03-05 12:30:18.715] [info] CMC::computeControls, t = 2.073
[2024-03-05 12:30:18.741] [info] CMC::computeControls, t = 2.074
[2024-03-05 12:30:18.765] [info] CMC::computeControls, t = 2.075
[2024-03-05 12:30:18.783] [info] CMC::computeControls, t = 2.076
[2024-03-05 12:30:18.806] [info] CMC::computeControls, t = 2.077
[2024-03-05 12:30:18.824] [info] CMC::computeControls, t = 2.078
[2024-03-05 12:30:18.841] [info] CMC::computeControls, t = 2.079
[2024-03-05 12:30:18.859] [info] CMC::computeControls, t = 2.08
[2024-03-05 12:30:18.875] [info] CMC::computeControls, t = 2.081
[2024-03-05 12:30:18.892] [info] CMC::computeControls, t = 2.082
[2024-03-05 12:30:18.911] [info] CMC::computeControls, t = 2.083
[2024-03-05 12:30:18.928] [info] CMC::computeControls, t = 2.084
[2024-03-05 12:30:18.944] [info] CMC::computeControls, t = 2.085
[2024-03-05 12:30:18.961] [info] CMC::computeControls, t = 2.086
[2024-03-05 12:30:18.978] [info] CMC::computeControls, t = 2.087
[2024-03-05 12:30:18.994] [info] CMC::computeControls, t = 2.088
[2024-03-05 12:30:19.015] [info] CMC::computeControls, t = 2.089
[2024-03-05 12:30:19.033] [info] CMC::computeControls, t = 2.09
[2024-03-05 12:30:19.049] [info] CMC::computeControls, t = 2.091
[2024-03-05 12:30:19.066] [info] CMC::computeControls, t = 2.092
[2024-03-05 12:30:19.083] [info] CMC::computeControls, t = 2.093
[2024-03-05 12:30:19.100] [info] CMC::computeControls, t = 2.094
[2024-03-05 12:30:19.116] [info] CMC::computeControls, t = 2.095
[2024-03-05 12:30:19.133] [info] CMC::computeControls, t = 2.096
[2024-03-05 12:30:19.149] [info] CMC::computeControls, t = 2.097
[2024-03-05 12:30:19.166] [info] CMC::computeControls, t = 2.098
[2024-03-05 12:30:19.182] [info] CMC::computeControls, t = 2.099
[2024-03-05 12:30:19.199] [info] CMC::computeControls, t = 2.1
[2024-03-05 12:30:19.216] [info] CMC::computeControls, t = 2.10100
[2024-03-05 12:30:19.232] [info] CMC::computeControls, t = 2.10200
[2024-03-05 12:30:19.248] [info] CMC::computeControls, t = 2.10300
[2024-03-05 12:30:19.265] [info] CMC::computeControls, t = 2.10400
[2024-03-05 12:30:19.282] [info] CMC::computeControls, t = 2.10500
[2024-03-05 12:30:19.298] [info] CMC::computeControls, t = 2.10600
[2024-03-05 12:30:19.315] [info] CMC::computeControls, t = 2.10700
[2024-03-05 12:30:19.332] [info] CMC::computeControls, t = 2.10800
[2024-03-05 12:30:19.348] [info] CMC::computeControls, t = 2.10900
[2024-03-05 12:30:19.365] [info] CMC::computeControls, t = 2.11
[2024-03-05 12:30:19.381] [info] CMC::computeControls, t = 2.111
[2024-03-05 12:30:19.398] [info] CMC::computeControls, t = 2.112
[2024-03-05 12:30:19.416] [info] CMC::computeControls, t = 2.113
[2024-03-05 12:30:19.436] [info] CMC::computeControls, t = 2.114
[2024-03-05 12:30:19.453] [info] CMC::computeControls, t = 2.115
[2024-03-05 12:30:19.469] [info] CMC::computeControls, t = 2.116
[2024-03-05 12:30:19.493] [info] CMC::computeControls, t = 2.117
[2024-03-05 12:30:19.510] [info] CMC::computeControls, t = 2.118
[2024-03-05 12:30:19.527] [info] CMC::computeControls, t = 2.119
[2024-03-05 12:30:19.544] [info] CMC::computeControls, t = 2.12
[2024-03-05 12:30:19.561] [info] CMC::computeControls, t = 2.121
[2024-03-05 12:30:19.578] [info] CMC::computeControls, t = 2.122
[2024-03-05 12:30:19.594] [info] CMC::computeControls, t = 2.123
[2024-03-05 12:30:19.611] [info] CMC::computeControls, t = 2.124
[2024-03-05 12:30:19.628] [info] CMC::computeControls, t = 2.125
[2024-03-05 12:30:19.645] [info] CMC::computeControls, t = 2.126
[2024-03-05 12:30:19.663] [info] CMC::computeControls, t = 2.127
[2024-03-05 12:30:19.679] [info] CMC::computeControls, t = 2.128
[2024-03-05 12:30:19.696] [info] CMC::computeControls, t = 2.129
[2024-03-05 12:30:19.713] [info] CMC::computeControls, t = 2.13
[2024-03-05 12:30:19.729] [info] CMC::computeControls, t = 2.131
[2024-03-05 12:30:19.752] [info] CMC::computeControls, t = 2.132
[2024-03-05 12:30:19.769] [info] CMC::computeControls, t = 2.133
[2024-03-05 12:30:19.786] [info] CMC::computeControls, t = 2.134
[2024-03-05 12:30:19.802] [info] CMC::computeControls, t = 2.135
[2024-03-05 12:30:19.819] [info] CMC::computeControls, t = 2.136
[2024-03-05 12:30:19.836] [info] CMC::computeControls, t = 2.137
[2024-03-05 12:30:19.852] [info] CMC::computeControls, t = 2.138
[2024-03-05 12:30:19.869] [info] CMC::computeControls, t = 2.139
[2024-03-05 12:30:19.886] [info] CMC::computeControls, t = 2.14
[2024-03-05 12:30:19.903] [info] CMC::computeControls, t = 2.141
[2024-03-05 12:30:19.919] [info] CMC::computeControls, t = 2.142
[2024-03-05 12:30:19.936] [info] CMC::computeControls, t = 2.143
[2024-03-05 12:30:19.953] [info] CMC::computeControls, t = 2.144
[2024-03-05 12:30:19.971] [info] CMC::computeControls, t = 2.145
[2024-03-05 12:30:19.987] [info] CMC::computeControls, t = 2.146
[2024-03-05 12:30:20.004] [info] CMC::computeControls, t = 2.147
[2024-03-05 12:30:20.027] [info] CMC::computeControls, t = 2.148
[2024-03-05 12:30:20.055] [info] CMC::computeControls, t = 2.149
[2024-03-05 12:30:20.072] [info] CMC::computeControls, t = 2.15
[2024-03-05 12:30:20.089] [info] CMC::computeControls, t = 2.151
[2024-03-05 12:30:20.106] [info] CMC::computeControls, t = 2.152
[2024-03-05 12:30:20.123] [info] CMC::computeControls, t = 2.153
[2024-03-05 12:30:20.139] [info] CMC::computeControls, t = 2.154
[2024-03-05 12:30:20.156] [info] CMC::computeControls, t = 2.155
[2024-03-05 12:30:20.172] [info] CMC::computeControls, t = 2.156
[2024-03-05 12:30:20.190] [info] CMC::computeControls, t = 2.157
[2024-03-05 12:30:20.207] [info] CMC::computeControls, t = 2.158
[2024-03-05 12:30:20.226] [info] CMC::computeControls, t = 2.159
[2024-03-05 12:30:20.249] [info] CMC::computeControls, t = 2.16
[2024-03-05 12:30:20.282] [info] CMC::computeControls, t = 2.161
[2024-03-05 12:30:20.319] [info] CMC::computeControls, t = 2.162
[2024-03-05 12:30:20.342] [info] CMC::computeControls, t = 2.163
[2024-03-05 12:30:20.357] [info] CMC::computeControls, t = 2.164
[2024-03-05 12:30:20.374] [info] CMC::computeControls, t = 2.165
[2024-03-05 12:30:20.390] [info] CMC::computeControls, t = 2.166
[2024-03-05 12:30:20.410] [info] CMC::computeControls, t = 2.167
[2024-03-05 12:30:20.427] [info] CMC::computeControls, t = 2.168
[2024-03-05 12:30:20.443] [info] CMC::computeControls, t = 2.169
[2024-03-05 12:30:20.463] [info] CMC::computeControls, t = 2.17
[2024-03-05 12:30:20.480] [info] CMC::computeControls, t = 2.171
[2024-03-05 12:30:20.496] [info] CMC::computeControls, t = 2.172
[2024-03-05 12:30:20.520] [info] CMC::computeControls, t = 2.173
[2024-03-05 12:30:20.546] [info] CMC::computeControls, t = 2.174
[2024-03-05 12:30:20.573] [info] CMC::computeControls, t = 2.175
[2024-03-05 12:30:20.591] [info] CMC::computeControls, t = 2.176
[2024-03-05 12:30:20.624] [info] CMC::computeControls, t = 2.177
[2024-03-05 12:30:20.649] [info] CMC::computeControls, t = 2.178
[2024-03-05 12:30:20.665] [info] CMC::computeControls, t = 2.179
[2024-03-05 12:30:20.692] [info] CMC::computeControls, t = 2.18
[2024-03-05 12:30:20.713] [info] CMC::computeControls, t = 2.181
[2024-03-05 12:30:20.743] [info] CMC::computeControls, t = 2.182
[2024-03-05 12:30:20.765] [info] CMC::computeControls, t = 2.183
[2024-03-05 12:30:20.791] [info] CMC::computeControls, t = 2.184
[2024-03-05 12:30:20.817] [info] CMC::computeControls, t = 2.185
[2024-03-05 12:30:20.842] [info] CMC::computeControls, t = 2.186
[2024-03-05 12:30:20.858] [info] CMC::computeControls, t = 2.187
[2024-03-05 12:30:20.873] [info] CMC::computeControls, t = 2.188
[2024-03-05 12:30:20.890] [info] CMC::computeControls, t = 2.189
[2024-03-05 12:30:20.909] [info] CMC::computeControls, t = 2.19
[2024-03-05 12:30:20.932] [info] CMC::computeControls, t = 2.191
[2024-03-05 12:30:20.947] [info] CMC::computeControls, t = 2.192
[2024-03-05 12:30:20.972] [info] CMC::computeControls, t = 2.193
[2024-03-05 12:30:20.988] [info] CMC::computeControls, t = 2.194
[2024-03-05 12:30:21.006] [info] CMC::computeControls, t = 2.195
[2024-03-05 12:30:21.022] [info] CMC::computeControls, t = 2.196
[2024-03-05 12:30:21.050] [info] CMC::computeControls, t = 2.197
[2024-03-05 12:30:21.074] [info] CMC::computeControls, t = 2.198
[2024-03-05 12:30:21.111] [info] CMC::computeControls, t = 2.199
[2024-03-05 12:30:21.128] [info] CMC::computeControls, t = 2.2
[2024-03-05 12:30:21.144] [info] CMC::computeControls, t = 2.20100
[2024-03-05 12:30:21.165] [info] CMC::computeControls, t = 2.20200
[2024-03-05 12:30:21.193] [info] CMC::computeControls, t = 2.20300
[2024-03-05 12:30:21.221] [info] CMC::computeControls, t = 2.20400
[2024-03-05 12:30:21.238] [info] CMC::computeControls, t = 2.20500
[2024-03-05 12:30:21.254] [info] CMC::computeControls, t = 2.20600
[2024-03-05 12:30:21.270] [info] CMC::computeControls, t = 2.20700
[2024-03-05 12:30:21.287] [info] CMC::computeControls, t = 2.20800
[2024-03-05 12:30:21.303] [info] CMC::computeControls, t = 2.20900
[2024-03-05 12:30:21.319] [info] CMC::computeControls, t = 2.21
[2024-03-05 12:30:21.335] [info] CMC::computeControls, t = 2.211
[2024-03-05 12:30:21.374] [info] CMC::computeControls, t = 2.212
[2024-03-05 12:30:21.395] [info] CMC::computeControls, t = 2.213
[2024-03-05 12:30:21.411] [info] CMC::computeControls, t = 2.214
[2024-03-05 12:30:21.437] [info] CMC::computeControls, t = 2.215
[2024-03-05 12:30:21.453] [info] CMC::computeControls, t = 2.216
[2024-03-05 12:30:21.469] [info] CMC::computeControls, t = 2.217
[2024-03-05 12:30:21.485] [info] CMC::computeControls, t = 2.218
[2024-03-05 12:30:21.508] [info] CMC::computeControls, t = 2.219
[2024-03-05 12:30:21.524] [info] CMC::computeControls, t = 2.22
[2024-03-05 12:30:21.544] [info] CMC::computeControls, t = 2.221
[2024-03-05 12:30:21.568] [info] CMC::computeControls, t = 2.222
[2024-03-05 12:30:21.584] [info] CMC::computeControls, t = 2.223
[2024-03-05 12:30:21.600] [info] CMC::computeControls, t = 2.224
[2024-03-05 12:30:21.617] [info] CMC::computeControls, t = 2.225
[2024-03-05 12:30:21.653] [info] CMC::computeControls, t = 2.226
[2024-03-05 12:30:21.670] [info] CMC::computeControls, t = 2.227
[2024-03-05 12:30:21.706] [info] CMC::computeControls, t = 2.228
[2024-03-05 12:30:21.724] [info] CMC::computeControls, t = 2.229
[2024-03-05 12:30:21.750] [info] CMC::computeControls, t = 2.23
[2024-03-05 12:30:21.770] [info] CMC::computeControls, t = 2.231
[2024-03-05 12:30:21.796] [info] CMC::computeControls, t = 2.232
[2024-03-05 12:30:21.822] [info] CMC::computeControls, t = 2.233
[2024-03-05 12:30:21.848] [info] CMC::computeControls, t = 2.234
[2024-03-05 12:30:21.877] [info] CMC::computeControls, t = 2.235
[2024-03-05 12:30:21.904] [info] CMC::computeControls, t = 2.236
[2024-03-05 12:30:21.919] [info] CMC::computeControls, t = 2.237
[2024-03-05 12:30:21.935] [info] CMC::computeControls, t = 2.238
[2024-03-05 12:30:21.958] [info] CMC::computeControls, t = 2.239
[2024-03-05 12:30:21.975] [info] CMC::computeControls, t = 2.24
[2024-03-05 12:30:21.991] [info] CMC::computeControls, t = 2.241
[2024-03-05 12:30:22.008] [info] CMC::computeControls, t = 2.242
[2024-03-05 12:30:22.025] [info] CMC::computeControls, t = 2.243
[2024-03-05 12:30:22.041] [info] CMC::computeControls, t = 2.244
[2024-03-05 12:30:22.058] [info] CMC::computeControls, t = 2.245
[2024-03-05 12:30:22.088] [info] CMC::computeControls, t = 2.246
[2024-03-05 12:30:22.106] [info] CMC::computeControls, t = 2.247
[2024-03-05 12:30:22.122] [info] CMC::computeControls, t = 2.248
[2024-03-05 12:30:22.142] [info] CMC::computeControls, t = 2.249
[2024-03-05 12:30:22.175] [info] CMC::computeControls, t = 2.25
[2024-03-05 12:30:22.197] [info] CMC::computeControls, t = 2.251
[2024-03-05 12:30:22.223] [info] CMC::computeControls, t = 2.252
[2024-03-05 12:30:22.238] [info] CMC::computeControls, t = 2.253
[2024-03-05 12:30:22.254] [info] CMC::computeControls, t = 2.254
[2024-03-05 12:30:22.283] [info] CMC::computeControls, t = 2.255
[2024-03-05 12:30:22.300] [info] CMC::computeControls, t = 2.256
[2024-03-05 12:30:22.326] [info] CMC::computeControls, t = 2.257
[2024-03-05 12:30:22.348] [info] CMC::computeControls, t = 2.258
[2024-03-05 12:30:22.364] [info] CMC::computeControls, t = 2.259
[2024-03-05 12:30:22.380] [info] CMC::computeControls, t = 2.26
[2024-03-05 12:30:22.396] [info] CMC::computeControls, t = 2.261
[2024-03-05 12:30:22.413] [info] CMC::computeControls, t = 2.262
[2024-03-05 12:30:22.429] [info] CMC::computeControls, t = 2.263
[2024-03-05 12:30:22.456] [info] CMC::computeControls, t = 2.264
[2024-03-05 12:30:22.479] [info] CMC::computeControls, t = 2.265
[2024-03-05 12:30:22.504] [info] CMC::computeControls, t = 2.266
[2024-03-05 12:30:22.528] [info] CMC::computeControls, t = 2.267
[2024-03-05 12:30:22.557] [info] CMC::computeControls, t = 2.268
[2024-03-05 12:30:22.578] [info] CMC::computeControls, t = 2.269
[2024-03-05 12:30:22.610] [info] CMC::computeControls, t = 2.27
[2024-03-05 12:30:22.629] [info] CMC::computeControls, t = 2.271
[2024-03-05 12:30:22.655] [info] CMC::computeControls, t = 2.272
[2024-03-05 12:30:22.672] [info] CMC::computeControls, t = 2.273
[2024-03-05 12:30:22.693] [info] CMC::computeControls, t = 2.274
[2024-03-05 12:30:22.725] [info] CMC::computeControls, t = 2.275
[2024-03-05 12:30:22.742] [info] CMC::computeControls, t = 2.276
[2024-03-05 12:30:22.763] [info] CMC::computeControls, t = 2.277
[2024-03-05 12:30:22.788] [info] CMC::computeControls, t = 2.278
[2024-03-05 12:30:22.823] [info] CMC::computeControls, t = 2.279
[2024-03-05 12:30:22.851] [info] CMC::computeControls, t = 2.28
[2024-03-05 12:30:22.871] [info] CMC::computeControls, t = 2.281
[2024-03-05 12:30:22.909] [info] CMC::computeControls, t = 2.282
[2024-03-05 12:30:22.930] [info] CMC::computeControls, t = 2.283
[2024-03-05 12:30:22.963] [info] CMC::computeControls, t = 2.284
[2024-03-05 12:30:23.009] [info] CMC::computeControls, t = 2.285
[2024-03-05 12:30:23.036] [info] CMC::computeControls, t = 2.286
[2024-03-05 12:30:23.057] [info] CMC::computeControls, t = 2.287
[2024-03-05 12:30:23.073] [info] CMC::computeControls, t = 2.288
[2024-03-05 12:30:23.090] [info] CMC::computeControls, t = 2.289
[2024-03-05 12:30:23.126] [info] CMC::computeControls, t = 2.29
[2024-03-05 12:30:23.149] [info] CMC::computeControls, t = 2.291
[2024-03-05 12:30:23.183] [info] CMC::computeControls, t = 2.292
[2024-03-05 12:30:23.208] [info] CMC::computeControls, t = 2.293
[2024-03-05 12:30:23.226] [info] CMC::computeControls, t = 2.294
[2024-03-05 12:30:23.243] [info] CMC::computeControls, t = 2.295
[2024-03-05 12:30:23.260] [info] CMC::computeControls, t = 2.296
[2024-03-05 12:30:23.277] [info] CMC::computeControls, t = 2.297
[2024-03-05 12:30:23.293] [info] CMC::computeControls, t = 2.298
[2024-03-05 12:30:23.310] [info] CMC::computeControls, t = 2.299
[2024-03-05 12:30:23.327] [info] CMC::computeControls, t = 2.3
[2024-03-05 12:30:23.343] [info] CMC::computeControls, t = 2.30100
[2024-03-05 12:30:23.360] [info] CMC::computeControls, t = 2.30200
[2024-03-05 12:30:23.377] [info] CMC::computeControls, t = 2.30300
[2024-03-05 12:30:23.402] [info] CMC::computeControls, t = 2.30400
[2024-03-05 12:30:23.419] [info] CMC::computeControls, t = 2.30500
[2024-03-05 12:30:23.435] [info] CMC::computeControls, t = 2.30600
[2024-03-05 12:30:23.452] [info] CMC::computeControls, t = 2.30700
[2024-03-05 12:30:23.469] [info] CMC::computeControls, t = 2.30800
[2024-03-05 12:30:23.486] [info] CMC::computeControls, t = 2.30900
[2024-03-05 12:30:23.503] [info] CMC::computeControls, t = 2.31
[2024-03-05 12:30:23.520] [info] CMC::computeControls, t = 2.311
[2024-03-05 12:30:23.537] [info] CMC::computeControls, t = 2.312
[2024-03-05 12:30:23.555] [info] CMC::computeControls, t = 2.313
[2024-03-05 12:30:23.572] [info] CMC::computeControls, t = 2.314
[2024-03-05 12:30:23.589] [info] CMC::computeControls, t = 2.315
[2024-03-05 12:30:23.606] [info] CMC::computeControls, t = 2.316
[2024-03-05 12:30:23.623] [info] CMC::computeControls, t = 2.317
[2024-03-05 12:30:23.643] [info] CMC::computeControls, t = 2.318
[2024-03-05 12:30:23.661] [info] CMC::computeControls, t = 2.319
[2024-03-05 12:30:23.683] [info] CMC::computeControls, t = 2.32
[2024-03-05 12:30:23.703] [info] CMC::computeControls, t = 2.321
[2024-03-05 12:30:23.722] [info] CMC::computeControls, t = 2.322
[2024-03-05 12:30:23.741] [info] CMC::computeControls, t = 2.323
[2024-03-05 12:30:23.759] [info] CMC::computeControls, t = 2.324
[2024-03-05 12:30:23.777] [info] CMC::computeControls, t = 2.325
[2024-03-05 12:30:23.799] [info] CMC::computeControls, t = 2.326
[2024-03-05 12:30:23.816] [info] CMC::computeControls, t = 2.327
[2024-03-05 12:30:23.833] [info] CMC::computeControls, t = 2.328
[2024-03-05 12:30:23.850] [info] CMC::computeControls, t = 2.329
[2024-03-05 12:30:23.867] [info] CMC::computeControls, t = 2.33
[2024-03-05 12:30:23.884] [info] CMC::computeControls, t = 2.331
[2024-03-05 12:30:23.901] [info] CMC::computeControls, t = 2.332
[2024-03-05 12:30:23.918] [info] CMC::computeControls, t = 2.333
[2024-03-05 12:30:23.934] [info] CMC::computeControls, t = 2.334
[2024-03-05 12:30:23.951] [info] CMC::computeControls, t = 2.335
[2024-03-05 12:30:23.968] [info] CMC::computeControls, t = 2.336
[2024-03-05 12:30:23.985] [info] CMC::computeControls, t = 2.337
[2024-03-05 12:30:24.001] [info] CMC::computeControls, t = 2.338
[2024-03-05 12:30:24.018] [info] CMC::computeControls, t = 2.339
[2024-03-05 12:30:24.044] [info] CMC::computeControls, t = 2.34
[2024-03-05 12:30:24.065] [info] CMC::computeControls, t = 2.341
[2024-03-05 12:30:24.084] [info] CMC::computeControls, t = 2.342
[2024-03-05 12:30:24.108] [info] CMC::computeControls, t = 2.343
[2024-03-05 12:30:24.131] [info] CMC::computeControls, t = 2.344
[2024-03-05 12:30:24.158] [info] CMC::computeControls, t = 2.345
[2024-03-05 12:30:24.174] [info] CMC::computeControls, t = 2.346
[2024-03-05 12:30:24.201] [info] CMC::computeControls, t = 2.347
[2024-03-05 12:30:24.222] [info] CMC::computeControls, t = 2.348
[2024-03-05 12:30:24.239] [info] CMC::computeControls, t = 2.349
[2024-03-05 12:30:24.262] [info] CMC::computeControls, t = 2.35
[2024-03-05 12:30:24.286] [info] CMC::computeControls, t = 2.351
[2024-03-05 12:30:24.314] [info] CMC::computeControls, t = 2.352
[2024-03-05 12:30:24.340] [info] CMC::computeControls, t = 2.353
[2024-03-05 12:30:24.356] [info] CMC::computeControls, t = 2.354
[2024-03-05 12:30:24.371] [info] CMC::computeControls, t = 2.355
[2024-03-05 12:30:24.387] [info] CMC::computeControls, t = 2.356
[2024-03-05 12:30:24.403] [info] CMC::computeControls, t = 2.357
[2024-03-05 12:30:24.441] [info] CMC::computeControls, t = 2.358
[2024-03-05 12:30:24.473] [info] CMC::computeControls, t = 2.359
[2024-03-05 12:30:24.492] [info] CMC::computeControls, t = 2.36
[2024-03-05 12:30:24.514] [info] CMC::computeControls, t = 2.361
[2024-03-05 12:30:24.535] [info] CMC::computeControls, t = 2.362
[2024-03-05 12:30:24.573] [info] CMC::computeControls, t = 2.363
[2024-03-05 12:30:24.594] [info] CMC::computeControls, t = 2.364
[2024-03-05 12:30:24.618] [info] CMC::computeControls, t = 2.365
[2024-03-05 12:30:24.646] [info] CMC::computeControls, t = 2.366
[2024-03-05 12:30:24.672] [info] CMC::computeControls, t = 2.367
[2024-03-05 12:30:24.701] [info] CMC::computeControls, t = 2.368
[2024-03-05 12:30:24.721] [info] CMC::computeControls, t = 2.369
[2024-03-05 12:30:24.750] [info] CMC::computeControls, t = 2.37
[2024-03-05 12:30:24.780] [info] CMC::computeControls, t = 2.371
[2024-03-05 12:30:24.803] [info] CMC::computeControls, t = 2.372
[2024-03-05 12:30:24.831] [info] CMC::computeControls, t = 2.373
[2024-03-05 12:30:24.873] [info] CMC::computeControls, t = 2.374
[2024-03-05 12:30:24.890] [info] CMC::computeControls, t = 2.375
[2024-03-05 12:30:24.907] [info] CMC::computeControls, t = 2.376
[2024-03-05 12:30:24.928] [info] CMC::computeControls, t = 2.377
[2024-03-05 12:30:24.952] [info] CMC::computeControls, t = 2.378
[2024-03-05 12:30:24.971] [info] CMC::computeControls, t = 2.379
[2024-03-05 12:30:24.990] [info] CMC::computeControls, t = 2.38
[2024-03-05 12:30:25.008] [info] CMC::computeControls, t = 2.381
[2024-03-05 12:30:25.025] [info] CMC::computeControls, t = 2.382
[2024-03-05 12:30:25.043] [info] CMC::computeControls, t = 2.383
[2024-03-05 12:30:25.075] [info] CMC::computeControls, t = 2.384
[2024-03-05 12:30:25.106] [info] CMC::computeControls, t = 2.385
[2024-03-05 12:30:25.132] [info] CMC::computeControls, t = 2.386
[2024-03-05 12:30:25.157] [info] CMC::computeControls, t = 2.387
[2024-03-05 12:30:25.182] [info] CMC::computeControls, t = 2.388
[2024-03-05 12:30:25.207] [info] CMC::computeControls, t = 2.389
[2024-03-05 12:30:25.236] [info] CMC::computeControls, t = 2.39
[2024-03-05 12:30:25.268] [info] CMC::computeControls, t = 2.391
[2024-03-05 12:30:25.304] [info] CMC::computeControls, t = 2.392
[2024-03-05 12:30:25.327] [info] CMC::computeControls, t = 2.393
[2024-03-05 12:30:25.368] [info] CMC::computeControls, t = 2.394
[2024-03-05 12:30:25.399] [info] CMC::computeControls, t = 2.395
[2024-03-05 12:30:25.416] [info] CMC::computeControls, t = 2.396
[2024-03-05 12:30:25.434] [info] CMC::computeControls, t = 2.397
[2024-03-05 12:30:25.451] [info] CMC::computeControls, t = 2.398
[2024-03-05 12:30:25.469] [info] CMC::computeControls, t = 2.399
[2024-03-05 12:30:25.496] [info] CMC::computeControls, t = 2.4
[2024-03-05 12:30:25.516] [info] CMC::computeControls, t = 2.40100
[2024-03-05 12:30:25.543] [info] -------------------------------------------
[2024-03-05 12:30:25.543] [info] Finished tracking the specified kinematics:
[2024-03-05 12:30:25.543] [info] -------------------------------------------
[2024-03-05 12:30:25.543] [info]  -- Start time = Tue Mar  5 12:30:12 2024
[2024-03-05 12:30:25.543] [info]  -- Finish time = Tue Mar  5 12:30:25 2024
[2024-03-05 12:30:25.543] [info]  -- Elapsed time = 13.0 seconds.
[2024-03-05 12:30:25.543] [info] -------------------------------------------
[2024-03-05 12:30:25.543] [info] 
[2024-03-05 12:30:25.543] [info] Printing results of investigation subject01_run5_cycle3 to cycle3/
[2024-03-05 12:30:25.976] [info] 

************************************************************
*      Summary of Mass Adjustments to Reduce Residuals     *
************************************************************
* Body adjusted: torso
* Mass Center (COM) adjustment: dx =-0.0620017, dz =0.014537
* New COM location: ~[0.0311776,0.32879,-0.014537]
************************************************************
* Recommended mass adjustments:                             
*  Total mass change: 0.450378
*  pelvis: orig mass = 11.4128, new mass = 11.4833
*  femur_r: orig mass = 9.01374, new mass = 9.06947
*  tibia_r: orig mass = 3.59284, new mass = 3.61505
*  talus_r: orig mass = 0.0969073, new mass = 0.0975065
*  calcn_r: orig mass = 1.21134, new mass = 1.21883
*  toes_r: orig mass = 0.209901, new mass = 0.211199
*  femur_l: orig mass = 9.01374, new mass = 9.06947
*  tibia_l: orig mass = 3.59284, new mass = 3.61505
*  talus_l: orig mass = 0.0969073, new mass = 0.0975065
*  calcn_l: orig mass = 1.21134, new mass = 1.21883
*  toes_l: orig mass = 0.209901, new mass = 0.211199
*  torso: orig mass = 25.9969, new mass = 26.1577
*  humerus_r: orig mass = 1.96964, new mass = 1.98182
*  ulna_r: orig mass = 0.588712, new mass = 0.592352
*  radius_r: orig mass = 0.588712, new mass = 0.592352
*  hand_r: orig mass = 0.443351, new mass = 0.446092
*  humerus_l: orig mass = 1.96964, new mass = 1.98182
*  ulna_l: orig mass = 0.588712, new mass = 0.592352
*  radius_l: orig mass = 0.588712, new mass = 0.592352
*  hand_l: orig mass = 0.443351, new mass = 0.446092
************************************************************
* Note: Edit the model to make recommended adjustments to  *
*       mass properties.                                   *
************************************************************

* Average residuals before adjusting torso COM:
*  FX=3.94557 FY=-4.4167 FZ=-3.29864
*  MX=-3.70611 MY=1.36415 MZ=-15.8069
************************************************************
* Average residuals after adjusting torso COM:
*  FX=3.76308 FY=-4.09558 FZ=-4.92477
*  MX=-2.74163 MY=3.30475 MZ=0.114263
************************************************************


[2024-03-05 12:30:25.976] [info] 
************************************************************
*                   Final Average Residuals                *
************************************************************
* After torso COM and Kinematics adjustments:
*  FX=5.04457 FY=-0.602095 FZ=-0.501933
*  MX=-1.73524 MY=-1.59942 MZ=6.01774
************************************************************


