[2023-03-11 00:03:37.523] [info] Old version storage/motion file encountered
[2023-03-11 00:03:37.523] [info] Storage: read data file = ..\..\ik\Run_5.mot (nr=544 nc=164)
[2023-03-11 00:03:37.524] [info] .. assuming rotations in Degrees..
[2023-03-11 00:03:37.599] [info] Old version storage/motion file encountered
[2023-03-11 00:03:37.599] [info] Storage: read data file = ..\..\ik\Run_5.mot (nr=544 nc=164)
[2023-03-11 00:03:37.599] [info] .. assuming rotations in Degrees..
[2023-03-11 00:03:37.805] [info] Loaded model subject10_scaled from file ..\..\model\subject10_adjusted_scaled.osim
[2023-03-11 00:03:37.993] [info] Loaded model subject10_scaled from file ..\..\model\subject10_adjusted_scaled.osim
[2023-03-11 00:03:38.081] [warning] ExternalLoads 'externalloads' has subcomponents with duplicate name 'externalforce'. The duplicate is being renamed to 'externalforce_0'.
[2023-03-11 00:03:38.152] [info] ExternalForce::externalforce Data source being set to Run_500 02_newCOP3_v24.mot
[2023-03-11 00:03:38.152] [info] ExternalForce::externalforce_0 Data source being set to Run_500 02_newCOP3_v24.mot
[2023-03-11 00:03:38.293] [info] ExternalForce::externalforce Data source being set to Run_500 02_newCOP3_v24.mot
[2023-03-11 00:03:38.293] [info] ExternalForce::externalforce_0 Data source being set to Run_500 02_newCOP3_v24.mot
[2023-03-11 00:03:38.362] [info] ExternalForce::externalforce Data source being set to Run_500 02_newCOP3_v24.mot
[2023-03-11 00:03:38.362] [info] ExternalForce::externalforce_0 Data source being set to Run_500 02_newCOP3_v24.mot
[2023-03-11 00:03:38.456] [info] ExternalForce::externalforce Data source being set to Run_500 02_newCOP3_v24.mot
[2023-03-11 00:03:38.456] [info] ExternalForce::externalforce_0 Data source being set to Run_500 02_newCOP3_v24.mot
[2023-12-06 02:10:39.802] [info] Old version storage/motion file encountered
[2023-12-06 02:10:39.803] [info] Storage: read data file = ..\..\ik\Run_5.mot (nr=544 nc=164)
[2023-12-06 02:10:39.803] [info] .. assuming rotations in Degrees..
[2023-12-06 02:10:39.870] [info] Old version storage/motion file encountered
[2023-12-06 02:10:39.870] [info] Storage: read data file = ..\..\ik\Run_5.mot (nr=544 nc=164)
[2023-12-06 02:10:39.870] [info] .. assuming rotations in Degrees..
[2023-12-06 02:10:40.059] [info] Loaded model subject10_scaled from file ..\..\model\subject10_adjusted_scaled.osim
[2023-12-06 02:10:40.211] [info] Loaded model subject10_scaled from file ..\..\model\subject10_adjusted_scaled.osim
[2023-12-06 02:10:40.262] [warning] ExternalLoads 'externalloads' has subcomponents with duplicate name 'externalforce'. The duplicate is being renamed to 'externalforce_0'.
[2023-12-06 02:10:40.330] [info] ExternalForce::externalforce Data source being set to Run_500 02_newCOP3_v24.mot
[2023-12-06 02:10:40.330] [info] ExternalForce::externalforce_0 Data source being set to Run_500 02_newCOP3_v24.mot
[2023-12-06 02:10:40.406] [info] ExternalForce::externalforce Data source being set to Run_500 02_newCOP3_v24.mot
[2023-12-06 02:10:40.406] [info] ExternalForce::externalforce_0 Data source being set to Run_500 02_newCOP3_v24.mot
[2023-12-06 02:10:40.452] [info] ExternalForce::externalforce Data source being set to Run_500 02_newCOP3_v24.mot
[2023-12-06 02:10:40.452] [info] ExternalForce::externalforce_0 Data source being set to Run_500 02_newCOP3_v24.mot
[2023-12-06 02:10:40.516] [info] ExternalForce::externalforce Data source being set to Run_500 02_newCOP3_v24.mot
[2023-12-06 02:10:40.516] [info] ExternalForce::externalforce_0 Data source being set to Run_500 02_newCOP3_v24.mot
