[2023-03-11 01:02:52.862] [info] Old version storage/motion file encountered
[2023-03-11 01:02:52.862] [info] Storage: read data file = ..\..\ik\Run_5.mot (nr=499 nc=164)
[2023-03-11 01:02:52.862] [info] .. assuming rotations in Degrees..
[2023-03-11 01:02:52.937] [info] Old version storage/motion file encountered
[2023-03-11 01:02:52.937] [info] Storage: read data file = ..\..\ik\Run_5.mot (nr=499 nc=164)
[2023-03-11 01:02:52.937] [info] .. assuming rotations in Degrees..
[2023-03-11 01:02:53.061] [info] Loaded model subject11_scaled from file ..\..\model\subject11_adjusted_scaled.osim
[2023-03-11 01:02:53.295] [info] Loaded model subject11_scaled from file ..\..\model\subject11_adjusted_scaled.osim
[2023-03-11 01:02:53.360] [warning] ExternalLoads 'externalloads' has subcomponents with duplicate name 'externalforce'. The duplicate is being renamed to 'externalforce_0'.
[2023-03-11 01:02:53.433] [info] ExternalForce::externalforce Data source being set to Run_500 02_newCOP3_v24.mot
[2023-03-11 01:02:53.433] [info] ExternalForce::externalforce_0 Data source being set to Run_500 02_newCOP3_v24.mot
[2023-03-11 01:02:53.524] [info] ExternalForce::externalforce Data source being set to Run_500 02_newCOP3_v24.mot
[2023-03-11 01:02:53.524] [info] ExternalForce::externalforce_0 Data source being set to Run_500 02_newCOP3_v24.mot
[2023-03-11 01:02:53.584] [info] ExternalForce::externalforce Data source being set to Run_500 02_newCOP3_v24.mot
[2023-03-11 01:02:53.584] [info] ExternalForce::externalforce_0 Data source being set to Run_500 02_newCOP3_v24.mot
[2023-03-11 01:02:53.673] [info] ExternalForce::externalforce Data source being set to Run_500 02_newCOP3_v24.mot
[2023-03-11 01:02:53.673] [info] ExternalForce::externalforce_0 Data source being set to Run_500 02_newCOP3_v24.mot
[2023-12-06 03:19:49.201] [info] Old version storage/motion file encountered
[2023-12-06 03:19:49.201] [info] Storage: read data file = ..\..\ik\Run_5.mot (nr=499 nc=164)
[2023-12-06 03:19:49.201] [info] .. assuming rotations in Degrees..
[2023-12-06 03:19:49.265] [info] Old version storage/motion file encountered
[2023-12-06 03:19:49.265] [info] Storage: read data file = ..\..\ik\Run_5.mot (nr=499 nc=164)
[2023-12-06 03:19:49.265] [info] .. assuming rotations in Degrees..
[2023-12-06 03:19:49.449] [info] Loaded model subject11_scaled from file ..\..\model\subject11_adjusted_scaled.osim
[2023-12-06 03:19:50.785] [info] Loaded model subject11_scaled from file ..\..\model\subject11_adjusted_scaled.osim
[2023-12-06 03:19:50.832] [warning] ExternalLoads 'externalloads' has subcomponents with duplicate name 'externalforce'. The duplicate is being renamed to 'externalforce_0'.
[2023-12-06 03:19:50.886] [info] ExternalForce::externalforce Data source being set to Run_500 02_newCOP3_v24.mot
[2023-12-06 03:19:50.886] [info] ExternalForce::externalforce_0 Data source being set to Run_500 02_newCOP3_v24.mot
[2023-12-06 03:19:50.949] [info] ExternalForce::externalforce Data source being set to Run_500 02_newCOP3_v24.mot
[2023-12-06 03:19:50.949] [info] ExternalForce::externalforce_0 Data source being set to Run_500 02_newCOP3_v24.mot
[2023-12-06 03:19:50.987] [info] ExternalForce::externalforce Data source being set to Run_500 02_newCOP3_v24.mot
[2023-12-06 03:19:50.987] [info] ExternalForce::externalforce_0 Data source being set to Run_500 02_newCOP3_v24.mot
[2023-12-06 03:19:51.043] [info] ExternalForce::externalforce Data source being set to Run_500 02_newCOP3_v24.mot
[2023-12-06 03:19:51.043] [info] ExternalForce::externalforce_0 Data source being set to Run_500 02_newCOP3_v24.mot
