[2023-03-11 03:29:18.166] [info] ExternalForce::externalforce Data source being set to Run_500 01_newCOP3_v24.mot
[2023-03-11 03:29:18.166] [info] ExternalForce::externalforce_0 Data source being set to Run_500 01_newCOP3_v24.mot
[2023-03-11 03:29:19.021] [info] ExternalForce::externalforce Data source being set to Run_500 01_newCOP3_v24.mot
[2023-03-11 03:29:19.021] [info] ExternalForce::externalforce_0 Data source being set to Run_500 01_newCOP3_v24.mot
[2023-03-11 03:29:19.530] [info] ExternalForce::externalforce Data source being set to Run_500 01_newCOP3_v24.mot
[2023-03-11 03:29:19.530] [info] ExternalForce::externalforce_0 Data source being set to Run_500 01_newCOP3_v24.mot
[2023-03-11 03:29:19.877] [info] ExternalForce::externalforce Data source being set to Run_500 01_newCOP3_v24.mot
[2023-03-11 03:29:19.877] [info] ExternalForce::externalforce_0 Data source being set to Run_500 01_newCOP3_v24.mot
[2023-03-11 03:29:20.282] [info] ExternalForce::externalforce Data source being set to Run_500 01_newCOP3_v24.mot
[2023-03-11 03:29:20.282] [info] ExternalForce::externalforce_0 Data source being set to Run_500 01_newCOP3_v24.mot
[2023-03-11 03:29:20.678] [info] ExternalForce::externalforce Data source being set to Run_500 01_newCOP3_v24.mot
[2023-03-11 03:29:20.678] [info] ExternalForce::externalforce_0 Data source being set to Run_500 01_newCOP3_v24.mot
[2023-03-11 03:29:21.047] [info] ExternalForce::externalforce Data source being set to Run_500 01_newCOP3_v24.mot
[2023-03-11 03:29:21.048] [info] ExternalForce::externalforce_0 Data source being set to Run_500 01_newCOP3_v24.mot
[2023-03-11 03:29:21.397] [info] ExternalForce::externalforce Data source being set to Run_500 01_newCOP3_v24.mot
[2023-03-11 03:29:21.397] [info] ExternalForce::externalforce_0 Data source being set to Run_500 01_newCOP3_v24.mot
[2023-03-11 03:29:21.734] [info] ExternalForce::externalforce Data source being set to Run_500 01_newCOP3_v24.mot
[2023-03-11 03:29:21.735] [info] ExternalForce::externalforce_0 Data source being set to Run_500 01_newCOP3_v24.mot
[2023-03-11 03:29:22.126] [info] ExternalForce::externalforce Data source being set to Run_500 01_newCOP3_v24.mot
[2023-03-11 03:29:22.126] [info] ExternalForce::externalforce_0 Data source being set to Run_500 01_newCOP3_v24.mot
[2023-03-11 03:29:22.441] [info] ExternalForce::externalforce Data source being set to Run_500 01_newCOP3_v24.mot
[2023-03-11 03:29:22.441] [info] ExternalForce::externalforce_0 Data source being set to Run_500 01_newCOP3_v24.mot
[2023-03-11 03:29:22.787] [info] ExternalForce::externalforce Data source being set to Run_500 01_newCOP3_v24.mot
[2023-03-11 03:29:22.787] [info] ExternalForce::externalforce_0 Data source being set to Run_500 01_newCOP3_v24.mot
[2023-03-11 03:29:23.109] [info] ExternalForce::externalforce Data source being set to Run_500 01_newCOP3_v24.mot
[2023-03-11 03:29:23.109] [info] ExternalForce::externalforce_0 Data source being set to Run_500 01_newCOP3_v24.mot
[2023-03-11 03:29:23.412] [info] ExternalForce::externalforce Data source being set to Run_500 01_newCOP3_v24.mot
[2023-03-11 03:29:23.412] [info] ExternalForce::externalforce_0 Data source being set to Run_500 01_newCOP3_v24.mot
[2023-03-11 03:29:23.717] [info] ExternalForce::externalforce Data source being set to Run_500 01_newCOP3_v24.mot
[2023-03-11 03:29:23.717] [info] ExternalForce::externalforce_0 Data source being set to Run_500 01_newCOP3_v24.mot
[2023-03-11 03:29:24.006] [info] ExternalForce::externalforce Data source being set to Run_500 01_newCOP3_v24.mot
[2023-03-11 03:29:24.006] [info] ExternalForce::externalforce_0 Data source being set to Run_500 01_newCOP3_v24.mot
[2023-03-11 03:29:24.293] [info] ExternalForce::externalforce Data source being set to Run_500 01_newCOP3_v24.mot
[2023-03-11 03:29:24.294] [info] ExternalForce::externalforce_0 Data source being set to Run_500 01_newCOP3_v24.mot
[2023-03-11 03:29:24.582] [info] ExternalForce::externalforce Data source being set to Run_500 01_newCOP3_v24.mot
[2023-03-11 03:29:24.582] [info] ExternalForce::externalforce_0 Data source being set to Run_500 01_newCOP3_v24.mot
[2023-03-11 03:29:24.918] [info] ExternalForce::externalforce Data source being set to Run_500 01_newCOP3_v24.mot
[2023-03-11 03:29:24.919] [info] ExternalForce::externalforce_0 Data source being set to Run_500 01_newCOP3_v24.mot
[2023-03-11 03:29:25.226] [info] ExternalForce::externalforce Data source being set to Run_500 01_newCOP3_v24.mot
[2023-03-11 03:29:25.226] [info] ExternalForce::externalforce_0 Data source being set to Run_500 01_newCOP3_v24.mot
[2023-03-11 03:29:25.492] [info] ExternalForce::externalforce Data source being set to Run_500 01_newCOP3_v24.mot
[2023-03-11 03:29:25.492] [info] ExternalForce::externalforce_0 Data source being set to Run_500 01_newCOP3_v24.mot
[2023-03-11 03:29:25.764] [info] ExternalForce::externalforce Data source being set to Run_500 01_newCOP3_v24.mot
[2023-03-11 03:29:25.764] [info] ExternalForce::externalforce_0 Data source being set to Run_500 01_newCOP3_v24.mot
[2023-03-11 03:29:27.025] [info] ExternalForce::externalforce Data source being set to Run_500 01_newCOP3_v24.mot
[2023-03-11 03:29:27.025] [info] ExternalForce::externalforce_0 Data source being set to Run_500 01_newCOP3_v24.mot
[2023-03-11 03:29:27.293] [info] ExternalForce::externalforce Data source being set to Run_500 01_newCOP3_v24.mot
[2023-03-11 03:29:27.293] [info] ExternalForce::externalforce_0 Data source being set to Run_500 01_newCOP3_v24.mot
[2023-03-11 03:29:27.549] [info] ExternalForce::externalforce Data source being set to Run_500 01_newCOP3_v24.mot
[2023-03-11 03:29:27.549] [info] ExternalForce::externalforce_0 Data source being set to Run_500 01_newCOP3_v24.mot
[2023-03-11 03:29:27.797] [info] ExternalForce::externalforce Data source being set to Run_500 01_newCOP3_v24.mot
[2023-03-11 03:29:27.797] [info] ExternalForce::externalforce_0 Data source being set to Run_500 01_newCOP3_v24.mot
[2023-03-11 03:29:28.103] [info] ExternalForce::externalforce Data source being set to Run_500 01_newCOP3_v24.mot
[2023-03-11 03:29:28.103] [info] ExternalForce::externalforce_0 Data source being set to Run_500 01_newCOP3_v24.mot
[2023-03-11 03:29:28.303] [info] ExternalForce::externalforce Data source being set to Run_500 01_newCOP3_v24.mot
[2023-03-11 03:29:28.303] [info] ExternalForce::externalforce_0 Data source being set to Run_500 01_newCOP3_v24.mot
[2023-03-11 03:29:28.538] [info] ExternalForce::externalforce Data source being set to Run_500 01_newCOP3_v24.mot
[2023-03-11 03:29:28.538] [info] ExternalForce::externalforce_0 Data source being set to Run_500 01_newCOP3_v24.mot
[2023-03-11 03:29:28.727] [info] ExternalForce::externalforce Data source being set to Run_500 01_newCOP3_v24.mot
[2023-03-11 03:29:28.727] [info] ExternalForce::externalforce_0 Data source being set to Run_500 01_newCOP3_v24.mot
[2023-03-11 03:29:28.773] [info] ========================================================================
[2023-03-11 03:29:28.774] [info] MocoCasADiSolver starting.
[2023-03-11 03:29:28.774] [info] Sat Mar 11 03:29:28 2023
[2023-03-11 03:29:28.774] [info] ------------------------------------------------------------------------
[2023-03-11 03:29:28.774] [cout] [info] Costs: (total: 2)
[2023-03-11 03:29:28.774] [cout] [info]   state_tracking. MocoStateTrackingGoal, enabled: true, mode: cost, weight: 1.0
[2023-03-11 03:29:28.774] [cout] [info]         state: /jointset/ground_pelvis/pelvis_tilt/value, weight: 750.0
[2023-03-11 03:29:28.774] [cout] [info]         state: /jointset/ground_pelvis/pelvis_list/value, weight: 250.0
[2023-03-11 03:29:28.774] [cout] [info]         state: /jointset/ground_pelvis/pelvis_rotation/value, weight: 50.0
[2023-03-11 03:29:28.774] [cout] [info]         state: /jointset/ground_pelvis/pelvis_tx/value, weight: 25.0
[2023-03-11 03:29:28.774] [cout] [info]         state: /jointset/ground_pelvis/pelvis_ty/value, weight: 100.0
[2023-03-11 03:29:28.774] [cout] [info]         state: /jointset/ground_pelvis/pelvis_tz/value, weight: 25.0
[2023-03-11 03:29:28.774] [cout] [info]         state: /jointset/hip_r/hip_flexion_r/value, weight: 75.0
[2023-03-11 03:29:28.774] [cout] [info]         state: /jointset/hip_r/hip_adduction_r/value, weight: 50.0
[2023-03-11 03:29:28.774] [cout] [info]         state: /jointset/hip_r/hip_rotation_r/value, weight: 10.0
[2023-03-11 03:29:28.774] [cout] [info]         state: /jointset/knee_r/knee_angle_r/value, weight: 10.0
[2023-03-11 03:29:28.774] [cout] [info]         state: /jointset/ankle_r/ankle_angle_r/value, weight: 10.0
[2023-03-11 03:29:28.774] [cout] [info]         state: /jointset/hip_l/hip_flexion_l/value, weight: 75.0
[2023-03-11 03:29:28.774] [cout] [info]         state: /jointset/hip_l/hip_adduction_l/value, weight: 50.0
[2023-03-11 03:29:28.774] [cout] [info]         state: /jointset/hip_l/hip_rotation_l/value, weight: 10.0
[2023-03-11 03:29:28.775] [cout] [info]         state: /jointset/knee_l/knee_angle_l/value, weight: 10.0
[2023-03-11 03:29:28.775] [cout] [info]         state: /jointset/ankle_l/ankle_angle_l/value, weight: 10.0
[2023-03-11 03:29:28.775] [cout] [info]         state: /jointset/back/lumbar_extension/value, weight: 75.0
[2023-03-11 03:29:28.775] [cout] [info]         state: /jointset/back/lumbar_bending/value, weight: 50.0
[2023-03-11 03:29:28.775] [cout] [info]         state: /jointset/back/lumbar_rotation/value, weight: 25.0
[2023-03-11 03:29:28.775] [cout] [info]         state: /jointset/acromial_r/arm_flex_r/value, weight: 1.0
[2023-03-11 03:29:28.775] [cout] [info]         state: /jointset/acromial_r/arm_add_r/value, weight: 1.0
[2023-03-11 03:29:28.775] [cout] [info]         state: /jointset/acromial_r/arm_rot_r/value, weight: 1.0
[2023-03-11 03:29:28.775] [cout] [info]         state: /jointset/elbow_r/elbow_flex_r/value, weight: 1.0
[2023-03-11 03:29:28.775] [cout] [info]         state: /jointset/radioulnar_r/pro_sup_r/value, weight: 1.0
[2023-03-11 03:29:28.775] [cout] [info]         state: /jointset/acromial_l/arm_flex_l/value, weight: 1.0
[2023-03-11 03:29:28.775] [cout] [info]         state: /jointset/acromial_l/arm_add_l/value, weight: 1.0
[2023-03-11 03:29:28.775] [cout] [info]         state: /jointset/acromial_l/arm_rot_l/value, weight: 1.0
[2023-03-11 03:29:28.775] [cout] [info]         state: /jointset/elbow_l/elbow_flex_l/value, weight: 1.0
[2023-03-11 03:29:28.775] [cout] [info]         state: /jointset/radioulnar_l/pro_sup_l/value, weight: 1.0
[2023-03-11 03:29:28.775] [cout] [info]         state: /jointset/subtalar_r/subtalar_angle_r/value, weight: 0.0
[2023-03-11 03:29:28.775] [cout] [info]         state: /jointset/mtp_r/mtp_angle_r/value, weight: 0.0
[2023-03-11 03:29:28.775] [cout] [info]         state: /jointset/subtalar_l/subtalar_angle_l/value, weight: 0.0
[2023-03-11 03:29:28.775] [cout] [info]         state: /jointset/mtp_l/mtp_angle_l/value, weight: 0.0
[2023-03-11 03:29:28.775] [cout] [info]         state: /jointset/radius_hand_r/wrist_flex_r/value, weight: 0.0
[2023-03-11 03:29:28.775] [cout] [info]         state: /jointset/radius_hand_r/wrist_dev_r/value, weight: 0.0
[2023-03-11 03:29:28.775] [cout] [info]         state: /jointset/radius_hand_l/wrist_flex_l/value, weight: 0.0
[2023-03-11 03:29:28.775] [cout] [info]         state: /jointset/radius_hand_l/wrist_dev_l/value, weight: 0.0
[2023-03-11 03:29:28.776] [cout] [info]   control_effort. MocoControlGoal, enabled: true, mode: cost, weight: 0.00100000
[2023-03-11 03:29:28.776] [cout] [info]         control: /forceset/pelvis_tx_actuator, weight: 1.0
[2023-03-11 03:29:28.776] [cout] [info]         control: /forceset/pelvis_ty_actuator, weight: 1.0
[2023-03-11 03:29:28.776] [cout] [info]         control: /forceset/pelvis_tz_actuator, weight: 1.0
[2023-03-11 03:29:28.776] [cout] [info]         control: /forceset/pelvis_tilt_actuator, weight: 1.0
[2023-03-11 03:29:28.776] [cout] [info]         control: /forceset/pelvis_list_actuator, weight: 1.0
[2023-03-11 03:29:28.776] [cout] [info]         control: /forceset/pelvis_rotation_actuator, weight: 1.0
[2023-03-11 03:29:28.776] [cout] [info]         control: /forceset/hip_flexion_r_actuator, weight: 1.0
[2023-03-11 03:29:28.776] [cout] [info]         control: /forceset/hip_adduction_r_actuator, weight: 1.0
[2023-03-11 03:29:28.776] [cout] [info]         control: /forceset/hip_rotation_r_actuator, weight: 1.0
[2023-03-11 03:29:28.776] [cout] [info]         control: /forceset/knee_angle_r_actuator, weight: 1.0
[2023-03-11 03:29:28.776] [cout] [info]         control: /forceset/ankle_angle_r_actuator, weight: 1.0
[2023-03-11 03:29:28.776] [cout] [info]         control: /forceset/hip_flexion_l_actuator, weight: 1.0
[2023-03-11 03:29:28.776] [cout] [info]         control: /forceset/hip_adduction_l_actuator, weight: 1.0
[2023-03-11 03:29:28.776] [cout] [info]         control: /forceset/hip_rotation_l_actuator, weight: 1.0
[2023-03-11 03:29:28.776] [cout] [info]         control: /forceset/knee_angle_l_actuator, weight: 1.0
[2023-03-11 03:29:28.776] [cout] [info]         control: /forceset/ankle_angle_l_actuator, weight: 1.0
[2023-03-11 03:29:28.776] [cout] [info]         control: /forceset/lumbar_extension_actuator, weight: 1.0
[2023-03-11 03:29:28.776] [cout] [info]         control: /forceset/lumbar_bending_actuator, weight: 1.0
[2023-03-11 03:29:28.776] [cout] [info]         control: /forceset/lumbar_rotation_actuator, weight: 1.0
[2023-03-11 03:29:28.776] [cout] [info]         control: /forceset/arm_flex_r_actuator, weight: 1.0
[2023-03-11 03:29:28.776] [cout] [info]         control: /forceset/arm_add_r_actuator, weight: 1.0
[2023-03-11 03:29:28.776] [cout] [info]         control: /forceset/arm_rot_r_actuator, weight: 1.0
[2023-03-11 03:29:28.776] [cout] [info]         control: /forceset/elbow_flex_r_actuator, weight: 1.0
[2023-03-11 03:29:28.777] [cout] [info]         control: /forceset/pro_sup_r_actuator, weight: 1.0
[2023-03-11 03:29:28.777] [cout] [info]         control: /forceset/arm_flex_l_actuator, weight: 1.0
[2023-03-11 03:29:28.777] [cout] [info]         control: /forceset/arm_add_l_actuator, weight: 1.0
[2023-03-11 03:29:28.777] [cout] [info]         control: /forceset/arm_rot_l_actuator, weight: 1.0
[2023-03-11 03:29:28.777] [cout] [info]         control: /forceset/elbow_flex_l_actuator, weight: 1.0
[2023-03-11 03:29:28.777] [cout] [info]         control: /forceset/pro_sup_l_actuator, weight: 1.0
[2023-03-11 03:29:28.777] [cout] [info] Endpoint constraints: none
[2023-03-11 03:29:28.777] [cout] [info] Kinematic constraints: (total: 8)
[2023-03-11 03:29:28.777] [cout] [info]   kinematic_constraint_cid27. MocoConstraintInfo. number of scalar equations: 3. bounds: 0, 0, 0
[2023-03-11 03:29:28.777] [cout] [info]   kinematic_constraint_cid28. MocoConstraintInfo. number of scalar equations: 3. bounds: 0, 0, 0
[2023-03-11 03:29:28.777] [cout] [info]   kinematic_constraint_cid31. MocoConstraintInfo. number of scalar equations: 3. bounds: 0, 0, 0
[2023-03-11 03:29:28.777] [cout] [info]   kinematic_constraint_cid32. MocoConstraintInfo. number of scalar equations: 3. bounds: 0, 0, 0
[2023-03-11 03:29:28.777] [cout] [info]   kinematic_constraint_cid33. MocoConstraintInfo. number of scalar equations: 3. bounds: 0, 0, 0
[2023-03-11 03:29:28.777] [cout] [info]   kinematic_constraint_cid34. MocoConstraintInfo. number of scalar equations: 3. bounds: 0, 0, 0
[2023-03-11 03:29:28.777] [cout] [info]   kinematic_constraint_cid35. MocoConstraintInfo. number of scalar equations: 3. bounds: 0, 0, 0
[2023-03-11 03:29:28.777] [cout] [info]   kinematic_constraint_cid36. MocoConstraintInfo. number of scalar equations: 3. bounds: 0, 0, 0
[2023-03-11 03:29:28.777] [cout] [info] Path constraints: none
[2023-03-11 03:29:28.777] [cout] [info] States: (total: 74)
[2023-03-11 03:29:28.777] [cout] [info]   /jointset/ground_pelvis/pelvis_tilt/value. bounds: [-0.453599, 0.128065]
[2023-03-11 03:29:28.777] [cout] [info]   /jointset/ground_pelvis/pelvis_list/value. bounds: [-0.350597, 0.301292]
[2023-03-11 03:29:28.778] [cout] [info]   /jointset/radioulnar_r/pro_sup_r/value. bounds: [0.896356, 1.71378]
[2023-03-11 03:29:28.778] [cout] [info]   /jointset/ground_pelvis/pelvis_rotation/value. bounds: [-0.323058, 0.296484]
[2023-03-11 03:29:28.778] [cout] [info]   /jointset/ground_pelvis/pelvis_tx/value. bounds: [0.866204, 1.42174]
[2023-03-11 03:29:28.778] [cout] [info]   /jointset/elbow_r/elbow_flex_r/value. bounds: [0.703877, 2.36465]
[2023-03-11 03:29:28.778] [cout] [info]   /jointset/ground_pelvis/pelvis_ty/value. bounds: [0.825355, 1.14082]
[2023-03-11 03:29:28.778] [cout] [info]   /jointset/radius_hand_l/wrist_flex_l/speed. bounds: [-50, 50]
[2023-03-11 03:29:28.778] [cout] [info]   /jointset/ground_pelvis/pelvis_tz/value. bounds: [-0.529949, -0.0833328]
[2023-03-11 03:29:28.778] [cout] [info]   /jointset/hip_r/hip_adduction_r/speed. bounds: [-50, 50]
[2023-03-11 03:29:28.778] [cout] [info]   /jointset/ankle_r/ankle_angle_r/value. bounds: [-0.729295, 0.600273]
[2023-03-11 03:29:28.778] [cout] [info]   /jointset/hip_r/hip_flexion_r/value. bounds: [-0.436387, 1.21729]
[2023-03-11 03:29:28.778] [cout] [info]   /jointset/hip_r/hip_adduction_r/value. bounds: [-0.212197, 0.406157]
[2023-03-11 03:29:28.778] [cout] [info]   /jointset/back/lumbar_rotation/speed. bounds: [-50, 50]
[2023-03-11 03:29:28.778] [cout] [info]   /jointset/hip_r/hip_rotation_r/value. bounds: [-0.231564, 0.320045]
[2023-03-11 03:29:28.778] [cout] [info]   /jointset/mtp_l/mtp_angle_l/speed. bounds: [-50, 50]
[2023-03-11 03:29:28.778] [cout] [info]   /jointset/knee_r/knee_angle_r/value. bounds: [-2.66915, 0.126869]
[2023-03-11 03:29:28.778] [cout] [info]   /jointset/subtalar_r/subtalar_angle_r/value. bounds: [-1.5708, 1.5708]
[2023-03-11 03:29:28.778] [cout] [info]   /jointset/hip_l/hip_flexion_l/value. bounds: [-0.497294, 1.33712]
[2023-03-11 03:29:28.778] [cout] [info]   /jointset/hip_l/hip_adduction_l/value. bounds: [-0.285633, 0.362351]
[2023-03-11 03:29:28.778] [cout] [info]   /jointset/hip_l/hip_rotation_l/value. bounds: [-0.256159, 0.236687]
[2023-03-11 03:29:28.779] [cout] [info]   /jointset/knee_l/knee_angle_l/value. bounds: [-2.72863, 0.104781]
[2023-03-11 03:29:28.779] [cout] [info]   /jointset/knee_r/knee_angle_r/speed. bounds: [-50, 50]
[2023-03-11 03:29:28.779] [cout] [info]   /jointset/ankle_l/ankle_angle_l/value. bounds: [-0.79978, 0.536089]
[2023-03-11 03:29:28.779] [cout] [info]   /jointset/back/lumbar_extension/value. bounds: [-0.384786, 0.317526]
[2023-03-11 03:29:28.779] [cout] [info]   /jointset/back/lumbar_bending/value. bounds: [-0.301127, 0.310014]
[2023-03-11 03:29:28.779] [cout] [info]   /jointset/back/lumbar_rotation/value. bounds: [-0.362723, 0.450803]
[2023-03-11 03:29:28.779] [cout] [info]   /jointset/acromial_r/arm_flex_r/value. bounds: [-1.04182, -0.265258]
[2023-03-11 03:29:28.779] [cout] [info]   /jointset/acromial_r/arm_add_r/value. bounds: [-0.372489, -0.0652485]
[2023-03-11 03:29:28.779] [cout] [info]   /jointset/acromial_r/arm_rot_r/value. bounds: [-0.555766, 0.0605997]
[2023-03-11 03:29:28.779] [cout] [info]   /jointset/acromial_l/arm_flex_l/value. bounds: [-1.29235, 0.00624059]
[2023-03-11 03:29:28.779] [cout] [info]   /jointset/acromial_l/arm_add_l/value. bounds: [-0.576297, -0.172276]
[2023-03-11 03:29:28.779] [cout] [info]   /jointset/acromial_l/arm_rot_l/value. bounds: [-0.422306, 0.246328]
[2023-03-11 03:29:28.779] [cout] [info]   /jointset/elbow_l/elbow_flex_l/value. bounds: [1.05821, 2.79253]
[2023-03-11 03:29:28.779] [cout] [info]   /jointset/radioulnar_l/pro_sup_l/value. bounds: [1.29586, 1.94178]
[2023-03-11 03:29:28.779] [cout] [info]   /jointset/ground_pelvis/pelvis_tilt/speed. bounds: [-50, 50]
[2023-03-11 03:29:28.779] [cout] [info]   /jointset/ground_pelvis/pelvis_list/speed. bounds: [-50, 50]
[2023-03-11 03:29:28.779] [cout] [info]   /jointset/radioulnar_r/pro_sup_r/speed. bounds: [-50, 50]
[2023-03-11 03:29:28.779] [cout] [info]   /jointset/ground_pelvis/pelvis_rotation/speed. bounds: [-50, 50]
[2023-03-11 03:29:28.779] [cout] [info]   /jointset/ground_pelvis/pelvis_tx/speed. bounds: [-50, 50]
[2023-03-11 03:29:28.780] [cout] [info]   /jointset/elbow_r/elbow_flex_r/speed. bounds: [-50, 50]
[2023-03-11 03:29:28.780] [cout] [info]   /jointset/ground_pelvis/pelvis_ty/speed. bounds: [-50, 50]
[2023-03-11 03:29:28.780] [cout] [info]   /jointset/ground_pelvis/pelvis_tz/speed. bounds: [-50, 50]
[2023-03-11 03:29:28.780] [cout] [info]   /jointset/ankle_r/ankle_angle_r/speed. bounds: [-50, 50]
[2023-03-11 03:29:28.780] [cout] [info]   /jointset/hip_r/hip_flexion_r/speed. bounds: [-50, 50]
[2023-03-11 03:29:28.780] [cout] [info]   /jointset/hip_r/hip_rotation_r/speed. bounds: [-50, 50]
[2023-03-11 03:29:28.780] [cout] [info]   /jointset/hip_l/hip_flexion_l/speed. bounds: [-50, 50]
[2023-03-11 03:29:28.780] [cout] [info]   /jointset/subtalar_r/subtalar_angle_r/speed. bounds: [-50, 50]
[2023-03-11 03:29:28.780] [cout] [info]   /jointset/mtp_r/mtp_angle_r/value. bounds: [-1.5708, 1.5708]
[2023-03-11 03:29:28.780] [cout] [info]   /jointset/mtp_r/mtp_angle_r/speed. bounds: [-50, 50]
[2023-03-11 03:29:28.780] [cout] [info]   /jointset/hip_l/hip_adduction_l/speed. bounds: [-50, 50]
[2023-03-11 03:29:28.780] [cout] [info]   /jointset/hip_l/hip_rotation_l/speed. bounds: [-50, 50]
[2023-03-11 03:29:28.780] [cout] [info]   /jointset/knee_l/knee_angle_l/speed. bounds: [-50, 50]
[2023-03-11 03:29:28.780] [cout] [info]   /jointset/ankle_l/ankle_angle_l/speed. bounds: [-50, 50]
[2023-03-11 03:29:28.780] [cout] [info]   /jointset/subtalar_l/subtalar_angle_l/value. bounds: [-1.5708, 1.5708]
[2023-03-11 03:29:28.780] [cout] [info]   /jointset/subtalar_l/subtalar_angle_l/speed. bounds: [-50, 50]
[2023-03-11 03:29:28.780] [cout] [info]   /jointset/mtp_l/mtp_angle_l/value. bounds: [-1.0472, 1.0472]
[2023-03-11 03:29:28.780] [cout] [info]   /jointset/back/lumbar_extension/speed. bounds: [-50, 50]
[2023-03-11 03:29:28.780] [cout] [info]   /jointset/back/lumbar_bending/speed. bounds: [-50, 50]
[2023-03-11 03:29:28.780] [cout] [info]   /jointset/acromial_r/arm_flex_r/speed. bounds: [-50, 50]
[2023-03-11 03:29:28.780] [cout] [info]   /jointset/acromial_r/arm_add_r/speed. bounds: [-50, 50]
[2023-03-11 03:29:28.780] [cout] [info]   /jointset/acromial_r/arm_rot_r/speed. bounds: [-50, 50]
[2023-03-11 03:29:28.780] [cout] [info]   /jointset/radius_hand_r/wrist_flex_r/value. bounds: [-1.22173, 1.22173]
[2023-03-11 03:29:28.781] [cout] [info]   /jointset/radius_hand_r/wrist_flex_r/speed. bounds: [-50, 50]
[2023-03-11 03:29:28.781] [cout] [info]   /jointset/radius_hand_r/wrist_dev_r/value. bounds: [-0.436332, 0.610865]
[2023-03-11 03:29:28.781] [cout] [info]   /jointset/radius_hand_r/wrist_dev_r/speed. bounds: [-50, 50]
[2023-03-11 03:29:28.781] [cout] [info]   /jointset/acromial_l/arm_flex_l/speed. bounds: [-50, 50]
[2023-03-11 03:29:28.781] [cout] [info]   /jointset/acromial_l/arm_add_l/speed. bounds: [-50, 50]
[2023-03-11 03:29:28.781] [cout] [info]   /jointset/acromial_l/arm_rot_l/speed. bounds: [-50, 50]
[2023-03-11 03:29:28.781] [cout] [info]   /jointset/elbow_l/elbow_flex_l/speed. bounds: [-50, 50]
[2023-03-11 03:29:28.781] [cout] [info]   /jointset/radioulnar_l/pro_sup_l/speed. bounds: [-50, 50]
[2023-03-11 03:29:28.781] [cout] [info]   /jointset/radius_hand_l/wrist_flex_l/value. bounds: [-1.22173, 1.22173]
[2023-03-11 03:29:28.781] [cout] [info]   /jointset/radius_hand_l/wrist_dev_l/value. bounds: [-0.436332, 0.610865]
[2023-03-11 03:29:28.781] [cout] [info]   /jointset/radius_hand_l/wrist_dev_l/speed. bounds: [-50, 50]
[2023-03-11 03:29:28.781] [cout] [info] Controls: (total: 29)
[2023-03-11 03:29:28.781] [cout] [info]   /forceset/pelvis_tx_actuator. bounds: [-10000, 10000]
[2023-03-11 03:29:28.781] [cout] [info]   /forceset/pelvis_ty_actuator. bounds: [-10000, 10000]
[2023-03-11 03:29:28.781] [cout] [info]   /forceset/pelvis_tz_actuator. bounds: [-10000, 10000]
[2023-03-11 03:29:28.781] [cout] [info]   /forceset/arm_flex_r_actuator. bounds: [-1, 1]
[2023-03-11 03:29:28.781] [cout] [info]   /forceset/hip_rotation_r_actuator. bounds: [-1, 1]
[2023-03-11 03:29:28.781] [cout] [info]   /forceset/pelvis_tilt_actuator. bounds: [-10000, 10000]
[2023-03-11 03:29:28.781] [cout] [info]   /forceset/pelvis_list_actuator. bounds: [-10000, 10000]
[2023-03-11 03:29:28.781] [cout] [info]   /forceset/pelvis_rotation_actuator. bounds: [-10000, 10000]
[2023-03-11 03:29:28.781] [cout] [info]   /forceset/elbow_flex_l_actuator. bounds: [-1, 1]
[2023-03-11 03:29:28.781] [cout] [info]   /forceset/hip_adduction_l_actuator. bounds: [-1, 1]
[2023-03-11 03:29:28.781] [cout] [info]   /forceset/hip_flexion_r_actuator. bounds: [-1, 1]
[2023-03-11 03:29:28.781] [cout] [info]   /forceset/elbow_flex_r_actuator. bounds: [-1, 1]
[2023-03-11 03:29:28.781] [cout] [info]   /forceset/hip_flexion_l_actuator. bounds: [-1, 1]
[2023-03-11 03:29:28.781] [cout] [info]   /forceset/hip_adduction_r_actuator. bounds: [-1, 1]
[2023-03-11 03:29:28.781] [cout] [info]   /forceset/knee_angle_r_actuator. bounds: [-1, 1]
[2023-03-11 03:29:28.781] [cout] [info]   /forceset/lumbar_rotation_actuator. bounds: [-1, 1]
[2023-03-11 03:29:28.781] [cout] [info]   /forceset/ankle_angle_r_actuator. bounds: [-1, 1]
[2023-03-11 03:29:28.781] [cout] [info]   /forceset/arm_flex_l_actuator. bounds: [-1, 1]
[2023-03-11 03:29:28.782] [cout] [info]   /forceset/hip_rotation_l_actuator. bounds: [-1, 1]
[2023-03-11 03:29:28.782] [cout] [info]   /forceset/knee_angle_l_actuator. bounds: [-1, 1]
[2023-03-11 03:29:28.782] [cout] [info]   /forceset/ankle_angle_l_actuator. bounds: [-1, 1]
[2023-03-11 03:29:28.782] [cout] [info]   /forceset/lumbar_extension_actuator. bounds: [-1, 1]
[2023-03-11 03:29:28.782] [cout] [info]   /forceset/lumbar_bending_actuator. bounds: [-1, 1]
[2023-03-11 03:29:28.782] [cout] [info]   /forceset/arm_add_r_actuator. bounds: [-1, 1]
[2023-03-11 03:29:28.782] [cout] [info]   /forceset/arm_rot_r_actuator. bounds: [-1, 1]
[2023-03-11 03:29:28.782] [cout] [info]   /forceset/pro_sup_r_actuator. bounds: [-1, 1]
[2023-03-11 03:29:28.782] [cout] [info]   /forceset/arm_add_l_actuator. bounds: [-1, 1]
[2023-03-11 03:29:28.782] [cout] [info]   /forceset/arm_rot_l_actuator. bounds: [-1, 1]
[2023-03-11 03:29:28.782] [cout] [info]   /forceset/pro_sup_l_actuator. bounds: [-1, 1]
[2023-03-11 03:29:28.782] [cout] [info] Parameters: none
[2023-03-11 03:29:28.949] [info] ExternalForce::externalforce Data source being set to Run_500 01_newCOP3_v24.mot
[2023-03-11 03:29:28.949] [info] ExternalForce::externalforce_0 Data source being set to Run_500 01_newCOP3_v24.mot
[2023-03-11 03:29:29.175] [info] ExternalForce::externalforce Data source being set to Run_500 01_newCOP3_v24.mot
[2023-03-11 03:29:29.175] [info] ExternalForce::externalforce_0 Data source being set to Run_500 01_newCOP3_v24.mot
[2023-03-11 03:29:29.347] [info] ExternalForce::externalforce Data source being set to Run_500 01_newCOP3_v24.mot
[2023-03-11 03:29:29.347] [info] ExternalForce::externalforce_0 Data source being set to Run_500 01_newCOP3_v24.mot
[2023-03-11 03:29:29.550] [info] ExternalForce::externalforce Data source being set to Run_500 01_newCOP3_v24.mot
[2023-03-11 03:29:29.550] [info] ExternalForce::externalforce_0 Data source being set to Run_500 01_newCOP3_v24.mot
[2023-03-11 03:29:29.777] [info] ExternalForce::externalforce Data source being set to Run_500 01_newCOP3_v24.mot
[2023-03-11 03:29:29.777] [info] ExternalForce::externalforce_0 Data source being set to Run_500 01_newCOP3_v24.mot
[2023-03-11 03:29:29.969] [info] ExternalForce::externalforce Data source being set to Run_500 01_newCOP3_v24.mot
[2023-03-11 03:29:29.969] [info] ExternalForce::externalforce_0 Data source being set to Run_500 01_newCOP3_v24.mot
[2023-03-11 03:29:30.187] [info] ExternalForce::externalforce Data source being set to Run_500 01_newCOP3_v24.mot
[2023-03-11 03:29:30.187] [info] ExternalForce::externalforce_0 Data source being set to Run_500 01_newCOP3_v24.mot
[2023-03-11 03:29:30.421] [info] ExternalForce::externalforce Data source being set to Run_500 01_newCOP3_v24.mot
[2023-03-11 03:29:30.422] [info] ExternalForce::externalforce_0 Data source being set to Run_500 01_newCOP3_v24.mot
[2023-03-11 03:29:30.669] [info] ExternalForce::externalforce Data source being set to Run_500 01_newCOP3_v24.mot
[2023-03-11 03:29:30.669] [info] ExternalForce::externalforce_0 Data source being set to Run_500 01_newCOP3_v24.mot
[2023-03-11 03:29:30.923] [info] ExternalForce::externalforce Data source being set to Run_500 01_newCOP3_v24.mot
[2023-03-11 03:29:30.923] [info] ExternalForce::externalforce_0 Data source being set to Run_500 01_newCOP3_v24.mot
[2023-03-11 03:29:31.180] [info] ExternalForce::externalforce Data source being set to Run_500 01_newCOP3_v24.mot
[2023-03-11 03:29:31.180] [info] ExternalForce::externalforce_0 Data source being set to Run_500 01_newCOP3_v24.mot
[2023-03-11 03:29:31.411] [info] ExternalForce::externalforce Data source being set to Run_500 01_newCOP3_v24.mot
[2023-03-11 03:29:31.412] [info] ExternalForce::externalforce_0 Data source being set to Run_500 01_newCOP3_v24.mot
[2023-03-11 03:29:31.620] [info] ExternalForce::externalforce Data source being set to Run_500 01_newCOP3_v24.mot
[2023-03-11 03:29:31.620] [info] ExternalForce::externalforce_0 Data source being set to Run_500 01_newCOP3_v24.mot
[2023-03-11 03:29:31.839] [info] ExternalForce::externalforce Data source being set to Run_500 01_newCOP3_v24.mot
[2023-03-11 03:29:31.840] [info] ExternalForce::externalforce_0 Data source being set to Run_500 01_newCOP3_v24.mot
[2023-03-11 03:29:32.074] [info] ExternalForce::externalforce Data source being set to Run_500 01_newCOP3_v24.mot
[2023-03-11 03:29:32.074] [info] ExternalForce::externalforce_0 Data source being set to Run_500 01_newCOP3_v24.mot
[2023-03-11 03:29:32.268] [info] ExternalForce::externalforce Data source being set to Run_500 01_newCOP3_v24.mot
[2023-03-11 03:29:32.268] [info] ExternalForce::externalforce_0 Data source being set to Run_500 01_newCOP3_v24.mot
[2023-03-11 03:29:32.332] [info] Number of threads: 8
[2023-03-11 03:53:08.057] [info] Set log level to Info.
[2023-03-11 03:53:08.088] [info] ------------------------------------------------------------------------
[2023-03-11 03:53:08.089] [info] Elapsed real time: 1419 second(s) (23 minute(s), 39 second(s)).
[2023-03-11 03:53:08.089] [info] Sat Mar 11 03:53:08 2023
[2023-03-11 03:53:08.089] [info] MocoCasADiSolver succeeded!
[2023-03-11 03:53:08.089] [info] ========================================================================
[2023-03-11 03:53:08.756] [info] Loaded model subject19_scaled from file ..\..\model\subject19_adjusted_scaled.osim
[2023-03-11 03:53:09.976] [cout] [info] 
               MODEL: subject19_scaled
         coordinates: 37
              forces: 92
           actuators: 92
             muscles: 92
            analyses: 0
              probes: 0
              bodies: 20
              joints: 20
         constraints: 0
             markers: 56
         controllers: 0
  contact geometries: 0
misc modelcomponents: 0
[2023-03-11 03:53:09.976] [info] Running tool subject10_scaled...
[2023-03-11 03:53:10.045] [warning] ExternalLoads 'externalloads' has subcomponents with duplicate name 'externalforce'. The duplicate is being renamed to 'externalforce_0'.
[2023-03-11 03:53:10.209] [info] ExternalForce::externalforce Data source being set to Run_500 01_newCOP3_v24.mot
[2023-03-11 03:53:10.209] [info] ExternalForce::externalforce_0 Data source being set to Run_500 01_newCOP3_v24.mot
[2023-03-11 03:53:11.063] [info] InverseDynamicsTool: 129 time frames in 748 millisecond(s).
[2023-12-06 05:55:26.208] [info] ExternalForce::externalforce Data source being set to Run_500 01_newCOP3_v24.mot
[2023-12-06 05:55:26.218] [info] ExternalForce::externalforce_0 Data source being set to Run_500 01_newCOP3_v24.mot
[2023-12-06 05:55:26.636] [info] ExternalForce::externalforce Data source being set to Run_500 01_newCOP3_v24.mot
[2023-12-06 05:55:26.636] [info] ExternalForce::externalforce_0 Data source being set to Run_500 01_newCOP3_v24.mot
[2023-12-06 05:55:26.733] [info] ExternalForce::externalforce Data source being set to Run_500 01_newCOP3_v24.mot
[2023-12-06 05:55:26.733] [info] ExternalForce::externalforce_0 Data source being set to Run_500 01_newCOP3_v24.mot
[2023-12-06 05:55:26.793] [info] ExternalForce::externalforce Data source being set to Run_500 01_newCOP3_v24.mot
[2023-12-06 05:55:26.794] [info] ExternalForce::externalforce_0 Data source being set to Run_500 01_newCOP3_v24.mot
[2023-12-06 05:55:26.864] [info] ExternalForce::externalforce Data source being set to Run_500 01_newCOP3_v24.mot
[2023-12-06 05:55:26.864] [info] ExternalForce::externalforce_0 Data source being set to Run_500 01_newCOP3_v24.mot
[2023-12-06 05:55:26.924] [info] ExternalForce::externalforce Data source being set to Run_500 01_newCOP3_v24.mot
[2023-12-06 05:55:26.924] [info] ExternalForce::externalforce_0 Data source being set to Run_500 01_newCOP3_v24.mot
[2023-12-06 05:55:26.999] [info] ExternalForce::externalforce Data source being set to Run_500 01_newCOP3_v24.mot
[2023-12-06 05:55:26.999] [info] ExternalForce::externalforce_0 Data source being set to Run_500 01_newCOP3_v24.mot
[2023-12-06 05:55:27.059] [info] ExternalForce::externalforce Data source being set to Run_500 01_newCOP3_v24.mot
[2023-12-06 05:55:27.060] [info] ExternalForce::externalforce_0 Data source being set to Run_500 01_newCOP3_v24.mot
[2023-12-06 05:55:27.129] [info] ExternalForce::externalforce Data source being set to Run_500 01_newCOP3_v24.mot
[2023-12-06 05:55:27.130] [info] ExternalForce::externalforce_0 Data source being set to Run_500 01_newCOP3_v24.mot
[2023-12-06 05:55:27.190] [info] ExternalForce::externalforce Data source being set to Run_500 01_newCOP3_v24.mot
[2023-12-06 05:55:27.191] [info] ExternalForce::externalforce_0 Data source being set to Run_500 01_newCOP3_v24.mot
[2023-12-06 05:55:27.264] [info] ExternalForce::externalforce Data source being set to Run_500 01_newCOP3_v24.mot
[2023-12-06 05:55:27.264] [info] ExternalForce::externalforce_0 Data source being set to Run_500 01_newCOP3_v24.mot
[2023-12-06 05:55:27.326] [info] ExternalForce::externalforce Data source being set to Run_500 01_newCOP3_v24.mot
[2023-12-06 05:55:27.326] [info] ExternalForce::externalforce_0 Data source being set to Run_500 01_newCOP3_v24.mot
[2023-12-06 05:55:27.402] [info] ExternalForce::externalforce Data source being set to Run_500 01_newCOP3_v24.mot
[2023-12-06 05:55:27.402] [info] ExternalForce::externalforce_0 Data source being set to Run_500 01_newCOP3_v24.mot
[2023-12-06 05:55:27.462] [info] ExternalForce::externalforce Data source being set to Run_500 01_newCOP3_v24.mot
[2023-12-06 05:55:27.462] [info] ExternalForce::externalforce_0 Data source being set to Run_500 01_newCOP3_v24.mot
[2023-12-06 05:55:27.540] [info] ExternalForce::externalforce Data source being set to Run_500 01_newCOP3_v24.mot
[2023-12-06 05:55:27.541] [info] ExternalForce::externalforce_0 Data source being set to Run_500 01_newCOP3_v24.mot
[2023-12-06 05:55:27.605] [info] ExternalForce::externalforce Data source being set to Run_500 01_newCOP3_v24.mot
[2023-12-06 05:55:27.605] [info] ExternalForce::externalforce_0 Data source being set to Run_500 01_newCOP3_v24.mot
[2023-12-06 05:55:27.679] [info] ExternalForce::externalforce Data source being set to Run_500 01_newCOP3_v24.mot
[2023-12-06 05:55:27.679] [info] ExternalForce::externalforce_0 Data source being set to Run_500 01_newCOP3_v24.mot
[2023-12-06 05:55:27.743] [info] ExternalForce::externalforce Data source being set to Run_500 01_newCOP3_v24.mot
[2023-12-06 05:55:27.743] [info] ExternalForce::externalforce_0 Data source being set to Run_500 01_newCOP3_v24.mot
[2023-12-06 05:55:27.819] [info] ExternalForce::externalforce Data source being set to Run_500 01_newCOP3_v24.mot
[2023-12-06 05:55:27.819] [info] ExternalForce::externalforce_0 Data source being set to Run_500 01_newCOP3_v24.mot
[2023-12-06 05:55:27.883] [info] ExternalForce::externalforce Data source being set to Run_500 01_newCOP3_v24.mot
[2023-12-06 05:55:27.883] [info] ExternalForce::externalforce_0 Data source being set to Run_500 01_newCOP3_v24.mot
[2023-12-06 05:55:27.962] [info] ExternalForce::externalforce Data source being set to Run_500 01_newCOP3_v24.mot
[2023-12-06 05:55:27.962] [info] ExternalForce::externalforce_0 Data source being set to Run_500 01_newCOP3_v24.mot
[2023-12-06 05:55:28.026] [info] ExternalForce::externalforce Data source being set to Run_500 01_newCOP3_v24.mot
[2023-12-06 05:55:28.026] [info] ExternalForce::externalforce_0 Data source being set to Run_500 01_newCOP3_v24.mot
[2023-12-06 05:55:28.397] [info] ExternalForce::externalforce Data source being set to Run_500 01_newCOP3_v24.mot
[2023-12-06 05:55:28.397] [info] ExternalForce::externalforce_0 Data source being set to Run_500 01_newCOP3_v24.mot
[2023-12-06 05:55:28.455] [info] ExternalForce::externalforce Data source being set to Run_500 01_newCOP3_v24.mot
[2023-12-06 05:55:28.455] [info] ExternalForce::externalforce_0 Data source being set to Run_500 01_newCOP3_v24.mot
[2023-12-06 05:55:28.524] [info] ExternalForce::externalforce Data source being set to Run_500 01_newCOP3_v24.mot
[2023-12-06 05:55:28.524] [info] ExternalForce::externalforce_0 Data source being set to Run_500 01_newCOP3_v24.mot
[2023-12-06 05:55:28.583] [info] ExternalForce::externalforce Data source being set to Run_500 01_newCOP3_v24.mot
[2023-12-06 05:55:28.583] [info] ExternalForce::externalforce_0 Data source being set to Run_500 01_newCOP3_v24.mot
[2023-12-06 05:55:28.676] [info] ExternalForce::externalforce Data source being set to Run_500 01_newCOP3_v24.mot
[2023-12-06 05:55:28.676] [info] ExternalForce::externalforce_0 Data source being set to Run_500 01_newCOP3_v24.mot
[2023-12-06 05:55:28.731] [info] ExternalForce::externalforce Data source being set to Run_500 01_newCOP3_v24.mot
[2023-12-06 05:55:28.731] [info] ExternalForce::externalforce_0 Data source being set to Run_500 01_newCOP3_v24.mot
[2023-12-06 05:55:28.805] [info] ExternalForce::externalforce Data source being set to Run_500 01_newCOP3_v24.mot
[2023-12-06 05:55:28.805] [info] ExternalForce::externalforce_0 Data source being set to Run_500 01_newCOP3_v24.mot
[2023-12-06 05:55:28.863] [info] ExternalForce::externalforce Data source being set to Run_500 01_newCOP3_v24.mot
[2023-12-06 05:55:28.863] [info] ExternalForce::externalforce_0 Data source being set to Run_500 01_newCOP3_v24.mot
[2023-12-06 05:55:28.883] [info] ========================================================================
[2023-12-06 05:55:28.883] [info] MocoCasADiSolver starting.
[2023-12-06 05:55:28.883] [info] Wed Dec  6 05:55:28 2023
[2023-12-06 05:55:28.883] [info] ------------------------------------------------------------------------
[2023-12-06 05:55:28.883] [cout] [info] Costs: (total: 2)
[2023-12-06 05:55:28.883] [cout] [info]   state_tracking. MocoStateTrackingGoal, enabled: true, mode: cost, weight: 1.0
[2023-12-06 05:55:28.883] [cout] [info]         state: /jointset/ground_pelvis/pelvis_tilt/value, weight: 750.0
[2023-12-06 05:55:28.883] [cout] [info]         state: /jointset/ground_pelvis/pelvis_list/value, weight: 250.0
[2023-12-06 05:55:28.883] [cout] [info]         state: /jointset/ground_pelvis/pelvis_rotation/value, weight: 50.0
[2023-12-06 05:55:28.883] [cout] [info]         state: /jointset/ground_pelvis/pelvis_tx/value, weight: 25.0
[2023-12-06 05:55:28.883] [cout] [info]         state: /jointset/ground_pelvis/pelvis_ty/value, weight: 100.0
[2023-12-06 05:55:28.883] [cout] [info]         state: /jointset/ground_pelvis/pelvis_tz/value, weight: 25.0
[2023-12-06 05:55:28.883] [cout] [info]         state: /jointset/hip_r/hip_flexion_r/value, weight: 75.0
[2023-12-06 05:55:28.883] [cout] [info]         state: /jointset/hip_r/hip_adduction_r/value, weight: 50.0
[2023-12-06 05:55:28.883] [cout] [info]         state: /jointset/hip_r/hip_rotation_r/value, weight: 10.0
[2023-12-06 05:55:28.883] [cout] [info]         state: /jointset/knee_r/knee_angle_r/value, weight: 10.0
[2023-12-06 05:55:28.883] [cout] [info]         state: /jointset/ankle_r/ankle_angle_r/value, weight: 10.0
[2023-12-06 05:55:28.883] [cout] [info]         state: /jointset/hip_l/hip_flexion_l/value, weight: 75.0
[2023-12-06 05:55:28.883] [cout] [info]         state: /jointset/hip_l/hip_adduction_l/value, weight: 50.0
[2023-12-06 05:55:28.883] [cout] [info]         state: /jointset/hip_l/hip_rotation_l/value, weight: 10.0
[2023-12-06 05:55:28.883] [cout] [info]         state: /jointset/knee_l/knee_angle_l/value, weight: 10.0
[2023-12-06 05:55:28.883] [cout] [info]         state: /jointset/ankle_l/ankle_angle_l/value, weight: 10.0
[2023-12-06 05:55:28.883] [cout] [info]         state: /jointset/back/lumbar_extension/value, weight: 75.0
[2023-12-06 05:55:28.883] [cout] [info]         state: /jointset/back/lumbar_bending/value, weight: 50.0
[2023-12-06 05:55:28.883] [cout] [info]         state: /jointset/back/lumbar_rotation/value, weight: 25.0
[2023-12-06 05:55:28.883] [cout] [info]         state: /jointset/acromial_r/arm_flex_r/value, weight: 1.0
[2023-12-06 05:55:28.883] [cout] [info]         state: /jointset/acromial_r/arm_add_r/value, weight: 1.0
[2023-12-06 05:55:28.883] [cout] [info]         state: /jointset/acromial_r/arm_rot_r/value, weight: 1.0
[2023-12-06 05:55:28.883] [cout] [info]         state: /jointset/elbow_r/elbow_flex_r/value, weight: 1.0
[2023-12-06 05:55:28.883] [cout] [info]         state: /jointset/radioulnar_r/pro_sup_r/value, weight: 1.0
[2023-12-06 05:55:28.883] [cout] [info]         state: /jointset/acromial_l/arm_flex_l/value, weight: 1.0
[2023-12-06 05:55:28.883] [cout] [info]         state: /jointset/acromial_l/arm_add_l/value, weight: 1.0
[2023-12-06 05:55:28.883] [cout] [info]         state: /jointset/acromial_l/arm_rot_l/value, weight: 1.0
[2023-12-06 05:55:28.883] [cout] [info]         state: /jointset/elbow_l/elbow_flex_l/value, weight: 1.0
[2023-12-06 05:55:28.883] [cout] [info]         state: /jointset/radioulnar_l/pro_sup_l/value, weight: 1.0
[2023-12-06 05:55:28.883] [cout] [info]         state: /jointset/subtalar_r/subtalar_angle_r/value, weight: 0.0
[2023-12-06 05:55:28.883] [cout] [info]         state: /jointset/mtp_r/mtp_angle_r/value, weight: 0.0
[2023-12-06 05:55:28.883] [cout] [info]         state: /jointset/subtalar_l/subtalar_angle_l/value, weight: 0.0
[2023-12-06 05:55:28.883] [cout] [info]         state: /jointset/mtp_l/mtp_angle_l/value, weight: 0.0
[2023-12-06 05:55:28.883] [cout] [info]         state: /jointset/radius_hand_r/wrist_flex_r/value, weight: 0.0
[2023-12-06 05:55:28.883] [cout] [info]         state: /jointset/radius_hand_r/wrist_dev_r/value, weight: 0.0
[2023-12-06 05:55:28.883] [cout] [info]         state: /jointset/radius_hand_l/wrist_flex_l/value, weight: 0.0
[2023-12-06 05:55:28.883] [cout] [info]         state: /jointset/radius_hand_l/wrist_dev_l/value, weight: 0.0
[2023-12-06 05:55:28.883] [cout] [info]         state: /jointset/ground_pelvis/pelvis_tilt/speed, weight: 7.5
[2023-12-06 05:55:28.883] [cout] [info]         state: /jointset/ground_pelvis/pelvis_list/speed, weight: 2.5
[2023-12-06 05:55:28.883] [cout] [info]         state: /jointset/ground_pelvis/pelvis_rotation/speed, weight: 0.5
[2023-12-06 05:55:28.883] [cout] [info]         state: /jointset/ground_pelvis/pelvis_tx/speed, weight: 0.25
[2023-12-06 05:55:28.884] [cout] [info]         state: /jointset/ground_pelvis/pelvis_ty/speed, weight: 1.0
[2023-12-06 05:55:28.884] [cout] [info]         state: /jointset/ground_pelvis/pelvis_tz/speed, weight: 0.25
[2023-12-06 05:55:28.884] [cout] [info]         state: /jointset/hip_r/hip_flexion_r/speed, weight: 0.75
[2023-12-06 05:55:28.884] [cout] [info]         state: /jointset/hip_r/hip_adduction_r/speed, weight: 0.5
[2023-12-06 05:55:28.884] [cout] [info]         state: /jointset/hip_r/hip_rotation_r/speed, weight: 0.1
[2023-12-06 05:55:28.884] [cout] [info]         state: /jointset/knee_r/knee_angle_r/speed, weight: 0.1
[2023-12-06 05:55:28.884] [cout] [info]         state: /jointset/ankle_r/ankle_angle_r/speed, weight: 0.1
[2023-12-06 05:55:28.884] [cout] [info]         state: /jointset/subtalar_r/subtalar_angle_r/speed, weight: 0.0
[2023-12-06 05:55:28.884] [cout] [info]         state: /jointset/mtp_r/mtp_angle_r/speed, weight: 0.0
[2023-12-06 05:55:28.884] [cout] [info]         state: /jointset/hip_l/hip_flexion_l/speed, weight: 0.75
[2023-12-06 05:55:28.884] [cout] [info]         state: /jointset/hip_l/hip_adduction_l/speed, weight: 0.5
[2023-12-06 05:55:28.884] [cout] [info]         state: /jointset/hip_l/hip_rotation_l/speed, weight: 0.1
[2023-12-06 05:55:28.884] [cout] [info]         state: /jointset/knee_l/knee_angle_l/speed, weight: 0.1
[2023-12-06 05:55:28.884] [cout] [info]         state: /jointset/ankle_l/ankle_angle_l/speed, weight: 0.1
[2023-12-06 05:55:28.884] [cout] [info]         state: /jointset/subtalar_l/subtalar_angle_l/speed, weight: 0.0
[2023-12-06 05:55:28.884] [cout] [info]         state: /jointset/mtp_l/mtp_angle_l/speed, weight: 0.0
[2023-12-06 05:55:28.884] [cout] [info]         state: /jointset/back/lumbar_extension/speed, weight: 0.75
[2023-12-06 05:55:28.884] [cout] [info]         state: /jointset/back/lumbar_bending/speed, weight: 0.5
[2023-12-06 05:55:28.884] [cout] [info]         state: /jointset/back/lumbar_rotation/speed, weight: 0.25
[2023-12-06 05:55:28.884] [cout] [info]         state: /jointset/acromial_r/arm_flex_r/speed, weight: 0.01
[2023-12-06 05:55:28.884] [cout] [info]         state: /jointset/acromial_r/arm_add_r/speed, weight: 0.01
[2023-12-06 05:55:28.884] [cout] [info]         state: /jointset/acromial_r/arm_rot_r/speed, weight: 0.01
[2023-12-06 05:55:28.884] [cout] [info]         state: /jointset/elbow_r/elbow_flex_r/speed, weight: 0.01
[2023-12-06 05:55:28.884] [cout] [info]         state: /jointset/radioulnar_r/pro_sup_r/speed, weight: 0.01
[2023-12-06 05:55:28.884] [cout] [info]         state: /jointset/radius_hand_r/wrist_flex_r/speed, weight: 0.0
[2023-12-06 05:55:28.884] [cout] [info]         state: /jointset/radius_hand_r/wrist_dev_r/speed, weight: 0.0
[2023-12-06 05:55:28.884] [cout] [info]         state: /jointset/acromial_l/arm_flex_l/speed, weight: 0.01
[2023-12-06 05:55:28.884] [cout] [info]         state: /jointset/acromial_l/arm_add_l/speed, weight: 0.01
[2023-12-06 05:55:28.884] [cout] [info]         state: /jointset/acromial_l/arm_rot_l/speed, weight: 0.01
[2023-12-06 05:55:28.884] [cout] [info]         state: /jointset/elbow_l/elbow_flex_l/speed, weight: 0.01
[2023-12-06 05:55:28.884] [cout] [info]         state: /jointset/radioulnar_l/pro_sup_l/speed, weight: 0.01
[2023-12-06 05:55:28.884] [cout] [info]         state: /jointset/radius_hand_l/wrist_flex_l/speed, weight: 0.0
[2023-12-06 05:55:28.884] [cout] [info]         state: /jointset/radius_hand_l/wrist_dev_l/speed, weight: 0.0
[2023-12-06 05:55:28.884] [cout] [info]   control_effort. MocoControlGoal, enabled: true, mode: cost, weight: 0.00100000
[2023-12-06 05:55:28.884] [cout] [info]         control: /forceset/pelvis_tx_actuator, weight: 1.0
[2023-12-06 05:55:28.884] [cout] [info]         control: /forceset/pelvis_ty_actuator, weight: 1.0
[2023-12-06 05:55:28.884] [cout] [info]         control: /forceset/pelvis_tz_actuator, weight: 1.0
[2023-12-06 05:55:28.884] [cout] [info]         control: /forceset/pelvis_tilt_actuator, weight: 1.0
[2023-12-06 05:55:28.884] [cout] [info]         control: /forceset/pelvis_list_actuator, weight: 1.0
[2023-12-06 05:55:28.884] [cout] [info]         control: /forceset/pelvis_rotation_actuator, weight: 1.0
[2023-12-06 05:55:28.884] [cout] [info]         control: /forceset/hip_flexion_r_actuator, weight: 1.0
[2023-12-06 05:55:28.884] [cout] [info]         control: /forceset/hip_adduction_r_actuator, weight: 1.0
[2023-12-06 05:55:28.884] [cout] [info]         control: /forceset/hip_rotation_r_actuator, weight: 1.0
[2023-12-06 05:55:28.884] [cout] [info]         control: /forceset/knee_angle_r_actuator, weight: 1.0
[2023-12-06 05:55:28.884] [cout] [info]         control: /forceset/ankle_angle_r_actuator, weight: 1.0
[2023-12-06 05:55:28.884] [cout] [info]         control: /forceset/hip_flexion_l_actuator, weight: 1.0
[2023-12-06 05:55:28.884] [cout] [info]         control: /forceset/hip_adduction_l_actuator, weight: 1.0
[2023-12-06 05:55:28.884] [cout] [info]         control: /forceset/hip_rotation_l_actuator, weight: 1.0
[2023-12-06 05:55:28.884] [cout] [info]         control: /forceset/knee_angle_l_actuator, weight: 1.0
[2023-12-06 05:55:28.884] [cout] [info]         control: /forceset/ankle_angle_l_actuator, weight: 1.0
[2023-12-06 05:55:28.884] [cout] [info]         control: /forceset/lumbar_extension_actuator, weight: 1.0
[2023-12-06 05:55:28.884] [cout] [info]         control: /forceset/lumbar_bending_actuator, weight: 1.0
[2023-12-06 05:55:28.884] [cout] [info]         control: /forceset/lumbar_rotation_actuator, weight: 1.0
[2023-12-06 05:55:28.884] [cout] [info]         control: /forceset/arm_flex_r_actuator, weight: 1.0
[2023-12-06 05:55:28.884] [cout] [info]         control: /forceset/arm_add_r_actuator, weight: 1.0
[2023-12-06 05:55:28.884] [cout] [info]         control: /forceset/arm_rot_r_actuator, weight: 1.0
[2023-12-06 05:55:28.884] [cout] [info]         control: /forceset/elbow_flex_r_actuator, weight: 1.0
[2023-12-06 05:55:28.884] [cout] [info]         control: /forceset/pro_sup_r_actuator, weight: 1.0
[2023-12-06 05:55:28.884] [cout] [info]         control: /forceset/arm_flex_l_actuator, weight: 1.0
[2023-12-06 05:55:28.884] [cout] [info]         control: /forceset/arm_add_l_actuator, weight: 1.0
[2023-12-06 05:55:28.884] [cout] [info]         control: /forceset/arm_rot_l_actuator, weight: 1.0
[2023-12-06 05:55:28.884] [cout] [info]         control: /forceset/elbow_flex_l_actuator, weight: 1.0
[2023-12-06 05:55:28.884] [cout] [info]         control: /forceset/pro_sup_l_actuator, weight: 1.0
[2023-12-06 05:55:28.884] [cout] [info] Endpoint constraints: none
[2023-12-06 05:55:28.884] [cout] [info] Kinematic constraints: (total: 8)
[2023-12-06 05:55:28.884] [cout] [info]   kinematic_constraint_cid27. MocoConstraintInfo. number of scalar equations: 3. bounds: 0, 0, 0
[2023-12-06 05:55:28.884] [cout] [info]   kinematic_constraint_cid28. MocoConstraintInfo. number of scalar equations: 3. bounds: 0, 0, 0
[2023-12-06 05:55:28.884] [cout] [info]   kinematic_constraint_cid31. MocoConstraintInfo. number of scalar equations: 3. bounds: 0, 0, 0
[2023-12-06 05:55:28.884] [cout] [info]   kinematic_constraint_cid32. MocoConstraintInfo. number of scalar equations: 3. bounds: 0, 0, 0
[2023-12-06 05:55:28.884] [cout] [info]   kinematic_constraint_cid33. MocoConstraintInfo. number of scalar equations: 3. bounds: 0, 0, 0
[2023-12-06 05:55:28.884] [cout] [info]   kinematic_constraint_cid34. MocoConstraintInfo. number of scalar equations: 3. bounds: 0, 0, 0
[2023-12-06 05:55:28.884] [cout] [info]   kinematic_constraint_cid35. MocoConstraintInfo. number of scalar equations: 3. bounds: 0, 0, 0
[2023-12-06 05:55:28.884] [cout] [info]   kinematic_constraint_cid36. MocoConstraintInfo. number of scalar equations: 3. bounds: 0, 0, 0
[2023-12-06 05:55:28.884] [cout] [info] Path constraints: none
[2023-12-06 05:55:28.884] [cout] [info] States: (total: 74)
[2023-12-06 05:55:28.884] [cout] [info]   /jointset/ground_pelvis/pelvis_tilt/value. bounds: [-0.453599, 0.128065]
[2023-12-06 05:55:28.884] [cout] [info]   /jointset/ground_pelvis/pelvis_list/value. bounds: [-0.350597, 0.301292]
[2023-12-06 05:55:28.884] [cout] [info]   /jointset/radioulnar_r/pro_sup_r/value. bounds: [0.896356, 1.71378]
[2023-12-06 05:55:28.884] [cout] [info]   /jointset/ground_pelvis/pelvis_rotation/value. bounds: [-0.323058, 0.296484]
[2023-12-06 05:55:28.884] [cout] [info]   /jointset/ground_pelvis/pelvis_tx/value. bounds: [0.866204, 1.42174]
[2023-12-06 05:55:28.884] [cout] [info]   /jointset/elbow_r/elbow_flex_r/value. bounds: [0.703877, 2.36465]
[2023-12-06 05:55:28.884] [cout] [info]   /jointset/ground_pelvis/pelvis_ty/value. bounds: [0.825355, 1.14082]
[2023-12-06 05:55:28.884] [cout] [info]   /jointset/radius_hand_l/wrist_flex_l/speed. bounds: [-50, 50]
[2023-12-06 05:55:28.884] [cout] [info]   /jointset/ground_pelvis/pelvis_tz/value. bounds: [-0.529949, -0.0833328]
[2023-12-06 05:55:28.884] [cout] [info]   /jointset/hip_r/hip_adduction_r/speed. bounds: [-50, 50]
[2023-12-06 05:55:28.884] [cout] [info]   /jointset/ankle_r/ankle_angle_r/value. bounds: [-0.729295, 0.600273]
[2023-12-06 05:55:28.884] [cout] [info]   /jointset/hip_r/hip_flexion_r/value. bounds: [-0.436387, 1.21729]
[2023-12-06 05:55:28.884] [cout] [info]   /jointset/hip_r/hip_adduction_r/value. bounds: [-0.212197, 0.406157]
[2023-12-06 05:55:28.884] [cout] [info]   /jointset/back/lumbar_rotation/speed. bounds: [-50, 50]
[2023-12-06 05:55:28.884] [cout] [info]   /jointset/hip_r/hip_rotation_r/value. bounds: [-0.231565, 0.320045]
[2023-12-06 05:55:28.884] [cout] [info]   /jointset/mtp_l/mtp_angle_l/speed. bounds: [-50, 50]
[2023-12-06 05:55:28.884] [cout] [info]   /jointset/knee_r/knee_angle_r/value. bounds: [-2.66915, 0.126869]
[2023-12-06 05:55:28.884] [cout] [info]   /jointset/subtalar_r/subtalar_angle_r/value. bounds: [-1.5708, 1.5708]
[2023-12-06 05:55:28.884] [cout] [info]   /jointset/hip_l/hip_flexion_l/value. bounds: [-0.497294, 1.33712]
[2023-12-06 05:55:28.884] [cout] [info]   /jointset/hip_l/hip_adduction_l/value. bounds: [-0.285633, 0.362351]
[2023-12-06 05:55:28.884] [cout] [info]   /jointset/hip_l/hip_rotation_l/value. bounds: [-0.256159, 0.236687]
[2023-12-06 05:55:28.884] [cout] [info]   /jointset/knee_l/knee_angle_l/value. bounds: [-2.72863, 0.104781]
[2023-12-06 05:55:28.884] [cout] [info]   /jointset/knee_r/knee_angle_r/speed. bounds: [-50, 50]
[2023-12-06 05:55:28.884] [cout] [info]   /jointset/ankle_l/ankle_angle_l/value. bounds: [-0.79978, 0.536089]
[2023-12-06 05:55:28.885] [cout] [info]   /jointset/back/lumbar_extension/value. bounds: [-0.384786, 0.317526]
[2023-12-06 05:55:28.885] [cout] [info]   /jointset/back/lumbar_bending/value. bounds: [-0.301127, 0.310014]
[2023-12-06 05:55:28.885] [cout] [info]   /jointset/back/lumbar_rotation/value. bounds: [-0.362723, 0.450803]
[2023-12-06 05:55:28.885] [cout] [info]   /jointset/acromial_r/arm_flex_r/value. bounds: [-1.04182, -0.265258]
[2023-12-06 05:55:28.885] [cout] [info]   /jointset/acromial_r/arm_add_r/value. bounds: [-0.372489, -0.0652485]
[2023-12-06 05:55:28.885] [cout] [info]   /jointset/acromial_r/arm_rot_r/value. bounds: [-0.555766, 0.0605997]
[2023-12-06 05:55:28.885] [cout] [info]   /jointset/acromial_l/arm_flex_l/value. bounds: [-1.29235, 0.00624058]
[2023-12-06 05:55:28.885] [cout] [info]   /jointset/acromial_l/arm_add_l/value. bounds: [-0.576297, -0.172276]
[2023-12-06 05:55:28.885] [cout] [info]   /jointset/acromial_l/arm_rot_l/value. bounds: [-0.422306, 0.246328]
[2023-12-06 05:55:28.885] [cout] [info]   /jointset/elbow_l/elbow_flex_l/value. bounds: [1.05821, 2.79253]
[2023-12-06 05:55:28.885] [cout] [info]   /jointset/radioulnar_l/pro_sup_l/value. bounds: [1.29586, 1.94178]
[2023-12-06 05:55:28.885] [cout] [info]   /jointset/ground_pelvis/pelvis_tilt/speed. bounds: [-50, 50]
[2023-12-06 05:55:28.885] [cout] [info]   /jointset/ground_pelvis/pelvis_list/speed. bounds: [-50, 50]
[2023-12-06 05:55:28.885] [cout] [info]   /jointset/radioulnar_r/pro_sup_r/speed. bounds: [-50, 50]
[2023-12-06 05:55:28.885] [cout] [info]   /jointset/ground_pelvis/pelvis_rotation/speed. bounds: [-50, 50]
[2023-12-06 05:55:28.885] [cout] [info]   /jointset/ground_pelvis/pelvis_tx/speed. bounds: [-50, 50]
[2023-12-06 05:55:28.885] [cout] [info]   /jointset/elbow_r/elbow_flex_r/speed. bounds: [-50, 50]
[2023-12-06 05:55:28.885] [cout] [info]   /jointset/ground_pelvis/pelvis_ty/speed. bounds: [-50, 50]
[2023-12-06 05:55:28.885] [cout] [info]   /jointset/ground_pelvis/pelvis_tz/speed. bounds: [-50, 50]
[2023-12-06 05:55:28.885] [cout] [info]   /jointset/ankle_r/ankle_angle_r/speed. bounds: [-50, 50]
[2023-12-06 05:55:28.885] [cout] [info]   /jointset/hip_r/hip_flexion_r/speed. bounds: [-50, 50]
[2023-12-06 05:55:28.885] [cout] [info]   /jointset/hip_r/hip_rotation_r/speed. bounds: [-50, 50]
[2023-12-06 05:55:28.885] [cout] [info]   /jointset/hip_l/hip_flexion_l/speed. bounds: [-50, 50]
[2023-12-06 05:55:28.885] [cout] [info]   /jointset/subtalar_r/subtalar_angle_r/speed. bounds: [-50, 50]
[2023-12-06 05:55:28.885] [cout] [info]   /jointset/mtp_r/mtp_angle_r/value. bounds: [-1.5708, 1.5708]
[2023-12-06 05:55:28.885] [cout] [info]   /jointset/mtp_r/mtp_angle_r/speed. bounds: [-50, 50]
[2023-12-06 05:55:28.885] [cout] [info]   /jointset/hip_l/hip_adduction_l/speed. bounds: [-50, 50]
[2023-12-06 05:55:28.885] [cout] [info]   /jointset/hip_l/hip_rotation_l/speed. bounds: [-50, 50]
[2023-12-06 05:55:28.885] [cout] [info]   /jointset/knee_l/knee_angle_l/speed. bounds: [-50, 50]
[2023-12-06 05:55:28.885] [cout] [info]   /jointset/ankle_l/ankle_angle_l/speed. bounds: [-50, 50]
[2023-12-06 05:55:28.885] [cout] [info]   /jointset/subtalar_l/subtalar_angle_l/value. bounds: [-1.5708, 1.5708]
[2023-12-06 05:55:28.885] [cout] [info]   /jointset/subtalar_l/subtalar_angle_l/speed. bounds: [-50, 50]
[2023-12-06 05:55:28.885] [cout] [info]   /jointset/mtp_l/mtp_angle_l/value. bounds: [-1.0472, 1.0472]
[2023-12-06 05:55:28.885] [cout] [info]   /jointset/back/lumbar_extension/speed. bounds: [-50, 50]
[2023-12-06 05:55:28.885] [cout] [info]   /jointset/back/lumbar_bending/speed. bounds: [-50, 50]
[2023-12-06 05:55:28.885] [cout] [info]   /jointset/acromial_r/arm_flex_r/speed. bounds: [-50, 50]
[2023-12-06 05:55:28.885] [cout] [info]   /jointset/acromial_r/arm_add_r/speed. bounds: [-50, 50]
[2023-12-06 05:55:28.885] [cout] [info]   /jointset/acromial_r/arm_rot_r/speed. bounds: [-50, 50]
[2023-12-06 05:55:28.885] [cout] [info]   /jointset/radius_hand_r/wrist_flex_r/value. bounds: [-1.22173, 1.22173]
[2023-12-06 05:55:28.885] [cout] [info]   /jointset/radius_hand_r/wrist_flex_r/speed. bounds: [-50, 50]
[2023-12-06 05:55:28.885] [cout] [info]   /jointset/radius_hand_r/wrist_dev_r/value. bounds: [-0.436332, 0.610865]
[2023-12-06 05:55:28.885] [cout] [info]   /jointset/radius_hand_r/wrist_dev_r/speed. bounds: [-50, 50]
[2023-12-06 05:55:28.885] [cout] [info]   /jointset/acromial_l/arm_flex_l/speed. bounds: [-50, 50]
[2023-12-06 05:55:28.885] [cout] [info]   /jointset/acromial_l/arm_add_l/speed. bounds: [-50, 50]
[2023-12-06 05:55:28.885] [cout] [info]   /jointset/acromial_l/arm_rot_l/speed. bounds: [-50, 50]
[2023-12-06 05:55:28.885] [cout] [info]   /jointset/elbow_l/elbow_flex_l/speed. bounds: [-50, 50]
[2023-12-06 05:55:28.885] [cout] [info]   /jointset/radioulnar_l/pro_sup_l/speed. bounds: [-50, 50]
[2023-12-06 05:55:28.885] [cout] [info]   /jointset/radius_hand_l/wrist_flex_l/value. bounds: [-1.22173, 1.22173]
[2023-12-06 05:55:28.885] [cout] [info]   /jointset/radius_hand_l/wrist_dev_l/value. bounds: [-0.436332, 0.610865]
[2023-12-06 05:55:28.885] [cout] [info]   /jointset/radius_hand_l/wrist_dev_l/speed. bounds: [-50, 50]
[2023-12-06 05:55:28.885] [cout] [info] Controls: (total: 29)
[2023-12-06 05:55:28.885] [cout] [info]   /forceset/pelvis_tx_actuator. bounds: [-10000, 10000]
[2023-12-06 05:55:28.885] [cout] [info]   /forceset/pelvis_ty_actuator. bounds: [-10000, 10000]
[2023-12-06 05:55:28.885] [cout] [info]   /forceset/pelvis_tz_actuator. bounds: [-10000, 10000]
[2023-12-06 05:55:28.885] [cout] [info]   /forceset/arm_flex_r_actuator. bounds: [-1, 1]
[2023-12-06 05:55:28.885] [cout] [info]   /forceset/hip_rotation_r_actuator. bounds: [-1, 1]
[2023-12-06 05:55:28.885] [cout] [info]   /forceset/pelvis_tilt_actuator. bounds: [-10000, 10000]
[2023-12-06 05:55:28.885] [cout] [info]   /forceset/pelvis_list_actuator. bounds: [-10000, 10000]
[2023-12-06 05:55:28.885] [cout] [info]   /forceset/pelvis_rotation_actuator. bounds: [-10000, 10000]
[2023-12-06 05:55:28.885] [cout] [info]   /forceset/elbow_flex_l_actuator. bounds: [-1, 1]
[2023-12-06 05:55:28.885] [cout] [info]   /forceset/hip_adduction_l_actuator. bounds: [-1, 1]
[2023-12-06 05:55:28.885] [cout] [info]   /forceset/hip_flexion_r_actuator. bounds: [-1, 1]
[2023-12-06 05:55:28.885] [cout] [info]   /forceset/elbow_flex_r_actuator. bounds: [-1, 1]
[2023-12-06 05:55:28.885] [cout] [info]   /forceset/hip_flexion_l_actuator. bounds: [-1, 1]
[2023-12-06 05:55:28.885] [cout] [info]   /forceset/hip_adduction_r_actuator. bounds: [-1, 1]
[2023-12-06 05:55:28.885] [cout] [info]   /forceset/knee_angle_r_actuator. bounds: [-1, 1]
[2023-12-06 05:55:28.885] [cout] [info]   /forceset/lumbar_rotation_actuator. bounds: [-1, 1]
[2023-12-06 05:55:28.885] [cout] [info]   /forceset/ankle_angle_r_actuator. bounds: [-1, 1]
[2023-12-06 05:55:28.885] [cout] [info]   /forceset/arm_flex_l_actuator. bounds: [-1, 1]
[2023-12-06 05:55:28.885] [cout] [info]   /forceset/hip_rotation_l_actuator. bounds: [-1, 1]
[2023-12-06 05:55:28.885] [cout] [info]   /forceset/knee_angle_l_actuator. bounds: [-1, 1]
[2023-12-06 05:55:28.885] [cout] [info]   /forceset/ankle_angle_l_actuator. bounds: [-1, 1]
[2023-12-06 05:55:28.885] [cout] [info]   /forceset/lumbar_extension_actuator. bounds: [-1, 1]
[2023-12-06 05:55:28.885] [cout] [info]   /forceset/lumbar_bending_actuator. bounds: [-1, 1]
[2023-12-06 05:55:28.885] [cout] [info]   /forceset/arm_add_r_actuator. bounds: [-1, 1]
[2023-12-06 05:55:28.885] [cout] [info]   /forceset/arm_rot_r_actuator. bounds: [-1, 1]
[2023-12-06 05:55:28.885] [cout] [info]   /forceset/pro_sup_r_actuator. bounds: [-1, 1]
[2023-12-06 05:55:28.885] [cout] [info]   /forceset/arm_add_l_actuator. bounds: [-1, 1]
[2023-12-06 05:55:28.885] [cout] [info]   /forceset/arm_rot_l_actuator. bounds: [-1, 1]
[2023-12-06 05:55:28.885] [cout] [info]   /forceset/pro_sup_l_actuator. bounds: [-1, 1]
[2023-12-06 05:55:28.885] [cout] [info] Parameters: none
[2023-12-06 05:55:28.938] [info] ExternalForce::externalforce Data source being set to Run_500 01_newCOP3_v24.mot
[2023-12-06 05:55:28.938] [info] ExternalForce::externalforce_0 Data source being set to Run_500 01_newCOP3_v24.mot
[2023-12-06 05:55:28.996] [info] ExternalForce::externalforce Data source being set to Run_500 01_newCOP3_v24.mot
[2023-12-06 05:55:28.996] [info] ExternalForce::externalforce_0 Data source being set to Run_500 01_newCOP3_v24.mot
[2023-12-06 05:55:29.065] [info] ExternalForce::externalforce Data source being set to Run_500 01_newCOP3_v24.mot
[2023-12-06 05:55:29.065] [info] ExternalForce::externalforce_0 Data source being set to Run_500 01_newCOP3_v24.mot
[2023-12-06 05:55:29.127] [info] ExternalForce::externalforce Data source being set to Run_500 01_newCOP3_v24.mot
[2023-12-06 05:55:29.127] [info] ExternalForce::externalforce_0 Data source being set to Run_500 01_newCOP3_v24.mot
[2023-12-06 05:55:29.206] [info] ExternalForce::externalforce Data source being set to Run_500 01_newCOP3_v24.mot
[2023-12-06 05:55:29.206] [info] ExternalForce::externalforce_0 Data source being set to Run_500 01_newCOP3_v24.mot
[2023-12-06 05:55:29.268] [info] ExternalForce::externalforce Data source being set to Run_500 01_newCOP3_v24.mot
[2023-12-06 05:55:29.268] [info] ExternalForce::externalforce_0 Data source being set to Run_500 01_newCOP3_v24.mot
[2023-12-06 05:55:29.340] [info] ExternalForce::externalforce Data source being set to Run_500 01_newCOP3_v24.mot
[2023-12-06 05:55:29.340] [info] ExternalForce::externalforce_0 Data source being set to Run_500 01_newCOP3_v24.mot
[2023-12-06 05:55:29.402] [info] ExternalForce::externalforce Data source being set to Run_500 01_newCOP3_v24.mot
[2023-12-06 05:55:29.402] [info] ExternalForce::externalforce_0 Data source being set to Run_500 01_newCOP3_v24.mot
[2023-12-06 05:55:29.475] [info] ExternalForce::externalforce Data source being set to Run_500 01_newCOP3_v24.mot
[2023-12-06 05:55:29.475] [info] ExternalForce::externalforce_0 Data source being set to Run_500 01_newCOP3_v24.mot
[2023-12-06 05:55:29.537] [info] ExternalForce::externalforce Data source being set to Run_500 01_newCOP3_v24.mot
[2023-12-06 05:55:29.537] [info] ExternalForce::externalforce_0 Data source being set to Run_500 01_newCOP3_v24.mot
[2023-12-06 05:55:29.613] [info] ExternalForce::externalforce Data source being set to Run_500 01_newCOP3_v24.mot
[2023-12-06 05:55:29.613] [info] ExternalForce::externalforce_0 Data source being set to Run_500 01_newCOP3_v24.mot
[2023-12-06 05:55:29.679] [info] ExternalForce::externalforce Data source being set to Run_500 01_newCOP3_v24.mot
[2023-12-06 05:55:29.679] [info] ExternalForce::externalforce_0 Data source being set to Run_500 01_newCOP3_v24.mot
[2023-12-06 05:55:29.756] [info] ExternalForce::externalforce Data source being set to Run_500 01_newCOP3_v24.mot
[2023-12-06 05:55:29.756] [info] ExternalForce::externalforce_0 Data source being set to Run_500 01_newCOP3_v24.mot
[2023-12-06 05:55:29.820] [info] ExternalForce::externalforce Data source being set to Run_500 01_newCOP3_v24.mot
[2023-12-06 05:55:29.820] [info] ExternalForce::externalforce_0 Data source being set to Run_500 01_newCOP3_v24.mot
[2023-12-06 05:55:29.895] [info] ExternalForce::externalforce Data source being set to Run_500 01_newCOP3_v24.mot
[2023-12-06 05:55:29.895] [info] ExternalForce::externalforce_0 Data source being set to Run_500 01_newCOP3_v24.mot
[2023-12-06 05:55:29.958] [info] ExternalForce::externalforce Data source being set to Run_500 01_newCOP3_v24.mot
[2023-12-06 05:55:29.958] [info] ExternalForce::externalforce_0 Data source being set to Run_500 01_newCOP3_v24.mot
[2023-12-06 05:55:29.981] [info] Number of threads: 8
[2023-12-06 06:23:51.483] [info] Set log level to Info.
[2023-12-06 06:23:51.505] [info] ------------------------------------------------------------------------
[2023-12-06 06:23:51.505] [info] Elapsed real time: 1703 second(s) (28 minute(s), 23 second(s)).
[2023-12-06 06:23:51.506] [info] Wed Dec  6 06:23:51 2023
[2023-12-06 06:23:51.506] [info] MocoCasADiSolver succeeded!
[2023-12-06 06:23:51.506] [info] ========================================================================
