[2024-03-05 12:29:49.785] [info] AbstractTool subject01_run5_cycle2 loading model ..\..\model\subject01_adjusted_scaled.osim
[2024-03-05 12:29:49.822] [info] Loaded model subject01_scaled from file ..\..\model\subject01_adjusted_scaled.osim
[2024-03-05 12:29:49.855] [info] Adding force object set from subject01_run5_RRA_Actuators.xml
[2024-03-05 12:29:49.861] [info] Running tool subject01_run5_cycle2.
[2024-03-05 12:29:49.881] [warning] ExternalLoads 'externalloads' has subcomponents with duplicate name 'externalforce'. The duplicate is being renamed to 'externalforce_0'.
[2024-03-05 12:29:49.889] [info] 	taskSet size = 29.
[2024-03-05 12:29:49.918] [info] ExternalForce::externalforce Data source being set to Run_500 02_newCOP3_v24.mot
[2024-03-05 12:29:49.918] [info] ExternalForce::externalforce_0 Data source being set to Run_500 02_newCOP3_v24.mot
[2024-03-05 12:29:49.921] [warning] A desired points file was not specified.
[2024-03-05 12:29:49.921] [info] Loading desired kinematics from file '..\..\ik\Run_5.mot'...
[2024-03-05 12:29:49.922] [info] Old version storage/motion file encountered
[2024-03-05 12:29:49.922] [info] Storage: read data file = ..\..\ik\Run_5.mot (nr=393 nc=164)
[2024-03-05 12:29:49.922] [info] .. assuming rotations in Degrees..
[2024-03-05 12:29:49.977] [info] Low-pass filtering desired kinematics with a cutoff frequency of 15.0...
[2024-03-05 12:29:50.132] [cout] [info] MODEL: subject01_scaled

numStates = 74
numCoordinates = 37
numSpeeds = 37
numActuators = 29
numBodies = 20
numConstraints = 0
numProbes = 0

ANALYSES (total: 0)

BODIES (total: 20)
body[0] = pelvis. mass: 11.4128
              moments of inertia:  ~[0.0967035,0.0967035,0.0562156]
              products of inertia: ~[0,0,0]
body[1] = femur_r. mass: 9.01374
              moments of inertia:  ~[0.170153,0.0446031,0.179429]
              products of inertia: ~[0,0,0]
body[2] = tibia_r. mass: 3.59284
              moments of inertia:  ~[0.0546712,0.0055322,0.0554305]
              products of inertia: ~[0,0,0]
body[3] = talus_r. mass: 0.0969073
              moments of inertia:  ~[0.00142711,0.00142711,0.00142711]
              products of inertia: ~[0,0,0]
body[4] = calcn_r. mass: 1.21134
              moments of inertia:  ~[0.00199795,0.00556571,0.00585113]
              products of inertia: ~[0,0,0]
body[5] = toes_r. mass: 0.209901
              moments of inertia:  ~[0.000142711,0.000285421,0.00142711]
              products of inertia: ~[0,0,0]
body[6] = femur_l. mass: 9.01374
              moments of inertia:  ~[0.170153,0.0446031,0.179429]
              products of inertia: ~[0,0,0]
body[7] = tibia_l. mass: 3.59284
              moments of inertia:  ~[0.0546712,0.0055322,0.0554305]
              products of inertia: ~[0,0,0]
body[8] = talus_l. mass: 0.0969073
              moments of inertia:  ~[0.00142711,0.00142711,0.00142711]
              products of inertia: ~[0,0,0]
body[9] = calcn_l. mass: 1.21134
              moments of inertia:  ~[0.00199795,0.00556571,0.00585113]
              products of inertia: ~[0,0,0]
body[10] = toes_l. mass: 0.209901
              moments of inertia:  ~[0.000142711,0.000285421,0.00142711]
              products of inertia: ~[0,0,0]
body[11] = torso. mass: 25.9969
              moments of inertia:  ~[1.50848,0.77291,1.46439]
              products of inertia: ~[0,0,0]
body[12] = humerus_r. mass: 1.96964
              moments of inertia:  ~[0.0141243,0.00487245,0.0158541]
              products of inertia: ~[0,0,0]
body[13] = ulna_r. mass: 0.588712
              moments of inertia:  ~[0.00354855,0.00074038,0.00384926]
              products of inertia: ~[0,0,0]
body[14] = radius_r. mass: 0.588712
              moments of inertia:  ~[0.00354855,0.00074038,0.00384926]
              products of inertia: ~[0,0,0]
body[15] = hand_r. mass: 0.443351
              moments of inertia:  ~[0.00106864,0.00065532,0.00160535]
              products of inertia: ~[0,0,0]
body[16] = humerus_l. mass: 1.96964
              moments of inertia:  ~[0.0143116,0.00493706,0.0160643]
              products of inertia: ~[0,0,0]
body[17] = ulna_l. mass: 0.588712
              moments of inertia:  ~[0.00354855,0.00074038,0.00384926]
              products of inertia: ~[0,0,0]
body[18] = radius_l. mass: 0.588712
              moments of inertia:  ~[0.00354855,0.00074038,0.00384926]
              products of inertia: ~[0,0,0]
body[19] = hand_l. mass: 0.443351
              moments of inertia:  ~[0.00106864,0.00065532,0.00160535]
              products of inertia: ~[0,0,0]

JOINTS (total: 20)
joint[0] = ground_pelvis. parent: ground_offset, child: pelvis_offset
joint[1] = hip_r. parent: pelvis_offset, child: femur_r_offset
joint[2] = knee_r. parent: femur_r_offset, child: tibia_r_offset
joint[3] = ankle_r. parent: tibia_r_offset, child: talus_r_offset
joint[4] = subtalar_r. parent: talus_r_offset, child: calcn_r_offset
joint[5] = mtp_r. parent: calcn_r_offset, child: toes_r_offset
joint[6] = hip_l. parent: pelvis_offset, child: femur_l_offset
joint[7] = knee_l. parent: femur_l_offset, child: tibia_l_offset
joint[8] = ankle_l. parent: tibia_l_offset, child: talus_l_offset
joint[9] = subtalar_l. parent: talus_l_offset, child: calcn_l_offset
joint[10] = mtp_l. parent: calcn_l_offset, child: toes_l_offset
joint[11] = back. parent: pelvis_offset, child: torso_offset
joint[12] = acromial_r. parent: torso_offset, child: humerus_r_offset
joint[13] = elbow_r. parent: humerus_r_offset, child: ulna_r_offset
joint[14] = radioulnar_r. parent: ulna_r_offset, child: radius_r_offset
joint[15] = radius_hand_r. parent: radius_r_offset, child: hand_r_offset
joint[16] = acromial_l. parent: torso_offset, child: humerus_l_offset
joint[17] = elbow_l. parent: humerus_l_offset, child: ulna_l_offset
joint[18] = radioulnar_l. parent: ulna_l_offset, child: radius_l_offset
joint[19] = radius_hand_l. parent: radius_l_offset, child: hand_l_offset

ACTUATORS (total: 29)
actuator[0] = FX
actuator[1] = FY
actuator[2] = FZ
actuator[3] = MZ
actuator[4] = MX
actuator[5] = MY
actuator[6] = hip_flexion_r
actuator[7] = hip_adduction_r
actuator[8] = hip_rotation_r
actuator[9] = knee_angle_r
actuator[10] = ankle_angle_r
actuator[11] = hip_flexion_l
actuator[12] = hip_adduction_l
actuator[13] = hip_rotation_l
actuator[14] = knee_angle_l
actuator[15] = ankle_angle_l
actuator[16] = lumbar_extension
actuator[17] = lumbar_bending
actuator[18] = lumbar_rotation
actuator[19] = arm_flex_r
actuator[20] = arm_add_r
actuator[21] = arm_rot_r
actuator[22] = elbow_flex_r
actuator[23] = pro_sup_r
actuator[24] = arm_flex_l
actuator[25] = arm_add_l
actuator[26] = arm_rot_l
actuator[27] = elbow_flex_l
actuator[28] = pro_sup_l

STATES (total: 74)
y[0] = /jointset/ground_pelvis/pelvis_tilt/value
y[1] = /jointset/ground_pelvis/pelvis_tilt/speed
y[2] = /jointset/ground_pelvis/pelvis_list/value
y[3] = /jointset/ground_pelvis/pelvis_list/speed
y[4] = /jointset/ground_pelvis/pelvis_rotation/value
y[5] = /jointset/ground_pelvis/pelvis_rotation/speed
y[6] = /jointset/ground_pelvis/pelvis_tx/value
y[7] = /jointset/ground_pelvis/pelvis_tx/speed
y[8] = /jointset/ground_pelvis/pelvis_ty/value
y[9] = /jointset/ground_pelvis/pelvis_ty/speed
y[10] = /jointset/ground_pelvis/pelvis_tz/value
y[11] = /jointset/ground_pelvis/pelvis_tz/speed
y[12] = /jointset/hip_r/hip_flexion_r/value
y[13] = /jointset/hip_r/hip_flexion_r/speed
y[14] = /jointset/hip_r/hip_adduction_r/value
y[15] = /jointset/hip_r/hip_adduction_r/speed
y[16] = /jointset/hip_r/hip_rotation_r/value
y[17] = /jointset/hip_r/hip_rotation_r/speed
y[18] = /jointset/knee_r/knee_angle_r/value
y[19] = /jointset/knee_r/knee_angle_r/speed
y[20] = /jointset/ankle_r/ankle_angle_r/value
y[21] = /jointset/ankle_r/ankle_angle_r/speed
y[22] = /jointset/subtalar_r/subtalar_angle_r/value
y[23] = /jointset/subtalar_r/subtalar_angle_r/speed
y[24] = /jointset/mtp_r/mtp_angle_r/value
y[25] = /jointset/mtp_r/mtp_angle_r/speed
y[26] = /jointset/hip_l/hip_flexion_l/value
y[27] = /jointset/hip_l/hip_flexion_l/speed
y[28] = /jointset/hip_l/hip_adduction_l/value
y[29] = /jointset/hip_l/hip_adduction_l/speed
y[30] = /jointset/hip_l/hip_rotation_l/value
y[31] = /jointset/hip_l/hip_rotation_l/speed
y[32] = /jointset/knee_l/knee_angle_l/value
y[33] = /jointset/knee_l/knee_angle_l/speed
y[34] = /jointset/ankle_l/ankle_angle_l/value
y[35] = /jointset/ankle_l/ankle_angle_l/speed
y[36] = /jointset/subtalar_l/subtalar_angle_l/value
y[37] = /jointset/subtalar_l/subtalar_angle_l/speed
y[38] = /jointset/mtp_l/mtp_angle_l/value
y[39] = /jointset/mtp_l/mtp_angle_l/speed
y[40] = /jointset/back/lumbar_extension/value
y[41] = /jointset/back/lumbar_extension/speed
y[42] = /jointset/back/lumbar_bending/value
y[43] = /jointset/back/lumbar_bending/speed
y[44] = /jointset/back/lumbar_rotation/value
y[45] = /jointset/back/lumbar_rotation/speed
y[46] = /jointset/acromial_r/arm_flex_r/value
y[47] = /jointset/acromial_r/arm_flex_r/speed
y[48] = /jointset/acromial_r/arm_add_r/value
y[49] = /jointset/acromial_r/arm_add_r/speed
y[50] = /jointset/acromial_r/arm_rot_r/value
y[51] = /jointset/acromial_r/arm_rot_r/speed
y[52] = /jointset/elbow_r/elbow_flex_r/value
y[53] = /jointset/elbow_r/elbow_flex_r/speed
y[54] = /jointset/radioulnar_r/pro_sup_r/value
y[55] = /jointset/radioulnar_r/pro_sup_r/speed
y[56] = /jointset/radius_hand_r/wrist_flex_r/value
y[57] = /jointset/radius_hand_r/wrist_flex_r/speed
y[58] = /jointset/radius_hand_r/wrist_dev_r/value
y[59] = /jointset/radius_hand_r/wrist_dev_r/speed
y[60] = /jointset/acromial_l/arm_flex_l/value
y[61] = /jointset/acromial_l/arm_flex_l/speed
y[62] = /jointset/acromial_l/arm_add_l/value
y[63] = /jointset/acromial_l/arm_add_l/speed
y[64] = /jointset/acromial_l/arm_rot_l/value
y[65] = /jointset/acromial_l/arm_rot_l/speed
y[66] = /jointset/elbow_l/elbow_flex_l/value
y[67] = /jointset/elbow_l/elbow_flex_l/speed
y[68] = /jointset/radioulnar_l/pro_sup_l/value
y[69] = /jointset/radioulnar_l/pro_sup_l/speed
y[70] = /jointset/radius_hand_l/wrist_flex_l/value
y[71] = /jointset/radius_hand_l/wrist_flex_l/speed
y[72] = /jointset/radius_hand_l/wrist_dev_l/value
y[73] = /jointset/radius_hand_l/wrist_dev_l/speed

[2024-03-05 12:29:50.460] [info] Requested COM adjustment time range 1.143 to 1.777, clamped to nearest available data times: 1.14 to 1.77.
[2024-03-05 12:29:50.460] [info] Computing average residuals between 1.14 and 1.77...
[2024-03-05 12:29:50.497] [info] ExternalForce::externalforce Data source being set to Run_500 02_newCOP3_v24.mot
[2024-03-05 12:29:50.497] [info] ExternalForce::externalforce_0 Data source being set to Run_500 02_newCOP3_v24.mot
[2024-03-05 12:29:50.524] [info] ExternalForce::externalforce Data source being set to Run_500 02_newCOP3_v24.mot
[2024-03-05 12:29:50.524] [info] ExternalForce::externalforce_0 Data source being set to Run_500 02_newCOP3_v24.mot
[2024-03-05 12:29:51.356] [info] ExternalForce::externalforce Data source being set to Run_500 02_newCOP3_v24.mot
[2024-03-05 12:29:51.356] [info] ExternalForce::externalforce_0 Data source being set to Run_500 02_newCOP3_v24.mot
[2024-03-05 12:29:51.359] [info] Computing average residuals between 1.14 and 1.77...
[2024-03-05 12:29:51.398] [info] ExternalForce::externalforce Data source being set to Run_500 02_newCOP3_v24.mot
[2024-03-05 12:29:51.398] [info] ExternalForce::externalforce_0 Data source being set to Run_500 02_newCOP3_v24.mot
[2024-03-05 12:29:51.426] [info] ExternalForce::externalforce Data source being set to Run_500 02_newCOP3_v24.mot
[2024-03-05 12:29:51.426] [info] ExternalForce::externalforce_0 Data source being set to Run_500 02_newCOP3_v24.mot
[2024-03-05 12:29:52.142] [info] Constructing function set for tracking desired kinematics...
[2024-03-05 12:29:52.547] [warning] No Actuation analysis found in analysis set, adding one...
[2024-03-05 12:29:52.547] [warning] No Kinematics analysis found in analysis set, adding one...
[2024-03-05 12:29:52.549] [info] Using the generalized coordinates specified in '..\..\ik\Run_5.mot' to set the initial configuration.
[2024-03-05 12:29:52.658] [info] Using IPOPT optimizer algorithm.
[2024-03-05 12:29:52.658] [info] Setting optimizer print level to 0.
[2024-03-05 12:29:52.658] [info] Setting optimizer convergence tolerance to 1.0e-05.
[2024-03-05 12:29:52.658] [info] Setting optimizer maximum iterations to 2000.
[2024-03-05 12:29:52.658] [info] Setting cmc controller to not use verbose printing.

[2024-03-05 12:29:52.659] [info] CMC::computeControls, t = 1.143
[2024-03-05 12:29:53.253] [info] --------------------------------------------
[2024-03-05 12:29:53.253] [info] Using CMC to track the specified kinematics:
[2024-03-05 12:29:53.253] [info] --------------------------------------------
[2024-03-05 12:29:53.253] [info]  -- Integrating from 1.143 to 1.777
[2024-03-05 12:29:53.253] [info]  -- Start time = Tue Mar  5 12:29:53 2024
[2024-03-05 12:29:53.253] [info] --------------------------------------------
[2024-03-05 12:29:53.253] [info] 
[2024-03-05 12:29:53.270] [info] CMC::computeControls, t = 1.143
[2024-03-05 12:29:53.319] [info] CMC::computeControls, t = 1.144
[2024-03-05 12:29:53.319] [warning] Coordinate.setValue:  coordinate subtalar_angle_r is locked. Unable to change its value.
[2024-03-05 12:29:53.319] [warning] Coordinate.setValue:  coordinate mtp_angle_r is locked. Unable to change its value.
[2024-03-05 12:29:53.319] [warning] Coordinate.setValue:  coordinate subtalar_angle_l is locked. Unable to change its value.
[2024-03-05 12:29:53.320] [warning] Coordinate.setValue:  coordinate mtp_angle_l is locked. Unable to change its value.
[2024-03-05 12:29:53.320] [warning] Coordinate.setValue:  coordinate wrist_flex_r is locked. Unable to change its value.
[2024-03-05 12:29:53.320] [warning] Coordinate.setValue:  coordinate wrist_dev_r is locked. Unable to change its value.
[2024-03-05 12:29:53.320] [warning] Coordinate.setValue:  coordinate wrist_flex_l is locked. Unable to change its value.
[2024-03-05 12:29:53.320] [warning] Coordinate.setValue:  coordinate wrist_dev_l is locked. Unable to change its value.
[2024-03-05 12:29:53.345] [info] CMC::computeControls, t = 1.145
[2024-03-05 12:29:53.362] [info] CMC::computeControls, t = 1.146
[2024-03-05 12:29:53.378] [info] CMC::computeControls, t = 1.147
[2024-03-05 12:29:53.394] [info] CMC::computeControls, t = 1.148
[2024-03-05 12:29:53.418] [info] CMC::computeControls, t = 1.149
[2024-03-05 12:29:53.438] [info] CMC::computeControls, t = 1.15
[2024-03-05 12:29:53.453] [info] CMC::computeControls, t = 1.151
[2024-03-05 12:29:53.469] [info] CMC::computeControls, t = 1.152
[2024-03-05 12:29:53.485] [info] CMC::computeControls, t = 1.153
[2024-03-05 12:29:53.512] [info] CMC::computeControls, t = 1.154
[2024-03-05 12:29:53.534] [info] CMC::computeControls, t = 1.155
[2024-03-05 12:29:53.549] [info] CMC::computeControls, t = 1.156
[2024-03-05 12:29:53.565] [info] CMC::computeControls, t = 1.157
[2024-03-05 12:29:53.581] [info] CMC::computeControls, t = 1.158
[2024-03-05 12:29:53.597] [info] CMC::computeControls, t = 1.159
[2024-03-05 12:29:53.625] [info] CMC::computeControls, t = 1.16
[2024-03-05 12:29:53.641] [info] CMC::computeControls, t = 1.161
[2024-03-05 12:29:53.660] [info] CMC::computeControls, t = 1.162
[2024-03-05 12:29:53.676] [info] CMC::computeControls, t = 1.163
[2024-03-05 12:29:53.697] [info] CMC::computeControls, t = 1.164
[2024-03-05 12:29:53.713] [info] CMC::computeControls, t = 1.165
[2024-03-05 12:29:53.739] [info] CMC::computeControls, t = 1.166
[2024-03-05 12:29:53.754] [info] CMC::computeControls, t = 1.167
[2024-03-05 12:29:53.770] [info] CMC::computeControls, t = 1.168
[2024-03-05 12:29:53.786] [info] CMC::computeControls, t = 1.169
[2024-03-05 12:29:53.802] [info] CMC::computeControls, t = 1.17
[2024-03-05 12:29:53.825] [info] CMC::computeControls, t = 1.171
[2024-03-05 12:29:53.847] [info] CMC::computeControls, t = 1.172
[2024-03-05 12:29:53.862] [info] CMC::computeControls, t = 1.173
[2024-03-05 12:29:53.876] [info] CMC::computeControls, t = 1.174
[2024-03-05 12:29:53.891] [info] CMC::computeControls, t = 1.175
[2024-03-05 12:29:53.906] [info] CMC::computeControls, t = 1.176
[2024-03-05 12:29:53.921] [info] CMC::computeControls, t = 1.177
[2024-03-05 12:29:53.958] [info] CMC::computeControls, t = 1.178
[2024-03-05 12:29:53.989] [info] CMC::computeControls, t = 1.179
[2024-03-05 12:29:54.005] [info] CMC::computeControls, t = 1.18
[2024-03-05 12:29:54.037] [info] CMC::computeControls, t = 1.181
[2024-03-05 12:29:54.070] [info] CMC::computeControls, t = 1.182
[2024-03-05 12:29:54.101] [info] CMC::computeControls, t = 1.183
[2024-03-05 12:29:54.121] [info] CMC::computeControls, t = 1.184
[2024-03-05 12:29:54.141] [info] CMC::computeControls, t = 1.185
[2024-03-05 12:29:54.159] [info] CMC::computeControls, t = 1.186
[2024-03-05 12:29:54.185] [info] CMC::computeControls, t = 1.187
[2024-03-05 12:29:54.213] [info] CMC::computeControls, t = 1.188
[2024-03-05 12:29:54.231] [info] CMC::computeControls, t = 1.189
[2024-03-05 12:29:54.255] [info] CMC::computeControls, t = 1.19
[2024-03-05 12:29:54.271] [info] CMC::computeControls, t = 1.191
[2024-03-05 12:29:54.292] [info] CMC::computeControls, t = 1.192
[2024-03-05 12:29:54.311] [info] CMC::computeControls, t = 1.193
[2024-03-05 12:29:54.326] [info] CMC::computeControls, t = 1.194
[2024-03-05 12:29:54.342] [info] CMC::computeControls, t = 1.195
[2024-03-05 12:29:54.358] [info] CMC::computeControls, t = 1.196
[2024-03-05 12:29:54.376] [info] CMC::computeControls, t = 1.197
[2024-03-05 12:29:54.392] [info] CMC::computeControls, t = 1.198
[2024-03-05 12:29:54.409] [info] CMC::computeControls, t = 1.199
[2024-03-05 12:29:54.441] [info] CMC::computeControls, t = 1.2
[2024-03-05 12:29:54.468] [info] CMC::computeControls, t = 1.20100
[2024-03-05 12:29:54.484] [info] CMC::computeControls, t = 1.20200
[2024-03-05 12:29:54.514] [info] CMC::computeControls, t = 1.20300
[2024-03-05 12:29:54.533] [info] CMC::computeControls, t = 1.20400
[2024-03-05 12:29:54.557] [info] CMC::computeControls, t = 1.20500
[2024-03-05 12:29:54.574] [info] CMC::computeControls, t = 1.20600
[2024-03-05 12:29:54.600] [info] CMC::computeControls, t = 1.20700
[2024-03-05 12:29:54.621] [info] CMC::computeControls, t = 1.20800
[2024-03-05 12:29:54.638] [info] CMC::computeControls, t = 1.20900
[2024-03-05 12:29:54.655] [info] CMC::computeControls, t = 1.21
[2024-03-05 12:29:54.679] [info] CMC::computeControls, t = 1.211
[2024-03-05 12:29:54.696] [info] CMC::computeControls, t = 1.212
[2024-03-05 12:29:54.719] [info] CMC::computeControls, t = 1.213
[2024-03-05 12:29:54.734] [info] CMC::computeControls, t = 1.214
[2024-03-05 12:29:54.758] [info] CMC::computeControls, t = 1.215
[2024-03-05 12:29:54.775] [info] CMC::computeControls, t = 1.216
[2024-03-05 12:29:54.800] [info] CMC::computeControls, t = 1.217
[2024-03-05 12:29:54.815] [info] CMC::computeControls, t = 1.218
[2024-03-05 12:29:54.832] [info] CMC::computeControls, t = 1.219
[2024-03-05 12:29:54.849] [info] CMC::computeControls, t = 1.22
[2024-03-05 12:29:54.866] [info] CMC::computeControls, t = 1.221
[2024-03-05 12:29:54.882] [info] CMC::computeControls, t = 1.222
[2024-03-05 12:29:54.898] [info] CMC::computeControls, t = 1.223
[2024-03-05 12:29:54.916] [info] CMC::computeControls, t = 1.224
[2024-03-05 12:29:54.932] [info] CMC::computeControls, t = 1.225
[2024-03-05 12:29:54.949] [info] CMC::computeControls, t = 1.226
[2024-03-05 12:29:54.965] [info] CMC::computeControls, t = 1.227
[2024-03-05 12:29:54.982] [info] CMC::computeControls, t = 1.228
[2024-03-05 12:29:54.999] [info] CMC::computeControls, t = 1.229
[2024-03-05 12:29:55.015] [info] CMC::computeControls, t = 1.23
[2024-03-05 12:29:55.032] [info] CMC::computeControls, t = 1.231
[2024-03-05 12:29:55.048] [info] CMC::computeControls, t = 1.232
[2024-03-05 12:29:55.072] [info] CMC::computeControls, t = 1.233
[2024-03-05 12:29:55.089] [info] CMC::computeControls, t = 1.234
[2024-03-05 12:29:55.106] [info] CMC::computeControls, t = 1.235
[2024-03-05 12:29:55.140] [info] CMC::computeControls, t = 1.236
[2024-03-05 12:29:55.158] [info] CMC::computeControls, t = 1.237
[2024-03-05 12:29:55.184] [info] CMC::computeControls, t = 1.238
[2024-03-05 12:29:55.201] [info] CMC::computeControls, t = 1.239
[2024-03-05 12:29:55.218] [info] CMC::computeControls, t = 1.24
[2024-03-05 12:29:55.235] [info] CMC::computeControls, t = 1.241
[2024-03-05 12:29:55.252] [info] CMC::computeControls, t = 1.242
[2024-03-05 12:29:55.268] [info] CMC::computeControls, t = 1.243
[2024-03-05 12:29:55.285] [info] CMC::computeControls, t = 1.244
[2024-03-05 12:29:55.301] [info] CMC::computeControls, t = 1.245
[2024-03-05 12:29:55.317] [info] CMC::computeControls, t = 1.246
[2024-03-05 12:29:55.332] [info] CMC::computeControls, t = 1.247
[2024-03-05 12:29:55.349] [info] CMC::computeControls, t = 1.248
[2024-03-05 12:29:55.372] [info] CMC::computeControls, t = 1.249
[2024-03-05 12:29:55.389] [info] CMC::computeControls, t = 1.25
[2024-03-05 12:29:55.405] [info] CMC::computeControls, t = 1.251
[2024-03-05 12:29:55.422] [info] CMC::computeControls, t = 1.252
[2024-03-05 12:29:55.438] [info] CMC::computeControls, t = 1.253
[2024-03-05 12:29:55.454] [info] CMC::computeControls, t = 1.254
[2024-03-05 12:29:55.471] [info] CMC::computeControls, t = 1.255
[2024-03-05 12:29:55.488] [info] CMC::computeControls, t = 1.256
[2024-03-05 12:29:55.504] [info] CMC::computeControls, t = 1.257
[2024-03-05 12:29:55.520] [info] CMC::computeControls, t = 1.258
[2024-03-05 12:29:55.537] [info] CMC::computeControls, t = 1.259
[2024-03-05 12:29:55.554] [info] CMC::computeControls, t = 1.26
[2024-03-05 12:29:55.570] [info] CMC::computeControls, t = 1.261
[2024-03-05 12:29:55.587] [info] CMC::computeControls, t = 1.262
[2024-03-05 12:29:55.605] [info] CMC::computeControls, t = 1.263
[2024-03-05 12:29:55.621] [info] CMC::computeControls, t = 1.264
[2024-03-05 12:29:55.638] [info] CMC::computeControls, t = 1.265
[2024-03-05 12:29:55.654] [info] CMC::computeControls, t = 1.266
[2024-03-05 12:29:55.672] [info] CMC::computeControls, t = 1.267
[2024-03-05 12:29:55.689] [info] CMC::computeControls, t = 1.268
[2024-03-05 12:29:55.705] [info] CMC::computeControls, t = 1.269
[2024-03-05 12:29:55.724] [info] CMC::computeControls, t = 1.27
[2024-03-05 12:29:55.741] [info] CMC::computeControls, t = 1.271
[2024-03-05 12:29:55.758] [info] CMC::computeControls, t = 1.272
[2024-03-05 12:29:55.775] [info] CMC::computeControls, t = 1.273
[2024-03-05 12:29:55.791] [info] CMC::computeControls, t = 1.274
[2024-03-05 12:29:55.808] [info] CMC::computeControls, t = 1.275
[2024-03-05 12:29:55.825] [info] CMC::computeControls, t = 1.276
[2024-03-05 12:29:55.841] [info] CMC::computeControls, t = 1.277
[2024-03-05 12:29:55.868] [info] CMC::computeControls, t = 1.278
[2024-03-05 12:29:55.895] [info] CMC::computeControls, t = 1.279
[2024-03-05 12:29:55.930] [info] CMC::computeControls, t = 1.28
[2024-03-05 12:29:55.946] [info] CMC::computeControls, t = 1.281
[2024-03-05 12:29:55.969] [info] CMC::computeControls, t = 1.282
[2024-03-05 12:29:55.993] [info] CMC::computeControls, t = 1.283
[2024-03-05 12:29:56.029] [info] CMC::computeControls, t = 1.284
[2024-03-05 12:29:56.045] [info] CMC::computeControls, t = 1.285
[2024-03-05 12:29:56.065] [info] CMC::computeControls, t = 1.286
[2024-03-05 12:29:56.083] [info] CMC::computeControls, t = 1.287
[2024-03-05 12:29:56.098] [info] CMC::computeControls, t = 1.288
[2024-03-05 12:29:56.123] [info] CMC::computeControls, t = 1.289
[2024-03-05 12:29:56.162] [info] CMC::computeControls, t = 1.29
[2024-03-05 12:29:56.207] [info] CMC::computeControls, t = 1.291
[2024-03-05 12:29:56.232] [info] CMC::computeControls, t = 1.292
[2024-03-05 12:29:56.250] [info] CMC::computeControls, t = 1.293
[2024-03-05 12:29:56.269] [info] CMC::computeControls, t = 1.294
[2024-03-05 12:29:56.285] [info] CMC::computeControls, t = 1.295
[2024-03-05 12:29:56.315] [info] CMC::computeControls, t = 1.296
[2024-03-05 12:29:56.347] [info] CMC::computeControls, t = 1.297
[2024-03-05 12:29:56.377] [info] CMC::computeControls, t = 1.298
[2024-03-05 12:29:56.413] [info] CMC::computeControls, t = 1.299
[2024-03-05 12:29:56.443] [info] CMC::computeControls, t = 1.3
[2024-03-05 12:29:56.479] [info] CMC::computeControls, t = 1.30100
[2024-03-05 12:29:56.502] [info] CMC::computeControls, t = 1.30200
[2024-03-05 12:29:56.525] [info] CMC::computeControls, t = 1.30300
[2024-03-05 12:29:56.542] [info] CMC::computeControls, t = 1.30400
[2024-03-05 12:29:56.558] [info] CMC::computeControls, t = 1.30500
[2024-03-05 12:29:56.573] [info] CMC::computeControls, t = 1.30600
[2024-03-05 12:29:56.613] [info] CMC::computeControls, t = 1.30700
[2024-03-05 12:29:56.643] [info] CMC::computeControls, t = 1.30800
[2024-03-05 12:29:56.674] [info] CMC::computeControls, t = 1.30900
[2024-03-05 12:29:56.690] [info] CMC::computeControls, t = 1.31
[2024-03-05 12:29:56.715] [info] CMC::computeControls, t = 1.311
[2024-03-05 12:29:56.741] [info] CMC::computeControls, t = 1.312
[2024-03-05 12:29:56.761] [info] CMC::computeControls, t = 1.313
[2024-03-05 12:29:56.796] [info] CMC::computeControls, t = 1.314
[2024-03-05 12:29:56.811] [info] CMC::computeControls, t = 1.315
[2024-03-05 12:29:56.826] [info] CMC::computeControls, t = 1.316
[2024-03-05 12:29:56.848] [info] CMC::computeControls, t = 1.317
[2024-03-05 12:29:56.867] [info] CMC::computeControls, t = 1.318
[2024-03-05 12:29:56.894] [info] CMC::computeControls, t = 1.319
[2024-03-05 12:29:56.916] [info] CMC::computeControls, t = 1.32
[2024-03-05 12:29:56.941] [info] CMC::computeControls, t = 1.321
[2024-03-05 12:29:56.956] [info] CMC::computeControls, t = 1.322
[2024-03-05 12:29:56.972] [info] CMC::computeControls, t = 1.323
[2024-03-05 12:29:56.998] [info] CMC::computeControls, t = 1.324
[2024-03-05 12:29:57.027] [info] CMC::computeControls, t = 1.325
[2024-03-05 12:29:57.061] [info] CMC::computeControls, t = 1.326
[2024-03-05 12:29:57.082] [info] CMC::computeControls, t = 1.327
[2024-03-05 12:29:57.108] [info] CMC::computeControls, t = 1.328
[2024-03-05 12:29:57.124] [info] CMC::computeControls, t = 1.329
[2024-03-05 12:29:57.139] [info] CMC::computeControls, t = 1.33
[2024-03-05 12:29:57.156] [info] CMC::computeControls, t = 1.331
[2024-03-05 12:29:57.172] [info] CMC::computeControls, t = 1.332
[2024-03-05 12:29:57.188] [info] CMC::computeControls, t = 1.333
[2024-03-05 12:29:57.214] [info] CMC::computeControls, t = 1.334
[2024-03-05 12:29:57.230] [info] CMC::computeControls, t = 1.335
[2024-03-05 12:29:57.256] [info] CMC::computeControls, t = 1.336
[2024-03-05 12:29:57.288] [info] CMC::computeControls, t = 1.337
[2024-03-05 12:29:57.304] [info] CMC::computeControls, t = 1.338
[2024-03-05 12:29:57.324] [info] CMC::computeControls, t = 1.339
[2024-03-05 12:29:57.359] [info] CMC::computeControls, t = 1.34
[2024-03-05 12:29:57.376] [info] CMC::computeControls, t = 1.341
[2024-03-05 12:29:57.392] [info] CMC::computeControls, t = 1.342
[2024-03-05 12:29:57.410] [info] CMC::computeControls, t = 1.343
[2024-03-05 12:29:57.436] [info] CMC::computeControls, t = 1.344
[2024-03-05 12:29:57.462] [info] CMC::computeControls, t = 1.345
[2024-03-05 12:29:57.485] [info] CMC::computeControls, t = 1.346
[2024-03-05 12:29:57.500] [info] CMC::computeControls, t = 1.347
[2024-03-05 12:29:57.517] [info] CMC::computeControls, t = 1.348
[2024-03-05 12:29:57.533] [info] CMC::computeControls, t = 1.349
[2024-03-05 12:29:57.550] [info] CMC::computeControls, t = 1.35
[2024-03-05 12:29:57.566] [info] CMC::computeControls, t = 1.351
[2024-03-05 12:29:57.589] [info] CMC::computeControls, t = 1.352
[2024-03-05 12:29:57.612] [info] CMC::computeControls, t = 1.353
[2024-03-05 12:29:57.647] [info] CMC::computeControls, t = 1.354
[2024-03-05 12:29:57.676] [info] CMC::computeControls, t = 1.355
[2024-03-05 12:29:57.699] [info] CMC::computeControls, t = 1.356
[2024-03-05 12:29:57.715] [info] CMC::computeControls, t = 1.357
[2024-03-05 12:29:57.733] [info] CMC::computeControls, t = 1.358
[2024-03-05 12:29:57.750] [info] CMC::computeControls, t = 1.359
[2024-03-05 12:29:57.765] [info] CMC::computeControls, t = 1.36
[2024-03-05 12:29:57.783] [info] CMC::computeControls, t = 1.361
[2024-03-05 12:29:57.801] [info] CMC::computeControls, t = 1.362
[2024-03-05 12:29:57.817] [info] CMC::computeControls, t = 1.363
[2024-03-05 12:29:57.843] [info] CMC::computeControls, t = 1.364
[2024-03-05 12:29:57.869] [info] CMC::computeControls, t = 1.365
[2024-03-05 12:29:57.891] [info] CMC::computeControls, t = 1.366
[2024-03-05 12:29:57.916] [info] CMC::computeControls, t = 1.367
[2024-03-05 12:29:57.931] [info] CMC::computeControls, t = 1.368
[2024-03-05 12:29:57.947] [info] CMC::computeControls, t = 1.369
[2024-03-05 12:29:57.984] [info] CMC::computeControls, t = 1.37
[2024-03-05 12:29:58.004] [info] CMC::computeControls, t = 1.371
[2024-03-05 12:29:58.021] [info] CMC::computeControls, t = 1.372
[2024-03-05 12:29:58.039] [info] CMC::computeControls, t = 1.373
[2024-03-05 12:29:58.063] [info] CMC::computeControls, t = 1.374
[2024-03-05 12:29:58.078] [info] CMC::computeControls, t = 1.375
[2024-03-05 12:29:58.106] [info] CMC::computeControls, t = 1.376
[2024-03-05 12:29:58.135] [info] CMC::computeControls, t = 1.377
[2024-03-05 12:29:58.161] [info] CMC::computeControls, t = 1.378
[2024-03-05 12:29:58.183] [info] CMC::computeControls, t = 1.379
[2024-03-05 12:29:58.216] [info] CMC::computeControls, t = 1.38
[2024-03-05 12:29:58.249] [info] CMC::computeControls, t = 1.381
[2024-03-05 12:29:58.277] [info] CMC::computeControls, t = 1.382
[2024-03-05 12:29:58.294] [info] CMC::computeControls, t = 1.383
[2024-03-05 12:29:58.314] [info] CMC::computeControls, t = 1.384
[2024-03-05 12:29:58.330] [info] CMC::computeControls, t = 1.385
[2024-03-05 12:29:58.355] [info] CMC::computeControls, t = 1.386
[2024-03-05 12:29:58.371] [info] CMC::computeControls, t = 1.387
[2024-03-05 12:29:58.390] [info] CMC::computeControls, t = 1.388
[2024-03-05 12:29:58.406] [info] CMC::computeControls, t = 1.389
[2024-03-05 12:29:58.430] [info] CMC::computeControls, t = 1.39
[2024-03-05 12:29:58.454] [info] CMC::computeControls, t = 1.391
[2024-03-05 12:29:58.470] [info] CMC::computeControls, t = 1.392
[2024-03-05 12:29:58.485] [info] CMC::computeControls, t = 1.393
[2024-03-05 12:29:58.517] [info] CMC::computeControls, t = 1.394
[2024-03-05 12:29:58.551] [info] CMC::computeControls, t = 1.395
[2024-03-05 12:29:58.576] [info] CMC::computeControls, t = 1.396
[2024-03-05 12:29:58.591] [info] CMC::computeControls, t = 1.397
[2024-03-05 12:29:58.607] [info] CMC::computeControls, t = 1.398
[2024-03-05 12:29:58.624] [info] CMC::computeControls, t = 1.399
[2024-03-05 12:29:58.650] [info] CMC::computeControls, t = 1.4
[2024-03-05 12:29:58.674] [info] CMC::computeControls, t = 1.40100
[2024-03-05 12:29:58.690] [info] CMC::computeControls, t = 1.40200
[2024-03-05 12:29:58.706] [info] CMC::computeControls, t = 1.40300
[2024-03-05 12:29:58.737] [info] CMC::computeControls, t = 1.40400
[2024-03-05 12:29:58.761] [info] CMC::computeControls, t = 1.40500
[2024-03-05 12:29:58.785] [info] CMC::computeControls, t = 1.40600
[2024-03-05 12:29:58.816] [info] CMC::computeControls, t = 1.40700
[2024-03-05 12:29:58.847] [info] CMC::computeControls, t = 1.40800
[2024-03-05 12:29:58.882] [info] CMC::computeControls, t = 1.40900
[2024-03-05 12:29:58.914] [info] CMC::computeControls, t = 1.41
[2024-03-05 12:29:58.934] [info] CMC::computeControls, t = 1.411
[2024-03-05 12:29:58.952] [info] CMC::computeControls, t = 1.412
[2024-03-05 12:29:58.969] [info] CMC::computeControls, t = 1.413
[2024-03-05 12:29:58.987] [info] CMC::computeControls, t = 1.414
[2024-03-05 12:29:59.004] [info] CMC::computeControls, t = 1.415
[2024-03-05 12:29:59.021] [info] CMC::computeControls, t = 1.416
[2024-03-05 12:29:59.038] [info] CMC::computeControls, t = 1.417
[2024-03-05 12:29:59.060] [info] CMC::computeControls, t = 1.418
[2024-03-05 12:29:59.092] [info] CMC::computeControls, t = 1.419
[2024-03-05 12:29:59.123] [info] CMC::computeControls, t = 1.42
[2024-03-05 12:29:59.144] [info] CMC::computeControls, t = 1.421
[2024-03-05 12:29:59.161] [info] CMC::computeControls, t = 1.422
[2024-03-05 12:29:59.181] [info] CMC::computeControls, t = 1.423
[2024-03-05 12:29:59.198] [info] CMC::computeControls, t = 1.424
[2024-03-05 12:29:59.215] [info] CMC::computeControls, t = 1.425
[2024-03-05 12:29:59.237] [info] CMC::computeControls, t = 1.426
[2024-03-05 12:29:59.258] [info] CMC::computeControls, t = 1.427
[2024-03-05 12:29:59.278] [info] CMC::computeControls, t = 1.428
[2024-03-05 12:29:59.308] [info] CMC::computeControls, t = 1.429
[2024-03-05 12:29:59.328] [info] CMC::computeControls, t = 1.43
[2024-03-05 12:29:59.360] [info] CMC::computeControls, t = 1.431
[2024-03-05 12:29:59.392] [info] CMC::computeControls, t = 1.432
[2024-03-05 12:29:59.422] [info] CMC::computeControls, t = 1.433
[2024-03-05 12:29:59.470] [info] CMC::computeControls, t = 1.434
[2024-03-05 12:29:59.528] [info] CMC::computeControls, t = 1.435
[2024-03-05 12:29:59.562] [info] CMC::computeControls, t = 1.436
[2024-03-05 12:29:59.593] [info] CMC::computeControls, t = 1.437
[2024-03-05 12:29:59.626] [info] CMC::computeControls, t = 1.438
[2024-03-05 12:29:59.653] [info] CMC::computeControls, t = 1.439
[2024-03-05 12:29:59.678] [info] CMC::computeControls, t = 1.44
[2024-03-05 12:29:59.704] [info] CMC::computeControls, t = 1.441
[2024-03-05 12:29:59.732] [info] CMC::computeControls, t = 1.442
[2024-03-05 12:29:59.769] [info] CMC::computeControls, t = 1.443
[2024-03-05 12:29:59.799] [info] CMC::computeControls, t = 1.444
[2024-03-05 12:29:59.819] [info] CMC::computeControls, t = 1.445
[2024-03-05 12:29:59.845] [info] CMC::computeControls, t = 1.446
[2024-03-05 12:29:59.873] [info] CMC::computeControls, t = 1.447
[2024-03-05 12:29:59.892] [info] CMC::computeControls, t = 1.448
[2024-03-05 12:29:59.922] [info] CMC::computeControls, t = 1.449
[2024-03-05 12:29:59.941] [info] CMC::computeControls, t = 1.45
[2024-03-05 12:29:59.978] [info] CMC::computeControls, t = 1.451
[2024-03-05 12:30:00.009] [info] CMC::computeControls, t = 1.452
[2024-03-05 12:30:00.042] [info] CMC::computeControls, t = 1.453
[2024-03-05 12:30:00.069] [info] CMC::computeControls, t = 1.454
[2024-03-05 12:30:00.105] [info] CMC::computeControls, t = 1.455
[2024-03-05 12:30:00.137] [info] CMC::computeControls, t = 1.456
[2024-03-05 12:30:00.166] [info] CMC::computeControls, t = 1.457
[2024-03-05 12:30:00.193] [info] CMC::computeControls, t = 1.458
[2024-03-05 12:30:00.223] [info] CMC::computeControls, t = 1.459
[2024-03-05 12:30:00.251] [info] CMC::computeControls, t = 1.46
[2024-03-05 12:30:00.278] [info] CMC::computeControls, t = 1.461
[2024-03-05 12:30:00.301] [info] CMC::computeControls, t = 1.462
[2024-03-05 12:30:00.332] [info] CMC::computeControls, t = 1.463
[2024-03-05 12:30:00.365] [info] CMC::computeControls, t = 1.464
[2024-03-05 12:30:00.396] [info] CMC::computeControls, t = 1.465
[2024-03-05 12:30:00.433] [info] CMC::computeControls, t = 1.466
[2024-03-05 12:30:00.467] [info] CMC::computeControls, t = 1.467
[2024-03-05 12:30:00.497] [info] CMC::computeControls, t = 1.468
[2024-03-05 12:30:00.527] [info] CMC::computeControls, t = 1.469
[2024-03-05 12:30:00.557] [info] CMC::computeControls, t = 1.47
[2024-03-05 12:30:00.582] [info] CMC::computeControls, t = 1.471
[2024-03-05 12:30:00.622] [info] CMC::computeControls, t = 1.472
[2024-03-05 12:30:00.656] [info] CMC::computeControls, t = 1.473
[2024-03-05 12:30:00.689] [info] CMC::computeControls, t = 1.474
[2024-03-05 12:30:00.723] [info] CMC::computeControls, t = 1.475
[2024-03-05 12:30:00.764] [info] CMC::computeControls, t = 1.476
[2024-03-05 12:30:00.795] [info] CMC::computeControls, t = 1.477
[2024-03-05 12:30:00.822] [info] CMC::computeControls, t = 1.478
[2024-03-05 12:30:00.850] [info] CMC::computeControls, t = 1.479
[2024-03-05 12:30:00.889] [info] CMC::computeControls, t = 1.48
[2024-03-05 12:30:00.918] [info] CMC::computeControls, t = 1.481
[2024-03-05 12:30:00.948] [info] CMC::computeControls, t = 1.482
[2024-03-05 12:30:01.004] [info] CMC::computeControls, t = 1.483
[2024-03-05 12:30:01.047] [info] CMC::computeControls, t = 1.484
[2024-03-05 12:30:01.076] [info] CMC::computeControls, t = 1.485
[2024-03-05 12:30:01.102] [info] CMC::computeControls, t = 1.486
[2024-03-05 12:30:01.132] [info] CMC::computeControls, t = 1.487
[2024-03-05 12:30:01.164] [info] CMC::computeControls, t = 1.488
[2024-03-05 12:30:01.194] [info] CMC::computeControls, t = 1.489
[2024-03-05 12:30:01.221] [info] CMC::computeControls, t = 1.49
[2024-03-05 12:30:01.252] [info] CMC::computeControls, t = 1.491
[2024-03-05 12:30:01.277] [info] CMC::computeControls, t = 1.492
[2024-03-05 12:30:01.311] [info] CMC::computeControls, t = 1.493
[2024-03-05 12:30:01.345] [info] CMC::computeControls, t = 1.494
[2024-03-05 12:30:01.373] [info] CMC::computeControls, t = 1.495
[2024-03-05 12:30:01.400] [info] CMC::computeControls, t = 1.496
[2024-03-05 12:30:01.425] [info] CMC::computeControls, t = 1.497
[2024-03-05 12:30:01.453] [info] CMC::computeControls, t = 1.498
[2024-03-05 12:30:01.477] [info] CMC::computeControls, t = 1.499
[2024-03-05 12:30:01.514] [info] CMC::computeControls, t = 1.5
[2024-03-05 12:30:01.548] [info] CMC::computeControls, t = 1.50100
[2024-03-05 12:30:01.592] [info] CMC::computeControls, t = 1.50200
[2024-03-05 12:30:01.635] [info] CMC::computeControls, t = 1.50300
[2024-03-05 12:30:01.666] [info] CMC::computeControls, t = 1.50400
[2024-03-05 12:30:01.699] [info] CMC::computeControls, t = 1.50500
[2024-03-05 12:30:01.726] [info] CMC::computeControls, t = 1.50600
[2024-03-05 12:30:01.752] [info] CMC::computeControls, t = 1.50700
[2024-03-05 12:30:01.812] [info] CMC::computeControls, t = 1.50800
[2024-03-05 12:30:01.867] [info] CMC::computeControls, t = 1.50900
[2024-03-05 12:30:01.896] [info] CMC::computeControls, t = 1.51
[2024-03-05 12:30:01.927] [info] CMC::computeControls, t = 1.511
[2024-03-05 12:30:01.950] [info] CMC::computeControls, t = 1.512
[2024-03-05 12:30:01.976] [info] CMC::computeControls, t = 1.513
[2024-03-05 12:30:01.994] [info] CMC::computeControls, t = 1.514
[2024-03-05 12:30:02.015] [info] CMC::computeControls, t = 1.515
[2024-03-05 12:30:02.031] [info] CMC::computeControls, t = 1.516
[2024-03-05 12:30:02.061] [info] CMC::computeControls, t = 1.517
[2024-03-05 12:30:02.082] [info] CMC::computeControls, t = 1.518
[2024-03-05 12:30:02.098] [info] CMC::computeControls, t = 1.519
[2024-03-05 12:30:02.114] [info] CMC::computeControls, t = 1.52
[2024-03-05 12:30:02.137] [info] CMC::computeControls, t = 1.521
[2024-03-05 12:30:02.157] [info] CMC::computeControls, t = 1.522
[2024-03-05 12:30:02.176] [info] CMC::computeControls, t = 1.523
[2024-03-05 12:30:02.204] [info] CMC::computeControls, t = 1.524
[2024-03-05 12:30:02.233] [info] CMC::computeControls, t = 1.525
[2024-03-05 12:30:02.255] [info] CMC::computeControls, t = 1.526
[2024-03-05 12:30:02.285] [info] CMC::computeControls, t = 1.527
[2024-03-05 12:30:02.302] [info] CMC::computeControls, t = 1.528
[2024-03-05 12:30:02.334] [info] CMC::computeControls, t = 1.529
[2024-03-05 12:30:02.363] [info] CMC::computeControls, t = 1.53
[2024-03-05 12:30:02.386] [info] CMC::computeControls, t = 1.531
[2024-03-05 12:30:02.402] [info] CMC::computeControls, t = 1.532
[2024-03-05 12:30:02.418] [info] CMC::computeControls, t = 1.533
[2024-03-05 12:30:02.439] [info] CMC::computeControls, t = 1.534
[2024-03-05 12:30:02.455] [info] CMC::computeControls, t = 1.535
[2024-03-05 12:30:02.481] [info] CMC::computeControls, t = 1.536
[2024-03-05 12:30:02.500] [info] CMC::computeControls, t = 1.537
[2024-03-05 12:30:02.522] [info] CMC::computeControls, t = 1.538
[2024-03-05 12:30:02.542] [info] CMC::computeControls, t = 1.539
[2024-03-05 12:30:02.565] [info] CMC::computeControls, t = 1.54
[2024-03-05 12:30:02.588] [info] CMC::computeControls, t = 1.541
[2024-03-05 12:30:02.622] [info] CMC::computeControls, t = 1.542
[2024-03-05 12:30:02.649] [info] CMC::computeControls, t = 1.543
[2024-03-05 12:30:02.674] [info] CMC::computeControls, t = 1.544
[2024-03-05 12:30:02.696] [info] CMC::computeControls, t = 1.545
[2024-03-05 12:30:02.733] [info] CMC::computeControls, t = 1.546
[2024-03-05 12:30:02.753] [info] CMC::computeControls, t = 1.547
[2024-03-05 12:30:02.788] [info] CMC::computeControls, t = 1.548
[2024-03-05 12:30:02.812] [info] CMC::computeControls, t = 1.549
[2024-03-05 12:30:02.835] [info] CMC::computeControls, t = 1.55
[2024-03-05 12:30:02.852] [info] CMC::computeControls, t = 1.551
[2024-03-05 12:30:02.868] [info] CMC::computeControls, t = 1.552
[2024-03-05 12:30:02.889] [info] CMC::computeControls, t = 1.553
[2024-03-05 12:30:02.915] [info] CMC::computeControls, t = 1.554
[2024-03-05 12:30:02.934] [info] CMC::computeControls, t = 1.555
[2024-03-05 12:30:02.957] [info] CMC::computeControls, t = 1.556
[2024-03-05 12:30:02.976] [info] CMC::computeControls, t = 1.557
[2024-03-05 12:30:02.996] [info] CMC::computeControls, t = 1.558
[2024-03-05 12:30:03.015] [info] CMC::computeControls, t = 1.559
[2024-03-05 12:30:03.041] [info] CMC::computeControls, t = 1.56
[2024-03-05 12:30:03.061] [info] CMC::computeControls, t = 1.561
[2024-03-05 12:30:03.093] [info] CMC::computeControls, t = 1.562
[2024-03-05 12:30:03.115] [info] CMC::computeControls, t = 1.563
[2024-03-05 12:30:03.133] [info] CMC::computeControls, t = 1.564
[2024-03-05 12:30:03.156] [info] CMC::computeControls, t = 1.565
[2024-03-05 12:30:03.181] [info] CMC::computeControls, t = 1.566
[2024-03-05 12:30:03.205] [info] CMC::computeControls, t = 1.567
[2024-03-05 12:30:03.232] [info] CMC::computeControls, t = 1.568
[2024-03-05 12:30:03.257] [info] CMC::computeControls, t = 1.569
[2024-03-05 12:30:03.283] [info] CMC::computeControls, t = 1.57
[2024-03-05 12:30:03.316] [info] CMC::computeControls, t = 1.571
[2024-03-05 12:30:03.349] [info] CMC::computeControls, t = 1.572
[2024-03-05 12:30:03.378] [info] CMC::computeControls, t = 1.573
[2024-03-05 12:30:03.431] [info] CMC::computeControls, t = 1.574
[2024-03-05 12:30:03.464] [info] CMC::computeControls, t = 1.575
[2024-03-05 12:30:03.519] [info] CMC::computeControls, t = 1.576
[2024-03-05 12:30:03.571] [info] CMC::computeControls, t = 1.577
[2024-03-05 12:30:03.636] [info] CMC::computeControls, t = 1.578
[2024-03-05 12:30:03.708] [info] CMC::computeControls, t = 1.579
[2024-03-05 12:30:03.748] [info] CMC::computeControls, t = 1.58
[2024-03-05 12:30:03.792] [info] CMC::computeControls, t = 1.581
[2024-03-05 12:30:03.830] [info] CMC::computeControls, t = 1.582
[2024-03-05 12:30:03.863] [info] CMC::computeControls, t = 1.583
[2024-03-05 12:30:03.888] [info] CMC::computeControls, t = 1.584
[2024-03-05 12:30:03.907] [info] CMC::computeControls, t = 1.585
[2024-03-05 12:30:03.932] [info] CMC::computeControls, t = 1.586
[2024-03-05 12:30:03.960] [info] CMC::computeControls, t = 1.587
[2024-03-05 12:30:03.989] [info] CMC::computeControls, t = 1.588
[2024-03-05 12:30:04.042] [info] CMC::computeControls, t = 1.589
[2024-03-05 12:30:04.080] [info] CMC::computeControls, t = 1.59
[2024-03-05 12:30:04.127] [info] CMC::computeControls, t = 1.591
[2024-03-05 12:30:04.181] [info] CMC::computeControls, t = 1.592
[2024-03-05 12:30:04.207] [info] CMC::computeControls, t = 1.593
[2024-03-05 12:30:04.230] [info] CMC::computeControls, t = 1.594
[2024-03-05 12:30:04.271] [info] CMC::computeControls, t = 1.595
[2024-03-05 12:30:04.301] [info] CMC::computeControls, t = 1.596
[2024-03-05 12:30:04.328] [info] CMC::computeControls, t = 1.597
[2024-03-05 12:30:04.345] [info] CMC::computeControls, t = 1.598
[2024-03-05 12:30:04.366] [info] CMC::computeControls, t = 1.599
[2024-03-05 12:30:04.383] [info] CMC::computeControls, t = 1.6
[2024-03-05 12:30:04.400] [info] CMC::computeControls, t = 1.60100
[2024-03-05 12:30:04.416] [info] CMC::computeControls, t = 1.60200
[2024-03-05 12:30:04.448] [info] CMC::computeControls, t = 1.60300
[2024-03-05 12:30:04.485] [info] CMC::computeControls, t = 1.60400
[2024-03-05 12:30:04.507] [info] CMC::computeControls, t = 1.60500
[2024-03-05 12:30:04.550] [info] CMC::computeControls, t = 1.60600
[2024-03-05 12:30:04.567] [info] CMC::computeControls, t = 1.60700
[2024-03-05 12:30:04.583] [info] CMC::computeControls, t = 1.60800
[2024-03-05 12:30:04.600] [info] CMC::computeControls, t = 1.60900
[2024-03-05 12:30:04.621] [info] CMC::computeControls, t = 1.61
[2024-03-05 12:30:04.643] [info] CMC::computeControls, t = 1.611
[2024-03-05 12:30:04.662] [info] CMC::computeControls, t = 1.612
[2024-03-05 12:30:04.679] [info] CMC::computeControls, t = 1.613
[2024-03-05 12:30:04.696] [info] CMC::computeControls, t = 1.614
[2024-03-05 12:30:04.713] [info] CMC::computeControls, t = 1.615
[2024-03-05 12:30:04.730] [info] CMC::computeControls, t = 1.616
[2024-03-05 12:30:04.747] [info] CMC::computeControls, t = 1.617
[2024-03-05 12:30:04.765] [info] CMC::computeControls, t = 1.618
[2024-03-05 12:30:04.782] [info] CMC::computeControls, t = 1.619
[2024-03-05 12:30:04.800] [info] CMC::computeControls, t = 1.62
[2024-03-05 12:30:04.817] [info] CMC::computeControls, t = 1.621
[2024-03-05 12:30:04.834] [info] CMC::computeControls, t = 1.622
[2024-03-05 12:30:04.851] [info] CMC::computeControls, t = 1.623
[2024-03-05 12:30:04.871] [info] CMC::computeControls, t = 1.624
[2024-03-05 12:30:04.889] [info] CMC::computeControls, t = 1.625
[2024-03-05 12:30:04.907] [info] CMC::computeControls, t = 1.626
[2024-03-05 12:30:04.934] [info] CMC::computeControls, t = 1.627
[2024-03-05 12:30:04.951] [info] CMC::computeControls, t = 1.628
[2024-03-05 12:30:04.968] [info] CMC::computeControls, t = 1.629
[2024-03-05 12:30:04.985] [info] CMC::computeControls, t = 1.63
[2024-03-05 12:30:05.003] [info] CMC::computeControls, t = 1.631
[2024-03-05 12:30:05.021] [info] CMC::computeControls, t = 1.632
[2024-03-05 12:30:05.040] [info] CMC::computeControls, t = 1.633
[2024-03-05 12:30:05.057] [info] CMC::computeControls, t = 1.634
[2024-03-05 12:30:05.074] [info] CMC::computeControls, t = 1.635
[2024-03-05 12:30:05.097] [info] CMC::computeControls, t = 1.636
[2024-03-05 12:30:05.114] [info] CMC::computeControls, t = 1.637
[2024-03-05 12:30:05.131] [info] CMC::computeControls, t = 1.638
[2024-03-05 12:30:05.148] [info] CMC::computeControls, t = 1.639
[2024-03-05 12:30:05.166] [info] CMC::computeControls, t = 1.64
[2024-03-05 12:30:05.183] [info] CMC::computeControls, t = 1.641
[2024-03-05 12:30:05.206] [info] CMC::computeControls, t = 1.642
[2024-03-05 12:30:05.237] [info] CMC::computeControls, t = 1.643
[2024-03-05 12:30:05.260] [info] CMC::computeControls, t = 1.644
[2024-03-05 12:30:05.277] [info] CMC::computeControls, t = 1.645
[2024-03-05 12:30:05.294] [info] CMC::computeControls, t = 1.646
[2024-03-05 12:30:05.317] [info] CMC::computeControls, t = 1.647
[2024-03-05 12:30:05.340] [info] CMC::computeControls, t = 1.648
[2024-03-05 12:30:05.366] [info] CMC::computeControls, t = 1.649
[2024-03-05 12:30:05.392] [info] CMC::computeControls, t = 1.65
[2024-03-05 12:30:05.412] [info] CMC::computeControls, t = 1.651
[2024-03-05 12:30:05.439] [info] CMC::computeControls, t = 1.652
[2024-03-05 12:30:05.477] [info] CMC::computeControls, t = 1.653
[2024-03-05 12:30:05.500] [info] CMC::computeControls, t = 1.654
[2024-03-05 12:30:05.526] [info] CMC::computeControls, t = 1.655
[2024-03-05 12:30:05.551] [info] CMC::computeControls, t = 1.656
[2024-03-05 12:30:05.578] [info] CMC::computeControls, t = 1.657
[2024-03-05 12:30:05.603] [info] CMC::computeControls, t = 1.658
[2024-03-05 12:30:05.628] [info] CMC::computeControls, t = 1.659
[2024-03-05 12:30:05.649] [info] CMC::computeControls, t = 1.66
[2024-03-05 12:30:05.670] [info] CMC::computeControls, t = 1.661
[2024-03-05 12:30:05.694] [info] CMC::computeControls, t = 1.662
[2024-03-05 12:30:05.723] [info] CMC::computeControls, t = 1.663
[2024-03-05 12:30:05.757] [info] CMC::computeControls, t = 1.664
[2024-03-05 12:30:05.791] [info] CMC::computeControls, t = 1.665
[2024-03-05 12:30:05.821] [info] CMC::computeControls, t = 1.666
[2024-03-05 12:30:05.857] [info] CMC::computeControls, t = 1.667
[2024-03-05 12:30:05.892] [info] CMC::computeControls, t = 1.668
[2024-03-05 12:30:05.922] [info] CMC::computeControls, t = 1.669
[2024-03-05 12:30:05.952] [info] CMC::computeControls, t = 1.67
[2024-03-05 12:30:05.977] [info] CMC::computeControls, t = 1.671
[2024-03-05 12:30:06.002] [info] CMC::computeControls, t = 1.672
[2024-03-05 12:30:06.036] [info] CMC::computeControls, t = 1.673
[2024-03-05 12:30:06.064] [info] CMC::computeControls, t = 1.674
[2024-03-05 12:30:06.091] [info] CMC::computeControls, t = 1.675
[2024-03-05 12:30:06.108] [info] CMC::computeControls, t = 1.676
[2024-03-05 12:30:06.128] [info] CMC::computeControls, t = 1.677
[2024-03-05 12:30:06.151] [info] CMC::computeControls, t = 1.678
[2024-03-05 12:30:06.167] [info] CMC::computeControls, t = 1.679
[2024-03-05 12:30:06.184] [info] CMC::computeControls, t = 1.68
[2024-03-05 12:30:06.219] [info] CMC::computeControls, t = 1.681
[2024-03-05 12:30:06.254] [info] CMC::computeControls, t = 1.682
[2024-03-05 12:30:06.274] [info] CMC::computeControls, t = 1.683
[2024-03-05 12:30:06.294] [info] CMC::computeControls, t = 1.684
[2024-03-05 12:30:06.313] [info] CMC::computeControls, t = 1.685
[2024-03-05 12:30:06.343] [info] CMC::computeControls, t = 1.686
[2024-03-05 12:30:06.359] [info] CMC::computeControls, t = 1.687
[2024-03-05 12:30:06.377] [info] CMC::computeControls, t = 1.688
[2024-03-05 12:30:06.403] [info] CMC::computeControls, t = 1.689
[2024-03-05 12:30:06.420] [info] CMC::computeControls, t = 1.69
[2024-03-05 12:30:06.437] [info] CMC::computeControls, t = 1.691
[2024-03-05 12:30:06.468] [info] CMC::computeControls, t = 1.692
[2024-03-05 12:30:06.494] [info] CMC::computeControls, t = 1.693
[2024-03-05 12:30:06.517] [info] CMC::computeControls, t = 1.694
[2024-03-05 12:30:06.536] [info] CMC::computeControls, t = 1.695
[2024-03-05 12:30:06.553] [info] CMC::computeControls, t = 1.696
[2024-03-05 12:30:06.579] [info] CMC::computeControls, t = 1.697
[2024-03-05 12:30:06.609] [info] CMC::computeControls, t = 1.698
[2024-03-05 12:30:06.637] [info] CMC::computeControls, t = 1.699
[2024-03-05 12:30:06.658] [info] CMC::computeControls, t = 1.7
[2024-03-05 12:30:06.678] [info] CMC::computeControls, t = 1.70100
[2024-03-05 12:30:06.697] [info] CMC::computeControls, t = 1.70200
[2024-03-05 12:30:06.722] [info] CMC::computeControls, t = 1.70300
[2024-03-05 12:30:06.753] [info] CMC::computeControls, t = 1.70400
[2024-03-05 12:30:06.777] [info] CMC::computeControls, t = 1.70500
[2024-03-05 12:30:06.793] [info] CMC::computeControls, t = 1.70600
[2024-03-05 12:30:06.810] [info] CMC::computeControls, t = 1.70700
[2024-03-05 12:30:06.826] [info] CMC::computeControls, t = 1.70800
[2024-03-05 12:30:06.843] [info] CMC::computeControls, t = 1.70900
[2024-03-05 12:30:06.860] [info] CMC::computeControls, t = 1.71
[2024-03-05 12:30:06.885] [info] CMC::computeControls, t = 1.711
[2024-03-05 12:30:06.912] [info] CMC::computeControls, t = 1.712
[2024-03-05 12:30:06.937] [info] CMC::computeControls, t = 1.713
[2024-03-05 12:30:06.968] [info] CMC::computeControls, t = 1.714
[2024-03-05 12:30:06.992] [info] CMC::computeControls, t = 1.715
[2024-03-05 12:30:07.018] [info] CMC::computeControls, t = 1.716
[2024-03-05 12:30:07.034] [info] CMC::computeControls, t = 1.717
[2024-03-05 12:30:07.068] [info] CMC::computeControls, t = 1.718
[2024-03-05 12:30:07.087] [info] CMC::computeControls, t = 1.719
[2024-03-05 12:30:07.106] [info] CMC::computeControls, t = 1.72
[2024-03-05 12:30:07.123] [info] CMC::computeControls, t = 1.721
[2024-03-05 12:30:07.140] [info] CMC::computeControls, t = 1.722
[2024-03-05 12:30:07.159] [info] CMC::computeControls, t = 1.723
[2024-03-05 12:30:07.189] [info] CMC::computeControls, t = 1.724
[2024-03-05 12:30:07.206] [info] CMC::computeControls, t = 1.725
[2024-03-05 12:30:07.231] [info] CMC::computeControls, t = 1.726
[2024-03-05 12:30:07.247] [info] CMC::computeControls, t = 1.727
[2024-03-05 12:30:07.263] [info] CMC::computeControls, t = 1.728
[2024-03-05 12:30:07.290] [info] CMC::computeControls, t = 1.729
[2024-03-05 12:30:07.306] [info] CMC::computeControls, t = 1.73
[2024-03-05 12:30:07.322] [info] CMC::computeControls, t = 1.731
[2024-03-05 12:30:07.339] [info] CMC::computeControls, t = 1.732
[2024-03-05 12:30:07.361] [info] CMC::computeControls, t = 1.733
[2024-03-05 12:30:07.396] [info] CMC::computeControls, t = 1.734
[2024-03-05 12:30:07.420] [info] CMC::computeControls, t = 1.735
[2024-03-05 12:30:07.439] [info] CMC::computeControls, t = 1.736
[2024-03-05 12:30:07.456] [info] CMC::computeControls, t = 1.737
[2024-03-05 12:30:07.472] [info] CMC::computeControls, t = 1.738
[2024-03-05 12:30:07.488] [info] CMC::computeControls, t = 1.739
[2024-03-05 12:30:07.505] [info] CMC::computeControls, t = 1.74
[2024-03-05 12:30:07.523] [info] CMC::computeControls, t = 1.741
[2024-03-05 12:30:07.541] [info] CMC::computeControls, t = 1.742
[2024-03-05 12:30:07.559] [info] CMC::computeControls, t = 1.743
[2024-03-05 12:30:07.580] [info] CMC::computeControls, t = 1.744
[2024-03-05 12:30:07.604] [info] CMC::computeControls, t = 1.745
[2024-03-05 12:30:07.626] [info] CMC::computeControls, t = 1.746
[2024-03-05 12:30:07.644] [info] CMC::computeControls, t = 1.747
[2024-03-05 12:30:07.660] [info] CMC::computeControls, t = 1.748
[2024-03-05 12:30:07.688] [info] CMC::computeControls, t = 1.749
[2024-03-05 12:30:07.723] [info] CMC::computeControls, t = 1.75
[2024-03-05 12:30:07.749] [info] CMC::computeControls, t = 1.751
[2024-03-05 12:30:07.764] [info] CMC::computeControls, t = 1.752
[2024-03-05 12:30:07.781] [info] CMC::computeControls, t = 1.753
[2024-03-05 12:30:07.810] [info] CMC::computeControls, t = 1.754
[2024-03-05 12:30:07.842] [info] CMC::computeControls, t = 1.755
[2024-03-05 12:30:07.859] [info] CMC::computeControls, t = 1.756
[2024-03-05 12:30:07.875] [info] CMC::computeControls, t = 1.757
[2024-03-05 12:30:07.891] [info] CMC::computeControls, t = 1.758
[2024-03-05 12:30:07.908] [info] CMC::computeControls, t = 1.759
[2024-03-05 12:30:07.926] [info] CMC::computeControls, t = 1.76
[2024-03-05 12:30:07.944] [info] CMC::computeControls, t = 1.761
[2024-03-05 12:30:07.962] [info] CMC::computeControls, t = 1.762
[2024-03-05 12:30:07.979] [info] CMC::computeControls, t = 1.763
[2024-03-05 12:30:07.996] [info] CMC::computeControls, t = 1.764
[2024-03-05 12:30:08.012] [info] CMC::computeControls, t = 1.765
[2024-03-05 12:30:08.030] [info] CMC::computeControls, t = 1.766
[2024-03-05 12:30:08.057] [info] CMC::computeControls, t = 1.767
[2024-03-05 12:30:08.076] [info] CMC::computeControls, t = 1.768
[2024-03-05 12:30:08.092] [info] CMC::computeControls, t = 1.769
[2024-03-05 12:30:08.120] [info] CMC::computeControls, t = 1.77
[2024-03-05 12:30:08.136] [info] CMC::computeControls, t = 1.771
[2024-03-05 12:30:08.154] [info] CMC::computeControls, t = 1.772
[2024-03-05 12:30:08.177] [info] CMC::computeControls, t = 1.773
[2024-03-05 12:30:08.204] [info] CMC::computeControls, t = 1.774
[2024-03-05 12:30:08.240] [info] CMC::computeControls, t = 1.775
[2024-03-05 12:30:08.269] [info] CMC::computeControls, t = 1.776
[2024-03-05 12:30:08.299] [info] -------------------------------------------
[2024-03-05 12:30:08.299] [info] Finished tracking the specified kinematics:
[2024-03-05 12:30:08.299] [info] -------------------------------------------
[2024-03-05 12:30:08.299] [info]  -- Start time = Tue Mar  5 12:29:53 2024
[2024-03-05 12:30:08.299] [info]  -- Finish time = Tue Mar  5 12:30:08 2024
[2024-03-05 12:30:08.299] [info]  -- Elapsed time = 15.0 seconds.
[2024-03-05 12:30:08.299] [info] -------------------------------------------
[2024-03-05 12:30:08.299] [info] 
[2024-03-05 12:30:08.299] [info] Printing results of investigation subject01_run5_cycle2 to cycle2/
[2024-03-05 12:30:08.753] [info] 

************************************************************
*      Summary of Mass Adjustments to Reduce Residuals     *
************************************************************
* Body adjusted: torso
* Mass Center (COM) adjustment: dx =-0.0429099, dz =0.0099879
* New COM location: ~[0.0120859,0.32879,-0.0099879]
************************************************************
* Recommended mass adjustments:                             
*  Total mass change: 0.276555
*  pelvis: orig mass = 11.4128, new mass = 11.4561
*  femur_r: orig mass = 9.01374, new mass = 9.04796
*  tibia_r: orig mass = 3.59284, new mass = 3.60648
*  talus_r: orig mass = 0.0969073, new mass = 0.0972753
*  calcn_r: orig mass = 1.21134, new mass = 1.21594
*  toes_r: orig mass = 0.209901, new mass = 0.210698
*  femur_l: orig mass = 9.01374, new mass = 9.04796
*  tibia_l: orig mass = 3.59284, new mass = 3.60648
*  talus_l: orig mass = 0.0969073, new mass = 0.0972753
*  calcn_l: orig mass = 1.21134, new mass = 1.21594
*  toes_l: orig mass = 0.209901, new mass = 0.210698
*  torso: orig mass = 25.9969, new mass = 26.0956
*  humerus_r: orig mass = 1.96964, new mass = 1.97712
*  ulna_r: orig mass = 0.588712, new mass = 0.590947
*  radius_r: orig mass = 0.588712, new mass = 0.590947
*  hand_r: orig mass = 0.443351, new mass = 0.445034
*  humerus_l: orig mass = 1.96964, new mass = 1.97712
*  ulna_l: orig mass = 0.588712, new mass = 0.590947
*  radius_l: orig mass = 0.588712, new mass = 0.590947
*  hand_l: orig mass = 0.443351, new mass = 0.445034
************************************************************
* Note: Edit the model to make recommended adjustments to  *
*       mass properties.                                   *
************************************************************

* Average residuals before adjusting torso COM:
*  FX=-0.895446 FY=-2.71208 FZ=-3.62353
*  MX=-2.54634 MY=3.22512 MZ=-10.9396
************************************************************
* Average residuals after adjusting torso COM:
*  FX=-0.877894 FY=-3.04104 FZ=-3.85851
*  MX=-0.850728 MY=3.41217 MZ=-0.722073
************************************************************


[2024-03-05 12:30:08.753] [info] 
************************************************************
*                   Final Average Residuals                *
************************************************************
* After torso COM and Kinematics adjustments:
*  FX=3.56977 FY=0.925955 FZ=1.22456
*  MX=-5.19931 MY=-2.88123 MZ=5.15465
************************************************************


