[2023-03-11 02:05:56.717] [info] ExternalForce::externalforce Data source being set to Run_500 01_newCOP3_v24.mot
[2023-03-11 02:05:56.718] [info] ExternalForce::externalforce_0 Data source being set to Run_500 01_newCOP3_v24.mot
[2023-03-11 02:05:57.140] [info] ExternalForce::externalforce Data source being set to Run_500 01_newCOP3_v24.mot
[2023-03-11 02:05:57.140] [info] ExternalForce::externalforce_0 Data source being set to Run_500 01_newCOP3_v24.mot
[2023-03-11 02:05:57.405] [info] ExternalForce::externalforce Data source being set to Run_500 01_newCOP3_v24.mot
[2023-03-11 02:05:57.405] [info] ExternalForce::externalforce_0 Data source being set to Run_500 01_newCOP3_v24.mot
[2023-03-11 02:05:57.577] [info] ExternalForce::externalforce Data source being set to Run_500 01_newCOP3_v24.mot
[2023-03-11 02:05:57.577] [info] ExternalForce::externalforce_0 Data source being set to Run_500 01_newCOP3_v24.mot
[2023-03-11 02:05:57.779] [info] ExternalForce::externalforce Data source being set to Run_500 01_newCOP3_v24.mot
[2023-03-11 02:05:57.779] [info] ExternalForce::externalforce_0 Data source being set to Run_500 01_newCOP3_v24.mot
[2023-03-11 02:05:57.981] [info] ExternalForce::externalforce Data source being set to Run_500 01_newCOP3_v24.mot
[2023-03-11 02:05:57.981] [info] ExternalForce::externalforce_0 Data source being set to Run_500 01_newCOP3_v24.mot
[2023-03-11 02:05:58.211] [info] ExternalForce::externalforce Data source being set to Run_500 01_newCOP3_v24.mot
[2023-03-11 02:05:58.211] [info] ExternalForce::externalforce_0 Data source being set to Run_500 01_newCOP3_v24.mot
[2023-03-11 02:05:58.406] [info] ExternalForce::externalforce Data source being set to Run_500 01_newCOP3_v24.mot
[2023-03-11 02:05:58.406] [info] ExternalForce::externalforce_0 Data source being set to Run_500 01_newCOP3_v24.mot
[2023-03-11 02:05:58.574] [info] ExternalForce::externalforce Data source being set to Run_500 01_newCOP3_v24.mot
[2023-03-11 02:05:58.574] [info] ExternalForce::externalforce_0 Data source being set to Run_500 01_newCOP3_v24.mot
[2023-03-11 02:05:58.746] [info] ExternalForce::externalforce Data source being set to Run_500 01_newCOP3_v24.mot
[2023-03-11 02:05:58.746] [info] ExternalForce::externalforce_0 Data source being set to Run_500 01_newCOP3_v24.mot
[2023-03-11 02:05:58.953] [info] ExternalForce::externalforce Data source being set to Run_500 01_newCOP3_v24.mot
[2023-03-11 02:05:58.953] [info] ExternalForce::externalforce_0 Data source being set to Run_500 01_newCOP3_v24.mot
[2023-03-11 02:05:59.144] [info] ExternalForce::externalforce Data source being set to Run_500 01_newCOP3_v24.mot
[2023-03-11 02:05:59.144] [info] ExternalForce::externalforce_0 Data source being set to Run_500 01_newCOP3_v24.mot
[2023-03-11 02:05:59.301] [info] ExternalForce::externalforce Data source being set to Run_500 01_newCOP3_v24.mot
[2023-03-11 02:05:59.301] [info] ExternalForce::externalforce_0 Data source being set to Run_500 01_newCOP3_v24.mot
[2023-03-11 02:05:59.481] [info] ExternalForce::externalforce Data source being set to Run_500 01_newCOP3_v24.mot
[2023-03-11 02:05:59.481] [info] ExternalForce::externalforce_0 Data source being set to Run_500 01_newCOP3_v24.mot
[2023-03-11 02:05:59.637] [info] ExternalForce::externalforce Data source being set to Run_500 01_newCOP3_v24.mot
[2023-03-11 02:05:59.638] [info] ExternalForce::externalforce_0 Data source being set to Run_500 01_newCOP3_v24.mot
[2023-03-11 02:05:59.800] [info] ExternalForce::externalforce Data source being set to Run_500 01_newCOP3_v24.mot
[2023-03-11 02:05:59.800] [info] ExternalForce::externalforce_0 Data source being set to Run_500 01_newCOP3_v24.mot
[2023-03-11 02:05:59.959] [info] ExternalForce::externalforce Data source being set to Run_500 01_newCOP3_v24.mot
[2023-03-11 02:05:59.959] [info] ExternalForce::externalforce_0 Data source being set to Run_500 01_newCOP3_v24.mot
[2023-03-11 02:06:00.189] [info] ExternalForce::externalforce Data source being set to Run_500 01_newCOP3_v24.mot
[2023-03-11 02:06:00.189] [info] ExternalForce::externalforce_0 Data source being set to Run_500 01_newCOP3_v24.mot
[2023-03-11 02:06:00.359] [info] ExternalForce::externalforce Data source being set to Run_500 01_newCOP3_v24.mot
[2023-03-11 02:06:00.359] [info] ExternalForce::externalforce_0 Data source being set to Run_500 01_newCOP3_v24.mot
[2023-03-11 02:06:00.525] [info] ExternalForce::externalforce Data source being set to Run_500 01_newCOP3_v24.mot
[2023-03-11 02:06:00.525] [info] ExternalForce::externalforce_0 Data source being set to Run_500 01_newCOP3_v24.mot
[2023-03-11 02:06:00.692] [info] ExternalForce::externalforce Data source being set to Run_500 01_newCOP3_v24.mot
[2023-03-11 02:06:00.692] [info] ExternalForce::externalforce_0 Data source being set to Run_500 01_newCOP3_v24.mot
[2023-03-11 02:06:00.897] [info] ExternalForce::externalforce Data source being set to Run_500 01_newCOP3_v24.mot
[2023-03-11 02:06:00.897] [info] ExternalForce::externalforce_0 Data source being set to Run_500 01_newCOP3_v24.mot
[2023-03-11 02:06:01.798] [info] ExternalForce::externalforce Data source being set to Run_500 01_newCOP3_v24.mot
[2023-03-11 02:06:01.798] [info] ExternalForce::externalforce_0 Data source being set to Run_500 01_newCOP3_v24.mot
[2023-03-11 02:06:01.967] [info] ExternalForce::externalforce Data source being set to Run_500 01_newCOP3_v24.mot
[2023-03-11 02:06:01.967] [info] ExternalForce::externalforce_0 Data source being set to Run_500 01_newCOP3_v24.mot
[2023-03-11 02:06:02.119] [info] ExternalForce::externalforce Data source being set to Run_500 01_newCOP3_v24.mot
[2023-03-11 02:06:02.119] [info] ExternalForce::externalforce_0 Data source being set to Run_500 01_newCOP3_v24.mot
[2023-03-11 02:06:02.279] [info] ExternalForce::externalforce Data source being set to Run_500 01_newCOP3_v24.mot
[2023-03-11 02:06:02.279] [info] ExternalForce::externalforce_0 Data source being set to Run_500 01_newCOP3_v24.mot
[2023-03-11 02:06:02.460] [info] ExternalForce::externalforce Data source being set to Run_500 01_newCOP3_v24.mot
[2023-03-11 02:06:02.460] [info] ExternalForce::externalforce_0 Data source being set to Run_500 01_newCOP3_v24.mot
[2023-03-11 02:06:02.634] [info] ExternalForce::externalforce Data source being set to Run_500 01_newCOP3_v24.mot
[2023-03-11 02:06:02.634] [info] ExternalForce::externalforce_0 Data source being set to Run_500 01_newCOP3_v24.mot
[2023-03-11 02:06:02.799] [info] ExternalForce::externalforce Data source being set to Run_500 01_newCOP3_v24.mot
[2023-03-11 02:06:02.799] [info] ExternalForce::externalforce_0 Data source being set to Run_500 01_newCOP3_v24.mot
[2023-03-11 02:06:02.947] [info] ExternalForce::externalforce Data source being set to Run_500 01_newCOP3_v24.mot
[2023-03-11 02:06:02.947] [info] ExternalForce::externalforce_0 Data source being set to Run_500 01_newCOP3_v24.mot
[2023-03-11 02:06:02.992] [info] ========================================================================
[2023-03-11 02:06:02.992] [info] MocoCasADiSolver starting.
[2023-03-11 02:06:02.992] [info] Sat Mar 11 02:06:02 2023
[2023-03-11 02:06:02.992] [info] ------------------------------------------------------------------------
[2023-03-11 02:06:02.992] [cout] [info] Costs: (total: 2)
[2023-03-11 02:06:02.992] [cout] [info]   state_tracking. MocoStateTrackingGoal, enabled: true, mode: cost, weight: 1.0
[2023-03-11 02:06:02.992] [cout] [info]         state: /jointset/ground_pelvis/pelvis_tilt/value, weight: 750.0
[2023-03-11 02:06:02.992] [cout] [info]         state: /jointset/ground_pelvis/pelvis_list/value, weight: 250.0
[2023-03-11 02:06:02.992] [cout] [info]         state: /jointset/ground_pelvis/pelvis_rotation/value, weight: 50.0
[2023-03-11 02:06:02.992] [cout] [info]         state: /jointset/ground_pelvis/pelvis_tx/value, weight: 25.0
[2023-03-11 02:06:02.993] [cout] [info]         state: /jointset/ground_pelvis/pelvis_ty/value, weight: 100.0
[2023-03-11 02:06:02.993] [cout] [info]         state: /jointset/ground_pelvis/pelvis_tz/value, weight: 25.0
[2023-03-11 02:06:02.993] [cout] [info]         state: /jointset/hip_r/hip_flexion_r/value, weight: 75.0
[2023-03-11 02:06:02.993] [cout] [info]         state: /jointset/hip_r/hip_adduction_r/value, weight: 50.0
[2023-03-11 02:06:02.993] [cout] [info]         state: /jointset/hip_r/hip_rotation_r/value, weight: 10.0
[2023-03-11 02:06:02.993] [cout] [info]         state: /jointset/knee_r/knee_angle_r/value, weight: 10.0
[2023-03-11 02:06:02.993] [cout] [info]         state: /jointset/ankle_r/ankle_angle_r/value, weight: 10.0
[2023-03-11 02:06:02.993] [cout] [info]         state: /jointset/hip_l/hip_flexion_l/value, weight: 75.0
[2023-03-11 02:06:02.993] [cout] [info]         state: /jointset/hip_l/hip_adduction_l/value, weight: 50.0
[2023-03-11 02:06:02.993] [cout] [info]         state: /jointset/hip_l/hip_rotation_l/value, weight: 10.0
[2023-03-11 02:06:02.993] [cout] [info]         state: /jointset/knee_l/knee_angle_l/value, weight: 10.0
[2023-03-11 02:06:02.993] [cout] [info]         state: /jointset/ankle_l/ankle_angle_l/value, weight: 10.0
[2023-03-11 02:06:02.993] [cout] [info]         state: /jointset/back/lumbar_extension/value, weight: 75.0
[2023-03-11 02:06:02.993] [cout] [info]         state: /jointset/back/lumbar_bending/value, weight: 50.0
[2023-03-11 02:06:02.993] [cout] [info]         state: /jointset/back/lumbar_rotation/value, weight: 25.0
[2023-03-11 02:06:02.993] [cout] [info]         state: /jointset/acromial_r/arm_flex_r/value, weight: 1.0
[2023-03-11 02:06:02.993] [cout] [info]         state: /jointset/acromial_r/arm_add_r/value, weight: 1.0
[2023-03-11 02:06:02.993] [cout] [info]         state: /jointset/acromial_r/arm_rot_r/value, weight: 1.0
[2023-03-11 02:06:02.993] [cout] [info]         state: /jointset/elbow_r/elbow_flex_r/value, weight: 1.0
[2023-03-11 02:06:02.993] [cout] [info]         state: /jointset/radioulnar_r/pro_sup_r/value, weight: 1.0
[2023-03-11 02:06:02.993] [cout] [info]         state: /jointset/acromial_l/arm_flex_l/value, weight: 1.0
[2023-03-11 02:06:02.993] [cout] [info]         state: /jointset/acromial_l/arm_add_l/value, weight: 1.0
[2023-03-11 02:06:02.993] [cout] [info]         state: /jointset/acromial_l/arm_rot_l/value, weight: 1.0
[2023-03-11 02:06:02.993] [cout] [info]         state: /jointset/elbow_l/elbow_flex_l/value, weight: 1.0
[2023-03-11 02:06:02.993] [cout] [info]         state: /jointset/radioulnar_l/pro_sup_l/value, weight: 1.0
[2023-03-11 02:06:02.993] [cout] [info]         state: /jointset/subtalar_r/subtalar_angle_r/value, weight: 0.0
[2023-03-11 02:06:02.993] [cout] [info]         state: /jointset/mtp_r/mtp_angle_r/value, weight: 0.0
[2023-03-11 02:06:02.993] [cout] [info]         state: /jointset/subtalar_l/subtalar_angle_l/value, weight: 0.0
[2023-03-11 02:06:02.993] [cout] [info]         state: /jointset/mtp_l/mtp_angle_l/value, weight: 0.0
[2023-03-11 02:06:02.993] [cout] [info]         state: /jointset/radius_hand_r/wrist_flex_r/value, weight: 0.0
[2023-03-11 02:06:02.994] [cout] [info]         state: /jointset/radius_hand_r/wrist_dev_r/value, weight: 0.0
[2023-03-11 02:06:02.994] [cout] [info]         state: /jointset/radius_hand_l/wrist_flex_l/value, weight: 0.0
[2023-03-11 02:06:02.994] [cout] [info]         state: /jointset/radius_hand_l/wrist_dev_l/value, weight: 0.0
[2023-03-11 02:06:02.994] [cout] [info]   control_effort. MocoControlGoal, enabled: true, mode: cost, weight: 0.00100000
[2023-03-11 02:06:02.994] [cout] [info]         control: /forceset/pelvis_tx_actuator, weight: 1.0
[2023-03-11 02:06:02.994] [cout] [info]         control: /forceset/pelvis_ty_actuator, weight: 1.0
[2023-03-11 02:06:02.994] [cout] [info]         control: /forceset/pelvis_tz_actuator, weight: 1.0
[2023-03-11 02:06:02.994] [cout] [info]         control: /forceset/pelvis_tilt_actuator, weight: 1.0
[2023-03-11 02:06:02.994] [cout] [info]         control: /forceset/pelvis_list_actuator, weight: 1.0
[2023-03-11 02:06:02.994] [cout] [info]         control: /forceset/pelvis_rotation_actuator, weight: 1.0
[2023-03-11 02:06:02.994] [cout] [info]         control: /forceset/hip_flexion_r_actuator, weight: 1.0
[2023-03-11 02:06:02.994] [cout] [info]         control: /forceset/hip_adduction_r_actuator, weight: 1.0
[2023-03-11 02:06:02.994] [cout] [info]         control: /forceset/hip_rotation_r_actuator, weight: 1.0
[2023-03-11 02:06:02.994] [cout] [info]         control: /forceset/knee_angle_r_actuator, weight: 1.0
[2023-03-11 02:06:02.994] [cout] [info]         control: /forceset/ankle_angle_r_actuator, weight: 1.0
[2023-03-11 02:06:02.994] [cout] [info]         control: /forceset/hip_flexion_l_actuator, weight: 1.0
[2023-03-11 02:06:02.994] [cout] [info]         control: /forceset/hip_adduction_l_actuator, weight: 1.0
[2023-03-11 02:06:02.994] [cout] [info]         control: /forceset/hip_rotation_l_actuator, weight: 1.0
[2023-03-11 02:06:02.994] [cout] [info]         control: /forceset/knee_angle_l_actuator, weight: 1.0
[2023-03-11 02:06:02.994] [cout] [info]         control: /forceset/ankle_angle_l_actuator, weight: 1.0
[2023-03-11 02:06:02.994] [cout] [info]         control: /forceset/lumbar_extension_actuator, weight: 1.0
[2023-03-11 02:06:02.994] [cout] [info]         control: /forceset/lumbar_bending_actuator, weight: 1.0
[2023-03-11 02:06:02.994] [cout] [info]         control: /forceset/lumbar_rotation_actuator, weight: 1.0
[2023-03-11 02:06:02.994] [cout] [info]         control: /forceset/arm_flex_r_actuator, weight: 1.0
[2023-03-11 02:06:02.994] [cout] [info]         control: /forceset/arm_add_r_actuator, weight: 1.0
[2023-03-11 02:06:02.994] [cout] [info]         control: /forceset/arm_rot_r_actuator, weight: 1.0
[2023-03-11 02:06:02.994] [cout] [info]         control: /forceset/elbow_flex_r_actuator, weight: 1.0
[2023-03-11 02:06:02.994] [cout] [info]         control: /forceset/pro_sup_r_actuator, weight: 1.0
[2023-03-11 02:06:02.994] [cout] [info]         control: /forceset/arm_flex_l_actuator, weight: 1.0
[2023-03-11 02:06:02.994] [cout] [info]         control: /forceset/arm_add_l_actuator, weight: 1.0
[2023-03-11 02:06:02.994] [cout] [info]         control: /forceset/arm_rot_l_actuator, weight: 1.0
[2023-03-11 02:06:02.994] [cout] [info]         control: /forceset/elbow_flex_l_actuator, weight: 1.0
[2023-03-11 02:06:02.994] [cout] [info]         control: /forceset/pro_sup_l_actuator, weight: 1.0
[2023-03-11 02:06:02.995] [cout] [info] Endpoint constraints: none
[2023-03-11 02:06:02.995] [cout] [info] Kinematic constraints: (total: 8)
[2023-03-11 02:06:02.995] [cout] [info]   kinematic_constraint_cid27. MocoConstraintInfo. number of scalar equations: 3. bounds: 0, 0, 0
[2023-03-11 02:06:02.995] [cout] [info]   kinematic_constraint_cid28. MocoConstraintInfo. number of scalar equations: 3. bounds: 0, 0, 0
[2023-03-11 02:06:02.995] [cout] [info]   kinematic_constraint_cid31. MocoConstraintInfo. number of scalar equations: 3. bounds: 0, 0, 0
[2023-03-11 02:06:02.995] [cout] [info]   kinematic_constraint_cid32. MocoConstraintInfo. number of scalar equations: 3. bounds: 0, 0, 0
[2023-03-11 02:06:02.995] [cout] [info]   kinematic_constraint_cid33. MocoConstraintInfo. number of scalar equations: 3. bounds: 0, 0, 0
[2023-03-11 02:06:02.995] [cout] [info]   kinematic_constraint_cid34. MocoConstraintInfo. number of scalar equations: 3. bounds: 0, 0, 0
[2023-03-11 02:06:02.995] [cout] [info]   kinematic_constraint_cid35. MocoConstraintInfo. number of scalar equations: 3. bounds: 0, 0, 0
[2023-03-11 02:06:02.995] [cout] [info]   kinematic_constraint_cid36. MocoConstraintInfo. number of scalar equations: 3. bounds: 0, 0, 0
[2023-03-11 02:06:02.995] [cout] [info] Path constraints: none
[2023-03-11 02:06:02.995] [cout] [info] States: (total: 74)
[2023-03-11 02:06:02.995] [cout] [info]   /jointset/ground_pelvis/pelvis_tilt/value. bounds: [-0.487377, 0.157619]
[2023-03-11 02:06:02.995] [cout] [info]   /jointset/ground_pelvis/pelvis_list/value. bounds: [-0.280843, 0.44629]
[2023-03-11 02:06:02.995] [cout] [info]   /jointset/radioulnar_r/pro_sup_r/value. bounds: [1.72055, 2.1607]
[2023-03-11 02:06:02.995] [cout] [info]   /jointset/ground_pelvis/pelvis_rotation/value. bounds: [-0.38625, 0.471251]
[2023-03-11 02:06:02.995] [cout] [info]   /jointset/ground_pelvis/pelvis_tx/value. bounds: [0.738996, 1.24876]
[2023-03-11 02:06:02.995] [cout] [info]   /jointset/elbow_r/elbow_flex_r/value. bounds: [0.724998, 2.26053]
[2023-03-11 02:06:02.995] [cout] [info]   /jointset/ground_pelvis/pelvis_ty/value. bounds: [0.80146, 1.11186]
[2023-03-11 02:06:02.995] [cout] [info]   /jointset/radius_hand_l/wrist_flex_l/speed. bounds: [-50, 50]
[2023-03-11 02:06:02.995] [cout] [info]   /jointset/ground_pelvis/pelvis_tz/value. bounds: [-0.562449, -0.104355]
[2023-03-11 02:06:02.995] [cout] [info]   /jointset/hip_r/hip_adduction_r/speed. bounds: [-50, 50]
[2023-03-11 02:06:02.995] [cout] [info]   /jointset/ankle_r/ankle_angle_r/value. bounds: [-0.681425, 0.63929]
[2023-03-11 02:06:02.995] [cout] [info]   /jointset/hip_r/hip_flexion_r/value. bounds: [-0.713805, 1.21186]
[2023-03-11 02:06:02.995] [cout] [info]   /jointset/hip_r/hip_adduction_r/value. bounds: [-0.641333, 0.417608]
[2023-03-11 02:06:02.995] [cout] [info]   /jointset/back/lumbar_rotation/speed. bounds: [-50, 50]
[2023-03-11 02:06:02.995] [cout] [info]   /jointset/hip_r/hip_rotation_r/value. bounds: [-0.305518, 0.340753]
[2023-03-11 02:06:02.996] [cout] [info]   /jointset/mtp_l/mtp_angle_l/speed. bounds: [-50, 50]
[2023-03-11 02:06:02.996] [cout] [info]   /jointset/knee_r/knee_angle_r/value. bounds: [-2.68372, 0.207578]
[2023-03-11 02:06:02.996] [cout] [info]   /jointset/subtalar_r/subtalar_angle_r/value. bounds: [-1.5708, 1.5708]
[2023-03-11 02:06:02.996] [cout] [info]   /jointset/hip_l/hip_flexion_l/value. bounds: [-0.71015, 1.15474]
[2023-03-11 02:06:02.996] [cout] [info]   /jointset/hip_l/hip_adduction_l/value. bounds: [-0.302432, 0.713672]
[2023-03-11 02:06:02.996] [cout] [info]   /jointset/hip_l/hip_rotation_l/value. bounds: [-0.308968, 0.382648]
[2023-03-11 02:06:02.996] [cout] [info]   /jointset/knee_l/knee_angle_l/value. bounds: [-2.51757, 0.250182]
[2023-03-11 02:06:02.996] [cout] [info]   /jointset/knee_r/knee_angle_r/speed. bounds: [-50, 50]
[2023-03-11 02:06:02.996] [cout] [info]   /jointset/ankle_l/ankle_angle_l/value. bounds: [-0.7308, 0.644762]
[2023-03-11 02:06:02.996] [cout] [info]   /jointset/back/lumbar_extension/value. bounds: [-0.394124, 0.255604]
[2023-03-11 02:06:02.996] [cout] [info]   /jointset/back/lumbar_bending/value. bounds: [-0.423998, 0.240323]
[2023-03-11 02:06:02.996] [cout] [info]   /jointset/back/lumbar_rotation/value. bounds: [-0.519421, 0.29217]
[2023-03-11 02:06:02.996] [cout] [info]   /jointset/acromial_r/arm_flex_r/value. bounds: [-1.13968, -0.190871]
[2023-03-11 02:06:02.996] [cout] [info]   /jointset/acromial_r/arm_add_r/value. bounds: [-0.688582, -0.244133]
[2023-03-11 02:06:02.996] [cout] [info]   /jointset/acromial_r/arm_rot_r/value. bounds: [-0.228491, 0.231868]
[2023-03-11 02:06:02.996] [cout] [info]   /jointset/acromial_l/arm_flex_l/value. bounds: [-1.15497, -0.176286]
[2023-03-11 02:06:02.996] [cout] [info]   /jointset/acromial_l/arm_add_l/value. bounds: [-0.617791, -0.191865]
[2023-03-11 02:06:02.996] [cout] [info]   /jointset/acromial_l/arm_rot_l/value. bounds: [-0.216659, 0.224686]
[2023-03-11 02:06:02.996] [cout] [info]   /jointset/elbow_l/elbow_flex_l/value. bounds: [1.30837, 2.4589]
[2023-03-11 02:06:02.996] [cout] [info]   /jointset/radioulnar_l/pro_sup_l/value. bounds: [1.83359, 2.33573]
[2023-03-11 02:06:02.996] [cout] [info]   /jointset/ground_pelvis/pelvis_tilt/speed. bounds: [-50, 50]
[2023-03-11 02:06:02.996] [cout] [info]   /jointset/ground_pelvis/pelvis_list/speed. bounds: [-50, 50]
[2023-03-11 02:06:02.996] [cout] [info]   /jointset/radioulnar_r/pro_sup_r/speed. bounds: [-50, 50]
[2023-03-11 02:06:02.996] [cout] [info]   /jointset/ground_pelvis/pelvis_rotation/speed. bounds: [-50, 50]
[2023-03-11 02:06:02.996] [cout] [info]   /jointset/ground_pelvis/pelvis_tx/speed. bounds: [-50, 50]
[2023-03-11 02:06:02.996] [cout] [info]   /jointset/elbow_r/elbow_flex_r/speed. bounds: [-50, 50]
[2023-03-11 02:06:02.996] [cout] [info]   /jointset/ground_pelvis/pelvis_ty/speed. bounds: [-50, 50]
[2023-03-11 02:06:02.996] [cout] [info]   /jointset/ground_pelvis/pelvis_tz/speed. bounds: [-50, 50]
[2023-03-11 02:06:02.997] [cout] [info]   /jointset/ankle_r/ankle_angle_r/speed. bounds: [-50, 50]
[2023-03-11 02:06:02.997] [cout] [info]   /jointset/hip_r/hip_flexion_r/speed. bounds: [-50, 50]
[2023-03-11 02:06:02.997] [cout] [info]   /jointset/hip_r/hip_rotation_r/speed. bounds: [-50, 50]
[2023-03-11 02:06:02.997] [cout] [info]   /jointset/hip_l/hip_flexion_l/speed. bounds: [-50, 50]
[2023-03-11 02:06:02.997] [cout] [info]   /jointset/subtalar_r/subtalar_angle_r/speed. bounds: [-50, 50]
[2023-03-11 02:06:02.997] [cout] [info]   /jointset/mtp_r/mtp_angle_r/value. bounds: [-1.5708, 1.5708]
[2023-03-11 02:06:02.997] [cout] [info]   /jointset/mtp_r/mtp_angle_r/speed. bounds: [-50, 50]
[2023-03-11 02:06:02.997] [cout] [info]   /jointset/hip_l/hip_adduction_l/speed. bounds: [-50, 50]
[2023-03-11 02:06:02.997] [cout] [info]   /jointset/hip_l/hip_rotation_l/speed. bounds: [-50, 50]
[2023-03-11 02:06:02.997] [cout] [info]   /jointset/knee_l/knee_angle_l/speed. bounds: [-50, 50]
[2023-03-11 02:06:02.997] [cout] [info]   /jointset/ankle_l/ankle_angle_l/speed. bounds: [-50, 50]
[2023-03-11 02:06:02.997] [cout] [info]   /jointset/subtalar_l/subtalar_angle_l/value. bounds: [-1.5708, 1.5708]
[2023-03-11 02:06:02.997] [cout] [info]   /jointset/subtalar_l/subtalar_angle_l/speed. bounds: [-50, 50]
[2023-03-11 02:06:02.997] [cout] [info]   /jointset/mtp_l/mtp_angle_l/value. bounds: [-1.0472, 1.0472]
[2023-03-11 02:06:02.997] [cout] [info]   /jointset/back/lumbar_extension/speed. bounds: [-50, 50]
[2023-03-11 02:06:02.997] [cout] [info]   /jointset/back/lumbar_bending/speed. bounds: [-50, 50]
[2023-03-11 02:06:02.997] [cout] [info]   /jointset/acromial_r/arm_flex_r/speed. bounds: [-50, 50]
[2023-03-11 02:06:02.997] [cout] [info]   /jointset/acromial_r/arm_add_r/speed. bounds: [-50, 50]
[2023-03-11 02:06:02.997] [cout] [info]   /jointset/acromial_r/arm_rot_r/speed. bounds: [-50, 50]
[2023-03-11 02:06:02.997] [cout] [info]   /jointset/radius_hand_r/wrist_flex_r/value. bounds: [-1.22173, 1.22173]
[2023-03-11 02:06:02.997] [cout] [info]   /jointset/radius_hand_r/wrist_flex_r/speed. bounds: [-50, 50]
[2023-03-11 02:06:02.997] [cout] [info]   /jointset/radius_hand_r/wrist_dev_r/value. bounds: [-0.436332, 0.610865]
[2023-03-11 02:06:02.997] [cout] [info]   /jointset/radius_hand_r/wrist_dev_r/speed. bounds: [-50, 50]
[2023-03-11 02:06:02.997] [cout] [info]   /jointset/acromial_l/arm_flex_l/speed. bounds: [-50, 50]
[2023-03-11 02:06:02.997] [cout] [info]   /jointset/acromial_l/arm_add_l/speed. bounds: [-50, 50]
[2023-03-11 02:06:02.997] [cout] [info]   /jointset/acromial_l/arm_rot_l/speed. bounds: [-50, 50]
[2023-03-11 02:06:02.997] [cout] [info]   /jointset/elbow_l/elbow_flex_l/speed. bounds: [-50, 50]
[2023-03-11 02:06:02.997] [cout] [info]   /jointset/radioulnar_l/pro_sup_l/speed. bounds: [-50, 50]
[2023-03-11 02:06:02.997] [cout] [info]   /jointset/radius_hand_l/wrist_flex_l/value. bounds: [-1.22173, 1.22173]
[2023-03-11 02:06:02.998] [cout] [info]   /jointset/radius_hand_l/wrist_dev_l/value. bounds: [-0.436332, 0.610865]
[2023-03-11 02:06:02.998] [cout] [info]   /jointset/radius_hand_l/wrist_dev_l/speed. bounds: [-50, 50]
[2023-03-11 02:06:02.998] [cout] [info] Controls: (total: 29)
[2023-03-11 02:06:02.998] [cout] [info]   /forceset/pelvis_tx_actuator. bounds: [-10000, 10000]
[2023-03-11 02:06:02.998] [cout] [info]   /forceset/pelvis_ty_actuator. bounds: [-10000, 10000]
[2023-03-11 02:06:02.998] [cout] [info]   /forceset/pelvis_tz_actuator. bounds: [-10000, 10000]
[2023-03-11 02:06:02.998] [cout] [info]   /forceset/arm_flex_r_actuator. bounds: [-1, 1]
[2023-03-11 02:06:02.998] [cout] [info]   /forceset/hip_rotation_r_actuator. bounds: [-1, 1]
[2023-03-11 02:06:02.998] [cout] [info]   /forceset/pelvis_tilt_actuator. bounds: [-10000, 10000]
[2023-03-11 02:06:02.998] [cout] [info]   /forceset/pelvis_list_actuator. bounds: [-10000, 10000]
[2023-03-11 02:06:02.998] [cout] [info]   /forceset/pelvis_rotation_actuator. bounds: [-10000, 10000]
[2023-03-11 02:06:02.998] [cout] [info]   /forceset/elbow_flex_l_actuator. bounds: [-1, 1]
[2023-03-11 02:06:02.998] [cout] [info]   /forceset/hip_adduction_l_actuator. bounds: [-1, 1]
[2023-03-11 02:06:02.998] [cout] [info]   /forceset/hip_flexion_r_actuator. bounds: [-1, 1]
[2023-03-11 02:06:02.998] [cout] [info]   /forceset/elbow_flex_r_actuator. bounds: [-1, 1]
[2023-03-11 02:06:02.998] [cout] [info]   /forceset/hip_flexion_l_actuator. bounds: [-1, 1]
[2023-03-11 02:06:02.998] [cout] [info]   /forceset/hip_adduction_r_actuator. bounds: [-1, 1]
[2023-03-11 02:06:02.998] [cout] [info]   /forceset/knee_angle_r_actuator. bounds: [-1, 1]
[2023-03-11 02:06:02.998] [cout] [info]   /forceset/lumbar_rotation_actuator. bounds: [-1, 1]
[2023-03-11 02:06:02.998] [cout] [info]   /forceset/ankle_angle_r_actuator. bounds: [-1, 1]
[2023-03-11 02:06:02.998] [cout] [info]   /forceset/arm_flex_l_actuator. bounds: [-1, 1]
[2023-03-11 02:06:02.998] [cout] [info]   /forceset/hip_rotation_l_actuator. bounds: [-1, 1]
[2023-03-11 02:06:02.998] [cout] [info]   /forceset/knee_angle_l_actuator. bounds: [-1, 1]
[2023-03-11 02:06:02.998] [cout] [info]   /forceset/ankle_angle_l_actuator. bounds: [-1, 1]
[2023-03-11 02:06:02.998] [cout] [info]   /forceset/lumbar_extension_actuator. bounds: [-1, 1]
[2023-03-11 02:06:02.998] [cout] [info]   /forceset/lumbar_bending_actuator. bounds: [-1, 1]
[2023-03-11 02:06:02.998] [cout] [info]   /forceset/arm_add_r_actuator. bounds: [-1, 1]
[2023-03-11 02:06:02.998] [cout] [info]   /forceset/arm_rot_r_actuator. bounds: [-1, 1]
[2023-03-11 02:06:02.998] [cout] [info]   /forceset/pro_sup_r_actuator. bounds: [-1, 1]
[2023-03-11 02:06:02.999] [cout] [info]   /forceset/arm_add_l_actuator. bounds: [-1, 1]
[2023-03-11 02:06:02.999] [cout] [info]   /forceset/arm_rot_l_actuator. bounds: [-1, 1]
[2023-03-11 02:06:02.999] [cout] [info]   /forceset/pro_sup_l_actuator. bounds: [-1, 1]
[2023-03-11 02:06:02.999] [cout] [info] Parameters: none
[2023-03-11 02:06:03.166] [info] ExternalForce::externalforce Data source being set to Run_500 01_newCOP3_v24.mot
[2023-03-11 02:06:03.166] [info] ExternalForce::externalforce_0 Data source being set to Run_500 01_newCOP3_v24.mot
[2023-03-11 02:06:03.325] [info] ExternalForce::externalforce Data source being set to Run_500 01_newCOP3_v24.mot
[2023-03-11 02:06:03.325] [info] ExternalForce::externalforce_0 Data source being set to Run_500 01_newCOP3_v24.mot
[2023-03-11 02:06:03.481] [info] ExternalForce::externalforce Data source being set to Run_500 01_newCOP3_v24.mot
[2023-03-11 02:06:03.481] [info] ExternalForce::externalforce_0 Data source being set to Run_500 01_newCOP3_v24.mot
[2023-03-11 02:06:03.612] [info] ExternalForce::externalforce Data source being set to Run_500 01_newCOP3_v24.mot
[2023-03-11 02:06:03.612] [info] ExternalForce::externalforce_0 Data source being set to Run_500 01_newCOP3_v24.mot
[2023-03-11 02:06:03.784] [info] ExternalForce::externalforce Data source being set to Run_500 01_newCOP3_v24.mot
[2023-03-11 02:06:03.784] [info] ExternalForce::externalforce_0 Data source being set to Run_500 01_newCOP3_v24.mot
[2023-03-11 02:06:03.912] [info] ExternalForce::externalforce Data source being set to Run_500 01_newCOP3_v24.mot
[2023-03-11 02:06:03.912] [info] ExternalForce::externalforce_0 Data source being set to Run_500 01_newCOP3_v24.mot
[2023-03-11 02:06:04.065] [info] ExternalForce::externalforce Data source being set to Run_500 01_newCOP3_v24.mot
[2023-03-11 02:06:04.065] [info] ExternalForce::externalforce_0 Data source being set to Run_500 01_newCOP3_v24.mot
[2023-03-11 02:06:04.275] [info] ExternalForce::externalforce Data source being set to Run_500 01_newCOP3_v24.mot
[2023-03-11 02:06:04.275] [info] ExternalForce::externalforce_0 Data source being set to Run_500 01_newCOP3_v24.mot
[2023-03-11 02:06:04.442] [info] ExternalForce::externalforce Data source being set to Run_500 01_newCOP3_v24.mot
[2023-03-11 02:06:04.442] [info] ExternalForce::externalforce_0 Data source being set to Run_500 01_newCOP3_v24.mot
[2023-03-11 02:06:04.590] [info] ExternalForce::externalforce Data source being set to Run_500 01_newCOP3_v24.mot
[2023-03-11 02:06:04.590] [info] ExternalForce::externalforce_0 Data source being set to Run_500 01_newCOP3_v24.mot
[2023-03-11 02:06:04.717] [info] ExternalForce::externalforce Data source being set to Run_500 01_newCOP3_v24.mot
[2023-03-11 02:06:04.717] [info] ExternalForce::externalforce_0 Data source being set to Run_500 01_newCOP3_v24.mot
[2023-03-11 02:06:04.888] [info] ExternalForce::externalforce Data source being set to Run_500 01_newCOP3_v24.mot
[2023-03-11 02:06:04.888] [info] ExternalForce::externalforce_0 Data source being set to Run_500 01_newCOP3_v24.mot
[2023-03-11 02:06:05.050] [info] ExternalForce::externalforce Data source being set to Run_500 01_newCOP3_v24.mot
[2023-03-11 02:06:05.050] [info] ExternalForce::externalforce_0 Data source being set to Run_500 01_newCOP3_v24.mot
[2023-03-11 02:06:05.198] [info] ExternalForce::externalforce Data source being set to Run_500 01_newCOP3_v24.mot
[2023-03-11 02:06:05.198] [info] ExternalForce::externalforce_0 Data source being set to Run_500 01_newCOP3_v24.mot
[2023-03-11 02:06:05.360] [info] ExternalForce::externalforce Data source being set to Run_500 01_newCOP3_v24.mot
[2023-03-11 02:06:05.360] [info] ExternalForce::externalforce_0 Data source being set to Run_500 01_newCOP3_v24.mot
[2023-03-11 02:06:05.577] [info] ExternalForce::externalforce Data source being set to Run_500 01_newCOP3_v24.mot
[2023-03-11 02:06:05.577] [info] ExternalForce::externalforce_0 Data source being set to Run_500 01_newCOP3_v24.mot
[2023-03-11 02:06:05.616] [info] Number of threads: 8
[2023-03-11 02:38:07.349] [info] Set log level to Info.
[2023-03-11 02:38:07.382] [info] ------------------------------------------------------------------------
[2023-03-11 02:38:07.382] [info] Elapsed real time: 1924 second(s) (32 minute(s), 4 second(s)).
[2023-03-11 02:38:07.382] [info] Sat Mar 11 02:38:07 2023
[2023-03-11 02:38:07.382] [info] MocoCasADiSolver succeeded!
[2023-03-11 02:38:07.382] [info] ========================================================================
[2023-03-11 02:38:08.061] [info] Loaded model subject17_scaled from file ..\..\model\subject17_adjusted_scaled.osim
[2023-03-11 02:38:09.285] [cout] [info] 
               MODEL: subject17_scaled
         coordinates: 37
              forces: 92
           actuators: 92
             muscles: 92
            analyses: 0
              probes: 0
              bodies: 20
              joints: 20
         constraints: 0
             markers: 56
         controllers: 0
  contact geometries: 0
misc modelcomponents: 0
[2023-03-11 02:38:09.285] [info] Running tool subject10_scaled...
[2023-03-11 02:38:09.353] [warning] ExternalLoads 'externalloads' has subcomponents with duplicate name 'externalforce'. The duplicate is being renamed to 'externalforce_0'.
[2023-03-11 02:38:09.521] [info] ExternalForce::externalforce Data source being set to Run_500 01_newCOP3_v24.mot
[2023-03-11 02:38:09.521] [info] ExternalForce::externalforce_0 Data source being set to Run_500 01_newCOP3_v24.mot
[2023-03-11 02:38:10.345] [info] InverseDynamicsTool: 131 time frames in 729 millisecond(s).
[2023-12-06 04:37:41.227] [info] ExternalForce::externalforce Data source being set to Run_500 01_newCOP3_v24.mot
[2023-12-06 04:37:41.229] [info] ExternalForce::externalforce_0 Data source being set to Run_500 01_newCOP3_v24.mot
[2023-12-06 04:37:41.580] [info] ExternalForce::externalforce Data source being set to Run_500 01_newCOP3_v24.mot
[2023-12-06 04:37:41.580] [info] ExternalForce::externalforce_0 Data source being set to Run_500 01_newCOP3_v24.mot
[2023-12-06 04:37:41.680] [info] ExternalForce::externalforce Data source being set to Run_500 01_newCOP3_v24.mot
[2023-12-06 04:37:41.680] [info] ExternalForce::externalforce_0 Data source being set to Run_500 01_newCOP3_v24.mot
[2023-12-06 04:37:41.749] [info] ExternalForce::externalforce Data source being set to Run_500 01_newCOP3_v24.mot
[2023-12-06 04:37:41.750] [info] ExternalForce::externalforce_0 Data source being set to Run_500 01_newCOP3_v24.mot
[2023-12-06 04:37:41.828] [info] ExternalForce::externalforce Data source being set to Run_500 01_newCOP3_v24.mot
[2023-12-06 04:37:41.828] [info] ExternalForce::externalforce_0 Data source being set to Run_500 01_newCOP3_v24.mot
[2023-12-06 04:37:41.901] [info] ExternalForce::externalforce Data source being set to Run_500 01_newCOP3_v24.mot
[2023-12-06 04:37:41.901] [info] ExternalForce::externalforce_0 Data source being set to Run_500 01_newCOP3_v24.mot
[2023-12-06 04:37:41.987] [info] ExternalForce::externalforce Data source being set to Run_500 01_newCOP3_v24.mot
[2023-12-06 04:37:41.987] [info] ExternalForce::externalforce_0 Data source being set to Run_500 01_newCOP3_v24.mot
[2023-12-06 04:37:42.060] [info] ExternalForce::externalforce Data source being set to Run_500 01_newCOP3_v24.mot
[2023-12-06 04:37:42.060] [info] ExternalForce::externalforce_0 Data source being set to Run_500 01_newCOP3_v24.mot
[2023-12-06 04:37:42.130] [info] ExternalForce::externalforce Data source being set to Run_500 01_newCOP3_v24.mot
[2023-12-06 04:37:42.130] [info] ExternalForce::externalforce_0 Data source being set to Run_500 01_newCOP3_v24.mot
[2023-12-06 04:37:42.193] [info] ExternalForce::externalforce Data source being set to Run_500 01_newCOP3_v24.mot
[2023-12-06 04:37:42.193] [info] ExternalForce::externalforce_0 Data source being set to Run_500 01_newCOP3_v24.mot
[2023-12-06 04:37:42.272] [info] ExternalForce::externalforce Data source being set to Run_500 01_newCOP3_v24.mot
[2023-12-06 04:37:42.272] [info] ExternalForce::externalforce_0 Data source being set to Run_500 01_newCOP3_v24.mot
[2023-12-06 04:37:42.334] [info] ExternalForce::externalforce Data source being set to Run_500 01_newCOP3_v24.mot
[2023-12-06 04:37:42.334] [info] ExternalForce::externalforce_0 Data source being set to Run_500 01_newCOP3_v24.mot
[2023-12-06 04:37:42.407] [info] ExternalForce::externalforce Data source being set to Run_500 01_newCOP3_v24.mot
[2023-12-06 04:37:42.407] [info] ExternalForce::externalforce_0 Data source being set to Run_500 01_newCOP3_v24.mot
[2023-12-06 04:37:42.468] [info] ExternalForce::externalforce Data source being set to Run_500 01_newCOP3_v24.mot
[2023-12-06 04:37:42.468] [info] ExternalForce::externalforce_0 Data source being set to Run_500 01_newCOP3_v24.mot
[2023-12-06 04:37:42.544] [info] ExternalForce::externalforce Data source being set to Run_500 01_newCOP3_v24.mot
[2023-12-06 04:37:42.544] [info] ExternalForce::externalforce_0 Data source being set to Run_500 01_newCOP3_v24.mot
[2023-12-06 04:37:42.606] [info] ExternalForce::externalforce Data source being set to Run_500 01_newCOP3_v24.mot
[2023-12-06 04:37:42.606] [info] ExternalForce::externalforce_0 Data source being set to Run_500 01_newCOP3_v24.mot
[2023-12-06 04:37:42.681] [info] ExternalForce::externalforce Data source being set to Run_500 01_newCOP3_v24.mot
[2023-12-06 04:37:42.682] [info] ExternalForce::externalforce_0 Data source being set to Run_500 01_newCOP3_v24.mot
[2023-12-06 04:37:42.744] [info] ExternalForce::externalforce Data source being set to Run_500 01_newCOP3_v24.mot
[2023-12-06 04:37:42.744] [info] ExternalForce::externalforce_0 Data source being set to Run_500 01_newCOP3_v24.mot
[2023-12-06 04:37:42.822] [info] ExternalForce::externalforce Data source being set to Run_500 01_newCOP3_v24.mot
[2023-12-06 04:37:42.822] [info] ExternalForce::externalforce_0 Data source being set to Run_500 01_newCOP3_v24.mot
[2023-12-06 04:37:42.884] [info] ExternalForce::externalforce Data source being set to Run_500 01_newCOP3_v24.mot
[2023-12-06 04:37:42.884] [info] ExternalForce::externalforce_0 Data source being set to Run_500 01_newCOP3_v24.mot
[2023-12-06 04:37:42.962] [info] ExternalForce::externalforce Data source being set to Run_500 01_newCOP3_v24.mot
[2023-12-06 04:37:42.962] [info] ExternalForce::externalforce_0 Data source being set to Run_500 01_newCOP3_v24.mot
[2023-12-06 04:37:43.025] [info] ExternalForce::externalforce Data source being set to Run_500 01_newCOP3_v24.mot
[2023-12-06 04:37:43.025] [info] ExternalForce::externalforce_0 Data source being set to Run_500 01_newCOP3_v24.mot
[2023-12-06 04:37:43.419] [info] ExternalForce::externalforce Data source being set to Run_500 01_newCOP3_v24.mot
[2023-12-06 04:37:43.419] [info] ExternalForce::externalforce_0 Data source being set to Run_500 01_newCOP3_v24.mot
[2023-12-06 04:37:43.476] [info] ExternalForce::externalforce Data source being set to Run_500 01_newCOP3_v24.mot
[2023-12-06 04:37:43.476] [info] ExternalForce::externalforce_0 Data source being set to Run_500 01_newCOP3_v24.mot
[2023-12-06 04:37:43.543] [info] ExternalForce::externalforce Data source being set to Run_500 01_newCOP3_v24.mot
[2023-12-06 04:37:43.543] [info] ExternalForce::externalforce_0 Data source being set to Run_500 01_newCOP3_v24.mot
[2023-12-06 04:37:43.601] [info] ExternalForce::externalforce Data source being set to Run_500 01_newCOP3_v24.mot
[2023-12-06 04:37:43.601] [info] ExternalForce::externalforce_0 Data source being set to Run_500 01_newCOP3_v24.mot
[2023-12-06 04:37:43.702] [info] ExternalForce::externalforce Data source being set to Run_500 01_newCOP3_v24.mot
[2023-12-06 04:37:43.702] [info] ExternalForce::externalforce_0 Data source being set to Run_500 01_newCOP3_v24.mot
[2023-12-06 04:37:43.755] [info] ExternalForce::externalforce Data source being set to Run_500 01_newCOP3_v24.mot
[2023-12-06 04:37:43.755] [info] ExternalForce::externalforce_0 Data source being set to Run_500 01_newCOP3_v24.mot
[2023-12-06 04:37:43.824] [info] ExternalForce::externalforce Data source being set to Run_500 01_newCOP3_v24.mot
[2023-12-06 04:37:43.824] [info] ExternalForce::externalforce_0 Data source being set to Run_500 01_newCOP3_v24.mot
[2023-12-06 04:37:43.878] [info] ExternalForce::externalforce Data source being set to Run_500 01_newCOP3_v24.mot
[2023-12-06 04:37:43.879] [info] ExternalForce::externalforce_0 Data source being set to Run_500 01_newCOP3_v24.mot
[2023-12-06 04:37:43.899] [info] ========================================================================
[2023-12-06 04:37:43.899] [info] MocoCasADiSolver starting.
[2023-12-06 04:37:43.899] [info] Wed Dec  6 04:37:43 2023
[2023-12-06 04:37:43.899] [info] ------------------------------------------------------------------------
[2023-12-06 04:37:43.899] [cout] [info] Costs: (total: 2)
[2023-12-06 04:37:43.900] [cout] [info]   state_tracking. MocoStateTrackingGoal, enabled: true, mode: cost, weight: 1.0
[2023-12-06 04:37:43.900] [cout] [info]         state: /jointset/ground_pelvis/pelvis_tilt/value, weight: 750.0
[2023-12-06 04:37:43.900] [cout] [info]         state: /jointset/ground_pelvis/pelvis_list/value, weight: 250.0
[2023-12-06 04:37:43.900] [cout] [info]         state: /jointset/ground_pelvis/pelvis_rotation/value, weight: 50.0
[2023-12-06 04:37:43.900] [cout] [info]         state: /jointset/ground_pelvis/pelvis_tx/value, weight: 25.0
[2023-12-06 04:37:43.900] [cout] [info]         state: /jointset/ground_pelvis/pelvis_ty/value, weight: 100.0
[2023-12-06 04:37:43.900] [cout] [info]         state: /jointset/ground_pelvis/pelvis_tz/value, weight: 25.0
[2023-12-06 04:37:43.900] [cout] [info]         state: /jointset/hip_r/hip_flexion_r/value, weight: 75.0
[2023-12-06 04:37:43.900] [cout] [info]         state: /jointset/hip_r/hip_adduction_r/value, weight: 50.0
[2023-12-06 04:37:43.900] [cout] [info]         state: /jointset/hip_r/hip_rotation_r/value, weight: 10.0
[2023-12-06 04:37:43.900] [cout] [info]         state: /jointset/knee_r/knee_angle_r/value, weight: 10.0
[2023-12-06 04:37:43.900] [cout] [info]         state: /jointset/ankle_r/ankle_angle_r/value, weight: 10.0
[2023-12-06 04:37:43.900] [cout] [info]         state: /jointset/hip_l/hip_flexion_l/value, weight: 75.0
[2023-12-06 04:37:43.900] [cout] [info]         state: /jointset/hip_l/hip_adduction_l/value, weight: 50.0
[2023-12-06 04:37:43.900] [cout] [info]         state: /jointset/hip_l/hip_rotation_l/value, weight: 10.0
[2023-12-06 04:37:43.900] [cout] [info]         state: /jointset/knee_l/knee_angle_l/value, weight: 10.0
[2023-12-06 04:37:43.900] [cout] [info]         state: /jointset/ankle_l/ankle_angle_l/value, weight: 10.0
[2023-12-06 04:37:43.900] [cout] [info]         state: /jointset/back/lumbar_extension/value, weight: 75.0
[2023-12-06 04:37:43.900] [cout] [info]         state: /jointset/back/lumbar_bending/value, weight: 50.0
[2023-12-06 04:37:43.900] [cout] [info]         state: /jointset/back/lumbar_rotation/value, weight: 25.0
[2023-12-06 04:37:43.900] [cout] [info]         state: /jointset/acromial_r/arm_flex_r/value, weight: 1.0
[2023-12-06 04:37:43.900] [cout] [info]         state: /jointset/acromial_r/arm_add_r/value, weight: 1.0
[2023-12-06 04:37:43.900] [cout] [info]         state: /jointset/acromial_r/arm_rot_r/value, weight: 1.0
[2023-12-06 04:37:43.900] [cout] [info]         state: /jointset/elbow_r/elbow_flex_r/value, weight: 1.0
[2023-12-06 04:37:43.900] [cout] [info]         state: /jointset/radioulnar_r/pro_sup_r/value, weight: 1.0
[2023-12-06 04:37:43.900] [cout] [info]         state: /jointset/acromial_l/arm_flex_l/value, weight: 1.0
[2023-12-06 04:37:43.900] [cout] [info]         state: /jointset/acromial_l/arm_add_l/value, weight: 1.0
[2023-12-06 04:37:43.900] [cout] [info]         state: /jointset/acromial_l/arm_rot_l/value, weight: 1.0
[2023-12-06 04:37:43.900] [cout] [info]         state: /jointset/elbow_l/elbow_flex_l/value, weight: 1.0
[2023-12-06 04:37:43.900] [cout] [info]         state: /jointset/radioulnar_l/pro_sup_l/value, weight: 1.0
[2023-12-06 04:37:43.900] [cout] [info]         state: /jointset/subtalar_r/subtalar_angle_r/value, weight: 0.0
[2023-12-06 04:37:43.900] [cout] [info]         state: /jointset/mtp_r/mtp_angle_r/value, weight: 0.0
[2023-12-06 04:37:43.900] [cout] [info]         state: /jointset/subtalar_l/subtalar_angle_l/value, weight: 0.0
[2023-12-06 04:37:43.900] [cout] [info]         state: /jointset/mtp_l/mtp_angle_l/value, weight: 0.0
[2023-12-06 04:37:43.900] [cout] [info]         state: /jointset/radius_hand_r/wrist_flex_r/value, weight: 0.0
[2023-12-06 04:37:43.900] [cout] [info]         state: /jointset/radius_hand_r/wrist_dev_r/value, weight: 0.0
[2023-12-06 04:37:43.900] [cout] [info]         state: /jointset/radius_hand_l/wrist_flex_l/value, weight: 0.0
[2023-12-06 04:37:43.900] [cout] [info]         state: /jointset/radius_hand_l/wrist_dev_l/value, weight: 0.0
[2023-12-06 04:37:43.900] [cout] [info]         state: /jointset/ground_pelvis/pelvis_tilt/speed, weight: 7.5
[2023-12-06 04:37:43.900] [cout] [info]         state: /jointset/ground_pelvis/pelvis_list/speed, weight: 2.5
[2023-12-06 04:37:43.900] [cout] [info]         state: /jointset/ground_pelvis/pelvis_rotation/speed, weight: 0.5
[2023-12-06 04:37:43.900] [cout] [info]         state: /jointset/ground_pelvis/pelvis_tx/speed, weight: 0.25
[2023-12-06 04:37:43.900] [cout] [info]         state: /jointset/ground_pelvis/pelvis_ty/speed, weight: 1.0
[2023-12-06 04:37:43.900] [cout] [info]         state: /jointset/ground_pelvis/pelvis_tz/speed, weight: 0.25
[2023-12-06 04:37:43.900] [cout] [info]         state: /jointset/hip_r/hip_flexion_r/speed, weight: 0.75
[2023-12-06 04:37:43.900] [cout] [info]         state: /jointset/hip_r/hip_adduction_r/speed, weight: 0.5
[2023-12-06 04:37:43.900] [cout] [info]         state: /jointset/hip_r/hip_rotation_r/speed, weight: 0.1
[2023-12-06 04:37:43.900] [cout] [info]         state: /jointset/knee_r/knee_angle_r/speed, weight: 0.1
[2023-12-06 04:37:43.900] [cout] [info]         state: /jointset/ankle_r/ankle_angle_r/speed, weight: 0.1
[2023-12-06 04:37:43.900] [cout] [info]         state: /jointset/subtalar_r/subtalar_angle_r/speed, weight: 0.0
[2023-12-06 04:37:43.900] [cout] [info]         state: /jointset/mtp_r/mtp_angle_r/speed, weight: 0.0
[2023-12-06 04:37:43.900] [cout] [info]         state: /jointset/hip_l/hip_flexion_l/speed, weight: 0.75
[2023-12-06 04:37:43.900] [cout] [info]         state: /jointset/hip_l/hip_adduction_l/speed, weight: 0.5
[2023-12-06 04:37:43.900] [cout] [info]         state: /jointset/hip_l/hip_rotation_l/speed, weight: 0.1
[2023-12-06 04:37:43.900] [cout] [info]         state: /jointset/knee_l/knee_angle_l/speed, weight: 0.1
[2023-12-06 04:37:43.900] [cout] [info]         state: /jointset/ankle_l/ankle_angle_l/speed, weight: 0.1
[2023-12-06 04:37:43.900] [cout] [info]         state: /jointset/subtalar_l/subtalar_angle_l/speed, weight: 0.0
[2023-12-06 04:37:43.900] [cout] [info]         state: /jointset/mtp_l/mtp_angle_l/speed, weight: 0.0
[2023-12-06 04:37:43.900] [cout] [info]         state: /jointset/back/lumbar_extension/speed, weight: 0.75
[2023-12-06 04:37:43.900] [cout] [info]         state: /jointset/back/lumbar_bending/speed, weight: 0.5
[2023-12-06 04:37:43.900] [cout] [info]         state: /jointset/back/lumbar_rotation/speed, weight: 0.25
[2023-12-06 04:37:43.900] [cout] [info]         state: /jointset/acromial_r/arm_flex_r/speed, weight: 0.01
[2023-12-06 04:37:43.900] [cout] [info]         state: /jointset/acromial_r/arm_add_r/speed, weight: 0.01
[2023-12-06 04:37:43.900] [cout] [info]         state: /jointset/acromial_r/arm_rot_r/speed, weight: 0.01
[2023-12-06 04:37:43.900] [cout] [info]         state: /jointset/elbow_r/elbow_flex_r/speed, weight: 0.01
[2023-12-06 04:37:43.900] [cout] [info]         state: /jointset/radioulnar_r/pro_sup_r/speed, weight: 0.01
[2023-12-06 04:37:43.900] [cout] [info]         state: /jointset/radius_hand_r/wrist_flex_r/speed, weight: 0.0
[2023-12-06 04:37:43.900] [cout] [info]         state: /jointset/radius_hand_r/wrist_dev_r/speed, weight: 0.0
[2023-12-06 04:37:43.900] [cout] [info]         state: /jointset/acromial_l/arm_flex_l/speed, weight: 0.01
[2023-12-06 04:37:43.900] [cout] [info]         state: /jointset/acromial_l/arm_add_l/speed, weight: 0.01
[2023-12-06 04:37:43.900] [cout] [info]         state: /jointset/acromial_l/arm_rot_l/speed, weight: 0.01
[2023-12-06 04:37:43.900] [cout] [info]         state: /jointset/elbow_l/elbow_flex_l/speed, weight: 0.01
[2023-12-06 04:37:43.900] [cout] [info]         state: /jointset/radioulnar_l/pro_sup_l/speed, weight: 0.01
[2023-12-06 04:37:43.900] [cout] [info]         state: /jointset/radius_hand_l/wrist_flex_l/speed, weight: 0.0
[2023-12-06 04:37:43.900] [cout] [info]         state: /jointset/radius_hand_l/wrist_dev_l/speed, weight: 0.0
[2023-12-06 04:37:43.900] [cout] [info]   control_effort. MocoControlGoal, enabled: true, mode: cost, weight: 0.00100000
[2023-12-06 04:37:43.900] [cout] [info]         control: /forceset/pelvis_tx_actuator, weight: 1.0
[2023-12-06 04:37:43.900] [cout] [info]         control: /forceset/pelvis_ty_actuator, weight: 1.0
[2023-12-06 04:37:43.900] [cout] [info]         control: /forceset/pelvis_tz_actuator, weight: 1.0
[2023-12-06 04:37:43.900] [cout] [info]         control: /forceset/pelvis_tilt_actuator, weight: 1.0
[2023-12-06 04:37:43.900] [cout] [info]         control: /forceset/pelvis_list_actuator, weight: 1.0
[2023-12-06 04:37:43.900] [cout] [info]         control: /forceset/pelvis_rotation_actuator, weight: 1.0
[2023-12-06 04:37:43.900] [cout] [info]         control: /forceset/hip_flexion_r_actuator, weight: 1.0
[2023-12-06 04:37:43.900] [cout] [info]         control: /forceset/hip_adduction_r_actuator, weight: 1.0
[2023-12-06 04:37:43.900] [cout] [info]         control: /forceset/hip_rotation_r_actuator, weight: 1.0
[2023-12-06 04:37:43.900] [cout] [info]         control: /forceset/knee_angle_r_actuator, weight: 1.0
[2023-12-06 04:37:43.900] [cout] [info]         control: /forceset/ankle_angle_r_actuator, weight: 1.0
[2023-12-06 04:37:43.900] [cout] [info]         control: /forceset/hip_flexion_l_actuator, weight: 1.0
[2023-12-06 04:37:43.900] [cout] [info]         control: /forceset/hip_adduction_l_actuator, weight: 1.0
[2023-12-06 04:37:43.900] [cout] [info]         control: /forceset/hip_rotation_l_actuator, weight: 1.0
[2023-12-06 04:37:43.900] [cout] [info]         control: /forceset/knee_angle_l_actuator, weight: 1.0
[2023-12-06 04:37:43.900] [cout] [info]         control: /forceset/ankle_angle_l_actuator, weight: 1.0
[2023-12-06 04:37:43.900] [cout] [info]         control: /forceset/lumbar_extension_actuator, weight: 1.0
[2023-12-06 04:37:43.900] [cout] [info]         control: /forceset/lumbar_bending_actuator, weight: 1.0
[2023-12-06 04:37:43.900] [cout] [info]         control: /forceset/lumbar_rotation_actuator, weight: 1.0
[2023-12-06 04:37:43.900] [cout] [info]         control: /forceset/arm_flex_r_actuator, weight: 1.0
[2023-12-06 04:37:43.900] [cout] [info]         control: /forceset/arm_add_r_actuator, weight: 1.0
[2023-12-06 04:37:43.900] [cout] [info]         control: /forceset/arm_rot_r_actuator, weight: 1.0
[2023-12-06 04:37:43.900] [cout] [info]         control: /forceset/elbow_flex_r_actuator, weight: 1.0
[2023-12-06 04:37:43.900] [cout] [info]         control: /forceset/pro_sup_r_actuator, weight: 1.0
[2023-12-06 04:37:43.900] [cout] [info]         control: /forceset/arm_flex_l_actuator, weight: 1.0
[2023-12-06 04:37:43.900] [cout] [info]         control: /forceset/arm_add_l_actuator, weight: 1.0
[2023-12-06 04:37:43.900] [cout] [info]         control: /forceset/arm_rot_l_actuator, weight: 1.0
[2023-12-06 04:37:43.900] [cout] [info]         control: /forceset/elbow_flex_l_actuator, weight: 1.0
[2023-12-06 04:37:43.900] [cout] [info]         control: /forceset/pro_sup_l_actuator, weight: 1.0
[2023-12-06 04:37:43.900] [cout] [info] Endpoint constraints: none
[2023-12-06 04:37:43.900] [cout] [info] Kinematic constraints: (total: 8)
[2023-12-06 04:37:43.901] [cout] [info]   kinematic_constraint_cid27. MocoConstraintInfo. number of scalar equations: 3. bounds: 0, 0, 0
[2023-12-06 04:37:43.901] [cout] [info]   kinematic_constraint_cid28. MocoConstraintInfo. number of scalar equations: 3. bounds: 0, 0, 0
[2023-12-06 04:37:43.901] [cout] [info]   kinematic_constraint_cid31. MocoConstraintInfo. number of scalar equations: 3. bounds: 0, 0, 0
[2023-12-06 04:37:43.901] [cout] [info]   kinematic_constraint_cid32. MocoConstraintInfo. number of scalar equations: 3. bounds: 0, 0, 0
[2023-12-06 04:37:43.901] [cout] [info]   kinematic_constraint_cid33. MocoConstraintInfo. number of scalar equations: 3. bounds: 0, 0, 0
[2023-12-06 04:37:43.901] [cout] [info]   kinematic_constraint_cid34. MocoConstraintInfo. number of scalar equations: 3. bounds: 0, 0, 0
[2023-12-06 04:37:43.901] [cout] [info]   kinematic_constraint_cid35. MocoConstraintInfo. number of scalar equations: 3. bounds: 0, 0, 0
[2023-12-06 04:37:43.901] [cout] [info]   kinematic_constraint_cid36. MocoConstraintInfo. number of scalar equations: 3. bounds: 0, 0, 0
[2023-12-06 04:37:43.901] [cout] [info] Path constraints: none
[2023-12-06 04:37:43.901] [cout] [info] States: (total: 74)
[2023-12-06 04:37:43.901] [cout] [info]   /jointset/ground_pelvis/pelvis_tilt/value. bounds: [-0.487377, 0.157619]
[2023-12-06 04:37:43.901] [cout] [info]   /jointset/ground_pelvis/pelvis_list/value. bounds: [-0.280843, 0.44629]
[2023-12-06 04:37:43.901] [cout] [info]   /jointset/radioulnar_r/pro_sup_r/value. bounds: [1.72055, 2.1607]
[2023-12-06 04:37:43.901] [cout] [info]   /jointset/ground_pelvis/pelvis_rotation/value. bounds: [-0.38625, 0.471251]
[2023-12-06 04:37:43.901] [cout] [info]   /jointset/ground_pelvis/pelvis_tx/value. bounds: [0.738996, 1.24876]
[2023-12-06 04:37:43.901] [cout] [info]   /jointset/elbow_r/elbow_flex_r/value. bounds: [0.724998, 2.26053]
[2023-12-06 04:37:43.901] [cout] [info]   /jointset/ground_pelvis/pelvis_ty/value. bounds: [0.80146, 1.11186]
[2023-12-06 04:37:43.901] [cout] [info]   /jointset/radius_hand_l/wrist_flex_l/speed. bounds: [-50, 50]
[2023-12-06 04:37:43.901] [cout] [info]   /jointset/ground_pelvis/pelvis_tz/value. bounds: [-0.562449, -0.104355]
[2023-12-06 04:37:43.901] [cout] [info]   /jointset/hip_r/hip_adduction_r/speed. bounds: [-50, 50]
[2023-12-06 04:37:43.901] [cout] [info]   /jointset/ankle_r/ankle_angle_r/value. bounds: [-0.681425, 0.63929]
[2023-12-06 04:37:43.901] [cout] [info]   /jointset/hip_r/hip_flexion_r/value. bounds: [-0.713805, 1.21186]
[2023-12-06 04:37:43.901] [cout] [info]   /jointset/hip_r/hip_adduction_r/value. bounds: [-0.641333, 0.417608]
[2023-12-06 04:37:43.901] [cout] [info]   /jointset/back/lumbar_rotation/speed. bounds: [-50, 50]
[2023-12-06 04:37:43.901] [cout] [info]   /jointset/hip_r/hip_rotation_r/value. bounds: [-0.305518, 0.340753]
[2023-12-06 04:37:43.901] [cout] [info]   /jointset/mtp_l/mtp_angle_l/speed. bounds: [-50, 50]
[2023-12-06 04:37:43.901] [cout] [info]   /jointset/knee_r/knee_angle_r/value. bounds: [-2.68372, 0.207578]
[2023-12-06 04:37:43.901] [cout] [info]   /jointset/subtalar_r/subtalar_angle_r/value. bounds: [-1.5708, 1.5708]
[2023-12-06 04:37:43.901] [cout] [info]   /jointset/hip_l/hip_flexion_l/value. bounds: [-0.71015, 1.15474]
[2023-12-06 04:37:43.901] [cout] [info]   /jointset/hip_l/hip_adduction_l/value. bounds: [-0.302432, 0.713672]
[2023-12-06 04:37:43.901] [cout] [info]   /jointset/hip_l/hip_rotation_l/value. bounds: [-0.308968, 0.382648]
[2023-12-06 04:37:43.901] [cout] [info]   /jointset/knee_l/knee_angle_l/value. bounds: [-2.51757, 0.250182]
[2023-12-06 04:37:43.901] [cout] [info]   /jointset/knee_r/knee_angle_r/speed. bounds: [-50, 50]
[2023-12-06 04:37:43.901] [cout] [info]   /jointset/ankle_l/ankle_angle_l/value. bounds: [-0.7308, 0.644762]
[2023-12-06 04:37:43.901] [cout] [info]   /jointset/back/lumbar_extension/value. bounds: [-0.394124, 0.255604]
[2023-12-06 04:37:43.901] [cout] [info]   /jointset/back/lumbar_bending/value. bounds: [-0.423998, 0.240323]
[2023-12-06 04:37:43.901] [cout] [info]   /jointset/back/lumbar_rotation/value. bounds: [-0.519421, 0.292171]
[2023-12-06 04:37:43.901] [cout] [info]   /jointset/acromial_r/arm_flex_r/value. bounds: [-1.13968, -0.190871]
[2023-12-06 04:37:43.901] [cout] [info]   /jointset/acromial_r/arm_add_r/value. bounds: [-0.688582, -0.244133]
[2023-12-06 04:37:43.901] [cout] [info]   /jointset/acromial_r/arm_rot_r/value. bounds: [-0.228491, 0.231868]
[2023-12-06 04:37:43.901] [cout] [info]   /jointset/acromial_l/arm_flex_l/value. bounds: [-1.15497, -0.176286]
[2023-12-06 04:37:43.901] [cout] [info]   /jointset/acromial_l/arm_add_l/value. bounds: [-0.617791, -0.191865]
[2023-12-06 04:37:43.901] [cout] [info]   /jointset/acromial_l/arm_rot_l/value. bounds: [-0.216659, 0.224686]
[2023-12-06 04:37:43.901] [cout] [info]   /jointset/elbow_l/elbow_flex_l/value. bounds: [1.30837, 2.4589]
[2023-12-06 04:37:43.901] [cout] [info]   /jointset/radioulnar_l/pro_sup_l/value. bounds: [1.83359, 2.33573]
[2023-12-06 04:37:43.901] [cout] [info]   /jointset/ground_pelvis/pelvis_tilt/speed. bounds: [-50, 50]
[2023-12-06 04:37:43.901] [cout] [info]   /jointset/ground_pelvis/pelvis_list/speed. bounds: [-50, 50]
[2023-12-06 04:37:43.901] [cout] [info]   /jointset/radioulnar_r/pro_sup_r/speed. bounds: [-50, 50]
[2023-12-06 04:37:43.901] [cout] [info]   /jointset/ground_pelvis/pelvis_rotation/speed. bounds: [-50, 50]
[2023-12-06 04:37:43.901] [cout] [info]   /jointset/ground_pelvis/pelvis_tx/speed. bounds: [-50, 50]
[2023-12-06 04:37:43.901] [cout] [info]   /jointset/elbow_r/elbow_flex_r/speed. bounds: [-50, 50]
[2023-12-06 04:37:43.901] [cout] [info]   /jointset/ground_pelvis/pelvis_ty/speed. bounds: [-50, 50]
[2023-12-06 04:37:43.901] [cout] [info]   /jointset/ground_pelvis/pelvis_tz/speed. bounds: [-50, 50]
[2023-12-06 04:37:43.901] [cout] [info]   /jointset/ankle_r/ankle_angle_r/speed. bounds: [-50, 50]
[2023-12-06 04:37:43.901] [cout] [info]   /jointset/hip_r/hip_flexion_r/speed. bounds: [-50, 50]
[2023-12-06 04:37:43.901] [cout] [info]   /jointset/hip_r/hip_rotation_r/speed. bounds: [-50, 50]
[2023-12-06 04:37:43.901] [cout] [info]   /jointset/hip_l/hip_flexion_l/speed. bounds: [-50, 50]
[2023-12-06 04:37:43.901] [cout] [info]   /jointset/subtalar_r/subtalar_angle_r/speed. bounds: [-50, 50]
[2023-12-06 04:37:43.901] [cout] [info]   /jointset/mtp_r/mtp_angle_r/value. bounds: [-1.5708, 1.5708]
[2023-12-06 04:37:43.901] [cout] [info]   /jointset/mtp_r/mtp_angle_r/speed. bounds: [-50, 50]
[2023-12-06 04:37:43.901] [cout] [info]   /jointset/hip_l/hip_adduction_l/speed. bounds: [-50, 50]
[2023-12-06 04:37:43.901] [cout] [info]   /jointset/hip_l/hip_rotation_l/speed. bounds: [-50, 50]
[2023-12-06 04:37:43.901] [cout] [info]   /jointset/knee_l/knee_angle_l/speed. bounds: [-50, 50]
[2023-12-06 04:37:43.901] [cout] [info]   /jointset/ankle_l/ankle_angle_l/speed. bounds: [-50, 50]
[2023-12-06 04:37:43.901] [cout] [info]   /jointset/subtalar_l/subtalar_angle_l/value. bounds: [-1.5708, 1.5708]
[2023-12-06 04:37:43.901] [cout] [info]   /jointset/subtalar_l/subtalar_angle_l/speed. bounds: [-50, 50]
[2023-12-06 04:37:43.901] [cout] [info]   /jointset/mtp_l/mtp_angle_l/value. bounds: [-1.0472, 1.0472]
[2023-12-06 04:37:43.901] [cout] [info]   /jointset/back/lumbar_extension/speed. bounds: [-50, 50]
[2023-12-06 04:37:43.901] [cout] [info]   /jointset/back/lumbar_bending/speed. bounds: [-50, 50]
[2023-12-06 04:37:43.901] [cout] [info]   /jointset/acromial_r/arm_flex_r/speed. bounds: [-50, 50]
[2023-12-06 04:37:43.901] [cout] [info]   /jointset/acromial_r/arm_add_r/speed. bounds: [-50, 50]
[2023-12-06 04:37:43.901] [cout] [info]   /jointset/acromial_r/arm_rot_r/speed. bounds: [-50, 50]
[2023-12-06 04:37:43.902] [cout] [info]   /jointset/radius_hand_r/wrist_flex_r/value. bounds: [-1.22173, 1.22173]
[2023-12-06 04:37:43.902] [cout] [info]   /jointset/radius_hand_r/wrist_flex_r/speed. bounds: [-50, 50]
[2023-12-06 04:37:43.902] [cout] [info]   /jointset/radius_hand_r/wrist_dev_r/value. bounds: [-0.436332, 0.610865]
[2023-12-06 04:37:43.902] [cout] [info]   /jointset/radius_hand_r/wrist_dev_r/speed. bounds: [-50, 50]
[2023-12-06 04:37:43.902] [cout] [info]   /jointset/acromial_l/arm_flex_l/speed. bounds: [-50, 50]
[2023-12-06 04:37:43.902] [cout] [info]   /jointset/acromial_l/arm_add_l/speed. bounds: [-50, 50]
[2023-12-06 04:37:43.902] [cout] [info]   /jointset/acromial_l/arm_rot_l/speed. bounds: [-50, 50]
[2023-12-06 04:37:43.902] [cout] [info]   /jointset/elbow_l/elbow_flex_l/speed. bounds: [-50, 50]
[2023-12-06 04:37:43.902] [cout] [info]   /jointset/radioulnar_l/pro_sup_l/speed. bounds: [-50, 50]
[2023-12-06 04:37:43.902] [cout] [info]   /jointset/radius_hand_l/wrist_flex_l/value. bounds: [-1.22173, 1.22173]
[2023-12-06 04:37:43.902] [cout] [info]   /jointset/radius_hand_l/wrist_dev_l/value. bounds: [-0.436332, 0.610865]
[2023-12-06 04:37:43.902] [cout] [info]   /jointset/radius_hand_l/wrist_dev_l/speed. bounds: [-50, 50]
[2023-12-06 04:37:43.902] [cout] [info] Controls: (total: 29)
[2023-12-06 04:37:43.902] [cout] [info]   /forceset/pelvis_tx_actuator. bounds: [-10000, 10000]
[2023-12-06 04:37:43.902] [cout] [info]   /forceset/pelvis_ty_actuator. bounds: [-10000, 10000]
[2023-12-06 04:37:43.902] [cout] [info]   /forceset/pelvis_tz_actuator. bounds: [-10000, 10000]
[2023-12-06 04:37:43.902] [cout] [info]   /forceset/arm_flex_r_actuator. bounds: [-1, 1]
[2023-12-06 04:37:43.902] [cout] [info]   /forceset/hip_rotation_r_actuator. bounds: [-1, 1]
[2023-12-06 04:37:43.902] [cout] [info]   /forceset/pelvis_tilt_actuator. bounds: [-10000, 10000]
[2023-12-06 04:37:43.902] [cout] [info]   /forceset/pelvis_list_actuator. bounds: [-10000, 10000]
[2023-12-06 04:37:43.902] [cout] [info]   /forceset/pelvis_rotation_actuator. bounds: [-10000, 10000]
[2023-12-06 04:37:43.902] [cout] [info]   /forceset/elbow_flex_l_actuator. bounds: [-1, 1]
[2023-12-06 04:37:43.902] [cout] [info]   /forceset/hip_adduction_l_actuator. bounds: [-1, 1]
[2023-12-06 04:37:43.902] [cout] [info]   /forceset/hip_flexion_r_actuator. bounds: [-1, 1]
[2023-12-06 04:37:43.902] [cout] [info]   /forceset/elbow_flex_r_actuator. bounds: [-1, 1]
[2023-12-06 04:37:43.902] [cout] [info]   /forceset/hip_flexion_l_actuator. bounds: [-1, 1]
[2023-12-06 04:37:43.902] [cout] [info]   /forceset/hip_adduction_r_actuator. bounds: [-1, 1]
[2023-12-06 04:37:43.902] [cout] [info]   /forceset/knee_angle_r_actuator. bounds: [-1, 1]
[2023-12-06 04:37:43.902] [cout] [info]   /forceset/lumbar_rotation_actuator. bounds: [-1, 1]
[2023-12-06 04:37:43.902] [cout] [info]   /forceset/ankle_angle_r_actuator. bounds: [-1, 1]
[2023-12-06 04:37:43.902] [cout] [info]   /forceset/arm_flex_l_actuator. bounds: [-1, 1]
[2023-12-06 04:37:43.902] [cout] [info]   /forceset/hip_rotation_l_actuator. bounds: [-1, 1]
[2023-12-06 04:37:43.902] [cout] [info]   /forceset/knee_angle_l_actuator. bounds: [-1, 1]
[2023-12-06 04:37:43.902] [cout] [info]   /forceset/ankle_angle_l_actuator. bounds: [-1, 1]
[2023-12-06 04:37:43.902] [cout] [info]   /forceset/lumbar_extension_actuator. bounds: [-1, 1]
[2023-12-06 04:37:43.902] [cout] [info]   /forceset/lumbar_bending_actuator. bounds: [-1, 1]
[2023-12-06 04:37:43.902] [cout] [info]   /forceset/arm_add_r_actuator. bounds: [-1, 1]
[2023-12-06 04:37:43.902] [cout] [info]   /forceset/arm_rot_r_actuator. bounds: [-1, 1]
[2023-12-06 04:37:43.902] [cout] [info]   /forceset/pro_sup_r_actuator. bounds: [-1, 1]
[2023-12-06 04:37:43.902] [cout] [info]   /forceset/arm_add_l_actuator. bounds: [-1, 1]
[2023-12-06 04:37:43.902] [cout] [info]   /forceset/arm_rot_l_actuator. bounds: [-1, 1]
[2023-12-06 04:37:43.902] [cout] [info]   /forceset/pro_sup_l_actuator. bounds: [-1, 1]
[2023-12-06 04:37:43.902] [cout] [info] Parameters: none
[2023-12-06 04:37:43.957] [info] ExternalForce::externalforce Data source being set to Run_500 01_newCOP3_v24.mot
[2023-12-06 04:37:43.957] [info] ExternalForce::externalforce_0 Data source being set to Run_500 01_newCOP3_v24.mot
[2023-12-06 04:37:44.012] [info] ExternalForce::externalforce Data source being set to Run_500 01_newCOP3_v24.mot
[2023-12-06 04:37:44.012] [info] ExternalForce::externalforce_0 Data source being set to Run_500 01_newCOP3_v24.mot
[2023-12-06 04:37:44.076] [info] ExternalForce::externalforce Data source being set to Run_500 01_newCOP3_v24.mot
[2023-12-06 04:37:44.076] [info] ExternalForce::externalforce_0 Data source being set to Run_500 01_newCOP3_v24.mot
[2023-12-06 04:37:44.132] [info] ExternalForce::externalforce Data source being set to Run_500 01_newCOP3_v24.mot
[2023-12-06 04:37:44.132] [info] ExternalForce::externalforce_0 Data source being set to Run_500 01_newCOP3_v24.mot
[2023-12-06 04:37:44.203] [info] ExternalForce::externalforce Data source being set to Run_500 01_newCOP3_v24.mot
[2023-12-06 04:37:44.203] [info] ExternalForce::externalforce_0 Data source being set to Run_500 01_newCOP3_v24.mot
[2023-12-06 04:37:44.258] [info] ExternalForce::externalforce Data source being set to Run_500 01_newCOP3_v24.mot
[2023-12-06 04:37:44.258] [info] ExternalForce::externalforce_0 Data source being set to Run_500 01_newCOP3_v24.mot
[2023-12-06 04:37:44.328] [info] ExternalForce::externalforce Data source being set to Run_500 01_newCOP3_v24.mot
[2023-12-06 04:37:44.328] [info] ExternalForce::externalforce_0 Data source being set to Run_500 01_newCOP3_v24.mot
[2023-12-06 04:37:44.389] [info] ExternalForce::externalforce Data source being set to Run_500 01_newCOP3_v24.mot
[2023-12-06 04:37:44.389] [info] ExternalForce::externalforce_0 Data source being set to Run_500 01_newCOP3_v24.mot
[2023-12-06 04:37:44.456] [info] ExternalForce::externalforce Data source being set to Run_500 01_newCOP3_v24.mot
[2023-12-06 04:37:44.457] [info] ExternalForce::externalforce_0 Data source being set to Run_500 01_newCOP3_v24.mot
[2023-12-06 04:37:44.513] [info] ExternalForce::externalforce Data source being set to Run_500 01_newCOP3_v24.mot
[2023-12-06 04:37:44.513] [info] ExternalForce::externalforce_0 Data source being set to Run_500 01_newCOP3_v24.mot
[2023-12-06 04:37:44.585] [info] ExternalForce::externalforce Data source being set to Run_500 01_newCOP3_v24.mot
[2023-12-06 04:37:44.585] [info] ExternalForce::externalforce_0 Data source being set to Run_500 01_newCOP3_v24.mot
[2023-12-06 04:37:44.643] [info] ExternalForce::externalforce Data source being set to Run_500 01_newCOP3_v24.mot
[2023-12-06 04:37:44.643] [info] ExternalForce::externalforce_0 Data source being set to Run_500 01_newCOP3_v24.mot
[2023-12-06 04:37:44.713] [info] ExternalForce::externalforce Data source being set to Run_500 01_newCOP3_v24.mot
[2023-12-06 04:37:44.713] [info] ExternalForce::externalforce_0 Data source being set to Run_500 01_newCOP3_v24.mot
[2023-12-06 04:37:44.771] [info] ExternalForce::externalforce Data source being set to Run_500 01_newCOP3_v24.mot
[2023-12-06 04:37:44.771] [info] ExternalForce::externalforce_0 Data source being set to Run_500 01_newCOP3_v24.mot
[2023-12-06 04:37:44.842] [info] ExternalForce::externalforce Data source being set to Run_500 01_newCOP3_v24.mot
[2023-12-06 04:37:44.842] [info] ExternalForce::externalforce_0 Data source being set to Run_500 01_newCOP3_v24.mot
[2023-12-06 04:37:44.904] [info] ExternalForce::externalforce Data source being set to Run_500 01_newCOP3_v24.mot
[2023-12-06 04:37:44.904] [info] ExternalForce::externalforce_0 Data source being set to Run_500 01_newCOP3_v24.mot
[2023-12-06 04:37:44.924] [info] Number of threads: 8
[2023-12-06 05:16:33.803] [info] Set log level to Info.
[2023-12-06 05:16:33.820] [info] ------------------------------------------------------------------------
[2023-12-06 05:16:33.820] [info] Elapsed real time: 2330 second(s) (38 minute(s), 50 second(s)).
[2023-12-06 05:16:33.820] [info] Wed Dec  6 05:16:33 2023
[2023-12-06 05:16:33.820] [info] MocoCasADiSolver succeeded!
[2023-12-06 05:16:33.820] [info] ========================================================================
