[2023-03-10 21:40:01.400] [info] ExternalForce::externalforce Data source being set to Run_500 03_newCOP3_v24.mot
[2023-03-10 21:40:01.400] [info] ExternalForce::externalforce_0 Data source being set to Run_500 03_newCOP3_v24.mot
[2023-03-10 21:40:01.617] [info] ExternalForce::externalforce Data source being set to Run_500 03_newCOP3_v24.mot
[2023-03-10 21:40:01.617] [info] ExternalForce::externalforce_0 Data source being set to Run_500 03_newCOP3_v24.mot
[2023-03-10 21:40:01.933] [info] ExternalForce::externalforce Data source being set to Run_500 03_newCOP3_v24.mot
[2023-03-10 21:40:01.933] [info] ExternalForce::externalforce_0 Data source being set to Run_500 03_newCOP3_v24.mot
[2023-03-10 21:40:02.212] [info] ExternalForce::externalforce Data source being set to Run_500 03_newCOP3_v24.mot
[2023-03-10 21:40:02.213] [info] ExternalForce::externalforce_0 Data source being set to Run_500 03_newCOP3_v24.mot
[2023-03-10 21:40:02.445] [info] ExternalForce::externalforce Data source being set to Run_500 03_newCOP3_v24.mot
[2023-03-10 21:40:02.445] [info] ExternalForce::externalforce_0 Data source being set to Run_500 03_newCOP3_v24.mot
[2023-03-10 21:40:02.614] [info] ExternalForce::externalforce Data source being set to Run_500 03_newCOP3_v24.mot
[2023-03-10 21:40:02.614] [info] ExternalForce::externalforce_0 Data source being set to Run_500 03_newCOP3_v24.mot
[2023-03-10 21:40:02.800] [info] ExternalForce::externalforce Data source being set to Run_500 03_newCOP3_v24.mot
[2023-03-10 21:40:02.800] [info] ExternalForce::externalforce_0 Data source being set to Run_500 03_newCOP3_v24.mot
[2023-03-10 21:40:02.958] [info] ExternalForce::externalforce Data source being set to Run_500 03_newCOP3_v24.mot
[2023-03-10 21:40:02.958] [info] ExternalForce::externalforce_0 Data source being set to Run_500 03_newCOP3_v24.mot
[2023-03-10 21:40:03.153] [info] ExternalForce::externalforce Data source being set to Run_500 03_newCOP3_v24.mot
[2023-03-10 21:40:03.153] [info] ExternalForce::externalforce_0 Data source being set to Run_500 03_newCOP3_v24.mot
[2023-03-10 21:40:03.434] [info] ExternalForce::externalforce Data source being set to Run_500 03_newCOP3_v24.mot
[2023-03-10 21:40:03.435] [info] ExternalForce::externalforce_0 Data source being set to Run_500 03_newCOP3_v24.mot
[2023-03-10 21:40:03.727] [info] ExternalForce::externalforce Data source being set to Run_500 03_newCOP3_v24.mot
[2023-03-10 21:40:03.727] [info] ExternalForce::externalforce_0 Data source being set to Run_500 03_newCOP3_v24.mot
[2023-03-10 21:40:04.002] [info] ExternalForce::externalforce Data source being set to Run_500 03_newCOP3_v24.mot
[2023-03-10 21:40:04.002] [info] ExternalForce::externalforce_0 Data source being set to Run_500 03_newCOP3_v24.mot
[2023-03-10 21:40:04.307] [info] ExternalForce::externalforce Data source being set to Run_500 03_newCOP3_v24.mot
[2023-03-10 21:40:04.307] [info] ExternalForce::externalforce_0 Data source being set to Run_500 03_newCOP3_v24.mot
[2023-03-10 21:40:04.544] [info] ExternalForce::externalforce Data source being set to Run_500 03_newCOP3_v24.mot
[2023-03-10 21:40:04.544] [info] ExternalForce::externalforce_0 Data source being set to Run_500 03_newCOP3_v24.mot
[2023-03-10 21:40:04.804] [info] ExternalForce::externalforce Data source being set to Run_500 03_newCOP3_v24.mot
[2023-03-10 21:40:04.805] [info] ExternalForce::externalforce_0 Data source being set to Run_500 03_newCOP3_v24.mot
[2023-03-10 21:40:05.022] [info] ExternalForce::externalforce Data source being set to Run_500 03_newCOP3_v24.mot
[2023-03-10 21:40:05.022] [info] ExternalForce::externalforce_0 Data source being set to Run_500 03_newCOP3_v24.mot
[2023-03-10 21:40:05.267] [info] ExternalForce::externalforce Data source being set to Run_500 03_newCOP3_v24.mot
[2023-03-10 21:40:05.268] [info] ExternalForce::externalforce_0 Data source being set to Run_500 03_newCOP3_v24.mot
[2023-03-10 21:40:05.499] [info] ExternalForce::externalforce Data source being set to Run_500 03_newCOP3_v24.mot
[2023-03-10 21:40:05.499] [info] ExternalForce::externalforce_0 Data source being set to Run_500 03_newCOP3_v24.mot
[2023-03-10 21:40:05.707] [info] ExternalForce::externalforce Data source being set to Run_500 03_newCOP3_v24.mot
[2023-03-10 21:40:05.707] [info] ExternalForce::externalforce_0 Data source being set to Run_500 03_newCOP3_v24.mot
[2023-03-10 21:40:05.959] [info] ExternalForce::externalforce Data source being set to Run_500 03_newCOP3_v24.mot
[2023-03-10 21:40:05.959] [info] ExternalForce::externalforce_0 Data source being set to Run_500 03_newCOP3_v24.mot
[2023-03-10 21:40:06.198] [info] ExternalForce::externalforce Data source being set to Run_500 03_newCOP3_v24.mot
[2023-03-10 21:40:06.198] [info] ExternalForce::externalforce_0 Data source being set to Run_500 03_newCOP3_v24.mot
[2023-03-10 21:40:06.435] [info] ExternalForce::externalforce Data source being set to Run_500 03_newCOP3_v24.mot
[2023-03-10 21:40:06.435] [info] ExternalForce::externalforce_0 Data source being set to Run_500 03_newCOP3_v24.mot
[2023-03-10 21:40:07.172] [info] ExternalForce::externalforce Data source being set to Run_500 03_newCOP3_v24.mot
[2023-03-10 21:40:07.172] [info] ExternalForce::externalforce_0 Data source being set to Run_500 03_newCOP3_v24.mot
[2023-03-10 21:40:07.364] [info] ExternalForce::externalforce Data source being set to Run_500 03_newCOP3_v24.mot
[2023-03-10 21:40:07.365] [info] ExternalForce::externalforce_0 Data source being set to Run_500 03_newCOP3_v24.mot
[2023-03-10 21:40:07.587] [info] ExternalForce::externalforce Data source being set to Run_500 03_newCOP3_v24.mot
[2023-03-10 21:40:07.587] [info] ExternalForce::externalforce_0 Data source being set to Run_500 03_newCOP3_v24.mot
[2023-03-10 21:40:07.798] [info] ExternalForce::externalforce Data source being set to Run_500 03_newCOP3_v24.mot
[2023-03-10 21:40:07.798] [info] ExternalForce::externalforce_0 Data source being set to Run_500 03_newCOP3_v24.mot
[2023-03-10 21:40:08.005] [info] ExternalForce::externalforce Data source being set to Run_500 03_newCOP3_v24.mot
[2023-03-10 21:40:08.005] [info] ExternalForce::externalforce_0 Data source being set to Run_500 03_newCOP3_v24.mot
[2023-03-10 21:40:08.206] [info] ExternalForce::externalforce Data source being set to Run_500 03_newCOP3_v24.mot
[2023-03-10 21:40:08.206] [info] ExternalForce::externalforce_0 Data source being set to Run_500 03_newCOP3_v24.mot
[2023-03-10 21:40:08.418] [info] ExternalForce::externalforce Data source being set to Run_500 03_newCOP3_v24.mot
[2023-03-10 21:40:08.418] [info] ExternalForce::externalforce_0 Data source being set to Run_500 03_newCOP3_v24.mot
[2023-03-10 21:40:08.616] [info] ExternalForce::externalforce Data source being set to Run_500 03_newCOP3_v24.mot
[2023-03-10 21:40:08.616] [info] ExternalForce::externalforce_0 Data source being set to Run_500 03_newCOP3_v24.mot
[2023-03-10 21:40:08.656] [info] ========================================================================
[2023-03-10 21:40:08.656] [info] MocoCasADiSolver starting.
[2023-03-10 21:40:08.656] [info] Fri Mar 10 21:40:08 2023
[2023-03-10 21:40:08.656] [info] ------------------------------------------------------------------------
[2023-03-10 21:40:08.656] [cout] [info] Costs: (total: 2)
[2023-03-10 21:40:08.656] [cout] [info]   state_tracking. MocoStateTrackingGoal, enabled: true, mode: cost, weight: 1.0
[2023-03-10 21:40:08.656] [cout] [info]         state: /jointset/ground_pelvis/pelvis_tilt/value, weight: 750.0
[2023-03-10 21:40:08.657] [cout] [info]         state: /jointset/ground_pelvis/pelvis_list/value, weight: 250.0
[2023-03-10 21:40:08.657] [cout] [info]         state: /jointset/ground_pelvis/pelvis_rotation/value, weight: 50.0
[2023-03-10 21:40:08.657] [cout] [info]         state: /jointset/ground_pelvis/pelvis_tx/value, weight: 25.0
[2023-03-10 21:40:08.657] [cout] [info]         state: /jointset/ground_pelvis/pelvis_ty/value, weight: 100.0
[2023-03-10 21:40:08.657] [cout] [info]         state: /jointset/ground_pelvis/pelvis_tz/value, weight: 25.0
[2023-03-10 21:40:08.657] [cout] [info]         state: /jointset/hip_r/hip_flexion_r/value, weight: 75.0
[2023-03-10 21:40:08.657] [cout] [info]         state: /jointset/hip_r/hip_adduction_r/value, weight: 50.0
[2023-03-10 21:40:08.657] [cout] [info]         state: /jointset/hip_r/hip_rotation_r/value, weight: 10.0
[2023-03-10 21:40:08.658] [cout] [info]         state: /jointset/knee_r/knee_angle_r/value, weight: 10.0
[2023-03-10 21:40:08.658] [cout] [info]         state: /jointset/ankle_r/ankle_angle_r/value, weight: 10.0
[2023-03-10 21:40:08.658] [cout] [info]         state: /jointset/hip_l/hip_flexion_l/value, weight: 75.0
[2023-03-10 21:40:08.658] [cout] [info]         state: /jointset/hip_l/hip_adduction_l/value, weight: 50.0
[2023-03-10 21:40:08.658] [cout] [info]         state: /jointset/hip_l/hip_rotation_l/value, weight: 10.0
[2023-03-10 21:40:08.658] [cout] [info]         state: /jointset/knee_l/knee_angle_l/value, weight: 10.0
[2023-03-10 21:40:08.658] [cout] [info]         state: /jointset/ankle_l/ankle_angle_l/value, weight: 10.0
[2023-03-10 21:40:08.658] [cout] [info]         state: /jointset/back/lumbar_extension/value, weight: 75.0
[2023-03-10 21:40:08.658] [cout] [info]         state: /jointset/back/lumbar_bending/value, weight: 50.0
[2023-03-10 21:40:08.658] [cout] [info]         state: /jointset/back/lumbar_rotation/value, weight: 25.0
[2023-03-10 21:40:08.658] [cout] [info]         state: /jointset/acromial_r/arm_flex_r/value, weight: 1.0
[2023-03-10 21:40:08.658] [cout] [info]         state: /jointset/acromial_r/arm_add_r/value, weight: 1.0
[2023-03-10 21:40:08.659] [cout] [info]         state: /jointset/acromial_r/arm_rot_r/value, weight: 1.0
[2023-03-10 21:40:08.659] [cout] [info]         state: /jointset/elbow_r/elbow_flex_r/value, weight: 1.0
[2023-03-10 21:40:08.659] [cout] [info]         state: /jointset/radioulnar_r/pro_sup_r/value, weight: 1.0
[2023-03-10 21:40:08.659] [cout] [info]         state: /jointset/acromial_l/arm_flex_l/value, weight: 1.0
[2023-03-10 21:40:08.659] [cout] [info]         state: /jointset/acromial_l/arm_add_l/value, weight: 1.0
[2023-03-10 21:40:08.659] [cout] [info]         state: /jointset/acromial_l/arm_rot_l/value, weight: 1.0
[2023-03-10 21:40:08.659] [cout] [info]         state: /jointset/elbow_l/elbow_flex_l/value, weight: 1.0
[2023-03-10 21:40:08.659] [cout] [info]         state: /jointset/radioulnar_l/pro_sup_l/value, weight: 1.0
[2023-03-10 21:40:08.659] [cout] [info]         state: /jointset/subtalar_r/subtalar_angle_r/value, weight: 0.0
[2023-03-10 21:40:08.660] [cout] [info]         state: /jointset/mtp_r/mtp_angle_r/value, weight: 0.0
[2023-03-10 21:40:08.660] [cout] [info]         state: /jointset/subtalar_l/subtalar_angle_l/value, weight: 0.0
[2023-03-10 21:40:08.660] [cout] [info]         state: /jointset/mtp_l/mtp_angle_l/value, weight: 0.0
[2023-03-10 21:40:08.660] [cout] [info]         state: /jointset/radius_hand_r/wrist_flex_r/value, weight: 0.0
[2023-03-10 21:40:08.660] [cout] [info]         state: /jointset/radius_hand_r/wrist_dev_r/value, weight: 0.0
[2023-03-10 21:40:08.660] [cout] [info]         state: /jointset/radius_hand_l/wrist_flex_l/value, weight: 0.0
[2023-03-10 21:40:08.660] [cout] [info]         state: /jointset/radius_hand_l/wrist_dev_l/value, weight: 0.0
[2023-03-10 21:40:08.660] [cout] [info]   control_effort. MocoControlGoal, enabled: true, mode: cost, weight: 0.00100000
[2023-03-10 21:40:08.660] [cout] [info]         control: /forceset/pelvis_tx_actuator, weight: 1.0
[2023-03-10 21:40:08.660] [cout] [info]         control: /forceset/pelvis_ty_actuator, weight: 1.0
[2023-03-10 21:40:08.661] [cout] [info]         control: /forceset/pelvis_tz_actuator, weight: 1.0
[2023-03-10 21:40:08.661] [cout] [info]         control: /forceset/pelvis_tilt_actuator, weight: 1.0
[2023-03-10 21:40:08.661] [cout] [info]         control: /forceset/pelvis_list_actuator, weight: 1.0
[2023-03-10 21:40:08.661] [cout] [info]         control: /forceset/pelvis_rotation_actuator, weight: 1.0
[2023-03-10 21:40:08.661] [cout] [info]         control: /forceset/hip_flexion_r_actuator, weight: 1.0
[2023-03-10 21:40:08.661] [cout] [info]         control: /forceset/hip_adduction_r_actuator, weight: 1.0
[2023-03-10 21:40:08.661] [cout] [info]         control: /forceset/hip_rotation_r_actuator, weight: 1.0
[2023-03-10 21:40:08.661] [cout] [info]         control: /forceset/knee_angle_r_actuator, weight: 1.0
[2023-03-10 21:40:08.661] [cout] [info]         control: /forceset/ankle_angle_r_actuator, weight: 1.0
[2023-03-10 21:40:08.661] [cout] [info]         control: /forceset/hip_flexion_l_actuator, weight: 1.0
[2023-03-10 21:40:08.661] [cout] [info]         control: /forceset/hip_adduction_l_actuator, weight: 1.0
[2023-03-10 21:40:08.661] [cout] [info]         control: /forceset/hip_rotation_l_actuator, weight: 1.0
[2023-03-10 21:40:08.661] [cout] [info]         control: /forceset/knee_angle_l_actuator, weight: 1.0
[2023-03-10 21:40:08.662] [cout] [info]         control: /forceset/ankle_angle_l_actuator, weight: 1.0
[2023-03-10 21:40:08.662] [cout] [info]         control: /forceset/lumbar_extension_actuator, weight: 1.0
[2023-03-10 21:40:08.662] [cout] [info]         control: /forceset/lumbar_bending_actuator, weight: 1.0
[2023-03-10 21:40:08.662] [cout] [info]         control: /forceset/lumbar_rotation_actuator, weight: 1.0
[2023-03-10 21:40:08.662] [cout] [info]         control: /forceset/arm_flex_r_actuator, weight: 1.0
[2023-03-10 21:40:08.662] [cout] [info]         control: /forceset/arm_add_r_actuator, weight: 1.0
[2023-03-10 21:40:08.662] [cout] [info]         control: /forceset/arm_rot_r_actuator, weight: 1.0
[2023-03-10 21:40:08.662] [cout] [info]         control: /forceset/elbow_flex_r_actuator, weight: 1.0
[2023-03-10 21:40:08.662] [cout] [info]         control: /forceset/pro_sup_r_actuator, weight: 1.0
[2023-03-10 21:40:08.662] [cout] [info]         control: /forceset/arm_flex_l_actuator, weight: 1.0
[2023-03-10 21:40:08.662] [cout] [info]         control: /forceset/arm_add_l_actuator, weight: 1.0
[2023-03-10 21:40:08.662] [cout] [info]         control: /forceset/arm_rot_l_actuator, weight: 1.0
[2023-03-10 21:40:08.663] [cout] [info]         control: /forceset/elbow_flex_l_actuator, weight: 1.0
[2023-03-10 21:40:08.663] [cout] [info]         control: /forceset/pro_sup_l_actuator, weight: 1.0
[2023-03-10 21:40:08.663] [cout] [info] Endpoint constraints: none
[2023-03-10 21:40:08.663] [cout] [info] Kinematic constraints: (total: 8)
[2023-03-10 21:40:08.663] [cout] [info]   kinematic_constraint_cid27. MocoConstraintInfo. number of scalar equations: 3. bounds: 0, 0, 0
[2023-03-10 21:40:08.663] [cout] [info]   kinematic_constraint_cid28. MocoConstraintInfo. number of scalar equations: 3. bounds: 0, 0, 0
[2023-03-10 21:40:08.663] [cout] [info]   kinematic_constraint_cid31. MocoConstraintInfo. number of scalar equations: 3. bounds: 0, 0, 0
[2023-03-10 21:40:08.663] [cout] [info]   kinematic_constraint_cid32. MocoConstraintInfo. number of scalar equations: 3. bounds: 0, 0, 0
[2023-03-10 21:40:08.663] [cout] [info]   kinematic_constraint_cid33. MocoConstraintInfo. number of scalar equations: 3. bounds: 0, 0, 0
[2023-03-10 21:40:08.663] [cout] [info]   kinematic_constraint_cid34. MocoConstraintInfo. number of scalar equations: 3. bounds: 0, 0, 0
[2023-03-10 21:40:08.663] [cout] [info]   kinematic_constraint_cid35. MocoConstraintInfo. number of scalar equations: 3. bounds: 0, 0, 0
[2023-03-10 21:40:08.664] [cout] [info]   kinematic_constraint_cid36. MocoConstraintInfo. number of scalar equations: 3. bounds: 0, 0, 0
[2023-03-10 21:40:08.664] [cout] [info] Path constraints: none
[2023-03-10 21:40:08.664] [cout] [info] States: (total: 74)
[2023-03-10 21:40:08.664] [cout] [info]   /jointset/ground_pelvis/pelvis_tilt/value. bounds: [-0.374062, 0.134487]
[2023-03-10 21:40:08.664] [cout] [info]   /jointset/ground_pelvis/pelvis_list/value. bounds: [-0.31441, 0.301673]
[2023-03-10 21:40:08.664] [cout] [info]   /jointset/radioulnar_r/pro_sup_r/value. bounds: [1.47892, 1.99532]
[2023-03-10 21:40:08.664] [cout] [info]   /jointset/ground_pelvis/pelvis_rotation/value. bounds: [-0.260349, 0.34966]
[2023-03-10 21:40:08.664] [cout] [info]   /jointset/ground_pelvis/pelvis_tx/value. bounds: [0.658706, 1.1446]
[2023-03-10 21:40:08.664] [cout] [info]   /jointset/elbow_r/elbow_flex_r/value. bounds: [1.29516, 2.55398]
[2023-03-10 21:40:08.664] [cout] [info]   /jointset/ground_pelvis/pelvis_ty/value. bounds: [0.857467, 1.161]
[2023-03-10 21:40:08.665] [cout] [info]   /jointset/radius_hand_l/wrist_flex_l/speed. bounds: [-50, 50]
[2023-03-10 21:40:08.665] [cout] [info]   /jointset/ground_pelvis/pelvis_tz/value. bounds: [-0.572207, -0.127763]
[2023-03-10 21:40:08.665] [cout] [info]   /jointset/hip_r/hip_adduction_r/speed. bounds: [-50, 50]
[2023-03-10 21:40:08.665] [cout] [info]   /jointset/ankle_r/ankle_angle_r/value. bounds: [-0.647617, 0.684005]
[2023-03-10 21:40:08.665] [cout] [info]   /jointset/hip_r/hip_flexion_r/value. bounds: [-0.552611, 1.17956]
[2023-03-10 21:40:08.665] [cout] [info]   /jointset/hip_r/hip_adduction_r/value. bounds: [-0.163445, 0.398732]
[2023-03-10 21:40:08.665] [cout] [info]   /jointset/back/lumbar_rotation/speed. bounds: [-50, 50]
[2023-03-10 21:40:08.665] [cout] [info]   /jointset/hip_r/hip_rotation_r/value. bounds: [-0.220955, 0.274792]
[2023-03-10 21:40:08.665] [cout] [info]   /jointset/mtp_l/mtp_angle_l/speed. bounds: [-50, 50]
[2023-03-10 21:40:08.665] [cout] [info]   /jointset/knee_r/knee_angle_r/value. bounds: [-2.44544, 0.113937]
[2023-03-10 21:40:08.665] [cout] [info]   /jointset/subtalar_r/subtalar_angle_r/value. bounds: [-1.5708, 1.5708]
[2023-03-10 21:40:08.665] [cout] [info]   /jointset/hip_l/hip_flexion_l/value. bounds: [-0.561503, 1.11188]
[2023-03-10 21:40:08.666] [cout] [info]   /jointset/hip_l/hip_adduction_l/value. bounds: [-0.184277, 0.412735]
[2023-03-10 21:40:08.666] [cout] [info]   /jointset/hip_l/hip_rotation_l/value. bounds: [-0.164216, 0.306189]
[2023-03-10 21:40:08.666] [cout] [info]   /jointset/knee_l/knee_angle_l/value. bounds: [-2.32107, 0.0896753]
[2023-03-10 21:40:08.666] [cout] [info]   /jointset/knee_r/knee_angle_r/speed. bounds: [-50, 50]
[2023-03-10 21:40:08.666] [cout] [info]   /jointset/ankle_l/ankle_angle_l/value. bounds: [-0.631969, 0.660855]
[2023-03-10 21:40:08.666] [cout] [info]   /jointset/back/lumbar_extension/value. bounds: [-0.337027, 0.26866]
[2023-03-10 21:40:08.666] [cout] [info]   /jointset/back/lumbar_bending/value. bounds: [-0.241819, 0.325234]
[2023-03-10 21:40:08.666] [cout] [info]   /jointset/back/lumbar_rotation/value. bounds: [-0.359124, 0.444165]
[2023-03-10 21:40:08.666] [cout] [info]   /jointset/acromial_r/arm_flex_r/value. bounds: [-1.04096, -0.210398]
[2023-03-10 21:40:08.666] [cout] [info]   /jointset/acromial_r/arm_add_r/value. bounds: [-0.538091, -0.0567304]
[2023-03-10 21:40:08.666] [cout] [info]   /jointset/acromial_r/arm_rot_r/value. bounds: [-0.607827, 0.17132]
[2023-03-10 21:40:08.667] [cout] [info]   /jointset/acromial_l/arm_flex_l/value. bounds: [-1.0001, -0.0971289]
[2023-03-10 21:40:08.667] [cout] [info]   /jointset/acromial_l/arm_add_l/value. bounds: [-0.584124, -0.0584312]
[2023-03-10 21:40:08.667] [cout] [info]   /jointset/acromial_l/arm_rot_l/value. bounds: [-0.364836, 0.27665]
[2023-03-10 21:40:08.667] [cout] [info]   /jointset/elbow_l/elbow_flex_l/value. bounds: [1.51495, 2.70244]
[2023-03-10 21:40:08.667] [cout] [info]   /jointset/radioulnar_l/pro_sup_l/value. bounds: [1.38252, 1.91421]
[2023-03-10 21:40:08.667] [cout] [info]   /jointset/ground_pelvis/pelvis_tilt/speed. bounds: [-50, 50]
[2023-03-10 21:40:08.667] [cout] [info]   /jointset/ground_pelvis/pelvis_list/speed. bounds: [-50, 50]
[2023-03-10 21:40:08.667] [cout] [info]   /jointset/radioulnar_r/pro_sup_r/speed. bounds: [-50, 50]
[2023-03-10 21:40:08.667] [cout] [info]   /jointset/ground_pelvis/pelvis_rotation/speed. bounds: [-50, 50]
[2023-03-10 21:40:08.667] [cout] [info]   /jointset/ground_pelvis/pelvis_tx/speed. bounds: [-50, 50]
[2023-03-10 21:40:08.667] [cout] [info]   /jointset/elbow_r/elbow_flex_r/speed. bounds: [-50, 50]
[2023-03-10 21:40:08.668] [cout] [info]   /jointset/ground_pelvis/pelvis_ty/speed. bounds: [-50, 50]
[2023-03-10 21:40:08.668] [cout] [info]   /jointset/ground_pelvis/pelvis_tz/speed. bounds: [-50, 50]
[2023-03-10 21:40:08.668] [cout] [info]   /jointset/ankle_r/ankle_angle_r/speed. bounds: [-50, 50]
[2023-03-10 21:40:08.668] [cout] [info]   /jointset/hip_r/hip_flexion_r/speed. bounds: [-50, 50]
[2023-03-10 21:40:08.668] [cout] [info]   /jointset/hip_r/hip_rotation_r/speed. bounds: [-50, 50]
[2023-03-10 21:40:08.668] [cout] [info]   /jointset/hip_l/hip_flexion_l/speed. bounds: [-50, 50]
[2023-03-10 21:40:08.668] [cout] [info]   /jointset/subtalar_r/subtalar_angle_r/speed. bounds: [-50, 50]
[2023-03-10 21:40:08.668] [cout] [info]   /jointset/mtp_r/mtp_angle_r/value. bounds: [-1.5708, 1.5708]
[2023-03-10 21:40:08.668] [cout] [info]   /jointset/mtp_r/mtp_angle_r/speed. bounds: [-50, 50]
[2023-03-10 21:40:08.668] [cout] [info]   /jointset/hip_l/hip_adduction_l/speed. bounds: [-50, 50]
[2023-03-10 21:40:08.668] [cout] [info]   /jointset/hip_l/hip_rotation_l/speed. bounds: [-50, 50]
[2023-03-10 21:40:08.669] [cout] [info]   /jointset/knee_l/knee_angle_l/speed. bounds: [-50, 50]
[2023-03-10 21:40:08.669] [cout] [info]   /jointset/ankle_l/ankle_angle_l/speed. bounds: [-50, 50]
[2023-03-10 21:40:08.669] [cout] [info]   /jointset/subtalar_l/subtalar_angle_l/value. bounds: [-1.5708, 1.5708]
[2023-03-10 21:40:08.669] [cout] [info]   /jointset/subtalar_l/subtalar_angle_l/speed. bounds: [-50, 50]
[2023-03-10 21:40:08.669] [cout] [info]   /jointset/mtp_l/mtp_angle_l/value. bounds: [-1.0472, 1.0472]
[2023-03-10 21:40:08.669] [cout] [info]   /jointset/back/lumbar_extension/speed. bounds: [-50, 50]
[2023-03-10 21:40:08.669] [cout] [info]   /jointset/back/lumbar_bending/speed. bounds: [-50, 50]
[2023-03-10 21:40:08.669] [cout] [info]   /jointset/acromial_r/arm_flex_r/speed. bounds: [-50, 50]
[2023-03-10 21:40:08.669] [cout] [info]   /jointset/acromial_r/arm_add_r/speed. bounds: [-50, 50]
[2023-03-10 21:40:08.669] [cout] [info]   /jointset/acromial_r/arm_rot_r/speed. bounds: [-50, 50]
[2023-03-10 21:40:08.669] [cout] [info]   /jointset/radius_hand_r/wrist_flex_r/value. bounds: [-1.22173, 1.22173]
[2023-03-10 21:40:08.669] [cout] [info]   /jointset/radius_hand_r/wrist_flex_r/speed. bounds: [-50, 50]
[2023-03-10 21:40:08.669] [cout] [info]   /jointset/radius_hand_r/wrist_dev_r/value. bounds: [-0.436332, 0.610865]
[2023-03-10 21:40:08.669] [cout] [info]   /jointset/radius_hand_r/wrist_dev_r/speed. bounds: [-50, 50]
[2023-03-10 21:40:08.669] [cout] [info]   /jointset/acromial_l/arm_flex_l/speed. bounds: [-50, 50]
[2023-03-10 21:40:08.670] [cout] [info]   /jointset/acromial_l/arm_add_l/speed. bounds: [-50, 50]
[2023-03-10 21:40:08.670] [cout] [info]   /jointset/acromial_l/arm_rot_l/speed. bounds: [-50, 50]
[2023-03-10 21:40:08.670] [cout] [info]   /jointset/elbow_l/elbow_flex_l/speed. bounds: [-50, 50]
[2023-03-10 21:40:08.670] [cout] [info]   /jointset/radioulnar_l/pro_sup_l/speed. bounds: [-50, 50]
[2023-03-10 21:40:08.670] [cout] [info]   /jointset/radius_hand_l/wrist_flex_l/value. bounds: [-1.22173, 1.22173]
[2023-03-10 21:40:08.670] [cout] [info]   /jointset/radius_hand_l/wrist_dev_l/value. bounds: [-0.436332, 0.610865]
[2023-03-10 21:40:08.670] [cout] [info]   /jointset/radius_hand_l/wrist_dev_l/speed. bounds: [-50, 50]
[2023-03-10 21:40:08.670] [cout] [info] Controls: (total: 29)
[2023-03-10 21:40:08.670] [cout] [info]   /forceset/pelvis_tx_actuator. bounds: [-10000, 10000]
[2023-03-10 21:40:08.670] [cout] [info]   /forceset/pelvis_ty_actuator. bounds: [-10000, 10000]
[2023-03-10 21:40:08.670] [cout] [info]   /forceset/pelvis_tz_actuator. bounds: [-10000, 10000]
[2023-03-10 21:40:08.670] [cout] [info]   /forceset/arm_flex_r_actuator. bounds: [-1, 1]
[2023-03-10 21:40:08.670] [cout] [info]   /forceset/hip_rotation_r_actuator. bounds: [-1, 1]
[2023-03-10 21:40:08.670] [cout] [info]   /forceset/pelvis_tilt_actuator. bounds: [-10000, 10000]
[2023-03-10 21:40:08.670] [cout] [info]   /forceset/pelvis_list_actuator. bounds: [-10000, 10000]
[2023-03-10 21:40:08.670] [cout] [info]   /forceset/pelvis_rotation_actuator. bounds: [-10000, 10000]
[2023-03-10 21:40:08.671] [cout] [info]   /forceset/elbow_flex_l_actuator. bounds: [-1, 1]
[2023-03-10 21:40:08.671] [cout] [info]   /forceset/hip_adduction_l_actuator. bounds: [-1, 1]
[2023-03-10 21:40:08.671] [cout] [info]   /forceset/hip_flexion_r_actuator. bounds: [-1, 1]
[2023-03-10 21:40:08.671] [cout] [info]   /forceset/elbow_flex_r_actuator. bounds: [-1, 1]
[2023-03-10 21:40:08.671] [cout] [info]   /forceset/hip_flexion_l_actuator. bounds: [-1, 1]
[2023-03-10 21:40:08.671] [cout] [info]   /forceset/hip_adduction_r_actuator. bounds: [-1, 1]
[2023-03-10 21:40:08.671] [cout] [info]   /forceset/knee_angle_r_actuator. bounds: [-1, 1]
[2023-03-10 21:40:08.671] [cout] [info]   /forceset/lumbar_rotation_actuator. bounds: [-1, 1]
[2023-03-10 21:40:08.671] [cout] [info]   /forceset/ankle_angle_r_actuator. bounds: [-1, 1]
[2023-03-10 21:40:08.671] [cout] [info]   /forceset/arm_flex_l_actuator. bounds: [-1, 1]
[2023-03-10 21:40:08.671] [cout] [info]   /forceset/hip_rotation_l_actuator. bounds: [-1, 1]
[2023-03-10 21:40:08.671] [cout] [info]   /forceset/knee_angle_l_actuator. bounds: [-1, 1]
[2023-03-10 21:40:08.671] [cout] [info]   /forceset/ankle_angle_l_actuator. bounds: [-1, 1]
[2023-03-10 21:40:08.671] [cout] [info]   /forceset/lumbar_extension_actuator. bounds: [-1, 1]
[2023-03-10 21:40:08.672] [cout] [info]   /forceset/lumbar_bending_actuator. bounds: [-1, 1]
[2023-03-10 21:40:08.672] [cout] [info]   /forceset/arm_add_r_actuator. bounds: [-1, 1]
[2023-03-10 21:40:08.672] [cout] [info]   /forceset/arm_rot_r_actuator. bounds: [-1, 1]
[2023-03-10 21:40:08.672] [cout] [info]   /forceset/pro_sup_r_actuator. bounds: [-1, 1]
[2023-03-10 21:40:08.672] [cout] [info]   /forceset/arm_add_l_actuator. bounds: [-1, 1]
[2023-03-10 21:40:08.672] [cout] [info]   /forceset/arm_rot_l_actuator. bounds: [-1, 1]
[2023-03-10 21:40:08.672] [cout] [info]   /forceset/pro_sup_l_actuator. bounds: [-1, 1]
[2023-03-10 21:40:08.672] [cout] [info] Parameters: none
[2023-03-10 21:40:08.846] [info] ExternalForce::externalforce Data source being set to Run_500 03_newCOP3_v24.mot
[2023-03-10 21:40:08.846] [info] ExternalForce::externalforce_0 Data source being set to Run_500 03_newCOP3_v24.mot
[2023-03-10 21:40:09.041] [info] ExternalForce::externalforce Data source being set to Run_500 03_newCOP3_v24.mot
[2023-03-10 21:40:09.041] [info] ExternalForce::externalforce_0 Data source being set to Run_500 03_newCOP3_v24.mot
[2023-03-10 21:40:09.225] [info] ExternalForce::externalforce Data source being set to Run_500 03_newCOP3_v24.mot
[2023-03-10 21:40:09.225] [info] ExternalForce::externalforce_0 Data source being set to Run_500 03_newCOP3_v24.mot
[2023-03-10 21:40:09.412] [info] ExternalForce::externalforce Data source being set to Run_500 03_newCOP3_v24.mot
[2023-03-10 21:40:09.413] [info] ExternalForce::externalforce_0 Data source being set to Run_500 03_newCOP3_v24.mot
[2023-03-10 21:40:09.615] [info] ExternalForce::externalforce Data source being set to Run_500 03_newCOP3_v24.mot
[2023-03-10 21:40:09.615] [info] ExternalForce::externalforce_0 Data source being set to Run_500 03_newCOP3_v24.mot
[2023-03-10 21:40:09.774] [info] ExternalForce::externalforce Data source being set to Run_500 03_newCOP3_v24.mot
[2023-03-10 21:40:09.774] [info] ExternalForce::externalforce_0 Data source being set to Run_500 03_newCOP3_v24.mot
[2023-03-10 21:40:09.958] [info] ExternalForce::externalforce Data source being set to Run_500 03_newCOP3_v24.mot
[2023-03-10 21:40:09.958] [info] ExternalForce::externalforce_0 Data source being set to Run_500 03_newCOP3_v24.mot
[2023-03-10 21:40:10.174] [info] ExternalForce::externalforce Data source being set to Run_500 03_newCOP3_v24.mot
[2023-03-10 21:40:10.174] [info] ExternalForce::externalforce_0 Data source being set to Run_500 03_newCOP3_v24.mot
[2023-03-10 21:40:10.350] [info] ExternalForce::externalforce Data source being set to Run_500 03_newCOP3_v24.mot
[2023-03-10 21:40:10.350] [info] ExternalForce::externalforce_0 Data source being set to Run_500 03_newCOP3_v24.mot
[2023-03-10 21:40:10.504] [info] ExternalForce::externalforce Data source being set to Run_500 03_newCOP3_v24.mot
[2023-03-10 21:40:10.504] [info] ExternalForce::externalforce_0 Data source being set to Run_500 03_newCOP3_v24.mot
[2023-03-10 21:40:10.704] [info] ExternalForce::externalforce Data source being set to Run_500 03_newCOP3_v24.mot
[2023-03-10 21:40:10.704] [info] ExternalForce::externalforce_0 Data source being set to Run_500 03_newCOP3_v24.mot
[2023-03-10 21:40:10.858] [info] ExternalForce::externalforce Data source being set to Run_500 03_newCOP3_v24.mot
[2023-03-10 21:40:10.859] [info] ExternalForce::externalforce_0 Data source being set to Run_500 03_newCOP3_v24.mot
[2023-03-10 21:40:11.009] [info] ExternalForce::externalforce Data source being set to Run_500 03_newCOP3_v24.mot
[2023-03-10 21:40:11.009] [info] ExternalForce::externalforce_0 Data source being set to Run_500 03_newCOP3_v24.mot
[2023-03-10 21:40:11.184] [info] ExternalForce::externalforce Data source being set to Run_500 03_newCOP3_v24.mot
[2023-03-10 21:40:11.184] [info] ExternalForce::externalforce_0 Data source being set to Run_500 03_newCOP3_v24.mot
[2023-03-10 21:40:11.382] [info] ExternalForce::externalforce Data source being set to Run_500 03_newCOP3_v24.mot
[2023-03-10 21:40:11.382] [info] ExternalForce::externalforce_0 Data source being set to Run_500 03_newCOP3_v24.mot
[2023-03-10 21:40:11.561] [info] ExternalForce::externalforce Data source being set to Run_500 03_newCOP3_v24.mot
[2023-03-10 21:40:11.561] [info] ExternalForce::externalforce_0 Data source being set to Run_500 03_newCOP3_v24.mot
[2023-03-10 21:40:11.588] [info] Number of threads: 8
[2023-03-10 22:06:28.257] [info] Set log level to Info.
[2023-03-10 22:06:28.280] [info] ------------------------------------------------------------------------
[2023-03-10 22:06:28.280] [info] Elapsed real time: 1580 second(s) (26 minute(s), 20 second(s)).
[2023-03-10 22:06:28.280] [info] Fri Mar 10 22:06:28 2023
[2023-03-10 22:06:28.280] [info] MocoCasADiSolver succeeded!
[2023-03-10 22:06:28.280] [info] ========================================================================
[2023-03-10 22:06:28.731] [info] Loaded model subject03_scaled from file ..\..\model\subject03_adjusted_scaled.osim
[2023-03-10 22:06:29.737] [cout] [info] 
               MODEL: subject03_scaled
         coordinates: 37
              forces: 92
           actuators: 92
             muscles: 92
            analyses: 0
              probes: 0
              bodies: 20
              joints: 20
         constraints: 0
             markers: 56
         controllers: 0
  contact geometries: 0
misc modelcomponents: 0
[2023-03-10 22:06:29.737] [info] Running tool subject10_scaled...
[2023-03-10 22:06:29.794] [warning] ExternalLoads 'externalloads' has subcomponents with duplicate name 'externalforce'. The duplicate is being renamed to 'externalforce_0'.
[2023-03-10 22:06:29.951] [info] ExternalForce::externalforce Data source being set to Run_500 03_newCOP3_v24.mot
[2023-03-10 22:06:29.951] [info] ExternalForce::externalforce_0 Data source being set to Run_500 03_newCOP3_v24.mot
[2023-03-10 22:06:31.060] [info] InverseDynamicsTool: 125 time frames in 1 second(s).
[2023-12-05 23:47:26.153] [info] ExternalForce::externalforce Data source being set to Run_500 03_newCOP3_v24.mot
[2023-12-05 23:47:26.154] [info] ExternalForce::externalforce_0 Data source being set to Run_500 03_newCOP3_v24.mot
[2023-12-05 23:47:26.501] [info] ExternalForce::externalforce Data source being set to Run_500 03_newCOP3_v24.mot
[2023-12-05 23:47:26.501] [info] ExternalForce::externalforce_0 Data source being set to Run_500 03_newCOP3_v24.mot
[2023-12-05 23:47:26.641] [info] ExternalForce::externalforce Data source being set to Run_500 03_newCOP3_v24.mot
[2023-12-05 23:47:26.641] [info] ExternalForce::externalforce_0 Data source being set to Run_500 03_newCOP3_v24.mot
[2023-12-05 23:47:26.736] [info] ExternalForce::externalforce Data source being set to Run_500 03_newCOP3_v24.mot
[2023-12-05 23:47:26.736] [info] ExternalForce::externalforce_0 Data source being set to Run_500 03_newCOP3_v24.mot
[2023-12-05 23:47:26.845] [info] ExternalForce::externalforce Data source being set to Run_500 03_newCOP3_v24.mot
[2023-12-05 23:47:26.845] [info] ExternalForce::externalforce_0 Data source being set to Run_500 03_newCOP3_v24.mot
[2023-12-05 23:47:26.940] [info] ExternalForce::externalforce Data source being set to Run_500 03_newCOP3_v24.mot
[2023-12-05 23:47:26.940] [info] ExternalForce::externalforce_0 Data source being set to Run_500 03_newCOP3_v24.mot
[2023-12-05 23:47:27.052] [info] ExternalForce::externalforce Data source being set to Run_500 03_newCOP3_v24.mot
[2023-12-05 23:47:27.052] [info] ExternalForce::externalforce_0 Data source being set to Run_500 03_newCOP3_v24.mot
[2023-12-05 23:47:27.144] [info] ExternalForce::externalforce Data source being set to Run_500 03_newCOP3_v24.mot
[2023-12-05 23:47:27.144] [info] ExternalForce::externalforce_0 Data source being set to Run_500 03_newCOP3_v24.mot
[2023-12-05 23:47:27.253] [info] ExternalForce::externalforce Data source being set to Run_500 03_newCOP3_v24.mot
[2023-12-05 23:47:27.253] [info] ExternalForce::externalforce_0 Data source being set to Run_500 03_newCOP3_v24.mot
[2023-12-05 23:47:27.348] [info] ExternalForce::externalforce Data source being set to Run_500 03_newCOP3_v24.mot
[2023-12-05 23:47:27.348] [info] ExternalForce::externalforce_0 Data source being set to Run_500 03_newCOP3_v24.mot
[2023-12-05 23:47:27.449] [info] ExternalForce::externalforce Data source being set to Run_500 03_newCOP3_v24.mot
[2023-12-05 23:47:27.450] [info] ExternalForce::externalforce_0 Data source being set to Run_500 03_newCOP3_v24.mot
[2023-12-05 23:47:27.537] [info] ExternalForce::externalforce Data source being set to Run_500 03_newCOP3_v24.mot
[2023-12-05 23:47:27.538] [info] ExternalForce::externalforce_0 Data source being set to Run_500 03_newCOP3_v24.mot
[2023-12-05 23:47:27.641] [info] ExternalForce::externalforce Data source being set to Run_500 03_newCOP3_v24.mot
[2023-12-05 23:47:27.642] [info] ExternalForce::externalforce_0 Data source being set to Run_500 03_newCOP3_v24.mot
[2023-12-05 23:47:27.730] [info] ExternalForce::externalforce Data source being set to Run_500 03_newCOP3_v24.mot
[2023-12-05 23:47:27.730] [info] ExternalForce::externalforce_0 Data source being set to Run_500 03_newCOP3_v24.mot
[2023-12-05 23:47:27.830] [info] ExternalForce::externalforce Data source being set to Run_500 03_newCOP3_v24.mot
[2023-12-05 23:47:27.830] [info] ExternalForce::externalforce_0 Data source being set to Run_500 03_newCOP3_v24.mot
[2023-12-05 23:47:27.920] [info] ExternalForce::externalforce Data source being set to Run_500 03_newCOP3_v24.mot
[2023-12-05 23:47:27.920] [info] ExternalForce::externalforce_0 Data source being set to Run_500 03_newCOP3_v24.mot
[2023-12-05 23:47:28.021] [info] ExternalForce::externalforce Data source being set to Run_500 03_newCOP3_v24.mot
[2023-12-05 23:47:28.021] [info] ExternalForce::externalforce_0 Data source being set to Run_500 03_newCOP3_v24.mot
[2023-12-05 23:47:28.115] [info] ExternalForce::externalforce Data source being set to Run_500 03_newCOP3_v24.mot
[2023-12-05 23:47:28.115] [info] ExternalForce::externalforce_0 Data source being set to Run_500 03_newCOP3_v24.mot
[2023-12-05 23:47:28.219] [info] ExternalForce::externalforce Data source being set to Run_500 03_newCOP3_v24.mot
[2023-12-05 23:47:28.219] [info] ExternalForce::externalforce_0 Data source being set to Run_500 03_newCOP3_v24.mot
[2023-12-05 23:47:28.316] [info] ExternalForce::externalforce Data source being set to Run_500 03_newCOP3_v24.mot
[2023-12-05 23:47:28.316] [info] ExternalForce::externalforce_0 Data source being set to Run_500 03_newCOP3_v24.mot
[2023-12-05 23:47:28.416] [info] ExternalForce::externalforce Data source being set to Run_500 03_newCOP3_v24.mot
[2023-12-05 23:47:28.417] [info] ExternalForce::externalforce_0 Data source being set to Run_500 03_newCOP3_v24.mot
[2023-12-05 23:47:28.503] [info] ExternalForce::externalforce Data source being set to Run_500 03_newCOP3_v24.mot
[2023-12-05 23:47:28.503] [info] ExternalForce::externalforce_0 Data source being set to Run_500 03_newCOP3_v24.mot
[2023-12-05 23:47:28.907] [info] ExternalForce::externalforce Data source being set to Run_500 03_newCOP3_v24.mot
[2023-12-05 23:47:28.907] [info] ExternalForce::externalforce_0 Data source being set to Run_500 03_newCOP3_v24.mot
[2023-12-05 23:47:28.985] [info] ExternalForce::externalforce Data source being set to Run_500 03_newCOP3_v24.mot
[2023-12-05 23:47:28.985] [info] ExternalForce::externalforce_0 Data source being set to Run_500 03_newCOP3_v24.mot
[2023-12-05 23:47:29.080] [info] ExternalForce::externalforce Data source being set to Run_500 03_newCOP3_v24.mot
[2023-12-05 23:47:29.080] [info] ExternalForce::externalforce_0 Data source being set to Run_500 03_newCOP3_v24.mot
[2023-12-05 23:47:29.158] [info] ExternalForce::externalforce Data source being set to Run_500 03_newCOP3_v24.mot
[2023-12-05 23:47:29.158] [info] ExternalForce::externalforce_0 Data source being set to Run_500 03_newCOP3_v24.mot
[2023-12-05 23:47:29.272] [info] ExternalForce::externalforce Data source being set to Run_500 03_newCOP3_v24.mot
[2023-12-05 23:47:29.272] [info] ExternalForce::externalforce_0 Data source being set to Run_500 03_newCOP3_v24.mot
[2023-12-05 23:47:29.349] [info] ExternalForce::externalforce Data source being set to Run_500 03_newCOP3_v24.mot
[2023-12-05 23:47:29.349] [info] ExternalForce::externalforce_0 Data source being set to Run_500 03_newCOP3_v24.mot
[2023-12-05 23:47:29.439] [info] ExternalForce::externalforce Data source being set to Run_500 03_newCOP3_v24.mot
[2023-12-05 23:47:29.439] [info] ExternalForce::externalforce_0 Data source being set to Run_500 03_newCOP3_v24.mot
[2023-12-05 23:47:29.514] [info] ExternalForce::externalforce Data source being set to Run_500 03_newCOP3_v24.mot
[2023-12-05 23:47:29.514] [info] ExternalForce::externalforce_0 Data source being set to Run_500 03_newCOP3_v24.mot
[2023-12-05 23:47:29.532] [info] ========================================================================
[2023-12-05 23:47:29.533] [info] MocoCasADiSolver starting.
[2023-12-05 23:47:29.533] [info] Tue Dec  5 23:47:29 2023
[2023-12-05 23:47:29.533] [info] ------------------------------------------------------------------------
[2023-12-05 23:47:29.533] [cout] [info] Costs: (total: 2)
[2023-12-05 23:47:29.533] [cout] [info]   state_tracking. MocoStateTrackingGoal, enabled: true, mode: cost, weight: 1.0
[2023-12-05 23:47:29.533] [cout] [info]         state: /jointset/ground_pelvis/pelvis_tilt/value, weight: 750.0
[2023-12-05 23:47:29.533] [cout] [info]         state: /jointset/ground_pelvis/pelvis_list/value, weight: 250.0
[2023-12-05 23:47:29.533] [cout] [info]         state: /jointset/ground_pelvis/pelvis_rotation/value, weight: 50.0
[2023-12-05 23:47:29.533] [cout] [info]         state: /jointset/ground_pelvis/pelvis_tx/value, weight: 25.0
[2023-12-05 23:47:29.533] [cout] [info]         state: /jointset/ground_pelvis/pelvis_ty/value, weight: 100.0
[2023-12-05 23:47:29.533] [cout] [info]         state: /jointset/ground_pelvis/pelvis_tz/value, weight: 25.0
[2023-12-05 23:47:29.533] [cout] [info]         state: /jointset/hip_r/hip_flexion_r/value, weight: 75.0
[2023-12-05 23:47:29.533] [cout] [info]         state: /jointset/hip_r/hip_adduction_r/value, weight: 50.0
[2023-12-05 23:47:29.533] [cout] [info]         state: /jointset/hip_r/hip_rotation_r/value, weight: 10.0
[2023-12-05 23:47:29.533] [cout] [info]         state: /jointset/knee_r/knee_angle_r/value, weight: 10.0
[2023-12-05 23:47:29.533] [cout] [info]         state: /jointset/ankle_r/ankle_angle_r/value, weight: 10.0
[2023-12-05 23:47:29.533] [cout] [info]         state: /jointset/hip_l/hip_flexion_l/value, weight: 75.0
[2023-12-05 23:47:29.533] [cout] [info]         state: /jointset/hip_l/hip_adduction_l/value, weight: 50.0
[2023-12-05 23:47:29.533] [cout] [info]         state: /jointset/hip_l/hip_rotation_l/value, weight: 10.0
[2023-12-05 23:47:29.533] [cout] [info]         state: /jointset/knee_l/knee_angle_l/value, weight: 10.0
[2023-12-05 23:47:29.533] [cout] [info]         state: /jointset/ankle_l/ankle_angle_l/value, weight: 10.0
[2023-12-05 23:47:29.533] [cout] [info]         state: /jointset/back/lumbar_extension/value, weight: 75.0
[2023-12-05 23:47:29.533] [cout] [info]         state: /jointset/back/lumbar_bending/value, weight: 50.0
[2023-12-05 23:47:29.533] [cout] [info]         state: /jointset/back/lumbar_rotation/value, weight: 25.0
[2023-12-05 23:47:29.533] [cout] [info]         state: /jointset/acromial_r/arm_flex_r/value, weight: 1.0
[2023-12-05 23:47:29.533] [cout] [info]         state: /jointset/acromial_r/arm_add_r/value, weight: 1.0
[2023-12-05 23:47:29.533] [cout] [info]         state: /jointset/acromial_r/arm_rot_r/value, weight: 1.0
[2023-12-05 23:47:29.533] [cout] [info]         state: /jointset/elbow_r/elbow_flex_r/value, weight: 1.0
[2023-12-05 23:47:29.533] [cout] [info]         state: /jointset/radioulnar_r/pro_sup_r/value, weight: 1.0
[2023-12-05 23:47:29.533] [cout] [info]         state: /jointset/acromial_l/arm_flex_l/value, weight: 1.0
[2023-12-05 23:47:29.533] [cout] [info]         state: /jointset/acromial_l/arm_add_l/value, weight: 1.0
[2023-12-05 23:47:29.533] [cout] [info]         state: /jointset/acromial_l/arm_rot_l/value, weight: 1.0
[2023-12-05 23:47:29.533] [cout] [info]         state: /jointset/elbow_l/elbow_flex_l/value, weight: 1.0
[2023-12-05 23:47:29.533] [cout] [info]         state: /jointset/radioulnar_l/pro_sup_l/value, weight: 1.0
[2023-12-05 23:47:29.533] [cout] [info]         state: /jointset/subtalar_r/subtalar_angle_r/value, weight: 0.0
[2023-12-05 23:47:29.533] [cout] [info]         state: /jointset/mtp_r/mtp_angle_r/value, weight: 0.0
[2023-12-05 23:47:29.533] [cout] [info]         state: /jointset/subtalar_l/subtalar_angle_l/value, weight: 0.0
[2023-12-05 23:47:29.533] [cout] [info]         state: /jointset/mtp_l/mtp_angle_l/value, weight: 0.0
[2023-12-05 23:47:29.533] [cout] [info]         state: /jointset/radius_hand_r/wrist_flex_r/value, weight: 0.0
[2023-12-05 23:47:29.533] [cout] [info]         state: /jointset/radius_hand_r/wrist_dev_r/value, weight: 0.0
[2023-12-05 23:47:29.533] [cout] [info]         state: /jointset/radius_hand_l/wrist_flex_l/value, weight: 0.0
[2023-12-05 23:47:29.533] [cout] [info]         state: /jointset/radius_hand_l/wrist_dev_l/value, weight: 0.0
[2023-12-05 23:47:29.533] [cout] [info]         state: /jointset/ground_pelvis/pelvis_tilt/speed, weight: 7.5
[2023-12-05 23:47:29.533] [cout] [info]         state: /jointset/ground_pelvis/pelvis_list/speed, weight: 2.5
[2023-12-05 23:47:29.533] [cout] [info]         state: /jointset/ground_pelvis/pelvis_rotation/speed, weight: 0.5
[2023-12-05 23:47:29.533] [cout] [info]         state: /jointset/ground_pelvis/pelvis_tx/speed, weight: 0.25
[2023-12-05 23:47:29.533] [cout] [info]         state: /jointset/ground_pelvis/pelvis_ty/speed, weight: 1.0
[2023-12-05 23:47:29.533] [cout] [info]         state: /jointset/ground_pelvis/pelvis_tz/speed, weight: 0.25
[2023-12-05 23:47:29.533] [cout] [info]         state: /jointset/hip_r/hip_flexion_r/speed, weight: 0.75
[2023-12-05 23:47:29.533] [cout] [info]         state: /jointset/hip_r/hip_adduction_r/speed, weight: 0.5
[2023-12-05 23:47:29.533] [cout] [info]         state: /jointset/hip_r/hip_rotation_r/speed, weight: 0.1
[2023-12-05 23:47:29.533] [cout] [info]         state: /jointset/knee_r/knee_angle_r/speed, weight: 0.1
[2023-12-05 23:47:29.533] [cout] [info]         state: /jointset/ankle_r/ankle_angle_r/speed, weight: 0.1
[2023-12-05 23:47:29.533] [cout] [info]         state: /jointset/subtalar_r/subtalar_angle_r/speed, weight: 0.0
[2023-12-05 23:47:29.533] [cout] [info]         state: /jointset/mtp_r/mtp_angle_r/speed, weight: 0.0
[2023-12-05 23:47:29.533] [cout] [info]         state: /jointset/hip_l/hip_flexion_l/speed, weight: 0.75
[2023-12-05 23:47:29.533] [cout] [info]         state: /jointset/hip_l/hip_adduction_l/speed, weight: 0.5
[2023-12-05 23:47:29.533] [cout] [info]         state: /jointset/hip_l/hip_rotation_l/speed, weight: 0.1
[2023-12-05 23:47:29.533] [cout] [info]         state: /jointset/knee_l/knee_angle_l/speed, weight: 0.1
[2023-12-05 23:47:29.533] [cout] [info]         state: /jointset/ankle_l/ankle_angle_l/speed, weight: 0.1
[2023-12-05 23:47:29.533] [cout] [info]         state: /jointset/subtalar_l/subtalar_angle_l/speed, weight: 0.0
[2023-12-05 23:47:29.533] [cout] [info]         state: /jointset/mtp_l/mtp_angle_l/speed, weight: 0.0
[2023-12-05 23:47:29.533] [cout] [info]         state: /jointset/back/lumbar_extension/speed, weight: 0.75
[2023-12-05 23:47:29.533] [cout] [info]         state: /jointset/back/lumbar_bending/speed, weight: 0.5
[2023-12-05 23:47:29.533] [cout] [info]         state: /jointset/back/lumbar_rotation/speed, weight: 0.25
[2023-12-05 23:47:29.533] [cout] [info]         state: /jointset/acromial_r/arm_flex_r/speed, weight: 0.01
[2023-12-05 23:47:29.533] [cout] [info]         state: /jointset/acromial_r/arm_add_r/speed, weight: 0.01
[2023-12-05 23:47:29.533] [cout] [info]         state: /jointset/acromial_r/arm_rot_r/speed, weight: 0.01
[2023-12-05 23:47:29.533] [cout] [info]         state: /jointset/elbow_r/elbow_flex_r/speed, weight: 0.01
[2023-12-05 23:47:29.533] [cout] [info]         state: /jointset/radioulnar_r/pro_sup_r/speed, weight: 0.01
[2023-12-05 23:47:29.533] [cout] [info]         state: /jointset/radius_hand_r/wrist_flex_r/speed, weight: 0.0
[2023-12-05 23:47:29.533] [cout] [info]         state: /jointset/radius_hand_r/wrist_dev_r/speed, weight: 0.0
[2023-12-05 23:47:29.533] [cout] [info]         state: /jointset/acromial_l/arm_flex_l/speed, weight: 0.01
[2023-12-05 23:47:29.533] [cout] [info]         state: /jointset/acromial_l/arm_add_l/speed, weight: 0.01
[2023-12-05 23:47:29.533] [cout] [info]         state: /jointset/acromial_l/arm_rot_l/speed, weight: 0.01
[2023-12-05 23:47:29.533] [cout] [info]         state: /jointset/elbow_l/elbow_flex_l/speed, weight: 0.01
[2023-12-05 23:47:29.533] [cout] [info]         state: /jointset/radioulnar_l/pro_sup_l/speed, weight: 0.01
[2023-12-05 23:47:29.533] [cout] [info]         state: /jointset/radius_hand_l/wrist_flex_l/speed, weight: 0.0
[2023-12-05 23:47:29.533] [cout] [info]         state: /jointset/radius_hand_l/wrist_dev_l/speed, weight: 0.0
[2023-12-05 23:47:29.533] [cout] [info]   control_effort. MocoControlGoal, enabled: true, mode: cost, weight: 0.00100000
[2023-12-05 23:47:29.533] [cout] [info]         control: /forceset/pelvis_tx_actuator, weight: 1.0
[2023-12-05 23:47:29.533] [cout] [info]         control: /forceset/pelvis_ty_actuator, weight: 1.0
[2023-12-05 23:47:29.533] [cout] [info]         control: /forceset/pelvis_tz_actuator, weight: 1.0
[2023-12-05 23:47:29.533] [cout] [info]         control: /forceset/pelvis_tilt_actuator, weight: 1.0
[2023-12-05 23:47:29.533] [cout] [info]         control: /forceset/pelvis_list_actuator, weight: 1.0
[2023-12-05 23:47:29.533] [cout] [info]         control: /forceset/pelvis_rotation_actuator, weight: 1.0
[2023-12-05 23:47:29.533] [cout] [info]         control: /forceset/hip_flexion_r_actuator, weight: 1.0
[2023-12-05 23:47:29.533] [cout] [info]         control: /forceset/hip_adduction_r_actuator, weight: 1.0
[2023-12-05 23:47:29.533] [cout] [info]         control: /forceset/hip_rotation_r_actuator, weight: 1.0
[2023-12-05 23:47:29.533] [cout] [info]         control: /forceset/knee_angle_r_actuator, weight: 1.0
[2023-12-05 23:47:29.533] [cout] [info]         control: /forceset/ankle_angle_r_actuator, weight: 1.0
[2023-12-05 23:47:29.533] [cout] [info]         control: /forceset/hip_flexion_l_actuator, weight: 1.0
[2023-12-05 23:47:29.533] [cout] [info]         control: /forceset/hip_adduction_l_actuator, weight: 1.0
[2023-12-05 23:47:29.533] [cout] [info]         control: /forceset/hip_rotation_l_actuator, weight: 1.0
[2023-12-05 23:47:29.533] [cout] [info]         control: /forceset/knee_angle_l_actuator, weight: 1.0
[2023-12-05 23:47:29.533] [cout] [info]         control: /forceset/ankle_angle_l_actuator, weight: 1.0
[2023-12-05 23:47:29.533] [cout] [info]         control: /forceset/lumbar_extension_actuator, weight: 1.0
[2023-12-05 23:47:29.533] [cout] [info]         control: /forceset/lumbar_bending_actuator, weight: 1.0
[2023-12-05 23:47:29.533] [cout] [info]         control: /forceset/lumbar_rotation_actuator, weight: 1.0
[2023-12-05 23:47:29.534] [cout] [info]         control: /forceset/arm_flex_r_actuator, weight: 1.0
[2023-12-05 23:47:29.534] [cout] [info]         control: /forceset/arm_add_r_actuator, weight: 1.0
[2023-12-05 23:47:29.534] [cout] [info]         control: /forceset/arm_rot_r_actuator, weight: 1.0
[2023-12-05 23:47:29.534] [cout] [info]         control: /forceset/elbow_flex_r_actuator, weight: 1.0
[2023-12-05 23:47:29.534] [cout] [info]         control: /forceset/pro_sup_r_actuator, weight: 1.0
[2023-12-05 23:47:29.534] [cout] [info]         control: /forceset/arm_flex_l_actuator, weight: 1.0
[2023-12-05 23:47:29.534] [cout] [info]         control: /forceset/arm_add_l_actuator, weight: 1.0
[2023-12-05 23:47:29.534] [cout] [info]         control: /forceset/arm_rot_l_actuator, weight: 1.0
[2023-12-05 23:47:29.534] [cout] [info]         control: /forceset/elbow_flex_l_actuator, weight: 1.0
[2023-12-05 23:47:29.534] [cout] [info]         control: /forceset/pro_sup_l_actuator, weight: 1.0
[2023-12-05 23:47:29.534] [cout] [info] Endpoint constraints: none
[2023-12-05 23:47:29.534] [cout] [info] Kinematic constraints: (total: 8)
[2023-12-05 23:47:29.534] [cout] [info]   kinematic_constraint_cid27. MocoConstraintInfo. number of scalar equations: 3. bounds: 0, 0, 0
[2023-12-05 23:47:29.534] [cout] [info]   kinematic_constraint_cid28. MocoConstraintInfo. number of scalar equations: 3. bounds: 0, 0, 0
[2023-12-05 23:47:29.534] [cout] [info]   kinematic_constraint_cid31. MocoConstraintInfo. number of scalar equations: 3. bounds: 0, 0, 0
[2023-12-05 23:47:29.534] [cout] [info]   kinematic_constraint_cid32. MocoConstraintInfo. number of scalar equations: 3. bounds: 0, 0, 0
[2023-12-05 23:47:29.534] [cout] [info]   kinematic_constraint_cid33. MocoConstraintInfo. number of scalar equations: 3. bounds: 0, 0, 0
[2023-12-05 23:47:29.534] [cout] [info]   kinematic_constraint_cid34. MocoConstraintInfo. number of scalar equations: 3. bounds: 0, 0, 0
[2023-12-05 23:47:29.534] [cout] [info]   kinematic_constraint_cid35. MocoConstraintInfo. number of scalar equations: 3. bounds: 0, 0, 0
[2023-12-05 23:47:29.534] [cout] [info]   kinematic_constraint_cid36. MocoConstraintInfo. number of scalar equations: 3. bounds: 0, 0, 0
[2023-12-05 23:47:29.534] [cout] [info] Path constraints: none
[2023-12-05 23:47:29.534] [cout] [info] States: (total: 74)
[2023-12-05 23:47:29.534] [cout] [info]   /jointset/ground_pelvis/pelvis_tilt/value. bounds: [-0.374062, 0.134487]
[2023-12-05 23:47:29.534] [cout] [info]   /jointset/ground_pelvis/pelvis_list/value. bounds: [-0.31441, 0.301673]
[2023-12-05 23:47:29.534] [cout] [info]   /jointset/radioulnar_r/pro_sup_r/value. bounds: [1.47892, 1.99532]
[2023-12-05 23:47:29.534] [cout] [info]   /jointset/ground_pelvis/pelvis_rotation/value. bounds: [-0.260349, 0.34966]
[2023-12-05 23:47:29.534] [cout] [info]   /jointset/ground_pelvis/pelvis_tx/value. bounds: [0.658706, 1.1446]
[2023-12-05 23:47:29.534] [cout] [info]   /jointset/elbow_r/elbow_flex_r/value. bounds: [1.29516, 2.55398]
[2023-12-05 23:47:29.534] [cout] [info]   /jointset/ground_pelvis/pelvis_ty/value. bounds: [0.857467, 1.161]
[2023-12-05 23:47:29.534] [cout] [info]   /jointset/radius_hand_l/wrist_flex_l/speed. bounds: [-50, 50]
[2023-12-05 23:47:29.534] [cout] [info]   /jointset/ground_pelvis/pelvis_tz/value. bounds: [-0.572207, -0.127763]
[2023-12-05 23:47:29.534] [cout] [info]   /jointset/hip_r/hip_adduction_r/speed. bounds: [-50, 50]
[2023-12-05 23:47:29.534] [cout] [info]   /jointset/ankle_r/ankle_angle_r/value. bounds: [-0.647617, 0.684005]
[2023-12-05 23:47:29.534] [cout] [info]   /jointset/hip_r/hip_flexion_r/value. bounds: [-0.552611, 1.17956]
[2023-12-05 23:47:29.534] [cout] [info]   /jointset/hip_r/hip_adduction_r/value. bounds: [-0.163445, 0.398732]
[2023-12-05 23:47:29.534] [cout] [info]   /jointset/back/lumbar_rotation/speed. bounds: [-50, 50]
[2023-12-05 23:47:29.534] [cout] [info]   /jointset/hip_r/hip_rotation_r/value. bounds: [-0.220955, 0.274792]
[2023-12-05 23:47:29.534] [cout] [info]   /jointset/mtp_l/mtp_angle_l/speed. bounds: [-50, 50]
[2023-12-05 23:47:29.534] [cout] [info]   /jointset/knee_r/knee_angle_r/value. bounds: [-2.44544, 0.113937]
[2023-12-05 23:47:29.534] [cout] [info]   /jointset/subtalar_r/subtalar_angle_r/value. bounds: [-1.5708, 1.5708]
[2023-12-05 23:47:29.534] [cout] [info]   /jointset/hip_l/hip_flexion_l/value. bounds: [-0.561503, 1.11188]
[2023-12-05 23:47:29.534] [cout] [info]   /jointset/hip_l/hip_adduction_l/value. bounds: [-0.184277, 0.412735]
[2023-12-05 23:47:29.534] [cout] [info]   /jointset/hip_l/hip_rotation_l/value. bounds: [-0.164216, 0.306189]
[2023-12-05 23:47:29.534] [cout] [info]   /jointset/knee_l/knee_angle_l/value. bounds: [-2.32107, 0.0896753]
[2023-12-05 23:47:29.534] [cout] [info]   /jointset/knee_r/knee_angle_r/speed. bounds: [-50, 50]
[2023-12-05 23:47:29.534] [cout] [info]   /jointset/ankle_l/ankle_angle_l/value. bounds: [-0.631969, 0.660855]
[2023-12-05 23:47:29.534] [cout] [info]   /jointset/back/lumbar_extension/value. bounds: [-0.337027, 0.26866]
[2023-12-05 23:47:29.534] [cout] [info]   /jointset/back/lumbar_bending/value. bounds: [-0.241819, 0.325234]
[2023-12-05 23:47:29.534] [cout] [info]   /jointset/back/lumbar_rotation/value. bounds: [-0.359124, 0.444165]
[2023-12-05 23:47:29.534] [cout] [info]   /jointset/acromial_r/arm_flex_r/value. bounds: [-1.04096, -0.210398]
[2023-12-05 23:47:29.534] [cout] [info]   /jointset/acromial_r/arm_add_r/value. bounds: [-0.538091, -0.0567304]
[2023-12-05 23:47:29.534] [cout] [info]   /jointset/acromial_r/arm_rot_r/value. bounds: [-0.607827, 0.17132]
[2023-12-05 23:47:29.534] [cout] [info]   /jointset/acromial_l/arm_flex_l/value. bounds: [-1.0001, -0.0971289]
[2023-12-05 23:47:29.534] [cout] [info]   /jointset/acromial_l/arm_add_l/value. bounds: [-0.584124, -0.0584312]
[2023-12-05 23:47:29.534] [cout] [info]   /jointset/acromial_l/arm_rot_l/value. bounds: [-0.364836, 0.27665]
[2023-12-05 23:47:29.534] [cout] [info]   /jointset/elbow_l/elbow_flex_l/value. bounds: [1.51495, 2.70244]
[2023-12-05 23:47:29.534] [cout] [info]   /jointset/radioulnar_l/pro_sup_l/value. bounds: [1.38252, 1.91421]
[2023-12-05 23:47:29.534] [cout] [info]   /jointset/ground_pelvis/pelvis_tilt/speed. bounds: [-50, 50]
[2023-12-05 23:47:29.534] [cout] [info]   /jointset/ground_pelvis/pelvis_list/speed. bounds: [-50, 50]
[2023-12-05 23:47:29.534] [cout] [info]   /jointset/radioulnar_r/pro_sup_r/speed. bounds: [-50, 50]
[2023-12-05 23:47:29.534] [cout] [info]   /jointset/ground_pelvis/pelvis_rotation/speed. bounds: [-50, 50]
[2023-12-05 23:47:29.534] [cout] [info]   /jointset/ground_pelvis/pelvis_tx/speed. bounds: [-50, 50]
[2023-12-05 23:47:29.534] [cout] [info]   /jointset/elbow_r/elbow_flex_r/speed. bounds: [-50, 50]
[2023-12-05 23:47:29.534] [cout] [info]   /jointset/ground_pelvis/pelvis_ty/speed. bounds: [-50, 50]
[2023-12-05 23:47:29.534] [cout] [info]   /jointset/ground_pelvis/pelvis_tz/speed. bounds: [-50, 50]
[2023-12-05 23:47:29.534] [cout] [info]   /jointset/ankle_r/ankle_angle_r/speed. bounds: [-50, 50]
[2023-12-05 23:47:29.534] [cout] [info]   /jointset/hip_r/hip_flexion_r/speed. bounds: [-50, 50]
[2023-12-05 23:47:29.534] [cout] [info]   /jointset/hip_r/hip_rotation_r/speed. bounds: [-50, 50]
[2023-12-05 23:47:29.534] [cout] [info]   /jointset/hip_l/hip_flexion_l/speed. bounds: [-50, 50]
[2023-12-05 23:47:29.534] [cout] [info]   /jointset/subtalar_r/subtalar_angle_r/speed. bounds: [-50, 50]
[2023-12-05 23:47:29.534] [cout] [info]   /jointset/mtp_r/mtp_angle_r/value. bounds: [-1.5708, 1.5708]
[2023-12-05 23:47:29.534] [cout] [info]   /jointset/mtp_r/mtp_angle_r/speed. bounds: [-50, 50]
[2023-12-05 23:47:29.534] [cout] [info]   /jointset/hip_l/hip_adduction_l/speed. bounds: [-50, 50]
[2023-12-05 23:47:29.534] [cout] [info]   /jointset/hip_l/hip_rotation_l/speed. bounds: [-50, 50]
[2023-12-05 23:47:29.534] [cout] [info]   /jointset/knee_l/knee_angle_l/speed. bounds: [-50, 50]
[2023-12-05 23:47:29.534] [cout] [info]   /jointset/ankle_l/ankle_angle_l/speed. bounds: [-50, 50]
[2023-12-05 23:47:29.534] [cout] [info]   /jointset/subtalar_l/subtalar_angle_l/value. bounds: [-1.5708, 1.5708]
[2023-12-05 23:47:29.535] [cout] [info]   /jointset/subtalar_l/subtalar_angle_l/speed. bounds: [-50, 50]
[2023-12-05 23:47:29.535] [cout] [info]   /jointset/mtp_l/mtp_angle_l/value. bounds: [-1.0472, 1.0472]
[2023-12-05 23:47:29.535] [cout] [info]   /jointset/back/lumbar_extension/speed. bounds: [-50, 50]
[2023-12-05 23:47:29.535] [cout] [info]   /jointset/back/lumbar_bending/speed. bounds: [-50, 50]
[2023-12-05 23:47:29.535] [cout] [info]   /jointset/acromial_r/arm_flex_r/speed. bounds: [-50, 50]
[2023-12-05 23:47:29.535] [cout] [info]   /jointset/acromial_r/arm_add_r/speed. bounds: [-50, 50]
[2023-12-05 23:47:29.535] [cout] [info]   /jointset/acromial_r/arm_rot_r/speed. bounds: [-50, 50]
[2023-12-05 23:47:29.535] [cout] [info]   /jointset/radius_hand_r/wrist_flex_r/value. bounds: [-1.22173, 1.22173]
[2023-12-05 23:47:29.535] [cout] [info]   /jointset/radius_hand_r/wrist_flex_r/speed. bounds: [-50, 50]
[2023-12-05 23:47:29.535] [cout] [info]   /jointset/radius_hand_r/wrist_dev_r/value. bounds: [-0.436332, 0.610865]
[2023-12-05 23:47:29.535] [cout] [info]   /jointset/radius_hand_r/wrist_dev_r/speed. bounds: [-50, 50]
[2023-12-05 23:47:29.535] [cout] [info]   /jointset/acromial_l/arm_flex_l/speed. bounds: [-50, 50]
[2023-12-05 23:47:29.535] [cout] [info]   /jointset/acromial_l/arm_add_l/speed. bounds: [-50, 50]
[2023-12-05 23:47:29.535] [cout] [info]   /jointset/acromial_l/arm_rot_l/speed. bounds: [-50, 50]
[2023-12-05 23:47:29.535] [cout] [info]   /jointset/elbow_l/elbow_flex_l/speed. bounds: [-50, 50]
[2023-12-05 23:47:29.535] [cout] [info]   /jointset/radioulnar_l/pro_sup_l/speed. bounds: [-50, 50]
[2023-12-05 23:47:29.535] [cout] [info]   /jointset/radius_hand_l/wrist_flex_l/value. bounds: [-1.22173, 1.22173]
[2023-12-05 23:47:29.535] [cout] [info]   /jointset/radius_hand_l/wrist_dev_l/value. bounds: [-0.436332, 0.610865]
[2023-12-05 23:47:29.535] [cout] [info]   /jointset/radius_hand_l/wrist_dev_l/speed. bounds: [-50, 50]
[2023-12-05 23:47:29.535] [cout] [info] Controls: (total: 29)
[2023-12-05 23:47:29.535] [cout] [info]   /forceset/pelvis_tx_actuator. bounds: [-10000, 10000]
[2023-12-05 23:47:29.535] [cout] [info]   /forceset/pelvis_ty_actuator. bounds: [-10000, 10000]
[2023-12-05 23:47:29.535] [cout] [info]   /forceset/pelvis_tz_actuator. bounds: [-10000, 10000]
[2023-12-05 23:47:29.535] [cout] [info]   /forceset/arm_flex_r_actuator. bounds: [-1, 1]
[2023-12-05 23:47:29.535] [cout] [info]   /forceset/hip_rotation_r_actuator. bounds: [-1, 1]
[2023-12-05 23:47:29.535] [cout] [info]   /forceset/pelvis_tilt_actuator. bounds: [-10000, 10000]
[2023-12-05 23:47:29.535] [cout] [info]   /forceset/pelvis_list_actuator. bounds: [-10000, 10000]
[2023-12-05 23:47:29.535] [cout] [info]   /forceset/pelvis_rotation_actuator. bounds: [-10000, 10000]
[2023-12-05 23:47:29.535] [cout] [info]   /forceset/elbow_flex_l_actuator. bounds: [-1, 1]
[2023-12-05 23:47:29.535] [cout] [info]   /forceset/hip_adduction_l_actuator. bounds: [-1, 1]
[2023-12-05 23:47:29.535] [cout] [info]   /forceset/hip_flexion_r_actuator. bounds: [-1, 1]
[2023-12-05 23:47:29.535] [cout] [info]   /forceset/elbow_flex_r_actuator. bounds: [-1, 1]
[2023-12-05 23:47:29.535] [cout] [info]   /forceset/hip_flexion_l_actuator. bounds: [-1, 1]
[2023-12-05 23:47:29.535] [cout] [info]   /forceset/hip_adduction_r_actuator. bounds: [-1, 1]
[2023-12-05 23:47:29.535] [cout] [info]   /forceset/knee_angle_r_actuator. bounds: [-1, 1]
[2023-12-05 23:47:29.535] [cout] [info]   /forceset/lumbar_rotation_actuator. bounds: [-1, 1]
[2023-12-05 23:47:29.535] [cout] [info]   /forceset/ankle_angle_r_actuator. bounds: [-1, 1]
[2023-12-05 23:47:29.535] [cout] [info]   /forceset/arm_flex_l_actuator. bounds: [-1, 1]
[2023-12-05 23:47:29.535] [cout] [info]   /forceset/hip_rotation_l_actuator. bounds: [-1, 1]
[2023-12-05 23:47:29.535] [cout] [info]   /forceset/knee_angle_l_actuator. bounds: [-1, 1]
[2023-12-05 23:47:29.535] [cout] [info]   /forceset/ankle_angle_l_actuator. bounds: [-1, 1]
[2023-12-05 23:47:29.535] [cout] [info]   /forceset/lumbar_extension_actuator. bounds: [-1, 1]
[2023-12-05 23:47:29.535] [cout] [info]   /forceset/lumbar_bending_actuator. bounds: [-1, 1]
[2023-12-05 23:47:29.535] [cout] [info]   /forceset/arm_add_r_actuator. bounds: [-1, 1]
[2023-12-05 23:47:29.535] [cout] [info]   /forceset/arm_rot_r_actuator. bounds: [-1, 1]
[2023-12-05 23:47:29.535] [cout] [info]   /forceset/pro_sup_r_actuator. bounds: [-1, 1]
[2023-12-05 23:47:29.535] [cout] [info]   /forceset/arm_add_l_actuator. bounds: [-1, 1]
[2023-12-05 23:47:29.535] [cout] [info]   /forceset/arm_rot_l_actuator. bounds: [-1, 1]
[2023-12-05 23:47:29.535] [cout] [info]   /forceset/pro_sup_l_actuator. bounds: [-1, 1]
[2023-12-05 23:47:29.535] [cout] [info] Parameters: none
[2023-12-05 23:47:29.604] [info] ExternalForce::externalforce Data source being set to Run_500 03_newCOP3_v24.mot
[2023-12-05 23:47:29.604] [info] ExternalForce::externalforce_0 Data source being set to Run_500 03_newCOP3_v24.mot
[2023-12-05 23:47:29.678] [info] ExternalForce::externalforce Data source being set to Run_500 03_newCOP3_v24.mot
[2023-12-05 23:47:29.678] [info] ExternalForce::externalforce_0 Data source being set to Run_500 03_newCOP3_v24.mot
[2023-12-05 23:47:29.767] [info] ExternalForce::externalforce Data source being set to Run_500 03_newCOP3_v24.mot
[2023-12-05 23:47:29.767] [info] ExternalForce::externalforce_0 Data source being set to Run_500 03_newCOP3_v24.mot
[2023-12-05 23:47:29.846] [info] ExternalForce::externalforce Data source being set to Run_500 03_newCOP3_v24.mot
[2023-12-05 23:47:29.846] [info] ExternalForce::externalforce_0 Data source being set to Run_500 03_newCOP3_v24.mot
[2023-12-05 23:47:29.933] [info] ExternalForce::externalforce Data source being set to Run_500 03_newCOP3_v24.mot
[2023-12-05 23:47:29.933] [info] ExternalForce::externalforce_0 Data source being set to Run_500 03_newCOP3_v24.mot
[2023-12-05 23:47:30.013] [info] ExternalForce::externalforce Data source being set to Run_500 03_newCOP3_v24.mot
[2023-12-05 23:47:30.013] [info] ExternalForce::externalforce_0 Data source being set to Run_500 03_newCOP3_v24.mot
[2023-12-05 23:47:30.101] [info] ExternalForce::externalforce Data source being set to Run_500 03_newCOP3_v24.mot
[2023-12-05 23:47:30.101] [info] ExternalForce::externalforce_0 Data source being set to Run_500 03_newCOP3_v24.mot
[2023-12-05 23:47:30.180] [info] ExternalForce::externalforce Data source being set to Run_500 03_newCOP3_v24.mot
[2023-12-05 23:47:30.180] [info] ExternalForce::externalforce_0 Data source being set to Run_500 03_newCOP3_v24.mot
[2023-12-05 23:47:30.278] [info] ExternalForce::externalforce Data source being set to Run_500 03_newCOP3_v24.mot
[2023-12-05 23:47:30.278] [info] ExternalForce::externalforce_0 Data source being set to Run_500 03_newCOP3_v24.mot
[2023-12-05 23:47:30.357] [info] ExternalForce::externalforce Data source being set to Run_500 03_newCOP3_v24.mot
[2023-12-05 23:47:30.357] [info] ExternalForce::externalforce_0 Data source being set to Run_500 03_newCOP3_v24.mot
[2023-12-05 23:47:30.445] [info] ExternalForce::externalforce Data source being set to Run_500 03_newCOP3_v24.mot
[2023-12-05 23:47:30.445] [info] ExternalForce::externalforce_0 Data source being set to Run_500 03_newCOP3_v24.mot
[2023-12-05 23:47:30.522] [info] ExternalForce::externalforce Data source being set to Run_500 03_newCOP3_v24.mot
[2023-12-05 23:47:30.522] [info] ExternalForce::externalforce_0 Data source being set to Run_500 03_newCOP3_v24.mot
[2023-12-05 23:47:30.607] [info] ExternalForce::externalforce Data source being set to Run_500 03_newCOP3_v24.mot
[2023-12-05 23:47:30.607] [info] ExternalForce::externalforce_0 Data source being set to Run_500 03_newCOP3_v24.mot
[2023-12-05 23:47:30.684] [info] ExternalForce::externalforce Data source being set to Run_500 03_newCOP3_v24.mot
[2023-12-05 23:47:30.685] [info] ExternalForce::externalforce_0 Data source being set to Run_500 03_newCOP3_v24.mot
[2023-12-05 23:47:30.771] [info] ExternalForce::externalforce Data source being set to Run_500 03_newCOP3_v24.mot
[2023-12-05 23:47:30.771] [info] ExternalForce::externalforce_0 Data source being set to Run_500 03_newCOP3_v24.mot
[2023-12-05 23:47:30.847] [info] ExternalForce::externalforce Data source being set to Run_500 03_newCOP3_v24.mot
[2023-12-05 23:47:30.847] [info] ExternalForce::externalforce_0 Data source being set to Run_500 03_newCOP3_v24.mot
[2023-12-05 23:47:30.866] [info] Number of threads: 8
[2023-12-06 00:01:57.683] [info] Set log level to Info.
[2023-12-06 00:01:57.700] [info] ------------------------------------------------------------------------
[2023-12-06 00:01:57.700] [info] Elapsed real time: 868 second(s) (14 minute(s), 28 second(s)).
[2023-12-06 00:01:57.700] [info] Wed Dec  6 00:01:57 2023
[2023-12-06 00:01:57.700] [info] MocoCasADiSolver succeeded!
[2023-12-06 00:01:57.700] [info] ========================================================================
