[2023-03-10 19:53:08.073] [info] ExternalForce::externalforce Data source being set to Run_500 02_newCOP3_v24.mot
[2023-03-10 19:53:08.073] [info] ExternalForce::externalforce_0 Data source being set to Run_500 02_newCOP3_v24.mot
[2023-03-10 19:53:08.278] [info] ExternalForce::externalforce Data source being set to Run_500 02_newCOP3_v24.mot
[2023-03-10 19:53:08.278] [info] ExternalForce::externalforce_0 Data source being set to Run_500 02_newCOP3_v24.mot
[2023-03-10 19:53:08.393] [info] ExternalForce::externalforce Data source being set to Run_500 02_newCOP3_v24.mot
[2023-03-10 19:53:08.393] [info] ExternalForce::externalforce_0 Data source being set to Run_500 02_newCOP3_v24.mot
[2023-03-10 19:53:08.484] [info] ExternalForce::externalforce Data source being set to Run_500 02_newCOP3_v24.mot
[2023-03-10 19:53:08.484] [info] ExternalForce::externalforce_0 Data source being set to Run_500 02_newCOP3_v24.mot
[2023-03-10 19:53:08.572] [info] ExternalForce::externalforce Data source being set to Run_500 02_newCOP3_v24.mot
[2023-03-10 19:53:08.572] [info] ExternalForce::externalforce_0 Data source being set to Run_500 02_newCOP3_v24.mot
[2023-03-10 19:53:08.670] [info] ExternalForce::externalforce Data source being set to Run_500 02_newCOP3_v24.mot
[2023-03-10 19:53:08.670] [info] ExternalForce::externalforce_0 Data source being set to Run_500 02_newCOP3_v24.mot
[2023-03-10 19:53:08.770] [info] ExternalForce::externalforce Data source being set to Run_500 02_newCOP3_v24.mot
[2023-03-10 19:53:08.770] [info] ExternalForce::externalforce_0 Data source being set to Run_500 02_newCOP3_v24.mot
[2023-03-10 19:53:08.881] [info] ExternalForce::externalforce Data source being set to Run_500 02_newCOP3_v24.mot
[2023-03-10 19:53:08.881] [info] ExternalForce::externalforce_0 Data source being set to Run_500 02_newCOP3_v24.mot
[2023-03-10 19:53:08.978] [info] ExternalForce::externalforce Data source being set to Run_500 02_newCOP3_v24.mot
[2023-03-10 19:53:08.978] [info] ExternalForce::externalforce_0 Data source being set to Run_500 02_newCOP3_v24.mot
[2023-03-10 19:53:09.062] [info] ExternalForce::externalforce Data source being set to Run_500 02_newCOP3_v24.mot
[2023-03-10 19:53:09.062] [info] ExternalForce::externalforce_0 Data source being set to Run_500 02_newCOP3_v24.mot
[2023-03-10 19:53:09.178] [info] ExternalForce::externalforce Data source being set to Run_500 02_newCOP3_v24.mot
[2023-03-10 19:53:09.178] [info] ExternalForce::externalforce_0 Data source being set to Run_500 02_newCOP3_v24.mot
[2023-03-10 19:53:09.262] [info] ExternalForce::externalforce Data source being set to Run_500 02_newCOP3_v24.mot
[2023-03-10 19:53:09.262] [info] ExternalForce::externalforce_0 Data source being set to Run_500 02_newCOP3_v24.mot
[2023-03-10 19:53:09.367] [info] ExternalForce::externalforce Data source being set to Run_500 02_newCOP3_v24.mot
[2023-03-10 19:53:09.367] [info] ExternalForce::externalforce_0 Data source being set to Run_500 02_newCOP3_v24.mot
[2023-03-10 19:53:09.455] [info] ExternalForce::externalforce Data source being set to Run_500 02_newCOP3_v24.mot
[2023-03-10 19:53:09.455] [info] ExternalForce::externalforce_0 Data source being set to Run_500 02_newCOP3_v24.mot
[2023-03-10 19:53:09.539] [info] ExternalForce::externalforce Data source being set to Run_500 02_newCOP3_v24.mot
[2023-03-10 19:53:09.539] [info] ExternalForce::externalforce_0 Data source being set to Run_500 02_newCOP3_v24.mot
[2023-03-10 19:53:09.649] [info] ExternalForce::externalforce Data source being set to Run_500 02_newCOP3_v24.mot
[2023-03-10 19:53:09.649] [info] ExternalForce::externalforce_0 Data source being set to Run_500 02_newCOP3_v24.mot
[2023-03-10 19:53:09.765] [info] ExternalForce::externalforce Data source being set to Run_500 02_newCOP3_v24.mot
[2023-03-10 19:53:09.765] [info] ExternalForce::externalforce_0 Data source being set to Run_500 02_newCOP3_v24.mot
[2023-03-10 19:53:09.862] [info] ExternalForce::externalforce Data source being set to Run_500 02_newCOP3_v24.mot
[2023-03-10 19:53:09.862] [info] ExternalForce::externalforce_0 Data source being set to Run_500 02_newCOP3_v24.mot
[2023-03-10 19:53:09.966] [info] ExternalForce::externalforce Data source being set to Run_500 02_newCOP3_v24.mot
[2023-03-10 19:53:09.966] [info] ExternalForce::externalforce_0 Data source being set to Run_500 02_newCOP3_v24.mot
[2023-03-10 19:53:10.061] [info] ExternalForce::externalforce Data source being set to Run_500 02_newCOP3_v24.mot
[2023-03-10 19:53:10.061] [info] ExternalForce::externalforce_0 Data source being set to Run_500 02_newCOP3_v24.mot
[2023-03-10 19:53:10.150] [info] ExternalForce::externalforce Data source being set to Run_500 02_newCOP3_v24.mot
[2023-03-10 19:53:10.150] [info] ExternalForce::externalforce_0 Data source being set to Run_500 02_newCOP3_v24.mot
[2023-03-10 19:53:10.256] [info] ExternalForce::externalforce Data source being set to Run_500 02_newCOP3_v24.mot
[2023-03-10 19:53:10.256] [info] ExternalForce::externalforce_0 Data source being set to Run_500 02_newCOP3_v24.mot
[2023-03-10 19:53:10.615] [info] ExternalForce::externalforce Data source being set to Run_500 02_newCOP3_v24.mot
[2023-03-10 19:53:10.615] [info] ExternalForce::externalforce_0 Data source being set to Run_500 02_newCOP3_v24.mot
[2023-03-10 19:53:10.753] [info] ExternalForce::externalforce Data source being set to Run_500 02_newCOP3_v24.mot
[2023-03-10 19:53:10.753] [info] ExternalForce::externalforce_0 Data source being set to Run_500 02_newCOP3_v24.mot
[2023-03-10 19:53:10.861] [info] ExternalForce::externalforce Data source being set to Run_500 02_newCOP3_v24.mot
[2023-03-10 19:53:10.861] [info] ExternalForce::externalforce_0 Data source being set to Run_500 02_newCOP3_v24.mot
[2023-03-10 19:53:10.988] [info] ExternalForce::externalforce Data source being set to Run_500 02_newCOP3_v24.mot
[2023-03-10 19:53:10.988] [info] ExternalForce::externalforce_0 Data source being set to Run_500 02_newCOP3_v24.mot
[2023-03-10 19:53:11.100] [info] ExternalForce::externalforce Data source being set to Run_500 02_newCOP3_v24.mot
[2023-03-10 19:53:11.100] [info] ExternalForce::externalforce_0 Data source being set to Run_500 02_newCOP3_v24.mot
[2023-03-10 19:53:11.193] [info] ExternalForce::externalforce Data source being set to Run_500 02_newCOP3_v24.mot
[2023-03-10 19:53:11.193] [info] ExternalForce::externalforce_0 Data source being set to Run_500 02_newCOP3_v24.mot
[2023-03-10 19:53:11.296] [info] ExternalForce::externalforce Data source being set to Run_500 02_newCOP3_v24.mot
[2023-03-10 19:53:11.296] [info] ExternalForce::externalforce_0 Data source being set to Run_500 02_newCOP3_v24.mot
[2023-03-10 19:53:11.389] [info] ExternalForce::externalforce Data source being set to Run_500 02_newCOP3_v24.mot
[2023-03-10 19:53:11.389] [info] ExternalForce::externalforce_0 Data source being set to Run_500 02_newCOP3_v24.mot
[2023-03-10 19:53:11.415] [info] ========================================================================
[2023-03-10 19:53:11.415] [info] MocoCasADiSolver starting.
[2023-03-10 19:53:11.415] [info] Fri Mar 10 19:53:11 2023
[2023-03-10 19:53:11.415] [info] ------------------------------------------------------------------------
[2023-03-10 19:53:11.416] [cout] [info] Costs: (total: 2)
[2023-03-10 19:53:11.416] [cout] [info]   state_tracking. MocoStateTrackingGoal, enabled: true, mode: cost, weight: 1.0
[2023-03-10 19:53:11.416] [cout] [info]         state: /jointset/ground_pelvis/pelvis_tilt/value, weight: 750.0
[2023-03-10 19:53:11.416] [cout] [info]         state: /jointset/ground_pelvis/pelvis_list/value, weight: 250.0
[2023-03-10 19:53:11.416] [cout] [info]         state: /jointset/ground_pelvis/pelvis_rotation/value, weight: 50.0
[2023-03-10 19:53:11.416] [cout] [info]         state: /jointset/ground_pelvis/pelvis_tx/value, weight: 25.0
[2023-03-10 19:53:11.416] [cout] [info]         state: /jointset/ground_pelvis/pelvis_ty/value, weight: 100.0
[2023-03-10 19:53:11.416] [cout] [info]         state: /jointset/ground_pelvis/pelvis_tz/value, weight: 25.0
[2023-03-10 19:53:11.416] [cout] [info]         state: /jointset/hip_r/hip_flexion_r/value, weight: 75.0
[2023-03-10 19:53:11.416] [cout] [info]         state: /jointset/hip_r/hip_adduction_r/value, weight: 50.0
[2023-03-10 19:53:11.416] [cout] [info]         state: /jointset/hip_r/hip_rotation_r/value, weight: 10.0
[2023-03-10 19:53:11.416] [cout] [info]         state: /jointset/knee_r/knee_angle_r/value, weight: 10.0
[2023-03-10 19:53:11.416] [cout] [info]         state: /jointset/ankle_r/ankle_angle_r/value, weight: 10.0
[2023-03-10 19:53:11.417] [cout] [info]         state: /jointset/hip_l/hip_flexion_l/value, weight: 75.0
[2023-03-10 19:53:11.417] [cout] [info]         state: /jointset/hip_l/hip_adduction_l/value, weight: 50.0
[2023-03-10 19:53:11.417] [cout] [info]         state: /jointset/hip_l/hip_rotation_l/value, weight: 10.0
[2023-03-10 19:53:11.417] [cout] [info]         state: /jointset/knee_l/knee_angle_l/value, weight: 10.0
[2023-03-10 19:53:11.417] [cout] [info]         state: /jointset/ankle_l/ankle_angle_l/value, weight: 10.0
[2023-03-10 19:53:11.417] [cout] [info]         state: /jointset/back/lumbar_extension/value, weight: 75.0
[2023-03-10 19:53:11.417] [cout] [info]         state: /jointset/back/lumbar_bending/value, weight: 50.0
[2023-03-10 19:53:11.417] [cout] [info]         state: /jointset/back/lumbar_rotation/value, weight: 25.0
[2023-03-10 19:53:11.417] [cout] [info]         state: /jointset/acromial_r/arm_flex_r/value, weight: 1.0
[2023-03-10 19:53:11.417] [cout] [info]         state: /jointset/acromial_r/arm_add_r/value, weight: 1.0
[2023-03-10 19:53:11.417] [cout] [info]         state: /jointset/acromial_r/arm_rot_r/value, weight: 1.0
[2023-03-10 19:53:11.417] [cout] [info]         state: /jointset/elbow_r/elbow_flex_r/value, weight: 1.0
[2023-03-10 19:53:11.417] [cout] [info]         state: /jointset/radioulnar_r/pro_sup_r/value, weight: 1.0
[2023-03-10 19:53:11.417] [cout] [info]         state: /jointset/acromial_l/arm_flex_l/value, weight: 1.0
[2023-03-10 19:53:11.417] [cout] [info]         state: /jointset/acromial_l/arm_add_l/value, weight: 1.0
[2023-03-10 19:53:11.417] [cout] [info]         state: /jointset/acromial_l/arm_rot_l/value, weight: 1.0
[2023-03-10 19:53:11.417] [cout] [info]         state: /jointset/elbow_l/elbow_flex_l/value, weight: 1.0
[2023-03-10 19:53:11.418] [cout] [info]         state: /jointset/radioulnar_l/pro_sup_l/value, weight: 1.0
[2023-03-10 19:53:11.418] [cout] [info]         state: /jointset/subtalar_r/subtalar_angle_r/value, weight: 0.0
[2023-03-10 19:53:11.418] [cout] [info]         state: /jointset/mtp_r/mtp_angle_r/value, weight: 0.0
[2023-03-10 19:53:11.418] [cout] [info]         state: /jointset/subtalar_l/subtalar_angle_l/value, weight: 0.0
[2023-03-10 19:53:11.418] [cout] [info]         state: /jointset/mtp_l/mtp_angle_l/value, weight: 0.0
[2023-03-10 19:53:11.418] [cout] [info]         state: /jointset/radius_hand_r/wrist_flex_r/value, weight: 0.0
[2023-03-10 19:53:11.418] [cout] [info]         state: /jointset/radius_hand_r/wrist_dev_r/value, weight: 0.0
[2023-03-10 19:53:11.418] [cout] [info]         state: /jointset/radius_hand_l/wrist_flex_l/value, weight: 0.0
[2023-03-10 19:53:11.418] [cout] [info]         state: /jointset/radius_hand_l/wrist_dev_l/value, weight: 0.0
[2023-03-10 19:53:11.418] [cout] [info]   control_effort. MocoControlGoal, enabled: true, mode: cost, weight: 0.00100000
[2023-03-10 19:53:11.418] [cout] [info]         control: /forceset/pelvis_tx_actuator, weight: 1.0
[2023-03-10 19:53:11.418] [cout] [info]         control: /forceset/pelvis_ty_actuator, weight: 1.0
[2023-03-10 19:53:11.418] [cout] [info]         control: /forceset/pelvis_tz_actuator, weight: 1.0
[2023-03-10 19:53:11.418] [cout] [info]         control: /forceset/pelvis_tilt_actuator, weight: 1.0
[2023-03-10 19:53:11.418] [cout] [info]         control: /forceset/pelvis_list_actuator, weight: 1.0
[2023-03-10 19:53:11.418] [cout] [info]         control: /forceset/pelvis_rotation_actuator, weight: 1.0
[2023-03-10 19:53:11.418] [cout] [info]         control: /forceset/hip_flexion_r_actuator, weight: 1.0
[2023-03-10 19:53:11.418] [cout] [info]         control: /forceset/hip_adduction_r_actuator, weight: 1.0
[2023-03-10 19:53:11.419] [cout] [info]         control: /forceset/hip_rotation_r_actuator, weight: 1.0
[2023-03-10 19:53:11.419] [cout] [info]         control: /forceset/knee_angle_r_actuator, weight: 1.0
[2023-03-10 19:53:11.419] [cout] [info]         control: /forceset/ankle_angle_r_actuator, weight: 1.0
[2023-03-10 19:53:11.419] [cout] [info]         control: /forceset/hip_flexion_l_actuator, weight: 1.0
[2023-03-10 19:53:11.419] [cout] [info]         control: /forceset/hip_adduction_l_actuator, weight: 1.0
[2023-03-10 19:53:11.419] [cout] [info]         control: /forceset/hip_rotation_l_actuator, weight: 1.0
[2023-03-10 19:53:11.419] [cout] [info]         control: /forceset/knee_angle_l_actuator, weight: 1.0
[2023-03-10 19:53:11.419] [cout] [info]         control: /forceset/ankle_angle_l_actuator, weight: 1.0
[2023-03-10 19:53:11.419] [cout] [info]         control: /forceset/lumbar_extension_actuator, weight: 1.0
[2023-03-10 19:53:11.419] [cout] [info]         control: /forceset/lumbar_bending_actuator, weight: 1.0
[2023-03-10 19:53:11.419] [cout] [info]         control: /forceset/lumbar_rotation_actuator, weight: 1.0
[2023-03-10 19:53:11.419] [cout] [info]         control: /forceset/arm_flex_r_actuator, weight: 1.0
[2023-03-10 19:53:11.419] [cout] [info]         control: /forceset/arm_add_r_actuator, weight: 1.0
[2023-03-10 19:53:11.419] [cout] [info]         control: /forceset/arm_rot_r_actuator, weight: 1.0
[2023-03-10 19:53:11.419] [cout] [info]         control: /forceset/elbow_flex_r_actuator, weight: 1.0
[2023-03-10 19:53:11.419] [cout] [info]         control: /forceset/pro_sup_r_actuator, weight: 1.0
[2023-03-10 19:53:11.419] [cout] [info]         control: /forceset/arm_flex_l_actuator, weight: 1.0
[2023-03-10 19:53:11.419] [cout] [info]         control: /forceset/arm_add_l_actuator, weight: 1.0
[2023-03-10 19:53:11.419] [cout] [info]         control: /forceset/arm_rot_l_actuator, weight: 1.0
[2023-03-10 19:53:11.419] [cout] [info]         control: /forceset/elbow_flex_l_actuator, weight: 1.0
[2023-03-10 19:53:11.419] [cout] [info]         control: /forceset/pro_sup_l_actuator, weight: 1.0
[2023-03-10 19:53:11.420] [cout] [info] Endpoint constraints: none
[2023-03-10 19:53:11.420] [cout] [info] Kinematic constraints: (total: 8)
[2023-03-10 19:53:11.420] [cout] [info]   kinematic_constraint_cid27. MocoConstraintInfo. number of scalar equations: 3. bounds: 0, 0, 0
[2023-03-10 19:53:11.420] [cout] [info]   kinematic_constraint_cid28. MocoConstraintInfo. number of scalar equations: 3. bounds: 0, 0, 0
[2023-03-10 19:53:11.420] [cout] [info]   kinematic_constraint_cid31. MocoConstraintInfo. number of scalar equations: 3. bounds: 0, 0, 0
[2023-03-10 19:53:11.420] [cout] [info]   kinematic_constraint_cid32. MocoConstraintInfo. number of scalar equations: 3. bounds: 0, 0, 0
[2023-03-10 19:53:11.420] [cout] [info]   kinematic_constraint_cid33. MocoConstraintInfo. number of scalar equations: 3. bounds: 0, 0, 0
[2023-03-10 19:53:11.420] [cout] [info]   kinematic_constraint_cid34. MocoConstraintInfo. number of scalar equations: 3. bounds: 0, 0, 0
[2023-03-10 19:53:11.420] [cout] [info]   kinematic_constraint_cid35. MocoConstraintInfo. number of scalar equations: 3. bounds: 0, 0, 0
[2023-03-10 19:53:11.420] [cout] [info]   kinematic_constraint_cid36. MocoConstraintInfo. number of scalar equations: 3. bounds: 0, 0, 0
[2023-03-10 19:53:11.420] [cout] [info] Path constraints: none
[2023-03-10 19:53:11.420] [cout] [info] States: (total: 74)
[2023-03-10 19:53:11.420] [cout] [info]   /jointset/ground_pelvis/pelvis_tilt/value. bounds: [-0.332297, 0.183641]
[2023-03-10 19:53:11.420] [cout] [info]   /jointset/ground_pelvis/pelvis_list/value. bounds: [-0.378549, 0.414465]
[2023-03-10 19:53:11.420] [cout] [info]   /jointset/radioulnar_r/pro_sup_r/value. bounds: [1.79451, 2.2623]
[2023-03-10 19:53:11.420] [cout] [info]   /jointset/ground_pelvis/pelvis_rotation/value. bounds: [-0.425581, 0.323848]
[2023-03-10 19:53:11.420] [cout] [info]   /jointset/ground_pelvis/pelvis_tx/value. bounds: [0.702212, 1.19371]
[2023-03-10 19:53:11.420] [cout] [info]   /jointset/elbow_r/elbow_flex_r/value. bounds: [1.34654, 2.71191]
[2023-03-10 19:53:11.421] [cout] [info]   /jointset/ground_pelvis/pelvis_ty/value. bounds: [0.890273, 1.18359]
[2023-03-10 19:53:11.421] [cout] [info]   /jointset/radius_hand_l/wrist_flex_l/speed. bounds: [-50, 50]
[2023-03-10 19:53:11.421] [cout] [info]   /jointset/ground_pelvis/pelvis_tz/value. bounds: [-0.856438, -0.40745]
[2023-03-10 19:53:11.421] [cout] [info]   /jointset/hip_r/hip_adduction_r/speed. bounds: [-50, 50]
[2023-03-10 19:53:11.421] [cout] [info]   /jointset/ankle_r/ankle_angle_r/value. bounds: [-0.473968, 0.708057]
[2023-03-10 19:53:11.421] [cout] [info]   /jointset/hip_r/hip_flexion_r/value. bounds: [-0.586066, 1.13322]
[2023-03-10 19:53:11.421] [cout] [info]   /jointset/hip_r/hip_adduction_r/value. bounds: [-0.286853, 0.468986]
[2023-03-10 19:53:11.421] [cout] [info]   /jointset/back/lumbar_rotation/speed. bounds: [-50, 50]
[2023-03-10 19:53:11.421] [cout] [info]   /jointset/hip_r/hip_rotation_r/value. bounds: [-0.255371, 0.315371]
[2023-03-10 19:53:11.421] [cout] [info]   /jointset/mtp_l/mtp_angle_l/speed. bounds: [-50, 50]
[2023-03-10 19:53:11.421] [cout] [info]   /jointset/knee_r/knee_angle_r/value. bounds: [-2.58296, 0.079382]
[2023-03-10 19:53:11.421] [cout] [info]   /jointset/subtalar_r/subtalar_angle_r/value. bounds: [-1.5708, 1.5708]
[2023-03-10 19:53:11.421] [cout] [info]   /jointset/hip_l/hip_flexion_l/value. bounds: [-0.587736, 1.17099]
[2023-03-10 19:53:11.421] [cout] [info]   /jointset/hip_l/hip_adduction_l/value. bounds: [-0.323702, 0.44638]
[2023-03-10 19:53:11.421] [cout] [info]   /jointset/hip_l/hip_rotation_l/value. bounds: [-0.335209, 0.170201]
[2023-03-10 19:53:11.421] [cout] [info]   /jointset/knee_l/knee_angle_l/value. bounds: [-2.54268, 0.0597043]
[2023-03-10 19:53:11.421] [cout] [info]   /jointset/knee_r/knee_angle_r/speed. bounds: [-50, 50]
[2023-03-10 19:53:11.421] [cout] [info]   /jointset/ankle_l/ankle_angle_l/value. bounds: [-0.496713, 0.710342]
[2023-03-10 19:53:11.421] [cout] [info]   /jointset/back/lumbar_extension/value. bounds: [-0.610951, 0.148749]
[2023-03-10 19:53:11.421] [cout] [info]   /jointset/back/lumbar_bending/value. bounds: [-0.413158, 0.330631]
[2023-03-10 19:53:11.422] [cout] [info]   /jointset/back/lumbar_rotation/value. bounds: [-0.532661, 0.529446]
[2023-03-10 19:53:11.422] [cout] [info]   /jointset/acromial_r/arm_flex_r/value. bounds: [-1.10749, 0.177483]
[2023-03-10 19:53:11.422] [cout] [info]   /jointset/acromial_r/arm_add_r/value. bounds: [-0.753774, -0.217973]
[2023-03-10 19:53:11.422] [cout] [info]   /jointset/acromial_r/arm_rot_r/value. bounds: [-0.408804, 0.248071]
[2023-03-10 19:53:11.422] [cout] [info]   /jointset/acromial_l/arm_flex_l/value. bounds: [-0.876156, 0.13329]
[2023-03-10 19:53:11.422] [cout] [info]   /jointset/acromial_l/arm_add_l/value. bounds: [-0.701131, -0.212463]
[2023-03-10 19:53:11.422] [cout] [info]   /jointset/acromial_l/arm_rot_l/value. bounds: [-0.13417, 0.415957]
[2023-03-10 19:53:11.422] [cout] [info]   /jointset/elbow_l/elbow_flex_l/value. bounds: [1.49381, 2.6065]
[2023-03-10 19:53:11.422] [cout] [info]   /jointset/radioulnar_l/pro_sup_l/value. bounds: [1.48651, 1.96934]
[2023-03-10 19:53:11.422] [cout] [info]   /jointset/ground_pelvis/pelvis_tilt/speed. bounds: [-50, 50]
[2023-03-10 19:53:11.422] [cout] [info]   /jointset/ground_pelvis/pelvis_list/speed. bounds: [-50, 50]
[2023-03-10 19:53:11.422] [cout] [info]   /jointset/radioulnar_r/pro_sup_r/speed. bounds: [-50, 50]
[2023-03-10 19:53:11.422] [cout] [info]   /jointset/ground_pelvis/pelvis_rotation/speed. bounds: [-50, 50]
[2023-03-10 19:53:11.422] [cout] [info]   /jointset/ground_pelvis/pelvis_tx/speed. bounds: [-50, 50]
[2023-03-10 19:53:11.422] [cout] [info]   /jointset/elbow_r/elbow_flex_r/speed. bounds: [-50, 50]
[2023-03-10 19:53:11.422] [cout] [info]   /jointset/ground_pelvis/pelvis_ty/speed. bounds: [-50, 50]
[2023-03-10 19:53:11.422] [cout] [info]   /jointset/ground_pelvis/pelvis_tz/speed. bounds: [-50, 50]
[2023-03-10 19:53:11.422] [cout] [info]   /jointset/ankle_r/ankle_angle_r/speed. bounds: [-50, 50]
[2023-03-10 19:53:11.422] [cout] [info]   /jointset/hip_r/hip_flexion_r/speed. bounds: [-50, 50]
[2023-03-10 19:53:11.422] [cout] [info]   /jointset/hip_r/hip_rotation_r/speed. bounds: [-50, 50]
[2023-03-10 19:53:11.422] [cout] [info]   /jointset/hip_l/hip_flexion_l/speed. bounds: [-50, 50]
[2023-03-10 19:53:11.422] [cout] [info]   /jointset/subtalar_r/subtalar_angle_r/speed. bounds: [-50, 50]
[2023-03-10 19:53:11.422] [cout] [info]   /jointset/mtp_r/mtp_angle_r/value. bounds: [-1.5708, 1.5708]
[2023-03-10 19:53:11.422] [cout] [info]   /jointset/mtp_r/mtp_angle_r/speed. bounds: [-50, 50]
[2023-03-10 19:53:11.422] [cout] [info]   /jointset/hip_l/hip_adduction_l/speed. bounds: [-50, 50]
[2023-03-10 19:53:11.423] [cout] [info]   /jointset/hip_l/hip_rotation_l/speed. bounds: [-50, 50]
[2023-03-10 19:53:11.423] [cout] [info]   /jointset/knee_l/knee_angle_l/speed. bounds: [-50, 50]
[2023-03-10 19:53:11.423] [cout] [info]   /jointset/ankle_l/ankle_angle_l/speed. bounds: [-50, 50]
[2023-03-10 19:53:11.423] [cout] [info]   /jointset/subtalar_l/subtalar_angle_l/value. bounds: [-1.5708, 1.5708]
[2023-03-10 19:53:11.423] [cout] [info]   /jointset/subtalar_l/subtalar_angle_l/speed. bounds: [-50, 50]
[2023-03-10 19:53:11.423] [cout] [info]   /jointset/mtp_l/mtp_angle_l/value. bounds: [-1.0472, 1.0472]
[2023-03-10 19:53:11.423] [cout] [info]   /jointset/back/lumbar_extension/speed. bounds: [-50, 50]
[2023-03-10 19:53:11.423] [cout] [info]   /jointset/back/lumbar_bending/speed. bounds: [-50, 50]
[2023-03-10 19:53:11.423] [cout] [info]   /jointset/acromial_r/arm_flex_r/speed. bounds: [-50, 50]
[2023-03-10 19:53:11.423] [cout] [info]   /jointset/acromial_r/arm_add_r/speed. bounds: [-50, 50]
[2023-03-10 19:53:11.423] [cout] [info]   /jointset/acromial_r/arm_rot_r/speed. bounds: [-50, 50]
[2023-03-10 19:53:11.423] [cout] [info]   /jointset/radius_hand_r/wrist_flex_r/value. bounds: [-1.22173, 1.22173]
[2023-03-10 19:53:11.423] [cout] [info]   /jointset/radius_hand_r/wrist_flex_r/speed. bounds: [-50, 50]
[2023-03-10 19:53:11.423] [cout] [info]   /jointset/radius_hand_r/wrist_dev_r/value. bounds: [-0.436332, 0.610865]
[2023-03-10 19:53:11.423] [cout] [info]   /jointset/radius_hand_r/wrist_dev_r/speed. bounds: [-50, 50]
[2023-03-10 19:53:11.423] [cout] [info]   /jointset/acromial_l/arm_flex_l/speed. bounds: [-50, 50]
[2023-03-10 19:53:11.423] [cout] [info]   /jointset/acromial_l/arm_add_l/speed. bounds: [-50, 50]
[2023-03-10 19:53:11.423] [cout] [info]   /jointset/acromial_l/arm_rot_l/speed. bounds: [-50, 50]
[2023-03-10 19:53:11.423] [cout] [info]   /jointset/elbow_l/elbow_flex_l/speed. bounds: [-50, 50]
[2023-03-10 19:53:11.423] [cout] [info]   /jointset/radioulnar_l/pro_sup_l/speed. bounds: [-50, 50]
[2023-03-10 19:53:11.423] [cout] [info]   /jointset/radius_hand_l/wrist_flex_l/value. bounds: [-1.22173, 1.22173]
[2023-03-10 19:53:11.423] [cout] [info]   /jointset/radius_hand_l/wrist_dev_l/value. bounds: [-0.436332, 0.610865]
[2023-03-10 19:53:11.423] [cout] [info]   /jointset/radius_hand_l/wrist_dev_l/speed. bounds: [-50, 50]
[2023-03-10 19:53:11.423] [cout] [info] Controls: (total: 29)
[2023-03-10 19:53:11.423] [cout] [info]   /forceset/pelvis_tx_actuator. bounds: [-10000, 10000]
[2023-03-10 19:53:11.423] [cout] [info]   /forceset/pelvis_ty_actuator. bounds: [-10000, 10000]
[2023-03-10 19:53:11.423] [cout] [info]   /forceset/pelvis_tz_actuator. bounds: [-10000, 10000]
[2023-03-10 19:53:11.423] [cout] [info]   /forceset/arm_flex_r_actuator. bounds: [-1, 1]
[2023-03-10 19:53:11.423] [cout] [info]   /forceset/hip_rotation_r_actuator. bounds: [-1, 1]
[2023-03-10 19:53:11.423] [cout] [info]   /forceset/pelvis_tilt_actuator. bounds: [-10000, 10000]
[2023-03-10 19:53:11.423] [cout] [info]   /forceset/pelvis_list_actuator. bounds: [-10000, 10000]
[2023-03-10 19:53:11.423] [cout] [info]   /forceset/pelvis_rotation_actuator. bounds: [-10000, 10000]
[2023-03-10 19:53:11.424] [cout] [info]   /forceset/elbow_flex_l_actuator. bounds: [-1, 1]
[2023-03-10 19:53:11.424] [cout] [info]   /forceset/hip_adduction_l_actuator. bounds: [-1, 1]
[2023-03-10 19:53:11.424] [cout] [info]   /forceset/hip_flexion_r_actuator. bounds: [-1, 1]
[2023-03-10 19:53:11.424] [cout] [info]   /forceset/elbow_flex_r_actuator. bounds: [-1, 1]
[2023-03-10 19:53:11.424] [cout] [info]   /forceset/hip_flexion_l_actuator. bounds: [-1, 1]
[2023-03-10 19:53:11.424] [cout] [info]   /forceset/hip_adduction_r_actuator. bounds: [-1, 1]
[2023-03-10 19:53:11.424] [cout] [info]   /forceset/knee_angle_r_actuator. bounds: [-1, 1]
[2023-03-10 19:53:11.424] [cout] [info]   /forceset/lumbar_rotation_actuator. bounds: [-1, 1]
[2023-03-10 19:53:11.424] [cout] [info]   /forceset/ankle_angle_r_actuator. bounds: [-1, 1]
[2023-03-10 19:53:11.424] [cout] [info]   /forceset/arm_flex_l_actuator. bounds: [-1, 1]
[2023-03-10 19:53:11.424] [cout] [info]   /forceset/hip_rotation_l_actuator. bounds: [-1, 1]
[2023-03-10 19:53:11.424] [cout] [info]   /forceset/knee_angle_l_actuator. bounds: [-1, 1]
[2023-03-10 19:53:11.424] [cout] [info]   /forceset/ankle_angle_l_actuator. bounds: [-1, 1]
[2023-03-10 19:53:11.424] [cout] [info]   /forceset/lumbar_extension_actuator. bounds: [-1, 1]
[2023-03-10 19:53:11.424] [cout] [info]   /forceset/lumbar_bending_actuator. bounds: [-1, 1]
[2023-03-10 19:53:11.424] [cout] [info]   /forceset/arm_add_r_actuator. bounds: [-1, 1]
[2023-03-10 19:53:11.424] [cout] [info]   /forceset/arm_rot_r_actuator. bounds: [-1, 1]
[2023-03-10 19:53:11.424] [cout] [info]   /forceset/pro_sup_r_actuator. bounds: [-1, 1]
[2023-03-10 19:53:11.424] [cout] [info]   /forceset/arm_add_l_actuator. bounds: [-1, 1]
[2023-03-10 19:53:11.424] [cout] [info]   /forceset/arm_rot_l_actuator. bounds: [-1, 1]
[2023-03-10 19:53:11.424] [cout] [info]   /forceset/pro_sup_l_actuator. bounds: [-1, 1]
[2023-03-10 19:53:11.424] [cout] [info] Parameters: none
[2023-03-10 19:53:11.513] [info] ExternalForce::externalforce Data source being set to Run_500 02_newCOP3_v24.mot
[2023-03-10 19:53:11.513] [info] ExternalForce::externalforce_0 Data source being set to Run_500 02_newCOP3_v24.mot
[2023-03-10 19:53:11.642] [info] ExternalForce::externalforce Data source being set to Run_500 02_newCOP3_v24.mot
[2023-03-10 19:53:11.642] [info] ExternalForce::externalforce_0 Data source being set to Run_500 02_newCOP3_v24.mot
[2023-03-10 19:53:11.735] [info] ExternalForce::externalforce Data source being set to Run_500 02_newCOP3_v24.mot
[2023-03-10 19:53:11.736] [info] ExternalForce::externalforce_0 Data source being set to Run_500 02_newCOP3_v24.mot
[2023-03-10 19:53:11.819] [info] ExternalForce::externalforce Data source being set to Run_500 02_newCOP3_v24.mot
[2023-03-10 19:53:11.819] [info] ExternalForce::externalforce_0 Data source being set to Run_500 02_newCOP3_v24.mot
[2023-03-10 19:53:11.915] [info] ExternalForce::externalforce Data source being set to Run_500 02_newCOP3_v24.mot
[2023-03-10 19:53:11.915] [info] ExternalForce::externalforce_0 Data source being set to Run_500 02_newCOP3_v24.mot
[2023-03-10 19:53:12.008] [info] ExternalForce::externalforce Data source being set to Run_500 02_newCOP3_v24.mot
[2023-03-10 19:53:12.008] [info] ExternalForce::externalforce_0 Data source being set to Run_500 02_newCOP3_v24.mot
[2023-03-10 19:53:12.095] [info] ExternalForce::externalforce Data source being set to Run_500 02_newCOP3_v24.mot
[2023-03-10 19:53:12.095] [info] ExternalForce::externalforce_0 Data source being set to Run_500 02_newCOP3_v24.mot
[2023-03-10 19:53:12.179] [info] ExternalForce::externalforce Data source being set to Run_500 02_newCOP3_v24.mot
[2023-03-10 19:53:12.179] [info] ExternalForce::externalforce_0 Data source being set to Run_500 02_newCOP3_v24.mot
[2023-03-10 19:53:12.298] [info] ExternalForce::externalforce Data source being set to Run_500 02_newCOP3_v24.mot
[2023-03-10 19:53:12.298] [info] ExternalForce::externalforce_0 Data source being set to Run_500 02_newCOP3_v24.mot
[2023-03-10 19:53:12.391] [info] ExternalForce::externalforce Data source being set to Run_500 02_newCOP3_v24.mot
[2023-03-10 19:53:12.391] [info] ExternalForce::externalforce_0 Data source being set to Run_500 02_newCOP3_v24.mot
[2023-03-10 19:53:12.498] [info] ExternalForce::externalforce Data source being set to Run_500 02_newCOP3_v24.mot
[2023-03-10 19:53:12.499] [info] ExternalForce::externalforce_0 Data source being set to Run_500 02_newCOP3_v24.mot
[2023-03-10 19:53:12.654] [info] ExternalForce::externalforce Data source being set to Run_500 02_newCOP3_v24.mot
[2023-03-10 19:53:12.654] [info] ExternalForce::externalforce_0 Data source being set to Run_500 02_newCOP3_v24.mot
[2023-03-10 19:53:12.751] [info] ExternalForce::externalforce Data source being set to Run_500 02_newCOP3_v24.mot
[2023-03-10 19:53:12.751] [info] ExternalForce::externalforce_0 Data source being set to Run_500 02_newCOP3_v24.mot
[2023-03-10 19:53:12.851] [info] ExternalForce::externalforce Data source being set to Run_500 02_newCOP3_v24.mot
[2023-03-10 19:53:12.851] [info] ExternalForce::externalforce_0 Data source being set to Run_500 02_newCOP3_v24.mot
[2023-03-10 19:53:12.939] [info] ExternalForce::externalforce Data source being set to Run_500 02_newCOP3_v24.mot
[2023-03-10 19:53:12.939] [info] ExternalForce::externalforce_0 Data source being set to Run_500 02_newCOP3_v24.mot
[2023-03-10 19:53:13.058] [info] ExternalForce::externalforce Data source being set to Run_500 02_newCOP3_v24.mot
[2023-03-10 19:53:13.058] [info] ExternalForce::externalforce_0 Data source being set to Run_500 02_newCOP3_v24.mot
[2023-03-10 19:53:13.078] [info] Number of threads: 8
[2023-03-10 20:19:33.661] [info] Set log level to Info.
[2023-03-10 20:19:33.680] [info] ------------------------------------------------------------------------
[2023-03-10 20:19:33.680] [info] Elapsed real time: 1582 second(s) (26 minute(s), 22 second(s)).
[2023-03-10 20:19:33.680] [info] Fri Mar 10 20:19:33 2023
[2023-03-10 20:19:33.680] [info] MocoCasADiSolver succeeded!
[2023-03-10 20:19:33.680] [info] ========================================================================
[2023-03-10 20:19:33.975] [info] Loaded model subject02_scaled from file ..\..\model\subject02_adjusted_scaled.osim
[2023-03-10 20:19:34.834] [cout] [info] 
               MODEL: subject02_scaled
         coordinates: 37
              forces: 92
           actuators: 92
             muscles: 92
            analyses: 0
              probes: 0
              bodies: 20
              joints: 20
         constraints: 0
             markers: 64
         controllers: 0
  contact geometries: 0
misc modelcomponents: 0
[2023-03-10 20:19:34.834] [info] Running tool subject10_scaled...
[2023-03-10 20:19:34.886] [warning] ExternalLoads 'externalloads' has subcomponents with duplicate name 'externalforce'. The duplicate is being renamed to 'externalforce_0'.
[2023-03-10 20:19:35.016] [info] ExternalForce::externalforce Data source being set to Run_500 02_newCOP3_v24.mot
[2023-03-10 20:19:35.017] [info] ExternalForce::externalforce_0 Data source being set to Run_500 02_newCOP3_v24.mot
[2023-03-10 20:19:35.496] [info] InverseDynamicsTool: 133 time frames in 394 millisecond(s).
[2023-12-05 21:49:44.915] [info] ExternalForce::externalforce Data source being set to Run_500 02_newCOP3_v24.mot
[2023-12-05 21:49:44.924] [info] ExternalForce::externalforce_0 Data source being set to Run_500 02_newCOP3_v24.mot
[2023-12-05 21:49:45.187] [info] ExternalForce::externalforce Data source being set to Run_500 02_newCOP3_v24.mot
[2023-12-05 21:49:45.187] [info] ExternalForce::externalforce_0 Data source being set to Run_500 02_newCOP3_v24.mot
[2023-12-05 21:49:45.269] [info] ExternalForce::externalforce Data source being set to Run_500 02_newCOP3_v24.mot
[2023-12-05 21:49:45.269] [info] ExternalForce::externalforce_0 Data source being set to Run_500 02_newCOP3_v24.mot
[2023-12-05 21:49:45.319] [info] ExternalForce::externalforce Data source being set to Run_500 02_newCOP3_v24.mot
[2023-12-05 21:49:45.319] [info] ExternalForce::externalforce_0 Data source being set to Run_500 02_newCOP3_v24.mot
[2023-12-05 21:49:45.379] [info] ExternalForce::externalforce Data source being set to Run_500 02_newCOP3_v24.mot
[2023-12-05 21:49:45.379] [info] ExternalForce::externalforce_0 Data source being set to Run_500 02_newCOP3_v24.mot
[2023-12-05 21:49:45.430] [info] ExternalForce::externalforce Data source being set to Run_500 02_newCOP3_v24.mot
[2023-12-05 21:49:45.430] [info] ExternalForce::externalforce_0 Data source being set to Run_500 02_newCOP3_v24.mot
[2023-12-05 21:49:45.494] [info] ExternalForce::externalforce Data source being set to Run_500 02_newCOP3_v24.mot
[2023-12-05 21:49:45.494] [info] ExternalForce::externalforce_0 Data source being set to Run_500 02_newCOP3_v24.mot
[2023-12-05 21:49:45.543] [info] ExternalForce::externalforce Data source being set to Run_500 02_newCOP3_v24.mot
[2023-12-05 21:49:45.543] [info] ExternalForce::externalforce_0 Data source being set to Run_500 02_newCOP3_v24.mot
[2023-12-05 21:49:45.601] [info] ExternalForce::externalforce Data source being set to Run_500 02_newCOP3_v24.mot
[2023-12-05 21:49:45.601] [info] ExternalForce::externalforce_0 Data source being set to Run_500 02_newCOP3_v24.mot
[2023-12-05 21:49:45.650] [info] ExternalForce::externalforce Data source being set to Run_500 02_newCOP3_v24.mot
[2023-12-05 21:49:45.650] [info] ExternalForce::externalforce_0 Data source being set to Run_500 02_newCOP3_v24.mot
[2023-12-05 21:49:45.713] [info] ExternalForce::externalforce Data source being set to Run_500 02_newCOP3_v24.mot
[2023-12-05 21:49:45.713] [info] ExternalForce::externalforce_0 Data source being set to Run_500 02_newCOP3_v24.mot
[2023-12-05 21:49:45.762] [info] ExternalForce::externalforce Data source being set to Run_500 02_newCOP3_v24.mot
[2023-12-05 21:49:45.762] [info] ExternalForce::externalforce_0 Data source being set to Run_500 02_newCOP3_v24.mot
[2023-12-05 21:49:45.823] [info] ExternalForce::externalforce Data source being set to Run_500 02_newCOP3_v24.mot
[2023-12-05 21:49:45.823] [info] ExternalForce::externalforce_0 Data source being set to Run_500 02_newCOP3_v24.mot
[2023-12-05 21:49:45.872] [info] ExternalForce::externalforce Data source being set to Run_500 02_newCOP3_v24.mot
[2023-12-05 21:49:45.872] [info] ExternalForce::externalforce_0 Data source being set to Run_500 02_newCOP3_v24.mot
[2023-12-05 21:49:45.933] [info] ExternalForce::externalforce Data source being set to Run_500 02_newCOP3_v24.mot
[2023-12-05 21:49:45.933] [info] ExternalForce::externalforce_0 Data source being set to Run_500 02_newCOP3_v24.mot
[2023-12-05 21:49:45.983] [info] ExternalForce::externalforce Data source being set to Run_500 02_newCOP3_v24.mot
[2023-12-05 21:49:45.983] [info] ExternalForce::externalforce_0 Data source being set to Run_500 02_newCOP3_v24.mot
[2023-12-05 21:49:46.045] [info] ExternalForce::externalforce Data source being set to Run_500 02_newCOP3_v24.mot
[2023-12-05 21:49:46.045] [info] ExternalForce::externalforce_0 Data source being set to Run_500 02_newCOP3_v24.mot
[2023-12-05 21:49:46.097] [info] ExternalForce::externalforce Data source being set to Run_500 02_newCOP3_v24.mot
[2023-12-05 21:49:46.097] [info] ExternalForce::externalforce_0 Data source being set to Run_500 02_newCOP3_v24.mot
[2023-12-05 21:49:46.157] [info] ExternalForce::externalforce Data source being set to Run_500 02_newCOP3_v24.mot
[2023-12-05 21:49:46.157] [info] ExternalForce::externalforce_0 Data source being set to Run_500 02_newCOP3_v24.mot
[2023-12-05 21:49:46.211] [info] ExternalForce::externalforce Data source being set to Run_500 02_newCOP3_v24.mot
[2023-12-05 21:49:46.211] [info] ExternalForce::externalforce_0 Data source being set to Run_500 02_newCOP3_v24.mot
[2023-12-05 21:49:46.270] [info] ExternalForce::externalforce Data source being set to Run_500 02_newCOP3_v24.mot
[2023-12-05 21:49:46.270] [info] ExternalForce::externalforce_0 Data source being set to Run_500 02_newCOP3_v24.mot
[2023-12-05 21:49:46.322] [info] ExternalForce::externalforce Data source being set to Run_500 02_newCOP3_v24.mot
[2023-12-05 21:49:46.322] [info] ExternalForce::externalforce_0 Data source being set to Run_500 02_newCOP3_v24.mot
[2023-12-05 21:49:46.662] [info] ExternalForce::externalforce Data source being set to Run_500 02_newCOP3_v24.mot
[2023-12-05 21:49:46.662] [info] ExternalForce::externalforce_0 Data source being set to Run_500 02_newCOP3_v24.mot
[2023-12-05 21:49:46.712] [info] ExternalForce::externalforce Data source being set to Run_500 02_newCOP3_v24.mot
[2023-12-05 21:49:46.712] [info] ExternalForce::externalforce_0 Data source being set to Run_500 02_newCOP3_v24.mot
[2023-12-05 21:49:46.768] [info] ExternalForce::externalforce Data source being set to Run_500 02_newCOP3_v24.mot
[2023-12-05 21:49:46.768] [info] ExternalForce::externalforce_0 Data source being set to Run_500 02_newCOP3_v24.mot
[2023-12-05 21:49:46.814] [info] ExternalForce::externalforce Data source being set to Run_500 02_newCOP3_v24.mot
[2023-12-05 21:49:46.814] [info] ExternalForce::externalforce_0 Data source being set to Run_500 02_newCOP3_v24.mot
[2023-12-05 21:49:46.903] [info] ExternalForce::externalforce Data source being set to Run_500 02_newCOP3_v24.mot
[2023-12-05 21:49:46.903] [info] ExternalForce::externalforce_0 Data source being set to Run_500 02_newCOP3_v24.mot
[2023-12-05 21:49:46.950] [info] ExternalForce::externalforce Data source being set to Run_500 02_newCOP3_v24.mot
[2023-12-05 21:49:46.950] [info] ExternalForce::externalforce_0 Data source being set to Run_500 02_newCOP3_v24.mot
[2023-12-05 21:49:47.012] [info] ExternalForce::externalforce Data source being set to Run_500 02_newCOP3_v24.mot
[2023-12-05 21:49:47.012] [info] ExternalForce::externalforce_0 Data source being set to Run_500 02_newCOP3_v24.mot
[2023-12-05 21:49:47.059] [info] ExternalForce::externalforce Data source being set to Run_500 02_newCOP3_v24.mot
[2023-12-05 21:49:47.059] [info] ExternalForce::externalforce_0 Data source being set to Run_500 02_newCOP3_v24.mot
[2023-12-05 21:49:47.077] [info] ========================================================================
[2023-12-05 21:49:47.077] [info] MocoCasADiSolver starting.
[2023-12-05 21:49:47.077] [info] Tue Dec  5 21:49:47 2023
[2023-12-05 21:49:47.077] [info] ------------------------------------------------------------------------
[2023-12-05 21:49:47.077] [cout] [info] Costs: (total: 2)
[2023-12-05 21:49:47.077] [cout] [info]   state_tracking. MocoStateTrackingGoal, enabled: true, mode: cost, weight: 1.0
[2023-12-05 21:49:47.077] [cout] [info]         state: /jointset/ground_pelvis/pelvis_tilt/value, weight: 750.0
[2023-12-05 21:49:47.077] [cout] [info]         state: /jointset/ground_pelvis/pelvis_list/value, weight: 250.0
[2023-12-05 21:49:47.077] [cout] [info]         state: /jointset/ground_pelvis/pelvis_rotation/value, weight: 50.0
[2023-12-05 21:49:47.077] [cout] [info]         state: /jointset/ground_pelvis/pelvis_tx/value, weight: 25.0
[2023-12-05 21:49:47.077] [cout] [info]         state: /jointset/ground_pelvis/pelvis_ty/value, weight: 100.0
[2023-12-05 21:49:47.077] [cout] [info]         state: /jointset/ground_pelvis/pelvis_tz/value, weight: 25.0
[2023-12-05 21:49:47.077] [cout] [info]         state: /jointset/hip_r/hip_flexion_r/value, weight: 75.0
[2023-12-05 21:49:47.077] [cout] [info]         state: /jointset/hip_r/hip_adduction_r/value, weight: 50.0
[2023-12-05 21:49:47.077] [cout] [info]         state: /jointset/hip_r/hip_rotation_r/value, weight: 10.0
[2023-12-05 21:49:47.077] [cout] [info]         state: /jointset/knee_r/knee_angle_r/value, weight: 10.0
[2023-12-05 21:49:47.077] [cout] [info]         state: /jointset/ankle_r/ankle_angle_r/value, weight: 10.0
[2023-12-05 21:49:47.077] [cout] [info]         state: /jointset/hip_l/hip_flexion_l/value, weight: 75.0
[2023-12-05 21:49:47.077] [cout] [info]         state: /jointset/hip_l/hip_adduction_l/value, weight: 50.0
[2023-12-05 21:49:47.077] [cout] [info]         state: /jointset/hip_l/hip_rotation_l/value, weight: 10.0
[2023-12-05 21:49:47.077] [cout] [info]         state: /jointset/knee_l/knee_angle_l/value, weight: 10.0
[2023-12-05 21:49:47.077] [cout] [info]         state: /jointset/ankle_l/ankle_angle_l/value, weight: 10.0
[2023-12-05 21:49:47.077] [cout] [info]         state: /jointset/back/lumbar_extension/value, weight: 75.0
[2023-12-05 21:49:47.077] [cout] [info]         state: /jointset/back/lumbar_bending/value, weight: 50.0
[2023-12-05 21:49:47.077] [cout] [info]         state: /jointset/back/lumbar_rotation/value, weight: 25.0
[2023-12-05 21:49:47.077] [cout] [info]         state: /jointset/acromial_r/arm_flex_r/value, weight: 1.0
[2023-12-05 21:49:47.077] [cout] [info]         state: /jointset/acromial_r/arm_add_r/value, weight: 1.0
[2023-12-05 21:49:47.077] [cout] [info]         state: /jointset/acromial_r/arm_rot_r/value, weight: 1.0
[2023-12-05 21:49:47.077] [cout] [info]         state: /jointset/elbow_r/elbow_flex_r/value, weight: 1.0
[2023-12-05 21:49:47.077] [cout] [info]         state: /jointset/radioulnar_r/pro_sup_r/value, weight: 1.0
[2023-12-05 21:49:47.077] [cout] [info]         state: /jointset/acromial_l/arm_flex_l/value, weight: 1.0
[2023-12-05 21:49:47.077] [cout] [info]         state: /jointset/acromial_l/arm_add_l/value, weight: 1.0
[2023-12-05 21:49:47.077] [cout] [info]         state: /jointset/acromial_l/arm_rot_l/value, weight: 1.0
[2023-12-05 21:49:47.077] [cout] [info]         state: /jointset/elbow_l/elbow_flex_l/value, weight: 1.0
[2023-12-05 21:49:47.077] [cout] [info]         state: /jointset/radioulnar_l/pro_sup_l/value, weight: 1.0
[2023-12-05 21:49:47.077] [cout] [info]         state: /jointset/subtalar_r/subtalar_angle_r/value, weight: 0.0
[2023-12-05 21:49:47.077] [cout] [info]         state: /jointset/mtp_r/mtp_angle_r/value, weight: 0.0
[2023-12-05 21:49:47.077] [cout] [info]         state: /jointset/subtalar_l/subtalar_angle_l/value, weight: 0.0
[2023-12-05 21:49:47.077] [cout] [info]         state: /jointset/mtp_l/mtp_angle_l/value, weight: 0.0
[2023-12-05 21:49:47.077] [cout] [info]         state: /jointset/radius_hand_r/wrist_flex_r/value, weight: 0.0
[2023-12-05 21:49:47.077] [cout] [info]         state: /jointset/radius_hand_r/wrist_dev_r/value, weight: 0.0
[2023-12-05 21:49:47.077] [cout] [info]         state: /jointset/radius_hand_l/wrist_flex_l/value, weight: 0.0
[2023-12-05 21:49:47.077] [cout] [info]         state: /jointset/radius_hand_l/wrist_dev_l/value, weight: 0.0
[2023-12-05 21:49:47.077] [cout] [info]         state: /jointset/ground_pelvis/pelvis_tilt/speed, weight: 7.5
[2023-12-05 21:49:47.077] [cout] [info]         state: /jointset/ground_pelvis/pelvis_list/speed, weight: 2.5
[2023-12-05 21:49:47.077] [cout] [info]         state: /jointset/ground_pelvis/pelvis_rotation/speed, weight: 0.5
[2023-12-05 21:49:47.077] [cout] [info]         state: /jointset/ground_pelvis/pelvis_tx/speed, weight: 0.25
[2023-12-05 21:49:47.077] [cout] [info]         state: /jointset/ground_pelvis/pelvis_ty/speed, weight: 1.0
[2023-12-05 21:49:47.077] [cout] [info]         state: /jointset/ground_pelvis/pelvis_tz/speed, weight: 0.25
[2023-12-05 21:49:47.077] [cout] [info]         state: /jointset/hip_r/hip_flexion_r/speed, weight: 0.75
[2023-12-05 21:49:47.077] [cout] [info]         state: /jointset/hip_r/hip_adduction_r/speed, weight: 0.5
[2023-12-05 21:49:47.077] [cout] [info]         state: /jointset/hip_r/hip_rotation_r/speed, weight: 0.1
[2023-12-05 21:49:47.077] [cout] [info]         state: /jointset/knee_r/knee_angle_r/speed, weight: 0.1
[2023-12-05 21:49:47.077] [cout] [info]         state: /jointset/ankle_r/ankle_angle_r/speed, weight: 0.1
[2023-12-05 21:49:47.077] [cout] [info]         state: /jointset/subtalar_r/subtalar_angle_r/speed, weight: 0.0
[2023-12-05 21:49:47.077] [cout] [info]         state: /jointset/mtp_r/mtp_angle_r/speed, weight: 0.0
[2023-12-05 21:49:47.077] [cout] [info]         state: /jointset/hip_l/hip_flexion_l/speed, weight: 0.75
[2023-12-05 21:49:47.077] [cout] [info]         state: /jointset/hip_l/hip_adduction_l/speed, weight: 0.5
[2023-12-05 21:49:47.077] [cout] [info]         state: /jointset/hip_l/hip_rotation_l/speed, weight: 0.1
[2023-12-05 21:49:47.077] [cout] [info]         state: /jointset/knee_l/knee_angle_l/speed, weight: 0.1
[2023-12-05 21:49:47.077] [cout] [info]         state: /jointset/ankle_l/ankle_angle_l/speed, weight: 0.1
[2023-12-05 21:49:47.077] [cout] [info]         state: /jointset/subtalar_l/subtalar_angle_l/speed, weight: 0.0
[2023-12-05 21:49:47.077] [cout] [info]         state: /jointset/mtp_l/mtp_angle_l/speed, weight: 0.0
[2023-12-05 21:49:47.077] [cout] [info]         state: /jointset/back/lumbar_extension/speed, weight: 0.75
[2023-12-05 21:49:47.077] [cout] [info]         state: /jointset/back/lumbar_bending/speed, weight: 0.5
[2023-12-05 21:49:47.077] [cout] [info]         state: /jointset/back/lumbar_rotation/speed, weight: 0.25
[2023-12-05 21:49:47.077] [cout] [info]         state: /jointset/acromial_r/arm_flex_r/speed, weight: 0.01
[2023-12-05 21:49:47.077] [cout] [info]         state: /jointset/acromial_r/arm_add_r/speed, weight: 0.01
[2023-12-05 21:49:47.077] [cout] [info]         state: /jointset/acromial_r/arm_rot_r/speed, weight: 0.01
[2023-12-05 21:49:47.077] [cout] [info]         state: /jointset/elbow_r/elbow_flex_r/speed, weight: 0.01
[2023-12-05 21:49:47.077] [cout] [info]         state: /jointset/radioulnar_r/pro_sup_r/speed, weight: 0.01
[2023-12-05 21:49:47.077] [cout] [info]         state: /jointset/radius_hand_r/wrist_flex_r/speed, weight: 0.0
[2023-12-05 21:49:47.077] [cout] [info]         state: /jointset/radius_hand_r/wrist_dev_r/speed, weight: 0.0
[2023-12-05 21:49:47.077] [cout] [info]         state: /jointset/acromial_l/arm_flex_l/speed, weight: 0.01
[2023-12-05 21:49:47.077] [cout] [info]         state: /jointset/acromial_l/arm_add_l/speed, weight: 0.01
[2023-12-05 21:49:47.077] [cout] [info]         state: /jointset/acromial_l/arm_rot_l/speed, weight: 0.01
[2023-12-05 21:49:47.077] [cout] [info]         state: /jointset/elbow_l/elbow_flex_l/speed, weight: 0.01
[2023-12-05 21:49:47.077] [cout] [info]         state: /jointset/radioulnar_l/pro_sup_l/speed, weight: 0.01
[2023-12-05 21:49:47.077] [cout] [info]         state: /jointset/radius_hand_l/wrist_flex_l/speed, weight: 0.0
[2023-12-05 21:49:47.077] [cout] [info]         state: /jointset/radius_hand_l/wrist_dev_l/speed, weight: 0.0
[2023-12-05 21:49:47.077] [cout] [info]   control_effort. MocoControlGoal, enabled: true, mode: cost, weight: 0.00100000
[2023-12-05 21:49:47.077] [cout] [info]         control: /forceset/pelvis_tx_actuator, weight: 1.0
[2023-12-05 21:49:47.077] [cout] [info]         control: /forceset/pelvis_ty_actuator, weight: 1.0
[2023-12-05 21:49:47.077] [cout] [info]         control: /forceset/pelvis_tz_actuator, weight: 1.0
[2023-12-05 21:49:47.077] [cout] [info]         control: /forceset/pelvis_tilt_actuator, weight: 1.0
[2023-12-05 21:49:47.077] [cout] [info]         control: /forceset/pelvis_list_actuator, weight: 1.0
[2023-12-05 21:49:47.077] [cout] [info]         control: /forceset/pelvis_rotation_actuator, weight: 1.0
[2023-12-05 21:49:47.077] [cout] [info]         control: /forceset/hip_flexion_r_actuator, weight: 1.0
[2023-12-05 21:49:47.077] [cout] [info]         control: /forceset/hip_adduction_r_actuator, weight: 1.0
[2023-12-05 21:49:47.078] [cout] [info]         control: /forceset/hip_rotation_r_actuator, weight: 1.0
[2023-12-05 21:49:47.078] [cout] [info]         control: /forceset/knee_angle_r_actuator, weight: 1.0
[2023-12-05 21:49:47.078] [cout] [info]         control: /forceset/ankle_angle_r_actuator, weight: 1.0
[2023-12-05 21:49:47.078] [cout] [info]         control: /forceset/hip_flexion_l_actuator, weight: 1.0
[2023-12-05 21:49:47.078] [cout] [info]         control: /forceset/hip_adduction_l_actuator, weight: 1.0
[2023-12-05 21:49:47.078] [cout] [info]         control: /forceset/hip_rotation_l_actuator, weight: 1.0
[2023-12-05 21:49:47.078] [cout] [info]         control: /forceset/knee_angle_l_actuator, weight: 1.0
[2023-12-05 21:49:47.078] [cout] [info]         control: /forceset/ankle_angle_l_actuator, weight: 1.0
[2023-12-05 21:49:47.078] [cout] [info]         control: /forceset/lumbar_extension_actuator, weight: 1.0
[2023-12-05 21:49:47.078] [cout] [info]         control: /forceset/lumbar_bending_actuator, weight: 1.0
[2023-12-05 21:49:47.078] [cout] [info]         control: /forceset/lumbar_rotation_actuator, weight: 1.0
[2023-12-05 21:49:47.078] [cout] [info]         control: /forceset/arm_flex_r_actuator, weight: 1.0
[2023-12-05 21:49:47.078] [cout] [info]         control: /forceset/arm_add_r_actuator, weight: 1.0
[2023-12-05 21:49:47.078] [cout] [info]         control: /forceset/arm_rot_r_actuator, weight: 1.0
[2023-12-05 21:49:47.078] [cout] [info]         control: /forceset/elbow_flex_r_actuator, weight: 1.0
[2023-12-05 21:49:47.078] [cout] [info]         control: /forceset/pro_sup_r_actuator, weight: 1.0
[2023-12-05 21:49:47.078] [cout] [info]         control: /forceset/arm_flex_l_actuator, weight: 1.0
[2023-12-05 21:49:47.078] [cout] [info]         control: /forceset/arm_add_l_actuator, weight: 1.0
[2023-12-05 21:49:47.078] [cout] [info]         control: /forceset/arm_rot_l_actuator, weight: 1.0
[2023-12-05 21:49:47.078] [cout] [info]         control: /forceset/elbow_flex_l_actuator, weight: 1.0
[2023-12-05 21:49:47.078] [cout] [info]         control: /forceset/pro_sup_l_actuator, weight: 1.0
[2023-12-05 21:49:47.078] [cout] [info] Endpoint constraints: none
[2023-12-05 21:49:47.078] [cout] [info] Kinematic constraints: (total: 8)
[2023-12-05 21:49:47.078] [cout] [info]   kinematic_constraint_cid27. MocoConstraintInfo. number of scalar equations: 3. bounds: 0, 0, 0
[2023-12-05 21:49:47.078] [cout] [info]   kinematic_constraint_cid28. MocoConstraintInfo. number of scalar equations: 3. bounds: 0, 0, 0
[2023-12-05 21:49:47.078] [cout] [info]   kinematic_constraint_cid31. MocoConstraintInfo. number of scalar equations: 3. bounds: 0, 0, 0
[2023-12-05 21:49:47.078] [cout] [info]   kinematic_constraint_cid32. MocoConstraintInfo. number of scalar equations: 3. bounds: 0, 0, 0
[2023-12-05 21:49:47.078] [cout] [info]   kinematic_constraint_cid33. MocoConstraintInfo. number of scalar equations: 3. bounds: 0, 0, 0
[2023-12-05 21:49:47.078] [cout] [info]   kinematic_constraint_cid34. MocoConstraintInfo. number of scalar equations: 3. bounds: 0, 0, 0
[2023-12-05 21:49:47.078] [cout] [info]   kinematic_constraint_cid35. MocoConstraintInfo. number of scalar equations: 3. bounds: 0, 0, 0
[2023-12-05 21:49:47.078] [cout] [info]   kinematic_constraint_cid36. MocoConstraintInfo. number of scalar equations: 3. bounds: 0, 0, 0
[2023-12-05 21:49:47.078] [cout] [info] Path constraints: none
[2023-12-05 21:49:47.078] [cout] [info] States: (total: 74)
[2023-12-05 21:49:47.078] [cout] [info]   /jointset/ground_pelvis/pelvis_tilt/value. bounds: [-0.332297, 0.183641]
[2023-12-05 21:49:47.078] [cout] [info]   /jointset/ground_pelvis/pelvis_list/value. bounds: [-0.378549, 0.414465]
[2023-12-05 21:49:47.078] [cout] [info]   /jointset/radioulnar_r/pro_sup_r/value. bounds: [1.79451, 2.2623]
[2023-12-05 21:49:47.078] [cout] [info]   /jointset/ground_pelvis/pelvis_rotation/value. bounds: [-0.425581, 0.323848]
[2023-12-05 21:49:47.078] [cout] [info]   /jointset/ground_pelvis/pelvis_tx/value. bounds: [0.702212, 1.19371]
[2023-12-05 21:49:47.078] [cout] [info]   /jointset/elbow_r/elbow_flex_r/value. bounds: [1.34654, 2.71191]
[2023-12-05 21:49:47.078] [cout] [info]   /jointset/ground_pelvis/pelvis_ty/value. bounds: [0.890273, 1.18359]
[2023-12-05 21:49:47.078] [cout] [info]   /jointset/radius_hand_l/wrist_flex_l/speed. bounds: [-50, 50]
[2023-12-05 21:49:47.078] [cout] [info]   /jointset/ground_pelvis/pelvis_tz/value. bounds: [-0.856438, -0.40745]
[2023-12-05 21:49:47.078] [cout] [info]   /jointset/hip_r/hip_adduction_r/speed. bounds: [-50, 50]
[2023-12-05 21:49:47.078] [cout] [info]   /jointset/ankle_r/ankle_angle_r/value. bounds: [-0.473968, 0.708057]
[2023-12-05 21:49:47.078] [cout] [info]   /jointset/hip_r/hip_flexion_r/value. bounds: [-0.586066, 1.13322]
[2023-12-05 21:49:47.078] [cout] [info]   /jointset/hip_r/hip_adduction_r/value. bounds: [-0.286853, 0.468986]
[2023-12-05 21:49:47.078] [cout] [info]   /jointset/back/lumbar_rotation/speed. bounds: [-50, 50]
[2023-12-05 21:49:47.078] [cout] [info]   /jointset/hip_r/hip_rotation_r/value. bounds: [-0.255371, 0.315371]
[2023-12-05 21:49:47.078] [cout] [info]   /jointset/mtp_l/mtp_angle_l/speed. bounds: [-50, 50]
[2023-12-05 21:49:47.078] [cout] [info]   /jointset/knee_r/knee_angle_r/value. bounds: [-2.58296, 0.079382]
[2023-12-05 21:49:47.078] [cout] [info]   /jointset/subtalar_r/subtalar_angle_r/value. bounds: [-1.5708, 1.5708]
[2023-12-05 21:49:47.078] [cout] [info]   /jointset/hip_l/hip_flexion_l/value. bounds: [-0.587736, 1.17099]
[2023-12-05 21:49:47.078] [cout] [info]   /jointset/hip_l/hip_adduction_l/value. bounds: [-0.323702, 0.44638]
[2023-12-05 21:49:47.078] [cout] [info]   /jointset/hip_l/hip_rotation_l/value. bounds: [-0.335209, 0.170201]
[2023-12-05 21:49:47.078] [cout] [info]   /jointset/knee_l/knee_angle_l/value. bounds: [-2.54268, 0.0597043]
[2023-12-05 21:49:47.078] [cout] [info]   /jointset/knee_r/knee_angle_r/speed. bounds: [-50, 50]
[2023-12-05 21:49:47.078] [cout] [info]   /jointset/ankle_l/ankle_angle_l/value. bounds: [-0.496713, 0.710342]
[2023-12-05 21:49:47.078] [cout] [info]   /jointset/back/lumbar_extension/value. bounds: [-0.610951, 0.148749]
[2023-12-05 21:49:47.078] [cout] [info]   /jointset/back/lumbar_bending/value. bounds: [-0.413158, 0.330632]
[2023-12-05 21:49:47.078] [cout] [info]   /jointset/back/lumbar_rotation/value. bounds: [-0.532661, 0.529446]
[2023-12-05 21:49:47.078] [cout] [info]   /jointset/acromial_r/arm_flex_r/value. bounds: [-1.10749, 0.177483]
[2023-12-05 21:49:47.078] [cout] [info]   /jointset/acromial_r/arm_add_r/value. bounds: [-0.753774, -0.217973]
[2023-12-05 21:49:47.078] [cout] [info]   /jointset/acromial_r/arm_rot_r/value. bounds: [-0.408804, 0.248071]
[2023-12-05 21:49:47.078] [cout] [info]   /jointset/acromial_l/arm_flex_l/value. bounds: [-0.876156, 0.13329]
[2023-12-05 21:49:47.078] [cout] [info]   /jointset/acromial_l/arm_add_l/value. bounds: [-0.701131, -0.212463]
[2023-12-05 21:49:47.078] [cout] [info]   /jointset/acromial_l/arm_rot_l/value. bounds: [-0.13417, 0.415957]
[2023-12-05 21:49:47.078] [cout] [info]   /jointset/elbow_l/elbow_flex_l/value. bounds: [1.49381, 2.6065]
[2023-12-05 21:49:47.078] [cout] [info]   /jointset/radioulnar_l/pro_sup_l/value. bounds: [1.48651, 1.96934]
[2023-12-05 21:49:47.078] [cout] [info]   /jointset/ground_pelvis/pelvis_tilt/speed. bounds: [-50, 50]
[2023-12-05 21:49:47.078] [cout] [info]   /jointset/ground_pelvis/pelvis_list/speed. bounds: [-50, 50]
[2023-12-05 21:49:47.078] [cout] [info]   /jointset/radioulnar_r/pro_sup_r/speed. bounds: [-50, 50]
[2023-12-05 21:49:47.078] [cout] [info]   /jointset/ground_pelvis/pelvis_rotation/speed. bounds: [-50, 50]
[2023-12-05 21:49:47.078] [cout] [info]   /jointset/ground_pelvis/pelvis_tx/speed. bounds: [-50, 50]
[2023-12-05 21:49:47.078] [cout] [info]   /jointset/elbow_r/elbow_flex_r/speed. bounds: [-50, 50]
[2023-12-05 21:49:47.078] [cout] [info]   /jointset/ground_pelvis/pelvis_ty/speed. bounds: [-50, 50]
[2023-12-05 21:49:47.078] [cout] [info]   /jointset/ground_pelvis/pelvis_tz/speed. bounds: [-50, 50]
[2023-12-05 21:49:47.078] [cout] [info]   /jointset/ankle_r/ankle_angle_r/speed. bounds: [-50, 50]
[2023-12-05 21:49:47.078] [cout] [info]   /jointset/hip_r/hip_flexion_r/speed. bounds: [-50, 50]
[2023-12-05 21:49:47.079] [cout] [info]   /jointset/hip_r/hip_rotation_r/speed. bounds: [-50, 50]
[2023-12-05 21:49:47.079] [cout] [info]   /jointset/hip_l/hip_flexion_l/speed. bounds: [-50, 50]
[2023-12-05 21:49:47.079] [cout] [info]   /jointset/subtalar_r/subtalar_angle_r/speed. bounds: [-50, 50]
[2023-12-05 21:49:47.079] [cout] [info]   /jointset/mtp_r/mtp_angle_r/value. bounds: [-1.5708, 1.5708]
[2023-12-05 21:49:47.079] [cout] [info]   /jointset/mtp_r/mtp_angle_r/speed. bounds: [-50, 50]
[2023-12-05 21:49:47.079] [cout] [info]   /jointset/hip_l/hip_adduction_l/speed. bounds: [-50, 50]
[2023-12-05 21:49:47.079] [cout] [info]   /jointset/hip_l/hip_rotation_l/speed. bounds: [-50, 50]
[2023-12-05 21:49:47.079] [cout] [info]   /jointset/knee_l/knee_angle_l/speed. bounds: [-50, 50]
[2023-12-05 21:49:47.079] [cout] [info]   /jointset/ankle_l/ankle_angle_l/speed. bounds: [-50, 50]
[2023-12-05 21:49:47.079] [cout] [info]   /jointset/subtalar_l/subtalar_angle_l/value. bounds: [-1.5708, 1.5708]
[2023-12-05 21:49:47.079] [cout] [info]   /jointset/subtalar_l/subtalar_angle_l/speed. bounds: [-50, 50]
[2023-12-05 21:49:47.079] [cout] [info]   /jointset/mtp_l/mtp_angle_l/value. bounds: [-1.0472, 1.0472]
[2023-12-05 21:49:47.079] [cout] [info]   /jointset/back/lumbar_extension/speed. bounds: [-50, 50]
[2023-12-05 21:49:47.079] [cout] [info]   /jointset/back/lumbar_bending/speed. bounds: [-50, 50]
[2023-12-05 21:49:47.079] [cout] [info]   /jointset/acromial_r/arm_flex_r/speed. bounds: [-50, 50]
[2023-12-05 21:49:47.079] [cout] [info]   /jointset/acromial_r/arm_add_r/speed. bounds: [-50, 50]
[2023-12-05 21:49:47.079] [cout] [info]   /jointset/acromial_r/arm_rot_r/speed. bounds: [-50, 50]
[2023-12-05 21:49:47.079] [cout] [info]   /jointset/radius_hand_r/wrist_flex_r/value. bounds: [-1.22173, 1.22173]
[2023-12-05 21:49:47.079] [cout] [info]   /jointset/radius_hand_r/wrist_flex_r/speed. bounds: [-50, 50]
[2023-12-05 21:49:47.079] [cout] [info]   /jointset/radius_hand_r/wrist_dev_r/value. bounds: [-0.436332, 0.610865]
[2023-12-05 21:49:47.079] [cout] [info]   /jointset/radius_hand_r/wrist_dev_r/speed. bounds: [-50, 50]
[2023-12-05 21:49:47.079] [cout] [info]   /jointset/acromial_l/arm_flex_l/speed. bounds: [-50, 50]
[2023-12-05 21:49:47.079] [cout] [info]   /jointset/acromial_l/arm_add_l/speed. bounds: [-50, 50]
[2023-12-05 21:49:47.079] [cout] [info]   /jointset/acromial_l/arm_rot_l/speed. bounds: [-50, 50]
[2023-12-05 21:49:47.079] [cout] [info]   /jointset/elbow_l/elbow_flex_l/speed. bounds: [-50, 50]
[2023-12-05 21:49:47.079] [cout] [info]   /jointset/radioulnar_l/pro_sup_l/speed. bounds: [-50, 50]
[2023-12-05 21:49:47.079] [cout] [info]   /jointset/radius_hand_l/wrist_flex_l/value. bounds: [-1.22173, 1.22173]
[2023-12-05 21:49:47.079] [cout] [info]   /jointset/radius_hand_l/wrist_dev_l/value. bounds: [-0.436332, 0.610865]
[2023-12-05 21:49:47.079] [cout] [info]   /jointset/radius_hand_l/wrist_dev_l/speed. bounds: [-50, 50]
[2023-12-05 21:49:47.079] [cout] [info] Controls: (total: 29)
[2023-12-05 21:49:47.079] [cout] [info]   /forceset/pelvis_tx_actuator. bounds: [-10000, 10000]
[2023-12-05 21:49:47.079] [cout] [info]   /forceset/pelvis_ty_actuator. bounds: [-10000, 10000]
[2023-12-05 21:49:47.079] [cout] [info]   /forceset/pelvis_tz_actuator. bounds: [-10000, 10000]
[2023-12-05 21:49:47.079] [cout] [info]   /forceset/arm_flex_r_actuator. bounds: [-1, 1]
[2023-12-05 21:49:47.079] [cout] [info]   /forceset/hip_rotation_r_actuator. bounds: [-1, 1]
[2023-12-05 21:49:47.079] [cout] [info]   /forceset/pelvis_tilt_actuator. bounds: [-10000, 10000]
[2023-12-05 21:49:47.079] [cout] [info]   /forceset/pelvis_list_actuator. bounds: [-10000, 10000]
[2023-12-05 21:49:47.079] [cout] [info]   /forceset/pelvis_rotation_actuator. bounds: [-10000, 10000]
[2023-12-05 21:49:47.079] [cout] [info]   /forceset/elbow_flex_l_actuator. bounds: [-1, 1]
[2023-12-05 21:49:47.079] [cout] [info]   /forceset/hip_adduction_l_actuator. bounds: [-1, 1]
[2023-12-05 21:49:47.079] [cout] [info]   /forceset/hip_flexion_r_actuator. bounds: [-1, 1]
[2023-12-05 21:49:47.079] [cout] [info]   /forceset/elbow_flex_r_actuator. bounds: [-1, 1]
[2023-12-05 21:49:47.079] [cout] [info]   /forceset/hip_flexion_l_actuator. bounds: [-1, 1]
[2023-12-05 21:49:47.079] [cout] [info]   /forceset/hip_adduction_r_actuator. bounds: [-1, 1]
[2023-12-05 21:49:47.079] [cout] [info]   /forceset/knee_angle_r_actuator. bounds: [-1, 1]
[2023-12-05 21:49:47.079] [cout] [info]   /forceset/lumbar_rotation_actuator. bounds: [-1, 1]
[2023-12-05 21:49:47.079] [cout] [info]   /forceset/ankle_angle_r_actuator. bounds: [-1, 1]
[2023-12-05 21:49:47.079] [cout] [info]   /forceset/arm_flex_l_actuator. bounds: [-1, 1]
[2023-12-05 21:49:47.079] [cout] [info]   /forceset/hip_rotation_l_actuator. bounds: [-1, 1]
[2023-12-05 21:49:47.079] [cout] [info]   /forceset/knee_angle_l_actuator. bounds: [-1, 1]
[2023-12-05 21:49:47.079] [cout] [info]   /forceset/ankle_angle_l_actuator. bounds: [-1, 1]
[2023-12-05 21:49:47.079] [cout] [info]   /forceset/lumbar_extension_actuator. bounds: [-1, 1]
[2023-12-05 21:49:47.079] [cout] [info]   /forceset/lumbar_bending_actuator. bounds: [-1, 1]
[2023-12-05 21:49:47.079] [cout] [info]   /forceset/arm_add_r_actuator. bounds: [-1, 1]
[2023-12-05 21:49:47.079] [cout] [info]   /forceset/arm_rot_r_actuator. bounds: [-1, 1]
[2023-12-05 21:49:47.079] [cout] [info]   /forceset/pro_sup_r_actuator. bounds: [-1, 1]
[2023-12-05 21:49:47.079] [cout] [info]   /forceset/arm_add_l_actuator. bounds: [-1, 1]
[2023-12-05 21:49:47.079] [cout] [info]   /forceset/arm_rot_l_actuator. bounds: [-1, 1]
[2023-12-05 21:49:47.079] [cout] [info]   /forceset/pro_sup_l_actuator. bounds: [-1, 1]
[2023-12-05 21:49:47.079] [cout] [info] Parameters: none
[2023-12-05 21:49:47.123] [info] ExternalForce::externalforce Data source being set to Run_500 02_newCOP3_v24.mot
[2023-12-05 21:49:47.123] [info] ExternalForce::externalforce_0 Data source being set to Run_500 02_newCOP3_v24.mot
[2023-12-05 21:49:47.168] [info] ExternalForce::externalforce Data source being set to Run_500 02_newCOP3_v24.mot
[2023-12-05 21:49:47.168] [info] ExternalForce::externalforce_0 Data source being set to Run_500 02_newCOP3_v24.mot
[2023-12-05 21:49:47.224] [info] ExternalForce::externalforce Data source being set to Run_500 02_newCOP3_v24.mot
[2023-12-05 21:49:47.224] [info] ExternalForce::externalforce_0 Data source being set to Run_500 02_newCOP3_v24.mot
[2023-12-05 21:49:47.275] [info] ExternalForce::externalforce Data source being set to Run_500 02_newCOP3_v24.mot
[2023-12-05 21:49:47.275] [info] ExternalForce::externalforce_0 Data source being set to Run_500 02_newCOP3_v24.mot
[2023-12-05 21:49:47.331] [info] ExternalForce::externalforce Data source being set to Run_500 02_newCOP3_v24.mot
[2023-12-05 21:49:47.331] [info] ExternalForce::externalforce_0 Data source being set to Run_500 02_newCOP3_v24.mot
[2023-12-05 21:49:47.380] [info] ExternalForce::externalforce Data source being set to Run_500 02_newCOP3_v24.mot
[2023-12-05 21:49:47.380] [info] ExternalForce::externalforce_0 Data source being set to Run_500 02_newCOP3_v24.mot
[2023-12-05 21:49:47.436] [info] ExternalForce::externalforce Data source being set to Run_500 02_newCOP3_v24.mot
[2023-12-05 21:49:47.436] [info] ExternalForce::externalforce_0 Data source being set to Run_500 02_newCOP3_v24.mot
[2023-12-05 21:49:47.483] [info] ExternalForce::externalforce Data source being set to Run_500 02_newCOP3_v24.mot
[2023-12-05 21:49:47.483] [info] ExternalForce::externalforce_0 Data source being set to Run_500 02_newCOP3_v24.mot
[2023-12-05 21:49:47.541] [info] ExternalForce::externalforce Data source being set to Run_500 02_newCOP3_v24.mot
[2023-12-05 21:49:47.541] [info] ExternalForce::externalforce_0 Data source being set to Run_500 02_newCOP3_v24.mot
[2023-12-05 21:49:47.589] [info] ExternalForce::externalforce Data source being set to Run_500 02_newCOP3_v24.mot
[2023-12-05 21:49:47.589] [info] ExternalForce::externalforce_0 Data source being set to Run_500 02_newCOP3_v24.mot
[2023-12-05 21:49:47.646] [info] ExternalForce::externalforce Data source being set to Run_500 02_newCOP3_v24.mot
[2023-12-05 21:49:47.646] [info] ExternalForce::externalforce_0 Data source being set to Run_500 02_newCOP3_v24.mot
[2023-12-05 21:49:47.694] [info] ExternalForce::externalforce Data source being set to Run_500 02_newCOP3_v24.mot
[2023-12-05 21:49:47.694] [info] ExternalForce::externalforce_0 Data source being set to Run_500 02_newCOP3_v24.mot
[2023-12-05 21:49:47.750] [info] ExternalForce::externalforce Data source being set to Run_500 02_newCOP3_v24.mot
[2023-12-05 21:49:47.750] [info] ExternalForce::externalforce_0 Data source being set to Run_500 02_newCOP3_v24.mot
[2023-12-05 21:49:47.800] [info] ExternalForce::externalforce Data source being set to Run_500 02_newCOP3_v24.mot
[2023-12-05 21:49:47.800] [info] ExternalForce::externalforce_0 Data source being set to Run_500 02_newCOP3_v24.mot
[2023-12-05 21:49:47.857] [info] ExternalForce::externalforce Data source being set to Run_500 02_newCOP3_v24.mot
[2023-12-05 21:49:47.857] [info] ExternalForce::externalforce_0 Data source being set to Run_500 02_newCOP3_v24.mot
[2023-12-05 21:49:47.905] [info] ExternalForce::externalforce Data source being set to Run_500 02_newCOP3_v24.mot
[2023-12-05 21:49:47.905] [info] ExternalForce::externalforce_0 Data source being set to Run_500 02_newCOP3_v24.mot
[2023-12-05 21:49:47.923] [info] Number of threads: 8
[2023-12-05 22:13:48.829] [info] Set log level to Info.
[2023-12-05 22:13:48.854] [info] ------------------------------------------------------------------------
[2023-12-05 22:13:48.854] [info] Elapsed real time: 1442 second(s) (24 minute(s), 2 second(s)).
[2023-12-05 22:13:48.854] [info] Tue Dec  5 22:13:48 2023
[2023-12-05 22:13:48.854] [info] MocoCasADiSolver succeeded!
[2023-12-05 22:13:48.854] [info] ========================================================================
