[2023-03-11 01:50:28.308] [info] Old version storage/motion file encountered
[2023-03-11 01:50:28.308] [info] Storage: read data file = ..\..\ik\Run_5.mot (nr=565 nc=164)
[2023-03-11 01:50:28.308] [info] .. assuming rotations in Degrees..
[2023-03-11 01:50:28.377] [info] Old version storage/motion file encountered
[2023-03-11 01:50:28.377] [info] Storage: read data file = ..\..\ik\Run_5.mot (nr=565 nc=164)
[2023-03-11 01:50:28.377] [info] .. assuming rotations in Degrees..
[2023-03-11 01:50:29.896] [info] Loaded model subject17_scaled from file ..\..\model\subject17_adjusted_scaled.osim
[2023-03-11 01:50:30.109] [info] Loaded model subject17_scaled from file ..\..\model\subject17_adjusted_scaled.osim
[2023-03-11 01:50:30.173] [warning] ExternalLoads 'externalloads' has subcomponents with duplicate name 'externalforce'. The duplicate is being renamed to 'externalforce_0'.
[2023-03-11 01:50:30.253] [info] ExternalForce::externalforce Data source being set to Run_500 01_newCOP3_v24.mot
[2023-03-11 01:50:30.253] [info] ExternalForce::externalforce_0 Data source being set to Run_500 01_newCOP3_v24.mot
[2023-03-11 01:50:30.342] [info] ExternalForce::externalforce Data source being set to Run_500 01_newCOP3_v24.mot
[2023-03-11 01:50:30.342] [info] ExternalForce::externalforce_0 Data source being set to Run_500 01_newCOP3_v24.mot
[2023-03-11 01:50:30.440] [info] ExternalForce::externalforce Data source being set to Run_500 01_newCOP3_v24.mot
[2023-03-11 01:50:30.441] [info] ExternalForce::externalforce_0 Data source being set to Run_500 01_newCOP3_v24.mot
[2023-03-11 01:50:30.549] [info] ExternalForce::externalforce Data source being set to Run_500 01_newCOP3_v24.mot
[2023-03-11 01:50:30.549] [info] ExternalForce::externalforce_0 Data source being set to Run_500 01_newCOP3_v24.mot
[2023-12-06 04:17:34.037] [info] Old version storage/motion file encountered
[2023-12-06 04:17:34.037] [info] Storage: read data file = ..\..\ik\Run_5.mot (nr=565 nc=164)
[2023-12-06 04:17:34.037] [info] .. assuming rotations in Degrees..
[2023-12-06 04:17:34.108] [info] Old version storage/motion file encountered
[2023-12-06 04:17:34.108] [info] Storage: read data file = ..\..\ik\Run_5.mot (nr=565 nc=164)
[2023-12-06 04:17:34.108] [info] .. assuming rotations in Degrees..
[2023-12-06 04:17:35.704] [info] Loaded model subject17_scaled from file ..\..\model\subject17_adjusted_scaled.osim
[2023-12-06 04:17:37.010] [info] Loaded model subject17_scaled from file ..\..\model\subject17_adjusted_scaled.osim
[2023-12-06 04:17:37.058] [warning] ExternalLoads 'externalloads' has subcomponents with duplicate name 'externalforce'. The duplicate is being renamed to 'externalforce_0'.
[2023-12-06 04:17:37.111] [info] ExternalForce::externalforce Data source being set to Run_500 01_newCOP3_v24.mot
[2023-12-06 04:17:37.111] [info] ExternalForce::externalforce_0 Data source being set to Run_500 01_newCOP3_v24.mot
[2023-12-06 04:17:37.173] [info] ExternalForce::externalforce Data source being set to Run_500 01_newCOP3_v24.mot
[2023-12-06 04:17:37.173] [info] ExternalForce::externalforce_0 Data source being set to Run_500 01_newCOP3_v24.mot
[2023-12-06 04:17:37.208] [info] ExternalForce::externalforce Data source being set to Run_500 01_newCOP3_v24.mot
[2023-12-06 04:17:37.208] [info] ExternalForce::externalforce_0 Data source being set to Run_500 01_newCOP3_v24.mot
[2023-12-06 04:17:37.260] [info] ExternalForce::externalforce Data source being set to Run_500 01_newCOP3_v24.mot
[2023-12-06 04:17:37.260] [info] ExternalForce::externalforce_0 Data source being set to Run_500 01_newCOP3_v24.mot
