[2024-02-27 12:53:03.296] [info] Loaded model subject01_scaled from file C:\+GitRepos+\zmp-opensim\pilot\cppImplementationZMP\osimModel.osim
[2024-02-27 12:53:03.297] [warning] Couldn't find file 'sacrum.vtp'.
[2024-02-27 12:53:03.297] [warning] Couldn't find file 'pelvis.vtp'.
[2024-02-27 12:53:03.297] [warning] Couldn't find file 'l_pelvis.vtp'.
[2024-02-27 12:53:03.298] [warning] Couldn't find file 'femur_r.vtp'.
[2024-02-27 12:53:03.298] [warning] Couldn't find file 'tibia_r.vtp'.
[2024-02-27 12:53:03.298] [warning] Couldn't find file 'fibula_r.vtp'.
[2024-02-27 12:53:03.298] [warning] Couldn't find file 'talus_rv.vtp'.
[2024-02-27 12:53:03.298] [warning] Couldn't find file 'foot.vtp'.
[2024-02-27 12:53:03.298] [warning] Couldn't find file 'bofoot.vtp'.
[2024-02-27 12:53:03.300] [warning] Couldn't find file 'femur_l.vtp'.
[2024-02-27 12:53:03.300] [warning] Couldn't find file 'tibia_l.vtp'.
[2024-02-27 12:53:03.300] [warning] Couldn't find file 'fibula_l.vtp'.
[2024-02-27 12:53:03.301] [warning] Couldn't find file 'talus_lv.vtp'.
[2024-02-27 12:53:03.301] [warning] Couldn't find file 'l_foot.vtp'.
[2024-02-27 12:53:03.301] [warning] Couldn't find file 'l_bofoot.vtp'.
[2024-02-27 12:53:03.301] [warning] Couldn't find file 'hat_spine.vtp'.
[2024-02-27 12:53:03.301] [warning] Couldn't find file 'hat_jaw.vtp'.
[2024-02-27 12:53:03.302] [warning] Couldn't find file 'hat_skull.vtp'.
[2024-02-27 12:53:03.302] [warning] Couldn't find file 'hat_ribs_scap.vtp'.
[2024-02-27 12:53:03.302] [warning] Couldn't find file 'humerus_rv.vtp'.
[2024-02-27 12:53:03.302] [warning] Couldn't find file 'ulna_rv.vtp'.
[2024-02-27 12:53:03.302] [warning] Couldn't find file 'radius_rv.vtp'.
[2024-02-27 12:53:03.302] [warning] Couldn't find file 'pisiform_rvs.vtp'.
[2024-02-27 12:53:03.303] [warning] Couldn't find file 'lunate_rvs.vtp'.
[2024-02-27 12:53:03.303] [warning] Couldn't find file 'scaphoid_rvs.vtp'.
[2024-02-27 12:53:03.303] [warning] Couldn't find file 'triquetrum_rvs.vtp'.
[2024-02-27 12:53:03.303] [warning] Couldn't find file 'hamate_rvs.vtp'.
[2024-02-27 12:53:03.303] [warning] Couldn't find file 'capitate_rvs.vtp'.
[2024-02-27 12:53:03.304] [warning] Couldn't find file 'trapezoid_rvs.vtp'.
[2024-02-27 12:53:03.304] [warning] Couldn't find file 'trapezium_rvs.vtp'.
[2024-02-27 12:53:03.304] [warning] Couldn't find file 'metacarpal2_rvs.vtp'.
[2024-02-27 12:53:03.305] [warning] Couldn't find file 'index_proximal_rvs.vtp'.
[2024-02-27 12:53:03.305] [warning] Couldn't find file 'index_medial_rvs.vtp'.
[2024-02-27 12:53:03.305] [warning] Couldn't find file 'index_distal_rvs.vtp'.
[2024-02-27 12:53:03.305] [warning] Couldn't find file 'metacarpal3_rvs.vtp'.
[2024-02-27 12:53:03.306] [warning] Couldn't find file 'middle_proximal_rvs.vtp'.
[2024-02-27 12:53:03.306] [warning] Couldn't find file 'middle_medial_rvs.vtp'.
[2024-02-27 12:53:03.306] [warning] Couldn't find file 'middle_distal_rvs.vtp'.
[2024-02-27 12:53:03.306] [warning] Couldn't find file 'metacarpal4_rvs.vtp'.
[2024-02-27 12:53:03.306] [warning] Couldn't find file 'ring_proximal_rvs.vtp'.
[2024-02-27 12:53:03.306] [warning] Couldn't find file 'ring_medial_rvs.vtp'.
[2024-02-27 12:53:03.307] [warning] Couldn't find file 'ring_distal_rvs.vtp'.
[2024-02-27 12:53:03.307] [warning] Couldn't find file 'metacarpal5_rvs.vtp'.
[2024-02-27 12:53:03.309] [warning] Couldn't find file 'little_proximal_rvs.vtp'.
[2024-02-27 12:53:03.309] [warning] Couldn't find file 'little_medial_rvs.vtp'.
[2024-02-27 12:53:03.309] [warning] Couldn't find file 'little_distal_rvs.vtp'.
[2024-02-27 12:53:03.309] [warning] Couldn't find file 'metacarpal1_rvs.vtp'.
[2024-02-27 12:53:03.309] [warning] Couldn't find file 'thumb_proximal_rvs.vtp'.
[2024-02-27 12:53:03.309] [warning] Couldn't find file 'thumb_distal_rvs.vtp'.
[2024-02-27 12:53:03.310] [warning] Couldn't find file 'humerus_lv.vtp'.
[2024-02-27 12:53:03.310] [warning] Couldn't find file 'ulna_lv.vtp'.
[2024-02-27 12:53:03.310] [warning] Couldn't find file 'radius_lv.vtp'.
[2024-02-27 12:53:03.310] [warning] Couldn't find file 'pisiform_lvs.vtp'.
[2024-02-27 12:53:03.310] [warning] Couldn't find file 'lunate_lvs.vtp'.
[2024-02-27 12:53:03.310] [warning] Couldn't find file 'scaphoid_lvs.vtp'.
[2024-02-27 12:53:03.310] [warning] Couldn't find file 'triquetrum_lvs.vtp'.
[2024-02-27 12:53:03.311] [warning] Couldn't find file 'hamate_lvs.vtp'.
[2024-02-27 12:53:03.311] [warning] Couldn't find file 'capitate_lvs.vtp'.
[2024-02-27 12:53:03.311] [warning] Couldn't find file 'trapezoid_lvs.vtp'.
[2024-02-27 12:53:03.311] [warning] Couldn't find file 'trapezium_lvs.vtp'.
[2024-02-27 12:53:03.311] [warning] Couldn't find file 'metacarpal2_lvs.vtp'.
[2024-02-27 12:53:03.311] [warning] Couldn't find file 'index_proximal_lvs.vtp'.
[2024-02-27 12:53:03.311] [warning] Couldn't find file 'index_medial_lvs.vtp'.
[2024-02-27 12:53:03.312] [warning] Couldn't find file 'index_distal_lvs.vtp'.
[2024-02-27 12:53:03.312] [warning] Couldn't find file 'metacarpal3_lvs.vtp'.
[2024-02-27 12:53:03.312] [warning] Couldn't find file 'middle_proximal_lvs.vtp'.
[2024-02-27 12:53:03.312] [warning] Couldn't find file 'middle_medial_lvs.vtp'.
[2024-02-27 12:53:03.312] [warning] Couldn't find file 'middle_distal_lvs.vtp'.
[2024-02-27 12:53:03.312] [warning] Couldn't find file 'metacarpal4_lvs.vtp'.
[2024-02-27 12:53:03.313] [warning] Couldn't find file 'ring_proximal_lvs.vtp'.
[2024-02-27 12:53:03.313] [warning] Couldn't find file 'ring_medial_lvs.vtp'.
[2024-02-27 12:53:03.313] [warning] Couldn't find file 'ring_distal_lvs.vtp'.
[2024-02-27 12:53:03.313] [warning] Couldn't find file 'metacarpal5_lvs.vtp'.
[2024-02-27 12:53:03.313] [warning] Couldn't find file 'little_proximal_lvs.vtp'.
[2024-02-27 12:53:03.313] [warning] Couldn't find file 'little_medial_lvs.vtp'.
[2024-02-27 12:53:03.313] [warning] Couldn't find file 'little_distal_lvs.vtp'.
[2024-02-27 12:53:03.314] [warning] Couldn't find file 'metacarpal1_lvs.vtp'.
[2024-02-27 12:53:03.314] [warning] Couldn't find file 'thumb_proximal_lvs.vtp'.
[2024-02-27 12:53:03.314] [warning] Couldn't find file 'thumb_distal_lvs.vtp'.
